[2025-01-20T19:26:40.409+0000] {processor.py:186} INFO - Started process (PID=1910) to work on /opt/airflow/dags/get_tweets.py
[2025-01-20T19:26:40.409+0000] {processor.py:914} INFO - Processing file /opt/airflow/dags/get_tweets.py for tasks to queue
[2025-01-20T19:26:40.411+0000] {logging_mixin.py:190} INFO - [2025-01-20T19:26:40.411+0000] {dagbag.py:588} INFO - Filling up the DagBag from /opt/airflow/dags/get_tweets.py
[2025-01-20T19:26:40.419+0000] {processor.py:925} INFO - DAG(s) 'Get-Tweets' retrieved from /opt/airflow/dags/get_tweets.py
[2025-01-20T19:26:40.499+0000] {logging_mixin.py:190} INFO - [2025-01-20T19:26:40.499+0000] {override.py:1911} INFO - Created Permission View: can edit on DAG:Get-Tweets
[2025-01-20T19:26:40.506+0000] {logging_mixin.py:190} INFO - [2025-01-20T19:26:40.506+0000] {override.py:1911} INFO - Created Permission View: can delete on DAG:Get-Tweets
[2025-01-20T19:26:40.510+0000] {logging_mixin.py:190} INFO - [2025-01-20T19:26:40.510+0000] {override.py:1911} INFO - Created Permission View: can read on DAG:Get-Tweets
[2025-01-20T19:26:40.514+0000] {logging_mixin.py:190} INFO - [2025-01-20T19:26:40.514+0000] {override.py:1911} INFO - Created Permission View: can create on DAG Run:Get-Tweets
[2025-01-20T19:26:40.518+0000] {logging_mixin.py:190} INFO - [2025-01-20T19:26:40.518+0000] {override.py:1911} INFO - Created Permission View: can delete on DAG Run:Get-Tweets
[2025-01-20T19:26:40.523+0000] {logging_mixin.py:190} INFO - [2025-01-20T19:26:40.522+0000] {override.py:1911} INFO - Created Permission View: menu access on DAG Run:Get-Tweets
[2025-01-20T19:26:40.527+0000] {logging_mixin.py:190} INFO - [2025-01-20T19:26:40.527+0000] {override.py:1911} INFO - Created Permission View: can read on DAG Run:Get-Tweets
[2025-01-20T19:26:40.527+0000] {logging_mixin.py:190} INFO - [2025-01-20T19:26:40.527+0000] {dag.py:3239} INFO - Sync 1 DAGs
[2025-01-20T19:26:40.536+0000] {logging_mixin.py:190} INFO - [2025-01-20T19:26:40.536+0000] {dag.py:3262} INFO - Creating ORM DAG for Get-Tweets
[2025-01-20T19:26:40.544+0000] {logging_mixin.py:190} INFO - [2025-01-20T19:26:40.544+0000] {dag.py:4180} INFO - Setting next_dagrun for Get-Tweets to 2025-01-20 19:25:00+00:00, run_after=2025-01-20 19:26:00+00:00
[2025-01-20T19:26:40.555+0000] {processor.py:208} INFO - Processing /opt/airflow/dags/get_tweets.py took 0.150 seconds
[2025-01-20T19:27:10.671+0000] {processor.py:186} INFO - Started process (PID=1974) to work on /opt/airflow/dags/get_tweets.py
[2025-01-20T19:27:10.672+0000] {processor.py:914} INFO - Processing file /opt/airflow/dags/get_tweets.py for tasks to queue
[2025-01-20T19:27:10.674+0000] {logging_mixin.py:190} INFO - [2025-01-20T19:27:10.674+0000] {dagbag.py:588} INFO - Filling up the DagBag from /opt/airflow/dags/get_tweets.py
[2025-01-20T19:27:10.684+0000] {processor.py:925} INFO - DAG(s) 'Get-Tweets' retrieved from /opt/airflow/dags/get_tweets.py
[2025-01-20T19:27:10.699+0000] {logging_mixin.py:190} INFO - [2025-01-20T19:27:10.698+0000] {dag.py:3239} INFO - Sync 1 DAGs
[2025-01-20T19:27:10.717+0000] {logging_mixin.py:190} INFO - [2025-01-20T19:27:10.717+0000] {dag.py:4180} INFO - Setting next_dagrun for Get-Tweets to 2025-01-20 19:26:00+00:00, run_after=2025-01-20 19:27:00+00:00
[2025-01-20T19:27:10.729+0000] {processor.py:208} INFO - Processing /opt/airflow/dags/get_tweets.py took 0.065 seconds
[2025-01-20T19:27:41.424+0000] {processor.py:186} INFO - Started process (PID=2039) to work on /opt/airflow/dags/get_tweets.py
[2025-01-20T19:27:41.425+0000] {processor.py:914} INFO - Processing file /opt/airflow/dags/get_tweets.py for tasks to queue
[2025-01-20T19:27:41.426+0000] {logging_mixin.py:190} INFO - [2025-01-20T19:27:41.426+0000] {dagbag.py:588} INFO - Filling up the DagBag from /opt/airflow/dags/get_tweets.py
[2025-01-20T19:27:41.434+0000] {processor.py:925} INFO - DAG(s) 'Get-Tweets' retrieved from /opt/airflow/dags/get_tweets.py
[2025-01-20T19:27:41.448+0000] {logging_mixin.py:190} INFO - [2025-01-20T19:27:41.447+0000] {dag.py:3239} INFO - Sync 1 DAGs
[2025-01-20T19:27:41.465+0000] {logging_mixin.py:190} INFO - [2025-01-20T19:27:41.465+0000] {dag.py:4180} INFO - Setting next_dagrun for Get-Tweets to 2025-01-20 19:26:00+00:00, run_after=2025-01-20 19:27:00+00:00
[2025-01-20T19:27:41.477+0000] {processor.py:208} INFO - Processing /opt/airflow/dags/get_tweets.py took 0.057 seconds
[2025-01-20T19:28:11.970+0000] {processor.py:186} INFO - Started process (PID=2104) to work on /opt/airflow/dags/get_tweets.py
[2025-01-20T19:28:11.971+0000] {processor.py:914} INFO - Processing file /opt/airflow/dags/get_tweets.py for tasks to queue
[2025-01-20T19:28:11.972+0000] {logging_mixin.py:190} INFO - [2025-01-20T19:28:11.972+0000] {dagbag.py:588} INFO - Filling up the DagBag from /opt/airflow/dags/get_tweets.py
[2025-01-20T19:28:11.979+0000] {processor.py:925} INFO - DAG(s) 'Get-Tweets' retrieved from /opt/airflow/dags/get_tweets.py
[2025-01-20T19:28:11.993+0000] {logging_mixin.py:190} INFO - [2025-01-20T19:28:11.993+0000] {dag.py:3239} INFO - Sync 1 DAGs
[2025-01-20T19:28:12.012+0000] {logging_mixin.py:190} INFO - [2025-01-20T19:28:12.012+0000] {dag.py:4180} INFO - Setting next_dagrun for Get-Tweets to 2025-01-20 19:27:00+00:00, run_after=2025-01-20 19:28:00+00:00
[2025-01-20T19:28:12.023+0000] {processor.py:208} INFO - Processing /opt/airflow/dags/get_tweets.py took 0.057 seconds
[2025-01-20T19:28:42.078+0000] {processor.py:186} INFO - Started process (PID=2168) to work on /opt/airflow/dags/get_tweets.py
[2025-01-20T19:28:42.078+0000] {processor.py:914} INFO - Processing file /opt/airflow/dags/get_tweets.py for tasks to queue
[2025-01-20T19:28:42.080+0000] {logging_mixin.py:190} INFO - [2025-01-20T19:28:42.080+0000] {dagbag.py:588} INFO - Filling up the DagBag from /opt/airflow/dags/get_tweets.py
[2025-01-20T19:28:42.087+0000] {processor.py:925} INFO - DAG(s) 'Get-Tweets' retrieved from /opt/airflow/dags/get_tweets.py
[2025-01-20T19:28:42.100+0000] {logging_mixin.py:190} INFO - [2025-01-20T19:28:42.100+0000] {dag.py:3239} INFO - Sync 1 DAGs
[2025-01-20T19:28:42.118+0000] {logging_mixin.py:190} INFO - [2025-01-20T19:28:42.118+0000] {dag.py:4180} INFO - Setting next_dagrun for Get-Tweets to 2025-01-20 19:27:00+00:00, run_after=2025-01-20 19:28:00+00:00
[2025-01-20T19:28:42.130+0000] {processor.py:208} INFO - Processing /opt/airflow/dags/get_tweets.py took 0.057 seconds
[2025-01-20T19:29:12.216+0000] {processor.py:186} INFO - Started process (PID=2232) to work on /opt/airflow/dags/get_tweets.py
[2025-01-20T19:29:12.217+0000] {processor.py:914} INFO - Processing file /opt/airflow/dags/get_tweets.py for tasks to queue
[2025-01-20T19:29:12.218+0000] {logging_mixin.py:190} INFO - [2025-01-20T19:29:12.218+0000] {dagbag.py:588} INFO - Filling up the DagBag from /opt/airflow/dags/get_tweets.py
[2025-01-20T19:29:12.225+0000] {processor.py:925} INFO - DAG(s) 'Get-Tweets' retrieved from /opt/airflow/dags/get_tweets.py
[2025-01-20T19:29:12.239+0000] {logging_mixin.py:190} INFO - [2025-01-20T19:29:12.239+0000] {dag.py:3239} INFO - Sync 1 DAGs
[2025-01-20T19:29:12.256+0000] {logging_mixin.py:190} INFO - [2025-01-20T19:29:12.256+0000] {dag.py:4180} INFO - Setting next_dagrun for Get-Tweets to 2025-01-20 19:28:00+00:00, run_after=2025-01-20 19:29:00+00:00
[2025-01-20T19:29:12.269+0000] {processor.py:208} INFO - Processing /opt/airflow/dags/get_tweets.py took 0.057 seconds
[2025-01-20T19:29:42.627+0000] {processor.py:186} INFO - Started process (PID=2296) to work on /opt/airflow/dags/get_tweets.py
[2025-01-20T19:29:42.627+0000] {processor.py:914} INFO - Processing file /opt/airflow/dags/get_tweets.py for tasks to queue
[2025-01-20T19:29:42.629+0000] {logging_mixin.py:190} INFO - [2025-01-20T19:29:42.628+0000] {dagbag.py:588} INFO - Filling up the DagBag from /opt/airflow/dags/get_tweets.py
[2025-01-20T19:29:42.636+0000] {processor.py:925} INFO - DAG(s) 'Get-Tweets' retrieved from /opt/airflow/dags/get_tweets.py
[2025-01-20T19:29:42.649+0000] {logging_mixin.py:190} INFO - [2025-01-20T19:29:42.649+0000] {dag.py:3239} INFO - Sync 1 DAGs
[2025-01-20T19:29:42.667+0000] {logging_mixin.py:190} INFO - [2025-01-20T19:29:42.667+0000] {dag.py:4180} INFO - Setting next_dagrun for Get-Tweets to 2025-01-20 19:28:00+00:00, run_after=2025-01-20 19:29:00+00:00
[2025-01-20T19:29:42.678+0000] {processor.py:208} INFO - Processing /opt/airflow/dags/get_tweets.py took 0.056 seconds
[2025-01-20T19:30:12.721+0000] {processor.py:186} INFO - Started process (PID=2360) to work on /opt/airflow/dags/get_tweets.py
[2025-01-20T19:30:12.721+0000] {processor.py:914} INFO - Processing file /opt/airflow/dags/get_tweets.py for tasks to queue
[2025-01-20T19:30:12.723+0000] {logging_mixin.py:190} INFO - [2025-01-20T19:30:12.723+0000] {dagbag.py:588} INFO - Filling up the DagBag from /opt/airflow/dags/get_tweets.py
[2025-01-20T19:30:12.730+0000] {processor.py:925} INFO - DAG(s) 'Get-Tweets' retrieved from /opt/airflow/dags/get_tweets.py
[2025-01-20T19:30:12.743+0000] {logging_mixin.py:190} INFO - [2025-01-20T19:30:12.743+0000] {dag.py:3239} INFO - Sync 1 DAGs
[2025-01-20T19:30:12.760+0000] {logging_mixin.py:190} INFO - [2025-01-20T19:30:12.760+0000] {dag.py:4180} INFO - Setting next_dagrun for Get-Tweets to 2025-01-20 19:29:00+00:00, run_after=2025-01-20 19:30:00+00:00
[2025-01-20T19:30:12.772+0000] {processor.py:208} INFO - Processing /opt/airflow/dags/get_tweets.py took 0.056 seconds
[2025-01-20T19:31:37.630+0000] {processor.py:186} INFO - Started process (PID=60) to work on /opt/airflow/dags/get_tweets.py
[2025-01-20T19:31:37.631+0000] {processor.py:914} INFO - Processing file /opt/airflow/dags/get_tweets.py for tasks to queue
[2025-01-20T19:31:37.634+0000] {logging_mixin.py:190} INFO - [2025-01-20T19:31:37.634+0000] {dagbag.py:588} INFO - Filling up the DagBag from /opt/airflow/dags/get_tweets.py
[2025-01-20T19:31:37.710+0000] {processor.py:925} INFO - DAG(s) 'Get-Tweets' retrieved from /opt/airflow/dags/get_tweets.py
[2025-01-20T19:31:37.779+0000] {logging_mixin.py:190} INFO - [2025-01-20T19:31:37.779+0000] {dag.py:3239} INFO - Sync 1 DAGs
[2025-01-20T19:31:37.816+0000] {logging_mixin.py:190} INFO - [2025-01-20T19:31:37.816+0000] {dag.py:4180} INFO - Setting next_dagrun for Get-Tweets to 2025-01-20 19:30:00+00:00, run_after=2025-01-20 19:31:00+00:00
[2025-01-20T19:31:37.834+0000] {processor.py:208} INFO - Processing /opt/airflow/dags/get_tweets.py took 0.215 seconds
[2025-01-20T19:32:07.982+0000] {processor.py:186} INFO - Started process (PID=67) to work on /opt/airflow/dags/get_tweets.py
[2025-01-20T19:32:07.983+0000] {processor.py:914} INFO - Processing file /opt/airflow/dags/get_tweets.py for tasks to queue
[2025-01-20T19:32:07.985+0000] {logging_mixin.py:190} INFO - [2025-01-20T19:32:07.985+0000] {dagbag.py:588} INFO - Filling up the DagBag from /opt/airflow/dags/get_tweets.py
[2025-01-20T19:32:07.995+0000] {processor.py:925} INFO - DAG(s) 'Get-Tweets' retrieved from /opt/airflow/dags/get_tweets.py
[2025-01-20T19:32:08.016+0000] {logging_mixin.py:190} INFO - [2025-01-20T19:32:08.016+0000] {dag.py:3239} INFO - Sync 1 DAGs
[2025-01-20T19:32:08.036+0000] {logging_mixin.py:190} INFO - [2025-01-20T19:32:08.035+0000] {dag.py:4180} INFO - Setting next_dagrun for Get-Tweets to 2025-01-20 19:31:00+00:00, run_after=2025-01-20 19:32:00+00:00
[2025-01-20T19:32:08.047+0000] {processor.py:208} INFO - Processing /opt/airflow/dags/get_tweets.py took 0.069 seconds
[2025-01-20T19:32:38.115+0000] {processor.py:186} INFO - Started process (PID=74) to work on /opt/airflow/dags/get_tweets.py
[2025-01-20T19:32:38.115+0000] {processor.py:914} INFO - Processing file /opt/airflow/dags/get_tweets.py for tasks to queue
[2025-01-20T19:32:38.117+0000] {logging_mixin.py:190} INFO - [2025-01-20T19:32:38.117+0000] {dagbag.py:588} INFO - Filling up the DagBag from /opt/airflow/dags/get_tweets.py
[2025-01-20T19:32:38.128+0000] {processor.py:925} INFO - DAG(s) 'Get-Tweets' retrieved from /opt/airflow/dags/get_tweets.py
[2025-01-20T19:32:38.154+0000] {logging_mixin.py:190} INFO - [2025-01-20T19:32:38.154+0000] {dag.py:3239} INFO - Sync 1 DAGs
[2025-01-20T19:32:38.179+0000] {logging_mixin.py:190} INFO - [2025-01-20T19:32:38.179+0000] {dag.py:4180} INFO - Setting next_dagrun for Get-Tweets to 2025-01-20 19:31:00+00:00, run_after=2025-01-20 19:32:00+00:00
[2025-01-20T19:32:38.194+0000] {processor.py:208} INFO - Processing /opt/airflow/dags/get_tweets.py took 0.084 seconds
[2025-01-20T19:33:08.291+0000] {processor.py:186} INFO - Started process (PID=81) to work on /opt/airflow/dags/get_tweets.py
[2025-01-20T19:33:08.291+0000] {processor.py:914} INFO - Processing file /opt/airflow/dags/get_tweets.py for tasks to queue
[2025-01-20T19:33:08.293+0000] {logging_mixin.py:190} INFO - [2025-01-20T19:33:08.293+0000] {dagbag.py:588} INFO - Filling up the DagBag from /opt/airflow/dags/get_tweets.py
[2025-01-20T19:33:08.303+0000] {processor.py:925} INFO - DAG(s) 'Get-Tweets' retrieved from /opt/airflow/dags/get_tweets.py
[2025-01-20T19:33:08.321+0000] {logging_mixin.py:190} INFO - [2025-01-20T19:33:08.321+0000] {dag.py:3239} INFO - Sync 1 DAGs
[2025-01-20T19:33:08.340+0000] {logging_mixin.py:190} INFO - [2025-01-20T19:33:08.340+0000] {dag.py:4180} INFO - Setting next_dagrun for Get-Tweets to 2025-01-20 19:32:00+00:00, run_after=2025-01-20 19:33:00+00:00
[2025-01-20T19:33:08.352+0000] {processor.py:208} INFO - Processing /opt/airflow/dags/get_tweets.py took 0.066 seconds
[2025-01-20T19:33:38.432+0000] {processor.py:186} INFO - Started process (PID=88) to work on /opt/airflow/dags/get_tweets.py
[2025-01-20T19:33:38.432+0000] {processor.py:914} INFO - Processing file /opt/airflow/dags/get_tweets.py for tasks to queue
[2025-01-20T19:33:38.434+0000] {logging_mixin.py:190} INFO - [2025-01-20T19:33:38.434+0000] {dagbag.py:588} INFO - Filling up the DagBag from /opt/airflow/dags/get_tweets.py
[2025-01-20T19:33:38.444+0000] {processor.py:925} INFO - DAG(s) 'Get-Tweets' retrieved from /opt/airflow/dags/get_tweets.py
[2025-01-20T19:33:38.465+0000] {logging_mixin.py:190} INFO - [2025-01-20T19:33:38.465+0000] {dag.py:3239} INFO - Sync 1 DAGs
[2025-01-20T19:33:38.484+0000] {logging_mixin.py:190} INFO - [2025-01-20T19:33:38.484+0000] {dag.py:4180} INFO - Setting next_dagrun for Get-Tweets to 2025-01-20 19:32:00+00:00, run_after=2025-01-20 19:33:00+00:00
[2025-01-20T19:33:38.497+0000] {processor.py:208} INFO - Processing /opt/airflow/dags/get_tweets.py took 0.070 seconds
[2025-01-20T19:34:08.595+0000] {processor.py:186} INFO - Started process (PID=96) to work on /opt/airflow/dags/get_tweets.py
[2025-01-20T19:34:08.596+0000] {processor.py:914} INFO - Processing file /opt/airflow/dags/get_tweets.py for tasks to queue
[2025-01-20T19:34:08.598+0000] {logging_mixin.py:190} INFO - [2025-01-20T19:34:08.598+0000] {dagbag.py:588} INFO - Filling up the DagBag from /opt/airflow/dags/get_tweets.py
[2025-01-20T19:34:08.609+0000] {processor.py:925} INFO - DAG(s) 'Get-Tweets' retrieved from /opt/airflow/dags/get_tweets.py
[2025-01-20T19:34:08.627+0000] {logging_mixin.py:190} INFO - [2025-01-20T19:34:08.627+0000] {dag.py:3239} INFO - Sync 1 DAGs
[2025-01-20T19:34:08.647+0000] {logging_mixin.py:190} INFO - [2025-01-20T19:34:08.646+0000] {dag.py:4180} INFO - Setting next_dagrun for Get-Tweets to 2025-01-20 19:33:00+00:00, run_after=2025-01-20 19:34:00+00:00
[2025-01-20T19:34:08.658+0000] {processor.py:208} INFO - Processing /opt/airflow/dags/get_tweets.py took 0.068 seconds
[2025-01-20T19:34:38.739+0000] {processor.py:186} INFO - Started process (PID=103) to work on /opt/airflow/dags/get_tweets.py
[2025-01-20T19:34:38.740+0000] {processor.py:914} INFO - Processing file /opt/airflow/dags/get_tweets.py for tasks to queue
[2025-01-20T19:34:38.742+0000] {logging_mixin.py:190} INFO - [2025-01-20T19:34:38.742+0000] {dagbag.py:588} INFO - Filling up the DagBag from /opt/airflow/dags/get_tweets.py
[2025-01-20T19:34:38.752+0000] {processor.py:925} INFO - DAG(s) 'Get-Tweets' retrieved from /opt/airflow/dags/get_tweets.py
[2025-01-20T19:34:38.771+0000] {logging_mixin.py:190} INFO - [2025-01-20T19:34:38.771+0000] {dag.py:3239} INFO - Sync 1 DAGs
[2025-01-20T19:34:38.790+0000] {logging_mixin.py:190} INFO - [2025-01-20T19:34:38.790+0000] {dag.py:4180} INFO - Setting next_dagrun for Get-Tweets to 2025-01-20 19:33:00+00:00, run_after=2025-01-20 19:34:00+00:00
[2025-01-20T19:34:38.801+0000] {processor.py:208} INFO - Processing /opt/airflow/dags/get_tweets.py took 0.066 seconds
