[2025-01-20T19:11:47.289+0000] {processor.py:186} INFO - Started process (PID=96) to work on /home/airflow/.local/lib/python3.12/site-packages/airflow/example_dags/example_external_task_marker_dag.py
[2025-01-20T19:11:47.290+0000] {processor.py:914} INFO - Processing file /home/airflow/.local/lib/python3.12/site-packages/airflow/example_dags/example_external_task_marker_dag.py for tasks to queue
[2025-01-20T19:11:47.292+0000] {logging_mixin.py:190} INFO - [2025-01-20T19:11:47.292+0000] {dagbag.py:588} INFO - Filling up the DagBag from /home/airflow/.local/lib/python3.12/site-packages/airflow/example_dags/example_external_task_marker_dag.py
[2025-01-20T19:11:47.300+0000] {processor.py:925} INFO - DAG(s) 'example_external_task_marker_parent', 'example_external_task_marker_child' retrieved from /home/airflow/.local/lib/python3.12/site-packages/airflow/example_dags/example_external_task_marker_dag.py
[2025-01-20T19:11:47.412+0000] {logging_mixin.py:190} INFO - [2025-01-20T19:11:47.411+0000] {override.py:1911} INFO - Created Permission View: can edit on DAG:example_external_task_marker_parent
[2025-01-20T19:11:47.420+0000] {logging_mixin.py:190} INFO - [2025-01-20T19:11:47.420+0000] {override.py:1911} INFO - Created Permission View: can delete on DAG:example_external_task_marker_parent
[2025-01-20T19:11:47.426+0000] {logging_mixin.py:190} INFO - [2025-01-20T19:11:47.425+0000] {override.py:1911} INFO - Created Permission View: can read on DAG:example_external_task_marker_parent
[2025-01-20T19:11:47.431+0000] {logging_mixin.py:190} INFO - [2025-01-20T19:11:47.431+0000] {override.py:1911} INFO - Created Permission View: can create on DAG Run:example_external_task_marker_parent
[2025-01-20T19:11:47.436+0000] {logging_mixin.py:190} INFO - [2025-01-20T19:11:47.436+0000] {override.py:1911} INFO - Created Permission View: can delete on DAG Run:example_external_task_marker_parent
[2025-01-20T19:11:47.441+0000] {logging_mixin.py:190} INFO - [2025-01-20T19:11:47.441+0000] {override.py:1911} INFO - Created Permission View: menu access on DAG Run:example_external_task_marker_parent
[2025-01-20T19:11:47.446+0000] {logging_mixin.py:190} INFO - [2025-01-20T19:11:47.446+0000] {override.py:1911} INFO - Created Permission View: can read on DAG Run:example_external_task_marker_parent
[2025-01-20T19:11:47.459+0000] {logging_mixin.py:190} INFO - [2025-01-20T19:11:47.458+0000] {override.py:1911} INFO - Created Permission View: can edit on DAG:example_external_task_marker_child
[2025-01-20T19:11:47.464+0000] {logging_mixin.py:190} INFO - [2025-01-20T19:11:47.463+0000] {override.py:1911} INFO - Created Permission View: can delete on DAG:example_external_task_marker_child
[2025-01-20T19:11:47.469+0000] {logging_mixin.py:190} INFO - [2025-01-20T19:11:47.469+0000] {override.py:1911} INFO - Created Permission View: can read on DAG:example_external_task_marker_child
[2025-01-20T19:11:47.474+0000] {logging_mixin.py:190} INFO - [2025-01-20T19:11:47.474+0000] {override.py:1911} INFO - Created Permission View: can create on DAG Run:example_external_task_marker_child
[2025-01-20T19:11:47.480+0000] {logging_mixin.py:190} INFO - [2025-01-20T19:11:47.479+0000] {override.py:1911} INFO - Created Permission View: can delete on DAG Run:example_external_task_marker_child
[2025-01-20T19:11:47.485+0000] {logging_mixin.py:190} INFO - [2025-01-20T19:11:47.485+0000] {override.py:1911} INFO - Created Permission View: menu access on DAG Run:example_external_task_marker_child
[2025-01-20T19:11:47.490+0000] {logging_mixin.py:190} INFO - [2025-01-20T19:11:47.490+0000] {override.py:1911} INFO - Created Permission View: can read on DAG Run:example_external_task_marker_child
[2025-01-20T19:11:47.490+0000] {logging_mixin.py:190} INFO - [2025-01-20T19:11:47.490+0000] {dag.py:3239} INFO - Sync 2 DAGs
[2025-01-20T19:11:47.506+0000] {logging_mixin.py:190} INFO - [2025-01-20T19:11:47.505+0000] {dag.py:3262} INFO - Creating ORM DAG for example_external_task_marker_parent
[2025-01-20T19:11:47.506+0000] {logging_mixin.py:190} INFO - [2025-01-20T19:11:47.506+0000] {dag.py:3262} INFO - Creating ORM DAG for example_external_task_marker_child
[2025-01-20T19:11:47.507+0000] {logging_mixin.py:190} INFO - [2025-01-20T19:11:47.507+0000] {dag.py:4180} INFO - Setting next_dagrun for example_external_task_marker_child to None, run_after=None
[2025-01-20T19:11:47.508+0000] {logging_mixin.py:190} INFO - [2025-01-20T19:11:47.508+0000] {dag.py:4180} INFO - Setting next_dagrun for example_external_task_marker_parent to None, run_after=None
[2025-01-20T19:11:47.522+0000] {processor.py:208} INFO - Processing /home/airflow/.local/lib/python3.12/site-packages/airflow/example_dags/example_external_task_marker_dag.py took 0.238 seconds
[2025-01-20T19:12:18.207+0000] {processor.py:186} INFO - Started process (PID=159) to work on /home/airflow/.local/lib/python3.12/site-packages/airflow/example_dags/example_external_task_marker_dag.py
[2025-01-20T19:12:18.207+0000] {processor.py:914} INFO - Processing file /home/airflow/.local/lib/python3.12/site-packages/airflow/example_dags/example_external_task_marker_dag.py for tasks to queue
[2025-01-20T19:12:18.209+0000] {logging_mixin.py:190} INFO - [2025-01-20T19:12:18.209+0000] {dagbag.py:588} INFO - Filling up the DagBag from /home/airflow/.local/lib/python3.12/site-packages/airflow/example_dags/example_external_task_marker_dag.py
[2025-01-20T19:12:18.215+0000] {processor.py:925} INFO - DAG(s) 'example_external_task_marker_child', 'example_external_task_marker_parent' retrieved from /home/airflow/.local/lib/python3.12/site-packages/airflow/example_dags/example_external_task_marker_dag.py
[2025-01-20T19:12:18.232+0000] {logging_mixin.py:190} INFO - [2025-01-20T19:12:18.232+0000] {dag.py:3239} INFO - Sync 2 DAGs
[2025-01-20T19:12:18.245+0000] {logging_mixin.py:190} INFO - [2025-01-20T19:12:18.245+0000] {dag.py:4180} INFO - Setting next_dagrun for example_external_task_marker_child to None, run_after=None
[2025-01-20T19:12:18.248+0000] {logging_mixin.py:190} INFO - [2025-01-20T19:12:18.247+0000] {dag.py:4180} INFO - Setting next_dagrun for example_external_task_marker_parent to None, run_after=None
[2025-01-20T19:12:18.258+0000] {processor.py:208} INFO - Processing /home/airflow/.local/lib/python3.12/site-packages/airflow/example_dags/example_external_task_marker_dag.py took 0.056 seconds
[2025-01-20T19:12:48.987+0000] {processor.py:186} INFO - Started process (PID=222) to work on /home/airflow/.local/lib/python3.12/site-packages/airflow/example_dags/example_external_task_marker_dag.py
[2025-01-20T19:12:48.988+0000] {processor.py:914} INFO - Processing file /home/airflow/.local/lib/python3.12/site-packages/airflow/example_dags/example_external_task_marker_dag.py for tasks to queue
[2025-01-20T19:12:48.989+0000] {logging_mixin.py:190} INFO - [2025-01-20T19:12:48.989+0000] {dagbag.py:588} INFO - Filling up the DagBag from /home/airflow/.local/lib/python3.12/site-packages/airflow/example_dags/example_external_task_marker_dag.py
[2025-01-20T19:12:48.996+0000] {processor.py:925} INFO - DAG(s) 'example_external_task_marker_parent', 'example_external_task_marker_child' retrieved from /home/airflow/.local/lib/python3.12/site-packages/airflow/example_dags/example_external_task_marker_dag.py
[2025-01-20T19:12:49.012+0000] {logging_mixin.py:190} INFO - [2025-01-20T19:12:49.012+0000] {dag.py:3239} INFO - Sync 2 DAGs
[2025-01-20T19:12:49.024+0000] {logging_mixin.py:190} INFO - [2025-01-20T19:12:49.023+0000] {dag.py:4180} INFO - Setting next_dagrun for example_external_task_marker_child to None, run_after=None
[2025-01-20T19:12:49.026+0000] {logging_mixin.py:190} INFO - [2025-01-20T19:12:49.026+0000] {dag.py:4180} INFO - Setting next_dagrun for example_external_task_marker_parent to None, run_after=None
[2025-01-20T19:12:49.036+0000] {processor.py:208} INFO - Processing /home/airflow/.local/lib/python3.12/site-packages/airflow/example_dags/example_external_task_marker_dag.py took 0.053 seconds
[2025-01-20T19:13:19.885+0000] {processor.py:186} INFO - Started process (PID=285) to work on /home/airflow/.local/lib/python3.12/site-packages/airflow/example_dags/example_external_task_marker_dag.py
[2025-01-20T19:13:19.885+0000] {processor.py:914} INFO - Processing file /home/airflow/.local/lib/python3.12/site-packages/airflow/example_dags/example_external_task_marker_dag.py for tasks to queue
[2025-01-20T19:13:19.887+0000] {logging_mixin.py:190} INFO - [2025-01-20T19:13:19.886+0000] {dagbag.py:588} INFO - Filling up the DagBag from /home/airflow/.local/lib/python3.12/site-packages/airflow/example_dags/example_external_task_marker_dag.py
[2025-01-20T19:13:19.893+0000] {processor.py:925} INFO - DAG(s) 'example_external_task_marker_child', 'example_external_task_marker_parent' retrieved from /home/airflow/.local/lib/python3.12/site-packages/airflow/example_dags/example_external_task_marker_dag.py
[2025-01-20T19:13:19.910+0000] {logging_mixin.py:190} INFO - [2025-01-20T19:13:19.909+0000] {dag.py:3239} INFO - Sync 2 DAGs
[2025-01-20T19:13:19.921+0000] {logging_mixin.py:190} INFO - [2025-01-20T19:13:19.921+0000] {dag.py:4180} INFO - Setting next_dagrun for example_external_task_marker_child to None, run_after=None
[2025-01-20T19:13:19.923+0000] {logging_mixin.py:190} INFO - [2025-01-20T19:13:19.923+0000] {dag.py:4180} INFO - Setting next_dagrun for example_external_task_marker_parent to None, run_after=None
[2025-01-20T19:13:19.934+0000] {processor.py:208} INFO - Processing /home/airflow/.local/lib/python3.12/site-packages/airflow/example_dags/example_external_task_marker_dag.py took 0.054 seconds
[2025-01-20T19:13:50.655+0000] {processor.py:186} INFO - Started process (PID=348) to work on /home/airflow/.local/lib/python3.12/site-packages/airflow/example_dags/example_external_task_marker_dag.py
[2025-01-20T19:13:50.656+0000] {processor.py:914} INFO - Processing file /home/airflow/.local/lib/python3.12/site-packages/airflow/example_dags/example_external_task_marker_dag.py for tasks to queue
[2025-01-20T19:13:50.658+0000] {logging_mixin.py:190} INFO - [2025-01-20T19:13:50.657+0000] {dagbag.py:588} INFO - Filling up the DagBag from /home/airflow/.local/lib/python3.12/site-packages/airflow/example_dags/example_external_task_marker_dag.py
[2025-01-20T19:13:50.664+0000] {processor.py:925} INFO - DAG(s) 'example_external_task_marker_parent', 'example_external_task_marker_child' retrieved from /home/airflow/.local/lib/python3.12/site-packages/airflow/example_dags/example_external_task_marker_dag.py
[2025-01-20T19:13:50.682+0000] {logging_mixin.py:190} INFO - [2025-01-20T19:13:50.682+0000] {dag.py:3239} INFO - Sync 2 DAGs
[2025-01-20T19:13:50.693+0000] {logging_mixin.py:190} INFO - [2025-01-20T19:13:50.693+0000] {dag.py:4180} INFO - Setting next_dagrun for example_external_task_marker_child to None, run_after=None
[2025-01-20T19:13:50.696+0000] {logging_mixin.py:190} INFO - [2025-01-20T19:13:50.696+0000] {dag.py:4180} INFO - Setting next_dagrun for example_external_task_marker_parent to None, run_after=None
[2025-01-20T19:13:50.710+0000] {processor.py:208} INFO - Processing /home/airflow/.local/lib/python3.12/site-packages/airflow/example_dags/example_external_task_marker_dag.py took 0.059 seconds
[2025-01-20T19:14:21.261+0000] {processor.py:186} INFO - Started process (PID=411) to work on /home/airflow/.local/lib/python3.12/site-packages/airflow/example_dags/example_external_task_marker_dag.py
[2025-01-20T19:14:21.262+0000] {processor.py:914} INFO - Processing file /home/airflow/.local/lib/python3.12/site-packages/airflow/example_dags/example_external_task_marker_dag.py for tasks to queue
[2025-01-20T19:14:21.263+0000] {logging_mixin.py:190} INFO - [2025-01-20T19:14:21.263+0000] {dagbag.py:588} INFO - Filling up the DagBag from /home/airflow/.local/lib/python3.12/site-packages/airflow/example_dags/example_external_task_marker_dag.py
[2025-01-20T19:14:21.269+0000] {processor.py:925} INFO - DAG(s) 'example_external_task_marker_child', 'example_external_task_marker_parent' retrieved from /home/airflow/.local/lib/python3.12/site-packages/airflow/example_dags/example_external_task_marker_dag.py
[2025-01-20T19:14:21.285+0000] {logging_mixin.py:190} INFO - [2025-01-20T19:14:21.285+0000] {dag.py:3239} INFO - Sync 2 DAGs
[2025-01-20T19:14:21.297+0000] {logging_mixin.py:190} INFO - [2025-01-20T19:14:21.297+0000] {dag.py:4180} INFO - Setting next_dagrun for example_external_task_marker_child to None, run_after=None
[2025-01-20T19:14:21.299+0000] {logging_mixin.py:190} INFO - [2025-01-20T19:14:21.299+0000] {dag.py:4180} INFO - Setting next_dagrun for example_external_task_marker_parent to None, run_after=None
[2025-01-20T19:14:21.310+0000] {processor.py:208} INFO - Processing /home/airflow/.local/lib/python3.12/site-packages/airflow/example_dags/example_external_task_marker_dag.py took 0.053 seconds
[2025-01-20T19:14:51.723+0000] {processor.py:186} INFO - Started process (PID=474) to work on /home/airflow/.local/lib/python3.12/site-packages/airflow/example_dags/example_external_task_marker_dag.py
[2025-01-20T19:14:51.724+0000] {processor.py:914} INFO - Processing file /home/airflow/.local/lib/python3.12/site-packages/airflow/example_dags/example_external_task_marker_dag.py for tasks to queue
[2025-01-20T19:14:51.726+0000] {logging_mixin.py:190} INFO - [2025-01-20T19:14:51.725+0000] {dagbag.py:588} INFO - Filling up the DagBag from /home/airflow/.local/lib/python3.12/site-packages/airflow/example_dags/example_external_task_marker_dag.py
[2025-01-20T19:14:51.732+0000] {processor.py:925} INFO - DAG(s) 'example_external_task_marker_child', 'example_external_task_marker_parent' retrieved from /home/airflow/.local/lib/python3.12/site-packages/airflow/example_dags/example_external_task_marker_dag.py
[2025-01-20T19:14:51.749+0000] {logging_mixin.py:190} INFO - [2025-01-20T19:14:51.749+0000] {dag.py:3239} INFO - Sync 2 DAGs
[2025-01-20T19:14:51.762+0000] {logging_mixin.py:190} INFO - [2025-01-20T19:14:51.761+0000] {dag.py:4180} INFO - Setting next_dagrun for example_external_task_marker_child to None, run_after=None
[2025-01-20T19:14:51.764+0000] {logging_mixin.py:190} INFO - [2025-01-20T19:14:51.764+0000] {dag.py:4180} INFO - Setting next_dagrun for example_external_task_marker_parent to None, run_after=None
[2025-01-20T19:14:51.775+0000] {processor.py:208} INFO - Processing /home/airflow/.local/lib/python3.12/site-packages/airflow/example_dags/example_external_task_marker_dag.py took 0.056 seconds
[2025-01-20T19:15:23.239+0000] {processor.py:186} INFO - Started process (PID=538) to work on /home/airflow/.local/lib/python3.12/site-packages/airflow/example_dags/example_external_task_marker_dag.py
[2025-01-20T19:15:23.240+0000] {processor.py:914} INFO - Processing file /home/airflow/.local/lib/python3.12/site-packages/airflow/example_dags/example_external_task_marker_dag.py for tasks to queue
[2025-01-20T19:15:23.242+0000] {logging_mixin.py:190} INFO - [2025-01-20T19:15:23.242+0000] {dagbag.py:588} INFO - Filling up the DagBag from /home/airflow/.local/lib/python3.12/site-packages/airflow/example_dags/example_external_task_marker_dag.py
[2025-01-20T19:15:23.251+0000] {processor.py:925} INFO - DAG(s) 'example_external_task_marker_parent', 'example_external_task_marker_child' retrieved from /home/airflow/.local/lib/python3.12/site-packages/airflow/example_dags/example_external_task_marker_dag.py
[2025-01-20T19:15:23.273+0000] {logging_mixin.py:190} INFO - [2025-01-20T19:15:23.273+0000] {dag.py:3239} INFO - Sync 2 DAGs
[2025-01-20T19:15:23.290+0000] {logging_mixin.py:190} INFO - [2025-01-20T19:15:23.290+0000] {dag.py:4180} INFO - Setting next_dagrun for example_external_task_marker_child to None, run_after=None
[2025-01-20T19:15:23.294+0000] {logging_mixin.py:190} INFO - [2025-01-20T19:15:23.294+0000] {dag.py:4180} INFO - Setting next_dagrun for example_external_task_marker_parent to None, run_after=None
[2025-01-20T19:15:23.307+0000] {processor.py:208} INFO - Processing /home/airflow/.local/lib/python3.12/site-packages/airflow/example_dags/example_external_task_marker_dag.py took 0.074 seconds
[2025-01-20T19:15:54.361+0000] {processor.py:186} INFO - Started process (PID=601) to work on /home/airflow/.local/lib/python3.12/site-packages/airflow/example_dags/example_external_task_marker_dag.py
[2025-01-20T19:15:54.361+0000] {processor.py:914} INFO - Processing file /home/airflow/.local/lib/python3.12/site-packages/airflow/example_dags/example_external_task_marker_dag.py for tasks to queue
[2025-01-20T19:15:54.363+0000] {logging_mixin.py:190} INFO - [2025-01-20T19:15:54.363+0000] {dagbag.py:588} INFO - Filling up the DagBag from /home/airflow/.local/lib/python3.12/site-packages/airflow/example_dags/example_external_task_marker_dag.py
[2025-01-20T19:15:54.369+0000] {processor.py:925} INFO - DAG(s) 'example_external_task_marker_parent', 'example_external_task_marker_child' retrieved from /home/airflow/.local/lib/python3.12/site-packages/airflow/example_dags/example_external_task_marker_dag.py
[2025-01-20T19:15:54.387+0000] {logging_mixin.py:190} INFO - [2025-01-20T19:15:54.387+0000] {dag.py:3239} INFO - Sync 2 DAGs
[2025-01-20T19:15:54.401+0000] {logging_mixin.py:190} INFO - [2025-01-20T19:15:54.400+0000] {dag.py:4180} INFO - Setting next_dagrun for example_external_task_marker_child to None, run_after=None
[2025-01-20T19:15:54.403+0000] {logging_mixin.py:190} INFO - [2025-01-20T19:15:54.403+0000] {dag.py:4180} INFO - Setting next_dagrun for example_external_task_marker_parent to None, run_after=None
[2025-01-20T19:15:54.415+0000] {processor.py:208} INFO - Processing /home/airflow/.local/lib/python3.12/site-packages/airflow/example_dags/example_external_task_marker_dag.py took 0.059 seconds
[2025-01-20T19:16:24.822+0000] {processor.py:186} INFO - Started process (PID=665) to work on /home/airflow/.local/lib/python3.12/site-packages/airflow/example_dags/example_external_task_marker_dag.py
[2025-01-20T19:16:24.823+0000] {processor.py:914} INFO - Processing file /home/airflow/.local/lib/python3.12/site-packages/airflow/example_dags/example_external_task_marker_dag.py for tasks to queue
[2025-01-20T19:16:24.824+0000] {logging_mixin.py:190} INFO - [2025-01-20T19:16:24.824+0000] {dagbag.py:588} INFO - Filling up the DagBag from /home/airflow/.local/lib/python3.12/site-packages/airflow/example_dags/example_external_task_marker_dag.py
[2025-01-20T19:16:24.830+0000] {processor.py:925} INFO - DAG(s) 'example_external_task_marker_parent', 'example_external_task_marker_child' retrieved from /home/airflow/.local/lib/python3.12/site-packages/airflow/example_dags/example_external_task_marker_dag.py
[2025-01-20T19:16:24.847+0000] {logging_mixin.py:190} INFO - [2025-01-20T19:16:24.847+0000] {dag.py:3239} INFO - Sync 2 DAGs
[2025-01-20T19:16:24.859+0000] {logging_mixin.py:190} INFO - [2025-01-20T19:16:24.859+0000] {dag.py:4180} INFO - Setting next_dagrun for example_external_task_marker_child to None, run_after=None
[2025-01-20T19:16:24.861+0000] {logging_mixin.py:190} INFO - [2025-01-20T19:16:24.861+0000] {dag.py:4180} INFO - Setting next_dagrun for example_external_task_marker_parent to None, run_after=None
[2025-01-20T19:16:24.873+0000] {processor.py:208} INFO - Processing /home/airflow/.local/lib/python3.12/site-packages/airflow/example_dags/example_external_task_marker_dag.py took 0.055 seconds
[2025-01-20T19:16:55.965+0000] {processor.py:186} INFO - Started process (PID=728) to work on /home/airflow/.local/lib/python3.12/site-packages/airflow/example_dags/example_external_task_marker_dag.py
[2025-01-20T19:16:55.966+0000] {processor.py:914} INFO - Processing file /home/airflow/.local/lib/python3.12/site-packages/airflow/example_dags/example_external_task_marker_dag.py for tasks to queue
[2025-01-20T19:16:55.967+0000] {logging_mixin.py:190} INFO - [2025-01-20T19:16:55.967+0000] {dagbag.py:588} INFO - Filling up the DagBag from /home/airflow/.local/lib/python3.12/site-packages/airflow/example_dags/example_external_task_marker_dag.py
[2025-01-20T19:16:55.974+0000] {processor.py:925} INFO - DAG(s) 'example_external_task_marker_parent', 'example_external_task_marker_child' retrieved from /home/airflow/.local/lib/python3.12/site-packages/airflow/example_dags/example_external_task_marker_dag.py
[2025-01-20T19:16:55.995+0000] {logging_mixin.py:190} INFO - [2025-01-20T19:16:55.995+0000] {dag.py:3239} INFO - Sync 2 DAGs
[2025-01-20T19:16:56.011+0000] {logging_mixin.py:190} INFO - [2025-01-20T19:16:56.011+0000] {dag.py:4180} INFO - Setting next_dagrun for example_external_task_marker_child to None, run_after=None
[2025-01-20T19:16:56.015+0000] {logging_mixin.py:190} INFO - [2025-01-20T19:16:56.015+0000] {dag.py:4180} INFO - Setting next_dagrun for example_external_task_marker_parent to None, run_after=None
[2025-01-20T19:16:56.030+0000] {processor.py:208} INFO - Processing /home/airflow/.local/lib/python3.12/site-packages/airflow/example_dags/example_external_task_marker_dag.py took 0.069 seconds
[2025-01-20T19:17:27.214+0000] {processor.py:186} INFO - Started process (PID=791) to work on /home/airflow/.local/lib/python3.12/site-packages/airflow/example_dags/example_external_task_marker_dag.py
[2025-01-20T19:17:27.215+0000] {processor.py:914} INFO - Processing file /home/airflow/.local/lib/python3.12/site-packages/airflow/example_dags/example_external_task_marker_dag.py for tasks to queue
[2025-01-20T19:17:27.217+0000] {logging_mixin.py:190} INFO - [2025-01-20T19:17:27.217+0000] {dagbag.py:588} INFO - Filling up the DagBag from /home/airflow/.local/lib/python3.12/site-packages/airflow/example_dags/example_external_task_marker_dag.py
[2025-01-20T19:17:27.223+0000] {processor.py:925} INFO - DAG(s) 'example_external_task_marker_child', 'example_external_task_marker_parent' retrieved from /home/airflow/.local/lib/python3.12/site-packages/airflow/example_dags/example_external_task_marker_dag.py
[2025-01-20T19:17:27.244+0000] {logging_mixin.py:190} INFO - [2025-01-20T19:17:27.244+0000] {dag.py:3239} INFO - Sync 2 DAGs
[2025-01-20T19:17:27.260+0000] {logging_mixin.py:190} INFO - [2025-01-20T19:17:27.259+0000] {dag.py:4180} INFO - Setting next_dagrun for example_external_task_marker_child to None, run_after=None
[2025-01-20T19:17:27.263+0000] {logging_mixin.py:190} INFO - [2025-01-20T19:17:27.263+0000] {dag.py:4180} INFO - Setting next_dagrun for example_external_task_marker_parent to None, run_after=None
[2025-01-20T19:17:27.277+0000] {processor.py:208} INFO - Processing /home/airflow/.local/lib/python3.12/site-packages/airflow/example_dags/example_external_task_marker_dag.py took 0.067 seconds
[2025-01-20T19:17:58.400+0000] {processor.py:186} INFO - Started process (PID=854) to work on /home/airflow/.local/lib/python3.12/site-packages/airflow/example_dags/example_external_task_marker_dag.py
[2025-01-20T19:17:58.401+0000] {processor.py:914} INFO - Processing file /home/airflow/.local/lib/python3.12/site-packages/airflow/example_dags/example_external_task_marker_dag.py for tasks to queue
[2025-01-20T19:17:58.402+0000] {logging_mixin.py:190} INFO - [2025-01-20T19:17:58.402+0000] {dagbag.py:588} INFO - Filling up the DagBag from /home/airflow/.local/lib/python3.12/site-packages/airflow/example_dags/example_external_task_marker_dag.py
[2025-01-20T19:17:58.408+0000] {processor.py:925} INFO - DAG(s) 'example_external_task_marker_child', 'example_external_task_marker_parent' retrieved from /home/airflow/.local/lib/python3.12/site-packages/airflow/example_dags/example_external_task_marker_dag.py
[2025-01-20T19:17:58.426+0000] {logging_mixin.py:190} INFO - [2025-01-20T19:17:58.426+0000] {dag.py:3239} INFO - Sync 2 DAGs
[2025-01-20T19:17:58.437+0000] {logging_mixin.py:190} INFO - [2025-01-20T19:17:58.437+0000] {dag.py:4180} INFO - Setting next_dagrun for example_external_task_marker_child to None, run_after=None
[2025-01-20T19:17:58.440+0000] {logging_mixin.py:190} INFO - [2025-01-20T19:17:58.440+0000] {dag.py:4180} INFO - Setting next_dagrun for example_external_task_marker_parent to None, run_after=None
[2025-01-20T19:17:58.452+0000] {processor.py:208} INFO - Processing /home/airflow/.local/lib/python3.12/site-packages/airflow/example_dags/example_external_task_marker_dag.py took 0.056 seconds
[2025-01-20T19:18:29.493+0000] {processor.py:186} INFO - Started process (PID=917) to work on /home/airflow/.local/lib/python3.12/site-packages/airflow/example_dags/example_external_task_marker_dag.py
[2025-01-20T19:18:29.493+0000] {processor.py:914} INFO - Processing file /home/airflow/.local/lib/python3.12/site-packages/airflow/example_dags/example_external_task_marker_dag.py for tasks to queue
[2025-01-20T19:18:29.495+0000] {logging_mixin.py:190} INFO - [2025-01-20T19:18:29.495+0000] {dagbag.py:588} INFO - Filling up the DagBag from /home/airflow/.local/lib/python3.12/site-packages/airflow/example_dags/example_external_task_marker_dag.py
[2025-01-20T19:18:29.501+0000] {processor.py:925} INFO - DAG(s) 'example_external_task_marker_child', 'example_external_task_marker_parent' retrieved from /home/airflow/.local/lib/python3.12/site-packages/airflow/example_dags/example_external_task_marker_dag.py
[2025-01-20T19:18:29.519+0000] {logging_mixin.py:190} INFO - [2025-01-20T19:18:29.518+0000] {dag.py:3239} INFO - Sync 2 DAGs
[2025-01-20T19:18:29.530+0000] {logging_mixin.py:190} INFO - [2025-01-20T19:18:29.529+0000] {dag.py:4180} INFO - Setting next_dagrun for example_external_task_marker_child to None, run_after=None
[2025-01-20T19:18:29.532+0000] {logging_mixin.py:190} INFO - [2025-01-20T19:18:29.532+0000] {dag.py:4180} INFO - Setting next_dagrun for example_external_task_marker_parent to None, run_after=None
[2025-01-20T19:18:29.544+0000] {processor.py:208} INFO - Processing /home/airflow/.local/lib/python3.12/site-packages/airflow/example_dags/example_external_task_marker_dag.py took 0.055 seconds
[2025-01-20T19:19:00.549+0000] {processor.py:186} INFO - Started process (PID=980) to work on /home/airflow/.local/lib/python3.12/site-packages/airflow/example_dags/example_external_task_marker_dag.py
[2025-01-20T19:19:00.549+0000] {processor.py:914} INFO - Processing file /home/airflow/.local/lib/python3.12/site-packages/airflow/example_dags/example_external_task_marker_dag.py for tasks to queue
[2025-01-20T19:19:00.551+0000] {logging_mixin.py:190} INFO - [2025-01-20T19:19:00.551+0000] {dagbag.py:588} INFO - Filling up the DagBag from /home/airflow/.local/lib/python3.12/site-packages/airflow/example_dags/example_external_task_marker_dag.py
[2025-01-20T19:19:00.561+0000] {processor.py:925} INFO - DAG(s) 'example_external_task_marker_parent', 'example_external_task_marker_child' retrieved from /home/airflow/.local/lib/python3.12/site-packages/airflow/example_dags/example_external_task_marker_dag.py
[2025-01-20T19:19:00.583+0000] {logging_mixin.py:190} INFO - [2025-01-20T19:19:00.582+0000] {dag.py:3239} INFO - Sync 2 DAGs
[2025-01-20T19:19:00.598+0000] {logging_mixin.py:190} INFO - [2025-01-20T19:19:00.598+0000] {dag.py:4180} INFO - Setting next_dagrun for example_external_task_marker_child to None, run_after=None
[2025-01-20T19:19:00.601+0000] {logging_mixin.py:190} INFO - [2025-01-20T19:19:00.601+0000] {dag.py:4180} INFO - Setting next_dagrun for example_external_task_marker_parent to None, run_after=None
[2025-01-20T19:19:00.614+0000] {processor.py:208} INFO - Processing /home/airflow/.local/lib/python3.12/site-packages/airflow/example_dags/example_external_task_marker_dag.py took 0.071 seconds
[2025-01-20T19:19:31.658+0000] {processor.py:186} INFO - Started process (PID=1043) to work on /home/airflow/.local/lib/python3.12/site-packages/airflow/example_dags/example_external_task_marker_dag.py
[2025-01-20T19:19:31.658+0000] {processor.py:914} INFO - Processing file /home/airflow/.local/lib/python3.12/site-packages/airflow/example_dags/example_external_task_marker_dag.py for tasks to queue
[2025-01-20T19:19:31.660+0000] {logging_mixin.py:190} INFO - [2025-01-20T19:19:31.660+0000] {dagbag.py:588} INFO - Filling up the DagBag from /home/airflow/.local/lib/python3.12/site-packages/airflow/example_dags/example_external_task_marker_dag.py
[2025-01-20T19:19:31.666+0000] {processor.py:925} INFO - DAG(s) 'example_external_task_marker_parent', 'example_external_task_marker_child' retrieved from /home/airflow/.local/lib/python3.12/site-packages/airflow/example_dags/example_external_task_marker_dag.py
[2025-01-20T19:19:31.687+0000] {logging_mixin.py:190} INFO - [2025-01-20T19:19:31.687+0000] {dag.py:3239} INFO - Sync 2 DAGs
[2025-01-20T19:19:31.702+0000] {logging_mixin.py:190} INFO - [2025-01-20T19:19:31.702+0000] {dag.py:4180} INFO - Setting next_dagrun for example_external_task_marker_child to None, run_after=None
[2025-01-20T19:19:31.705+0000] {logging_mixin.py:190} INFO - [2025-01-20T19:19:31.705+0000] {dag.py:4180} INFO - Setting next_dagrun for example_external_task_marker_parent to None, run_after=None
[2025-01-20T19:19:31.716+0000] {processor.py:208} INFO - Processing /home/airflow/.local/lib/python3.12/site-packages/airflow/example_dags/example_external_task_marker_dag.py took 0.062 seconds
[2025-01-20T19:20:02.802+0000] {processor.py:186} INFO - Started process (PID=1106) to work on /home/airflow/.local/lib/python3.12/site-packages/airflow/example_dags/example_external_task_marker_dag.py
[2025-01-20T19:20:02.803+0000] {processor.py:914} INFO - Processing file /home/airflow/.local/lib/python3.12/site-packages/airflow/example_dags/example_external_task_marker_dag.py for tasks to queue
[2025-01-20T19:20:02.805+0000] {logging_mixin.py:190} INFO - [2025-01-20T19:20:02.805+0000] {dagbag.py:588} INFO - Filling up the DagBag from /home/airflow/.local/lib/python3.12/site-packages/airflow/example_dags/example_external_task_marker_dag.py
[2025-01-20T19:20:02.813+0000] {processor.py:925} INFO - DAG(s) 'example_external_task_marker_parent', 'example_external_task_marker_child' retrieved from /home/airflow/.local/lib/python3.12/site-packages/airflow/example_dags/example_external_task_marker_dag.py
[2025-01-20T19:20:02.837+0000] {logging_mixin.py:190} INFO - [2025-01-20T19:20:02.837+0000] {dag.py:3239} INFO - Sync 2 DAGs
[2025-01-20T19:20:02.855+0000] {logging_mixin.py:190} INFO - [2025-01-20T19:20:02.854+0000] {dag.py:4180} INFO - Setting next_dagrun for example_external_task_marker_child to None, run_after=None
[2025-01-20T19:20:02.858+0000] {logging_mixin.py:190} INFO - [2025-01-20T19:20:02.858+0000] {dag.py:4180} INFO - Setting next_dagrun for example_external_task_marker_parent to None, run_after=None
[2025-01-20T19:20:02.871+0000] {processor.py:208} INFO - Processing /home/airflow/.local/lib/python3.12/site-packages/airflow/example_dags/example_external_task_marker_dag.py took 0.077 seconds
[2025-01-20T19:20:33.818+0000] {processor.py:186} INFO - Started process (PID=1169) to work on /home/airflow/.local/lib/python3.12/site-packages/airflow/example_dags/example_external_task_marker_dag.py
[2025-01-20T19:20:33.819+0000] {processor.py:914} INFO - Processing file /home/airflow/.local/lib/python3.12/site-packages/airflow/example_dags/example_external_task_marker_dag.py for tasks to queue
[2025-01-20T19:20:33.821+0000] {logging_mixin.py:190} INFO - [2025-01-20T19:20:33.821+0000] {dagbag.py:588} INFO - Filling up the DagBag from /home/airflow/.local/lib/python3.12/site-packages/airflow/example_dags/example_external_task_marker_dag.py
[2025-01-20T19:20:33.830+0000] {processor.py:925} INFO - DAG(s) 'example_external_task_marker_child', 'example_external_task_marker_parent' retrieved from /home/airflow/.local/lib/python3.12/site-packages/airflow/example_dags/example_external_task_marker_dag.py
[2025-01-20T19:20:33.853+0000] {logging_mixin.py:190} INFO - [2025-01-20T19:20:33.853+0000] {dag.py:3239} INFO - Sync 2 DAGs
[2025-01-20T19:20:33.870+0000] {logging_mixin.py:190} INFO - [2025-01-20T19:20:33.870+0000] {dag.py:4180} INFO - Setting next_dagrun for example_external_task_marker_child to None, run_after=None
[2025-01-20T19:20:33.874+0000] {logging_mixin.py:190} INFO - [2025-01-20T19:20:33.874+0000] {dag.py:4180} INFO - Setting next_dagrun for example_external_task_marker_parent to None, run_after=None
[2025-01-20T19:20:33.888+0000] {processor.py:208} INFO - Processing /home/airflow/.local/lib/python3.12/site-packages/airflow/example_dags/example_external_task_marker_dag.py took 0.075 seconds
[2025-01-20T19:21:04.970+0000] {processor.py:186} INFO - Started process (PID=1232) to work on /home/airflow/.local/lib/python3.12/site-packages/airflow/example_dags/example_external_task_marker_dag.py
[2025-01-20T19:21:04.971+0000] {processor.py:914} INFO - Processing file /home/airflow/.local/lib/python3.12/site-packages/airflow/example_dags/example_external_task_marker_dag.py for tasks to queue
[2025-01-20T19:21:04.972+0000] {logging_mixin.py:190} INFO - [2025-01-20T19:21:04.972+0000] {dagbag.py:588} INFO - Filling up the DagBag from /home/airflow/.local/lib/python3.12/site-packages/airflow/example_dags/example_external_task_marker_dag.py
[2025-01-20T19:21:04.978+0000] {processor.py:925} INFO - DAG(s) 'example_external_task_marker_parent', 'example_external_task_marker_child' retrieved from /home/airflow/.local/lib/python3.12/site-packages/airflow/example_dags/example_external_task_marker_dag.py
[2025-01-20T19:21:04.999+0000] {logging_mixin.py:190} INFO - [2025-01-20T19:21:04.999+0000] {dag.py:3239} INFO - Sync 2 DAGs
[2025-01-20T19:21:05.014+0000] {logging_mixin.py:190} INFO - [2025-01-20T19:21:05.014+0000] {dag.py:4180} INFO - Setting next_dagrun for example_external_task_marker_child to None, run_after=None
[2025-01-20T19:21:05.018+0000] {logging_mixin.py:190} INFO - [2025-01-20T19:21:05.018+0000] {dag.py:4180} INFO - Setting next_dagrun for example_external_task_marker_parent to None, run_after=None
[2025-01-20T19:21:05.032+0000] {processor.py:208} INFO - Processing /home/airflow/.local/lib/python3.12/site-packages/airflow/example_dags/example_external_task_marker_dag.py took 0.066 seconds
[2025-01-20T19:21:36.279+0000] {processor.py:186} INFO - Started process (PID=1295) to work on /home/airflow/.local/lib/python3.12/site-packages/airflow/example_dags/example_external_task_marker_dag.py
[2025-01-20T19:21:36.279+0000] {processor.py:914} INFO - Processing file /home/airflow/.local/lib/python3.12/site-packages/airflow/example_dags/example_external_task_marker_dag.py for tasks to queue
[2025-01-20T19:21:36.281+0000] {logging_mixin.py:190} INFO - [2025-01-20T19:21:36.280+0000] {dagbag.py:588} INFO - Filling up the DagBag from /home/airflow/.local/lib/python3.12/site-packages/airflow/example_dags/example_external_task_marker_dag.py
[2025-01-20T19:21:36.287+0000] {processor.py:925} INFO - DAG(s) 'example_external_task_marker_parent', 'example_external_task_marker_child' retrieved from /home/airflow/.local/lib/python3.12/site-packages/airflow/example_dags/example_external_task_marker_dag.py
[2025-01-20T19:21:36.308+0000] {logging_mixin.py:190} INFO - [2025-01-20T19:21:36.308+0000] {dag.py:3239} INFO - Sync 2 DAGs
[2025-01-20T19:21:36.323+0000] {logging_mixin.py:190} INFO - [2025-01-20T19:21:36.323+0000] {dag.py:4180} INFO - Setting next_dagrun for example_external_task_marker_child to None, run_after=None
[2025-01-20T19:21:36.327+0000] {logging_mixin.py:190} INFO - [2025-01-20T19:21:36.327+0000] {dag.py:4180} INFO - Setting next_dagrun for example_external_task_marker_parent to None, run_after=None
[2025-01-20T19:21:36.340+0000] {processor.py:208} INFO - Processing /home/airflow/.local/lib/python3.12/site-packages/airflow/example_dags/example_external_task_marker_dag.py took 0.066 seconds
[2025-01-20T19:22:07.551+0000] {processor.py:186} INFO - Started process (PID=1358) to work on /home/airflow/.local/lib/python3.12/site-packages/airflow/example_dags/example_external_task_marker_dag.py
[2025-01-20T19:22:07.551+0000] {processor.py:914} INFO - Processing file /home/airflow/.local/lib/python3.12/site-packages/airflow/example_dags/example_external_task_marker_dag.py for tasks to queue
[2025-01-20T19:22:07.553+0000] {logging_mixin.py:190} INFO - [2025-01-20T19:22:07.553+0000] {dagbag.py:588} INFO - Filling up the DagBag from /home/airflow/.local/lib/python3.12/site-packages/airflow/example_dags/example_external_task_marker_dag.py
[2025-01-20T19:22:07.559+0000] {processor.py:925} INFO - DAG(s) 'example_external_task_marker_child', 'example_external_task_marker_parent' retrieved from /home/airflow/.local/lib/python3.12/site-packages/airflow/example_dags/example_external_task_marker_dag.py
[2025-01-20T19:22:07.582+0000] {logging_mixin.py:190} INFO - [2025-01-20T19:22:07.582+0000] {dag.py:3239} INFO - Sync 2 DAGs
[2025-01-20T19:22:07.597+0000] {logging_mixin.py:190} INFO - [2025-01-20T19:22:07.597+0000] {dag.py:4180} INFO - Setting next_dagrun for example_external_task_marker_child to None, run_after=None
[2025-01-20T19:22:07.600+0000] {logging_mixin.py:190} INFO - [2025-01-20T19:22:07.600+0000] {dag.py:4180} INFO - Setting next_dagrun for example_external_task_marker_parent to None, run_after=None
[2025-01-20T19:22:07.614+0000] {processor.py:208} INFO - Processing /home/airflow/.local/lib/python3.12/site-packages/airflow/example_dags/example_external_task_marker_dag.py took 0.067 seconds
[2025-01-20T19:22:38.770+0000] {processor.py:186} INFO - Started process (PID=1421) to work on /home/airflow/.local/lib/python3.12/site-packages/airflow/example_dags/example_external_task_marker_dag.py
[2025-01-20T19:22:38.771+0000] {processor.py:914} INFO - Processing file /home/airflow/.local/lib/python3.12/site-packages/airflow/example_dags/example_external_task_marker_dag.py for tasks to queue
[2025-01-20T19:22:38.773+0000] {logging_mixin.py:190} INFO - [2025-01-20T19:22:38.772+0000] {dagbag.py:588} INFO - Filling up the DagBag from /home/airflow/.local/lib/python3.12/site-packages/airflow/example_dags/example_external_task_marker_dag.py
[2025-01-20T19:22:38.779+0000] {processor.py:925} INFO - DAG(s) 'example_external_task_marker_parent', 'example_external_task_marker_child' retrieved from /home/airflow/.local/lib/python3.12/site-packages/airflow/example_dags/example_external_task_marker_dag.py
[2025-01-20T19:22:38.800+0000] {logging_mixin.py:190} INFO - [2025-01-20T19:22:38.799+0000] {dag.py:3239} INFO - Sync 2 DAGs
[2025-01-20T19:22:38.816+0000] {logging_mixin.py:190} INFO - [2025-01-20T19:22:38.815+0000] {dag.py:4180} INFO - Setting next_dagrun for example_external_task_marker_child to None, run_after=None
[2025-01-20T19:22:38.819+0000] {logging_mixin.py:190} INFO - [2025-01-20T19:22:38.819+0000] {dag.py:4180} INFO - Setting next_dagrun for example_external_task_marker_parent to None, run_after=None
[2025-01-20T19:22:38.834+0000] {processor.py:208} INFO - Processing /home/airflow/.local/lib/python3.12/site-packages/airflow/example_dags/example_external_task_marker_dag.py took 0.068 seconds
[2025-01-20T19:23:09.879+0000] {processor.py:186} INFO - Started process (PID=1484) to work on /home/airflow/.local/lib/python3.12/site-packages/airflow/example_dags/example_external_task_marker_dag.py
[2025-01-20T19:23:09.879+0000] {processor.py:914} INFO - Processing file /home/airflow/.local/lib/python3.12/site-packages/airflow/example_dags/example_external_task_marker_dag.py for tasks to queue
[2025-01-20T19:23:09.881+0000] {logging_mixin.py:190} INFO - [2025-01-20T19:23:09.881+0000] {dagbag.py:588} INFO - Filling up the DagBag from /home/airflow/.local/lib/python3.12/site-packages/airflow/example_dags/example_external_task_marker_dag.py
[2025-01-20T19:23:09.887+0000] {processor.py:925} INFO - DAG(s) 'example_external_task_marker_parent', 'example_external_task_marker_child' retrieved from /home/airflow/.local/lib/python3.12/site-packages/airflow/example_dags/example_external_task_marker_dag.py
[2025-01-20T19:23:09.906+0000] {logging_mixin.py:190} INFO - [2025-01-20T19:23:09.906+0000] {dag.py:3239} INFO - Sync 2 DAGs
[2025-01-20T19:23:09.922+0000] {logging_mixin.py:190} INFO - [2025-01-20T19:23:09.921+0000] {dag.py:4180} INFO - Setting next_dagrun for example_external_task_marker_child to None, run_after=None
[2025-01-20T19:23:09.925+0000] {logging_mixin.py:190} INFO - [2025-01-20T19:23:09.925+0000] {dag.py:4180} INFO - Setting next_dagrun for example_external_task_marker_parent to None, run_after=None
[2025-01-20T19:23:09.939+0000] {processor.py:208} INFO - Processing /home/airflow/.local/lib/python3.12/site-packages/airflow/example_dags/example_external_task_marker_dag.py took 0.065 seconds
[2025-01-20T19:23:41.137+0000] {processor.py:186} INFO - Started process (PID=1547) to work on /home/airflow/.local/lib/python3.12/site-packages/airflow/example_dags/example_external_task_marker_dag.py
[2025-01-20T19:23:41.138+0000] {processor.py:914} INFO - Processing file /home/airflow/.local/lib/python3.12/site-packages/airflow/example_dags/example_external_task_marker_dag.py for tasks to queue
[2025-01-20T19:23:41.139+0000] {logging_mixin.py:190} INFO - [2025-01-20T19:23:41.139+0000] {dagbag.py:588} INFO - Filling up the DagBag from /home/airflow/.local/lib/python3.12/site-packages/airflow/example_dags/example_external_task_marker_dag.py
[2025-01-20T19:23:41.145+0000] {processor.py:925} INFO - DAG(s) 'example_external_task_marker_child', 'example_external_task_marker_parent' retrieved from /home/airflow/.local/lib/python3.12/site-packages/airflow/example_dags/example_external_task_marker_dag.py
[2025-01-20T19:23:41.166+0000] {logging_mixin.py:190} INFO - [2025-01-20T19:23:41.166+0000] {dag.py:3239} INFO - Sync 2 DAGs
[2025-01-20T19:23:41.181+0000] {logging_mixin.py:190} INFO - [2025-01-20T19:23:41.180+0000] {dag.py:4180} INFO - Setting next_dagrun for example_external_task_marker_child to None, run_after=None
[2025-01-20T19:23:41.184+0000] {logging_mixin.py:190} INFO - [2025-01-20T19:23:41.184+0000] {dag.py:4180} INFO - Setting next_dagrun for example_external_task_marker_parent to None, run_after=None
[2025-01-20T19:23:41.198+0000] {processor.py:208} INFO - Processing /home/airflow/.local/lib/python3.12/site-packages/airflow/example_dags/example_external_task_marker_dag.py took 0.065 seconds
