[2025-01-20T19:11:45.893+0000] {processor.py:186} INFO - Started process (PID=87) to work on /home/airflow/.local/lib/python3.12/site-packages/airflow/example_dags/example_xcomargs.py
[2025-01-20T19:11:45.894+0000] {processor.py:914} INFO - Processing file /home/airflow/.local/lib/python3.12/site-packages/airflow/example_dags/example_xcomargs.py for tasks to queue
[2025-01-20T19:11:45.896+0000] {logging_mixin.py:190} INFO - [2025-01-20T19:11:45.896+0000] {dagbag.py:588} INFO - Filling up the DagBag from /home/airflow/.local/lib/python3.12/site-packages/airflow/example_dags/example_xcomargs.py
[2025-01-20T19:11:45.907+0000] {processor.py:925} INFO - DAG(s) 'example_xcom_args', 'example_xcom_args_with_operators' retrieved from /home/airflow/.local/lib/python3.12/site-packages/airflow/example_dags/example_xcomargs.py
[2025-01-20T19:11:46.035+0000] {logging_mixin.py:190} INFO - [2025-01-20T19:11:46.035+0000] {override.py:1911} INFO - Created Permission View: can edit on DAG:example_xcom_args
[2025-01-20T19:11:46.051+0000] {logging_mixin.py:190} INFO - [2025-01-20T19:11:46.051+0000] {override.py:1911} INFO - Created Permission View: can delete on DAG:example_xcom_args
[2025-01-20T19:11:46.059+0000] {logging_mixin.py:190} INFO - [2025-01-20T19:11:46.058+0000] {override.py:1911} INFO - Created Permission View: can read on DAG:example_xcom_args
[2025-01-20T19:11:46.064+0000] {logging_mixin.py:190} INFO - [2025-01-20T19:11:46.064+0000] {override.py:1911} INFO - Created Permission View: can create on DAG Run:example_xcom_args
[2025-01-20T19:11:46.070+0000] {logging_mixin.py:190} INFO - [2025-01-20T19:11:46.070+0000] {override.py:1911} INFO - Created Permission View: can delete on DAG Run:example_xcom_args
[2025-01-20T19:11:46.075+0000] {logging_mixin.py:190} INFO - [2025-01-20T19:11:46.075+0000] {override.py:1911} INFO - Created Permission View: menu access on DAG Run:example_xcom_args
[2025-01-20T19:11:46.081+0000] {logging_mixin.py:190} INFO - [2025-01-20T19:11:46.080+0000] {override.py:1911} INFO - Created Permission View: can read on DAG Run:example_xcom_args
[2025-01-20T19:11:46.093+0000] {logging_mixin.py:190} INFO - [2025-01-20T19:11:46.093+0000] {override.py:1911} INFO - Created Permission View: can edit on DAG:example_xcom_args_with_operators
[2025-01-20T19:11:46.098+0000] {logging_mixin.py:190} INFO - [2025-01-20T19:11:46.098+0000] {override.py:1911} INFO - Created Permission View: can delete on DAG:example_xcom_args_with_operators
[2025-01-20T19:11:46.104+0000] {logging_mixin.py:190} INFO - [2025-01-20T19:11:46.104+0000] {override.py:1911} INFO - Created Permission View: can read on DAG:example_xcom_args_with_operators
[2025-01-20T19:11:46.111+0000] {logging_mixin.py:190} INFO - [2025-01-20T19:11:46.111+0000] {override.py:1911} INFO - Created Permission View: can create on DAG Run:example_xcom_args_with_operators
[2025-01-20T19:11:46.116+0000] {logging_mixin.py:190} INFO - [2025-01-20T19:11:46.116+0000] {override.py:1911} INFO - Created Permission View: can delete on DAG Run:example_xcom_args_with_operators
[2025-01-20T19:11:46.121+0000] {logging_mixin.py:190} INFO - [2025-01-20T19:11:46.121+0000] {override.py:1911} INFO - Created Permission View: menu access on DAG Run:example_xcom_args_with_operators
[2025-01-20T19:11:46.128+0000] {logging_mixin.py:190} INFO - [2025-01-20T19:11:46.128+0000] {override.py:1911} INFO - Created Permission View: can read on DAG Run:example_xcom_args_with_operators
[2025-01-20T19:11:46.129+0000] {logging_mixin.py:190} INFO - [2025-01-20T19:11:46.128+0000] {dag.py:3239} INFO - Sync 2 DAGs
[2025-01-20T19:11:46.143+0000] {logging_mixin.py:190} INFO - [2025-01-20T19:11:46.142+0000] {dag.py:3262} INFO - Creating ORM DAG for example_xcom_args_with_operators
[2025-01-20T19:11:46.143+0000] {logging_mixin.py:190} INFO - [2025-01-20T19:11:46.143+0000] {dag.py:3262} INFO - Creating ORM DAG for example_xcom_args
[2025-01-20T19:11:46.144+0000] {logging_mixin.py:190} INFO - [2025-01-20T19:11:46.144+0000] {dag.py:4180} INFO - Setting next_dagrun for example_xcom_args to None, run_after=None
[2025-01-20T19:11:46.145+0000] {logging_mixin.py:190} INFO - [2025-01-20T19:11:46.145+0000] {dag.py:4180} INFO - Setting next_dagrun for example_xcom_args_with_operators to None, run_after=None
[2025-01-20T19:11:46.182+0000] {processor.py:208} INFO - Processing /home/airflow/.local/lib/python3.12/site-packages/airflow/example_dags/example_xcomargs.py took 0.295 seconds
[2025-01-20T19:12:16.651+0000] {processor.py:186} INFO - Started process (PID=150) to work on /home/airflow/.local/lib/python3.12/site-packages/airflow/example_dags/example_xcomargs.py
[2025-01-20T19:12:16.651+0000] {processor.py:914} INFO - Processing file /home/airflow/.local/lib/python3.12/site-packages/airflow/example_dags/example_xcomargs.py for tasks to queue
[2025-01-20T19:12:16.653+0000] {logging_mixin.py:190} INFO - [2025-01-20T19:12:16.653+0000] {dagbag.py:588} INFO - Filling up the DagBag from /home/airflow/.local/lib/python3.12/site-packages/airflow/example_dags/example_xcomargs.py
[2025-01-20T19:12:16.664+0000] {processor.py:925} INFO - DAG(s) 'example_xcom_args_with_operators', 'example_xcom_args' retrieved from /home/airflow/.local/lib/python3.12/site-packages/airflow/example_dags/example_xcomargs.py
[2025-01-20T19:12:16.688+0000] {logging_mixin.py:190} INFO - [2025-01-20T19:12:16.688+0000] {dag.py:3239} INFO - Sync 2 DAGs
[2025-01-20T19:12:16.709+0000] {logging_mixin.py:190} INFO - [2025-01-20T19:12:16.709+0000] {dag.py:4180} INFO - Setting next_dagrun for example_xcom_args to None, run_after=None
[2025-01-20T19:12:16.713+0000] {logging_mixin.py:190} INFO - [2025-01-20T19:12:16.713+0000] {dag.py:4180} INFO - Setting next_dagrun for example_xcom_args_with_operators to None, run_after=None
[2025-01-20T19:12:16.727+0000] {processor.py:208} INFO - Processing /home/airflow/.local/lib/python3.12/site-packages/airflow/example_dags/example_xcomargs.py took 0.083 seconds
[2025-01-20T19:12:47.561+0000] {processor.py:186} INFO - Started process (PID=213) to work on /home/airflow/.local/lib/python3.12/site-packages/airflow/example_dags/example_xcomargs.py
[2025-01-20T19:12:47.562+0000] {processor.py:914} INFO - Processing file /home/airflow/.local/lib/python3.12/site-packages/airflow/example_dags/example_xcomargs.py for tasks to queue
[2025-01-20T19:12:47.563+0000] {logging_mixin.py:190} INFO - [2025-01-20T19:12:47.563+0000] {dagbag.py:588} INFO - Filling up the DagBag from /home/airflow/.local/lib/python3.12/site-packages/airflow/example_dags/example_xcomargs.py
[2025-01-20T19:12:47.571+0000] {processor.py:925} INFO - DAG(s) 'example_xcom_args_with_operators', 'example_xcom_args' retrieved from /home/airflow/.local/lib/python3.12/site-packages/airflow/example_dags/example_xcomargs.py
[2025-01-20T19:12:47.589+0000] {logging_mixin.py:190} INFO - [2025-01-20T19:12:47.589+0000] {dag.py:3239} INFO - Sync 2 DAGs
[2025-01-20T19:12:47.604+0000] {logging_mixin.py:190} INFO - [2025-01-20T19:12:47.604+0000] {dag.py:4180} INFO - Setting next_dagrun for example_xcom_args to None, run_after=None
[2025-01-20T19:12:47.607+0000] {logging_mixin.py:190} INFO - [2025-01-20T19:12:47.607+0000] {dag.py:4180} INFO - Setting next_dagrun for example_xcom_args_with_operators to None, run_after=None
[2025-01-20T19:12:47.618+0000] {processor.py:208} INFO - Processing /home/airflow/.local/lib/python3.12/site-packages/airflow/example_dags/example_xcomargs.py took 0.062 seconds
[2025-01-20T19:13:18.129+0000] {processor.py:186} INFO - Started process (PID=276) to work on /home/airflow/.local/lib/python3.12/site-packages/airflow/example_dags/example_xcomargs.py
[2025-01-20T19:13:18.130+0000] {processor.py:914} INFO - Processing file /home/airflow/.local/lib/python3.12/site-packages/airflow/example_dags/example_xcomargs.py for tasks to queue
[2025-01-20T19:13:18.132+0000] {logging_mixin.py:190} INFO - [2025-01-20T19:13:18.132+0000] {dagbag.py:588} INFO - Filling up the DagBag from /home/airflow/.local/lib/python3.12/site-packages/airflow/example_dags/example_xcomargs.py
[2025-01-20T19:13:18.144+0000] {processor.py:925} INFO - DAG(s) 'example_xcom_args', 'example_xcom_args_with_operators' retrieved from /home/airflow/.local/lib/python3.12/site-packages/airflow/example_dags/example_xcomargs.py
[2025-01-20T19:13:18.168+0000] {logging_mixin.py:190} INFO - [2025-01-20T19:13:18.167+0000] {dag.py:3239} INFO - Sync 2 DAGs
[2025-01-20T19:13:18.186+0000] {logging_mixin.py:190} INFO - [2025-01-20T19:13:18.185+0000] {dag.py:4180} INFO - Setting next_dagrun for example_xcom_args to None, run_after=None
[2025-01-20T19:13:18.189+0000] {logging_mixin.py:190} INFO - [2025-01-20T19:13:18.189+0000] {dag.py:4180} INFO - Setting next_dagrun for example_xcom_args_with_operators to None, run_after=None
[2025-01-20T19:13:18.204+0000] {processor.py:208} INFO - Processing /home/airflow/.local/lib/python3.12/site-packages/airflow/example_dags/example_xcomargs.py took 0.080 seconds
[2025-01-20T19:13:48.765+0000] {processor.py:186} INFO - Started process (PID=338) to work on /home/airflow/.local/lib/python3.12/site-packages/airflow/example_dags/example_xcomargs.py
[2025-01-20T19:13:48.765+0000] {processor.py:914} INFO - Processing file /home/airflow/.local/lib/python3.12/site-packages/airflow/example_dags/example_xcomargs.py for tasks to queue
[2025-01-20T19:13:48.767+0000] {logging_mixin.py:190} INFO - [2025-01-20T19:13:48.767+0000] {dagbag.py:588} INFO - Filling up the DagBag from /home/airflow/.local/lib/python3.12/site-packages/airflow/example_dags/example_xcomargs.py
[2025-01-20T19:13:48.774+0000] {processor.py:925} INFO - DAG(s) 'example_xcom_args_with_operators', 'example_xcom_args' retrieved from /home/airflow/.local/lib/python3.12/site-packages/airflow/example_dags/example_xcomargs.py
[2025-01-20T19:13:48.791+0000] {logging_mixin.py:190} INFO - [2025-01-20T19:13:48.791+0000] {dag.py:3239} INFO - Sync 2 DAGs
[2025-01-20T19:13:48.803+0000] {logging_mixin.py:190} INFO - [2025-01-20T19:13:48.803+0000] {dag.py:4180} INFO - Setting next_dagrun for example_xcom_args to None, run_after=None
[2025-01-20T19:13:48.806+0000] {logging_mixin.py:190} INFO - [2025-01-20T19:13:48.806+0000] {dag.py:4180} INFO - Setting next_dagrun for example_xcom_args_with_operators to None, run_after=None
[2025-01-20T19:13:48.817+0000] {processor.py:208} INFO - Processing /home/airflow/.local/lib/python3.12/site-packages/airflow/example_dags/example_xcomargs.py took 0.056 seconds
[2025-01-20T19:14:19.535+0000] {processor.py:186} INFO - Started process (PID=401) to work on /home/airflow/.local/lib/python3.12/site-packages/airflow/example_dags/example_xcomargs.py
[2025-01-20T19:14:19.536+0000] {processor.py:914} INFO - Processing file /home/airflow/.local/lib/python3.12/site-packages/airflow/example_dags/example_xcomargs.py for tasks to queue
[2025-01-20T19:14:19.537+0000] {logging_mixin.py:190} INFO - [2025-01-20T19:14:19.537+0000] {dagbag.py:588} INFO - Filling up the DagBag from /home/airflow/.local/lib/python3.12/site-packages/airflow/example_dags/example_xcomargs.py
[2025-01-20T19:14:19.545+0000] {processor.py:925} INFO - DAG(s) 'example_xcom_args', 'example_xcom_args_with_operators' retrieved from /home/airflow/.local/lib/python3.12/site-packages/airflow/example_dags/example_xcomargs.py
[2025-01-20T19:14:19.567+0000] {logging_mixin.py:190} INFO - [2025-01-20T19:14:19.566+0000] {dag.py:3239} INFO - Sync 2 DAGs
[2025-01-20T19:14:19.580+0000] {logging_mixin.py:190} INFO - [2025-01-20T19:14:19.580+0000] {dag.py:4180} INFO - Setting next_dagrun for example_xcom_args to None, run_after=None
[2025-01-20T19:14:19.583+0000] {logging_mixin.py:190} INFO - [2025-01-20T19:14:19.583+0000] {dag.py:4180} INFO - Setting next_dagrun for example_xcom_args_with_operators to None, run_after=None
[2025-01-20T19:14:19.595+0000] {processor.py:208} INFO - Processing /home/airflow/.local/lib/python3.12/site-packages/airflow/example_dags/example_xcomargs.py took 0.064 seconds
[2025-01-20T19:14:51.182+0000] {processor.py:186} INFO - Started process (PID=464) to work on /home/airflow/.local/lib/python3.12/site-packages/airflow/example_dags/example_xcomargs.py
[2025-01-20T19:14:51.183+0000] {processor.py:914} INFO - Processing file /home/airflow/.local/lib/python3.12/site-packages/airflow/example_dags/example_xcomargs.py for tasks to queue
[2025-01-20T19:14:51.184+0000] {logging_mixin.py:190} INFO - [2025-01-20T19:14:51.184+0000] {dagbag.py:588} INFO - Filling up the DagBag from /home/airflow/.local/lib/python3.12/site-packages/airflow/example_dags/example_xcomargs.py
[2025-01-20T19:14:51.192+0000] {processor.py:925} INFO - DAG(s) 'example_xcom_args_with_operators', 'example_xcom_args' retrieved from /home/airflow/.local/lib/python3.12/site-packages/airflow/example_dags/example_xcomargs.py
[2025-01-20T19:14:51.209+0000] {logging_mixin.py:190} INFO - [2025-01-20T19:14:51.209+0000] {dag.py:3239} INFO - Sync 2 DAGs
[2025-01-20T19:14:51.220+0000] {logging_mixin.py:190} INFO - [2025-01-20T19:14:51.220+0000] {dag.py:4180} INFO - Setting next_dagrun for example_xcom_args to None, run_after=None
[2025-01-20T19:14:51.223+0000] {logging_mixin.py:190} INFO - [2025-01-20T19:14:51.223+0000] {dag.py:4180} INFO - Setting next_dagrun for example_xcom_args_with_operators to None, run_after=None
[2025-01-20T19:14:51.234+0000] {processor.py:208} INFO - Processing /home/airflow/.local/lib/python3.12/site-packages/airflow/example_dags/example_xcomargs.py took 0.055 seconds
[2025-01-20T19:15:22.327+0000] {processor.py:186} INFO - Started process (PID=528) to work on /home/airflow/.local/lib/python3.12/site-packages/airflow/example_dags/example_xcomargs.py
[2025-01-20T19:15:22.328+0000] {processor.py:914} INFO - Processing file /home/airflow/.local/lib/python3.12/site-packages/airflow/example_dags/example_xcomargs.py for tasks to queue
[2025-01-20T19:15:22.330+0000] {logging_mixin.py:190} INFO - [2025-01-20T19:15:22.330+0000] {dagbag.py:588} INFO - Filling up the DagBag from /home/airflow/.local/lib/python3.12/site-packages/airflow/example_dags/example_xcomargs.py
[2025-01-20T19:15:22.337+0000] {processor.py:925} INFO - DAG(s) 'example_xcom_args', 'example_xcom_args_with_operators' retrieved from /home/airflow/.local/lib/python3.12/site-packages/airflow/example_dags/example_xcomargs.py
[2025-01-20T19:15:22.359+0000] {logging_mixin.py:190} INFO - [2025-01-20T19:15:22.359+0000] {dag.py:3239} INFO - Sync 2 DAGs
[2025-01-20T19:15:22.371+0000] {logging_mixin.py:190} INFO - [2025-01-20T19:15:22.371+0000] {dag.py:4180} INFO - Setting next_dagrun for example_xcom_args to None, run_after=None
[2025-01-20T19:15:22.374+0000] {logging_mixin.py:190} INFO - [2025-01-20T19:15:22.374+0000] {dag.py:4180} INFO - Setting next_dagrun for example_xcom_args_with_operators to None, run_after=None
[2025-01-20T19:15:22.385+0000] {processor.py:208} INFO - Processing /home/airflow/.local/lib/python3.12/site-packages/airflow/example_dags/example_xcomargs.py took 0.063 seconds
[2025-01-20T19:15:53.474+0000] {processor.py:186} INFO - Started process (PID=591) to work on /home/airflow/.local/lib/python3.12/site-packages/airflow/example_dags/example_xcomargs.py
[2025-01-20T19:15:53.474+0000] {processor.py:914} INFO - Processing file /home/airflow/.local/lib/python3.12/site-packages/airflow/example_dags/example_xcomargs.py for tasks to queue
[2025-01-20T19:15:53.476+0000] {logging_mixin.py:190} INFO - [2025-01-20T19:15:53.476+0000] {dagbag.py:588} INFO - Filling up the DagBag from /home/airflow/.local/lib/python3.12/site-packages/airflow/example_dags/example_xcomargs.py
[2025-01-20T19:15:53.484+0000] {processor.py:925} INFO - DAG(s) 'example_xcom_args_with_operators', 'example_xcom_args' retrieved from /home/airflow/.local/lib/python3.12/site-packages/airflow/example_dags/example_xcomargs.py
[2025-01-20T19:15:53.501+0000] {logging_mixin.py:190} INFO - [2025-01-20T19:15:53.500+0000] {dag.py:3239} INFO - Sync 2 DAGs
[2025-01-20T19:15:53.511+0000] {logging_mixin.py:190} INFO - [2025-01-20T19:15:53.511+0000] {dag.py:4180} INFO - Setting next_dagrun for example_xcom_args to None, run_after=None
[2025-01-20T19:15:53.514+0000] {logging_mixin.py:190} INFO - [2025-01-20T19:15:53.514+0000] {dag.py:4180} INFO - Setting next_dagrun for example_xcom_args_with_operators to None, run_after=None
[2025-01-20T19:15:53.524+0000] {processor.py:208} INFO - Processing /home/airflow/.local/lib/python3.12/site-packages/airflow/example_dags/example_xcomargs.py took 0.055 seconds
[2025-01-20T19:16:24.256+0000] {processor.py:186} INFO - Started process (PID=655) to work on /home/airflow/.local/lib/python3.12/site-packages/airflow/example_dags/example_xcomargs.py
[2025-01-20T19:16:24.256+0000] {processor.py:914} INFO - Processing file /home/airflow/.local/lib/python3.12/site-packages/airflow/example_dags/example_xcomargs.py for tasks to queue
[2025-01-20T19:16:24.258+0000] {logging_mixin.py:190} INFO - [2025-01-20T19:16:24.258+0000] {dagbag.py:588} INFO - Filling up the DagBag from /home/airflow/.local/lib/python3.12/site-packages/airflow/example_dags/example_xcomargs.py
[2025-01-20T19:16:24.266+0000] {processor.py:925} INFO - DAG(s) 'example_xcom_args', 'example_xcom_args_with_operators' retrieved from /home/airflow/.local/lib/python3.12/site-packages/airflow/example_dags/example_xcomargs.py
[2025-01-20T19:16:24.284+0000] {logging_mixin.py:190} INFO - [2025-01-20T19:16:24.284+0000] {dag.py:3239} INFO - Sync 2 DAGs
[2025-01-20T19:16:24.295+0000] {logging_mixin.py:190} INFO - [2025-01-20T19:16:24.295+0000] {dag.py:4180} INFO - Setting next_dagrun for example_xcom_args to None, run_after=None
[2025-01-20T19:16:24.298+0000] {logging_mixin.py:190} INFO - [2025-01-20T19:16:24.298+0000] {dag.py:4180} INFO - Setting next_dagrun for example_xcom_args_with_operators to None, run_after=None
[2025-01-20T19:16:24.311+0000] {processor.py:208} INFO - Processing /home/airflow/.local/lib/python3.12/site-packages/airflow/example_dags/example_xcomargs.py took 0.060 seconds
[2025-01-20T19:16:55.435+0000] {processor.py:186} INFO - Started process (PID=718) to work on /home/airflow/.local/lib/python3.12/site-packages/airflow/example_dags/example_xcomargs.py
[2025-01-20T19:16:55.435+0000] {processor.py:914} INFO - Processing file /home/airflow/.local/lib/python3.12/site-packages/airflow/example_dags/example_xcomargs.py for tasks to queue
[2025-01-20T19:16:55.437+0000] {logging_mixin.py:190} INFO - [2025-01-20T19:16:55.437+0000] {dagbag.py:588} INFO - Filling up the DagBag from /home/airflow/.local/lib/python3.12/site-packages/airflow/example_dags/example_xcomargs.py
[2025-01-20T19:16:55.445+0000] {processor.py:925} INFO - DAG(s) 'example_xcom_args_with_operators', 'example_xcom_args' retrieved from /home/airflow/.local/lib/python3.12/site-packages/airflow/example_dags/example_xcomargs.py
[2025-01-20T19:16:55.465+0000] {logging_mixin.py:190} INFO - [2025-01-20T19:16:55.464+0000] {dag.py:3239} INFO - Sync 2 DAGs
[2025-01-20T19:16:55.478+0000] {logging_mixin.py:190} INFO - [2025-01-20T19:16:55.478+0000] {dag.py:4180} INFO - Setting next_dagrun for example_xcom_args to None, run_after=None
[2025-01-20T19:16:55.481+0000] {logging_mixin.py:190} INFO - [2025-01-20T19:16:55.481+0000] {dag.py:4180} INFO - Setting next_dagrun for example_xcom_args_with_operators to None, run_after=None
[2025-01-20T19:16:55.493+0000] {processor.py:208} INFO - Processing /home/airflow/.local/lib/python3.12/site-packages/airflow/example_dags/example_xcomargs.py took 0.063 seconds
[2025-01-20T19:17:26.623+0000] {processor.py:186} INFO - Started process (PID=781) to work on /home/airflow/.local/lib/python3.12/site-packages/airflow/example_dags/example_xcomargs.py
[2025-01-20T19:17:26.623+0000] {processor.py:914} INFO - Processing file /home/airflow/.local/lib/python3.12/site-packages/airflow/example_dags/example_xcomargs.py for tasks to queue
[2025-01-20T19:17:26.625+0000] {logging_mixin.py:190} INFO - [2025-01-20T19:17:26.625+0000] {dagbag.py:588} INFO - Filling up the DagBag from /home/airflow/.local/lib/python3.12/site-packages/airflow/example_dags/example_xcomargs.py
[2025-01-20T19:17:26.633+0000] {processor.py:925} INFO - DAG(s) 'example_xcom_args', 'example_xcom_args_with_operators' retrieved from /home/airflow/.local/lib/python3.12/site-packages/airflow/example_dags/example_xcomargs.py
[2025-01-20T19:17:26.649+0000] {logging_mixin.py:190} INFO - [2025-01-20T19:17:26.649+0000] {dag.py:3239} INFO - Sync 2 DAGs
[2025-01-20T19:17:26.660+0000] {logging_mixin.py:190} INFO - [2025-01-20T19:17:26.660+0000] {dag.py:4180} INFO - Setting next_dagrun for example_xcom_args to None, run_after=None
[2025-01-20T19:17:26.662+0000] {logging_mixin.py:190} INFO - [2025-01-20T19:17:26.662+0000] {dag.py:4180} INFO - Setting next_dagrun for example_xcom_args_with_operators to None, run_after=None
[2025-01-20T19:17:26.673+0000] {processor.py:208} INFO - Processing /home/airflow/.local/lib/python3.12/site-packages/airflow/example_dags/example_xcomargs.py took 0.054 seconds
[2025-01-20T19:17:57.811+0000] {processor.py:186} INFO - Started process (PID=844) to work on /home/airflow/.local/lib/python3.12/site-packages/airflow/example_dags/example_xcomargs.py
[2025-01-20T19:17:57.812+0000] {processor.py:914} INFO - Processing file /home/airflow/.local/lib/python3.12/site-packages/airflow/example_dags/example_xcomargs.py for tasks to queue
[2025-01-20T19:17:57.814+0000] {logging_mixin.py:190} INFO - [2025-01-20T19:17:57.813+0000] {dagbag.py:588} INFO - Filling up the DagBag from /home/airflow/.local/lib/python3.12/site-packages/airflow/example_dags/example_xcomargs.py
[2025-01-20T19:17:57.821+0000] {processor.py:925} INFO - DAG(s) 'example_xcom_args_with_operators', 'example_xcom_args' retrieved from /home/airflow/.local/lib/python3.12/site-packages/airflow/example_dags/example_xcomargs.py
[2025-01-20T19:17:57.838+0000] {logging_mixin.py:190} INFO - [2025-01-20T19:17:57.838+0000] {dag.py:3239} INFO - Sync 2 DAGs
[2025-01-20T19:17:57.849+0000] {logging_mixin.py:190} INFO - [2025-01-20T19:17:57.849+0000] {dag.py:4180} INFO - Setting next_dagrun for example_xcom_args to None, run_after=None
[2025-01-20T19:17:57.851+0000] {logging_mixin.py:190} INFO - [2025-01-20T19:17:57.851+0000] {dag.py:4180} INFO - Setting next_dagrun for example_xcom_args_with_operators to None, run_after=None
[2025-01-20T19:17:57.862+0000] {processor.py:208} INFO - Processing /home/airflow/.local/lib/python3.12/site-packages/airflow/example_dags/example_xcomargs.py took 0.055 seconds
[2025-01-20T19:18:28.898+0000] {processor.py:186} INFO - Started process (PID=907) to work on /home/airflow/.local/lib/python3.12/site-packages/airflow/example_dags/example_xcomargs.py
[2025-01-20T19:18:28.899+0000] {processor.py:914} INFO - Processing file /home/airflow/.local/lib/python3.12/site-packages/airflow/example_dags/example_xcomargs.py for tasks to queue
[2025-01-20T19:18:28.900+0000] {logging_mixin.py:190} INFO - [2025-01-20T19:18:28.900+0000] {dagbag.py:588} INFO - Filling up the DagBag from /home/airflow/.local/lib/python3.12/site-packages/airflow/example_dags/example_xcomargs.py
[2025-01-20T19:18:28.909+0000] {processor.py:925} INFO - DAG(s) 'example_xcom_args', 'example_xcom_args_with_operators' retrieved from /home/airflow/.local/lib/python3.12/site-packages/airflow/example_dags/example_xcomargs.py
[2025-01-20T19:18:28.929+0000] {logging_mixin.py:190} INFO - [2025-01-20T19:18:28.929+0000] {dag.py:3239} INFO - Sync 2 DAGs
[2025-01-20T19:18:28.941+0000] {logging_mixin.py:190} INFO - [2025-01-20T19:18:28.941+0000] {dag.py:4180} INFO - Setting next_dagrun for example_xcom_args to None, run_after=None
[2025-01-20T19:18:28.944+0000] {logging_mixin.py:190} INFO - [2025-01-20T19:18:28.944+0000] {dag.py:4180} INFO - Setting next_dagrun for example_xcom_args_with_operators to None, run_after=None
[2025-01-20T19:18:28.956+0000] {processor.py:208} INFO - Processing /home/airflow/.local/lib/python3.12/site-packages/airflow/example_dags/example_xcomargs.py took 0.062 seconds
[2025-01-20T19:18:59.833+0000] {processor.py:186} INFO - Started process (PID=970) to work on /home/airflow/.local/lib/python3.12/site-packages/airflow/example_dags/example_xcomargs.py
[2025-01-20T19:18:59.834+0000] {processor.py:914} INFO - Processing file /home/airflow/.local/lib/python3.12/site-packages/airflow/example_dags/example_xcomargs.py for tasks to queue
[2025-01-20T19:18:59.835+0000] {logging_mixin.py:190} INFO - [2025-01-20T19:18:59.835+0000] {dagbag.py:588} INFO - Filling up the DagBag from /home/airflow/.local/lib/python3.12/site-packages/airflow/example_dags/example_xcomargs.py
[2025-01-20T19:18:59.843+0000] {processor.py:925} INFO - DAG(s) 'example_xcom_args', 'example_xcom_args_with_operators' retrieved from /home/airflow/.local/lib/python3.12/site-packages/airflow/example_dags/example_xcomargs.py
[2025-01-20T19:18:59.861+0000] {logging_mixin.py:190} INFO - [2025-01-20T19:18:59.861+0000] {dag.py:3239} INFO - Sync 2 DAGs
[2025-01-20T19:18:59.873+0000] {logging_mixin.py:190} INFO - [2025-01-20T19:18:59.873+0000] {dag.py:4180} INFO - Setting next_dagrun for example_xcom_args to None, run_after=None
[2025-01-20T19:18:59.876+0000] {logging_mixin.py:190} INFO - [2025-01-20T19:18:59.876+0000] {dag.py:4180} INFO - Setting next_dagrun for example_xcom_args_with_operators to None, run_after=None
[2025-01-20T19:18:59.887+0000] {processor.py:208} INFO - Processing /home/airflow/.local/lib/python3.12/site-packages/airflow/example_dags/example_xcomargs.py took 0.059 seconds
[2025-01-20T19:19:31.046+0000] {processor.py:186} INFO - Started process (PID=1033) to work on /home/airflow/.local/lib/python3.12/site-packages/airflow/example_dags/example_xcomargs.py
[2025-01-20T19:19:31.047+0000] {processor.py:914} INFO - Processing file /home/airflow/.local/lib/python3.12/site-packages/airflow/example_dags/example_xcomargs.py for tasks to queue
[2025-01-20T19:19:31.049+0000] {logging_mixin.py:190} INFO - [2025-01-20T19:19:31.049+0000] {dagbag.py:588} INFO - Filling up the DagBag from /home/airflow/.local/lib/python3.12/site-packages/airflow/example_dags/example_xcomargs.py
[2025-01-20T19:19:31.056+0000] {processor.py:925} INFO - DAG(s) 'example_xcom_args', 'example_xcom_args_with_operators' retrieved from /home/airflow/.local/lib/python3.12/site-packages/airflow/example_dags/example_xcomargs.py
[2025-01-20T19:19:31.073+0000] {logging_mixin.py:190} INFO - [2025-01-20T19:19:31.073+0000] {dag.py:3239} INFO - Sync 2 DAGs
[2025-01-20T19:19:31.085+0000] {logging_mixin.py:190} INFO - [2025-01-20T19:19:31.084+0000] {dag.py:4180} INFO - Setting next_dagrun for example_xcom_args to None, run_after=None
[2025-01-20T19:19:31.087+0000] {logging_mixin.py:190} INFO - [2025-01-20T19:19:31.087+0000] {dag.py:4180} INFO - Setting next_dagrun for example_xcom_args_with_operators to None, run_after=None
[2025-01-20T19:19:31.098+0000] {processor.py:208} INFO - Processing /home/airflow/.local/lib/python3.12/site-packages/airflow/example_dags/example_xcomargs.py took 0.056 seconds
[2025-01-20T19:20:02.026+0000] {processor.py:186} INFO - Started process (PID=1096) to work on /home/airflow/.local/lib/python3.12/site-packages/airflow/example_dags/example_xcomargs.py
[2025-01-20T19:20:02.027+0000] {processor.py:914} INFO - Processing file /home/airflow/.local/lib/python3.12/site-packages/airflow/example_dags/example_xcomargs.py for tasks to queue
[2025-01-20T19:20:02.028+0000] {logging_mixin.py:190} INFO - [2025-01-20T19:20:02.028+0000] {dagbag.py:588} INFO - Filling up the DagBag from /home/airflow/.local/lib/python3.12/site-packages/airflow/example_dags/example_xcomargs.py
[2025-01-20T19:20:02.036+0000] {processor.py:925} INFO - DAG(s) 'example_xcom_args', 'example_xcom_args_with_operators' retrieved from /home/airflow/.local/lib/python3.12/site-packages/airflow/example_dags/example_xcomargs.py
[2025-01-20T19:20:02.057+0000] {logging_mixin.py:190} INFO - [2025-01-20T19:20:02.057+0000] {dag.py:3239} INFO - Sync 2 DAGs
[2025-01-20T19:20:02.072+0000] {logging_mixin.py:190} INFO - [2025-01-20T19:20:02.072+0000] {dag.py:4180} INFO - Setting next_dagrun for example_xcom_args to None, run_after=None
[2025-01-20T19:20:02.076+0000] {logging_mixin.py:190} INFO - [2025-01-20T19:20:02.075+0000] {dag.py:4180} INFO - Setting next_dagrun for example_xcom_args_with_operators to None, run_after=None
[2025-01-20T19:20:02.089+0000] {processor.py:208} INFO - Processing /home/airflow/.local/lib/python3.12/site-packages/airflow/example_dags/example_xcomargs.py took 0.067 seconds
[2025-01-20T19:20:33.076+0000] {processor.py:186} INFO - Started process (PID=1159) to work on /home/airflow/.local/lib/python3.12/site-packages/airflow/example_dags/example_xcomargs.py
[2025-01-20T19:20:33.076+0000] {processor.py:914} INFO - Processing file /home/airflow/.local/lib/python3.12/site-packages/airflow/example_dags/example_xcomargs.py for tasks to queue
[2025-01-20T19:20:33.078+0000] {logging_mixin.py:190} INFO - [2025-01-20T19:20:33.078+0000] {dagbag.py:588} INFO - Filling up the DagBag from /home/airflow/.local/lib/python3.12/site-packages/airflow/example_dags/example_xcomargs.py
[2025-01-20T19:20:33.086+0000] {processor.py:925} INFO - DAG(s) 'example_xcom_args_with_operators', 'example_xcom_args' retrieved from /home/airflow/.local/lib/python3.12/site-packages/airflow/example_dags/example_xcomargs.py
[2025-01-20T19:20:33.103+0000] {logging_mixin.py:190} INFO - [2025-01-20T19:20:33.103+0000] {dag.py:3239} INFO - Sync 2 DAGs
[2025-01-20T19:20:33.114+0000] {logging_mixin.py:190} INFO - [2025-01-20T19:20:33.114+0000] {dag.py:4180} INFO - Setting next_dagrun for example_xcom_args to None, run_after=None
[2025-01-20T19:20:33.116+0000] {logging_mixin.py:190} INFO - [2025-01-20T19:20:33.116+0000] {dag.py:4180} INFO - Setting next_dagrun for example_xcom_args_with_operators to None, run_after=None
[2025-01-20T19:20:33.127+0000] {processor.py:208} INFO - Processing /home/airflow/.local/lib/python3.12/site-packages/airflow/example_dags/example_xcomargs.py took 0.056 seconds
[2025-01-20T19:21:04.429+0000] {processor.py:186} INFO - Started process (PID=1222) to work on /home/airflow/.local/lib/python3.12/site-packages/airflow/example_dags/example_xcomargs.py
[2025-01-20T19:21:04.429+0000] {processor.py:914} INFO - Processing file /home/airflow/.local/lib/python3.12/site-packages/airflow/example_dags/example_xcomargs.py for tasks to queue
[2025-01-20T19:21:04.431+0000] {logging_mixin.py:190} INFO - [2025-01-20T19:21:04.430+0000] {dagbag.py:588} INFO - Filling up the DagBag from /home/airflow/.local/lib/python3.12/site-packages/airflow/example_dags/example_xcomargs.py
[2025-01-20T19:21:04.439+0000] {processor.py:925} INFO - DAG(s) 'example_xcom_args', 'example_xcom_args_with_operators' retrieved from /home/airflow/.local/lib/python3.12/site-packages/airflow/example_dags/example_xcomargs.py
[2025-01-20T19:21:04.460+0000] {logging_mixin.py:190} INFO - [2025-01-20T19:21:04.460+0000] {dag.py:3239} INFO - Sync 2 DAGs
[2025-01-20T19:21:04.475+0000] {logging_mixin.py:190} INFO - [2025-01-20T19:21:04.474+0000] {dag.py:4180} INFO - Setting next_dagrun for example_xcom_args to None, run_after=None
[2025-01-20T19:21:04.478+0000] {logging_mixin.py:190} INFO - [2025-01-20T19:21:04.478+0000] {dag.py:4180} INFO - Setting next_dagrun for example_xcom_args_with_operators to None, run_after=None
[2025-01-20T19:21:04.490+0000] {processor.py:208} INFO - Processing /home/airflow/.local/lib/python3.12/site-packages/airflow/example_dags/example_xcomargs.py took 0.066 seconds
[2025-01-20T19:21:35.761+0000] {processor.py:186} INFO - Started process (PID=1285) to work on /home/airflow/.local/lib/python3.12/site-packages/airflow/example_dags/example_xcomargs.py
[2025-01-20T19:21:35.761+0000] {processor.py:914} INFO - Processing file /home/airflow/.local/lib/python3.12/site-packages/airflow/example_dags/example_xcomargs.py for tasks to queue
[2025-01-20T19:21:35.763+0000] {logging_mixin.py:190} INFO - [2025-01-20T19:21:35.763+0000] {dagbag.py:588} INFO - Filling up the DagBag from /home/airflow/.local/lib/python3.12/site-packages/airflow/example_dags/example_xcomargs.py
[2025-01-20T19:21:35.771+0000] {processor.py:925} INFO - DAG(s) 'example_xcom_args', 'example_xcom_args_with_operators' retrieved from /home/airflow/.local/lib/python3.12/site-packages/airflow/example_dags/example_xcomargs.py
[2025-01-20T19:21:35.793+0000] {logging_mixin.py:190} INFO - [2025-01-20T19:21:35.792+0000] {dag.py:3239} INFO - Sync 2 DAGs
[2025-01-20T19:21:35.807+0000] {logging_mixin.py:190} INFO - [2025-01-20T19:21:35.807+0000] {dag.py:4180} INFO - Setting next_dagrun for example_xcom_args to None, run_after=None
[2025-01-20T19:21:35.810+0000] {logging_mixin.py:190} INFO - [2025-01-20T19:21:35.810+0000] {dag.py:4180} INFO - Setting next_dagrun for example_xcom_args_with_operators to None, run_after=None
[2025-01-20T19:21:35.823+0000] {processor.py:208} INFO - Processing /home/airflow/.local/lib/python3.12/site-packages/airflow/example_dags/example_xcomargs.py took 0.067 seconds
[2025-01-20T19:22:07.001+0000] {processor.py:186} INFO - Started process (PID=1348) to work on /home/airflow/.local/lib/python3.12/site-packages/airflow/example_dags/example_xcomargs.py
[2025-01-20T19:22:07.002+0000] {processor.py:914} INFO - Processing file /home/airflow/.local/lib/python3.12/site-packages/airflow/example_dags/example_xcomargs.py for tasks to queue
[2025-01-20T19:22:07.004+0000] {logging_mixin.py:190} INFO - [2025-01-20T19:22:07.004+0000] {dagbag.py:588} INFO - Filling up the DagBag from /home/airflow/.local/lib/python3.12/site-packages/airflow/example_dags/example_xcomargs.py
[2025-01-20T19:22:07.015+0000] {processor.py:925} INFO - DAG(s) 'example_xcom_args_with_operators', 'example_xcom_args' retrieved from /home/airflow/.local/lib/python3.12/site-packages/airflow/example_dags/example_xcomargs.py
[2025-01-20T19:22:07.041+0000] {logging_mixin.py:190} INFO - [2025-01-20T19:22:07.041+0000] {dag.py:3239} INFO - Sync 2 DAGs
[2025-01-20T19:22:07.062+0000] {logging_mixin.py:190} INFO - [2025-01-20T19:22:07.062+0000] {dag.py:4180} INFO - Setting next_dagrun for example_xcom_args to None, run_after=None
[2025-01-20T19:22:07.066+0000] {logging_mixin.py:190} INFO - [2025-01-20T19:22:07.066+0000] {dag.py:4180} INFO - Setting next_dagrun for example_xcom_args_with_operators to None, run_after=None
[2025-01-20T19:22:07.082+0000] {processor.py:208} INFO - Processing /home/airflow/.local/lib/python3.12/site-packages/airflow/example_dags/example_xcomargs.py took 0.087 seconds
[2025-01-20T19:22:38.156+0000] {processor.py:186} INFO - Started process (PID=1411) to work on /home/airflow/.local/lib/python3.12/site-packages/airflow/example_dags/example_xcomargs.py
[2025-01-20T19:22:38.157+0000] {processor.py:914} INFO - Processing file /home/airflow/.local/lib/python3.12/site-packages/airflow/example_dags/example_xcomargs.py for tasks to queue
[2025-01-20T19:22:38.158+0000] {logging_mixin.py:190} INFO - [2025-01-20T19:22:38.158+0000] {dagbag.py:588} INFO - Filling up the DagBag from /home/airflow/.local/lib/python3.12/site-packages/airflow/example_dags/example_xcomargs.py
[2025-01-20T19:22:38.166+0000] {processor.py:925} INFO - DAG(s) 'example_xcom_args', 'example_xcom_args_with_operators' retrieved from /home/airflow/.local/lib/python3.12/site-packages/airflow/example_dags/example_xcomargs.py
[2025-01-20T19:22:38.184+0000] {logging_mixin.py:190} INFO - [2025-01-20T19:22:38.184+0000] {dag.py:3239} INFO - Sync 2 DAGs
[2025-01-20T19:22:38.195+0000] {logging_mixin.py:190} INFO - [2025-01-20T19:22:38.195+0000] {dag.py:4180} INFO - Setting next_dagrun for example_xcom_args to None, run_after=None
[2025-01-20T19:22:38.198+0000] {logging_mixin.py:190} INFO - [2025-01-20T19:22:38.198+0000] {dag.py:4180} INFO - Setting next_dagrun for example_xcom_args_with_operators to None, run_after=None
[2025-01-20T19:22:38.209+0000] {processor.py:208} INFO - Processing /home/airflow/.local/lib/python3.12/site-packages/airflow/example_dags/example_xcomargs.py took 0.057 seconds
[2025-01-20T19:23:09.296+0000] {processor.py:186} INFO - Started process (PID=1474) to work on /home/airflow/.local/lib/python3.12/site-packages/airflow/example_dags/example_xcomargs.py
[2025-01-20T19:23:09.297+0000] {processor.py:914} INFO - Processing file /home/airflow/.local/lib/python3.12/site-packages/airflow/example_dags/example_xcomargs.py for tasks to queue
[2025-01-20T19:23:09.298+0000] {logging_mixin.py:190} INFO - [2025-01-20T19:23:09.298+0000] {dagbag.py:588} INFO - Filling up the DagBag from /home/airflow/.local/lib/python3.12/site-packages/airflow/example_dags/example_xcomargs.py
[2025-01-20T19:23:09.306+0000] {processor.py:925} INFO - DAG(s) 'example_xcom_args', 'example_xcom_args_with_operators' retrieved from /home/airflow/.local/lib/python3.12/site-packages/airflow/example_dags/example_xcomargs.py
[2025-01-20T19:23:09.324+0000] {logging_mixin.py:190} INFO - [2025-01-20T19:23:09.323+0000] {dag.py:3239} INFO - Sync 2 DAGs
[2025-01-20T19:23:09.334+0000] {logging_mixin.py:190} INFO - [2025-01-20T19:23:09.334+0000] {dag.py:4180} INFO - Setting next_dagrun for example_xcom_args to None, run_after=None
[2025-01-20T19:23:09.337+0000] {logging_mixin.py:190} INFO - [2025-01-20T19:23:09.337+0000] {dag.py:4180} INFO - Setting next_dagrun for example_xcom_args_with_operators to None, run_after=None
[2025-01-20T19:23:09.350+0000] {processor.py:208} INFO - Processing /home/airflow/.local/lib/python3.12/site-packages/airflow/example_dags/example_xcomargs.py took 0.058 seconds
[2025-01-20T19:23:40.540+0000] {processor.py:186} INFO - Started process (PID=1537) to work on /home/airflow/.local/lib/python3.12/site-packages/airflow/example_dags/example_xcomargs.py
[2025-01-20T19:23:40.541+0000] {processor.py:914} INFO - Processing file /home/airflow/.local/lib/python3.12/site-packages/airflow/example_dags/example_xcomargs.py for tasks to queue
[2025-01-20T19:23:40.544+0000] {logging_mixin.py:190} INFO - [2025-01-20T19:23:40.543+0000] {dagbag.py:588} INFO - Filling up the DagBag from /home/airflow/.local/lib/python3.12/site-packages/airflow/example_dags/example_xcomargs.py
[2025-01-20T19:23:40.552+0000] {processor.py:925} INFO - DAG(s) 'example_xcom_args', 'example_xcom_args_with_operators' retrieved from /home/airflow/.local/lib/python3.12/site-packages/airflow/example_dags/example_xcomargs.py
[2025-01-20T19:23:40.570+0000] {logging_mixin.py:190} INFO - [2025-01-20T19:23:40.570+0000] {dag.py:3239} INFO - Sync 2 DAGs
[2025-01-20T19:23:40.586+0000] {logging_mixin.py:190} INFO - [2025-01-20T19:23:40.585+0000] {dag.py:4180} INFO - Setting next_dagrun for example_xcom_args to None, run_after=None
[2025-01-20T19:23:40.588+0000] {logging_mixin.py:190} INFO - [2025-01-20T19:23:40.588+0000] {dag.py:4180} INFO - Setting next_dagrun for example_xcom_args_with_operators to None, run_after=None
[2025-01-20T19:23:40.602+0000] {processor.py:208} INFO - Processing /home/airflow/.local/lib/python3.12/site-packages/airflow/example_dags/example_xcomargs.py took 0.067 seconds
[2025-01-20T19:24:11.793+0000] {processor.py:186} INFO - Started process (PID=1600) to work on /home/airflow/.local/lib/python3.12/site-packages/airflow/example_dags/example_xcomargs.py
[2025-01-20T19:24:11.794+0000] {processor.py:914} INFO - Processing file /home/airflow/.local/lib/python3.12/site-packages/airflow/example_dags/example_xcomargs.py for tasks to queue
[2025-01-20T19:24:11.795+0000] {logging_mixin.py:190} INFO - [2025-01-20T19:24:11.795+0000] {dagbag.py:588} INFO - Filling up the DagBag from /home/airflow/.local/lib/python3.12/site-packages/airflow/example_dags/example_xcomargs.py
[2025-01-20T19:24:11.805+0000] {processor.py:925} INFO - DAG(s) 'example_xcom_args', 'example_xcom_args_with_operators' retrieved from /home/airflow/.local/lib/python3.12/site-packages/airflow/example_dags/example_xcomargs.py
[2025-01-20T19:24:11.824+0000] {logging_mixin.py:190} INFO - [2025-01-20T19:24:11.824+0000] {dag.py:3239} INFO - Sync 2 DAGs
[2025-01-20T19:24:11.835+0000] {logging_mixin.py:190} INFO - [2025-01-20T19:24:11.835+0000] {dag.py:4180} INFO - Setting next_dagrun for example_xcom_args to None, run_after=None
[2025-01-20T19:24:11.837+0000] {logging_mixin.py:190} INFO - [2025-01-20T19:24:11.837+0000] {dag.py:4180} INFO - Setting next_dagrun for example_xcom_args_with_operators to None, run_after=None
[2025-01-20T19:24:11.848+0000] {processor.py:208} INFO - Processing /home/airflow/.local/lib/python3.12/site-packages/airflow/example_dags/example_xcomargs.py took 0.060 seconds
[2025-01-20T19:24:43.033+0000] {processor.py:186} INFO - Started process (PID=1663) to work on /home/airflow/.local/lib/python3.12/site-packages/airflow/example_dags/example_xcomargs.py
[2025-01-20T19:24:43.034+0000] {processor.py:914} INFO - Processing file /home/airflow/.local/lib/python3.12/site-packages/airflow/example_dags/example_xcomargs.py for tasks to queue
[2025-01-20T19:24:43.036+0000] {logging_mixin.py:190} INFO - [2025-01-20T19:24:43.036+0000] {dagbag.py:588} INFO - Filling up the DagBag from /home/airflow/.local/lib/python3.12/site-packages/airflow/example_dags/example_xcomargs.py
[2025-01-20T19:24:43.047+0000] {processor.py:925} INFO - DAG(s) 'example_xcom_args', 'example_xcom_args_with_operators' retrieved from /home/airflow/.local/lib/python3.12/site-packages/airflow/example_dags/example_xcomargs.py
[2025-01-20T19:24:43.067+0000] {logging_mixin.py:190} INFO - [2025-01-20T19:24:43.067+0000] {dag.py:3239} INFO - Sync 2 DAGs
[2025-01-20T19:24:43.083+0000] {logging_mixin.py:190} INFO - [2025-01-20T19:24:43.083+0000] {dag.py:4180} INFO - Setting next_dagrun for example_xcom_args to None, run_after=None
[2025-01-20T19:24:43.087+0000] {logging_mixin.py:190} INFO - [2025-01-20T19:24:43.087+0000] {dag.py:4180} INFO - Setting next_dagrun for example_xcom_args_with_operators to None, run_after=None
[2025-01-20T19:24:43.101+0000] {processor.py:208} INFO - Processing /home/airflow/.local/lib/python3.12/site-packages/airflow/example_dags/example_xcomargs.py took 0.072 seconds
[2025-01-20T19:25:14.492+0000] {processor.py:186} INFO - Started process (PID=1732) to work on /home/airflow/.local/lib/python3.12/site-packages/airflow/example_dags/example_xcomargs.py
[2025-01-20T19:25:14.492+0000] {processor.py:914} INFO - Processing file /home/airflow/.local/lib/python3.12/site-packages/airflow/example_dags/example_xcomargs.py for tasks to queue
[2025-01-20T19:25:14.494+0000] {logging_mixin.py:190} INFO - [2025-01-20T19:25:14.494+0000] {dagbag.py:588} INFO - Filling up the DagBag from /home/airflow/.local/lib/python3.12/site-packages/airflow/example_dags/example_xcomargs.py
[2025-01-20T19:25:14.503+0000] {processor.py:925} INFO - DAG(s) 'example_xcom_args_with_operators', 'example_xcom_args' retrieved from /home/airflow/.local/lib/python3.12/site-packages/airflow/example_dags/example_xcomargs.py
[2025-01-20T19:25:14.520+0000] {logging_mixin.py:190} INFO - [2025-01-20T19:25:14.520+0000] {dag.py:3239} INFO - Sync 2 DAGs
[2025-01-20T19:25:14.536+0000] {logging_mixin.py:190} INFO - [2025-01-20T19:25:14.536+0000] {dag.py:4180} INFO - Setting next_dagrun for example_xcom_args to None, run_after=None
[2025-01-20T19:25:14.540+0000] {logging_mixin.py:190} INFO - [2025-01-20T19:25:14.540+0000] {dag.py:4180} INFO - Setting next_dagrun for example_xcom_args_with_operators to None, run_after=None
[2025-01-20T19:25:14.555+0000] {processor.py:208} INFO - Processing /home/airflow/.local/lib/python3.12/site-packages/airflow/example_dags/example_xcomargs.py took 0.067 seconds
[2025-01-20T19:25:46.058+0000] {processor.py:186} INFO - Started process (PID=1795) to work on /home/airflow/.local/lib/python3.12/site-packages/airflow/example_dags/example_xcomargs.py
[2025-01-20T19:25:46.059+0000] {processor.py:914} INFO - Processing file /home/airflow/.local/lib/python3.12/site-packages/airflow/example_dags/example_xcomargs.py for tasks to queue
[2025-01-20T19:25:46.061+0000] {logging_mixin.py:190} INFO - [2025-01-20T19:25:46.061+0000] {dagbag.py:588} INFO - Filling up the DagBag from /home/airflow/.local/lib/python3.12/site-packages/airflow/example_dags/example_xcomargs.py
[2025-01-20T19:25:46.073+0000] {processor.py:925} INFO - DAG(s) 'example_xcom_args', 'example_xcom_args_with_operators' retrieved from /home/airflow/.local/lib/python3.12/site-packages/airflow/example_dags/example_xcomargs.py
[2025-01-20T19:25:46.098+0000] {logging_mixin.py:190} INFO - [2025-01-20T19:25:46.098+0000] {dag.py:3239} INFO - Sync 2 DAGs
[2025-01-20T19:25:46.114+0000] {logging_mixin.py:190} INFO - [2025-01-20T19:25:46.113+0000] {dag.py:4180} INFO - Setting next_dagrun for example_xcom_args to None, run_after=None
[2025-01-20T19:25:46.118+0000] {logging_mixin.py:190} INFO - [2025-01-20T19:25:46.118+0000] {dag.py:4180} INFO - Setting next_dagrun for example_xcom_args_with_operators to None, run_after=None
[2025-01-20T19:25:46.133+0000] {processor.py:208} INFO - Processing /home/airflow/.local/lib/python3.12/site-packages/airflow/example_dags/example_xcomargs.py took 0.081 seconds
[2025-01-20T19:26:17.444+0000] {processor.py:186} INFO - Started process (PID=1858) to work on /home/airflow/.local/lib/python3.12/site-packages/airflow/example_dags/example_xcomargs.py
[2025-01-20T19:26:17.445+0000] {processor.py:914} INFO - Processing file /home/airflow/.local/lib/python3.12/site-packages/airflow/example_dags/example_xcomargs.py for tasks to queue
[2025-01-20T19:26:17.447+0000] {logging_mixin.py:190} INFO - [2025-01-20T19:26:17.447+0000] {dagbag.py:588} INFO - Filling up the DagBag from /home/airflow/.local/lib/python3.12/site-packages/airflow/example_dags/example_xcomargs.py
[2025-01-20T19:26:17.459+0000] {processor.py:925} INFO - DAG(s) 'example_xcom_args', 'example_xcom_args_with_operators' retrieved from /home/airflow/.local/lib/python3.12/site-packages/airflow/example_dags/example_xcomargs.py
[2025-01-20T19:26:17.484+0000] {logging_mixin.py:190} INFO - [2025-01-20T19:26:17.484+0000] {dag.py:3239} INFO - Sync 2 DAGs
[2025-01-20T19:26:17.503+0000] {logging_mixin.py:190} INFO - [2025-01-20T19:26:17.502+0000] {dag.py:4180} INFO - Setting next_dagrun for example_xcom_args to None, run_after=None
[2025-01-20T19:26:17.506+0000] {logging_mixin.py:190} INFO - [2025-01-20T19:26:17.506+0000] {dag.py:4180} INFO - Setting next_dagrun for example_xcom_args_with_operators to None, run_after=None
[2025-01-20T19:26:17.520+0000] {processor.py:208} INFO - Processing /home/airflow/.local/lib/python3.12/site-packages/airflow/example_dags/example_xcomargs.py took 0.082 seconds
[2025-01-20T19:26:48.180+0000] {processor.py:186} INFO - Started process (PID=1922) to work on /home/airflow/.local/lib/python3.12/site-packages/airflow/example_dags/example_xcomargs.py
[2025-01-20T19:26:48.180+0000] {processor.py:914} INFO - Processing file /home/airflow/.local/lib/python3.12/site-packages/airflow/example_dags/example_xcomargs.py for tasks to queue
[2025-01-20T19:26:48.182+0000] {logging_mixin.py:190} INFO - [2025-01-20T19:26:48.182+0000] {dagbag.py:588} INFO - Filling up the DagBag from /home/airflow/.local/lib/python3.12/site-packages/airflow/example_dags/example_xcomargs.py
[2025-01-20T19:26:48.190+0000] {processor.py:925} INFO - DAG(s) 'example_xcom_args', 'example_xcom_args_with_operators' retrieved from /home/airflow/.local/lib/python3.12/site-packages/airflow/example_dags/example_xcomargs.py
[2025-01-20T19:26:48.208+0000] {logging_mixin.py:190} INFO - [2025-01-20T19:26:48.207+0000] {dag.py:3239} INFO - Sync 2 DAGs
[2025-01-20T19:26:48.219+0000] {logging_mixin.py:190} INFO - [2025-01-20T19:26:48.218+0000] {dag.py:4180} INFO - Setting next_dagrun for example_xcom_args to None, run_after=None
[2025-01-20T19:26:48.221+0000] {logging_mixin.py:190} INFO - [2025-01-20T19:26:48.221+0000] {dag.py:4180} INFO - Setting next_dagrun for example_xcom_args_with_operators to None, run_after=None
[2025-01-20T19:26:48.233+0000] {processor.py:208} INFO - Processing /home/airflow/.local/lib/python3.12/site-packages/airflow/example_dags/example_xcomargs.py took 0.057 seconds
[2025-01-20T19:27:19.633+0000] {processor.py:186} INFO - Started process (PID=1987) to work on /home/airflow/.local/lib/python3.12/site-packages/airflow/example_dags/example_xcomargs.py
[2025-01-20T19:27:19.633+0000] {processor.py:914} INFO - Processing file /home/airflow/.local/lib/python3.12/site-packages/airflow/example_dags/example_xcomargs.py for tasks to queue
[2025-01-20T19:27:19.635+0000] {logging_mixin.py:190} INFO - [2025-01-20T19:27:19.634+0000] {dagbag.py:588} INFO - Filling up the DagBag from /home/airflow/.local/lib/python3.12/site-packages/airflow/example_dags/example_xcomargs.py
[2025-01-20T19:27:19.643+0000] {processor.py:925} INFO - DAG(s) 'example_xcom_args_with_operators', 'example_xcom_args' retrieved from /home/airflow/.local/lib/python3.12/site-packages/airflow/example_dags/example_xcomargs.py
[2025-01-20T19:27:19.660+0000] {logging_mixin.py:190} INFO - [2025-01-20T19:27:19.660+0000] {dag.py:3239} INFO - Sync 2 DAGs
[2025-01-20T19:27:19.671+0000] {logging_mixin.py:190} INFO - [2025-01-20T19:27:19.671+0000] {dag.py:4180} INFO - Setting next_dagrun for example_xcom_args to None, run_after=None
[2025-01-20T19:27:19.674+0000] {logging_mixin.py:190} INFO - [2025-01-20T19:27:19.674+0000] {dag.py:4180} INFO - Setting next_dagrun for example_xcom_args_with_operators to None, run_after=None
[2025-01-20T19:27:19.684+0000] {processor.py:208} INFO - Processing /home/airflow/.local/lib/python3.12/site-packages/airflow/example_dags/example_xcomargs.py took 0.057 seconds
[2025-01-20T19:27:50.273+0000] {processor.py:186} INFO - Started process (PID=2052) to work on /home/airflow/.local/lib/python3.12/site-packages/airflow/example_dags/example_xcomargs.py
[2025-01-20T19:27:50.274+0000] {processor.py:914} INFO - Processing file /home/airflow/.local/lib/python3.12/site-packages/airflow/example_dags/example_xcomargs.py for tasks to queue
[2025-01-20T19:27:50.275+0000] {logging_mixin.py:190} INFO - [2025-01-20T19:27:50.275+0000] {dagbag.py:588} INFO - Filling up the DagBag from /home/airflow/.local/lib/python3.12/site-packages/airflow/example_dags/example_xcomargs.py
[2025-01-20T19:27:50.283+0000] {processor.py:925} INFO - DAG(s) 'example_xcom_args_with_operators', 'example_xcom_args' retrieved from /home/airflow/.local/lib/python3.12/site-packages/airflow/example_dags/example_xcomargs.py
[2025-01-20T19:27:50.300+0000] {logging_mixin.py:190} INFO - [2025-01-20T19:27:50.299+0000] {dag.py:3239} INFO - Sync 2 DAGs
[2025-01-20T19:27:50.311+0000] {logging_mixin.py:190} INFO - [2025-01-20T19:27:50.311+0000] {dag.py:4180} INFO - Setting next_dagrun for example_xcom_args to None, run_after=None
[2025-01-20T19:27:50.313+0000] {logging_mixin.py:190} INFO - [2025-01-20T19:27:50.313+0000] {dag.py:4180} INFO - Setting next_dagrun for example_xcom_args_with_operators to None, run_after=None
[2025-01-20T19:27:50.326+0000] {processor.py:208} INFO - Processing /home/airflow/.local/lib/python3.12/site-packages/airflow/example_dags/example_xcomargs.py took 0.058 seconds
[2025-01-20T19:28:21.817+0000] {processor.py:186} INFO - Started process (PID=2116) to work on /home/airflow/.local/lib/python3.12/site-packages/airflow/example_dags/example_xcomargs.py
[2025-01-20T19:28:21.818+0000] {processor.py:914} INFO - Processing file /home/airflow/.local/lib/python3.12/site-packages/airflow/example_dags/example_xcomargs.py for tasks to queue
[2025-01-20T19:28:21.819+0000] {logging_mixin.py:190} INFO - [2025-01-20T19:28:21.819+0000] {dagbag.py:588} INFO - Filling up the DagBag from /home/airflow/.local/lib/python3.12/site-packages/airflow/example_dags/example_xcomargs.py
[2025-01-20T19:28:21.827+0000] {processor.py:925} INFO - DAG(s) 'example_xcom_args_with_operators', 'example_xcom_args' retrieved from /home/airflow/.local/lib/python3.12/site-packages/airflow/example_dags/example_xcomargs.py
[2025-01-20T19:28:21.845+0000] {logging_mixin.py:190} INFO - [2025-01-20T19:28:21.844+0000] {dag.py:3239} INFO - Sync 2 DAGs
[2025-01-20T19:28:21.856+0000] {logging_mixin.py:190} INFO - [2025-01-20T19:28:21.856+0000] {dag.py:4180} INFO - Setting next_dagrun for example_xcom_args to None, run_after=None
[2025-01-20T19:28:21.858+0000] {logging_mixin.py:190} INFO - [2025-01-20T19:28:21.858+0000] {dag.py:4180} INFO - Setting next_dagrun for example_xcom_args_with_operators to None, run_after=None
[2025-01-20T19:28:21.869+0000] {processor.py:208} INFO - Processing /home/airflow/.local/lib/python3.12/site-packages/airflow/example_dags/example_xcomargs.py took 0.056 seconds
[2025-01-20T19:28:52.906+0000] {processor.py:186} INFO - Started process (PID=2180) to work on /home/airflow/.local/lib/python3.12/site-packages/airflow/example_dags/example_xcomargs.py
[2025-01-20T19:28:52.907+0000] {processor.py:914} INFO - Processing file /home/airflow/.local/lib/python3.12/site-packages/airflow/example_dags/example_xcomargs.py for tasks to queue
[2025-01-20T19:28:52.908+0000] {logging_mixin.py:190} INFO - [2025-01-20T19:28:52.908+0000] {dagbag.py:588} INFO - Filling up the DagBag from /home/airflow/.local/lib/python3.12/site-packages/airflow/example_dags/example_xcomargs.py
[2025-01-20T19:28:52.916+0000] {processor.py:925} INFO - DAG(s) 'example_xcom_args', 'example_xcom_args_with_operators' retrieved from /home/airflow/.local/lib/python3.12/site-packages/airflow/example_dags/example_xcomargs.py
[2025-01-20T19:28:52.936+0000] {logging_mixin.py:190} INFO - [2025-01-20T19:28:52.936+0000] {dag.py:3239} INFO - Sync 2 DAGs
[2025-01-20T19:28:52.949+0000] {logging_mixin.py:190} INFO - [2025-01-20T19:28:52.949+0000] {dag.py:4180} INFO - Setting next_dagrun for example_xcom_args to None, run_after=None
[2025-01-20T19:28:52.952+0000] {logging_mixin.py:190} INFO - [2025-01-20T19:28:52.952+0000] {dag.py:4180} INFO - Setting next_dagrun for example_xcom_args_with_operators to None, run_after=None
[2025-01-20T19:28:52.965+0000] {processor.py:208} INFO - Processing /home/airflow/.local/lib/python3.12/site-packages/airflow/example_dags/example_xcomargs.py took 0.063 seconds
[2025-01-20T19:29:24.049+0000] {processor.py:186} INFO - Started process (PID=2244) to work on /home/airflow/.local/lib/python3.12/site-packages/airflow/example_dags/example_xcomargs.py
[2025-01-20T19:29:24.050+0000] {processor.py:914} INFO - Processing file /home/airflow/.local/lib/python3.12/site-packages/airflow/example_dags/example_xcomargs.py for tasks to queue
[2025-01-20T19:29:24.052+0000] {logging_mixin.py:190} INFO - [2025-01-20T19:29:24.051+0000] {dagbag.py:588} INFO - Filling up the DagBag from /home/airflow/.local/lib/python3.12/site-packages/airflow/example_dags/example_xcomargs.py
[2025-01-20T19:29:24.059+0000] {processor.py:925} INFO - DAG(s) 'example_xcom_args', 'example_xcom_args_with_operators' retrieved from /home/airflow/.local/lib/python3.12/site-packages/airflow/example_dags/example_xcomargs.py
[2025-01-20T19:29:24.081+0000] {logging_mixin.py:190} INFO - [2025-01-20T19:29:24.080+0000] {dag.py:3239} INFO - Sync 2 DAGs
[2025-01-20T19:29:24.095+0000] {logging_mixin.py:190} INFO - [2025-01-20T19:29:24.095+0000] {dag.py:4180} INFO - Setting next_dagrun for example_xcom_args to None, run_after=None
[2025-01-20T19:29:24.099+0000] {logging_mixin.py:190} INFO - [2025-01-20T19:29:24.099+0000] {dag.py:4180} INFO - Setting next_dagrun for example_xcom_args_with_operators to None, run_after=None
[2025-01-20T19:29:24.111+0000] {processor.py:208} INFO - Processing /home/airflow/.local/lib/python3.12/site-packages/airflow/example_dags/example_xcomargs.py took 0.066 seconds
[2025-01-20T19:29:55.504+0000] {processor.py:186} INFO - Started process (PID=2308) to work on /home/airflow/.local/lib/python3.12/site-packages/airflow/example_dags/example_xcomargs.py
[2025-01-20T19:29:55.504+0000] {processor.py:914} INFO - Processing file /home/airflow/.local/lib/python3.12/site-packages/airflow/example_dags/example_xcomargs.py for tasks to queue
[2025-01-20T19:29:55.506+0000] {logging_mixin.py:190} INFO - [2025-01-20T19:29:55.506+0000] {dagbag.py:588} INFO - Filling up the DagBag from /home/airflow/.local/lib/python3.12/site-packages/airflow/example_dags/example_xcomargs.py
[2025-01-20T19:29:55.514+0000] {processor.py:925} INFO - DAG(s) 'example_xcom_args_with_operators', 'example_xcom_args' retrieved from /home/airflow/.local/lib/python3.12/site-packages/airflow/example_dags/example_xcomargs.py
[2025-01-20T19:29:55.532+0000] {logging_mixin.py:190} INFO - [2025-01-20T19:29:55.532+0000] {dag.py:3239} INFO - Sync 2 DAGs
[2025-01-20T19:29:55.543+0000] {logging_mixin.py:190} INFO - [2025-01-20T19:29:55.543+0000] {dag.py:4180} INFO - Setting next_dagrun for example_xcom_args to None, run_after=None
[2025-01-20T19:29:55.545+0000] {logging_mixin.py:190} INFO - [2025-01-20T19:29:55.545+0000] {dag.py:4180} INFO - Setting next_dagrun for example_xcom_args_with_operators to None, run_after=None
[2025-01-20T19:29:55.557+0000] {processor.py:208} INFO - Processing /home/airflow/.local/lib/python3.12/site-packages/airflow/example_dags/example_xcomargs.py took 0.058 seconds
[2025-01-20T19:30:26.567+0000] {processor.py:186} INFO - Started process (PID=2372) to work on /home/airflow/.local/lib/python3.12/site-packages/airflow/example_dags/example_xcomargs.py
[2025-01-20T19:30:26.567+0000] {processor.py:914} INFO - Processing file /home/airflow/.local/lib/python3.12/site-packages/airflow/example_dags/example_xcomargs.py for tasks to queue
[2025-01-20T19:30:26.569+0000] {logging_mixin.py:190} INFO - [2025-01-20T19:30:26.569+0000] {dagbag.py:588} INFO - Filling up the DagBag from /home/airflow/.local/lib/python3.12/site-packages/airflow/example_dags/example_xcomargs.py
[2025-01-20T19:30:26.577+0000] {processor.py:925} INFO - DAG(s) 'example_xcom_args', 'example_xcom_args_with_operators' retrieved from /home/airflow/.local/lib/python3.12/site-packages/airflow/example_dags/example_xcomargs.py
[2025-01-20T19:30:26.595+0000] {logging_mixin.py:190} INFO - [2025-01-20T19:30:26.594+0000] {dag.py:3239} INFO - Sync 2 DAGs
[2025-01-20T19:30:26.606+0000] {logging_mixin.py:190} INFO - [2025-01-20T19:30:26.606+0000] {dag.py:4180} INFO - Setting next_dagrun for example_xcom_args to None, run_after=None
[2025-01-20T19:30:26.608+0000] {logging_mixin.py:190} INFO - [2025-01-20T19:30:26.608+0000] {dag.py:4180} INFO - Setting next_dagrun for example_xcom_args_with_operators to None, run_after=None
[2025-01-20T19:30:26.620+0000] {processor.py:208} INFO - Processing /home/airflow/.local/lib/python3.12/site-packages/airflow/example_dags/example_xcomargs.py took 0.057 seconds
