[2025-01-20T19:11:51.081+0000] {processor.py:186} INFO - Started process (PID=116) to work on /home/airflow/.local/lib/python3.12/site-packages/airflow/example_dags/example_bash_operator.py
[2025-01-20T19:11:51.081+0000] {processor.py:914} INFO - Processing file /home/airflow/.local/lib/python3.12/site-packages/airflow/example_dags/example_bash_operator.py for tasks to queue
[2025-01-20T19:11:51.083+0000] {logging_mixin.py:190} INFO - [2025-01-20T19:11:51.083+0000] {dagbag.py:588} INFO - Filling up the DagBag from /home/airflow/.local/lib/python3.12/site-packages/airflow/example_dags/example_bash_operator.py
[2025-01-20T19:11:51.096+0000] {processor.py:925} INFO - DAG(s) 'example_bash_operator' retrieved from /home/airflow/.local/lib/python3.12/site-packages/airflow/example_dags/example_bash_operator.py
[2025-01-20T19:11:51.212+0000] {logging_mixin.py:190} INFO - [2025-01-20T19:11:51.212+0000] {override.py:1911} INFO - Created Permission View: can edit on DAG:example_bash_operator
[2025-01-20T19:11:51.219+0000] {logging_mixin.py:190} INFO - [2025-01-20T19:11:51.219+0000] {override.py:1911} INFO - Created Permission View: can delete on DAG:example_bash_operator
[2025-01-20T19:11:51.223+0000] {logging_mixin.py:190} INFO - [2025-01-20T19:11:51.223+0000] {override.py:1911} INFO - Created Permission View: can read on DAG:example_bash_operator
[2025-01-20T19:11:51.228+0000] {logging_mixin.py:190} INFO - [2025-01-20T19:11:51.228+0000] {override.py:1911} INFO - Created Permission View: can create on DAG Run:example_bash_operator
[2025-01-20T19:11:51.233+0000] {logging_mixin.py:190} INFO - [2025-01-20T19:11:51.233+0000] {override.py:1911} INFO - Created Permission View: can delete on DAG Run:example_bash_operator
[2025-01-20T19:11:51.238+0000] {logging_mixin.py:190} INFO - [2025-01-20T19:11:51.238+0000] {override.py:1911} INFO - Created Permission View: menu access on DAG Run:example_bash_operator
[2025-01-20T19:11:51.244+0000] {logging_mixin.py:190} INFO - [2025-01-20T19:11:51.243+0000] {override.py:1911} INFO - Created Permission View: can read on DAG Run:example_bash_operator
[2025-01-20T19:11:51.244+0000] {logging_mixin.py:190} INFO - [2025-01-20T19:11:51.244+0000] {dag.py:3239} INFO - Sync 1 DAGs
[2025-01-20T19:11:51.259+0000] {logging_mixin.py:190} INFO - [2025-01-20T19:11:51.259+0000] {dag.py:3262} INFO - Creating ORM DAG for example_bash_operator
[2025-01-20T19:11:51.270+0000] {logging_mixin.py:190} INFO - [2025-01-20T19:11:51.270+0000] {dag.py:4180} INFO - Setting next_dagrun for example_bash_operator to 2025-01-19 00:00:00+00:00, run_after=2025-01-20 00:00:00+00:00
[2025-01-20T19:11:51.286+0000] {processor.py:208} INFO - Processing /home/airflow/.local/lib/python3.12/site-packages/airflow/example_dags/example_bash_operator.py took 0.209 seconds
[2025-01-20T19:12:22.102+0000] {processor.py:186} INFO - Started process (PID=179) to work on /home/airflow/.local/lib/python3.12/site-packages/airflow/example_dags/example_bash_operator.py
[2025-01-20T19:12:22.103+0000] {processor.py:914} INFO - Processing file /home/airflow/.local/lib/python3.12/site-packages/airflow/example_dags/example_bash_operator.py for tasks to queue
[2025-01-20T19:12:22.105+0000] {logging_mixin.py:190} INFO - [2025-01-20T19:12:22.105+0000] {dagbag.py:588} INFO - Filling up the DagBag from /home/airflow/.local/lib/python3.12/site-packages/airflow/example_dags/example_bash_operator.py
[2025-01-20T19:12:22.115+0000] {processor.py:925} INFO - DAG(s) 'example_bash_operator' retrieved from /home/airflow/.local/lib/python3.12/site-packages/airflow/example_dags/example_bash_operator.py
[2025-01-20T19:12:22.134+0000] {logging_mixin.py:190} INFO - [2025-01-20T19:12:22.134+0000] {dag.py:3239} INFO - Sync 1 DAGs
[2025-01-20T19:12:22.157+0000] {logging_mixin.py:190} INFO - [2025-01-20T19:12:22.157+0000] {dag.py:4180} INFO - Setting next_dagrun for example_bash_operator to 2025-01-19 00:00:00+00:00, run_after=2025-01-20 00:00:00+00:00
[2025-01-20T19:12:22.174+0000] {processor.py:208} INFO - Processing /home/airflow/.local/lib/python3.12/site-packages/airflow/example_dags/example_bash_operator.py took 0.076 seconds
[2025-01-20T19:12:52.828+0000] {processor.py:186} INFO - Started process (PID=242) to work on /home/airflow/.local/lib/python3.12/site-packages/airflow/example_dags/example_bash_operator.py
[2025-01-20T19:12:52.829+0000] {processor.py:914} INFO - Processing file /home/airflow/.local/lib/python3.12/site-packages/airflow/example_dags/example_bash_operator.py for tasks to queue
[2025-01-20T19:12:52.831+0000] {logging_mixin.py:190} INFO - [2025-01-20T19:12:52.830+0000] {dagbag.py:588} INFO - Filling up the DagBag from /home/airflow/.local/lib/python3.12/site-packages/airflow/example_dags/example_bash_operator.py
[2025-01-20T19:12:52.841+0000] {processor.py:925} INFO - DAG(s) 'example_bash_operator' retrieved from /home/airflow/.local/lib/python3.12/site-packages/airflow/example_dags/example_bash_operator.py
[2025-01-20T19:12:52.862+0000] {logging_mixin.py:190} INFO - [2025-01-20T19:12:52.861+0000] {dag.py:3239} INFO - Sync 1 DAGs
[2025-01-20T19:12:52.880+0000] {logging_mixin.py:190} INFO - [2025-01-20T19:12:52.879+0000] {dag.py:4180} INFO - Setting next_dagrun for example_bash_operator to 2025-01-19 00:00:00+00:00, run_after=2025-01-20 00:00:00+00:00
[2025-01-20T19:12:52.892+0000] {processor.py:208} INFO - Processing /home/airflow/.local/lib/python3.12/site-packages/airflow/example_dags/example_bash_operator.py took 0.068 seconds
[2025-01-20T19:13:23.320+0000] {processor.py:186} INFO - Started process (PID=305) to work on /home/airflow/.local/lib/python3.12/site-packages/airflow/example_dags/example_bash_operator.py
[2025-01-20T19:13:23.321+0000] {processor.py:914} INFO - Processing file /home/airflow/.local/lib/python3.12/site-packages/airflow/example_dags/example_bash_operator.py for tasks to queue
[2025-01-20T19:13:23.322+0000] {logging_mixin.py:190} INFO - [2025-01-20T19:13:23.322+0000] {dagbag.py:588} INFO - Filling up the DagBag from /home/airflow/.local/lib/python3.12/site-packages/airflow/example_dags/example_bash_operator.py
[2025-01-20T19:13:23.334+0000] {processor.py:925} INFO - DAG(s) 'example_bash_operator' retrieved from /home/airflow/.local/lib/python3.12/site-packages/airflow/example_dags/example_bash_operator.py
[2025-01-20T19:13:23.354+0000] {logging_mixin.py:190} INFO - [2025-01-20T19:13:23.354+0000] {dag.py:3239} INFO - Sync 1 DAGs
[2025-01-20T19:13:23.372+0000] {logging_mixin.py:190} INFO - [2025-01-20T19:13:23.372+0000] {dag.py:4180} INFO - Setting next_dagrun for example_bash_operator to 2025-01-19 00:00:00+00:00, run_after=2025-01-20 00:00:00+00:00
[2025-01-20T19:13:23.385+0000] {processor.py:208} INFO - Processing /home/airflow/.local/lib/python3.12/site-packages/airflow/example_dags/example_bash_operator.py took 0.070 seconds
[2025-01-20T19:13:54.057+0000] {processor.py:186} INFO - Started process (PID=368) to work on /home/airflow/.local/lib/python3.12/site-packages/airflow/example_dags/example_bash_operator.py
[2025-01-20T19:13:54.058+0000] {processor.py:914} INFO - Processing file /home/airflow/.local/lib/python3.12/site-packages/airflow/example_dags/example_bash_operator.py for tasks to queue
[2025-01-20T19:13:54.059+0000] {logging_mixin.py:190} INFO - [2025-01-20T19:13:54.059+0000] {dagbag.py:588} INFO - Filling up the DagBag from /home/airflow/.local/lib/python3.12/site-packages/airflow/example_dags/example_bash_operator.py
[2025-01-20T19:13:54.069+0000] {processor.py:925} INFO - DAG(s) 'example_bash_operator' retrieved from /home/airflow/.local/lib/python3.12/site-packages/airflow/example_dags/example_bash_operator.py
[2025-01-20T19:13:54.090+0000] {logging_mixin.py:190} INFO - [2025-01-20T19:13:54.090+0000] {dag.py:3239} INFO - Sync 1 DAGs
[2025-01-20T19:13:54.110+0000] {logging_mixin.py:190} INFO - [2025-01-20T19:13:54.110+0000] {dag.py:4180} INFO - Setting next_dagrun for example_bash_operator to 2025-01-19 00:00:00+00:00, run_after=2025-01-20 00:00:00+00:00
[2025-01-20T19:13:54.123+0000] {processor.py:208} INFO - Processing /home/airflow/.local/lib/python3.12/site-packages/airflow/example_dags/example_bash_operator.py took 0.071 seconds
[2025-01-20T19:14:24.204+0000] {processor.py:186} INFO - Started process (PID=431) to work on /home/airflow/.local/lib/python3.12/site-packages/airflow/example_dags/example_bash_operator.py
[2025-01-20T19:14:24.204+0000] {processor.py:914} INFO - Processing file /home/airflow/.local/lib/python3.12/site-packages/airflow/example_dags/example_bash_operator.py for tasks to queue
[2025-01-20T19:14:24.207+0000] {logging_mixin.py:190} INFO - [2025-01-20T19:14:24.206+0000] {dagbag.py:588} INFO - Filling up the DagBag from /home/airflow/.local/lib/python3.12/site-packages/airflow/example_dags/example_bash_operator.py
[2025-01-20T19:14:24.221+0000] {processor.py:925} INFO - DAG(s) 'example_bash_operator' retrieved from /home/airflow/.local/lib/python3.12/site-packages/airflow/example_dags/example_bash_operator.py
[2025-01-20T19:14:24.248+0000] {logging_mixin.py:190} INFO - [2025-01-20T19:14:24.248+0000] {dag.py:3239} INFO - Sync 1 DAGs
[2025-01-20T19:14:24.270+0000] {logging_mixin.py:190} INFO - [2025-01-20T19:14:24.269+0000] {dag.py:4180} INFO - Setting next_dagrun for example_bash_operator to 2025-01-19 00:00:00+00:00, run_after=2025-01-20 00:00:00+00:00
[2025-01-20T19:14:24.282+0000] {processor.py:208} INFO - Processing /home/airflow/.local/lib/python3.12/site-packages/airflow/example_dags/example_bash_operator.py took 0.085 seconds
[2025-01-20T19:14:55.551+0000] {processor.py:186} INFO - Started process (PID=494) to work on /home/airflow/.local/lib/python3.12/site-packages/airflow/example_dags/example_bash_operator.py
[2025-01-20T19:14:55.552+0000] {processor.py:914} INFO - Processing file /home/airflow/.local/lib/python3.12/site-packages/airflow/example_dags/example_bash_operator.py for tasks to queue
[2025-01-20T19:14:55.553+0000] {logging_mixin.py:190} INFO - [2025-01-20T19:14:55.553+0000] {dagbag.py:588} INFO - Filling up the DagBag from /home/airflow/.local/lib/python3.12/site-packages/airflow/example_dags/example_bash_operator.py
[2025-01-20T19:14:55.566+0000] {processor.py:925} INFO - DAG(s) 'example_bash_operator' retrieved from /home/airflow/.local/lib/python3.12/site-packages/airflow/example_dags/example_bash_operator.py
[2025-01-20T19:14:55.592+0000] {logging_mixin.py:190} INFO - [2025-01-20T19:14:55.592+0000] {dag.py:3239} INFO - Sync 1 DAGs
[2025-01-20T19:14:55.614+0000] {logging_mixin.py:190} INFO - [2025-01-20T19:14:55.614+0000] {dag.py:4180} INFO - Setting next_dagrun for example_bash_operator to 2025-01-19 00:00:00+00:00, run_after=2025-01-20 00:00:00+00:00
[2025-01-20T19:14:55.627+0000] {processor.py:208} INFO - Processing /home/airflow/.local/lib/python3.12/site-packages/airflow/example_dags/example_bash_operator.py took 0.080 seconds
[2025-01-20T19:15:26.981+0000] {processor.py:186} INFO - Started process (PID=558) to work on /home/airflow/.local/lib/python3.12/site-packages/airflow/example_dags/example_bash_operator.py
[2025-01-20T19:15:26.981+0000] {processor.py:914} INFO - Processing file /home/airflow/.local/lib/python3.12/site-packages/airflow/example_dags/example_bash_operator.py for tasks to queue
[2025-01-20T19:15:26.983+0000] {logging_mixin.py:190} INFO - [2025-01-20T19:15:26.983+0000] {dagbag.py:588} INFO - Filling up the DagBag from /home/airflow/.local/lib/python3.12/site-packages/airflow/example_dags/example_bash_operator.py
[2025-01-20T19:15:26.994+0000] {processor.py:925} INFO - DAG(s) 'example_bash_operator' retrieved from /home/airflow/.local/lib/python3.12/site-packages/airflow/example_dags/example_bash_operator.py
[2025-01-20T19:15:27.015+0000] {logging_mixin.py:190} INFO - [2025-01-20T19:15:27.015+0000] {dag.py:3239} INFO - Sync 1 DAGs
[2025-01-20T19:15:27.034+0000] {logging_mixin.py:190} INFO - [2025-01-20T19:15:27.034+0000] {dag.py:4180} INFO - Setting next_dagrun for example_bash_operator to 2025-01-19 00:00:00+00:00, run_after=2025-01-20 00:00:00+00:00
[2025-01-20T19:15:27.047+0000] {processor.py:208} INFO - Processing /home/airflow/.local/lib/python3.12/site-packages/airflow/example_dags/example_bash_operator.py took 0.071 seconds
[2025-01-20T19:15:58.352+0000] {processor.py:186} INFO - Started process (PID=621) to work on /home/airflow/.local/lib/python3.12/site-packages/airflow/example_dags/example_bash_operator.py
[2025-01-20T19:15:58.353+0000] {processor.py:914} INFO - Processing file /home/airflow/.local/lib/python3.12/site-packages/airflow/example_dags/example_bash_operator.py for tasks to queue
[2025-01-20T19:15:58.355+0000] {logging_mixin.py:190} INFO - [2025-01-20T19:15:58.355+0000] {dagbag.py:588} INFO - Filling up the DagBag from /home/airflow/.local/lib/python3.12/site-packages/airflow/example_dags/example_bash_operator.py
[2025-01-20T19:15:58.365+0000] {processor.py:925} INFO - DAG(s) 'example_bash_operator' retrieved from /home/airflow/.local/lib/python3.12/site-packages/airflow/example_dags/example_bash_operator.py
[2025-01-20T19:15:58.390+0000] {logging_mixin.py:190} INFO - [2025-01-20T19:15:58.390+0000] {dag.py:3239} INFO - Sync 1 DAGs
[2025-01-20T19:15:58.422+0000] {logging_mixin.py:190} INFO - [2025-01-20T19:15:58.422+0000] {dag.py:4180} INFO - Setting next_dagrun for example_bash_operator to 2025-01-19 00:00:00+00:00, run_after=2025-01-20 00:00:00+00:00
[2025-01-20T19:15:58.440+0000] {processor.py:208} INFO - Processing /home/airflow/.local/lib/python3.12/site-packages/airflow/example_dags/example_bash_operator.py took 0.094 seconds
[2025-01-20T19:16:29.807+0000] {processor.py:186} INFO - Started process (PID=685) to work on /home/airflow/.local/lib/python3.12/site-packages/airflow/example_dags/example_bash_operator.py
[2025-01-20T19:16:29.808+0000] {processor.py:914} INFO - Processing file /home/airflow/.local/lib/python3.12/site-packages/airflow/example_dags/example_bash_operator.py for tasks to queue
[2025-01-20T19:16:29.810+0000] {logging_mixin.py:190} INFO - [2025-01-20T19:16:29.810+0000] {dagbag.py:588} INFO - Filling up the DagBag from /home/airflow/.local/lib/python3.12/site-packages/airflow/example_dags/example_bash_operator.py
[2025-01-20T19:16:29.825+0000] {processor.py:925} INFO - DAG(s) 'example_bash_operator' retrieved from /home/airflow/.local/lib/python3.12/site-packages/airflow/example_dags/example_bash_operator.py
[2025-01-20T19:16:29.853+0000] {logging_mixin.py:190} INFO - [2025-01-20T19:16:29.853+0000] {dag.py:3239} INFO - Sync 1 DAGs
[2025-01-20T19:16:29.876+0000] {logging_mixin.py:190} INFO - [2025-01-20T19:16:29.876+0000] {dag.py:4180} INFO - Setting next_dagrun for example_bash_operator to 2025-01-19 00:00:00+00:00, run_after=2025-01-20 00:00:00+00:00
[2025-01-20T19:16:29.893+0000] {processor.py:208} INFO - Processing /home/airflow/.local/lib/python3.12/site-packages/airflow/example_dags/example_bash_operator.py took 0.091 seconds
[2025-01-20T19:17:00.840+0000] {processor.py:186} INFO - Started process (PID=748) to work on /home/airflow/.local/lib/python3.12/site-packages/airflow/example_dags/example_bash_operator.py
[2025-01-20T19:17:00.840+0000] {processor.py:914} INFO - Processing file /home/airflow/.local/lib/python3.12/site-packages/airflow/example_dags/example_bash_operator.py for tasks to queue
[2025-01-20T19:17:00.842+0000] {logging_mixin.py:190} INFO - [2025-01-20T19:17:00.842+0000] {dagbag.py:588} INFO - Filling up the DagBag from /home/airflow/.local/lib/python3.12/site-packages/airflow/example_dags/example_bash_operator.py
[2025-01-20T19:17:00.852+0000] {processor.py:925} INFO - DAG(s) 'example_bash_operator' retrieved from /home/airflow/.local/lib/python3.12/site-packages/airflow/example_dags/example_bash_operator.py
[2025-01-20T19:17:00.878+0000] {logging_mixin.py:190} INFO - [2025-01-20T19:17:00.878+0000] {dag.py:3239} INFO - Sync 1 DAGs
[2025-01-20T19:17:00.902+0000] {logging_mixin.py:190} INFO - [2025-01-20T19:17:00.901+0000] {dag.py:4180} INFO - Setting next_dagrun for example_bash_operator to 2025-01-19 00:00:00+00:00, run_after=2025-01-20 00:00:00+00:00
[2025-01-20T19:17:00.918+0000] {processor.py:208} INFO - Processing /home/airflow/.local/lib/python3.12/site-packages/airflow/example_dags/example_bash_operator.py took 0.084 seconds
[2025-01-20T19:17:31.969+0000] {processor.py:186} INFO - Started process (PID=811) to work on /home/airflow/.local/lib/python3.12/site-packages/airflow/example_dags/example_bash_operator.py
[2025-01-20T19:17:31.970+0000] {processor.py:914} INFO - Processing file /home/airflow/.local/lib/python3.12/site-packages/airflow/example_dags/example_bash_operator.py for tasks to queue
[2025-01-20T19:17:31.971+0000] {logging_mixin.py:190} INFO - [2025-01-20T19:17:31.971+0000] {dagbag.py:588} INFO - Filling up the DagBag from /home/airflow/.local/lib/python3.12/site-packages/airflow/example_dags/example_bash_operator.py
[2025-01-20T19:17:31.983+0000] {processor.py:925} INFO - DAG(s) 'example_bash_operator' retrieved from /home/airflow/.local/lib/python3.12/site-packages/airflow/example_dags/example_bash_operator.py
[2025-01-20T19:17:32.009+0000] {logging_mixin.py:190} INFO - [2025-01-20T19:17:32.009+0000] {dag.py:3239} INFO - Sync 1 DAGs
[2025-01-20T19:17:32.034+0000] {logging_mixin.py:190} INFO - [2025-01-20T19:17:32.034+0000] {dag.py:4180} INFO - Setting next_dagrun for example_bash_operator to 2025-01-19 00:00:00+00:00, run_after=2025-01-20 00:00:00+00:00
[2025-01-20T19:17:32.050+0000] {processor.py:208} INFO - Processing /home/airflow/.local/lib/python3.12/site-packages/airflow/example_dags/example_bash_operator.py took 0.087 seconds
[2025-01-20T19:18:03.151+0000] {processor.py:186} INFO - Started process (PID=874) to work on /home/airflow/.local/lib/python3.12/site-packages/airflow/example_dags/example_bash_operator.py
[2025-01-20T19:18:03.151+0000] {processor.py:914} INFO - Processing file /home/airflow/.local/lib/python3.12/site-packages/airflow/example_dags/example_bash_operator.py for tasks to queue
[2025-01-20T19:18:03.153+0000] {logging_mixin.py:190} INFO - [2025-01-20T19:18:03.153+0000] {dagbag.py:588} INFO - Filling up the DagBag from /home/airflow/.local/lib/python3.12/site-packages/airflow/example_dags/example_bash_operator.py
[2025-01-20T19:18:03.163+0000] {processor.py:925} INFO - DAG(s) 'example_bash_operator' retrieved from /home/airflow/.local/lib/python3.12/site-packages/airflow/example_dags/example_bash_operator.py
[2025-01-20T19:18:03.183+0000] {logging_mixin.py:190} INFO - [2025-01-20T19:18:03.183+0000] {dag.py:3239} INFO - Sync 1 DAGs
[2025-01-20T19:18:03.207+0000] {logging_mixin.py:190} INFO - [2025-01-20T19:18:03.206+0000] {dag.py:4180} INFO - Setting next_dagrun for example_bash_operator to 2025-01-19 00:00:00+00:00, run_after=2025-01-20 00:00:00+00:00
[2025-01-20T19:18:03.222+0000] {processor.py:208} INFO - Processing /home/airflow/.local/lib/python3.12/site-packages/airflow/example_dags/example_bash_operator.py took 0.076 seconds
[2025-01-20T19:18:34.192+0000] {processor.py:186} INFO - Started process (PID=937) to work on /home/airflow/.local/lib/python3.12/site-packages/airflow/example_dags/example_bash_operator.py
[2025-01-20T19:18:34.193+0000] {processor.py:914} INFO - Processing file /home/airflow/.local/lib/python3.12/site-packages/airflow/example_dags/example_bash_operator.py for tasks to queue
[2025-01-20T19:18:34.194+0000] {logging_mixin.py:190} INFO - [2025-01-20T19:18:34.194+0000] {dagbag.py:588} INFO - Filling up the DagBag from /home/airflow/.local/lib/python3.12/site-packages/airflow/example_dags/example_bash_operator.py
[2025-01-20T19:18:34.204+0000] {processor.py:925} INFO - DAG(s) 'example_bash_operator' retrieved from /home/airflow/.local/lib/python3.12/site-packages/airflow/example_dags/example_bash_operator.py
[2025-01-20T19:18:34.224+0000] {logging_mixin.py:190} INFO - [2025-01-20T19:18:34.224+0000] {dag.py:3239} INFO - Sync 1 DAGs
[2025-01-20T19:18:34.241+0000] {logging_mixin.py:190} INFO - [2025-01-20T19:18:34.241+0000] {dag.py:4180} INFO - Setting next_dagrun for example_bash_operator to 2025-01-19 00:00:00+00:00, run_after=2025-01-20 00:00:00+00:00
[2025-01-20T19:18:34.253+0000] {processor.py:208} INFO - Processing /home/airflow/.local/lib/python3.12/site-packages/airflow/example_dags/example_bash_operator.py took 0.065 seconds
[2025-01-20T19:19:05.104+0000] {processor.py:186} INFO - Started process (PID=1000) to work on /home/airflow/.local/lib/python3.12/site-packages/airflow/example_dags/example_bash_operator.py
[2025-01-20T19:19:05.107+0000] {processor.py:914} INFO - Processing file /home/airflow/.local/lib/python3.12/site-packages/airflow/example_dags/example_bash_operator.py for tasks to queue
[2025-01-20T19:19:05.109+0000] {logging_mixin.py:190} INFO - [2025-01-20T19:19:05.109+0000] {dagbag.py:588} INFO - Filling up the DagBag from /home/airflow/.local/lib/python3.12/site-packages/airflow/example_dags/example_bash_operator.py
[2025-01-20T19:19:05.123+0000] {processor.py:925} INFO - DAG(s) 'example_bash_operator' retrieved from /home/airflow/.local/lib/python3.12/site-packages/airflow/example_dags/example_bash_operator.py
[2025-01-20T19:19:05.160+0000] {logging_mixin.py:190} INFO - [2025-01-20T19:19:05.160+0000] {dag.py:3239} INFO - Sync 1 DAGs
[2025-01-20T19:19:05.182+0000] {logging_mixin.py:190} INFO - [2025-01-20T19:19:05.182+0000] {dag.py:4180} INFO - Setting next_dagrun for example_bash_operator to 2025-01-19 00:00:00+00:00, run_after=2025-01-20 00:00:00+00:00
[2025-01-20T19:19:05.194+0000] {processor.py:208} INFO - Processing /home/airflow/.local/lib/python3.12/site-packages/airflow/example_dags/example_bash_operator.py took 0.096 seconds
[2025-01-20T19:19:36.246+0000] {processor.py:186} INFO - Started process (PID=1063) to work on /home/airflow/.local/lib/python3.12/site-packages/airflow/example_dags/example_bash_operator.py
[2025-01-20T19:19:36.246+0000] {processor.py:914} INFO - Processing file /home/airflow/.local/lib/python3.12/site-packages/airflow/example_dags/example_bash_operator.py for tasks to queue
[2025-01-20T19:19:36.248+0000] {logging_mixin.py:190} INFO - [2025-01-20T19:19:36.248+0000] {dagbag.py:588} INFO - Filling up the DagBag from /home/airflow/.local/lib/python3.12/site-packages/airflow/example_dags/example_bash_operator.py
[2025-01-20T19:19:36.258+0000] {processor.py:925} INFO - DAG(s) 'example_bash_operator' retrieved from /home/airflow/.local/lib/python3.12/site-packages/airflow/example_dags/example_bash_operator.py
[2025-01-20T19:19:36.277+0000] {logging_mixin.py:190} INFO - [2025-01-20T19:19:36.277+0000] {dag.py:3239} INFO - Sync 1 DAGs
[2025-01-20T19:19:36.295+0000] {logging_mixin.py:190} INFO - [2025-01-20T19:19:36.295+0000] {dag.py:4180} INFO - Setting next_dagrun for example_bash_operator to 2025-01-19 00:00:00+00:00, run_after=2025-01-20 00:00:00+00:00
[2025-01-20T19:19:36.306+0000] {processor.py:208} INFO - Processing /home/airflow/.local/lib/python3.12/site-packages/airflow/example_dags/example_bash_operator.py took 0.065 seconds
[2025-01-20T19:20:07.322+0000] {processor.py:186} INFO - Started process (PID=1126) to work on /home/airflow/.local/lib/python3.12/site-packages/airflow/example_dags/example_bash_operator.py
[2025-01-20T19:20:07.322+0000] {processor.py:914} INFO - Processing file /home/airflow/.local/lib/python3.12/site-packages/airflow/example_dags/example_bash_operator.py for tasks to queue
[2025-01-20T19:20:07.324+0000] {logging_mixin.py:190} INFO - [2025-01-20T19:20:07.324+0000] {dagbag.py:588} INFO - Filling up the DagBag from /home/airflow/.local/lib/python3.12/site-packages/airflow/example_dags/example_bash_operator.py
[2025-01-20T19:20:07.334+0000] {processor.py:925} INFO - DAG(s) 'example_bash_operator' retrieved from /home/airflow/.local/lib/python3.12/site-packages/airflow/example_dags/example_bash_operator.py
[2025-01-20T19:20:07.353+0000] {logging_mixin.py:190} INFO - [2025-01-20T19:20:07.353+0000] {dag.py:3239} INFO - Sync 1 DAGs
[2025-01-20T19:20:07.371+0000] {logging_mixin.py:190} INFO - [2025-01-20T19:20:07.371+0000] {dag.py:4180} INFO - Setting next_dagrun for example_bash_operator to 2025-01-19 00:00:00+00:00, run_after=2025-01-20 00:00:00+00:00
[2025-01-20T19:20:07.383+0000] {processor.py:208} INFO - Processing /home/airflow/.local/lib/python3.12/site-packages/airflow/example_dags/example_bash_operator.py took 0.065 seconds
[2025-01-20T19:20:38.414+0000] {processor.py:186} INFO - Started process (PID=1189) to work on /home/airflow/.local/lib/python3.12/site-packages/airflow/example_dags/example_bash_operator.py
[2025-01-20T19:20:38.414+0000] {processor.py:914} INFO - Processing file /home/airflow/.local/lib/python3.12/site-packages/airflow/example_dags/example_bash_operator.py for tasks to queue
[2025-01-20T19:20:38.416+0000] {logging_mixin.py:190} INFO - [2025-01-20T19:20:38.416+0000] {dagbag.py:588} INFO - Filling up the DagBag from /home/airflow/.local/lib/python3.12/site-packages/airflow/example_dags/example_bash_operator.py
[2025-01-20T19:20:38.427+0000] {processor.py:925} INFO - DAG(s) 'example_bash_operator' retrieved from /home/airflow/.local/lib/python3.12/site-packages/airflow/example_dags/example_bash_operator.py
[2025-01-20T19:20:38.453+0000] {logging_mixin.py:190} INFO - [2025-01-20T19:20:38.452+0000] {dag.py:3239} INFO - Sync 1 DAGs
[2025-01-20T19:20:38.477+0000] {logging_mixin.py:190} INFO - [2025-01-20T19:20:38.477+0000] {dag.py:4180} INFO - Setting next_dagrun for example_bash_operator to 2025-01-19 00:00:00+00:00, run_after=2025-01-20 00:00:00+00:00
[2025-01-20T19:20:38.491+0000] {processor.py:208} INFO - Processing /home/airflow/.local/lib/python3.12/site-packages/airflow/example_dags/example_bash_operator.py took 0.083 seconds
[2025-01-20T19:21:09.690+0000] {processor.py:186} INFO - Started process (PID=1252) to work on /home/airflow/.local/lib/python3.12/site-packages/airflow/example_dags/example_bash_operator.py
[2025-01-20T19:21:09.691+0000] {processor.py:914} INFO - Processing file /home/airflow/.local/lib/python3.12/site-packages/airflow/example_dags/example_bash_operator.py for tasks to queue
[2025-01-20T19:21:09.692+0000] {logging_mixin.py:190} INFO - [2025-01-20T19:21:09.692+0000] {dagbag.py:588} INFO - Filling up the DagBag from /home/airflow/.local/lib/python3.12/site-packages/airflow/example_dags/example_bash_operator.py
[2025-01-20T19:21:09.702+0000] {processor.py:925} INFO - DAG(s) 'example_bash_operator' retrieved from /home/airflow/.local/lib/python3.12/site-packages/airflow/example_dags/example_bash_operator.py
[2025-01-20T19:21:09.723+0000] {logging_mixin.py:190} INFO - [2025-01-20T19:21:09.722+0000] {dag.py:3239} INFO - Sync 1 DAGs
[2025-01-20T19:21:09.740+0000] {logging_mixin.py:190} INFO - [2025-01-20T19:21:09.740+0000] {dag.py:4180} INFO - Setting next_dagrun for example_bash_operator to 2025-01-19 00:00:00+00:00, run_after=2025-01-20 00:00:00+00:00
[2025-01-20T19:21:09.753+0000] {processor.py:208} INFO - Processing /home/airflow/.local/lib/python3.12/site-packages/airflow/example_dags/example_bash_operator.py took 0.067 seconds
[2025-01-20T19:21:41.115+0000] {processor.py:186} INFO - Started process (PID=1315) to work on /home/airflow/.local/lib/python3.12/site-packages/airflow/example_dags/example_bash_operator.py
[2025-01-20T19:21:41.115+0000] {processor.py:914} INFO - Processing file /home/airflow/.local/lib/python3.12/site-packages/airflow/example_dags/example_bash_operator.py for tasks to queue
[2025-01-20T19:21:41.117+0000] {logging_mixin.py:190} INFO - [2025-01-20T19:21:41.117+0000] {dagbag.py:588} INFO - Filling up the DagBag from /home/airflow/.local/lib/python3.12/site-packages/airflow/example_dags/example_bash_operator.py
[2025-01-20T19:21:41.127+0000] {processor.py:925} INFO - DAG(s) 'example_bash_operator' retrieved from /home/airflow/.local/lib/python3.12/site-packages/airflow/example_dags/example_bash_operator.py
[2025-01-20T19:21:41.153+0000] {logging_mixin.py:190} INFO - [2025-01-20T19:21:41.152+0000] {dag.py:3239} INFO - Sync 1 DAGs
[2025-01-20T19:21:41.178+0000] {logging_mixin.py:190} INFO - [2025-01-20T19:21:41.178+0000] {dag.py:4180} INFO - Setting next_dagrun for example_bash_operator to 2025-01-19 00:00:00+00:00, run_after=2025-01-20 00:00:00+00:00
[2025-01-20T19:21:41.192+0000] {processor.py:208} INFO - Processing /home/airflow/.local/lib/python3.12/site-packages/airflow/example_dags/example_bash_operator.py took 0.081 seconds
[2025-01-20T19:22:12.335+0000] {processor.py:186} INFO - Started process (PID=1378) to work on /home/airflow/.local/lib/python3.12/site-packages/airflow/example_dags/example_bash_operator.py
[2025-01-20T19:22:12.336+0000] {processor.py:914} INFO - Processing file /home/airflow/.local/lib/python3.12/site-packages/airflow/example_dags/example_bash_operator.py for tasks to queue
[2025-01-20T19:22:12.337+0000] {logging_mixin.py:190} INFO - [2025-01-20T19:22:12.337+0000] {dagbag.py:588} INFO - Filling up the DagBag from /home/airflow/.local/lib/python3.12/site-packages/airflow/example_dags/example_bash_operator.py
[2025-01-20T19:22:12.347+0000] {processor.py:925} INFO - DAG(s) 'example_bash_operator' retrieved from /home/airflow/.local/lib/python3.12/site-packages/airflow/example_dags/example_bash_operator.py
[2025-01-20T19:22:12.368+0000] {logging_mixin.py:190} INFO - [2025-01-20T19:22:12.368+0000] {dag.py:3239} INFO - Sync 1 DAGs
[2025-01-20T19:22:12.386+0000] {logging_mixin.py:190} INFO - [2025-01-20T19:22:12.386+0000] {dag.py:4180} INFO - Setting next_dagrun for example_bash_operator to 2025-01-19 00:00:00+00:00, run_after=2025-01-20 00:00:00+00:00
[2025-01-20T19:22:12.401+0000] {processor.py:208} INFO - Processing /home/airflow/.local/lib/python3.12/site-packages/airflow/example_dags/example_bash_operator.py took 0.071 seconds
[2025-01-20T19:22:43.446+0000] {processor.py:186} INFO - Started process (PID=1447) to work on /home/airflow/.local/lib/python3.12/site-packages/airflow/example_dags/example_bash_operator.py
[2025-01-20T19:22:43.447+0000] {processor.py:914} INFO - Processing file /home/airflow/.local/lib/python3.12/site-packages/airflow/example_dags/example_bash_operator.py for tasks to queue
[2025-01-20T19:22:43.448+0000] {logging_mixin.py:190} INFO - [2025-01-20T19:22:43.448+0000] {dagbag.py:588} INFO - Filling up the DagBag from /home/airflow/.local/lib/python3.12/site-packages/airflow/example_dags/example_bash_operator.py
[2025-01-20T19:22:43.459+0000] {processor.py:925} INFO - DAG(s) 'example_bash_operator' retrieved from /home/airflow/.local/lib/python3.12/site-packages/airflow/example_dags/example_bash_operator.py
[2025-01-20T19:22:43.484+0000] {logging_mixin.py:190} INFO - [2025-01-20T19:22:43.484+0000] {dag.py:3239} INFO - Sync 1 DAGs
[2025-01-20T19:22:43.507+0000] {logging_mixin.py:190} INFO - [2025-01-20T19:22:43.506+0000] {dag.py:4180} INFO - Setting next_dagrun for example_bash_operator to 2025-01-19 00:00:00+00:00, run_after=2025-01-20 00:00:00+00:00
[2025-01-20T19:22:43.521+0000] {processor.py:208} INFO - Processing /home/airflow/.local/lib/python3.12/site-packages/airflow/example_dags/example_bash_operator.py took 0.078 seconds
[2025-01-20T19:23:14.618+0000] {processor.py:186} INFO - Started process (PID=1510) to work on /home/airflow/.local/lib/python3.12/site-packages/airflow/example_dags/example_bash_operator.py
[2025-01-20T19:23:14.619+0000] {processor.py:914} INFO - Processing file /home/airflow/.local/lib/python3.12/site-packages/airflow/example_dags/example_bash_operator.py for tasks to queue
[2025-01-20T19:23:14.620+0000] {logging_mixin.py:190} INFO - [2025-01-20T19:23:14.620+0000] {dagbag.py:588} INFO - Filling up the DagBag from /home/airflow/.local/lib/python3.12/site-packages/airflow/example_dags/example_bash_operator.py
[2025-01-20T19:23:14.630+0000] {processor.py:925} INFO - DAG(s) 'example_bash_operator' retrieved from /home/airflow/.local/lib/python3.12/site-packages/airflow/example_dags/example_bash_operator.py
[2025-01-20T19:23:14.650+0000] {logging_mixin.py:190} INFO - [2025-01-20T19:23:14.650+0000] {dag.py:3239} INFO - Sync 1 DAGs
[2025-01-20T19:23:14.668+0000] {logging_mixin.py:190} INFO - [2025-01-20T19:23:14.668+0000] {dag.py:4180} INFO - Setting next_dagrun for example_bash_operator to 2025-01-19 00:00:00+00:00, run_after=2025-01-20 00:00:00+00:00
[2025-01-20T19:23:14.680+0000] {processor.py:208} INFO - Processing /home/airflow/.local/lib/python3.12/site-packages/airflow/example_dags/example_bash_operator.py took 0.066 seconds
[2025-01-20T19:23:45.779+0000] {processor.py:186} INFO - Started process (PID=1573) to work on /home/airflow/.local/lib/python3.12/site-packages/airflow/example_dags/example_bash_operator.py
[2025-01-20T19:23:45.779+0000] {processor.py:914} INFO - Processing file /home/airflow/.local/lib/python3.12/site-packages/airflow/example_dags/example_bash_operator.py for tasks to queue
[2025-01-20T19:23:45.781+0000] {logging_mixin.py:190} INFO - [2025-01-20T19:23:45.781+0000] {dagbag.py:588} INFO - Filling up the DagBag from /home/airflow/.local/lib/python3.12/site-packages/airflow/example_dags/example_bash_operator.py
[2025-01-20T19:23:45.791+0000] {processor.py:925} INFO - DAG(s) 'example_bash_operator' retrieved from /home/airflow/.local/lib/python3.12/site-packages/airflow/example_dags/example_bash_operator.py
[2025-01-20T19:23:45.811+0000] {logging_mixin.py:190} INFO - [2025-01-20T19:23:45.811+0000] {dag.py:3239} INFO - Sync 1 DAGs
[2025-01-20T19:23:45.829+0000] {logging_mixin.py:190} INFO - [2025-01-20T19:23:45.829+0000] {dag.py:4180} INFO - Setting next_dagrun for example_bash_operator to 2025-01-19 00:00:00+00:00, run_after=2025-01-20 00:00:00+00:00
[2025-01-20T19:23:45.843+0000] {processor.py:208} INFO - Processing /home/airflow/.local/lib/python3.12/site-packages/airflow/example_dags/example_bash_operator.py took 0.068 seconds
[2025-01-20T19:24:17.126+0000] {processor.py:186} INFO - Started process (PID=1636) to work on /home/airflow/.local/lib/python3.12/site-packages/airflow/example_dags/example_bash_operator.py
[2025-01-20T19:24:17.127+0000] {processor.py:914} INFO - Processing file /home/airflow/.local/lib/python3.12/site-packages/airflow/example_dags/example_bash_operator.py for tasks to queue
[2025-01-20T19:24:17.129+0000] {logging_mixin.py:190} INFO - [2025-01-20T19:24:17.128+0000] {dagbag.py:588} INFO - Filling up the DagBag from /home/airflow/.local/lib/python3.12/site-packages/airflow/example_dags/example_bash_operator.py
[2025-01-20T19:24:17.138+0000] {processor.py:925} INFO - DAG(s) 'example_bash_operator' retrieved from /home/airflow/.local/lib/python3.12/site-packages/airflow/example_dags/example_bash_operator.py
[2025-01-20T19:24:17.158+0000] {logging_mixin.py:190} INFO - [2025-01-20T19:24:17.158+0000] {dag.py:3239} INFO - Sync 1 DAGs
[2025-01-20T19:24:17.176+0000] {logging_mixin.py:190} INFO - [2025-01-20T19:24:17.176+0000] {dag.py:4180} INFO - Setting next_dagrun for example_bash_operator to 2025-01-19 00:00:00+00:00, run_after=2025-01-20 00:00:00+00:00
[2025-01-20T19:24:17.188+0000] {processor.py:208} INFO - Processing /home/airflow/.local/lib/python3.12/site-packages/airflow/example_dags/example_bash_operator.py took 0.066 seconds
[2025-01-20T19:24:48.440+0000] {processor.py:186} INFO - Started process (PID=1699) to work on /home/airflow/.local/lib/python3.12/site-packages/airflow/example_dags/example_bash_operator.py
[2025-01-20T19:24:48.441+0000] {processor.py:914} INFO - Processing file /home/airflow/.local/lib/python3.12/site-packages/airflow/example_dags/example_bash_operator.py for tasks to queue
[2025-01-20T19:24:48.443+0000] {logging_mixin.py:190} INFO - [2025-01-20T19:24:48.442+0000] {dagbag.py:588} INFO - Filling up the DagBag from /home/airflow/.local/lib/python3.12/site-packages/airflow/example_dags/example_bash_operator.py
[2025-01-20T19:24:48.453+0000] {processor.py:925} INFO - DAG(s) 'example_bash_operator' retrieved from /home/airflow/.local/lib/python3.12/site-packages/airflow/example_dags/example_bash_operator.py
[2025-01-20T19:24:48.473+0000] {logging_mixin.py:190} INFO - [2025-01-20T19:24:48.473+0000] {dag.py:3239} INFO - Sync 1 DAGs
[2025-01-20T19:24:48.491+0000] {logging_mixin.py:190} INFO - [2025-01-20T19:24:48.491+0000] {dag.py:4180} INFO - Setting next_dagrun for example_bash_operator to 2025-01-19 00:00:00+00:00, run_after=2025-01-20 00:00:00+00:00
[2025-01-20T19:24:48.505+0000] {processor.py:208} INFO - Processing /home/airflow/.local/lib/python3.12/site-packages/airflow/example_dags/example_bash_operator.py took 0.068 seconds
[2025-01-20T19:25:19.060+0000] {processor.py:186} INFO - Started process (PID=1762) to work on /home/airflow/.local/lib/python3.12/site-packages/airflow/example_dags/example_bash_operator.py
[2025-01-20T19:25:19.060+0000] {processor.py:914} INFO - Processing file /home/airflow/.local/lib/python3.12/site-packages/airflow/example_dags/example_bash_operator.py for tasks to queue
[2025-01-20T19:25:19.062+0000] {logging_mixin.py:190} INFO - [2025-01-20T19:25:19.062+0000] {dagbag.py:588} INFO - Filling up the DagBag from /home/airflow/.local/lib/python3.12/site-packages/airflow/example_dags/example_bash_operator.py
[2025-01-20T19:25:19.073+0000] {processor.py:925} INFO - DAG(s) 'example_bash_operator' retrieved from /home/airflow/.local/lib/python3.12/site-packages/airflow/example_dags/example_bash_operator.py
[2025-01-20T19:25:19.094+0000] {logging_mixin.py:190} INFO - [2025-01-20T19:25:19.094+0000] {dag.py:3239} INFO - Sync 1 DAGs
[2025-01-20T19:25:19.112+0000] {logging_mixin.py:190} INFO - [2025-01-20T19:25:19.112+0000] {dag.py:4180} INFO - Setting next_dagrun for example_bash_operator to 2025-01-19 00:00:00+00:00, run_after=2025-01-20 00:00:00+00:00
[2025-01-20T19:25:19.124+0000] {processor.py:208} INFO - Processing /home/airflow/.local/lib/python3.12/site-packages/airflow/example_dags/example_bash_operator.py took 0.069 seconds
[2025-01-20T19:25:50.627+0000] {processor.py:186} INFO - Started process (PID=1825) to work on /home/airflow/.local/lib/python3.12/site-packages/airflow/example_dags/example_bash_operator.py
[2025-01-20T19:25:50.628+0000] {processor.py:914} INFO - Processing file /home/airflow/.local/lib/python3.12/site-packages/airflow/example_dags/example_bash_operator.py for tasks to queue
[2025-01-20T19:25:50.630+0000] {logging_mixin.py:190} INFO - [2025-01-20T19:25:50.629+0000] {dagbag.py:588} INFO - Filling up the DagBag from /home/airflow/.local/lib/python3.12/site-packages/airflow/example_dags/example_bash_operator.py
[2025-01-20T19:25:50.640+0000] {processor.py:925} INFO - DAG(s) 'example_bash_operator' retrieved from /home/airflow/.local/lib/python3.12/site-packages/airflow/example_dags/example_bash_operator.py
[2025-01-20T19:25:50.659+0000] {logging_mixin.py:190} INFO - [2025-01-20T19:25:50.659+0000] {dag.py:3239} INFO - Sync 1 DAGs
[2025-01-20T19:25:50.677+0000] {logging_mixin.py:190} INFO - [2025-01-20T19:25:50.677+0000] {dag.py:4180} INFO - Setting next_dagrun for example_bash_operator to 2025-01-19 00:00:00+00:00, run_after=2025-01-20 00:00:00+00:00
[2025-01-20T19:25:50.689+0000] {processor.py:208} INFO - Processing /home/airflow/.local/lib/python3.12/site-packages/airflow/example_dags/example_bash_operator.py took 0.066 seconds
[2025-01-20T19:26:22.343+0000] {processor.py:186} INFO - Started process (PID=1888) to work on /home/airflow/.local/lib/python3.12/site-packages/airflow/example_dags/example_bash_operator.py
[2025-01-20T19:26:22.343+0000] {processor.py:914} INFO - Processing file /home/airflow/.local/lib/python3.12/site-packages/airflow/example_dags/example_bash_operator.py for tasks to queue
[2025-01-20T19:26:22.345+0000] {logging_mixin.py:190} INFO - [2025-01-20T19:26:22.345+0000] {dagbag.py:588} INFO - Filling up the DagBag from /home/airflow/.local/lib/python3.12/site-packages/airflow/example_dags/example_bash_operator.py
[2025-01-20T19:26:22.356+0000] {processor.py:925} INFO - DAG(s) 'example_bash_operator' retrieved from /home/airflow/.local/lib/python3.12/site-packages/airflow/example_dags/example_bash_operator.py
[2025-01-20T19:26:22.377+0000] {logging_mixin.py:190} INFO - [2025-01-20T19:26:22.377+0000] {dag.py:3239} INFO - Sync 1 DAGs
[2025-01-20T19:26:22.396+0000] {logging_mixin.py:190} INFO - [2025-01-20T19:26:22.395+0000] {dag.py:4180} INFO - Setting next_dagrun for example_bash_operator to 2025-01-19 00:00:00+00:00, run_after=2025-01-20 00:00:00+00:00
[2025-01-20T19:26:22.410+0000] {processor.py:208} INFO - Processing /home/airflow/.local/lib/python3.12/site-packages/airflow/example_dags/example_bash_operator.py took 0.072 seconds
[2025-01-20T19:26:53.571+0000] {processor.py:186} INFO - Started process (PID=1952) to work on /home/airflow/.local/lib/python3.12/site-packages/airflow/example_dags/example_bash_operator.py
[2025-01-20T19:26:53.572+0000] {processor.py:914} INFO - Processing file /home/airflow/.local/lib/python3.12/site-packages/airflow/example_dags/example_bash_operator.py for tasks to queue
[2025-01-20T19:26:53.574+0000] {logging_mixin.py:190} INFO - [2025-01-20T19:26:53.574+0000] {dagbag.py:588} INFO - Filling up the DagBag from /home/airflow/.local/lib/python3.12/site-packages/airflow/example_dags/example_bash_operator.py
[2025-01-20T19:26:53.586+0000] {processor.py:925} INFO - DAG(s) 'example_bash_operator' retrieved from /home/airflow/.local/lib/python3.12/site-packages/airflow/example_dags/example_bash_operator.py
[2025-01-20T19:26:53.615+0000] {logging_mixin.py:190} INFO - [2025-01-20T19:26:53.615+0000] {dag.py:3239} INFO - Sync 1 DAGs
[2025-01-20T19:26:53.682+0000] {logging_mixin.py:190} INFO - [2025-01-20T19:26:53.682+0000] {dag.py:4180} INFO - Setting next_dagrun for example_bash_operator to 2025-01-19 00:00:00+00:00, run_after=2025-01-20 00:00:00+00:00
[2025-01-20T19:26:53.721+0000] {processor.py:208} INFO - Processing /home/airflow/.local/lib/python3.12/site-packages/airflow/example_dags/example_bash_operator.py took 0.154 seconds
[2025-01-20T19:27:25.067+0000] {processor.py:186} INFO - Started process (PID=2017) to work on /home/airflow/.local/lib/python3.12/site-packages/airflow/example_dags/example_bash_operator.py
[2025-01-20T19:27:25.068+0000] {processor.py:914} INFO - Processing file /home/airflow/.local/lib/python3.12/site-packages/airflow/example_dags/example_bash_operator.py for tasks to queue
[2025-01-20T19:27:25.070+0000] {logging_mixin.py:190} INFO - [2025-01-20T19:27:25.070+0000] {dagbag.py:588} INFO - Filling up the DagBag from /home/airflow/.local/lib/python3.12/site-packages/airflow/example_dags/example_bash_operator.py
[2025-01-20T19:27:25.090+0000] {processor.py:925} INFO - DAG(s) 'example_bash_operator' retrieved from /home/airflow/.local/lib/python3.12/site-packages/airflow/example_dags/example_bash_operator.py
[2025-01-20T19:27:25.129+0000] {logging_mixin.py:190} INFO - [2025-01-20T19:27:25.129+0000] {dag.py:3239} INFO - Sync 1 DAGs
[2025-01-20T19:27:25.158+0000] {logging_mixin.py:190} INFO - [2025-01-20T19:27:25.158+0000] {dag.py:4180} INFO - Setting next_dagrun for example_bash_operator to 2025-01-19 00:00:00+00:00, run_after=2025-01-20 00:00:00+00:00
[2025-01-20T19:27:25.173+0000] {processor.py:208} INFO - Processing /home/airflow/.local/lib/python3.12/site-packages/airflow/example_dags/example_bash_operator.py took 0.114 seconds
[2025-01-20T19:27:56.723+0000] {processor.py:186} INFO - Started process (PID=2084) to work on /home/airflow/.local/lib/python3.12/site-packages/airflow/example_dags/example_bash_operator.py
[2025-01-20T19:27:56.724+0000] {processor.py:914} INFO - Processing file /home/airflow/.local/lib/python3.12/site-packages/airflow/example_dags/example_bash_operator.py for tasks to queue
[2025-01-20T19:27:56.726+0000] {logging_mixin.py:190} INFO - [2025-01-20T19:27:56.725+0000] {dagbag.py:588} INFO - Filling up the DagBag from /home/airflow/.local/lib/python3.12/site-packages/airflow/example_dags/example_bash_operator.py
[2025-01-20T19:27:56.740+0000] {processor.py:925} INFO - DAG(s) 'example_bash_operator' retrieved from /home/airflow/.local/lib/python3.12/site-packages/airflow/example_dags/example_bash_operator.py
[2025-01-20T19:27:56.769+0000] {logging_mixin.py:190} INFO - [2025-01-20T19:27:56.769+0000] {dag.py:3239} INFO - Sync 1 DAGs
[2025-01-20T19:27:56.796+0000] {logging_mixin.py:190} INFO - [2025-01-20T19:27:56.796+0000] {dag.py:4180} INFO - Setting next_dagrun for example_bash_operator to 2025-01-19 00:00:00+00:00, run_after=2025-01-20 00:00:00+00:00
[2025-01-20T19:27:56.813+0000] {processor.py:208} INFO - Processing /home/airflow/.local/lib/python3.12/site-packages/airflow/example_dags/example_bash_operator.py took 0.097 seconds
[2025-01-20T19:28:28.032+0000] {processor.py:186} INFO - Started process (PID=2148) to work on /home/airflow/.local/lib/python3.12/site-packages/airflow/example_dags/example_bash_operator.py
[2025-01-20T19:28:28.032+0000] {processor.py:914} INFO - Processing file /home/airflow/.local/lib/python3.12/site-packages/airflow/example_dags/example_bash_operator.py for tasks to queue
[2025-01-20T19:28:28.034+0000] {logging_mixin.py:190} INFO - [2025-01-20T19:28:28.034+0000] {dagbag.py:588} INFO - Filling up the DagBag from /home/airflow/.local/lib/python3.12/site-packages/airflow/example_dags/example_bash_operator.py
[2025-01-20T19:28:28.044+0000] {processor.py:925} INFO - DAG(s) 'example_bash_operator' retrieved from /home/airflow/.local/lib/python3.12/site-packages/airflow/example_dags/example_bash_operator.py
[2025-01-20T19:28:28.064+0000] {logging_mixin.py:190} INFO - [2025-01-20T19:28:28.064+0000] {dag.py:3239} INFO - Sync 1 DAGs
[2025-01-20T19:28:28.082+0000] {logging_mixin.py:190} INFO - [2025-01-20T19:28:28.082+0000] {dag.py:4180} INFO - Setting next_dagrun for example_bash_operator to 2025-01-19 00:00:00+00:00, run_after=2025-01-20 00:00:00+00:00
[2025-01-20T19:28:28.093+0000] {processor.py:208} INFO - Processing /home/airflow/.local/lib/python3.12/site-packages/airflow/example_dags/example_bash_operator.py took 0.066 seconds
[2025-01-20T19:28:59.351+0000] {processor.py:186} INFO - Started process (PID=2213) to work on /home/airflow/.local/lib/python3.12/site-packages/airflow/example_dags/example_bash_operator.py
[2025-01-20T19:28:59.352+0000] {processor.py:914} INFO - Processing file /home/airflow/.local/lib/python3.12/site-packages/airflow/example_dags/example_bash_operator.py for tasks to queue
[2025-01-20T19:28:59.354+0000] {logging_mixin.py:190} INFO - [2025-01-20T19:28:59.354+0000] {dagbag.py:588} INFO - Filling up the DagBag from /home/airflow/.local/lib/python3.12/site-packages/airflow/example_dags/example_bash_operator.py
[2025-01-20T19:28:59.364+0000] {processor.py:925} INFO - DAG(s) 'example_bash_operator' retrieved from /home/airflow/.local/lib/python3.12/site-packages/airflow/example_dags/example_bash_operator.py
[2025-01-20T19:28:59.385+0000] {logging_mixin.py:190} INFO - [2025-01-20T19:28:59.385+0000] {dag.py:3239} INFO - Sync 1 DAGs
[2025-01-20T19:28:59.405+0000] {logging_mixin.py:190} INFO - [2025-01-20T19:28:59.405+0000] {dag.py:4180} INFO - Setting next_dagrun for example_bash_operator to 2025-01-19 00:00:00+00:00, run_after=2025-01-20 00:00:00+00:00
[2025-01-20T19:28:59.417+0000] {processor.py:208} INFO - Processing /home/airflow/.local/lib/python3.12/site-packages/airflow/example_dags/example_bash_operator.py took 0.070 seconds
[2025-01-20T19:29:31.155+0000] {processor.py:186} INFO - Started process (PID=2284) to work on /home/airflow/.local/lib/python3.12/site-packages/airflow/example_dags/example_bash_operator.py
[2025-01-20T19:29:31.156+0000] {processor.py:914} INFO - Processing file /home/airflow/.local/lib/python3.12/site-packages/airflow/example_dags/example_bash_operator.py for tasks to queue
[2025-01-20T19:29:31.157+0000] {logging_mixin.py:190} INFO - [2025-01-20T19:29:31.157+0000] {dagbag.py:588} INFO - Filling up the DagBag from /home/airflow/.local/lib/python3.12/site-packages/airflow/example_dags/example_bash_operator.py
[2025-01-20T19:29:31.167+0000] {processor.py:925} INFO - DAG(s) 'example_bash_operator' retrieved from /home/airflow/.local/lib/python3.12/site-packages/airflow/example_dags/example_bash_operator.py
[2025-01-20T19:29:31.193+0000] {logging_mixin.py:190} INFO - [2025-01-20T19:29:31.193+0000] {dag.py:3239} INFO - Sync 1 DAGs
[2025-01-20T19:29:31.212+0000] {logging_mixin.py:190} INFO - [2025-01-20T19:29:31.212+0000] {dag.py:4180} INFO - Setting next_dagrun for example_bash_operator to 2025-01-19 00:00:00+00:00, run_after=2025-01-20 00:00:00+00:00
[2025-01-20T19:29:31.228+0000] {processor.py:208} INFO - Processing /home/airflow/.local/lib/python3.12/site-packages/airflow/example_dags/example_bash_operator.py took 0.078 seconds
[2025-01-20T19:30:02.165+0000] {processor.py:186} INFO - Started process (PID=2348) to work on /home/airflow/.local/lib/python3.12/site-packages/airflow/example_dags/example_bash_operator.py
[2025-01-20T19:30:02.166+0000] {processor.py:914} INFO - Processing file /home/airflow/.local/lib/python3.12/site-packages/airflow/example_dags/example_bash_operator.py for tasks to queue
[2025-01-20T19:30:02.168+0000] {logging_mixin.py:190} INFO - [2025-01-20T19:30:02.167+0000] {dagbag.py:588} INFO - Filling up the DagBag from /home/airflow/.local/lib/python3.12/site-packages/airflow/example_dags/example_bash_operator.py
[2025-01-20T19:30:02.178+0000] {processor.py:925} INFO - DAG(s) 'example_bash_operator' retrieved from /home/airflow/.local/lib/python3.12/site-packages/airflow/example_dags/example_bash_operator.py
[2025-01-20T19:30:02.205+0000] {logging_mixin.py:190} INFO - [2025-01-20T19:30:02.205+0000] {dag.py:3239} INFO - Sync 1 DAGs
[2025-01-20T19:30:02.227+0000] {logging_mixin.py:190} INFO - [2025-01-20T19:30:02.226+0000] {dag.py:4180} INFO - Setting next_dagrun for example_bash_operator to 2025-01-19 00:00:00+00:00, run_after=2025-01-20 00:00:00+00:00
[2025-01-20T19:30:02.240+0000] {processor.py:208} INFO - Processing /home/airflow/.local/lib/python3.12/site-packages/airflow/example_dags/example_bash_operator.py took 0.080 seconds
