[2025-01-20T19:11:46.562+0000] {processor.py:186} INFO - Started process (PID=90) to work on /home/airflow/.local/lib/python3.12/site-packages/airflow/example_dags/example_subdag_operator.py
[2025-01-20T19:11:46.563+0000] {processor.py:914} INFO - Processing file /home/airflow/.local/lib/python3.12/site-packages/airflow/example_dags/example_subdag_operator.py for tasks to queue
[2025-01-20T19:11:46.566+0000] {logging_mixin.py:190} INFO - [2025-01-20T19:11:46.566+0000] {dagbag.py:588} INFO - Filling up the DagBag from /home/airflow/.local/lib/python3.12/site-packages/airflow/example_dags/example_subdag_operator.py
[2025-01-20T19:11:46.596+0000] {processor.py:925} INFO - DAG(s) 'example_subdag_operator.section-1', 'example_subdag_operator.section-2', 'example_subdag_operator' retrieved from /home/airflow/.local/lib/python3.12/site-packages/airflow/example_dags/example_subdag_operator.py
[2025-01-20T19:11:46.707+0000] {logging_mixin.py:190} INFO - [2025-01-20T19:11:46.706+0000] {override.py:1911} INFO - Created Permission View: can edit on DAG:example_subdag_operator
[2025-01-20T19:11:46.724+0000] {logging_mixin.py:190} INFO - [2025-01-20T19:11:46.724+0000] {override.py:1911} INFO - Created Permission View: can delete on DAG:example_subdag_operator
[2025-01-20T19:11:46.729+0000] {logging_mixin.py:190} INFO - [2025-01-20T19:11:46.729+0000] {override.py:1911} INFO - Created Permission View: can read on DAG:example_subdag_operator
[2025-01-20T19:11:46.736+0000] {logging_mixin.py:190} INFO - [2025-01-20T19:11:46.735+0000] {override.py:1911} INFO - Created Permission View: can create on DAG Run:example_subdag_operator
[2025-01-20T19:11:46.741+0000] {logging_mixin.py:190} INFO - [2025-01-20T19:11:46.741+0000] {override.py:1911} INFO - Created Permission View: can delete on DAG Run:example_subdag_operator
[2025-01-20T19:11:46.747+0000] {logging_mixin.py:190} INFO - [2025-01-20T19:11:46.746+0000] {override.py:1911} INFO - Created Permission View: menu access on DAG Run:example_subdag_operator
[2025-01-20T19:11:46.752+0000] {logging_mixin.py:190} INFO - [2025-01-20T19:11:46.752+0000] {override.py:1911} INFO - Created Permission View: can read on DAG Run:example_subdag_operator
[2025-01-20T19:11:46.752+0000] {logging_mixin.py:190} INFO - [2025-01-20T19:11:46.752+0000] {dag.py:3239} INFO - Sync 3 DAGs
[2025-01-20T19:11:46.767+0000] {logging_mixin.py:190} INFO - [2025-01-20T19:11:46.767+0000] {dag.py:3262} INFO - Creating ORM DAG for example_subdag_operator
[2025-01-20T19:11:46.768+0000] {logging_mixin.py:190} INFO - [2025-01-20T19:11:46.767+0000] {dag.py:3262} INFO - Creating ORM DAG for example_subdag_operator.section-1
[2025-01-20T19:11:46.768+0000] {logging_mixin.py:190} INFO - [2025-01-20T19:11:46.768+0000] {dag.py:3262} INFO - Creating ORM DAG for example_subdag_operator.section-2
[2025-01-20T19:11:46.777+0000] {logging_mixin.py:190} INFO - [2025-01-20T19:11:46.777+0000] {dag.py:4180} INFO - Setting next_dagrun for example_subdag_operator to 2022-01-01 00:00:00+00:00, run_after=2022-01-01 00:00:00+00:00
[2025-01-20T19:11:46.778+0000] {logging_mixin.py:190} INFO - [2025-01-20T19:11:46.778+0000] {dag.py:4180} INFO - Setting next_dagrun for example_subdag_operator.section-1 to None, run_after=None
[2025-01-20T19:11:46.778+0000] {logging_mixin.py:190} INFO - [2025-01-20T19:11:46.778+0000] {dag.py:4180} INFO - Setting next_dagrun for example_subdag_operator.section-2 to None, run_after=None
[2025-01-20T19:11:46.785+0000] {logging_mixin.py:190} INFO - [2025-01-20T19:11:46.785+0000] {dag.py:3239} INFO - Sync 2 DAGs
[2025-01-20T19:11:46.790+0000] {logging_mixin.py:190} INFO - [2025-01-20T19:11:46.790+0000] {dag.py:4180} INFO - Setting next_dagrun for example_subdag_operator.section-1 to None, run_after=None
[2025-01-20T19:11:46.793+0000] {logging_mixin.py:190} INFO - [2025-01-20T19:11:46.793+0000] {dag.py:4180} INFO - Setting next_dagrun for example_subdag_operator.section-2 to None, run_after=None
[2025-01-20T19:11:46.803+0000] {processor.py:208} INFO - Processing /home/airflow/.local/lib/python3.12/site-packages/airflow/example_dags/example_subdag_operator.py took 0.260 seconds
[2025-01-20T19:12:16.938+0000] {processor.py:186} INFO - Started process (PID=154) to work on /home/airflow/.local/lib/python3.12/site-packages/airflow/example_dags/example_subdag_operator.py
[2025-01-20T19:12:16.939+0000] {processor.py:914} INFO - Processing file /home/airflow/.local/lib/python3.12/site-packages/airflow/example_dags/example_subdag_operator.py for tasks to queue
[2025-01-20T19:12:16.941+0000] {logging_mixin.py:190} INFO - [2025-01-20T19:12:16.941+0000] {dagbag.py:588} INFO - Filling up the DagBag from /home/airflow/.local/lib/python3.12/site-packages/airflow/example_dags/example_subdag_operator.py
[2025-01-20T19:12:16.966+0000] {processor.py:925} INFO - DAG(s) 'example_subdag_operator.section-1', 'example_subdag_operator.section-2', 'example_subdag_operator' retrieved from /home/airflow/.local/lib/python3.12/site-packages/airflow/example_dags/example_subdag_operator.py
[2025-01-20T19:12:16.981+0000] {logging_mixin.py:190} INFO - [2025-01-20T19:12:16.981+0000] {dag.py:3239} INFO - Sync 3 DAGs
[2025-01-20T19:12:17.000+0000] {logging_mixin.py:190} INFO - [2025-01-20T19:12:16.999+0000] {dag.py:4180} INFO - Setting next_dagrun for example_subdag_operator to 2022-01-01 00:00:00+00:00, run_after=2022-01-01 00:00:00+00:00
[2025-01-20T19:12:17.002+0000] {logging_mixin.py:190} INFO - [2025-01-20T19:12:17.002+0000] {dag.py:4180} INFO - Setting next_dagrun for example_subdag_operator.section-1 to None, run_after=None
[2025-01-20T19:12:17.003+0000] {logging_mixin.py:190} INFO - [2025-01-20T19:12:17.003+0000] {dag.py:4180} INFO - Setting next_dagrun for example_subdag_operator.section-2 to None, run_after=None
[2025-01-20T19:12:17.008+0000] {logging_mixin.py:190} INFO - [2025-01-20T19:12:17.008+0000] {dag.py:3239} INFO - Sync 2 DAGs
[2025-01-20T19:12:17.012+0000] {logging_mixin.py:190} INFO - [2025-01-20T19:12:17.011+0000] {dag.py:4180} INFO - Setting next_dagrun for example_subdag_operator.section-1 to None, run_after=None
[2025-01-20T19:12:17.012+0000] {logging_mixin.py:190} INFO - [2025-01-20T19:12:17.012+0000] {dag.py:4180} INFO - Setting next_dagrun for example_subdag_operator.section-2 to None, run_after=None
[2025-01-20T19:12:17.019+0000] {processor.py:208} INFO - Processing /home/airflow/.local/lib/python3.12/site-packages/airflow/example_dags/example_subdag_operator.py took 0.087 seconds
[2025-01-20T19:12:47.730+0000] {processor.py:186} INFO - Started process (PID=216) to work on /home/airflow/.local/lib/python3.12/site-packages/airflow/example_dags/example_subdag_operator.py
[2025-01-20T19:12:47.730+0000] {processor.py:914} INFO - Processing file /home/airflow/.local/lib/python3.12/site-packages/airflow/example_dags/example_subdag_operator.py for tasks to queue
[2025-01-20T19:12:47.732+0000] {logging_mixin.py:190} INFO - [2025-01-20T19:12:47.732+0000] {dagbag.py:588} INFO - Filling up the DagBag from /home/airflow/.local/lib/python3.12/site-packages/airflow/example_dags/example_subdag_operator.py
[2025-01-20T19:12:47.753+0000] {processor.py:925} INFO - DAG(s) 'example_subdag_operator.section-1', 'example_subdag_operator.section-2', 'example_subdag_operator' retrieved from /home/airflow/.local/lib/python3.12/site-packages/airflow/example_dags/example_subdag_operator.py
[2025-01-20T19:12:47.769+0000] {logging_mixin.py:190} INFO - [2025-01-20T19:12:47.769+0000] {dag.py:3239} INFO - Sync 3 DAGs
[2025-01-20T19:12:47.792+0000] {logging_mixin.py:190} INFO - [2025-01-20T19:12:47.792+0000] {dag.py:4180} INFO - Setting next_dagrun for example_subdag_operator to 2022-01-01 00:00:00+00:00, run_after=2022-01-01 00:00:00+00:00
[2025-01-20T19:12:47.795+0000] {logging_mixin.py:190} INFO - [2025-01-20T19:12:47.795+0000] {dag.py:4180} INFO - Setting next_dagrun for example_subdag_operator.section-1 to None, run_after=None
[2025-01-20T19:12:47.796+0000] {logging_mixin.py:190} INFO - [2025-01-20T19:12:47.796+0000] {dag.py:4180} INFO - Setting next_dagrun for example_subdag_operator.section-2 to None, run_after=None
[2025-01-20T19:12:47.802+0000] {logging_mixin.py:190} INFO - [2025-01-20T19:12:47.802+0000] {dag.py:3239} INFO - Sync 2 DAGs
[2025-01-20T19:12:47.807+0000] {logging_mixin.py:190} INFO - [2025-01-20T19:12:47.806+0000] {dag.py:4180} INFO - Setting next_dagrun for example_subdag_operator.section-1 to None, run_after=None
[2025-01-20T19:12:47.807+0000] {logging_mixin.py:190} INFO - [2025-01-20T19:12:47.807+0000] {dag.py:4180} INFO - Setting next_dagrun for example_subdag_operator.section-2 to None, run_after=None
[2025-01-20T19:12:47.814+0000] {processor.py:208} INFO - Processing /home/airflow/.local/lib/python3.12/site-packages/airflow/example_dags/example_subdag_operator.py took 0.089 seconds
[2025-01-20T19:13:18.475+0000] {processor.py:186} INFO - Started process (PID=279) to work on /home/airflow/.local/lib/python3.12/site-packages/airflow/example_dags/example_subdag_operator.py
[2025-01-20T19:13:18.476+0000] {processor.py:914} INFO - Processing file /home/airflow/.local/lib/python3.12/site-packages/airflow/example_dags/example_subdag_operator.py for tasks to queue
[2025-01-20T19:13:18.478+0000] {logging_mixin.py:190} INFO - [2025-01-20T19:13:18.478+0000] {dagbag.py:588} INFO - Filling up the DagBag from /home/airflow/.local/lib/python3.12/site-packages/airflow/example_dags/example_subdag_operator.py
[2025-01-20T19:13:18.504+0000] {processor.py:925} INFO - DAG(s) 'example_subdag_operator.section-1', 'example_subdag_operator.section-2', 'example_subdag_operator' retrieved from /home/airflow/.local/lib/python3.12/site-packages/airflow/example_dags/example_subdag_operator.py
[2025-01-20T19:13:18.520+0000] {logging_mixin.py:190} INFO - [2025-01-20T19:13:18.520+0000] {dag.py:3239} INFO - Sync 3 DAGs
[2025-01-20T19:13:18.543+0000] {logging_mixin.py:190} INFO - [2025-01-20T19:13:18.542+0000] {dag.py:4180} INFO - Setting next_dagrun for example_subdag_operator to 2022-01-01 00:00:00+00:00, run_after=2022-01-01 00:00:00+00:00
[2025-01-20T19:13:18.546+0000] {logging_mixin.py:190} INFO - [2025-01-20T19:13:18.546+0000] {dag.py:4180} INFO - Setting next_dagrun for example_subdag_operator.section-1 to None, run_after=None
[2025-01-20T19:13:18.548+0000] {logging_mixin.py:190} INFO - [2025-01-20T19:13:18.547+0000] {dag.py:4180} INFO - Setting next_dagrun for example_subdag_operator.section-2 to None, run_after=None
[2025-01-20T19:13:18.554+0000] {logging_mixin.py:190} INFO - [2025-01-20T19:13:18.553+0000] {dag.py:3239} INFO - Sync 2 DAGs
[2025-01-20T19:13:18.559+0000] {logging_mixin.py:190} INFO - [2025-01-20T19:13:18.559+0000] {dag.py:4180} INFO - Setting next_dagrun for example_subdag_operator.section-1 to None, run_after=None
[2025-01-20T19:13:18.559+0000] {logging_mixin.py:190} INFO - [2025-01-20T19:13:18.559+0000] {dag.py:4180} INFO - Setting next_dagrun for example_subdag_operator.section-2 to None, run_after=None
[2025-01-20T19:13:18.568+0000] {processor.py:208} INFO - Processing /home/airflow/.local/lib/python3.12/site-packages/airflow/example_dags/example_subdag_operator.py took 0.100 seconds
[2025-01-20T19:13:49.171+0000] {processor.py:186} INFO - Started process (PID=342) to work on /home/airflow/.local/lib/python3.12/site-packages/airflow/example_dags/example_subdag_operator.py
[2025-01-20T19:13:49.172+0000] {processor.py:914} INFO - Processing file /home/airflow/.local/lib/python3.12/site-packages/airflow/example_dags/example_subdag_operator.py for tasks to queue
[2025-01-20T19:13:49.173+0000] {logging_mixin.py:190} INFO - [2025-01-20T19:13:49.173+0000] {dagbag.py:588} INFO - Filling up the DagBag from /home/airflow/.local/lib/python3.12/site-packages/airflow/example_dags/example_subdag_operator.py
[2025-01-20T19:13:49.194+0000] {processor.py:925} INFO - DAG(s) 'example_subdag_operator.section-1', 'example_subdag_operator.section-2', 'example_subdag_operator' retrieved from /home/airflow/.local/lib/python3.12/site-packages/airflow/example_dags/example_subdag_operator.py
[2025-01-20T19:13:49.204+0000] {logging_mixin.py:190} INFO - [2025-01-20T19:13:49.204+0000] {dag.py:3239} INFO - Sync 3 DAGs
[2025-01-20T19:13:49.223+0000] {logging_mixin.py:190} INFO - [2025-01-20T19:13:49.223+0000] {dag.py:4180} INFO - Setting next_dagrun for example_subdag_operator to 2022-01-01 00:00:00+00:00, run_after=2022-01-01 00:00:00+00:00
[2025-01-20T19:13:49.226+0000] {logging_mixin.py:190} INFO - [2025-01-20T19:13:49.226+0000] {dag.py:4180} INFO - Setting next_dagrun for example_subdag_operator.section-1 to None, run_after=None
[2025-01-20T19:13:49.227+0000] {logging_mixin.py:190} INFO - [2025-01-20T19:13:49.227+0000] {dag.py:4180} INFO - Setting next_dagrun for example_subdag_operator.section-2 to None, run_after=None
[2025-01-20T19:13:49.232+0000] {logging_mixin.py:190} INFO - [2025-01-20T19:13:49.232+0000] {dag.py:3239} INFO - Sync 2 DAGs
[2025-01-20T19:13:49.236+0000] {logging_mixin.py:190} INFO - [2025-01-20T19:13:49.236+0000] {dag.py:4180} INFO - Setting next_dagrun for example_subdag_operator.section-1 to None, run_after=None
[2025-01-20T19:13:49.237+0000] {logging_mixin.py:190} INFO - [2025-01-20T19:13:49.236+0000] {dag.py:4180} INFO - Setting next_dagrun for example_subdag_operator.section-2 to None, run_after=None
[2025-01-20T19:13:49.244+0000] {processor.py:208} INFO - Processing /home/airflow/.local/lib/python3.12/site-packages/airflow/example_dags/example_subdag_operator.py took 0.077 seconds
[2025-01-20T19:14:19.796+0000] {processor.py:186} INFO - Started process (PID=404) to work on /home/airflow/.local/lib/python3.12/site-packages/airflow/example_dags/example_subdag_operator.py
[2025-01-20T19:14:19.797+0000] {processor.py:914} INFO - Processing file /home/airflow/.local/lib/python3.12/site-packages/airflow/example_dags/example_subdag_operator.py for tasks to queue
[2025-01-20T19:14:19.799+0000] {logging_mixin.py:190} INFO - [2025-01-20T19:14:19.798+0000] {dagbag.py:588} INFO - Filling up the DagBag from /home/airflow/.local/lib/python3.12/site-packages/airflow/example_dags/example_subdag_operator.py
[2025-01-20T19:14:19.819+0000] {processor.py:925} INFO - DAG(s) 'example_subdag_operator.section-1', 'example_subdag_operator.section-2', 'example_subdag_operator' retrieved from /home/airflow/.local/lib/python3.12/site-packages/airflow/example_dags/example_subdag_operator.py
[2025-01-20T19:14:19.832+0000] {logging_mixin.py:190} INFO - [2025-01-20T19:14:19.832+0000] {dag.py:3239} INFO - Sync 3 DAGs
[2025-01-20T19:14:19.850+0000] {logging_mixin.py:190} INFO - [2025-01-20T19:14:19.850+0000] {dag.py:4180} INFO - Setting next_dagrun for example_subdag_operator to 2022-01-01 00:00:00+00:00, run_after=2022-01-01 00:00:00+00:00
[2025-01-20T19:14:19.853+0000] {logging_mixin.py:190} INFO - [2025-01-20T19:14:19.853+0000] {dag.py:4180} INFO - Setting next_dagrun for example_subdag_operator.section-1 to None, run_after=None
[2025-01-20T19:14:19.854+0000] {logging_mixin.py:190} INFO - [2025-01-20T19:14:19.854+0000] {dag.py:4180} INFO - Setting next_dagrun for example_subdag_operator.section-2 to None, run_after=None
[2025-01-20T19:14:19.859+0000] {logging_mixin.py:190} INFO - [2025-01-20T19:14:19.858+0000] {dag.py:3239} INFO - Sync 2 DAGs
[2025-01-20T19:14:19.863+0000] {logging_mixin.py:190} INFO - [2025-01-20T19:14:19.863+0000] {dag.py:4180} INFO - Setting next_dagrun for example_subdag_operator.section-1 to None, run_after=None
[2025-01-20T19:14:19.863+0000] {logging_mixin.py:190} INFO - [2025-01-20T19:14:19.863+0000] {dag.py:4180} INFO - Setting next_dagrun for example_subdag_operator.section-2 to None, run_after=None
[2025-01-20T19:14:19.870+0000] {processor.py:208} INFO - Processing /home/airflow/.local/lib/python3.12/site-packages/airflow/example_dags/example_subdag_operator.py took 0.078 seconds
[2025-01-20T19:14:51.338+0000] {processor.py:186} INFO - Started process (PID=467) to work on /home/airflow/.local/lib/python3.12/site-packages/airflow/example_dags/example_subdag_operator.py
[2025-01-20T19:14:51.338+0000] {processor.py:914} INFO - Processing file /home/airflow/.local/lib/python3.12/site-packages/airflow/example_dags/example_subdag_operator.py for tasks to queue
[2025-01-20T19:14:51.340+0000] {logging_mixin.py:190} INFO - [2025-01-20T19:14:51.340+0000] {dagbag.py:588} INFO - Filling up the DagBag from /home/airflow/.local/lib/python3.12/site-packages/airflow/example_dags/example_subdag_operator.py
[2025-01-20T19:14:51.361+0000] {processor.py:925} INFO - DAG(s) 'example_subdag_operator.section-1', 'example_subdag_operator.section-2', 'example_subdag_operator' retrieved from /home/airflow/.local/lib/python3.12/site-packages/airflow/example_dags/example_subdag_operator.py
[2025-01-20T19:14:51.372+0000] {logging_mixin.py:190} INFO - [2025-01-20T19:14:51.372+0000] {dag.py:3239} INFO - Sync 3 DAGs
[2025-01-20T19:14:51.391+0000] {logging_mixin.py:190} INFO - [2025-01-20T19:14:51.391+0000] {dag.py:4180} INFO - Setting next_dagrun for example_subdag_operator to 2022-01-01 00:00:00+00:00, run_after=2022-01-01 00:00:00+00:00
[2025-01-20T19:14:51.394+0000] {logging_mixin.py:190} INFO - [2025-01-20T19:14:51.394+0000] {dag.py:4180} INFO - Setting next_dagrun for example_subdag_operator.section-1 to None, run_after=None
[2025-01-20T19:14:51.395+0000] {logging_mixin.py:190} INFO - [2025-01-20T19:14:51.395+0000] {dag.py:4180} INFO - Setting next_dagrun for example_subdag_operator.section-2 to None, run_after=None
[2025-01-20T19:14:51.400+0000] {logging_mixin.py:190} INFO - [2025-01-20T19:14:51.400+0000] {dag.py:3239} INFO - Sync 2 DAGs
[2025-01-20T19:14:51.404+0000] {logging_mixin.py:190} INFO - [2025-01-20T19:14:51.404+0000] {dag.py:4180} INFO - Setting next_dagrun for example_subdag_operator.section-1 to None, run_after=None
[2025-01-20T19:14:51.404+0000] {logging_mixin.py:190} INFO - [2025-01-20T19:14:51.404+0000] {dag.py:4180} INFO - Setting next_dagrun for example_subdag_operator.section-2 to None, run_after=None
[2025-01-20T19:14:51.412+0000] {processor.py:208} INFO - Processing /home/airflow/.local/lib/python3.12/site-packages/airflow/example_dags/example_subdag_operator.py took 0.079 seconds
[2025-01-20T19:15:22.607+0000] {processor.py:186} INFO - Started process (PID=532) to work on /home/airflow/.local/lib/python3.12/site-packages/airflow/example_dags/example_subdag_operator.py
[2025-01-20T19:15:22.608+0000] {processor.py:914} INFO - Processing file /home/airflow/.local/lib/python3.12/site-packages/airflow/example_dags/example_subdag_operator.py for tasks to queue
[2025-01-20T19:15:22.610+0000] {logging_mixin.py:190} INFO - [2025-01-20T19:15:22.609+0000] {dagbag.py:588} INFO - Filling up the DagBag from /home/airflow/.local/lib/python3.12/site-packages/airflow/example_dags/example_subdag_operator.py
[2025-01-20T19:15:22.636+0000] {processor.py:925} INFO - DAG(s) 'example_subdag_operator.section-1', 'example_subdag_operator.section-2', 'example_subdag_operator' retrieved from /home/airflow/.local/lib/python3.12/site-packages/airflow/example_dags/example_subdag_operator.py
[2025-01-20T19:15:22.656+0000] {logging_mixin.py:190} INFO - [2025-01-20T19:15:22.656+0000] {dag.py:3239} INFO - Sync 3 DAGs
[2025-01-20T19:15:22.681+0000] {logging_mixin.py:190} INFO - [2025-01-20T19:15:22.681+0000] {dag.py:4180} INFO - Setting next_dagrun for example_subdag_operator to 2022-01-01 00:00:00+00:00, run_after=2022-01-01 00:00:00+00:00
[2025-01-20T19:15:22.684+0000] {logging_mixin.py:190} INFO - [2025-01-20T19:15:22.684+0000] {dag.py:4180} INFO - Setting next_dagrun for example_subdag_operator.section-1 to None, run_after=None
[2025-01-20T19:15:22.685+0000] {logging_mixin.py:190} INFO - [2025-01-20T19:15:22.685+0000] {dag.py:4180} INFO - Setting next_dagrun for example_subdag_operator.section-2 to None, run_after=None
[2025-01-20T19:15:22.690+0000] {logging_mixin.py:190} INFO - [2025-01-20T19:15:22.690+0000] {dag.py:3239} INFO - Sync 2 DAGs
[2025-01-20T19:15:22.694+0000] {logging_mixin.py:190} INFO - [2025-01-20T19:15:22.694+0000] {dag.py:4180} INFO - Setting next_dagrun for example_subdag_operator.section-1 to None, run_after=None
[2025-01-20T19:15:22.694+0000] {logging_mixin.py:190} INFO - [2025-01-20T19:15:22.694+0000] {dag.py:4180} INFO - Setting next_dagrun for example_subdag_operator.section-2 to None, run_after=None
[2025-01-20T19:15:22.702+0000] {processor.py:208} INFO - Processing /home/airflow/.local/lib/python3.12/site-packages/airflow/example_dags/example_subdag_operator.py took 0.101 seconds
[2025-01-20T19:15:53.652+0000] {processor.py:186} INFO - Started process (PID=595) to work on /home/airflow/.local/lib/python3.12/site-packages/airflow/example_dags/example_subdag_operator.py
[2025-01-20T19:15:53.653+0000] {processor.py:914} INFO - Processing file /home/airflow/.local/lib/python3.12/site-packages/airflow/example_dags/example_subdag_operator.py for tasks to queue
[2025-01-20T19:15:53.654+0000] {logging_mixin.py:190} INFO - [2025-01-20T19:15:53.654+0000] {dagbag.py:588} INFO - Filling up the DagBag from /home/airflow/.local/lib/python3.12/site-packages/airflow/example_dags/example_subdag_operator.py
[2025-01-20T19:15:53.675+0000] {processor.py:925} INFO - DAG(s) 'example_subdag_operator.section-1', 'example_subdag_operator.section-2', 'example_subdag_operator' retrieved from /home/airflow/.local/lib/python3.12/site-packages/airflow/example_dags/example_subdag_operator.py
[2025-01-20T19:15:53.691+0000] {logging_mixin.py:190} INFO - [2025-01-20T19:15:53.691+0000] {dag.py:3239} INFO - Sync 3 DAGs
[2025-01-20T19:15:53.715+0000] {logging_mixin.py:190} INFO - [2025-01-20T19:15:53.715+0000] {dag.py:4180} INFO - Setting next_dagrun for example_subdag_operator to 2022-01-01 00:00:00+00:00, run_after=2022-01-01 00:00:00+00:00
[2025-01-20T19:15:53.718+0000] {logging_mixin.py:190} INFO - [2025-01-20T19:15:53.718+0000] {dag.py:4180} INFO - Setting next_dagrun for example_subdag_operator.section-1 to None, run_after=None
[2025-01-20T19:15:53.720+0000] {logging_mixin.py:190} INFO - [2025-01-20T19:15:53.720+0000] {dag.py:4180} INFO - Setting next_dagrun for example_subdag_operator.section-2 to None, run_after=None
[2025-01-20T19:15:53.727+0000] {logging_mixin.py:190} INFO - [2025-01-20T19:15:53.727+0000] {dag.py:3239} INFO - Sync 2 DAGs
[2025-01-20T19:15:53.734+0000] {logging_mixin.py:190} INFO - [2025-01-20T19:15:53.733+0000] {dag.py:4180} INFO - Setting next_dagrun for example_subdag_operator.section-1 to None, run_after=None
[2025-01-20T19:15:53.734+0000] {logging_mixin.py:190} INFO - [2025-01-20T19:15:53.734+0000] {dag.py:4180} INFO - Setting next_dagrun for example_subdag_operator.section-2 to None, run_after=None
[2025-01-20T19:15:53.744+0000] {processor.py:208} INFO - Processing /home/airflow/.local/lib/python3.12/site-packages/airflow/example_dags/example_subdag_operator.py took 0.096 seconds
[2025-01-20T19:16:24.415+0000] {processor.py:186} INFO - Started process (PID=658) to work on /home/airflow/.local/lib/python3.12/site-packages/airflow/example_dags/example_subdag_operator.py
[2025-01-20T19:16:24.416+0000] {processor.py:914} INFO - Processing file /home/airflow/.local/lib/python3.12/site-packages/airflow/example_dags/example_subdag_operator.py for tasks to queue
[2025-01-20T19:16:24.417+0000] {logging_mixin.py:190} INFO - [2025-01-20T19:16:24.417+0000] {dagbag.py:588} INFO - Filling up the DagBag from /home/airflow/.local/lib/python3.12/site-packages/airflow/example_dags/example_subdag_operator.py
[2025-01-20T19:16:24.440+0000] {processor.py:925} INFO - DAG(s) 'example_subdag_operator.section-1', 'example_subdag_operator.section-2', 'example_subdag_operator' retrieved from /home/airflow/.local/lib/python3.12/site-packages/airflow/example_dags/example_subdag_operator.py
[2025-01-20T19:16:24.451+0000] {logging_mixin.py:190} INFO - [2025-01-20T19:16:24.451+0000] {dag.py:3239} INFO - Sync 3 DAGs
[2025-01-20T19:16:24.471+0000] {logging_mixin.py:190} INFO - [2025-01-20T19:16:24.471+0000] {dag.py:4180} INFO - Setting next_dagrun for example_subdag_operator to 2022-01-01 00:00:00+00:00, run_after=2022-01-01 00:00:00+00:00
[2025-01-20T19:16:24.474+0000] {logging_mixin.py:190} INFO - [2025-01-20T19:16:24.473+0000] {dag.py:4180} INFO - Setting next_dagrun for example_subdag_operator.section-1 to None, run_after=None
[2025-01-20T19:16:24.475+0000] {logging_mixin.py:190} INFO - [2025-01-20T19:16:24.474+0000] {dag.py:4180} INFO - Setting next_dagrun for example_subdag_operator.section-2 to None, run_after=None
[2025-01-20T19:16:24.480+0000] {logging_mixin.py:190} INFO - [2025-01-20T19:16:24.480+0000] {dag.py:3239} INFO - Sync 2 DAGs
[2025-01-20T19:16:24.485+0000] {logging_mixin.py:190} INFO - [2025-01-20T19:16:24.485+0000] {dag.py:4180} INFO - Setting next_dagrun for example_subdag_operator.section-1 to None, run_after=None
[2025-01-20T19:16:24.486+0000] {logging_mixin.py:190} INFO - [2025-01-20T19:16:24.485+0000] {dag.py:4180} INFO - Setting next_dagrun for example_subdag_operator.section-2 to None, run_after=None
[2025-01-20T19:16:24.493+0000] {processor.py:208} INFO - Processing /home/airflow/.local/lib/python3.12/site-packages/airflow/example_dags/example_subdag_operator.py took 0.083 seconds
[2025-01-20T19:16:55.565+0000] {processor.py:186} INFO - Started process (PID=721) to work on /home/airflow/.local/lib/python3.12/site-packages/airflow/example_dags/example_subdag_operator.py
[2025-01-20T19:16:55.565+0000] {processor.py:914} INFO - Processing file /home/airflow/.local/lib/python3.12/site-packages/airflow/example_dags/example_subdag_operator.py for tasks to queue
[2025-01-20T19:16:55.567+0000] {logging_mixin.py:190} INFO - [2025-01-20T19:16:55.567+0000] {dagbag.py:588} INFO - Filling up the DagBag from /home/airflow/.local/lib/python3.12/site-packages/airflow/example_dags/example_subdag_operator.py
[2025-01-20T19:16:55.588+0000] {processor.py:925} INFO - DAG(s) 'example_subdag_operator.section-1', 'example_subdag_operator.section-2', 'example_subdag_operator' retrieved from /home/airflow/.local/lib/python3.12/site-packages/airflow/example_dags/example_subdag_operator.py
[2025-01-20T19:16:55.603+0000] {logging_mixin.py:190} INFO - [2025-01-20T19:16:55.603+0000] {dag.py:3239} INFO - Sync 3 DAGs
[2025-01-20T19:16:55.624+0000] {logging_mixin.py:190} INFO - [2025-01-20T19:16:55.623+0000] {dag.py:4180} INFO - Setting next_dagrun for example_subdag_operator to 2022-01-01 00:00:00+00:00, run_after=2022-01-01 00:00:00+00:00
[2025-01-20T19:16:55.627+0000] {logging_mixin.py:190} INFO - [2025-01-20T19:16:55.627+0000] {dag.py:4180} INFO - Setting next_dagrun for example_subdag_operator.section-1 to None, run_after=None
[2025-01-20T19:16:55.628+0000] {logging_mixin.py:190} INFO - [2025-01-20T19:16:55.628+0000] {dag.py:4180} INFO - Setting next_dagrun for example_subdag_operator.section-2 to None, run_after=None
[2025-01-20T19:16:55.635+0000] {logging_mixin.py:190} INFO - [2025-01-20T19:16:55.634+0000] {dag.py:3239} INFO - Sync 2 DAGs
[2025-01-20T19:16:55.639+0000] {logging_mixin.py:190} INFO - [2025-01-20T19:16:55.639+0000] {dag.py:4180} INFO - Setting next_dagrun for example_subdag_operator.section-1 to None, run_after=None
[2025-01-20T19:16:55.639+0000] {logging_mixin.py:190} INFO - [2025-01-20T19:16:55.639+0000] {dag.py:4180} INFO - Setting next_dagrun for example_subdag_operator.section-2 to None, run_after=None
[2025-01-20T19:16:55.648+0000] {processor.py:208} INFO - Processing /home/airflow/.local/lib/python3.12/site-packages/airflow/example_dags/example_subdag_operator.py took 0.087 seconds
[2025-01-20T19:17:26.778+0000] {processor.py:186} INFO - Started process (PID=784) to work on /home/airflow/.local/lib/python3.12/site-packages/airflow/example_dags/example_subdag_operator.py
[2025-01-20T19:17:26.778+0000] {processor.py:914} INFO - Processing file /home/airflow/.local/lib/python3.12/site-packages/airflow/example_dags/example_subdag_operator.py for tasks to queue
[2025-01-20T19:17:26.780+0000] {logging_mixin.py:190} INFO - [2025-01-20T19:17:26.780+0000] {dagbag.py:588} INFO - Filling up the DagBag from /home/airflow/.local/lib/python3.12/site-packages/airflow/example_dags/example_subdag_operator.py
[2025-01-20T19:17:26.802+0000] {processor.py:925} INFO - DAG(s) 'example_subdag_operator.section-1', 'example_subdag_operator.section-2', 'example_subdag_operator' retrieved from /home/airflow/.local/lib/python3.12/site-packages/airflow/example_dags/example_subdag_operator.py
[2025-01-20T19:17:26.817+0000] {logging_mixin.py:190} INFO - [2025-01-20T19:17:26.817+0000] {dag.py:3239} INFO - Sync 3 DAGs
[2025-01-20T19:17:26.834+0000] {logging_mixin.py:190} INFO - [2025-01-20T19:17:26.834+0000] {dag.py:4180} INFO - Setting next_dagrun for example_subdag_operator to 2022-01-01 00:00:00+00:00, run_after=2022-01-01 00:00:00+00:00
[2025-01-20T19:17:26.837+0000] {logging_mixin.py:190} INFO - [2025-01-20T19:17:26.837+0000] {dag.py:4180} INFO - Setting next_dagrun for example_subdag_operator.section-1 to None, run_after=None
[2025-01-20T19:17:26.838+0000] {logging_mixin.py:190} INFO - [2025-01-20T19:17:26.838+0000] {dag.py:4180} INFO - Setting next_dagrun for example_subdag_operator.section-2 to None, run_after=None
[2025-01-20T19:17:26.843+0000] {logging_mixin.py:190} INFO - [2025-01-20T19:17:26.843+0000] {dag.py:3239} INFO - Sync 2 DAGs
[2025-01-20T19:17:26.847+0000] {logging_mixin.py:190} INFO - [2025-01-20T19:17:26.846+0000] {dag.py:4180} INFO - Setting next_dagrun for example_subdag_operator.section-1 to None, run_after=None
[2025-01-20T19:17:26.847+0000] {logging_mixin.py:190} INFO - [2025-01-20T19:17:26.847+0000] {dag.py:4180} INFO - Setting next_dagrun for example_subdag_operator.section-2 to None, run_after=None
[2025-01-20T19:17:26.854+0000] {processor.py:208} INFO - Processing /home/airflow/.local/lib/python3.12/site-packages/airflow/example_dags/example_subdag_operator.py took 0.081 seconds
[2025-01-20T19:17:57.963+0000] {processor.py:186} INFO - Started process (PID=847) to work on /home/airflow/.local/lib/python3.12/site-packages/airflow/example_dags/example_subdag_operator.py
[2025-01-20T19:17:57.964+0000] {processor.py:914} INFO - Processing file /home/airflow/.local/lib/python3.12/site-packages/airflow/example_dags/example_subdag_operator.py for tasks to queue
[2025-01-20T19:17:57.965+0000] {logging_mixin.py:190} INFO - [2025-01-20T19:17:57.965+0000] {dagbag.py:588} INFO - Filling up the DagBag from /home/airflow/.local/lib/python3.12/site-packages/airflow/example_dags/example_subdag_operator.py
[2025-01-20T19:17:57.987+0000] {processor.py:925} INFO - DAG(s) 'example_subdag_operator.section-1', 'example_subdag_operator.section-2', 'example_subdag_operator' retrieved from /home/airflow/.local/lib/python3.12/site-packages/airflow/example_dags/example_subdag_operator.py
[2025-01-20T19:17:57.998+0000] {logging_mixin.py:190} INFO - [2025-01-20T19:17:57.998+0000] {dag.py:3239} INFO - Sync 3 DAGs
[2025-01-20T19:17:58.020+0000] {logging_mixin.py:190} INFO - [2025-01-20T19:17:58.020+0000] {dag.py:4180} INFO - Setting next_dagrun for example_subdag_operator to 2022-01-01 00:00:00+00:00, run_after=2022-01-01 00:00:00+00:00
[2025-01-20T19:17:58.023+0000] {logging_mixin.py:190} INFO - [2025-01-20T19:17:58.022+0000] {dag.py:4180} INFO - Setting next_dagrun for example_subdag_operator.section-1 to None, run_after=None
[2025-01-20T19:17:58.023+0000] {logging_mixin.py:190} INFO - [2025-01-20T19:17:58.023+0000] {dag.py:4180} INFO - Setting next_dagrun for example_subdag_operator.section-2 to None, run_after=None
[2025-01-20T19:17:58.028+0000] {logging_mixin.py:190} INFO - [2025-01-20T19:17:58.028+0000] {dag.py:3239} INFO - Sync 2 DAGs
[2025-01-20T19:17:58.033+0000] {logging_mixin.py:190} INFO - [2025-01-20T19:17:58.033+0000] {dag.py:4180} INFO - Setting next_dagrun for example_subdag_operator.section-1 to None, run_after=None
[2025-01-20T19:17:58.033+0000] {logging_mixin.py:190} INFO - [2025-01-20T19:17:58.033+0000] {dag.py:4180} INFO - Setting next_dagrun for example_subdag_operator.section-2 to None, run_after=None
[2025-01-20T19:17:58.042+0000] {processor.py:208} INFO - Processing /home/airflow/.local/lib/python3.12/site-packages/airflow/example_dags/example_subdag_operator.py took 0.083 seconds
[2025-01-20T19:18:29.071+0000] {processor.py:186} INFO - Started process (PID=910) to work on /home/airflow/.local/lib/python3.12/site-packages/airflow/example_dags/example_subdag_operator.py
[2025-01-20T19:18:29.072+0000] {processor.py:914} INFO - Processing file /home/airflow/.local/lib/python3.12/site-packages/airflow/example_dags/example_subdag_operator.py for tasks to queue
[2025-01-20T19:18:29.073+0000] {logging_mixin.py:190} INFO - [2025-01-20T19:18:29.073+0000] {dagbag.py:588} INFO - Filling up the DagBag from /home/airflow/.local/lib/python3.12/site-packages/airflow/example_dags/example_subdag_operator.py
[2025-01-20T19:18:29.095+0000] {processor.py:925} INFO - DAG(s) 'example_subdag_operator.section-1', 'example_subdag_operator.section-2', 'example_subdag_operator' retrieved from /home/airflow/.local/lib/python3.12/site-packages/airflow/example_dags/example_subdag_operator.py
[2025-01-20T19:18:29.111+0000] {logging_mixin.py:190} INFO - [2025-01-20T19:18:29.111+0000] {dag.py:3239} INFO - Sync 3 DAGs
[2025-01-20T19:18:29.133+0000] {logging_mixin.py:190} INFO - [2025-01-20T19:18:29.133+0000] {dag.py:4180} INFO - Setting next_dagrun for example_subdag_operator to 2022-01-01 00:00:00+00:00, run_after=2022-01-01 00:00:00+00:00
[2025-01-20T19:18:29.136+0000] {logging_mixin.py:190} INFO - [2025-01-20T19:18:29.136+0000] {dag.py:4180} INFO - Setting next_dagrun for example_subdag_operator.section-1 to None, run_after=None
[2025-01-20T19:18:29.137+0000] {logging_mixin.py:190} INFO - [2025-01-20T19:18:29.137+0000] {dag.py:4180} INFO - Setting next_dagrun for example_subdag_operator.section-2 to None, run_after=None
[2025-01-20T19:18:29.143+0000] {logging_mixin.py:190} INFO - [2025-01-20T19:18:29.143+0000] {dag.py:3239} INFO - Sync 2 DAGs
[2025-01-20T19:18:29.148+0000] {logging_mixin.py:190} INFO - [2025-01-20T19:18:29.148+0000] {dag.py:4180} INFO - Setting next_dagrun for example_subdag_operator.section-1 to None, run_after=None
[2025-01-20T19:18:29.148+0000] {logging_mixin.py:190} INFO - [2025-01-20T19:18:29.148+0000] {dag.py:4180} INFO - Setting next_dagrun for example_subdag_operator.section-2 to None, run_after=None
[2025-01-20T19:18:29.156+0000] {processor.py:208} INFO - Processing /home/airflow/.local/lib/python3.12/site-packages/airflow/example_dags/example_subdag_operator.py took 0.089 seconds
[2025-01-20T19:19:00.012+0000] {processor.py:186} INFO - Started process (PID=974) to work on /home/airflow/.local/lib/python3.12/site-packages/airflow/example_dags/example_subdag_operator.py
[2025-01-20T19:19:00.012+0000] {processor.py:914} INFO - Processing file /home/airflow/.local/lib/python3.12/site-packages/airflow/example_dags/example_subdag_operator.py for tasks to queue
[2025-01-20T19:19:00.014+0000] {logging_mixin.py:190} INFO - [2025-01-20T19:19:00.014+0000] {dagbag.py:588} INFO - Filling up the DagBag from /home/airflow/.local/lib/python3.12/site-packages/airflow/example_dags/example_subdag_operator.py
[2025-01-20T19:19:00.036+0000] {processor.py:925} INFO - DAG(s) 'example_subdag_operator.section-1', 'example_subdag_operator.section-2', 'example_subdag_operator' retrieved from /home/airflow/.local/lib/python3.12/site-packages/airflow/example_dags/example_subdag_operator.py
[2025-01-20T19:19:00.052+0000] {logging_mixin.py:190} INFO - [2025-01-20T19:19:00.052+0000] {dag.py:3239} INFO - Sync 3 DAGs
[2025-01-20T19:19:00.077+0000] {logging_mixin.py:190} INFO - [2025-01-20T19:19:00.076+0000] {dag.py:4180} INFO - Setting next_dagrun for example_subdag_operator to 2022-01-01 00:00:00+00:00, run_after=2022-01-01 00:00:00+00:00
[2025-01-20T19:19:00.080+0000] {logging_mixin.py:190} INFO - [2025-01-20T19:19:00.080+0000] {dag.py:4180} INFO - Setting next_dagrun for example_subdag_operator.section-1 to None, run_after=None
[2025-01-20T19:19:00.081+0000] {logging_mixin.py:190} INFO - [2025-01-20T19:19:00.081+0000] {dag.py:4180} INFO - Setting next_dagrun for example_subdag_operator.section-2 to None, run_after=None
[2025-01-20T19:19:00.088+0000] {logging_mixin.py:190} INFO - [2025-01-20T19:19:00.088+0000] {dag.py:3239} INFO - Sync 2 DAGs
[2025-01-20T19:19:00.093+0000] {logging_mixin.py:190} INFO - [2025-01-20T19:19:00.092+0000] {dag.py:4180} INFO - Setting next_dagrun for example_subdag_operator.section-1 to None, run_after=None
[2025-01-20T19:19:00.093+0000] {logging_mixin.py:190} INFO - [2025-01-20T19:19:00.093+0000] {dag.py:4180} INFO - Setting next_dagrun for example_subdag_operator.section-2 to None, run_after=None
[2025-01-20T19:19:00.102+0000] {processor.py:208} INFO - Processing /home/airflow/.local/lib/python3.12/site-packages/airflow/example_dags/example_subdag_operator.py took 0.094 seconds
[2025-01-20T19:19:31.202+0000] {processor.py:186} INFO - Started process (PID=1036) to work on /home/airflow/.local/lib/python3.12/site-packages/airflow/example_dags/example_subdag_operator.py
[2025-01-20T19:19:31.203+0000] {processor.py:914} INFO - Processing file /home/airflow/.local/lib/python3.12/site-packages/airflow/example_dags/example_subdag_operator.py for tasks to queue
[2025-01-20T19:19:31.205+0000] {logging_mixin.py:190} INFO - [2025-01-20T19:19:31.204+0000] {dagbag.py:588} INFO - Filling up the DagBag from /home/airflow/.local/lib/python3.12/site-packages/airflow/example_dags/example_subdag_operator.py
[2025-01-20T19:19:31.228+0000] {processor.py:925} INFO - DAG(s) 'example_subdag_operator.section-1', 'example_subdag_operator.section-2', 'example_subdag_operator' retrieved from /home/airflow/.local/lib/python3.12/site-packages/airflow/example_dags/example_subdag_operator.py
[2025-01-20T19:19:31.241+0000] {logging_mixin.py:190} INFO - [2025-01-20T19:19:31.241+0000] {dag.py:3239} INFO - Sync 3 DAGs
[2025-01-20T19:19:31.259+0000] {logging_mixin.py:190} INFO - [2025-01-20T19:19:31.258+0000] {dag.py:4180} INFO - Setting next_dagrun for example_subdag_operator to 2022-01-01 00:00:00+00:00, run_after=2022-01-01 00:00:00+00:00
[2025-01-20T19:19:31.261+0000] {logging_mixin.py:190} INFO - [2025-01-20T19:19:31.261+0000] {dag.py:4180} INFO - Setting next_dagrun for example_subdag_operator.section-1 to None, run_after=None
[2025-01-20T19:19:31.262+0000] {logging_mixin.py:190} INFO - [2025-01-20T19:19:31.262+0000] {dag.py:4180} INFO - Setting next_dagrun for example_subdag_operator.section-2 to None, run_after=None
[2025-01-20T19:19:31.267+0000] {logging_mixin.py:190} INFO - [2025-01-20T19:19:31.267+0000] {dag.py:3239} INFO - Sync 2 DAGs
[2025-01-20T19:19:31.271+0000] {logging_mixin.py:190} INFO - [2025-01-20T19:19:31.270+0000] {dag.py:4180} INFO - Setting next_dagrun for example_subdag_operator.section-1 to None, run_after=None
[2025-01-20T19:19:31.271+0000] {logging_mixin.py:190} INFO - [2025-01-20T19:19:31.271+0000] {dag.py:4180} INFO - Setting next_dagrun for example_subdag_operator.section-2 to None, run_after=None
[2025-01-20T19:19:31.278+0000] {processor.py:208} INFO - Processing /home/airflow/.local/lib/python3.12/site-packages/airflow/example_dags/example_subdag_operator.py took 0.081 seconds
[2025-01-20T19:20:02.230+0000] {processor.py:186} INFO - Started process (PID=1100) to work on /home/airflow/.local/lib/python3.12/site-packages/airflow/example_dags/example_subdag_operator.py
[2025-01-20T19:20:02.230+0000] {processor.py:914} INFO - Processing file /home/airflow/.local/lib/python3.12/site-packages/airflow/example_dags/example_subdag_operator.py for tasks to queue
[2025-01-20T19:20:02.232+0000] {logging_mixin.py:190} INFO - [2025-01-20T19:20:02.231+0000] {dagbag.py:588} INFO - Filling up the DagBag from /home/airflow/.local/lib/python3.12/site-packages/airflow/example_dags/example_subdag_operator.py
[2025-01-20T19:20:02.253+0000] {processor.py:925} INFO - DAG(s) 'example_subdag_operator.section-1', 'example_subdag_operator.section-2', 'example_subdag_operator' retrieved from /home/airflow/.local/lib/python3.12/site-packages/airflow/example_dags/example_subdag_operator.py
[2025-01-20T19:20:02.270+0000] {logging_mixin.py:190} INFO - [2025-01-20T19:20:02.269+0000] {dag.py:3239} INFO - Sync 3 DAGs
[2025-01-20T19:20:02.293+0000] {logging_mixin.py:190} INFO - [2025-01-20T19:20:02.293+0000] {dag.py:4180} INFO - Setting next_dagrun for example_subdag_operator to 2022-01-01 00:00:00+00:00, run_after=2022-01-01 00:00:00+00:00
[2025-01-20T19:20:02.297+0000] {logging_mixin.py:190} INFO - [2025-01-20T19:20:02.296+0000] {dag.py:4180} INFO - Setting next_dagrun for example_subdag_operator.section-1 to None, run_after=None
[2025-01-20T19:20:02.298+0000] {logging_mixin.py:190} INFO - [2025-01-20T19:20:02.298+0000] {dag.py:4180} INFO - Setting next_dagrun for example_subdag_operator.section-2 to None, run_after=None
[2025-01-20T19:20:02.305+0000] {logging_mixin.py:190} INFO - [2025-01-20T19:20:02.305+0000] {dag.py:3239} INFO - Sync 2 DAGs
[2025-01-20T19:20:02.310+0000] {logging_mixin.py:190} INFO - [2025-01-20T19:20:02.310+0000] {dag.py:4180} INFO - Setting next_dagrun for example_subdag_operator.section-1 to None, run_after=None
[2025-01-20T19:20:02.310+0000] {logging_mixin.py:190} INFO - [2025-01-20T19:20:02.310+0000] {dag.py:4180} INFO - Setting next_dagrun for example_subdag_operator.section-2 to None, run_after=None
[2025-01-20T19:20:02.319+0000] {processor.py:208} INFO - Processing /home/airflow/.local/lib/python3.12/site-packages/airflow/example_dags/example_subdag_operator.py took 0.093 seconds
[2025-01-20T19:20:33.288+0000] {processor.py:186} INFO - Started process (PID=1163) to work on /home/airflow/.local/lib/python3.12/site-packages/airflow/example_dags/example_subdag_operator.py
[2025-01-20T19:20:33.289+0000] {processor.py:914} INFO - Processing file /home/airflow/.local/lib/python3.12/site-packages/airflow/example_dags/example_subdag_operator.py for tasks to queue
[2025-01-20T19:20:33.290+0000] {logging_mixin.py:190} INFO - [2025-01-20T19:20:33.290+0000] {dagbag.py:588} INFO - Filling up the DagBag from /home/airflow/.local/lib/python3.12/site-packages/airflow/example_dags/example_subdag_operator.py
[2025-01-20T19:20:33.310+0000] {processor.py:925} INFO - DAG(s) 'example_subdag_operator.section-1', 'example_subdag_operator.section-2', 'example_subdag_operator' retrieved from /home/airflow/.local/lib/python3.12/site-packages/airflow/example_dags/example_subdag_operator.py
[2025-01-20T19:20:33.320+0000] {logging_mixin.py:190} INFO - [2025-01-20T19:20:33.320+0000] {dag.py:3239} INFO - Sync 3 DAGs
[2025-01-20T19:20:33.337+0000] {logging_mixin.py:190} INFO - [2025-01-20T19:20:33.337+0000] {dag.py:4180} INFO - Setting next_dagrun for example_subdag_operator to 2022-01-01 00:00:00+00:00, run_after=2022-01-01 00:00:00+00:00
[2025-01-20T19:20:33.340+0000] {logging_mixin.py:190} INFO - [2025-01-20T19:20:33.340+0000] {dag.py:4180} INFO - Setting next_dagrun for example_subdag_operator.section-1 to None, run_after=None
[2025-01-20T19:20:33.341+0000] {logging_mixin.py:190} INFO - [2025-01-20T19:20:33.341+0000] {dag.py:4180} INFO - Setting next_dagrun for example_subdag_operator.section-2 to None, run_after=None
[2025-01-20T19:20:33.346+0000] {logging_mixin.py:190} INFO - [2025-01-20T19:20:33.346+0000] {dag.py:3239} INFO - Sync 2 DAGs
[2025-01-20T19:20:33.351+0000] {logging_mixin.py:190} INFO - [2025-01-20T19:20:33.351+0000] {dag.py:4180} INFO - Setting next_dagrun for example_subdag_operator.section-1 to None, run_after=None
[2025-01-20T19:20:33.352+0000] {logging_mixin.py:190} INFO - [2025-01-20T19:20:33.352+0000] {dag.py:4180} INFO - Setting next_dagrun for example_subdag_operator.section-2 to None, run_after=None
[2025-01-20T19:20:33.361+0000] {processor.py:208} INFO - Processing /home/airflow/.local/lib/python3.12/site-packages/airflow/example_dags/example_subdag_operator.py took 0.077 seconds
[2025-01-20T19:21:04.520+0000] {processor.py:186} INFO - Started process (PID=1225) to work on /home/airflow/.local/lib/python3.12/site-packages/airflow/example_dags/example_subdag_operator.py
[2025-01-20T19:21:04.521+0000] {processor.py:914} INFO - Processing file /home/airflow/.local/lib/python3.12/site-packages/airflow/example_dags/example_subdag_operator.py for tasks to queue
[2025-01-20T19:21:04.523+0000] {logging_mixin.py:190} INFO - [2025-01-20T19:21:04.522+0000] {dagbag.py:588} INFO - Filling up the DagBag from /home/airflow/.local/lib/python3.12/site-packages/airflow/example_dags/example_subdag_operator.py
[2025-01-20T19:21:04.542+0000] {processor.py:925} INFO - DAG(s) 'example_subdag_operator.section-1', 'example_subdag_operator.section-2', 'example_subdag_operator' retrieved from /home/airflow/.local/lib/python3.12/site-packages/airflow/example_dags/example_subdag_operator.py
[2025-01-20T19:21:04.558+0000] {logging_mixin.py:190} INFO - [2025-01-20T19:21:04.557+0000] {dag.py:3239} INFO - Sync 3 DAGs
[2025-01-20T19:21:04.579+0000] {logging_mixin.py:190} INFO - [2025-01-20T19:21:04.579+0000] {dag.py:4180} INFO - Setting next_dagrun for example_subdag_operator to 2022-01-01 00:00:00+00:00, run_after=2022-01-01 00:00:00+00:00
[2025-01-20T19:21:04.583+0000] {logging_mixin.py:190} INFO - [2025-01-20T19:21:04.583+0000] {dag.py:4180} INFO - Setting next_dagrun for example_subdag_operator.section-1 to None, run_after=None
[2025-01-20T19:21:04.584+0000] {logging_mixin.py:190} INFO - [2025-01-20T19:21:04.584+0000] {dag.py:4180} INFO - Setting next_dagrun for example_subdag_operator.section-2 to None, run_after=None
[2025-01-20T19:21:04.590+0000] {logging_mixin.py:190} INFO - [2025-01-20T19:21:04.590+0000] {dag.py:3239} INFO - Sync 2 DAGs
[2025-01-20T19:21:04.595+0000] {logging_mixin.py:190} INFO - [2025-01-20T19:21:04.594+0000] {dag.py:4180} INFO - Setting next_dagrun for example_subdag_operator.section-1 to None, run_after=None
[2025-01-20T19:21:04.595+0000] {logging_mixin.py:190} INFO - [2025-01-20T19:21:04.595+0000] {dag.py:4180} INFO - Setting next_dagrun for example_subdag_operator.section-2 to None, run_after=None
[2025-01-20T19:21:04.602+0000] {processor.py:208} INFO - Processing /home/airflow/.local/lib/python3.12/site-packages/airflow/example_dags/example_subdag_operator.py took 0.086 seconds
[2025-01-20T19:21:35.935+0000] {processor.py:186} INFO - Started process (PID=1288) to work on /home/airflow/.local/lib/python3.12/site-packages/airflow/example_dags/example_subdag_operator.py
[2025-01-20T19:21:35.936+0000] {processor.py:914} INFO - Processing file /home/airflow/.local/lib/python3.12/site-packages/airflow/example_dags/example_subdag_operator.py for tasks to queue
[2025-01-20T19:21:35.937+0000] {logging_mixin.py:190} INFO - [2025-01-20T19:21:35.937+0000] {dagbag.py:588} INFO - Filling up the DagBag from /home/airflow/.local/lib/python3.12/site-packages/airflow/example_dags/example_subdag_operator.py
[2025-01-20T19:21:35.959+0000] {processor.py:925} INFO - DAG(s) 'example_subdag_operator.section-1', 'example_subdag_operator.section-2', 'example_subdag_operator' retrieved from /home/airflow/.local/lib/python3.12/site-packages/airflow/example_dags/example_subdag_operator.py
[2025-01-20T19:21:35.975+0000] {logging_mixin.py:190} INFO - [2025-01-20T19:21:35.975+0000] {dag.py:3239} INFO - Sync 3 DAGs
[2025-01-20T19:21:35.998+0000] {logging_mixin.py:190} INFO - [2025-01-20T19:21:35.997+0000] {dag.py:4180} INFO - Setting next_dagrun for example_subdag_operator to 2022-01-01 00:00:00+00:00, run_after=2022-01-01 00:00:00+00:00
[2025-01-20T19:21:36.001+0000] {logging_mixin.py:190} INFO - [2025-01-20T19:21:36.001+0000] {dag.py:4180} INFO - Setting next_dagrun for example_subdag_operator.section-1 to None, run_after=None
[2025-01-20T19:21:36.002+0000] {logging_mixin.py:190} INFO - [2025-01-20T19:21:36.002+0000] {dag.py:4180} INFO - Setting next_dagrun for example_subdag_operator.section-2 to None, run_after=None
[2025-01-20T19:21:36.008+0000] {logging_mixin.py:190} INFO - [2025-01-20T19:21:36.008+0000] {dag.py:3239} INFO - Sync 2 DAGs
[2025-01-20T19:21:36.013+0000] {logging_mixin.py:190} INFO - [2025-01-20T19:21:36.013+0000] {dag.py:4180} INFO - Setting next_dagrun for example_subdag_operator.section-1 to None, run_after=None
[2025-01-20T19:21:36.013+0000] {logging_mixin.py:190} INFO - [2025-01-20T19:21:36.013+0000] {dag.py:4180} INFO - Setting next_dagrun for example_subdag_operator.section-2 to None, run_after=None
[2025-01-20T19:21:36.021+0000] {processor.py:208} INFO - Processing /home/airflow/.local/lib/python3.12/site-packages/airflow/example_dags/example_subdag_operator.py took 0.090 seconds
[2025-01-20T19:22:07.225+0000] {processor.py:186} INFO - Started process (PID=1351) to work on /home/airflow/.local/lib/python3.12/site-packages/airflow/example_dags/example_subdag_operator.py
[2025-01-20T19:22:07.226+0000] {processor.py:914} INFO - Processing file /home/airflow/.local/lib/python3.12/site-packages/airflow/example_dags/example_subdag_operator.py for tasks to queue
[2025-01-20T19:22:07.228+0000] {logging_mixin.py:190} INFO - [2025-01-20T19:22:07.228+0000] {dagbag.py:588} INFO - Filling up the DagBag from /home/airflow/.local/lib/python3.12/site-packages/airflow/example_dags/example_subdag_operator.py
[2025-01-20T19:22:07.252+0000] {processor.py:925} INFO - DAG(s) 'example_subdag_operator.section-1', 'example_subdag_operator.section-2', 'example_subdag_operator' retrieved from /home/airflow/.local/lib/python3.12/site-packages/airflow/example_dags/example_subdag_operator.py
[2025-01-20T19:22:07.268+0000] {logging_mixin.py:190} INFO - [2025-01-20T19:22:07.268+0000] {dag.py:3239} INFO - Sync 3 DAGs
[2025-01-20T19:22:07.290+0000] {logging_mixin.py:190} INFO - [2025-01-20T19:22:07.290+0000] {dag.py:4180} INFO - Setting next_dagrun for example_subdag_operator to 2022-01-01 00:00:00+00:00, run_after=2022-01-01 00:00:00+00:00
[2025-01-20T19:22:07.293+0000] {logging_mixin.py:190} INFO - [2025-01-20T19:22:07.293+0000] {dag.py:4180} INFO - Setting next_dagrun for example_subdag_operator.section-1 to None, run_after=None
[2025-01-20T19:22:07.294+0000] {logging_mixin.py:190} INFO - [2025-01-20T19:22:07.294+0000] {dag.py:4180} INFO - Setting next_dagrun for example_subdag_operator.section-2 to None, run_after=None
[2025-01-20T19:22:07.299+0000] {logging_mixin.py:190} INFO - [2025-01-20T19:22:07.299+0000] {dag.py:3239} INFO - Sync 2 DAGs
[2025-01-20T19:22:07.303+0000] {logging_mixin.py:190} INFO - [2025-01-20T19:22:07.303+0000] {dag.py:4180} INFO - Setting next_dagrun for example_subdag_operator.section-1 to None, run_after=None
[2025-01-20T19:22:07.304+0000] {logging_mixin.py:190} INFO - [2025-01-20T19:22:07.303+0000] {dag.py:4180} INFO - Setting next_dagrun for example_subdag_operator.section-2 to None, run_after=None
[2025-01-20T19:22:07.311+0000] {processor.py:208} INFO - Processing /home/airflow/.local/lib/python3.12/site-packages/airflow/example_dags/example_subdag_operator.py took 0.092 seconds
[2025-01-20T19:22:38.321+0000] {processor.py:186} INFO - Started process (PID=1414) to work on /home/airflow/.local/lib/python3.12/site-packages/airflow/example_dags/example_subdag_operator.py
[2025-01-20T19:22:38.322+0000] {processor.py:914} INFO - Processing file /home/airflow/.local/lib/python3.12/site-packages/airflow/example_dags/example_subdag_operator.py for tasks to queue
[2025-01-20T19:22:38.323+0000] {logging_mixin.py:190} INFO - [2025-01-20T19:22:38.323+0000] {dagbag.py:588} INFO - Filling up the DagBag from /home/airflow/.local/lib/python3.12/site-packages/airflow/example_dags/example_subdag_operator.py
[2025-01-20T19:22:38.345+0000] {processor.py:925} INFO - DAG(s) 'example_subdag_operator.section-1', 'example_subdag_operator.section-2', 'example_subdag_operator' retrieved from /home/airflow/.local/lib/python3.12/site-packages/airflow/example_dags/example_subdag_operator.py
[2025-01-20T19:22:38.360+0000] {logging_mixin.py:190} INFO - [2025-01-20T19:22:38.360+0000] {dag.py:3239} INFO - Sync 3 DAGs
[2025-01-20T19:22:38.382+0000] {logging_mixin.py:190} INFO - [2025-01-20T19:22:38.382+0000] {dag.py:4180} INFO - Setting next_dagrun for example_subdag_operator to 2022-01-01 00:00:00+00:00, run_after=2022-01-01 00:00:00+00:00
[2025-01-20T19:22:38.386+0000] {logging_mixin.py:190} INFO - [2025-01-20T19:22:38.386+0000] {dag.py:4180} INFO - Setting next_dagrun for example_subdag_operator.section-1 to None, run_after=None
[2025-01-20T19:22:38.387+0000] {logging_mixin.py:190} INFO - [2025-01-20T19:22:38.387+0000] {dag.py:4180} INFO - Setting next_dagrun for example_subdag_operator.section-2 to None, run_after=None
[2025-01-20T19:22:38.393+0000] {logging_mixin.py:190} INFO - [2025-01-20T19:22:38.393+0000] {dag.py:3239} INFO - Sync 2 DAGs
[2025-01-20T19:22:38.398+0000] {logging_mixin.py:190} INFO - [2025-01-20T19:22:38.398+0000] {dag.py:4180} INFO - Setting next_dagrun for example_subdag_operator.section-1 to None, run_after=None
[2025-01-20T19:22:38.398+0000] {logging_mixin.py:190} INFO - [2025-01-20T19:22:38.398+0000] {dag.py:4180} INFO - Setting next_dagrun for example_subdag_operator.section-2 to None, run_after=None
[2025-01-20T19:22:38.406+0000] {processor.py:208} INFO - Processing /home/airflow/.local/lib/python3.12/site-packages/airflow/example_dags/example_subdag_operator.py took 0.089 seconds
[2025-01-20T19:23:09.464+0000] {processor.py:186} INFO - Started process (PID=1477) to work on /home/airflow/.local/lib/python3.12/site-packages/airflow/example_dags/example_subdag_operator.py
[2025-01-20T19:23:09.465+0000] {processor.py:914} INFO - Processing file /home/airflow/.local/lib/python3.12/site-packages/airflow/example_dags/example_subdag_operator.py for tasks to queue
[2025-01-20T19:23:09.466+0000] {logging_mixin.py:190} INFO - [2025-01-20T19:23:09.466+0000] {dagbag.py:588} INFO - Filling up the DagBag from /home/airflow/.local/lib/python3.12/site-packages/airflow/example_dags/example_subdag_operator.py
[2025-01-20T19:23:09.486+0000] {processor.py:925} INFO - DAG(s) 'example_subdag_operator.section-1', 'example_subdag_operator.section-2', 'example_subdag_operator' retrieved from /home/airflow/.local/lib/python3.12/site-packages/airflow/example_dags/example_subdag_operator.py
[2025-01-20T19:23:09.498+0000] {logging_mixin.py:190} INFO - [2025-01-20T19:23:09.497+0000] {dag.py:3239} INFO - Sync 3 DAGs
[2025-01-20T19:23:09.515+0000] {logging_mixin.py:190} INFO - [2025-01-20T19:23:09.515+0000] {dag.py:4180} INFO - Setting next_dagrun for example_subdag_operator to 2022-01-01 00:00:00+00:00, run_after=2022-01-01 00:00:00+00:00
[2025-01-20T19:23:09.518+0000] {logging_mixin.py:190} INFO - [2025-01-20T19:23:09.518+0000] {dag.py:4180} INFO - Setting next_dagrun for example_subdag_operator.section-1 to None, run_after=None
[2025-01-20T19:23:09.519+0000] {logging_mixin.py:190} INFO - [2025-01-20T19:23:09.519+0000] {dag.py:4180} INFO - Setting next_dagrun for example_subdag_operator.section-2 to None, run_after=None
[2025-01-20T19:23:09.525+0000] {logging_mixin.py:190} INFO - [2025-01-20T19:23:09.525+0000] {dag.py:3239} INFO - Sync 2 DAGs
[2025-01-20T19:23:09.529+0000] {logging_mixin.py:190} INFO - [2025-01-20T19:23:09.528+0000] {dag.py:4180} INFO - Setting next_dagrun for example_subdag_operator.section-1 to None, run_after=None
[2025-01-20T19:23:09.529+0000] {logging_mixin.py:190} INFO - [2025-01-20T19:23:09.529+0000] {dag.py:4180} INFO - Setting next_dagrun for example_subdag_operator.section-2 to None, run_after=None
[2025-01-20T19:23:09.536+0000] {processor.py:208} INFO - Processing /home/airflow/.local/lib/python3.12/site-packages/airflow/example_dags/example_subdag_operator.py took 0.076 seconds
[2025-01-20T19:23:40.708+0000] {processor.py:186} INFO - Started process (PID=1540) to work on /home/airflow/.local/lib/python3.12/site-packages/airflow/example_dags/example_subdag_operator.py
[2025-01-20T19:23:40.709+0000] {processor.py:914} INFO - Processing file /home/airflow/.local/lib/python3.12/site-packages/airflow/example_dags/example_subdag_operator.py for tasks to queue
[2025-01-20T19:23:40.711+0000] {logging_mixin.py:190} INFO - [2025-01-20T19:23:40.710+0000] {dagbag.py:588} INFO - Filling up the DagBag from /home/airflow/.local/lib/python3.12/site-packages/airflow/example_dags/example_subdag_operator.py
[2025-01-20T19:23:40.731+0000] {processor.py:925} INFO - DAG(s) 'example_subdag_operator.section-1', 'example_subdag_operator.section-2', 'example_subdag_operator' retrieved from /home/airflow/.local/lib/python3.12/site-packages/airflow/example_dags/example_subdag_operator.py
[2025-01-20T19:23:40.742+0000] {logging_mixin.py:190} INFO - [2025-01-20T19:23:40.742+0000] {dag.py:3239} INFO - Sync 3 DAGs
[2025-01-20T19:23:40.766+0000] {logging_mixin.py:190} INFO - [2025-01-20T19:23:40.766+0000] {dag.py:4180} INFO - Setting next_dagrun for example_subdag_operator to 2022-01-01 00:00:00+00:00, run_after=2022-01-01 00:00:00+00:00
[2025-01-20T19:23:40.769+0000] {logging_mixin.py:190} INFO - [2025-01-20T19:23:40.769+0000] {dag.py:4180} INFO - Setting next_dagrun for example_subdag_operator.section-1 to None, run_after=None
[2025-01-20T19:23:40.770+0000] {logging_mixin.py:190} INFO - [2025-01-20T19:23:40.770+0000] {dag.py:4180} INFO - Setting next_dagrun for example_subdag_operator.section-2 to None, run_after=None
[2025-01-20T19:23:40.775+0000] {logging_mixin.py:190} INFO - [2025-01-20T19:23:40.775+0000] {dag.py:3239} INFO - Sync 2 DAGs
[2025-01-20T19:23:40.779+0000] {logging_mixin.py:190} INFO - [2025-01-20T19:23:40.779+0000] {dag.py:4180} INFO - Setting next_dagrun for example_subdag_operator.section-1 to None, run_after=None
[2025-01-20T19:23:40.779+0000] {logging_mixin.py:190} INFO - [2025-01-20T19:23:40.779+0000] {dag.py:4180} INFO - Setting next_dagrun for example_subdag_operator.section-2 to None, run_after=None
[2025-01-20T19:23:40.787+0000] {processor.py:208} INFO - Processing /home/airflow/.local/lib/python3.12/site-packages/airflow/example_dags/example_subdag_operator.py took 0.083 seconds
[2025-01-20T19:24:11.973+0000] {processor.py:186} INFO - Started process (PID=1603) to work on /home/airflow/.local/lib/python3.12/site-packages/airflow/example_dags/example_subdag_operator.py
[2025-01-20T19:24:11.974+0000] {processor.py:914} INFO - Processing file /home/airflow/.local/lib/python3.12/site-packages/airflow/example_dags/example_subdag_operator.py for tasks to queue
[2025-01-20T19:24:11.976+0000] {logging_mixin.py:190} INFO - [2025-01-20T19:24:11.975+0000] {dagbag.py:588} INFO - Filling up the DagBag from /home/airflow/.local/lib/python3.12/site-packages/airflow/example_dags/example_subdag_operator.py
[2025-01-20T19:24:12.033+0000] {processor.py:925} INFO - DAG(s) 'example_subdag_operator.section-1', 'example_subdag_operator.section-2', 'example_subdag_operator' retrieved from /home/airflow/.local/lib/python3.12/site-packages/airflow/example_dags/example_subdag_operator.py
[2025-01-20T19:24:12.051+0000] {logging_mixin.py:190} INFO - [2025-01-20T19:24:12.051+0000] {dag.py:3239} INFO - Sync 3 DAGs
[2025-01-20T19:24:12.079+0000] {logging_mixin.py:190} INFO - [2025-01-20T19:24:12.078+0000] {dag.py:4180} INFO - Setting next_dagrun for example_subdag_operator to 2022-01-01 00:00:00+00:00, run_after=2022-01-01 00:00:00+00:00
[2025-01-20T19:24:12.081+0000] {logging_mixin.py:190} INFO - [2025-01-20T19:24:12.081+0000] {dag.py:4180} INFO - Setting next_dagrun for example_subdag_operator.section-1 to None, run_after=None
[2025-01-20T19:24:12.082+0000] {logging_mixin.py:190} INFO - [2025-01-20T19:24:12.082+0000] {dag.py:4180} INFO - Setting next_dagrun for example_subdag_operator.section-2 to None, run_after=None
[2025-01-20T19:24:12.087+0000] {logging_mixin.py:190} INFO - [2025-01-20T19:24:12.087+0000] {dag.py:3239} INFO - Sync 2 DAGs
[2025-01-20T19:24:12.092+0000] {logging_mixin.py:190} INFO - [2025-01-20T19:24:12.092+0000] {dag.py:4180} INFO - Setting next_dagrun for example_subdag_operator.section-1 to None, run_after=None
[2025-01-20T19:24:12.093+0000] {logging_mixin.py:190} INFO - [2025-01-20T19:24:12.092+0000] {dag.py:4180} INFO - Setting next_dagrun for example_subdag_operator.section-2 to None, run_after=None
[2025-01-20T19:24:12.101+0000] {processor.py:208} INFO - Processing /home/airflow/.local/lib/python3.12/site-packages/airflow/example_dags/example_subdag_operator.py took 0.133 seconds
[2025-01-20T19:24:43.184+0000] {processor.py:186} INFO - Started process (PID=1666) to work on /home/airflow/.local/lib/python3.12/site-packages/airflow/example_dags/example_subdag_operator.py
[2025-01-20T19:24:43.185+0000] {processor.py:914} INFO - Processing file /home/airflow/.local/lib/python3.12/site-packages/airflow/example_dags/example_subdag_operator.py for tasks to queue
[2025-01-20T19:24:43.187+0000] {logging_mixin.py:190} INFO - [2025-01-20T19:24:43.187+0000] {dagbag.py:588} INFO - Filling up the DagBag from /home/airflow/.local/lib/python3.12/site-packages/airflow/example_dags/example_subdag_operator.py
[2025-01-20T19:24:43.214+0000] {processor.py:925} INFO - DAG(s) 'example_subdag_operator.section-1', 'example_subdag_operator.section-2', 'example_subdag_operator' retrieved from /home/airflow/.local/lib/python3.12/site-packages/airflow/example_dags/example_subdag_operator.py
[2025-01-20T19:24:43.230+0000] {logging_mixin.py:190} INFO - [2025-01-20T19:24:43.229+0000] {dag.py:3239} INFO - Sync 3 DAGs
[2025-01-20T19:24:43.254+0000] {logging_mixin.py:190} INFO - [2025-01-20T19:24:43.254+0000] {dag.py:4180} INFO - Setting next_dagrun for example_subdag_operator to 2022-01-01 00:00:00+00:00, run_after=2022-01-01 00:00:00+00:00
[2025-01-20T19:24:43.257+0000] {logging_mixin.py:190} INFO - [2025-01-20T19:24:43.257+0000] {dag.py:4180} INFO - Setting next_dagrun for example_subdag_operator.section-1 to None, run_after=None
[2025-01-20T19:24:43.258+0000] {logging_mixin.py:190} INFO - [2025-01-20T19:24:43.258+0000] {dag.py:4180} INFO - Setting next_dagrun for example_subdag_operator.section-2 to None, run_after=None
[2025-01-20T19:24:43.265+0000] {logging_mixin.py:190} INFO - [2025-01-20T19:24:43.264+0000] {dag.py:3239} INFO - Sync 2 DAGs
[2025-01-20T19:24:43.270+0000] {logging_mixin.py:190} INFO - [2025-01-20T19:24:43.269+0000] {dag.py:4180} INFO - Setting next_dagrun for example_subdag_operator.section-1 to None, run_after=None
[2025-01-20T19:24:43.270+0000] {logging_mixin.py:190} INFO - [2025-01-20T19:24:43.270+0000] {dag.py:4180} INFO - Setting next_dagrun for example_subdag_operator.section-2 to None, run_after=None
[2025-01-20T19:24:43.279+0000] {processor.py:208} INFO - Processing /home/airflow/.local/lib/python3.12/site-packages/airflow/example_dags/example_subdag_operator.py took 0.101 seconds
[2025-01-20T19:25:14.669+0000] {processor.py:186} INFO - Started process (PID=1735) to work on /home/airflow/.local/lib/python3.12/site-packages/airflow/example_dags/example_subdag_operator.py
[2025-01-20T19:25:14.670+0000] {processor.py:914} INFO - Processing file /home/airflow/.local/lib/python3.12/site-packages/airflow/example_dags/example_subdag_operator.py for tasks to queue
[2025-01-20T19:25:14.672+0000] {logging_mixin.py:190} INFO - [2025-01-20T19:25:14.672+0000] {dagbag.py:588} INFO - Filling up the DagBag from /home/airflow/.local/lib/python3.12/site-packages/airflow/example_dags/example_subdag_operator.py
[2025-01-20T19:25:14.694+0000] {processor.py:925} INFO - DAG(s) 'example_subdag_operator.section-1', 'example_subdag_operator.section-2', 'example_subdag_operator' retrieved from /home/airflow/.local/lib/python3.12/site-packages/airflow/example_dags/example_subdag_operator.py
[2025-01-20T19:25:14.705+0000] {logging_mixin.py:190} INFO - [2025-01-20T19:25:14.705+0000] {dag.py:3239} INFO - Sync 3 DAGs
[2025-01-20T19:25:14.723+0000] {logging_mixin.py:190} INFO - [2025-01-20T19:25:14.723+0000] {dag.py:4180} INFO - Setting next_dagrun for example_subdag_operator to 2022-01-01 00:00:00+00:00, run_after=2022-01-01 00:00:00+00:00
[2025-01-20T19:25:14.725+0000] {logging_mixin.py:190} INFO - [2025-01-20T19:25:14.725+0000] {dag.py:4180} INFO - Setting next_dagrun for example_subdag_operator.section-1 to None, run_after=None
[2025-01-20T19:25:14.726+0000] {logging_mixin.py:190} INFO - [2025-01-20T19:25:14.726+0000] {dag.py:4180} INFO - Setting next_dagrun for example_subdag_operator.section-2 to None, run_after=None
[2025-01-20T19:25:14.732+0000] {logging_mixin.py:190} INFO - [2025-01-20T19:25:14.731+0000] {dag.py:3239} INFO - Sync 2 DAGs
[2025-01-20T19:25:14.735+0000] {logging_mixin.py:190} INFO - [2025-01-20T19:25:14.735+0000] {dag.py:4180} INFO - Setting next_dagrun for example_subdag_operator.section-1 to None, run_after=None
[2025-01-20T19:25:14.736+0000] {logging_mixin.py:190} INFO - [2025-01-20T19:25:14.736+0000] {dag.py:4180} INFO - Setting next_dagrun for example_subdag_operator.section-2 to None, run_after=None
[2025-01-20T19:25:14.745+0000] {processor.py:208} INFO - Processing /home/airflow/.local/lib/python3.12/site-packages/airflow/example_dags/example_subdag_operator.py took 0.081 seconds
[2025-01-20T19:25:46.217+0000] {processor.py:186} INFO - Started process (PID=1798) to work on /home/airflow/.local/lib/python3.12/site-packages/airflow/example_dags/example_subdag_operator.py
[2025-01-20T19:25:46.218+0000] {processor.py:914} INFO - Processing file /home/airflow/.local/lib/python3.12/site-packages/airflow/example_dags/example_subdag_operator.py for tasks to queue
[2025-01-20T19:25:46.220+0000] {logging_mixin.py:190} INFO - [2025-01-20T19:25:46.219+0000] {dagbag.py:588} INFO - Filling up the DagBag from /home/airflow/.local/lib/python3.12/site-packages/airflow/example_dags/example_subdag_operator.py
[2025-01-20T19:25:46.248+0000] {processor.py:925} INFO - DAG(s) 'example_subdag_operator.section-1', 'example_subdag_operator.section-2', 'example_subdag_operator' retrieved from /home/airflow/.local/lib/python3.12/site-packages/airflow/example_dags/example_subdag_operator.py
[2025-01-20T19:25:46.266+0000] {logging_mixin.py:190} INFO - [2025-01-20T19:25:46.266+0000] {dag.py:3239} INFO - Sync 3 DAGs
[2025-01-20T19:25:46.293+0000] {logging_mixin.py:190} INFO - [2025-01-20T19:25:46.293+0000] {dag.py:4180} INFO - Setting next_dagrun for example_subdag_operator to 2022-01-01 00:00:00+00:00, run_after=2022-01-01 00:00:00+00:00
[2025-01-20T19:25:46.296+0000] {logging_mixin.py:190} INFO - [2025-01-20T19:25:46.296+0000] {dag.py:4180} INFO - Setting next_dagrun for example_subdag_operator.section-1 to None, run_after=None
[2025-01-20T19:25:46.297+0000] {logging_mixin.py:190} INFO - [2025-01-20T19:25:46.297+0000] {dag.py:4180} INFO - Setting next_dagrun for example_subdag_operator.section-2 to None, run_after=None
[2025-01-20T19:25:46.304+0000] {logging_mixin.py:190} INFO - [2025-01-20T19:25:46.304+0000] {dag.py:3239} INFO - Sync 2 DAGs
[2025-01-20T19:25:46.309+0000] {logging_mixin.py:190} INFO - [2025-01-20T19:25:46.308+0000] {dag.py:4180} INFO - Setting next_dagrun for example_subdag_operator.section-1 to None, run_after=None
[2025-01-20T19:25:46.309+0000] {logging_mixin.py:190} INFO - [2025-01-20T19:25:46.309+0000] {dag.py:4180} INFO - Setting next_dagrun for example_subdag_operator.section-2 to None, run_after=None
[2025-01-20T19:25:46.316+0000] {processor.py:208} INFO - Processing /home/airflow/.local/lib/python3.12/site-packages/airflow/example_dags/example_subdag_operator.py took 0.106 seconds
[2025-01-20T19:26:17.634+0000] {processor.py:186} INFO - Started process (PID=1861) to work on /home/airflow/.local/lib/python3.12/site-packages/airflow/example_dags/example_subdag_operator.py
[2025-01-20T19:26:17.634+0000] {processor.py:914} INFO - Processing file /home/airflow/.local/lib/python3.12/site-packages/airflow/example_dags/example_subdag_operator.py for tasks to queue
[2025-01-20T19:26:17.636+0000] {logging_mixin.py:190} INFO - [2025-01-20T19:26:17.636+0000] {dagbag.py:588} INFO - Filling up the DagBag from /home/airflow/.local/lib/python3.12/site-packages/airflow/example_dags/example_subdag_operator.py
[2025-01-20T19:26:17.665+0000] {processor.py:925} INFO - DAG(s) 'example_subdag_operator.section-1', 'example_subdag_operator.section-2', 'example_subdag_operator' retrieved from /home/airflow/.local/lib/python3.12/site-packages/airflow/example_dags/example_subdag_operator.py
[2025-01-20T19:26:17.682+0000] {logging_mixin.py:190} INFO - [2025-01-20T19:26:17.681+0000] {dag.py:3239} INFO - Sync 3 DAGs
[2025-01-20T19:26:17.710+0000] {logging_mixin.py:190} INFO - [2025-01-20T19:26:17.710+0000] {dag.py:4180} INFO - Setting next_dagrun for example_subdag_operator to 2022-01-01 00:00:00+00:00, run_after=2022-01-01 00:00:00+00:00
[2025-01-20T19:26:17.714+0000] {logging_mixin.py:190} INFO - [2025-01-20T19:26:17.713+0000] {dag.py:4180} INFO - Setting next_dagrun for example_subdag_operator.section-1 to None, run_after=None
[2025-01-20T19:26:17.715+0000] {logging_mixin.py:190} INFO - [2025-01-20T19:26:17.715+0000] {dag.py:4180} INFO - Setting next_dagrun for example_subdag_operator.section-2 to None, run_after=None
[2025-01-20T19:26:17.722+0000] {logging_mixin.py:190} INFO - [2025-01-20T19:26:17.722+0000] {dag.py:3239} INFO - Sync 2 DAGs
[2025-01-20T19:26:17.727+0000] {logging_mixin.py:190} INFO - [2025-01-20T19:26:17.727+0000] {dag.py:4180} INFO - Setting next_dagrun for example_subdag_operator.section-1 to None, run_after=None
[2025-01-20T19:26:17.727+0000] {logging_mixin.py:190} INFO - [2025-01-20T19:26:17.727+0000] {dag.py:4180} INFO - Setting next_dagrun for example_subdag_operator.section-2 to None, run_after=None
[2025-01-20T19:26:17.738+0000] {processor.py:208} INFO - Processing /home/airflow/.local/lib/python3.12/site-packages/airflow/example_dags/example_subdag_operator.py took 0.111 seconds
[2025-01-20T19:26:48.343+0000] {processor.py:186} INFO - Started process (PID=1925) to work on /home/airflow/.local/lib/python3.12/site-packages/airflow/example_dags/example_subdag_operator.py
[2025-01-20T19:26:48.344+0000] {processor.py:914} INFO - Processing file /home/airflow/.local/lib/python3.12/site-packages/airflow/example_dags/example_subdag_operator.py for tasks to queue
[2025-01-20T19:26:48.345+0000] {logging_mixin.py:190} INFO - [2025-01-20T19:26:48.345+0000] {dagbag.py:588} INFO - Filling up the DagBag from /home/airflow/.local/lib/python3.12/site-packages/airflow/example_dags/example_subdag_operator.py
[2025-01-20T19:26:48.365+0000] {processor.py:925} INFO - DAG(s) 'example_subdag_operator.section-1', 'example_subdag_operator.section-2', 'example_subdag_operator' retrieved from /home/airflow/.local/lib/python3.12/site-packages/airflow/example_dags/example_subdag_operator.py
[2025-01-20T19:26:48.376+0000] {logging_mixin.py:190} INFO - [2025-01-20T19:26:48.376+0000] {dag.py:3239} INFO - Sync 3 DAGs
[2025-01-20T19:26:48.393+0000] {logging_mixin.py:190} INFO - [2025-01-20T19:26:48.393+0000] {dag.py:4180} INFO - Setting next_dagrun for example_subdag_operator to 2022-01-01 00:00:00+00:00, run_after=2022-01-01 00:00:00+00:00
[2025-01-20T19:26:48.396+0000] {logging_mixin.py:190} INFO - [2025-01-20T19:26:48.395+0000] {dag.py:4180} INFO - Setting next_dagrun for example_subdag_operator.section-1 to None, run_after=None
[2025-01-20T19:26:48.397+0000] {logging_mixin.py:190} INFO - [2025-01-20T19:26:48.396+0000] {dag.py:4180} INFO - Setting next_dagrun for example_subdag_operator.section-2 to None, run_after=None
[2025-01-20T19:26:48.402+0000] {logging_mixin.py:190} INFO - [2025-01-20T19:26:48.402+0000] {dag.py:3239} INFO - Sync 2 DAGs
[2025-01-20T19:26:48.406+0000] {logging_mixin.py:190} INFO - [2025-01-20T19:26:48.405+0000] {dag.py:4180} INFO - Setting next_dagrun for example_subdag_operator.section-1 to None, run_after=None
[2025-01-20T19:26:48.406+0000] {logging_mixin.py:190} INFO - [2025-01-20T19:26:48.406+0000] {dag.py:4180} INFO - Setting next_dagrun for example_subdag_operator.section-2 to None, run_after=None
[2025-01-20T19:26:48.413+0000] {processor.py:208} INFO - Processing /home/airflow/.local/lib/python3.12/site-packages/airflow/example_dags/example_subdag_operator.py took 0.075 seconds
[2025-01-20T19:27:19.790+0000] {processor.py:186} INFO - Started process (PID=1990) to work on /home/airflow/.local/lib/python3.12/site-packages/airflow/example_dags/example_subdag_operator.py
[2025-01-20T19:27:19.791+0000] {processor.py:914} INFO - Processing file /home/airflow/.local/lib/python3.12/site-packages/airflow/example_dags/example_subdag_operator.py for tasks to queue
[2025-01-20T19:27:19.793+0000] {logging_mixin.py:190} INFO - [2025-01-20T19:27:19.793+0000] {dagbag.py:588} INFO - Filling up the DagBag from /home/airflow/.local/lib/python3.12/site-packages/airflow/example_dags/example_subdag_operator.py
[2025-01-20T19:27:19.816+0000] {processor.py:925} INFO - DAG(s) 'example_subdag_operator.section-1', 'example_subdag_operator.section-2', 'example_subdag_operator' retrieved from /home/airflow/.local/lib/python3.12/site-packages/airflow/example_dags/example_subdag_operator.py
[2025-01-20T19:27:19.830+0000] {logging_mixin.py:190} INFO - [2025-01-20T19:27:19.830+0000] {dag.py:3239} INFO - Sync 3 DAGs
[2025-01-20T19:27:19.851+0000] {logging_mixin.py:190} INFO - [2025-01-20T19:27:19.851+0000] {dag.py:4180} INFO - Setting next_dagrun for example_subdag_operator to 2022-01-01 00:00:00+00:00, run_after=2022-01-01 00:00:00+00:00
[2025-01-20T19:27:19.854+0000] {logging_mixin.py:190} INFO - [2025-01-20T19:27:19.854+0000] {dag.py:4180} INFO - Setting next_dagrun for example_subdag_operator.section-1 to None, run_after=None
[2025-01-20T19:27:19.855+0000] {logging_mixin.py:190} INFO - [2025-01-20T19:27:19.855+0000] {dag.py:4180} INFO - Setting next_dagrun for example_subdag_operator.section-2 to None, run_after=None
[2025-01-20T19:27:19.862+0000] {logging_mixin.py:190} INFO - [2025-01-20T19:27:19.862+0000] {dag.py:3239} INFO - Sync 2 DAGs
[2025-01-20T19:27:19.867+0000] {logging_mixin.py:190} INFO - [2025-01-20T19:27:19.866+0000] {dag.py:4180} INFO - Setting next_dagrun for example_subdag_operator.section-1 to None, run_after=None
[2025-01-20T19:27:19.867+0000] {logging_mixin.py:190} INFO - [2025-01-20T19:27:19.867+0000] {dag.py:4180} INFO - Setting next_dagrun for example_subdag_operator.section-2 to None, run_after=None
[2025-01-20T19:27:19.875+0000] {processor.py:208} INFO - Processing /home/airflow/.local/lib/python3.12/site-packages/airflow/example_dags/example_subdag_operator.py took 0.089 seconds
[2025-01-20T19:27:50.429+0000] {processor.py:186} INFO - Started process (PID=2055) to work on /home/airflow/.local/lib/python3.12/site-packages/airflow/example_dags/example_subdag_operator.py
[2025-01-20T19:27:50.430+0000] {processor.py:914} INFO - Processing file /home/airflow/.local/lib/python3.12/site-packages/airflow/example_dags/example_subdag_operator.py for tasks to queue
[2025-01-20T19:27:50.432+0000] {logging_mixin.py:190} INFO - [2025-01-20T19:27:50.432+0000] {dagbag.py:588} INFO - Filling up the DagBag from /home/airflow/.local/lib/python3.12/site-packages/airflow/example_dags/example_subdag_operator.py
[2025-01-20T19:27:50.455+0000] {processor.py:925} INFO - DAG(s) 'example_subdag_operator.section-1', 'example_subdag_operator.section-2', 'example_subdag_operator' retrieved from /home/airflow/.local/lib/python3.12/site-packages/airflow/example_dags/example_subdag_operator.py
[2025-01-20T19:27:50.467+0000] {logging_mixin.py:190} INFO - [2025-01-20T19:27:50.467+0000] {dag.py:3239} INFO - Sync 3 DAGs
[2025-01-20T19:27:50.486+0000] {logging_mixin.py:190} INFO - [2025-01-20T19:27:50.486+0000] {dag.py:4180} INFO - Setting next_dagrun for example_subdag_operator to 2022-01-01 00:00:00+00:00, run_after=2022-01-01 00:00:00+00:00
[2025-01-20T19:27:50.489+0000] {logging_mixin.py:190} INFO - [2025-01-20T19:27:50.489+0000] {dag.py:4180} INFO - Setting next_dagrun for example_subdag_operator.section-1 to None, run_after=None
[2025-01-20T19:27:50.490+0000] {logging_mixin.py:190} INFO - [2025-01-20T19:27:50.490+0000] {dag.py:4180} INFO - Setting next_dagrun for example_subdag_operator.section-2 to None, run_after=None
[2025-01-20T19:27:50.495+0000] {logging_mixin.py:190} INFO - [2025-01-20T19:27:50.495+0000] {dag.py:3239} INFO - Sync 2 DAGs
[2025-01-20T19:27:50.499+0000] {logging_mixin.py:190} INFO - [2025-01-20T19:27:50.499+0000] {dag.py:4180} INFO - Setting next_dagrun for example_subdag_operator.section-1 to None, run_after=None
[2025-01-20T19:27:50.500+0000] {logging_mixin.py:190} INFO - [2025-01-20T19:27:50.499+0000] {dag.py:4180} INFO - Setting next_dagrun for example_subdag_operator.section-2 to None, run_after=None
[2025-01-20T19:27:50.507+0000] {processor.py:208} INFO - Processing /home/airflow/.local/lib/python3.12/site-packages/airflow/example_dags/example_subdag_operator.py took 0.083 seconds
[2025-01-20T19:28:21.973+0000] {processor.py:186} INFO - Started process (PID=2119) to work on /home/airflow/.local/lib/python3.12/site-packages/airflow/example_dags/example_subdag_operator.py
[2025-01-20T19:28:21.973+0000] {processor.py:914} INFO - Processing file /home/airflow/.local/lib/python3.12/site-packages/airflow/example_dags/example_subdag_operator.py for tasks to queue
[2025-01-20T19:28:21.975+0000] {logging_mixin.py:190} INFO - [2025-01-20T19:28:21.975+0000] {dagbag.py:588} INFO - Filling up the DagBag from /home/airflow/.local/lib/python3.12/site-packages/airflow/example_dags/example_subdag_operator.py
[2025-01-20T19:28:21.995+0000] {processor.py:925} INFO - DAG(s) 'example_subdag_operator.section-1', 'example_subdag_operator.section-2', 'example_subdag_operator' retrieved from /home/airflow/.local/lib/python3.12/site-packages/airflow/example_dags/example_subdag_operator.py
[2025-01-20T19:28:22.006+0000] {logging_mixin.py:190} INFO - [2025-01-20T19:28:22.006+0000] {dag.py:3239} INFO - Sync 3 DAGs
[2025-01-20T19:28:22.025+0000] {logging_mixin.py:190} INFO - [2025-01-20T19:28:22.025+0000] {dag.py:4180} INFO - Setting next_dagrun for example_subdag_operator to 2022-01-01 00:00:00+00:00, run_after=2022-01-01 00:00:00+00:00
[2025-01-20T19:28:22.027+0000] {logging_mixin.py:190} INFO - [2025-01-20T19:28:22.027+0000] {dag.py:4180} INFO - Setting next_dagrun for example_subdag_operator.section-1 to None, run_after=None
[2025-01-20T19:28:22.028+0000] {logging_mixin.py:190} INFO - [2025-01-20T19:28:22.028+0000] {dag.py:4180} INFO - Setting next_dagrun for example_subdag_operator.section-2 to None, run_after=None
[2025-01-20T19:28:22.034+0000] {logging_mixin.py:190} INFO - [2025-01-20T19:28:22.034+0000] {dag.py:3239} INFO - Sync 2 DAGs
[2025-01-20T19:28:22.039+0000] {logging_mixin.py:190} INFO - [2025-01-20T19:28:22.039+0000] {dag.py:4180} INFO - Setting next_dagrun for example_subdag_operator.section-1 to None, run_after=None
[2025-01-20T19:28:22.039+0000] {logging_mixin.py:190} INFO - [2025-01-20T19:28:22.039+0000] {dag.py:4180} INFO - Setting next_dagrun for example_subdag_operator.section-2 to None, run_after=None
[2025-01-20T19:28:22.047+0000] {processor.py:208} INFO - Processing /home/airflow/.local/lib/python3.12/site-packages/airflow/example_dags/example_subdag_operator.py took 0.079 seconds
[2025-01-20T19:28:53.037+0000] {processor.py:186} INFO - Started process (PID=2183) to work on /home/airflow/.local/lib/python3.12/site-packages/airflow/example_dags/example_subdag_operator.py
[2025-01-20T19:28:53.037+0000] {processor.py:914} INFO - Processing file /home/airflow/.local/lib/python3.12/site-packages/airflow/example_dags/example_subdag_operator.py for tasks to queue
[2025-01-20T19:28:53.039+0000] {logging_mixin.py:190} INFO - [2025-01-20T19:28:53.039+0000] {dagbag.py:588} INFO - Filling up the DagBag from /home/airflow/.local/lib/python3.12/site-packages/airflow/example_dags/example_subdag_operator.py
[2025-01-20T19:28:53.059+0000] {processor.py:925} INFO - DAG(s) 'example_subdag_operator.section-1', 'example_subdag_operator.section-2', 'example_subdag_operator' retrieved from /home/airflow/.local/lib/python3.12/site-packages/airflow/example_dags/example_subdag_operator.py
[2025-01-20T19:28:53.071+0000] {logging_mixin.py:190} INFO - [2025-01-20T19:28:53.071+0000] {dag.py:3239} INFO - Sync 3 DAGs
[2025-01-20T19:28:53.089+0000] {logging_mixin.py:190} INFO - [2025-01-20T19:28:53.089+0000] {dag.py:4180} INFO - Setting next_dagrun for example_subdag_operator to 2022-01-01 00:00:00+00:00, run_after=2022-01-01 00:00:00+00:00
[2025-01-20T19:28:53.091+0000] {logging_mixin.py:190} INFO - [2025-01-20T19:28:53.091+0000] {dag.py:4180} INFO - Setting next_dagrun for example_subdag_operator.section-1 to None, run_after=None
[2025-01-20T19:28:53.092+0000] {logging_mixin.py:190} INFO - [2025-01-20T19:28:53.092+0000] {dag.py:4180} INFO - Setting next_dagrun for example_subdag_operator.section-2 to None, run_after=None
[2025-01-20T19:28:53.097+0000] {logging_mixin.py:190} INFO - [2025-01-20T19:28:53.097+0000] {dag.py:3239} INFO - Sync 2 DAGs
[2025-01-20T19:28:53.101+0000] {logging_mixin.py:190} INFO - [2025-01-20T19:28:53.101+0000] {dag.py:4180} INFO - Setting next_dagrun for example_subdag_operator.section-1 to None, run_after=None
[2025-01-20T19:28:53.101+0000] {logging_mixin.py:190} INFO - [2025-01-20T19:28:53.101+0000] {dag.py:4180} INFO - Setting next_dagrun for example_subdag_operator.section-2 to None, run_after=None
[2025-01-20T19:28:53.109+0000] {processor.py:208} INFO - Processing /home/airflow/.local/lib/python3.12/site-packages/airflow/example_dags/example_subdag_operator.py took 0.076 seconds
[2025-01-20T19:29:24.222+0000] {processor.py:186} INFO - Started process (PID=2247) to work on /home/airflow/.local/lib/python3.12/site-packages/airflow/example_dags/example_subdag_operator.py
[2025-01-20T19:29:24.222+0000] {processor.py:914} INFO - Processing file /home/airflow/.local/lib/python3.12/site-packages/airflow/example_dags/example_subdag_operator.py for tasks to queue
[2025-01-20T19:29:24.224+0000] {logging_mixin.py:190} INFO - [2025-01-20T19:29:24.224+0000] {dagbag.py:588} INFO - Filling up the DagBag from /home/airflow/.local/lib/python3.12/site-packages/airflow/example_dags/example_subdag_operator.py
[2025-01-20T19:29:24.245+0000] {processor.py:925} INFO - DAG(s) 'example_subdag_operator.section-1', 'example_subdag_operator.section-2', 'example_subdag_operator' retrieved from /home/airflow/.local/lib/python3.12/site-packages/airflow/example_dags/example_subdag_operator.py
[2025-01-20T19:29:24.256+0000] {logging_mixin.py:190} INFO - [2025-01-20T19:29:24.255+0000] {dag.py:3239} INFO - Sync 3 DAGs
[2025-01-20T19:29:24.273+0000] {logging_mixin.py:190} INFO - [2025-01-20T19:29:24.273+0000] {dag.py:4180} INFO - Setting next_dagrun for example_subdag_operator to 2022-01-01 00:00:00+00:00, run_after=2022-01-01 00:00:00+00:00
[2025-01-20T19:29:24.276+0000] {logging_mixin.py:190} INFO - [2025-01-20T19:29:24.276+0000] {dag.py:4180} INFO - Setting next_dagrun for example_subdag_operator.section-1 to None, run_after=None
[2025-01-20T19:29:24.277+0000] {logging_mixin.py:190} INFO - [2025-01-20T19:29:24.277+0000] {dag.py:4180} INFO - Setting next_dagrun for example_subdag_operator.section-2 to None, run_after=None
[2025-01-20T19:29:24.282+0000] {logging_mixin.py:190} INFO - [2025-01-20T19:29:24.282+0000] {dag.py:3239} INFO - Sync 2 DAGs
[2025-01-20T19:29:24.287+0000] {logging_mixin.py:190} INFO - [2025-01-20T19:29:24.287+0000] {dag.py:4180} INFO - Setting next_dagrun for example_subdag_operator.section-1 to None, run_after=None
[2025-01-20T19:29:24.287+0000] {logging_mixin.py:190} INFO - [2025-01-20T19:29:24.287+0000] {dag.py:4180} INFO - Setting next_dagrun for example_subdag_operator.section-2 to None, run_after=None
[2025-01-20T19:29:24.294+0000] {processor.py:208} INFO - Processing /home/airflow/.local/lib/python3.12/site-packages/airflow/example_dags/example_subdag_operator.py took 0.077 seconds
[2025-01-20T19:29:55.670+0000] {processor.py:186} INFO - Started process (PID=2311) to work on /home/airflow/.local/lib/python3.12/site-packages/airflow/example_dags/example_subdag_operator.py
[2025-01-20T19:29:55.671+0000] {processor.py:914} INFO - Processing file /home/airflow/.local/lib/python3.12/site-packages/airflow/example_dags/example_subdag_operator.py for tasks to queue
[2025-01-20T19:29:55.673+0000] {logging_mixin.py:190} INFO - [2025-01-20T19:29:55.672+0000] {dagbag.py:588} INFO - Filling up the DagBag from /home/airflow/.local/lib/python3.12/site-packages/airflow/example_dags/example_subdag_operator.py
[2025-01-20T19:29:55.694+0000] {processor.py:925} INFO - DAG(s) 'example_subdag_operator.section-1', 'example_subdag_operator.section-2', 'example_subdag_operator' retrieved from /home/airflow/.local/lib/python3.12/site-packages/airflow/example_dags/example_subdag_operator.py
[2025-01-20T19:29:55.710+0000] {logging_mixin.py:190} INFO - [2025-01-20T19:29:55.709+0000] {dag.py:3239} INFO - Sync 3 DAGs
[2025-01-20T19:29:55.731+0000] {logging_mixin.py:190} INFO - [2025-01-20T19:29:55.731+0000] {dag.py:4180} INFO - Setting next_dagrun for example_subdag_operator to 2022-01-01 00:00:00+00:00, run_after=2022-01-01 00:00:00+00:00
[2025-01-20T19:29:55.735+0000] {logging_mixin.py:190} INFO - [2025-01-20T19:29:55.735+0000] {dag.py:4180} INFO - Setting next_dagrun for example_subdag_operator.section-1 to None, run_after=None
[2025-01-20T19:29:55.736+0000] {logging_mixin.py:190} INFO - [2025-01-20T19:29:55.736+0000] {dag.py:4180} INFO - Setting next_dagrun for example_subdag_operator.section-2 to None, run_after=None
[2025-01-20T19:29:55.742+0000] {logging_mixin.py:190} INFO - [2025-01-20T19:29:55.742+0000] {dag.py:3239} INFO - Sync 2 DAGs
[2025-01-20T19:29:55.746+0000] {logging_mixin.py:190} INFO - [2025-01-20T19:29:55.746+0000] {dag.py:4180} INFO - Setting next_dagrun for example_subdag_operator.section-1 to None, run_after=None
[2025-01-20T19:29:55.746+0000] {logging_mixin.py:190} INFO - [2025-01-20T19:29:55.746+0000] {dag.py:4180} INFO - Setting next_dagrun for example_subdag_operator.section-2 to None, run_after=None
[2025-01-20T19:29:55.754+0000] {processor.py:208} INFO - Processing /home/airflow/.local/lib/python3.12/site-packages/airflow/example_dags/example_subdag_operator.py took 0.088 seconds
[2025-01-20T19:30:26.758+0000] {processor.py:186} INFO - Started process (PID=2375) to work on /home/airflow/.local/lib/python3.12/site-packages/airflow/example_dags/example_subdag_operator.py
[2025-01-20T19:30:26.759+0000] {processor.py:914} INFO - Processing file /home/airflow/.local/lib/python3.12/site-packages/airflow/example_dags/example_subdag_operator.py for tasks to queue
[2025-01-20T19:30:26.762+0000] {logging_mixin.py:190} INFO - [2025-01-20T19:30:26.761+0000] {dagbag.py:588} INFO - Filling up the DagBag from /home/airflow/.local/lib/python3.12/site-packages/airflow/example_dags/example_subdag_operator.py
[2025-01-20T19:30:26.788+0000] {processor.py:925} INFO - DAG(s) 'example_subdag_operator.section-1', 'example_subdag_operator.section-2', 'example_subdag_operator' retrieved from /home/airflow/.local/lib/python3.12/site-packages/airflow/example_dags/example_subdag_operator.py
[2025-01-20T19:30:26.802+0000] {logging_mixin.py:190} INFO - [2025-01-20T19:30:26.802+0000] {dag.py:3239} INFO - Sync 3 DAGs
[2025-01-20T19:30:26.825+0000] {logging_mixin.py:190} INFO - [2025-01-20T19:30:26.824+0000] {dag.py:4180} INFO - Setting next_dagrun for example_subdag_operator to 2022-01-01 00:00:00+00:00, run_after=2022-01-01 00:00:00+00:00
[2025-01-20T19:30:26.827+0000] {logging_mixin.py:190} INFO - [2025-01-20T19:30:26.827+0000] {dag.py:4180} INFO - Setting next_dagrun for example_subdag_operator.section-1 to None, run_after=None
[2025-01-20T19:30:26.828+0000] {logging_mixin.py:190} INFO - [2025-01-20T19:30:26.828+0000] {dag.py:4180} INFO - Setting next_dagrun for example_subdag_operator.section-2 to None, run_after=None
[2025-01-20T19:30:26.835+0000] {logging_mixin.py:190} INFO - [2025-01-20T19:30:26.835+0000] {dag.py:3239} INFO - Sync 2 DAGs
[2025-01-20T19:30:26.841+0000] {logging_mixin.py:190} INFO - [2025-01-20T19:30:26.841+0000] {dag.py:4180} INFO - Setting next_dagrun for example_subdag_operator.section-1 to None, run_after=None
[2025-01-20T19:30:26.841+0000] {logging_mixin.py:190} INFO - [2025-01-20T19:30:26.841+0000] {dag.py:4180} INFO - Setting next_dagrun for example_subdag_operator.section-2 to None, run_after=None
[2025-01-20T19:30:26.850+0000] {processor.py:208} INFO - Processing /home/airflow/.local/lib/python3.12/site-packages/airflow/example_dags/example_subdag_operator.py took 0.099 seconds
