[2025-01-20T19:11:40.260+0000] {processor.py:186} INFO - Started process (PID=66) to work on /home/airflow/.local/lib/python3.12/site-packages/airflow/example_dags/example_short_circuit_operator.py
[2025-01-20T19:11:40.269+0000] {processor.py:914} INFO - Processing file /home/airflow/.local/lib/python3.12/site-packages/airflow/example_dags/example_short_circuit_operator.py for tasks to queue
[2025-01-20T19:11:40.278+0000] {logging_mixin.py:190} INFO - [2025-01-20T19:11:40.277+0000] {dagbag.py:588} INFO - Filling up the DagBag from /home/airflow/.local/lib/python3.12/site-packages/airflow/example_dags/example_short_circuit_operator.py
[2025-01-20T19:11:40.305+0000] {processor.py:925} INFO - DAG(s) 'example_short_circuit_operator' retrieved from /home/airflow/.local/lib/python3.12/site-packages/airflow/example_dags/example_short_circuit_operator.py
[2025-01-20T19:11:40.541+0000] {logging_mixin.py:190} INFO - [2025-01-20T19:11:40.541+0000] {override.py:1911} INFO - Created Permission View: can edit on DAG:example_short_circuit_operator
[2025-01-20T19:11:40.561+0000] {logging_mixin.py:190} INFO - [2025-01-20T19:11:40.561+0000] {override.py:1911} INFO - Created Permission View: can delete on DAG:example_short_circuit_operator
[2025-01-20T19:11:40.575+0000] {logging_mixin.py:190} INFO - [2025-01-20T19:11:40.575+0000] {override.py:1911} INFO - Created Permission View: can read on DAG:example_short_circuit_operator
[2025-01-20T19:11:40.581+0000] {logging_mixin.py:190} INFO - [2025-01-20T19:11:40.580+0000] {override.py:1911} INFO - Created Permission View: can create on DAG Run:example_short_circuit_operator
[2025-01-20T19:11:40.593+0000] {logging_mixin.py:190} INFO - [2025-01-20T19:11:40.593+0000] {override.py:1911} INFO - Created Permission View: can delete on DAG Run:example_short_circuit_operator
[2025-01-20T19:11:40.612+0000] {logging_mixin.py:190} INFO - [2025-01-20T19:11:40.611+0000] {override.py:1911} INFO - Created Permission View: menu access on DAG Run:example_short_circuit_operator
[2025-01-20T19:11:40.618+0000] {logging_mixin.py:190} INFO - [2025-01-20T19:11:40.618+0000] {override.py:1911} INFO - Created Permission View: can read on DAG Run:example_short_circuit_operator
[2025-01-20T19:11:40.618+0000] {logging_mixin.py:190} INFO - [2025-01-20T19:11:40.618+0000] {dag.py:3239} INFO - Sync 1 DAGs
[2025-01-20T19:11:40.634+0000] {logging_mixin.py:190} INFO - [2025-01-20T19:11:40.634+0000] {dag.py:3262} INFO - Creating ORM DAG for example_short_circuit_operator
[2025-01-20T19:11:40.635+0000] {logging_mixin.py:190} INFO - [2025-01-20T19:11:40.635+0000] {dag.py:4180} INFO - Setting next_dagrun for example_short_circuit_operator to None, run_after=None
[2025-01-20T19:11:40.652+0000] {processor.py:208} INFO - Processing /home/airflow/.local/lib/python3.12/site-packages/airflow/example_dags/example_short_circuit_operator.py took 0.398 seconds
[2025-01-20T19:12:11.086+0000] {processor.py:186} INFO - Started process (PID=128) to work on /home/airflow/.local/lib/python3.12/site-packages/airflow/example_dags/example_short_circuit_operator.py
[2025-01-20T19:12:11.087+0000] {processor.py:914} INFO - Processing file /home/airflow/.local/lib/python3.12/site-packages/airflow/example_dags/example_short_circuit_operator.py for tasks to queue
[2025-01-20T19:12:11.088+0000] {logging_mixin.py:190} INFO - [2025-01-20T19:12:11.088+0000] {dagbag.py:588} INFO - Filling up the DagBag from /home/airflow/.local/lib/python3.12/site-packages/airflow/example_dags/example_short_circuit_operator.py
[2025-01-20T19:12:11.095+0000] {processor.py:925} INFO - DAG(s) 'example_short_circuit_operator' retrieved from /home/airflow/.local/lib/python3.12/site-packages/airflow/example_dags/example_short_circuit_operator.py
[2025-01-20T19:12:11.119+0000] {logging_mixin.py:190} INFO - [2025-01-20T19:12:11.119+0000] {dag.py:3239} INFO - Sync 1 DAGs
[2025-01-20T19:12:11.132+0000] {logging_mixin.py:190} INFO - [2025-01-20T19:12:11.132+0000] {dag.py:4180} INFO - Setting next_dagrun for example_short_circuit_operator to None, run_after=None
[2025-01-20T19:12:11.146+0000] {processor.py:208} INFO - Processing /home/airflow/.local/lib/python3.12/site-packages/airflow/example_dags/example_short_circuit_operator.py took 0.063 seconds
[2025-01-20T19:12:41.517+0000] {processor.py:186} INFO - Started process (PID=191) to work on /home/airflow/.local/lib/python3.12/site-packages/airflow/example_dags/example_short_circuit_operator.py
[2025-01-20T19:12:41.518+0000] {processor.py:914} INFO - Processing file /home/airflow/.local/lib/python3.12/site-packages/airflow/example_dags/example_short_circuit_operator.py for tasks to queue
[2025-01-20T19:12:41.519+0000] {logging_mixin.py:190} INFO - [2025-01-20T19:12:41.519+0000] {dagbag.py:588} INFO - Filling up the DagBag from /home/airflow/.local/lib/python3.12/site-packages/airflow/example_dags/example_short_circuit_operator.py
[2025-01-20T19:12:41.526+0000] {processor.py:925} INFO - DAG(s) 'example_short_circuit_operator' retrieved from /home/airflow/.local/lib/python3.12/site-packages/airflow/example_dags/example_short_circuit_operator.py
[2025-01-20T19:12:41.548+0000] {logging_mixin.py:190} INFO - [2025-01-20T19:12:41.548+0000] {dag.py:3239} INFO - Sync 1 DAGs
[2025-01-20T19:12:41.562+0000] {logging_mixin.py:190} INFO - [2025-01-20T19:12:41.562+0000] {dag.py:4180} INFO - Setting next_dagrun for example_short_circuit_operator to None, run_after=None
[2025-01-20T19:12:41.577+0000] {processor.py:208} INFO - Processing /home/airflow/.local/lib/python3.12/site-packages/airflow/example_dags/example_short_circuit_operator.py took 0.064 seconds
[2025-01-20T19:13:12.288+0000] {processor.py:186} INFO - Started process (PID=260) to work on /home/airflow/.local/lib/python3.12/site-packages/airflow/example_dags/example_short_circuit_operator.py
[2025-01-20T19:13:12.288+0000] {processor.py:914} INFO - Processing file /home/airflow/.local/lib/python3.12/site-packages/airflow/example_dags/example_short_circuit_operator.py for tasks to queue
[2025-01-20T19:13:12.291+0000] {logging_mixin.py:190} INFO - [2025-01-20T19:13:12.290+0000] {dagbag.py:588} INFO - Filling up the DagBag from /home/airflow/.local/lib/python3.12/site-packages/airflow/example_dags/example_short_circuit_operator.py
[2025-01-20T19:13:12.301+0000] {processor.py:925} INFO - DAG(s) 'example_short_circuit_operator' retrieved from /home/airflow/.local/lib/python3.12/site-packages/airflow/example_dags/example_short_circuit_operator.py
[2025-01-20T19:13:12.329+0000] {logging_mixin.py:190} INFO - [2025-01-20T19:13:12.328+0000] {dag.py:3239} INFO - Sync 1 DAGs
[2025-01-20T19:13:12.345+0000] {logging_mixin.py:190} INFO - [2025-01-20T19:13:12.344+0000] {dag.py:4180} INFO - Setting next_dagrun for example_short_circuit_operator to None, run_after=None
[2025-01-20T19:13:12.364+0000] {processor.py:208} INFO - Processing /home/airflow/.local/lib/python3.12/site-packages/airflow/example_dags/example_short_circuit_operator.py took 0.082 seconds
[2025-01-20T19:13:42.714+0000] {processor.py:186} INFO - Started process (PID=323) to work on /home/airflow/.local/lib/python3.12/site-packages/airflow/example_dags/example_short_circuit_operator.py
[2025-01-20T19:13:42.714+0000] {processor.py:914} INFO - Processing file /home/airflow/.local/lib/python3.12/site-packages/airflow/example_dags/example_short_circuit_operator.py for tasks to queue
[2025-01-20T19:13:42.716+0000] {logging_mixin.py:190} INFO - [2025-01-20T19:13:42.716+0000] {dagbag.py:588} INFO - Filling up the DagBag from /home/airflow/.local/lib/python3.12/site-packages/airflow/example_dags/example_short_circuit_operator.py
[2025-01-20T19:13:42.723+0000] {processor.py:925} INFO - DAG(s) 'example_short_circuit_operator' retrieved from /home/airflow/.local/lib/python3.12/site-packages/airflow/example_dags/example_short_circuit_operator.py
[2025-01-20T19:13:42.747+0000] {logging_mixin.py:190} INFO - [2025-01-20T19:13:42.746+0000] {dag.py:3239} INFO - Sync 1 DAGs
[2025-01-20T19:13:42.761+0000] {logging_mixin.py:190} INFO - [2025-01-20T19:13:42.761+0000] {dag.py:4180} INFO - Setting next_dagrun for example_short_circuit_operator to None, run_after=None
[2025-01-20T19:13:42.776+0000] {processor.py:208} INFO - Processing /home/airflow/.local/lib/python3.12/site-packages/airflow/example_dags/example_short_circuit_operator.py took 0.067 seconds
[2025-01-20T19:14:13.508+0000] {processor.py:186} INFO - Started process (PID=386) to work on /home/airflow/.local/lib/python3.12/site-packages/airflow/example_dags/example_short_circuit_operator.py
[2025-01-20T19:14:13.508+0000] {processor.py:914} INFO - Processing file /home/airflow/.local/lib/python3.12/site-packages/airflow/example_dags/example_short_circuit_operator.py for tasks to queue
[2025-01-20T19:14:13.510+0000] {logging_mixin.py:190} INFO - [2025-01-20T19:14:13.510+0000] {dagbag.py:588} INFO - Filling up the DagBag from /home/airflow/.local/lib/python3.12/site-packages/airflow/example_dags/example_short_circuit_operator.py
[2025-01-20T19:14:13.516+0000] {processor.py:925} INFO - DAG(s) 'example_short_circuit_operator' retrieved from /home/airflow/.local/lib/python3.12/site-packages/airflow/example_dags/example_short_circuit_operator.py
[2025-01-20T19:14:13.537+0000] {logging_mixin.py:190} INFO - [2025-01-20T19:14:13.537+0000] {dag.py:3239} INFO - Sync 1 DAGs
[2025-01-20T19:14:13.550+0000] {logging_mixin.py:190} INFO - [2025-01-20T19:14:13.550+0000] {dag.py:4180} INFO - Setting next_dagrun for example_short_circuit_operator to None, run_after=None
[2025-01-20T19:14:13.565+0000] {processor.py:208} INFO - Processing /home/airflow/.local/lib/python3.12/site-packages/airflow/example_dags/example_short_circuit_operator.py took 0.062 seconds
[2025-01-20T19:14:43.671+0000] {processor.py:186} INFO - Started process (PID=449) to work on /home/airflow/.local/lib/python3.12/site-packages/airflow/example_dags/example_short_circuit_operator.py
[2025-01-20T19:14:43.671+0000] {processor.py:914} INFO - Processing file /home/airflow/.local/lib/python3.12/site-packages/airflow/example_dags/example_short_circuit_operator.py for tasks to queue
[2025-01-20T19:14:43.673+0000] {logging_mixin.py:190} INFO - [2025-01-20T19:14:43.672+0000] {dagbag.py:588} INFO - Filling up the DagBag from /home/airflow/.local/lib/python3.12/site-packages/airflow/example_dags/example_short_circuit_operator.py
[2025-01-20T19:14:43.679+0000] {processor.py:925} INFO - DAG(s) 'example_short_circuit_operator' retrieved from /home/airflow/.local/lib/python3.12/site-packages/airflow/example_dags/example_short_circuit_operator.py
[2025-01-20T19:14:43.701+0000] {logging_mixin.py:190} INFO - [2025-01-20T19:14:43.701+0000] {dag.py:3239} INFO - Sync 1 DAGs
[2025-01-20T19:14:43.715+0000] {logging_mixin.py:190} INFO - [2025-01-20T19:14:43.715+0000] {dag.py:4180} INFO - Setting next_dagrun for example_short_circuit_operator to None, run_after=None
[2025-01-20T19:14:43.730+0000] {processor.py:208} INFO - Processing /home/airflow/.local/lib/python3.12/site-packages/airflow/example_dags/example_short_circuit_operator.py took 0.063 seconds
[2025-01-20T19:15:14.079+0000] {processor.py:186} INFO - Started process (PID=513) to work on /home/airflow/.local/lib/python3.12/site-packages/airflow/example_dags/example_short_circuit_operator.py
[2025-01-20T19:15:14.079+0000] {processor.py:914} INFO - Processing file /home/airflow/.local/lib/python3.12/site-packages/airflow/example_dags/example_short_circuit_operator.py for tasks to queue
[2025-01-20T19:15:14.081+0000] {logging_mixin.py:190} INFO - [2025-01-20T19:15:14.081+0000] {dagbag.py:588} INFO - Filling up the DagBag from /home/airflow/.local/lib/python3.12/site-packages/airflow/example_dags/example_short_circuit_operator.py
[2025-01-20T19:15:14.089+0000] {processor.py:925} INFO - DAG(s) 'example_short_circuit_operator' retrieved from /home/airflow/.local/lib/python3.12/site-packages/airflow/example_dags/example_short_circuit_operator.py
[2025-01-20T19:15:14.110+0000] {logging_mixin.py:190} INFO - [2025-01-20T19:15:14.110+0000] {dag.py:3239} INFO - Sync 1 DAGs
[2025-01-20T19:15:14.123+0000] {logging_mixin.py:190} INFO - [2025-01-20T19:15:14.123+0000] {dag.py:4180} INFO - Setting next_dagrun for example_short_circuit_operator to None, run_after=None
[2025-01-20T19:15:14.139+0000] {processor.py:208} INFO - Processing /home/airflow/.local/lib/python3.12/site-packages/airflow/example_dags/example_short_circuit_operator.py took 0.066 seconds
[2025-01-20T19:15:44.375+0000] {processor.py:186} INFO - Started process (PID=576) to work on /home/airflow/.local/lib/python3.12/site-packages/airflow/example_dags/example_short_circuit_operator.py
[2025-01-20T19:15:44.375+0000] {processor.py:914} INFO - Processing file /home/airflow/.local/lib/python3.12/site-packages/airflow/example_dags/example_short_circuit_operator.py for tasks to queue
[2025-01-20T19:15:44.377+0000] {logging_mixin.py:190} INFO - [2025-01-20T19:15:44.376+0000] {dagbag.py:588} INFO - Filling up the DagBag from /home/airflow/.local/lib/python3.12/site-packages/airflow/example_dags/example_short_circuit_operator.py
[2025-01-20T19:15:44.384+0000] {processor.py:925} INFO - DAG(s) 'example_short_circuit_operator' retrieved from /home/airflow/.local/lib/python3.12/site-packages/airflow/example_dags/example_short_circuit_operator.py
[2025-01-20T19:15:44.402+0000] {logging_mixin.py:190} INFO - [2025-01-20T19:15:44.402+0000] {dag.py:3239} INFO - Sync 1 DAGs
[2025-01-20T19:15:44.415+0000] {logging_mixin.py:190} INFO - [2025-01-20T19:15:44.415+0000] {dag.py:4180} INFO - Setting next_dagrun for example_short_circuit_operator to None, run_after=None
[2025-01-20T19:15:44.432+0000] {processor.py:208} INFO - Processing /home/airflow/.local/lib/python3.12/site-packages/airflow/example_dags/example_short_circuit_operator.py took 0.061 seconds
[2025-01-20T19:16:14.979+0000] {processor.py:186} INFO - Started process (PID=640) to work on /home/airflow/.local/lib/python3.12/site-packages/airflow/example_dags/example_short_circuit_operator.py
[2025-01-20T19:16:14.980+0000] {processor.py:914} INFO - Processing file /home/airflow/.local/lib/python3.12/site-packages/airflow/example_dags/example_short_circuit_operator.py for tasks to queue
[2025-01-20T19:16:14.983+0000] {logging_mixin.py:190} INFO - [2025-01-20T19:16:14.982+0000] {dagbag.py:588} INFO - Filling up the DagBag from /home/airflow/.local/lib/python3.12/site-packages/airflow/example_dags/example_short_circuit_operator.py
[2025-01-20T19:16:14.992+0000] {processor.py:925} INFO - DAG(s) 'example_short_circuit_operator' retrieved from /home/airflow/.local/lib/python3.12/site-packages/airflow/example_dags/example_short_circuit_operator.py
[2025-01-20T19:16:15.033+0000] {logging_mixin.py:190} INFO - [2025-01-20T19:16:15.032+0000] {dag.py:3239} INFO - Sync 1 DAGs
[2025-01-20T19:16:15.049+0000] {logging_mixin.py:190} INFO - [2025-01-20T19:16:15.049+0000] {dag.py:4180} INFO - Setting next_dagrun for example_short_circuit_operator to None, run_after=None
[2025-01-20T19:16:15.073+0000] {processor.py:208} INFO - Processing /home/airflow/.local/lib/python3.12/site-packages/airflow/example_dags/example_short_circuit_operator.py took 0.099 seconds
[2025-01-20T19:16:45.367+0000] {processor.py:186} INFO - Started process (PID=703) to work on /home/airflow/.local/lib/python3.12/site-packages/airflow/example_dags/example_short_circuit_operator.py
[2025-01-20T19:16:45.368+0000] {processor.py:914} INFO - Processing file /home/airflow/.local/lib/python3.12/site-packages/airflow/example_dags/example_short_circuit_operator.py for tasks to queue
[2025-01-20T19:16:45.370+0000] {logging_mixin.py:190} INFO - [2025-01-20T19:16:45.369+0000] {dagbag.py:588} INFO - Filling up the DagBag from /home/airflow/.local/lib/python3.12/site-packages/airflow/example_dags/example_short_circuit_operator.py
[2025-01-20T19:16:45.377+0000] {processor.py:925} INFO - DAG(s) 'example_short_circuit_operator' retrieved from /home/airflow/.local/lib/python3.12/site-packages/airflow/example_dags/example_short_circuit_operator.py
[2025-01-20T19:16:45.394+0000] {logging_mixin.py:190} INFO - [2025-01-20T19:16:45.394+0000] {dag.py:3239} INFO - Sync 1 DAGs
[2025-01-20T19:16:45.406+0000] {logging_mixin.py:190} INFO - [2025-01-20T19:16:45.406+0000] {dag.py:4180} INFO - Setting next_dagrun for example_short_circuit_operator to None, run_after=None
[2025-01-20T19:16:45.420+0000] {processor.py:208} INFO - Processing /home/airflow/.local/lib/python3.12/site-packages/airflow/example_dags/example_short_circuit_operator.py took 0.057 seconds
[2025-01-20T19:17:16.370+0000] {processor.py:186} INFO - Started process (PID=766) to work on /home/airflow/.local/lib/python3.12/site-packages/airflow/example_dags/example_short_circuit_operator.py
[2025-01-20T19:17:16.371+0000] {processor.py:914} INFO - Processing file /home/airflow/.local/lib/python3.12/site-packages/airflow/example_dags/example_short_circuit_operator.py for tasks to queue
[2025-01-20T19:17:16.373+0000] {logging_mixin.py:190} INFO - [2025-01-20T19:17:16.372+0000] {dagbag.py:588} INFO - Filling up the DagBag from /home/airflow/.local/lib/python3.12/site-packages/airflow/example_dags/example_short_circuit_operator.py
[2025-01-20T19:17:16.380+0000] {processor.py:925} INFO - DAG(s) 'example_short_circuit_operator' retrieved from /home/airflow/.local/lib/python3.12/site-packages/airflow/example_dags/example_short_circuit_operator.py
[2025-01-20T19:17:16.396+0000] {logging_mixin.py:190} INFO - [2025-01-20T19:17:16.396+0000] {dag.py:3239} INFO - Sync 1 DAGs
[2025-01-20T19:17:16.406+0000] {logging_mixin.py:190} INFO - [2025-01-20T19:17:16.406+0000] {dag.py:4180} INFO - Setting next_dagrun for example_short_circuit_operator to None, run_after=None
[2025-01-20T19:17:16.419+0000] {processor.py:208} INFO - Processing /home/airflow/.local/lib/python3.12/site-packages/airflow/example_dags/example_short_circuit_operator.py took 0.053 seconds
[2025-01-20T19:17:46.575+0000] {processor.py:186} INFO - Started process (PID=829) to work on /home/airflow/.local/lib/python3.12/site-packages/airflow/example_dags/example_short_circuit_operator.py
[2025-01-20T19:17:46.576+0000] {processor.py:914} INFO - Processing file /home/airflow/.local/lib/python3.12/site-packages/airflow/example_dags/example_short_circuit_operator.py for tasks to queue
[2025-01-20T19:17:46.578+0000] {logging_mixin.py:190} INFO - [2025-01-20T19:17:46.577+0000] {dagbag.py:588} INFO - Filling up the DagBag from /home/airflow/.local/lib/python3.12/site-packages/airflow/example_dags/example_short_circuit_operator.py
[2025-01-20T19:17:46.585+0000] {processor.py:925} INFO - DAG(s) 'example_short_circuit_operator' retrieved from /home/airflow/.local/lib/python3.12/site-packages/airflow/example_dags/example_short_circuit_operator.py
[2025-01-20T19:17:46.602+0000] {logging_mixin.py:190} INFO - [2025-01-20T19:17:46.602+0000] {dag.py:3239} INFO - Sync 1 DAGs
[2025-01-20T19:17:46.613+0000] {logging_mixin.py:190} INFO - [2025-01-20T19:17:46.613+0000] {dag.py:4180} INFO - Setting next_dagrun for example_short_circuit_operator to None, run_after=None
[2025-01-20T19:17:46.625+0000] {processor.py:208} INFO - Processing /home/airflow/.local/lib/python3.12/site-packages/airflow/example_dags/example_short_circuit_operator.py took 0.054 seconds
[2025-01-20T19:18:16.737+0000] {processor.py:186} INFO - Started process (PID=892) to work on /home/airflow/.local/lib/python3.12/site-packages/airflow/example_dags/example_short_circuit_operator.py
[2025-01-20T19:18:16.738+0000] {processor.py:914} INFO - Processing file /home/airflow/.local/lib/python3.12/site-packages/airflow/example_dags/example_short_circuit_operator.py for tasks to queue
[2025-01-20T19:18:16.739+0000] {logging_mixin.py:190} INFO - [2025-01-20T19:18:16.739+0000] {dagbag.py:588} INFO - Filling up the DagBag from /home/airflow/.local/lib/python3.12/site-packages/airflow/example_dags/example_short_circuit_operator.py
[2025-01-20T19:18:16.746+0000] {processor.py:925} INFO - DAG(s) 'example_short_circuit_operator' retrieved from /home/airflow/.local/lib/python3.12/site-packages/airflow/example_dags/example_short_circuit_operator.py
[2025-01-20T19:18:16.763+0000] {logging_mixin.py:190} INFO - [2025-01-20T19:18:16.763+0000] {dag.py:3239} INFO - Sync 1 DAGs
[2025-01-20T19:18:16.773+0000] {logging_mixin.py:190} INFO - [2025-01-20T19:18:16.773+0000] {dag.py:4180} INFO - Setting next_dagrun for example_short_circuit_operator to None, run_after=None
[2025-01-20T19:18:16.785+0000] {processor.py:208} INFO - Processing /home/airflow/.local/lib/python3.12/site-packages/airflow/example_dags/example_short_circuit_operator.py took 0.053 seconds
[2025-01-20T19:18:47.722+0000] {processor.py:186} INFO - Started process (PID=955) to work on /home/airflow/.local/lib/python3.12/site-packages/airflow/example_dags/example_short_circuit_operator.py
[2025-01-20T19:18:47.723+0000] {processor.py:914} INFO - Processing file /home/airflow/.local/lib/python3.12/site-packages/airflow/example_dags/example_short_circuit_operator.py for tasks to queue
[2025-01-20T19:18:47.725+0000] {logging_mixin.py:190} INFO - [2025-01-20T19:18:47.724+0000] {dagbag.py:588} INFO - Filling up the DagBag from /home/airflow/.local/lib/python3.12/site-packages/airflow/example_dags/example_short_circuit_operator.py
[2025-01-20T19:18:47.731+0000] {processor.py:925} INFO - DAG(s) 'example_short_circuit_operator' retrieved from /home/airflow/.local/lib/python3.12/site-packages/airflow/example_dags/example_short_circuit_operator.py
[2025-01-20T19:18:47.748+0000] {logging_mixin.py:190} INFO - [2025-01-20T19:18:47.747+0000] {dag.py:3239} INFO - Sync 1 DAGs
[2025-01-20T19:18:47.758+0000] {logging_mixin.py:190} INFO - [2025-01-20T19:18:47.758+0000] {dag.py:4180} INFO - Setting next_dagrun for example_short_circuit_operator to None, run_after=None
[2025-01-20T19:18:47.770+0000] {processor.py:208} INFO - Processing /home/airflow/.local/lib/python3.12/site-packages/airflow/example_dags/example_short_circuit_operator.py took 0.052 seconds
[2025-01-20T19:19:18.692+0000] {processor.py:186} INFO - Started process (PID=1018) to work on /home/airflow/.local/lib/python3.12/site-packages/airflow/example_dags/example_short_circuit_operator.py
[2025-01-20T19:19:18.693+0000] {processor.py:914} INFO - Processing file /home/airflow/.local/lib/python3.12/site-packages/airflow/example_dags/example_short_circuit_operator.py for tasks to queue
[2025-01-20T19:19:18.694+0000] {logging_mixin.py:190} INFO - [2025-01-20T19:19:18.694+0000] {dagbag.py:588} INFO - Filling up the DagBag from /home/airflow/.local/lib/python3.12/site-packages/airflow/example_dags/example_short_circuit_operator.py
[2025-01-20T19:19:18.701+0000] {processor.py:925} INFO - DAG(s) 'example_short_circuit_operator' retrieved from /home/airflow/.local/lib/python3.12/site-packages/airflow/example_dags/example_short_circuit_operator.py
[2025-01-20T19:19:18.718+0000] {logging_mixin.py:190} INFO - [2025-01-20T19:19:18.718+0000] {dag.py:3239} INFO - Sync 1 DAGs
[2025-01-20T19:19:18.729+0000] {logging_mixin.py:190} INFO - [2025-01-20T19:19:18.728+0000] {dag.py:4180} INFO - Setting next_dagrun for example_short_circuit_operator to None, run_after=None
[2025-01-20T19:19:18.740+0000] {processor.py:208} INFO - Processing /home/airflow/.local/lib/python3.12/site-packages/airflow/example_dags/example_short_circuit_operator.py took 0.053 seconds
[2025-01-20T19:19:48.774+0000] {processor.py:186} INFO - Started process (PID=1081) to work on /home/airflow/.local/lib/python3.12/site-packages/airflow/example_dags/example_short_circuit_operator.py
[2025-01-20T19:19:48.775+0000] {processor.py:914} INFO - Processing file /home/airflow/.local/lib/python3.12/site-packages/airflow/example_dags/example_short_circuit_operator.py for tasks to queue
[2025-01-20T19:19:48.777+0000] {logging_mixin.py:190} INFO - [2025-01-20T19:19:48.777+0000] {dagbag.py:588} INFO - Filling up the DagBag from /home/airflow/.local/lib/python3.12/site-packages/airflow/example_dags/example_short_circuit_operator.py
[2025-01-20T19:19:48.786+0000] {processor.py:925} INFO - DAG(s) 'example_short_circuit_operator' retrieved from /home/airflow/.local/lib/python3.12/site-packages/airflow/example_dags/example_short_circuit_operator.py
[2025-01-20T19:19:48.805+0000] {logging_mixin.py:190} INFO - [2025-01-20T19:19:48.805+0000] {dag.py:3239} INFO - Sync 1 DAGs
[2025-01-20T19:19:48.817+0000] {logging_mixin.py:190} INFO - [2025-01-20T19:19:48.817+0000] {dag.py:4180} INFO - Setting next_dagrun for example_short_circuit_operator to None, run_after=None
[2025-01-20T19:19:48.831+0000] {processor.py:208} INFO - Processing /home/airflow/.local/lib/python3.12/site-packages/airflow/example_dags/example_short_circuit_operator.py took 0.062 seconds
[2025-01-20T19:20:19.806+0000] {processor.py:186} INFO - Started process (PID=1144) to work on /home/airflow/.local/lib/python3.12/site-packages/airflow/example_dags/example_short_circuit_operator.py
[2025-01-20T19:20:19.807+0000] {processor.py:914} INFO - Processing file /home/airflow/.local/lib/python3.12/site-packages/airflow/example_dags/example_short_circuit_operator.py for tasks to queue
[2025-01-20T19:20:19.808+0000] {logging_mixin.py:190} INFO - [2025-01-20T19:20:19.808+0000] {dagbag.py:588} INFO - Filling up the DagBag from /home/airflow/.local/lib/python3.12/site-packages/airflow/example_dags/example_short_circuit_operator.py
[2025-01-20T19:20:19.815+0000] {processor.py:925} INFO - DAG(s) 'example_short_circuit_operator' retrieved from /home/airflow/.local/lib/python3.12/site-packages/airflow/example_dags/example_short_circuit_operator.py
[2025-01-20T19:20:19.837+0000] {logging_mixin.py:190} INFO - [2025-01-20T19:20:19.837+0000] {dag.py:3239} INFO - Sync 1 DAGs
[2025-01-20T19:20:19.851+0000] {logging_mixin.py:190} INFO - [2025-01-20T19:20:19.851+0000] {dag.py:4180} INFO - Setting next_dagrun for example_short_circuit_operator to None, run_after=None
[2025-01-20T19:20:19.866+0000] {processor.py:208} INFO - Processing /home/airflow/.local/lib/python3.12/site-packages/airflow/example_dags/example_short_circuit_operator.py took 0.064 seconds
[2025-01-20T19:20:51.041+0000] {processor.py:186} INFO - Started process (PID=1207) to work on /home/airflow/.local/lib/python3.12/site-packages/airflow/example_dags/example_short_circuit_operator.py
[2025-01-20T19:20:51.042+0000] {processor.py:914} INFO - Processing file /home/airflow/.local/lib/python3.12/site-packages/airflow/example_dags/example_short_circuit_operator.py for tasks to queue
[2025-01-20T19:20:51.043+0000] {logging_mixin.py:190} INFO - [2025-01-20T19:20:51.043+0000] {dagbag.py:588} INFO - Filling up the DagBag from /home/airflow/.local/lib/python3.12/site-packages/airflow/example_dags/example_short_circuit_operator.py
[2025-01-20T19:20:51.050+0000] {processor.py:925} INFO - DAG(s) 'example_short_circuit_operator' retrieved from /home/airflow/.local/lib/python3.12/site-packages/airflow/example_dags/example_short_circuit_operator.py
[2025-01-20T19:20:51.067+0000] {logging_mixin.py:190} INFO - [2025-01-20T19:20:51.067+0000] {dag.py:3239} INFO - Sync 1 DAGs
[2025-01-20T19:20:51.078+0000] {logging_mixin.py:190} INFO - [2025-01-20T19:20:51.077+0000] {dag.py:4180} INFO - Setting next_dagrun for example_short_circuit_operator to None, run_after=None
[2025-01-20T19:20:51.090+0000] {processor.py:208} INFO - Processing /home/airflow/.local/lib/python3.12/site-packages/airflow/example_dags/example_short_circuit_operator.py took 0.054 seconds
[2025-01-20T19:21:21.216+0000] {processor.py:186} INFO - Started process (PID=1270) to work on /home/airflow/.local/lib/python3.12/site-packages/airflow/example_dags/example_short_circuit_operator.py
[2025-01-20T19:21:21.217+0000] {processor.py:914} INFO - Processing file /home/airflow/.local/lib/python3.12/site-packages/airflow/example_dags/example_short_circuit_operator.py for tasks to queue
[2025-01-20T19:21:21.218+0000] {logging_mixin.py:190} INFO - [2025-01-20T19:21:21.218+0000] {dagbag.py:588} INFO - Filling up the DagBag from /home/airflow/.local/lib/python3.12/site-packages/airflow/example_dags/example_short_circuit_operator.py
[2025-01-20T19:21:21.225+0000] {processor.py:925} INFO - DAG(s) 'example_short_circuit_operator' retrieved from /home/airflow/.local/lib/python3.12/site-packages/airflow/example_dags/example_short_circuit_operator.py
[2025-01-20T19:21:21.242+0000] {logging_mixin.py:190} INFO - [2025-01-20T19:21:21.241+0000] {dag.py:3239} INFO - Sync 1 DAGs
[2025-01-20T19:21:21.252+0000] {logging_mixin.py:190} INFO - [2025-01-20T19:21:21.252+0000] {dag.py:4180} INFO - Setting next_dagrun for example_short_circuit_operator to None, run_after=None
[2025-01-20T19:21:21.265+0000] {processor.py:208} INFO - Processing /home/airflow/.local/lib/python3.12/site-packages/airflow/example_dags/example_short_circuit_operator.py took 0.053 seconds
[2025-01-20T19:21:51.711+0000] {processor.py:186} INFO - Started process (PID=1333) to work on /home/airflow/.local/lib/python3.12/site-packages/airflow/example_dags/example_short_circuit_operator.py
[2025-01-20T19:21:51.711+0000] {processor.py:914} INFO - Processing file /home/airflow/.local/lib/python3.12/site-packages/airflow/example_dags/example_short_circuit_operator.py for tasks to queue
[2025-01-20T19:21:51.713+0000] {logging_mixin.py:190} INFO - [2025-01-20T19:21:51.713+0000] {dagbag.py:588} INFO - Filling up the DagBag from /home/airflow/.local/lib/python3.12/site-packages/airflow/example_dags/example_short_circuit_operator.py
[2025-01-20T19:21:51.721+0000] {processor.py:925} INFO - DAG(s) 'example_short_circuit_operator' retrieved from /home/airflow/.local/lib/python3.12/site-packages/airflow/example_dags/example_short_circuit_operator.py
[2025-01-20T19:21:51.741+0000] {logging_mixin.py:190} INFO - [2025-01-20T19:21:51.741+0000] {dag.py:3239} INFO - Sync 1 DAGs
[2025-01-20T19:21:51.752+0000] {logging_mixin.py:190} INFO - [2025-01-20T19:21:51.751+0000] {dag.py:4180} INFO - Setting next_dagrun for example_short_circuit_operator to None, run_after=None
[2025-01-20T19:21:51.764+0000] {processor.py:208} INFO - Processing /home/airflow/.local/lib/python3.12/site-packages/airflow/example_dags/example_short_circuit_operator.py took 0.057 seconds
[2025-01-20T19:22:21.877+0000] {processor.py:186} INFO - Started process (PID=1396) to work on /home/airflow/.local/lib/python3.12/site-packages/airflow/example_dags/example_short_circuit_operator.py
[2025-01-20T19:22:21.878+0000] {processor.py:914} INFO - Processing file /home/airflow/.local/lib/python3.12/site-packages/airflow/example_dags/example_short_circuit_operator.py for tasks to queue
[2025-01-20T19:22:21.880+0000] {logging_mixin.py:190} INFO - [2025-01-20T19:22:21.879+0000] {dagbag.py:588} INFO - Filling up the DagBag from /home/airflow/.local/lib/python3.12/site-packages/airflow/example_dags/example_short_circuit_operator.py
[2025-01-20T19:22:21.886+0000] {processor.py:925} INFO - DAG(s) 'example_short_circuit_operator' retrieved from /home/airflow/.local/lib/python3.12/site-packages/airflow/example_dags/example_short_circuit_operator.py
[2025-01-20T19:22:21.911+0000] {logging_mixin.py:190} INFO - [2025-01-20T19:22:21.911+0000] {dag.py:3239} INFO - Sync 1 DAGs
[2025-01-20T19:22:21.927+0000] {logging_mixin.py:190} INFO - [2025-01-20T19:22:21.926+0000] {dag.py:4180} INFO - Setting next_dagrun for example_short_circuit_operator to None, run_after=None
[2025-01-20T19:22:21.940+0000] {processor.py:208} INFO - Processing /home/airflow/.local/lib/python3.12/site-packages/airflow/example_dags/example_short_circuit_operator.py took 0.069 seconds
[2025-01-20T19:22:52.004+0000] {processor.py:186} INFO - Started process (PID=1459) to work on /home/airflow/.local/lib/python3.12/site-packages/airflow/example_dags/example_short_circuit_operator.py
[2025-01-20T19:22:52.005+0000] {processor.py:914} INFO - Processing file /home/airflow/.local/lib/python3.12/site-packages/airflow/example_dags/example_short_circuit_operator.py for tasks to queue
[2025-01-20T19:22:52.006+0000] {logging_mixin.py:190} INFO - [2025-01-20T19:22:52.006+0000] {dagbag.py:588} INFO - Filling up the DagBag from /home/airflow/.local/lib/python3.12/site-packages/airflow/example_dags/example_short_circuit_operator.py
[2025-01-20T19:22:52.013+0000] {processor.py:925} INFO - DAG(s) 'example_short_circuit_operator' retrieved from /home/airflow/.local/lib/python3.12/site-packages/airflow/example_dags/example_short_circuit_operator.py
[2025-01-20T19:22:52.037+0000] {logging_mixin.py:190} INFO - [2025-01-20T19:22:52.036+0000] {dag.py:3239} INFO - Sync 1 DAGs
[2025-01-20T19:22:52.052+0000] {logging_mixin.py:190} INFO - [2025-01-20T19:22:52.052+0000] {dag.py:4180} INFO - Setting next_dagrun for example_short_circuit_operator to None, run_after=None
[2025-01-20T19:22:52.068+0000] {processor.py:208} INFO - Processing /home/airflow/.local/lib/python3.12/site-packages/airflow/example_dags/example_short_circuit_operator.py took 0.068 seconds
[2025-01-20T19:23:22.222+0000] {processor.py:186} INFO - Started process (PID=1522) to work on /home/airflow/.local/lib/python3.12/site-packages/airflow/example_dags/example_short_circuit_operator.py
[2025-01-20T19:23:22.223+0000] {processor.py:914} INFO - Processing file /home/airflow/.local/lib/python3.12/site-packages/airflow/example_dags/example_short_circuit_operator.py for tasks to queue
[2025-01-20T19:23:22.225+0000] {logging_mixin.py:190} INFO - [2025-01-20T19:23:22.224+0000] {dagbag.py:588} INFO - Filling up the DagBag from /home/airflow/.local/lib/python3.12/site-packages/airflow/example_dags/example_short_circuit_operator.py
[2025-01-20T19:23:22.231+0000] {processor.py:925} INFO - DAG(s) 'example_short_circuit_operator' retrieved from /home/airflow/.local/lib/python3.12/site-packages/airflow/example_dags/example_short_circuit_operator.py
[2025-01-20T19:23:22.256+0000] {logging_mixin.py:190} INFO - [2025-01-20T19:23:22.256+0000] {dag.py:3239} INFO - Sync 1 DAGs
[2025-01-20T19:23:22.271+0000] {logging_mixin.py:190} INFO - [2025-01-20T19:23:22.271+0000] {dag.py:4180} INFO - Setting next_dagrun for example_short_circuit_operator to None, run_after=None
[2025-01-20T19:23:22.287+0000] {processor.py:208} INFO - Processing /home/airflow/.local/lib/python3.12/site-packages/airflow/example_dags/example_short_circuit_operator.py took 0.069 seconds
[2025-01-20T19:23:52.348+0000] {processor.py:186} INFO - Started process (PID=1585) to work on /home/airflow/.local/lib/python3.12/site-packages/airflow/example_dags/example_short_circuit_operator.py
[2025-01-20T19:23:52.348+0000] {processor.py:914} INFO - Processing file /home/airflow/.local/lib/python3.12/site-packages/airflow/example_dags/example_short_circuit_operator.py for tasks to queue
[2025-01-20T19:23:52.350+0000] {logging_mixin.py:190} INFO - [2025-01-20T19:23:52.349+0000] {dagbag.py:588} INFO - Filling up the DagBag from /home/airflow/.local/lib/python3.12/site-packages/airflow/example_dags/example_short_circuit_operator.py
[2025-01-20T19:23:52.357+0000] {processor.py:925} INFO - DAG(s) 'example_short_circuit_operator' retrieved from /home/airflow/.local/lib/python3.12/site-packages/airflow/example_dags/example_short_circuit_operator.py
[2025-01-20T19:23:52.379+0000] {logging_mixin.py:190} INFO - [2025-01-20T19:23:52.378+0000] {dag.py:3239} INFO - Sync 1 DAGs
[2025-01-20T19:23:52.393+0000] {logging_mixin.py:190} INFO - [2025-01-20T19:23:52.393+0000] {dag.py:4180} INFO - Setting next_dagrun for example_short_circuit_operator to None, run_after=None
[2025-01-20T19:23:52.409+0000] {processor.py:208} INFO - Processing /home/airflow/.local/lib/python3.12/site-packages/airflow/example_dags/example_short_circuit_operator.py took 0.066 seconds
[2025-01-20T19:24:22.677+0000] {processor.py:186} INFO - Started process (PID=1648) to work on /home/airflow/.local/lib/python3.12/site-packages/airflow/example_dags/example_short_circuit_operator.py
[2025-01-20T19:24:22.677+0000] {processor.py:914} INFO - Processing file /home/airflow/.local/lib/python3.12/site-packages/airflow/example_dags/example_short_circuit_operator.py for tasks to queue
[2025-01-20T19:24:22.680+0000] {logging_mixin.py:190} INFO - [2025-01-20T19:24:22.679+0000] {dagbag.py:588} INFO - Filling up the DagBag from /home/airflow/.local/lib/python3.12/site-packages/airflow/example_dags/example_short_circuit_operator.py
[2025-01-20T19:24:22.689+0000] {processor.py:925} INFO - DAG(s) 'example_short_circuit_operator' retrieved from /home/airflow/.local/lib/python3.12/site-packages/airflow/example_dags/example_short_circuit_operator.py
[2025-01-20T19:24:22.708+0000] {logging_mixin.py:190} INFO - [2025-01-20T19:24:22.707+0000] {dag.py:3239} INFO - Sync 1 DAGs
[2025-01-20T19:24:22.721+0000] {logging_mixin.py:190} INFO - [2025-01-20T19:24:22.721+0000] {dag.py:4180} INFO - Setting next_dagrun for example_short_circuit_operator to None, run_after=None
[2025-01-20T19:24:22.737+0000] {processor.py:208} INFO - Processing /home/airflow/.local/lib/python3.12/site-packages/airflow/example_dags/example_short_circuit_operator.py took 0.066 seconds
[2025-01-20T19:24:52.982+0000] {processor.py:186} INFO - Started process (PID=1711) to work on /home/airflow/.local/lib/python3.12/site-packages/airflow/example_dags/example_short_circuit_operator.py
[2025-01-20T19:24:52.983+0000] {processor.py:914} INFO - Processing file /home/airflow/.local/lib/python3.12/site-packages/airflow/example_dags/example_short_circuit_operator.py for tasks to queue
[2025-01-20T19:24:52.985+0000] {logging_mixin.py:190} INFO - [2025-01-20T19:24:52.985+0000] {dagbag.py:588} INFO - Filling up the DagBag from /home/airflow/.local/lib/python3.12/site-packages/airflow/example_dags/example_short_circuit_operator.py
[2025-01-20T19:24:52.992+0000] {processor.py:925} INFO - DAG(s) 'example_short_circuit_operator' retrieved from /home/airflow/.local/lib/python3.12/site-packages/airflow/example_dags/example_short_circuit_operator.py
[2025-01-20T19:24:53.011+0000] {logging_mixin.py:190} INFO - [2025-01-20T19:24:53.010+0000] {dag.py:3239} INFO - Sync 1 DAGs
[2025-01-20T19:24:53.022+0000] {logging_mixin.py:190} INFO - [2025-01-20T19:24:53.022+0000] {dag.py:4180} INFO - Setting next_dagrun for example_short_circuit_operator to None, run_after=None
[2025-01-20T19:24:53.035+0000] {processor.py:208} INFO - Processing /home/airflow/.local/lib/python3.12/site-packages/airflow/example_dags/example_short_circuit_operator.py took 0.058 seconds
[2025-01-20T19:25:23.611+0000] {processor.py:186} INFO - Started process (PID=1774) to work on /home/airflow/.local/lib/python3.12/site-packages/airflow/example_dags/example_short_circuit_operator.py
[2025-01-20T19:25:23.612+0000] {processor.py:914} INFO - Processing file /home/airflow/.local/lib/python3.12/site-packages/airflow/example_dags/example_short_circuit_operator.py for tasks to queue
[2025-01-20T19:25:23.613+0000] {logging_mixin.py:190} INFO - [2025-01-20T19:25:23.613+0000] {dagbag.py:588} INFO - Filling up the DagBag from /home/airflow/.local/lib/python3.12/site-packages/airflow/example_dags/example_short_circuit_operator.py
[2025-01-20T19:25:23.620+0000] {processor.py:925} INFO - DAG(s) 'example_short_circuit_operator' retrieved from /home/airflow/.local/lib/python3.12/site-packages/airflow/example_dags/example_short_circuit_operator.py
[2025-01-20T19:25:23.638+0000] {logging_mixin.py:190} INFO - [2025-01-20T19:25:23.638+0000] {dag.py:3239} INFO - Sync 1 DAGs
[2025-01-20T19:25:23.649+0000] {logging_mixin.py:190} INFO - [2025-01-20T19:25:23.649+0000] {dag.py:4180} INFO - Setting next_dagrun for example_short_circuit_operator to None, run_after=None
[2025-01-20T19:25:23.664+0000] {processor.py:208} INFO - Processing /home/airflow/.local/lib/python3.12/site-packages/airflow/example_dags/example_short_circuit_operator.py took 0.057 seconds
[2025-01-20T19:25:54.136+0000] {processor.py:186} INFO - Started process (PID=1837) to work on /home/airflow/.local/lib/python3.12/site-packages/airflow/example_dags/example_short_circuit_operator.py
[2025-01-20T19:25:54.136+0000] {processor.py:914} INFO - Processing file /home/airflow/.local/lib/python3.12/site-packages/airflow/example_dags/example_short_circuit_operator.py for tasks to queue
[2025-01-20T19:25:54.138+0000] {logging_mixin.py:190} INFO - [2025-01-20T19:25:54.137+0000] {dagbag.py:588} INFO - Filling up the DagBag from /home/airflow/.local/lib/python3.12/site-packages/airflow/example_dags/example_short_circuit_operator.py
[2025-01-20T19:25:54.144+0000] {processor.py:925} INFO - DAG(s) 'example_short_circuit_operator' retrieved from /home/airflow/.local/lib/python3.12/site-packages/airflow/example_dags/example_short_circuit_operator.py
[2025-01-20T19:25:54.165+0000] {logging_mixin.py:190} INFO - [2025-01-20T19:25:54.165+0000] {dag.py:3239} INFO - Sync 1 DAGs
[2025-01-20T19:25:54.179+0000] {logging_mixin.py:190} INFO - [2025-01-20T19:25:54.179+0000] {dag.py:4180} INFO - Setting next_dagrun for example_short_circuit_operator to None, run_after=None
[2025-01-20T19:25:54.197+0000] {processor.py:208} INFO - Processing /home/airflow/.local/lib/python3.12/site-packages/airflow/example_dags/example_short_circuit_operator.py took 0.066 seconds
[2025-01-20T19:26:24.812+0000] {processor.py:186} INFO - Started process (PID=1900) to work on /home/airflow/.local/lib/python3.12/site-packages/airflow/example_dags/example_short_circuit_operator.py
[2025-01-20T19:26:24.812+0000] {processor.py:914} INFO - Processing file /home/airflow/.local/lib/python3.12/site-packages/airflow/example_dags/example_short_circuit_operator.py for tasks to queue
[2025-01-20T19:26:24.814+0000] {logging_mixin.py:190} INFO - [2025-01-20T19:26:24.814+0000] {dagbag.py:588} INFO - Filling up the DagBag from /home/airflow/.local/lib/python3.12/site-packages/airflow/example_dags/example_short_circuit_operator.py
[2025-01-20T19:26:24.821+0000] {processor.py:925} INFO - DAG(s) 'example_short_circuit_operator' retrieved from /home/airflow/.local/lib/python3.12/site-packages/airflow/example_dags/example_short_circuit_operator.py
[2025-01-20T19:26:24.840+0000] {logging_mixin.py:190} INFO - [2025-01-20T19:26:24.840+0000] {dag.py:3239} INFO - Sync 1 DAGs
[2025-01-20T19:26:24.851+0000] {logging_mixin.py:190} INFO - [2025-01-20T19:26:24.851+0000] {dag.py:4180} INFO - Setting next_dagrun for example_short_circuit_operator to None, run_after=None
[2025-01-20T19:26:24.864+0000] {processor.py:208} INFO - Processing /home/airflow/.local/lib/python3.12/site-packages/airflow/example_dags/example_short_circuit_operator.py took 0.056 seconds
[2025-01-20T19:26:55.175+0000] {processor.py:186} INFO - Started process (PID=1964) to work on /home/airflow/.local/lib/python3.12/site-packages/airflow/example_dags/example_short_circuit_operator.py
[2025-01-20T19:26:55.176+0000] {processor.py:914} INFO - Processing file /home/airflow/.local/lib/python3.12/site-packages/airflow/example_dags/example_short_circuit_operator.py for tasks to queue
[2025-01-20T19:26:55.178+0000] {logging_mixin.py:190} INFO - [2025-01-20T19:26:55.178+0000] {dagbag.py:588} INFO - Filling up the DagBag from /home/airflow/.local/lib/python3.12/site-packages/airflow/example_dags/example_short_circuit_operator.py
[2025-01-20T19:26:55.187+0000] {processor.py:925} INFO - DAG(s) 'example_short_circuit_operator' retrieved from /home/airflow/.local/lib/python3.12/site-packages/airflow/example_dags/example_short_circuit_operator.py
[2025-01-20T19:26:55.207+0000] {logging_mixin.py:190} INFO - [2025-01-20T19:26:55.207+0000] {dag.py:3239} INFO - Sync 1 DAGs
[2025-01-20T19:26:55.218+0000] {logging_mixin.py:190} INFO - [2025-01-20T19:26:55.218+0000] {dag.py:4180} INFO - Setting next_dagrun for example_short_circuit_operator to None, run_after=None
[2025-01-20T19:26:55.231+0000] {processor.py:208} INFO - Processing /home/airflow/.local/lib/python3.12/site-packages/airflow/example_dags/example_short_circuit_operator.py took 0.062 seconds
[2025-01-20T19:27:25.837+0000] {processor.py:186} INFO - Started process (PID=2029) to work on /home/airflow/.local/lib/python3.12/site-packages/airflow/example_dags/example_short_circuit_operator.py
[2025-01-20T19:27:25.838+0000] {processor.py:914} INFO - Processing file /home/airflow/.local/lib/python3.12/site-packages/airflow/example_dags/example_short_circuit_operator.py for tasks to queue
[2025-01-20T19:27:25.840+0000] {logging_mixin.py:190} INFO - [2025-01-20T19:27:25.840+0000] {dagbag.py:588} INFO - Filling up the DagBag from /home/airflow/.local/lib/python3.12/site-packages/airflow/example_dags/example_short_circuit_operator.py
[2025-01-20T19:27:25.850+0000] {processor.py:925} INFO - DAG(s) 'example_short_circuit_operator' retrieved from /home/airflow/.local/lib/python3.12/site-packages/airflow/example_dags/example_short_circuit_operator.py
[2025-01-20T19:27:25.876+0000] {logging_mixin.py:190} INFO - [2025-01-20T19:27:25.876+0000] {dag.py:3239} INFO - Sync 1 DAGs
[2025-01-20T19:27:25.892+0000] {logging_mixin.py:190} INFO - [2025-01-20T19:27:25.892+0000] {dag.py:4180} INFO - Setting next_dagrun for example_short_circuit_operator to None, run_after=None
[2025-01-20T19:27:25.909+0000] {processor.py:208} INFO - Processing /home/airflow/.local/lib/python3.12/site-packages/airflow/example_dags/example_short_circuit_operator.py took 0.077 seconds
[2025-01-20T19:27:57.304+0000] {processor.py:186} INFO - Started process (PID=2094) to work on /home/airflow/.local/lib/python3.12/site-packages/airflow/example_dags/example_short_circuit_operator.py
[2025-01-20T19:27:57.305+0000] {processor.py:914} INFO - Processing file /home/airflow/.local/lib/python3.12/site-packages/airflow/example_dags/example_short_circuit_operator.py for tasks to queue
[2025-01-20T19:27:57.312+0000] {logging_mixin.py:190} INFO - [2025-01-20T19:27:57.311+0000] {dagbag.py:588} INFO - Filling up the DagBag from /home/airflow/.local/lib/python3.12/site-packages/airflow/example_dags/example_short_circuit_operator.py
[2025-01-20T19:27:57.324+0000] {processor.py:925} INFO - DAG(s) 'example_short_circuit_operator' retrieved from /home/airflow/.local/lib/python3.12/site-packages/airflow/example_dags/example_short_circuit_operator.py
[2025-01-20T19:27:57.346+0000] {logging_mixin.py:190} INFO - [2025-01-20T19:27:57.346+0000] {dag.py:3239} INFO - Sync 1 DAGs
[2025-01-20T19:27:57.360+0000] {logging_mixin.py:190} INFO - [2025-01-20T19:27:57.360+0000] {dag.py:4180} INFO - Setting next_dagrun for example_short_circuit_operator to None, run_after=None
[2025-01-20T19:27:57.376+0000] {processor.py:208} INFO - Processing /home/airflow/.local/lib/python3.12/site-packages/airflow/example_dags/example_short_circuit_operator.py took 0.079 seconds
[2025-01-20T19:28:28.452+0000] {processor.py:186} INFO - Started process (PID=2158) to work on /home/airflow/.local/lib/python3.12/site-packages/airflow/example_dags/example_short_circuit_operator.py
[2025-01-20T19:28:28.453+0000] {processor.py:914} INFO - Processing file /home/airflow/.local/lib/python3.12/site-packages/airflow/example_dags/example_short_circuit_operator.py for tasks to queue
[2025-01-20T19:28:28.454+0000] {logging_mixin.py:190} INFO - [2025-01-20T19:28:28.454+0000] {dagbag.py:588} INFO - Filling up the DagBag from /home/airflow/.local/lib/python3.12/site-packages/airflow/example_dags/example_short_circuit_operator.py
[2025-01-20T19:28:28.461+0000] {processor.py:925} INFO - DAG(s) 'example_short_circuit_operator' retrieved from /home/airflow/.local/lib/python3.12/site-packages/airflow/example_dags/example_short_circuit_operator.py
[2025-01-20T19:28:28.480+0000] {logging_mixin.py:190} INFO - [2025-01-20T19:28:28.480+0000] {dag.py:3239} INFO - Sync 1 DAGs
[2025-01-20T19:28:28.491+0000] {logging_mixin.py:190} INFO - [2025-01-20T19:28:28.491+0000] {dag.py:4180} INFO - Setting next_dagrun for example_short_circuit_operator to None, run_after=None
[2025-01-20T19:28:28.505+0000] {processor.py:208} INFO - Processing /home/airflow/.local/lib/python3.12/site-packages/airflow/example_dags/example_short_circuit_operator.py took 0.057 seconds
[2025-01-20T19:28:59.662+0000] {processor.py:186} INFO - Started process (PID=2222) to work on /home/airflow/.local/lib/python3.12/site-packages/airflow/example_dags/example_short_circuit_operator.py
[2025-01-20T19:28:59.663+0000] {processor.py:914} INFO - Processing file /home/airflow/.local/lib/python3.12/site-packages/airflow/example_dags/example_short_circuit_operator.py for tasks to queue
[2025-01-20T19:28:59.664+0000] {logging_mixin.py:190} INFO - [2025-01-20T19:28:59.664+0000] {dagbag.py:588} INFO - Filling up the DagBag from /home/airflow/.local/lib/python3.12/site-packages/airflow/example_dags/example_short_circuit_operator.py
[2025-01-20T19:28:59.671+0000] {processor.py:925} INFO - DAG(s) 'example_short_circuit_operator' retrieved from /home/airflow/.local/lib/python3.12/site-packages/airflow/example_dags/example_short_circuit_operator.py
[2025-01-20T19:28:59.690+0000] {logging_mixin.py:190} INFO - [2025-01-20T19:28:59.690+0000] {dag.py:3239} INFO - Sync 1 DAGs
[2025-01-20T19:28:59.703+0000] {logging_mixin.py:190} INFO - [2025-01-20T19:28:59.703+0000] {dag.py:4180} INFO - Setting next_dagrun for example_short_circuit_operator to None, run_after=None
[2025-01-20T19:28:59.718+0000] {processor.py:208} INFO - Processing /home/airflow/.local/lib/python3.12/site-packages/airflow/example_dags/example_short_circuit_operator.py took 0.060 seconds
[2025-01-20T19:29:30.003+0000] {processor.py:186} INFO - Started process (PID=2273) to work on /home/airflow/.local/lib/python3.12/site-packages/airflow/example_dags/example_short_circuit_operator.py
[2025-01-20T19:29:30.004+0000] {processor.py:914} INFO - Processing file /home/airflow/.local/lib/python3.12/site-packages/airflow/example_dags/example_short_circuit_operator.py for tasks to queue
[2025-01-20T19:29:30.006+0000] {logging_mixin.py:190} INFO - [2025-01-20T19:29:30.005+0000] {dagbag.py:588} INFO - Filling up the DagBag from /home/airflow/.local/lib/python3.12/site-packages/airflow/example_dags/example_short_circuit_operator.py
[2025-01-20T19:29:30.015+0000] {processor.py:925} INFO - DAG(s) 'example_short_circuit_operator' retrieved from /home/airflow/.local/lib/python3.12/site-packages/airflow/example_dags/example_short_circuit_operator.py
[2025-01-20T19:29:30.038+0000] {logging_mixin.py:190} INFO - [2025-01-20T19:29:30.038+0000] {dag.py:3239} INFO - Sync 1 DAGs
[2025-01-20T19:29:30.049+0000] {logging_mixin.py:190} INFO - [2025-01-20T19:29:30.049+0000] {dag.py:4180} INFO - Setting next_dagrun for example_short_circuit_operator to None, run_after=None
[2025-01-20T19:29:30.064+0000] {processor.py:208} INFO - Processing /home/airflow/.local/lib/python3.12/site-packages/airflow/example_dags/example_short_circuit_operator.py took 0.067 seconds
[2025-01-20T19:30:00.139+0000] {processor.py:186} INFO - Started process (PID=2337) to work on /home/airflow/.local/lib/python3.12/site-packages/airflow/example_dags/example_short_circuit_operator.py
[2025-01-20T19:30:00.140+0000] {processor.py:914} INFO - Processing file /home/airflow/.local/lib/python3.12/site-packages/airflow/example_dags/example_short_circuit_operator.py for tasks to queue
[2025-01-20T19:30:00.141+0000] {logging_mixin.py:190} INFO - [2025-01-20T19:30:00.141+0000] {dagbag.py:588} INFO - Filling up the DagBag from /home/airflow/.local/lib/python3.12/site-packages/airflow/example_dags/example_short_circuit_operator.py
[2025-01-20T19:30:00.148+0000] {processor.py:925} INFO - DAG(s) 'example_short_circuit_operator' retrieved from /home/airflow/.local/lib/python3.12/site-packages/airflow/example_dags/example_short_circuit_operator.py
[2025-01-20T19:30:00.168+0000] {logging_mixin.py:190} INFO - [2025-01-20T19:30:00.168+0000] {dag.py:3239} INFO - Sync 1 DAGs
[2025-01-20T19:30:00.180+0000] {logging_mixin.py:190} INFO - [2025-01-20T19:30:00.180+0000] {dag.py:4180} INFO - Setting next_dagrun for example_short_circuit_operator to None, run_after=None
[2025-01-20T19:30:00.194+0000] {processor.py:208} INFO - Processing /home/airflow/.local/lib/python3.12/site-packages/airflow/example_dags/example_short_circuit_operator.py took 0.059 seconds
[2025-01-20T19:30:30.319+0000] {processor.py:186} INFO - Started process (PID=2401) to work on /home/airflow/.local/lib/python3.12/site-packages/airflow/example_dags/example_short_circuit_operator.py
[2025-01-20T19:30:30.319+0000] {processor.py:914} INFO - Processing file /home/airflow/.local/lib/python3.12/site-packages/airflow/example_dags/example_short_circuit_operator.py for tasks to queue
[2025-01-20T19:30:30.321+0000] {logging_mixin.py:190} INFO - [2025-01-20T19:30:30.321+0000] {dagbag.py:588} INFO - Filling up the DagBag from /home/airflow/.local/lib/python3.12/site-packages/airflow/example_dags/example_short_circuit_operator.py
[2025-01-20T19:30:30.328+0000] {processor.py:925} INFO - DAG(s) 'example_short_circuit_operator' retrieved from /home/airflow/.local/lib/python3.12/site-packages/airflow/example_dags/example_short_circuit_operator.py
[2025-01-20T19:30:30.351+0000] {logging_mixin.py:190} INFO - [2025-01-20T19:30:30.351+0000] {dag.py:3239} INFO - Sync 1 DAGs
[2025-01-20T19:30:30.363+0000] {logging_mixin.py:190} INFO - [2025-01-20T19:30:30.363+0000] {dag.py:4180} INFO - Setting next_dagrun for example_short_circuit_operator to None, run_after=None
[2025-01-20T19:30:30.376+0000] {processor.py:208} INFO - Processing /home/airflow/.local/lib/python3.12/site-packages/airflow/example_dags/example_short_circuit_operator.py took 0.061 seconds
