[2025-01-20T19:11:50.960+0000] {processor.py:186} INFO - Started process (PID=115) to work on /home/airflow/.local/lib/python3.12/site-packages/airflow/example_dags/example_skip_dag.py
[2025-01-20T19:11:50.960+0000] {processor.py:914} INFO - Processing file /home/airflow/.local/lib/python3.12/site-packages/airflow/example_dags/example_skip_dag.py for tasks to queue
[2025-01-20T19:11:50.963+0000] {logging_mixin.py:190} INFO - [2025-01-20T19:11:50.963+0000] {dagbag.py:588} INFO - Filling up the DagBag from /home/airflow/.local/lib/python3.12/site-packages/airflow/example_dags/example_skip_dag.py
[2025-01-20T19:11:50.972+0000] {processor.py:925} INFO - DAG(s) 'example_skip_dag' retrieved from /home/airflow/.local/lib/python3.12/site-packages/airflow/example_dags/example_skip_dag.py
[2025-01-20T19:11:51.093+0000] {logging_mixin.py:190} INFO - [2025-01-20T19:11:51.093+0000] {override.py:1911} INFO - Created Permission View: can edit on DAG:example_skip_dag
[2025-01-20T19:11:51.104+0000] {logging_mixin.py:190} INFO - [2025-01-20T19:11:51.103+0000] {override.py:1911} INFO - Created Permission View: can delete on DAG:example_skip_dag
[2025-01-20T19:11:51.108+0000] {logging_mixin.py:190} INFO - [2025-01-20T19:11:51.108+0000] {override.py:1911} INFO - Created Permission View: can read on DAG:example_skip_dag
[2025-01-20T19:11:51.114+0000] {logging_mixin.py:190} INFO - [2025-01-20T19:11:51.114+0000] {override.py:1911} INFO - Created Permission View: can create on DAG Run:example_skip_dag
[2025-01-20T19:11:51.119+0000] {logging_mixin.py:190} INFO - [2025-01-20T19:11:51.119+0000] {override.py:1911} INFO - Created Permission View: can delete on DAG Run:example_skip_dag
[2025-01-20T19:11:51.124+0000] {logging_mixin.py:190} INFO - [2025-01-20T19:11:51.124+0000] {override.py:1911} INFO - Created Permission View: menu access on DAG Run:example_skip_dag
[2025-01-20T19:11:51.130+0000] {logging_mixin.py:190} INFO - [2025-01-20T19:11:51.130+0000] {override.py:1911} INFO - Created Permission View: can read on DAG Run:example_skip_dag
[2025-01-20T19:11:51.130+0000] {logging_mixin.py:190} INFO - [2025-01-20T19:11:51.130+0000] {dag.py:3239} INFO - Sync 1 DAGs
[2025-01-20T19:11:51.144+0000] {logging_mixin.py:190} INFO - [2025-01-20T19:11:51.144+0000] {dag.py:3262} INFO - Creating ORM DAG for example_skip_dag
[2025-01-20T19:11:51.155+0000] {logging_mixin.py:190} INFO - [2025-01-20T19:11:51.155+0000] {dag.py:4180} INFO - Setting next_dagrun for example_skip_dag to 2025-01-19 00:00:00+00:00, run_after=2025-01-20 00:00:00+00:00
[2025-01-20T19:11:51.170+0000] {processor.py:208} INFO - Processing /home/airflow/.local/lib/python3.12/site-packages/airflow/example_dags/example_skip_dag.py took 0.216 seconds
[2025-01-20T19:12:22.012+0000] {processor.py:186} INFO - Started process (PID=178) to work on /home/airflow/.local/lib/python3.12/site-packages/airflow/example_dags/example_skip_dag.py
[2025-01-20T19:12:22.012+0000] {processor.py:914} INFO - Processing file /home/airflow/.local/lib/python3.12/site-packages/airflow/example_dags/example_skip_dag.py for tasks to queue
[2025-01-20T19:12:22.014+0000] {logging_mixin.py:190} INFO - [2025-01-20T19:12:22.014+0000] {dagbag.py:588} INFO - Filling up the DagBag from /home/airflow/.local/lib/python3.12/site-packages/airflow/example_dags/example_skip_dag.py
[2025-01-20T19:12:22.021+0000] {processor.py:925} INFO - DAG(s) 'example_skip_dag' retrieved from /home/airflow/.local/lib/python3.12/site-packages/airflow/example_dags/example_skip_dag.py
[2025-01-20T19:12:22.041+0000] {logging_mixin.py:190} INFO - [2025-01-20T19:12:22.040+0000] {dag.py:3239} INFO - Sync 1 DAGs
[2025-01-20T19:12:22.063+0000] {logging_mixin.py:190} INFO - [2025-01-20T19:12:22.063+0000] {dag.py:4180} INFO - Setting next_dagrun for example_skip_dag to 2025-01-19 00:00:00+00:00, run_after=2025-01-20 00:00:00+00:00
[2025-01-20T19:12:22.079+0000] {processor.py:208} INFO - Processing /home/airflow/.local/lib/python3.12/site-packages/airflow/example_dags/example_skip_dag.py took 0.071 seconds
[2025-01-20T19:12:52.749+0000] {processor.py:186} INFO - Started process (PID=241) to work on /home/airflow/.local/lib/python3.12/site-packages/airflow/example_dags/example_skip_dag.py
[2025-01-20T19:12:52.749+0000] {processor.py:914} INFO - Processing file /home/airflow/.local/lib/python3.12/site-packages/airflow/example_dags/example_skip_dag.py for tasks to queue
[2025-01-20T19:12:52.751+0000] {logging_mixin.py:190} INFO - [2025-01-20T19:12:52.750+0000] {dagbag.py:588} INFO - Filling up the DagBag from /home/airflow/.local/lib/python3.12/site-packages/airflow/example_dags/example_skip_dag.py
[2025-01-20T19:12:52.758+0000] {processor.py:925} INFO - DAG(s) 'example_skip_dag' retrieved from /home/airflow/.local/lib/python3.12/site-packages/airflow/example_dags/example_skip_dag.py
[2025-01-20T19:12:52.775+0000] {logging_mixin.py:190} INFO - [2025-01-20T19:12:52.774+0000] {dag.py:3239} INFO - Sync 1 DAGs
[2025-01-20T19:12:52.791+0000] {logging_mixin.py:190} INFO - [2025-01-20T19:12:52.791+0000] {dag.py:4180} INFO - Setting next_dagrun for example_skip_dag to 2025-01-19 00:00:00+00:00, run_after=2025-01-20 00:00:00+00:00
[2025-01-20T19:12:52.804+0000] {processor.py:208} INFO - Processing /home/airflow/.local/lib/python3.12/site-packages/airflow/example_dags/example_skip_dag.py took 0.060 seconds
[2025-01-20T19:13:23.236+0000] {processor.py:186} INFO - Started process (PID=304) to work on /home/airflow/.local/lib/python3.12/site-packages/airflow/example_dags/example_skip_dag.py
[2025-01-20T19:13:23.236+0000] {processor.py:914} INFO - Processing file /home/airflow/.local/lib/python3.12/site-packages/airflow/example_dags/example_skip_dag.py for tasks to queue
[2025-01-20T19:13:23.238+0000] {logging_mixin.py:190} INFO - [2025-01-20T19:13:23.238+0000] {dagbag.py:588} INFO - Filling up the DagBag from /home/airflow/.local/lib/python3.12/site-packages/airflow/example_dags/example_skip_dag.py
[2025-01-20T19:13:23.246+0000] {processor.py:925} INFO - DAG(s) 'example_skip_dag' retrieved from /home/airflow/.local/lib/python3.12/site-packages/airflow/example_dags/example_skip_dag.py
[2025-01-20T19:13:23.264+0000] {logging_mixin.py:190} INFO - [2025-01-20T19:13:23.264+0000] {dag.py:3239} INFO - Sync 1 DAGs
[2025-01-20T19:13:23.283+0000] {logging_mixin.py:190} INFO - [2025-01-20T19:13:23.283+0000] {dag.py:4180} INFO - Setting next_dagrun for example_skip_dag to 2025-01-19 00:00:00+00:00, run_after=2025-01-20 00:00:00+00:00
[2025-01-20T19:13:23.296+0000] {processor.py:208} INFO - Processing /home/airflow/.local/lib/python3.12/site-packages/airflow/example_dags/example_skip_dag.py took 0.064 seconds
[2025-01-20T19:13:53.963+0000] {processor.py:186} INFO - Started process (PID=367) to work on /home/airflow/.local/lib/python3.12/site-packages/airflow/example_dags/example_skip_dag.py
[2025-01-20T19:13:53.963+0000] {processor.py:914} INFO - Processing file /home/airflow/.local/lib/python3.12/site-packages/airflow/example_dags/example_skip_dag.py for tasks to queue
[2025-01-20T19:13:53.965+0000] {logging_mixin.py:190} INFO - [2025-01-20T19:13:53.965+0000] {dagbag.py:588} INFO - Filling up the DagBag from /home/airflow/.local/lib/python3.12/site-packages/airflow/example_dags/example_skip_dag.py
[2025-01-20T19:13:53.972+0000] {processor.py:925} INFO - DAG(s) 'example_skip_dag' retrieved from /home/airflow/.local/lib/python3.12/site-packages/airflow/example_dags/example_skip_dag.py
[2025-01-20T19:13:53.992+0000] {logging_mixin.py:190} INFO - [2025-01-20T19:13:53.992+0000] {dag.py:3239} INFO - Sync 1 DAGs
[2025-01-20T19:13:54.015+0000] {logging_mixin.py:190} INFO - [2025-01-20T19:13:54.015+0000] {dag.py:4180} INFO - Setting next_dagrun for example_skip_dag to 2025-01-19 00:00:00+00:00, run_after=2025-01-20 00:00:00+00:00
[2025-01-20T19:13:54.031+0000] {processor.py:208} INFO - Processing /home/airflow/.local/lib/python3.12/site-packages/airflow/example_dags/example_skip_dag.py took 0.072 seconds
[2025-01-20T19:14:24.119+0000] {processor.py:186} INFO - Started process (PID=430) to work on /home/airflow/.local/lib/python3.12/site-packages/airflow/example_dags/example_skip_dag.py
[2025-01-20T19:14:24.119+0000] {processor.py:914} INFO - Processing file /home/airflow/.local/lib/python3.12/site-packages/airflow/example_dags/example_skip_dag.py for tasks to queue
[2025-01-20T19:14:24.121+0000] {logging_mixin.py:190} INFO - [2025-01-20T19:14:24.121+0000] {dagbag.py:588} INFO - Filling up the DagBag from /home/airflow/.local/lib/python3.12/site-packages/airflow/example_dags/example_skip_dag.py
[2025-01-20T19:14:24.128+0000] {processor.py:925} INFO - DAG(s) 'example_skip_dag' retrieved from /home/airflow/.local/lib/python3.12/site-packages/airflow/example_dags/example_skip_dag.py
[2025-01-20T19:14:24.144+0000] {logging_mixin.py:190} INFO - [2025-01-20T19:14:24.144+0000] {dag.py:3239} INFO - Sync 1 DAGs
[2025-01-20T19:14:24.162+0000] {logging_mixin.py:190} INFO - [2025-01-20T19:14:24.162+0000] {dag.py:4180} INFO - Setting next_dagrun for example_skip_dag to 2025-01-19 00:00:00+00:00, run_after=2025-01-20 00:00:00+00:00
[2025-01-20T19:14:24.174+0000] {processor.py:208} INFO - Processing /home/airflow/.local/lib/python3.12/site-packages/airflow/example_dags/example_skip_dag.py took 0.062 seconds
[2025-01-20T19:14:55.510+0000] {processor.py:186} INFO - Started process (PID=493) to work on /home/airflow/.local/lib/python3.12/site-packages/airflow/example_dags/example_skip_dag.py
[2025-01-20T19:14:55.510+0000] {processor.py:914} INFO - Processing file /home/airflow/.local/lib/python3.12/site-packages/airflow/example_dags/example_skip_dag.py for tasks to queue
[2025-01-20T19:14:55.512+0000] {logging_mixin.py:190} INFO - [2025-01-20T19:14:55.512+0000] {dagbag.py:588} INFO - Filling up the DagBag from /home/airflow/.local/lib/python3.12/site-packages/airflow/example_dags/example_skip_dag.py
[2025-01-20T19:14:55.521+0000] {processor.py:925} INFO - DAG(s) 'example_skip_dag' retrieved from /home/airflow/.local/lib/python3.12/site-packages/airflow/example_dags/example_skip_dag.py
[2025-01-20T19:14:55.544+0000] {logging_mixin.py:190} INFO - [2025-01-20T19:14:55.543+0000] {dag.py:3239} INFO - Sync 1 DAGs
[2025-01-20T19:14:55.569+0000] {logging_mixin.py:190} INFO - [2025-01-20T19:14:55.568+0000] {dag.py:4180} INFO - Setting next_dagrun for example_skip_dag to 2025-01-19 00:00:00+00:00, run_after=2025-01-20 00:00:00+00:00
[2025-01-20T19:14:55.584+0000] {processor.py:208} INFO - Processing /home/airflow/.local/lib/python3.12/site-packages/airflow/example_dags/example_skip_dag.py took 0.080 seconds
[2025-01-20T19:15:26.930+0000] {processor.py:186} INFO - Started process (PID=557) to work on /home/airflow/.local/lib/python3.12/site-packages/airflow/example_dags/example_skip_dag.py
[2025-01-20T19:15:26.930+0000] {processor.py:914} INFO - Processing file /home/airflow/.local/lib/python3.12/site-packages/airflow/example_dags/example_skip_dag.py for tasks to queue
[2025-01-20T19:15:26.932+0000] {logging_mixin.py:190} INFO - [2025-01-20T19:15:26.932+0000] {dagbag.py:588} INFO - Filling up the DagBag from /home/airflow/.local/lib/python3.12/site-packages/airflow/example_dags/example_skip_dag.py
[2025-01-20T19:15:26.938+0000] {processor.py:925} INFO - DAG(s) 'example_skip_dag' retrieved from /home/airflow/.local/lib/python3.12/site-packages/airflow/example_dags/example_skip_dag.py
[2025-01-20T19:15:26.960+0000] {logging_mixin.py:190} INFO - [2025-01-20T19:15:26.960+0000] {dag.py:3239} INFO - Sync 1 DAGs
[2025-01-20T19:15:26.981+0000] {logging_mixin.py:190} INFO - [2025-01-20T19:15:26.981+0000] {dag.py:4180} INFO - Setting next_dagrun for example_skip_dag to 2025-01-19 00:00:00+00:00, run_after=2025-01-20 00:00:00+00:00
[2025-01-20T19:15:26.994+0000] {processor.py:208} INFO - Processing /home/airflow/.local/lib/python3.12/site-packages/airflow/example_dags/example_skip_dag.py took 0.068 seconds
[2025-01-20T19:15:58.332+0000] {processor.py:186} INFO - Started process (PID=620) to work on /home/airflow/.local/lib/python3.12/site-packages/airflow/example_dags/example_skip_dag.py
[2025-01-20T19:15:58.333+0000] {processor.py:914} INFO - Processing file /home/airflow/.local/lib/python3.12/site-packages/airflow/example_dags/example_skip_dag.py for tasks to queue
[2025-01-20T19:15:58.335+0000] {logging_mixin.py:190} INFO - [2025-01-20T19:15:58.334+0000] {dagbag.py:588} INFO - Filling up the DagBag from /home/airflow/.local/lib/python3.12/site-packages/airflow/example_dags/example_skip_dag.py
[2025-01-20T19:15:58.343+0000] {processor.py:925} INFO - DAG(s) 'example_skip_dag' retrieved from /home/airflow/.local/lib/python3.12/site-packages/airflow/example_dags/example_skip_dag.py
[2025-01-20T19:15:58.366+0000] {logging_mixin.py:190} INFO - [2025-01-20T19:15:58.366+0000] {dag.py:3239} INFO - Sync 1 DAGs
[2025-01-20T19:15:58.394+0000] {logging_mixin.py:190} INFO - [2025-01-20T19:15:58.393+0000] {dag.py:4180} INFO - Setting next_dagrun for example_skip_dag to 2025-01-19 00:00:00+00:00, run_after=2025-01-20 00:00:00+00:00
[2025-01-20T19:15:58.410+0000] {processor.py:208} INFO - Processing /home/airflow/.local/lib/python3.12/site-packages/airflow/example_dags/example_skip_dag.py took 0.085 seconds
[2025-01-20T19:16:29.803+0000] {processor.py:186} INFO - Started process (PID=684) to work on /home/airflow/.local/lib/python3.12/site-packages/airflow/example_dags/example_skip_dag.py
[2025-01-20T19:16:29.804+0000] {processor.py:914} INFO - Processing file /home/airflow/.local/lib/python3.12/site-packages/airflow/example_dags/example_skip_dag.py for tasks to queue
[2025-01-20T19:16:29.806+0000] {logging_mixin.py:190} INFO - [2025-01-20T19:16:29.806+0000] {dagbag.py:588} INFO - Filling up the DagBag from /home/airflow/.local/lib/python3.12/site-packages/airflow/example_dags/example_skip_dag.py
[2025-01-20T19:16:29.812+0000] {processor.py:925} INFO - DAG(s) 'example_skip_dag' retrieved from /home/airflow/.local/lib/python3.12/site-packages/airflow/example_dags/example_skip_dag.py
[2025-01-20T19:16:29.829+0000] {logging_mixin.py:190} INFO - [2025-01-20T19:16:29.828+0000] {dag.py:3239} INFO - Sync 1 DAGs
[2025-01-20T19:16:29.853+0000] {logging_mixin.py:190} INFO - [2025-01-20T19:16:29.853+0000] {dag.py:4180} INFO - Setting next_dagrun for example_skip_dag to 2025-01-19 00:00:00+00:00, run_after=2025-01-20 00:00:00+00:00
[2025-01-20T19:16:29.868+0000] {processor.py:208} INFO - Processing /home/airflow/.local/lib/python3.12/site-packages/airflow/example_dags/example_skip_dag.py took 0.069 seconds
[2025-01-20T19:17:00.747+0000] {processor.py:186} INFO - Started process (PID=747) to work on /home/airflow/.local/lib/python3.12/site-packages/airflow/example_dags/example_skip_dag.py
[2025-01-20T19:17:00.748+0000] {processor.py:914} INFO - Processing file /home/airflow/.local/lib/python3.12/site-packages/airflow/example_dags/example_skip_dag.py for tasks to queue
[2025-01-20T19:17:00.750+0000] {logging_mixin.py:190} INFO - [2025-01-20T19:17:00.750+0000] {dagbag.py:588} INFO - Filling up the DagBag from /home/airflow/.local/lib/python3.12/site-packages/airflow/example_dags/example_skip_dag.py
[2025-01-20T19:17:00.756+0000] {processor.py:925} INFO - DAG(s) 'example_skip_dag' retrieved from /home/airflow/.local/lib/python3.12/site-packages/airflow/example_dags/example_skip_dag.py
[2025-01-20T19:17:00.777+0000] {logging_mixin.py:190} INFO - [2025-01-20T19:17:00.777+0000] {dag.py:3239} INFO - Sync 1 DAGs
[2025-01-20T19:17:00.802+0000] {logging_mixin.py:190} INFO - [2025-01-20T19:17:00.802+0000] {dag.py:4180} INFO - Setting next_dagrun for example_skip_dag to 2025-01-19 00:00:00+00:00, run_after=2025-01-20 00:00:00+00:00
[2025-01-20T19:17:00.817+0000] {processor.py:208} INFO - Processing /home/airflow/.local/lib/python3.12/site-packages/airflow/example_dags/example_skip_dag.py took 0.074 seconds
[2025-01-20T19:17:31.882+0000] {processor.py:186} INFO - Started process (PID=810) to work on /home/airflow/.local/lib/python3.12/site-packages/airflow/example_dags/example_skip_dag.py
[2025-01-20T19:17:31.882+0000] {processor.py:914} INFO - Processing file /home/airflow/.local/lib/python3.12/site-packages/airflow/example_dags/example_skip_dag.py for tasks to queue
[2025-01-20T19:17:31.884+0000] {logging_mixin.py:190} INFO - [2025-01-20T19:17:31.884+0000] {dagbag.py:588} INFO - Filling up the DagBag from /home/airflow/.local/lib/python3.12/site-packages/airflow/example_dags/example_skip_dag.py
[2025-01-20T19:17:31.890+0000] {processor.py:925} INFO - DAG(s) 'example_skip_dag' retrieved from /home/airflow/.local/lib/python3.12/site-packages/airflow/example_dags/example_skip_dag.py
[2025-01-20T19:17:31.911+0000] {logging_mixin.py:190} INFO - [2025-01-20T19:17:31.911+0000] {dag.py:3239} INFO - Sync 1 DAGs
[2025-01-20T19:17:31.937+0000] {logging_mixin.py:190} INFO - [2025-01-20T19:17:31.937+0000] {dag.py:4180} INFO - Setting next_dagrun for example_skip_dag to 2025-01-19 00:00:00+00:00, run_after=2025-01-20 00:00:00+00:00
[2025-01-20T19:17:31.953+0000] {processor.py:208} INFO - Processing /home/airflow/.local/lib/python3.12/site-packages/airflow/example_dags/example_skip_dag.py took 0.076 seconds
[2025-01-20T19:18:03.067+0000] {processor.py:186} INFO - Started process (PID=873) to work on /home/airflow/.local/lib/python3.12/site-packages/airflow/example_dags/example_skip_dag.py
[2025-01-20T19:18:03.068+0000] {processor.py:914} INFO - Processing file /home/airflow/.local/lib/python3.12/site-packages/airflow/example_dags/example_skip_dag.py for tasks to queue
[2025-01-20T19:18:03.069+0000] {logging_mixin.py:190} INFO - [2025-01-20T19:18:03.069+0000] {dagbag.py:588} INFO - Filling up the DagBag from /home/airflow/.local/lib/python3.12/site-packages/airflow/example_dags/example_skip_dag.py
[2025-01-20T19:18:03.075+0000] {processor.py:925} INFO - DAG(s) 'example_skip_dag' retrieved from /home/airflow/.local/lib/python3.12/site-packages/airflow/example_dags/example_skip_dag.py
[2025-01-20T19:18:03.097+0000] {logging_mixin.py:190} INFO - [2025-01-20T19:18:03.097+0000] {dag.py:3239} INFO - Sync 1 DAGs
[2025-01-20T19:18:03.125+0000] {logging_mixin.py:190} INFO - [2025-01-20T19:18:03.125+0000] {dag.py:4180} INFO - Setting next_dagrun for example_skip_dag to 2025-01-19 00:00:00+00:00, run_after=2025-01-20 00:00:00+00:00
[2025-01-20T19:18:03.142+0000] {processor.py:208} INFO - Processing /home/airflow/.local/lib/python3.12/site-packages/airflow/example_dags/example_skip_dag.py took 0.079 seconds
[2025-01-20T19:18:34.108+0000] {processor.py:186} INFO - Started process (PID=936) to work on /home/airflow/.local/lib/python3.12/site-packages/airflow/example_dags/example_skip_dag.py
[2025-01-20T19:18:34.108+0000] {processor.py:914} INFO - Processing file /home/airflow/.local/lib/python3.12/site-packages/airflow/example_dags/example_skip_dag.py for tasks to queue
[2025-01-20T19:18:34.110+0000] {logging_mixin.py:190} INFO - [2025-01-20T19:18:34.110+0000] {dagbag.py:588} INFO - Filling up the DagBag from /home/airflow/.local/lib/python3.12/site-packages/airflow/example_dags/example_skip_dag.py
[2025-01-20T19:18:34.116+0000] {processor.py:925} INFO - DAG(s) 'example_skip_dag' retrieved from /home/airflow/.local/lib/python3.12/site-packages/airflow/example_dags/example_skip_dag.py
[2025-01-20T19:18:34.133+0000] {logging_mixin.py:190} INFO - [2025-01-20T19:18:34.133+0000] {dag.py:3239} INFO - Sync 1 DAGs
[2025-01-20T19:18:34.156+0000] {logging_mixin.py:190} INFO - [2025-01-20T19:18:34.155+0000] {dag.py:4180} INFO - Setting next_dagrun for example_skip_dag to 2025-01-19 00:00:00+00:00, run_after=2025-01-20 00:00:00+00:00
[2025-01-20T19:18:34.168+0000] {processor.py:208} INFO - Processing /home/airflow/.local/lib/python3.12/site-packages/airflow/example_dags/example_skip_dag.py took 0.065 seconds
[2025-01-20T19:19:05.008+0000] {processor.py:186} INFO - Started process (PID=999) to work on /home/airflow/.local/lib/python3.12/site-packages/airflow/example_dags/example_skip_dag.py
[2025-01-20T19:19:05.009+0000] {processor.py:914} INFO - Processing file /home/airflow/.local/lib/python3.12/site-packages/airflow/example_dags/example_skip_dag.py for tasks to queue
[2025-01-20T19:19:05.011+0000] {logging_mixin.py:190} INFO - [2025-01-20T19:19:05.010+0000] {dagbag.py:588} INFO - Filling up the DagBag from /home/airflow/.local/lib/python3.12/site-packages/airflow/example_dags/example_skip_dag.py
[2025-01-20T19:19:05.018+0000] {processor.py:925} INFO - DAG(s) 'example_skip_dag' retrieved from /home/airflow/.local/lib/python3.12/site-packages/airflow/example_dags/example_skip_dag.py
[2025-01-20T19:19:05.034+0000] {logging_mixin.py:190} INFO - [2025-01-20T19:19:05.034+0000] {dag.py:3239} INFO - Sync 1 DAGs
[2025-01-20T19:19:05.061+0000] {logging_mixin.py:190} INFO - [2025-01-20T19:19:05.061+0000] {dag.py:4180} INFO - Setting next_dagrun for example_skip_dag to 2025-01-19 00:00:00+00:00, run_after=2025-01-20 00:00:00+00:00
[2025-01-20T19:19:05.079+0000] {processor.py:208} INFO - Processing /home/airflow/.local/lib/python3.12/site-packages/airflow/example_dags/example_skip_dag.py took 0.076 seconds
[2025-01-20T19:19:36.158+0000] {processor.py:186} INFO - Started process (PID=1062) to work on /home/airflow/.local/lib/python3.12/site-packages/airflow/example_dags/example_skip_dag.py
[2025-01-20T19:19:36.159+0000] {processor.py:914} INFO - Processing file /home/airflow/.local/lib/python3.12/site-packages/airflow/example_dags/example_skip_dag.py for tasks to queue
[2025-01-20T19:19:36.161+0000] {logging_mixin.py:190} INFO - [2025-01-20T19:19:36.160+0000] {dagbag.py:588} INFO - Filling up the DagBag from /home/airflow/.local/lib/python3.12/site-packages/airflow/example_dags/example_skip_dag.py
[2025-01-20T19:19:36.167+0000] {processor.py:925} INFO - DAG(s) 'example_skip_dag' retrieved from /home/airflow/.local/lib/python3.12/site-packages/airflow/example_dags/example_skip_dag.py
[2025-01-20T19:19:36.184+0000] {logging_mixin.py:190} INFO - [2025-01-20T19:19:36.184+0000] {dag.py:3239} INFO - Sync 1 DAGs
[2025-01-20T19:19:36.205+0000] {logging_mixin.py:190} INFO - [2025-01-20T19:19:36.205+0000] {dag.py:4180} INFO - Setting next_dagrun for example_skip_dag to 2025-01-19 00:00:00+00:00, run_after=2025-01-20 00:00:00+00:00
[2025-01-20T19:19:36.220+0000] {processor.py:208} INFO - Processing /home/airflow/.local/lib/python3.12/site-packages/airflow/example_dags/example_skip_dag.py took 0.066 seconds
[2025-01-20T19:20:07.247+0000] {processor.py:186} INFO - Started process (PID=1125) to work on /home/airflow/.local/lib/python3.12/site-packages/airflow/example_dags/example_skip_dag.py
[2025-01-20T19:20:07.247+0000] {processor.py:914} INFO - Processing file /home/airflow/.local/lib/python3.12/site-packages/airflow/example_dags/example_skip_dag.py for tasks to queue
[2025-01-20T19:20:07.249+0000] {logging_mixin.py:190} INFO - [2025-01-20T19:20:07.248+0000] {dagbag.py:588} INFO - Filling up the DagBag from /home/airflow/.local/lib/python3.12/site-packages/airflow/example_dags/example_skip_dag.py
[2025-01-20T19:20:07.255+0000] {processor.py:925} INFO - DAG(s) 'example_skip_dag' retrieved from /home/airflow/.local/lib/python3.12/site-packages/airflow/example_dags/example_skip_dag.py
[2025-01-20T19:20:07.271+0000] {logging_mixin.py:190} INFO - [2025-01-20T19:20:07.270+0000] {dag.py:3239} INFO - Sync 1 DAGs
[2025-01-20T19:20:07.287+0000] {logging_mixin.py:190} INFO - [2025-01-20T19:20:07.287+0000] {dag.py:4180} INFO - Setting next_dagrun for example_skip_dag to 2025-01-19 00:00:00+00:00, run_after=2025-01-20 00:00:00+00:00
[2025-01-20T19:20:07.300+0000] {processor.py:208} INFO - Processing /home/airflow/.local/lib/python3.12/site-packages/airflow/example_dags/example_skip_dag.py took 0.058 seconds
[2025-01-20T19:20:38.338+0000] {processor.py:186} INFO - Started process (PID=1188) to work on /home/airflow/.local/lib/python3.12/site-packages/airflow/example_dags/example_skip_dag.py
[2025-01-20T19:20:38.339+0000] {processor.py:914} INFO - Processing file /home/airflow/.local/lib/python3.12/site-packages/airflow/example_dags/example_skip_dag.py for tasks to queue
[2025-01-20T19:20:38.341+0000] {logging_mixin.py:190} INFO - [2025-01-20T19:20:38.341+0000] {dagbag.py:588} INFO - Filling up the DagBag from /home/airflow/.local/lib/python3.12/site-packages/airflow/example_dags/example_skip_dag.py
[2025-01-20T19:20:38.349+0000] {processor.py:925} INFO - DAG(s) 'example_skip_dag' retrieved from /home/airflow/.local/lib/python3.12/site-packages/airflow/example_dags/example_skip_dag.py
[2025-01-20T19:20:38.366+0000] {logging_mixin.py:190} INFO - [2025-01-20T19:20:38.366+0000] {dag.py:3239} INFO - Sync 1 DAGs
[2025-01-20T19:20:38.385+0000] {logging_mixin.py:190} INFO - [2025-01-20T19:20:38.385+0000] {dag.py:4180} INFO - Setting next_dagrun for example_skip_dag to 2025-01-19 00:00:00+00:00, run_after=2025-01-20 00:00:00+00:00
[2025-01-20T19:20:38.399+0000] {processor.py:208} INFO - Processing /home/airflow/.local/lib/python3.12/site-packages/airflow/example_dags/example_skip_dag.py took 0.067 seconds
[2025-01-20T19:21:09.600+0000] {processor.py:186} INFO - Started process (PID=1251) to work on /home/airflow/.local/lib/python3.12/site-packages/airflow/example_dags/example_skip_dag.py
[2025-01-20T19:21:09.601+0000] {processor.py:914} INFO - Processing file /home/airflow/.local/lib/python3.12/site-packages/airflow/example_dags/example_skip_dag.py for tasks to queue
[2025-01-20T19:21:09.603+0000] {logging_mixin.py:190} INFO - [2025-01-20T19:21:09.603+0000] {dagbag.py:588} INFO - Filling up the DagBag from /home/airflow/.local/lib/python3.12/site-packages/airflow/example_dags/example_skip_dag.py
[2025-01-20T19:21:09.611+0000] {processor.py:925} INFO - DAG(s) 'example_skip_dag' retrieved from /home/airflow/.local/lib/python3.12/site-packages/airflow/example_dags/example_skip_dag.py
[2025-01-20T19:21:09.633+0000] {logging_mixin.py:190} INFO - [2025-01-20T19:21:09.633+0000] {dag.py:3239} INFO - Sync 1 DAGs
[2025-01-20T19:21:09.657+0000] {logging_mixin.py:190} INFO - [2025-01-20T19:21:09.657+0000] {dag.py:4180} INFO - Setting next_dagrun for example_skip_dag to 2025-01-19 00:00:00+00:00, run_after=2025-01-20 00:00:00+00:00
[2025-01-20T19:21:09.672+0000] {processor.py:208} INFO - Processing /home/airflow/.local/lib/python3.12/site-packages/airflow/example_dags/example_skip_dag.py took 0.077 seconds
[2025-01-20T19:21:41.025+0000] {processor.py:186} INFO - Started process (PID=1314) to work on /home/airflow/.local/lib/python3.12/site-packages/airflow/example_dags/example_skip_dag.py
[2025-01-20T19:21:41.026+0000] {processor.py:914} INFO - Processing file /home/airflow/.local/lib/python3.12/site-packages/airflow/example_dags/example_skip_dag.py for tasks to queue
[2025-01-20T19:21:41.028+0000] {logging_mixin.py:190} INFO - [2025-01-20T19:21:41.027+0000] {dagbag.py:588} INFO - Filling up the DagBag from /home/airflow/.local/lib/python3.12/site-packages/airflow/example_dags/example_skip_dag.py
[2025-01-20T19:21:41.034+0000] {processor.py:925} INFO - DAG(s) 'example_skip_dag' retrieved from /home/airflow/.local/lib/python3.12/site-packages/airflow/example_dags/example_skip_dag.py
[2025-01-20T19:21:41.056+0000] {logging_mixin.py:190} INFO - [2025-01-20T19:21:41.055+0000] {dag.py:3239} INFO - Sync 1 DAGs
[2025-01-20T19:21:41.080+0000] {logging_mixin.py:190} INFO - [2025-01-20T19:21:41.080+0000] {dag.py:4180} INFO - Setting next_dagrun for example_skip_dag to 2025-01-19 00:00:00+00:00, run_after=2025-01-20 00:00:00+00:00
[2025-01-20T19:21:41.094+0000] {processor.py:208} INFO - Processing /home/airflow/.local/lib/python3.12/site-packages/airflow/example_dags/example_skip_dag.py took 0.073 seconds
[2025-01-20T19:22:12.253+0000] {processor.py:186} INFO - Started process (PID=1377) to work on /home/airflow/.local/lib/python3.12/site-packages/airflow/example_dags/example_skip_dag.py
[2025-01-20T19:22:12.254+0000] {processor.py:914} INFO - Processing file /home/airflow/.local/lib/python3.12/site-packages/airflow/example_dags/example_skip_dag.py for tasks to queue
[2025-01-20T19:22:12.256+0000] {logging_mixin.py:190} INFO - [2025-01-20T19:22:12.256+0000] {dagbag.py:588} INFO - Filling up the DagBag from /home/airflow/.local/lib/python3.12/site-packages/airflow/example_dags/example_skip_dag.py
[2025-01-20T19:22:12.263+0000] {processor.py:925} INFO - DAG(s) 'example_skip_dag' retrieved from /home/airflow/.local/lib/python3.12/site-packages/airflow/example_dags/example_skip_dag.py
[2025-01-20T19:22:12.279+0000] {logging_mixin.py:190} INFO - [2025-01-20T19:22:12.278+0000] {dag.py:3239} INFO - Sync 1 DAGs
[2025-01-20T19:22:12.295+0000] {logging_mixin.py:190} INFO - [2025-01-20T19:22:12.295+0000] {dag.py:4180} INFO - Setting next_dagrun for example_skip_dag to 2025-01-19 00:00:00+00:00, run_after=2025-01-20 00:00:00+00:00
[2025-01-20T19:22:12.310+0000] {processor.py:208} INFO - Processing /home/airflow/.local/lib/python3.12/site-packages/airflow/example_dags/example_skip_dag.py took 0.061 seconds
[2025-01-20T19:22:43.384+0000] {processor.py:186} INFO - Started process (PID=1446) to work on /home/airflow/.local/lib/python3.12/site-packages/airflow/example_dags/example_skip_dag.py
[2025-01-20T19:22:43.385+0000] {processor.py:914} INFO - Processing file /home/airflow/.local/lib/python3.12/site-packages/airflow/example_dags/example_skip_dag.py for tasks to queue
[2025-01-20T19:22:43.386+0000] {logging_mixin.py:190} INFO - [2025-01-20T19:22:43.386+0000] {dagbag.py:588} INFO - Filling up the DagBag from /home/airflow/.local/lib/python3.12/site-packages/airflow/example_dags/example_skip_dag.py
[2025-01-20T19:22:43.393+0000] {processor.py:925} INFO - DAG(s) 'example_skip_dag' retrieved from /home/airflow/.local/lib/python3.12/site-packages/airflow/example_dags/example_skip_dag.py
[2025-01-20T19:22:43.409+0000] {logging_mixin.py:190} INFO - [2025-01-20T19:22:43.409+0000] {dag.py:3239} INFO - Sync 1 DAGs
[2025-01-20T19:22:43.427+0000] {logging_mixin.py:190} INFO - [2025-01-20T19:22:43.427+0000] {dag.py:4180} INFO - Setting next_dagrun for example_skip_dag to 2025-01-19 00:00:00+00:00, run_after=2025-01-20 00:00:00+00:00
[2025-01-20T19:22:43.441+0000] {processor.py:208} INFO - Processing /home/airflow/.local/lib/python3.12/site-packages/airflow/example_dags/example_skip_dag.py took 0.061 seconds
[2025-01-20T19:23:14.545+0000] {processor.py:186} INFO - Started process (PID=1509) to work on /home/airflow/.local/lib/python3.12/site-packages/airflow/example_dags/example_skip_dag.py
[2025-01-20T19:23:14.546+0000] {processor.py:914} INFO - Processing file /home/airflow/.local/lib/python3.12/site-packages/airflow/example_dags/example_skip_dag.py for tasks to queue
[2025-01-20T19:23:14.548+0000] {logging_mixin.py:190} INFO - [2025-01-20T19:23:14.547+0000] {dagbag.py:588} INFO - Filling up the DagBag from /home/airflow/.local/lib/python3.12/site-packages/airflow/example_dags/example_skip_dag.py
[2025-01-20T19:23:14.555+0000] {processor.py:925} INFO - DAG(s) 'example_skip_dag' retrieved from /home/airflow/.local/lib/python3.12/site-packages/airflow/example_dags/example_skip_dag.py
[2025-01-20T19:23:14.572+0000] {logging_mixin.py:190} INFO - [2025-01-20T19:23:14.571+0000] {dag.py:3239} INFO - Sync 1 DAGs
[2025-01-20T19:23:14.589+0000] {logging_mixin.py:190} INFO - [2025-01-20T19:23:14.589+0000] {dag.py:4180} INFO - Setting next_dagrun for example_skip_dag to 2025-01-19 00:00:00+00:00, run_after=2025-01-20 00:00:00+00:00
[2025-01-20T19:23:14.602+0000] {processor.py:208} INFO - Processing /home/airflow/.local/lib/python3.12/site-packages/airflow/example_dags/example_skip_dag.py took 0.062 seconds
[2025-01-20T19:23:45.690+0000] {processor.py:186} INFO - Started process (PID=1572) to work on /home/airflow/.local/lib/python3.12/site-packages/airflow/example_dags/example_skip_dag.py
[2025-01-20T19:23:45.690+0000] {processor.py:914} INFO - Processing file /home/airflow/.local/lib/python3.12/site-packages/airflow/example_dags/example_skip_dag.py for tasks to queue
[2025-01-20T19:23:45.692+0000] {logging_mixin.py:190} INFO - [2025-01-20T19:23:45.692+0000] {dagbag.py:588} INFO - Filling up the DagBag from /home/airflow/.local/lib/python3.12/site-packages/airflow/example_dags/example_skip_dag.py
[2025-01-20T19:23:45.700+0000] {processor.py:925} INFO - DAG(s) 'example_skip_dag' retrieved from /home/airflow/.local/lib/python3.12/site-packages/airflow/example_dags/example_skip_dag.py
[2025-01-20T19:23:45.721+0000] {logging_mixin.py:190} INFO - [2025-01-20T19:23:45.721+0000] {dag.py:3239} INFO - Sync 1 DAGs
[2025-01-20T19:23:45.745+0000] {logging_mixin.py:190} INFO - [2025-01-20T19:23:45.745+0000] {dag.py:4180} INFO - Setting next_dagrun for example_skip_dag to 2025-01-19 00:00:00+00:00, run_after=2025-01-20 00:00:00+00:00
[2025-01-20T19:23:45.758+0000] {processor.py:208} INFO - Processing /home/airflow/.local/lib/python3.12/site-packages/airflow/example_dags/example_skip_dag.py took 0.072 seconds
