[2025-01-20T19:11:46.249+0000] {processor.py:186} INFO - Started process (PID=89) to work on /home/airflow/.local/lib/python3.12/site-packages/airflow/example_dags/example_branch_operator.py
[2025-01-20T19:11:46.250+0000] {processor.py:914} INFO - Processing file /home/airflow/.local/lib/python3.12/site-packages/airflow/example_dags/example_branch_operator.py for tasks to queue
[2025-01-20T19:11:46.252+0000] {logging_mixin.py:190} INFO - [2025-01-20T19:11:46.251+0000] {dagbag.py:588} INFO - Filling up the DagBag from /home/airflow/.local/lib/python3.12/site-packages/airflow/example_dags/example_branch_operator.py
[2025-01-20T19:11:46.290+0000] {processor.py:925} INFO - DAG(s) 'example_branch_operator' retrieved from /home/airflow/.local/lib/python3.12/site-packages/airflow/example_dags/example_branch_operator.py
[2025-01-20T19:11:46.426+0000] {logging_mixin.py:190} INFO - [2025-01-20T19:11:46.426+0000] {override.py:1911} INFO - Created Permission View: can edit on DAG:example_branch_operator
[2025-01-20T19:11:46.436+0000] {logging_mixin.py:190} INFO - [2025-01-20T19:11:46.435+0000] {override.py:1911} INFO - Created Permission View: can delete on DAG:example_branch_operator
[2025-01-20T19:11:46.442+0000] {logging_mixin.py:190} INFO - [2025-01-20T19:11:46.442+0000] {override.py:1911} INFO - Created Permission View: can read on DAG:example_branch_operator
[2025-01-20T19:11:46.448+0000] {logging_mixin.py:190} INFO - [2025-01-20T19:11:46.447+0000] {override.py:1911} INFO - Created Permission View: can create on DAG Run:example_branch_operator
[2025-01-20T19:11:46.453+0000] {logging_mixin.py:190} INFO - [2025-01-20T19:11:46.452+0000] {override.py:1911} INFO - Created Permission View: can delete on DAG Run:example_branch_operator
[2025-01-20T19:11:46.458+0000] {logging_mixin.py:190} INFO - [2025-01-20T19:11:46.458+0000] {override.py:1911} INFO - Created Permission View: menu access on DAG Run:example_branch_operator
[2025-01-20T19:11:46.463+0000] {logging_mixin.py:190} INFO - [2025-01-20T19:11:46.463+0000] {override.py:1911} INFO - Created Permission View: can read on DAG Run:example_branch_operator
[2025-01-20T19:11:46.463+0000] {logging_mixin.py:190} INFO - [2025-01-20T19:11:46.463+0000] {dag.py:3239} INFO - Sync 1 DAGs
[2025-01-20T19:11:46.476+0000] {logging_mixin.py:190} INFO - [2025-01-20T19:11:46.475+0000] {dag.py:3262} INFO - Creating ORM DAG for example_branch_operator
[2025-01-20T19:11:46.486+0000] {logging_mixin.py:190} INFO - [2025-01-20T19:11:46.486+0000] {dag.py:4180} INFO - Setting next_dagrun for example_branch_operator to 2025-01-19 00:00:00+00:00, run_after=2025-01-20 00:00:00+00:00
[2025-01-20T19:11:46.506+0000] {processor.py:208} INFO - Processing /home/airflow/.local/lib/python3.12/site-packages/airflow/example_dags/example_branch_operator.py took 0.263 seconds
[2025-01-20T19:12:16.765+0000] {processor.py:186} INFO - Started process (PID=151) to work on /home/airflow/.local/lib/python3.12/site-packages/airflow/example_dags/example_branch_operator.py
[2025-01-20T19:12:16.766+0000] {processor.py:914} INFO - Processing file /home/airflow/.local/lib/python3.12/site-packages/airflow/example_dags/example_branch_operator.py for tasks to queue
[2025-01-20T19:12:16.768+0000] {logging_mixin.py:190} INFO - [2025-01-20T19:12:16.768+0000] {dagbag.py:588} INFO - Filling up the DagBag from /home/airflow/.local/lib/python3.12/site-packages/airflow/example_dags/example_branch_operator.py
[2025-01-20T19:12:16.788+0000] {processor.py:925} INFO - DAG(s) 'example_branch_operator' retrieved from /home/airflow/.local/lib/python3.12/site-packages/airflow/example_dags/example_branch_operator.py
[2025-01-20T19:12:16.819+0000] {logging_mixin.py:190} INFO - [2025-01-20T19:12:16.819+0000] {dag.py:3239} INFO - Sync 1 DAGs
[2025-01-20T19:12:16.846+0000] {logging_mixin.py:190} INFO - [2025-01-20T19:12:16.845+0000] {dag.py:4180} INFO - Setting next_dagrun for example_branch_operator to 2025-01-19 00:00:00+00:00, run_after=2025-01-20 00:00:00+00:00
[2025-01-20T19:12:16.862+0000] {processor.py:208} INFO - Processing /home/airflow/.local/lib/python3.12/site-packages/airflow/example_dags/example_branch_operator.py took 0.103 seconds
[2025-01-20T19:12:47.641+0000] {processor.py:186} INFO - Started process (PID=215) to work on /home/airflow/.local/lib/python3.12/site-packages/airflow/example_dags/example_branch_operator.py
[2025-01-20T19:12:47.642+0000] {processor.py:914} INFO - Processing file /home/airflow/.local/lib/python3.12/site-packages/airflow/example_dags/example_branch_operator.py for tasks to queue
[2025-01-20T19:12:47.643+0000] {logging_mixin.py:190} INFO - [2025-01-20T19:12:47.643+0000] {dagbag.py:588} INFO - Filling up the DagBag from /home/airflow/.local/lib/python3.12/site-packages/airflow/example_dags/example_branch_operator.py
[2025-01-20T19:12:47.657+0000] {processor.py:925} INFO - DAG(s) 'example_branch_operator' retrieved from /home/airflow/.local/lib/python3.12/site-packages/airflow/example_dags/example_branch_operator.py
[2025-01-20T19:12:47.678+0000] {logging_mixin.py:190} INFO - [2025-01-20T19:12:47.678+0000] {dag.py:3239} INFO - Sync 1 DAGs
[2025-01-20T19:12:47.695+0000] {logging_mixin.py:190} INFO - [2025-01-20T19:12:47.695+0000] {dag.py:4180} INFO - Setting next_dagrun for example_branch_operator to 2025-01-19 00:00:00+00:00, run_after=2025-01-20 00:00:00+00:00
[2025-01-20T19:12:47.707+0000] {processor.py:208} INFO - Processing /home/airflow/.local/lib/python3.12/site-packages/airflow/example_dags/example_branch_operator.py took 0.070 seconds
[2025-01-20T19:13:18.344+0000] {processor.py:186} INFO - Started process (PID=278) to work on /home/airflow/.local/lib/python3.12/site-packages/airflow/example_dags/example_branch_operator.py
[2025-01-20T19:13:18.345+0000] {processor.py:914} INFO - Processing file /home/airflow/.local/lib/python3.12/site-packages/airflow/example_dags/example_branch_operator.py for tasks to queue
[2025-01-20T19:13:18.347+0000] {logging_mixin.py:190} INFO - [2025-01-20T19:13:18.347+0000] {dagbag.py:588} INFO - Filling up the DagBag from /home/airflow/.local/lib/python3.12/site-packages/airflow/example_dags/example_branch_operator.py
[2025-01-20T19:13:18.368+0000] {processor.py:925} INFO - DAG(s) 'example_branch_operator' retrieved from /home/airflow/.local/lib/python3.12/site-packages/airflow/example_dags/example_branch_operator.py
[2025-01-20T19:13:18.400+0000] {logging_mixin.py:190} INFO - [2025-01-20T19:13:18.400+0000] {dag.py:3239} INFO - Sync 1 DAGs
[2025-01-20T19:13:18.426+0000] {logging_mixin.py:190} INFO - [2025-01-20T19:13:18.426+0000] {dag.py:4180} INFO - Setting next_dagrun for example_branch_operator to 2025-01-19 00:00:00+00:00, run_after=2025-01-20 00:00:00+00:00
[2025-01-20T19:13:18.443+0000] {processor.py:208} INFO - Processing /home/airflow/.local/lib/python3.12/site-packages/airflow/example_dags/example_branch_operator.py took 0.105 seconds
[2025-01-20T19:13:48.915+0000] {processor.py:186} INFO - Started process (PID=340) to work on /home/airflow/.local/lib/python3.12/site-packages/airflow/example_dags/example_branch_operator.py
[2025-01-20T19:13:48.915+0000] {processor.py:914} INFO - Processing file /home/airflow/.local/lib/python3.12/site-packages/airflow/example_dags/example_branch_operator.py for tasks to queue
[2025-01-20T19:13:48.917+0000] {logging_mixin.py:190} INFO - [2025-01-20T19:13:48.917+0000] {dagbag.py:588} INFO - Filling up the DagBag from /home/airflow/.local/lib/python3.12/site-packages/airflow/example_dags/example_branch_operator.py
[2025-01-20T19:13:48.930+0000] {processor.py:925} INFO - DAG(s) 'example_branch_operator' retrieved from /home/airflow/.local/lib/python3.12/site-packages/airflow/example_dags/example_branch_operator.py
[2025-01-20T19:13:48.956+0000] {logging_mixin.py:190} INFO - [2025-01-20T19:13:48.956+0000] {dag.py:3239} INFO - Sync 1 DAGs
[2025-01-20T19:13:48.979+0000] {logging_mixin.py:190} INFO - [2025-01-20T19:13:48.979+0000] {dag.py:4180} INFO - Setting next_dagrun for example_branch_operator to 2025-01-19 00:00:00+00:00, run_after=2025-01-20 00:00:00+00:00
[2025-01-20T19:13:48.995+0000] {processor.py:208} INFO - Processing /home/airflow/.local/lib/python3.12/site-packages/airflow/example_dags/example_branch_operator.py took 0.085 seconds
[2025-01-20T19:14:19.699+0000] {processor.py:186} INFO - Started process (PID=403) to work on /home/airflow/.local/lib/python3.12/site-packages/airflow/example_dags/example_branch_operator.py
[2025-01-20T19:14:19.700+0000] {processor.py:914} INFO - Processing file /home/airflow/.local/lib/python3.12/site-packages/airflow/example_dags/example_branch_operator.py for tasks to queue
[2025-01-20T19:14:19.701+0000] {logging_mixin.py:190} INFO - [2025-01-20T19:14:19.701+0000] {dagbag.py:588} INFO - Filling up the DagBag from /home/airflow/.local/lib/python3.12/site-packages/airflow/example_dags/example_branch_operator.py
[2025-01-20T19:14:19.715+0000] {processor.py:925} INFO - DAG(s) 'example_branch_operator' retrieved from /home/airflow/.local/lib/python3.12/site-packages/airflow/example_dags/example_branch_operator.py
[2025-01-20T19:14:19.738+0000] {logging_mixin.py:190} INFO - [2025-01-20T19:14:19.738+0000] {dag.py:3239} INFO - Sync 1 DAGs
[2025-01-20T19:14:19.757+0000] {logging_mixin.py:190} INFO - [2025-01-20T19:14:19.757+0000] {dag.py:4180} INFO - Setting next_dagrun for example_branch_operator to 2025-01-19 00:00:00+00:00, run_after=2025-01-20 00:00:00+00:00
[2025-01-20T19:14:19.770+0000] {processor.py:208} INFO - Processing /home/airflow/.local/lib/python3.12/site-packages/airflow/example_dags/example_branch_operator.py took 0.075 seconds
[2025-01-20T19:14:51.262+0000] {processor.py:186} INFO - Started process (PID=466) to work on /home/airflow/.local/lib/python3.12/site-packages/airflow/example_dags/example_branch_operator.py
[2025-01-20T19:14:51.263+0000] {processor.py:914} INFO - Processing file /home/airflow/.local/lib/python3.12/site-packages/airflow/example_dags/example_branch_operator.py for tasks to queue
[2025-01-20T19:14:51.264+0000] {logging_mixin.py:190} INFO - [2025-01-20T19:14:51.264+0000] {dagbag.py:588} INFO - Filling up the DagBag from /home/airflow/.local/lib/python3.12/site-packages/airflow/example_dags/example_branch_operator.py
[2025-01-20T19:14:51.278+0000] {processor.py:925} INFO - DAG(s) 'example_branch_operator' retrieved from /home/airflow/.local/lib/python3.12/site-packages/airflow/example_dags/example_branch_operator.py
[2025-01-20T19:14:51.308+0000] {logging_mixin.py:190} INFO - [2025-01-20T19:14:51.307+0000] {dag.py:3239} INFO - Sync 1 DAGs
[2025-01-20T19:14:51.332+0000] {logging_mixin.py:190} INFO - [2025-01-20T19:14:51.332+0000] {dag.py:4180} INFO - Setting next_dagrun for example_branch_operator to 2025-01-19 00:00:00+00:00, run_after=2025-01-20 00:00:00+00:00
[2025-01-20T19:14:51.345+0000] {processor.py:208} INFO - Processing /home/airflow/.local/lib/python3.12/site-packages/airflow/example_dags/example_branch_operator.py took 0.087 seconds
[2025-01-20T19:15:22.485+0000] {processor.py:186} INFO - Started process (PID=530) to work on /home/airflow/.local/lib/python3.12/site-packages/airflow/example_dags/example_branch_operator.py
[2025-01-20T19:15:22.486+0000] {processor.py:914} INFO - Processing file /home/airflow/.local/lib/python3.12/site-packages/airflow/example_dags/example_branch_operator.py for tasks to queue
[2025-01-20T19:15:22.487+0000] {logging_mixin.py:190} INFO - [2025-01-20T19:15:22.487+0000] {dagbag.py:588} INFO - Filling up the DagBag from /home/airflow/.local/lib/python3.12/site-packages/airflow/example_dags/example_branch_operator.py
[2025-01-20T19:15:22.501+0000] {processor.py:925} INFO - DAG(s) 'example_branch_operator' retrieved from /home/airflow/.local/lib/python3.12/site-packages/airflow/example_dags/example_branch_operator.py
[2025-01-20T19:15:22.532+0000] {logging_mixin.py:190} INFO - [2025-01-20T19:15:22.532+0000] {dag.py:3239} INFO - Sync 1 DAGs
[2025-01-20T19:15:22.556+0000] {logging_mixin.py:190} INFO - [2025-01-20T19:15:22.556+0000] {dag.py:4180} INFO - Setting next_dagrun for example_branch_operator to 2025-01-19 00:00:00+00:00, run_after=2025-01-20 00:00:00+00:00
[2025-01-20T19:15:22.570+0000] {processor.py:208} INFO - Processing /home/airflow/.local/lib/python3.12/site-packages/airflow/example_dags/example_branch_operator.py took 0.089 seconds
[2025-01-20T19:15:53.556+0000] {processor.py:186} INFO - Started process (PID=593) to work on /home/airflow/.local/lib/python3.12/site-packages/airflow/example_dags/example_branch_operator.py
[2025-01-20T19:15:53.557+0000] {processor.py:914} INFO - Processing file /home/airflow/.local/lib/python3.12/site-packages/airflow/example_dags/example_branch_operator.py for tasks to queue
[2025-01-20T19:15:53.559+0000] {logging_mixin.py:190} INFO - [2025-01-20T19:15:53.558+0000] {dagbag.py:588} INFO - Filling up the DagBag from /home/airflow/.local/lib/python3.12/site-packages/airflow/example_dags/example_branch_operator.py
[2025-01-20T19:15:53.572+0000] {processor.py:925} INFO - DAG(s) 'example_branch_operator' retrieved from /home/airflow/.local/lib/python3.12/site-packages/airflow/example_dags/example_branch_operator.py
[2025-01-20T19:15:53.594+0000] {logging_mixin.py:190} INFO - [2025-01-20T19:15:53.594+0000] {dag.py:3239} INFO - Sync 1 DAGs
[2025-01-20T19:15:53.613+0000] {logging_mixin.py:190} INFO - [2025-01-20T19:15:53.612+0000] {dag.py:4180} INFO - Setting next_dagrun for example_branch_operator to 2025-01-19 00:00:00+00:00, run_after=2025-01-20 00:00:00+00:00
[2025-01-20T19:15:53.626+0000] {processor.py:208} INFO - Processing /home/airflow/.local/lib/python3.12/site-packages/airflow/example_dags/example_branch_operator.py took 0.074 seconds
[2025-01-20T19:16:24.346+0000] {processor.py:186} INFO - Started process (PID=657) to work on /home/airflow/.local/lib/python3.12/site-packages/airflow/example_dags/example_branch_operator.py
[2025-01-20T19:16:24.347+0000] {processor.py:914} INFO - Processing file /home/airflow/.local/lib/python3.12/site-packages/airflow/example_dags/example_branch_operator.py for tasks to queue
[2025-01-20T19:16:24.349+0000] {logging_mixin.py:190} INFO - [2025-01-20T19:16:24.349+0000] {dagbag.py:588} INFO - Filling up the DagBag from /home/airflow/.local/lib/python3.12/site-packages/airflow/example_dags/example_branch_operator.py
[2025-01-20T19:16:24.365+0000] {processor.py:925} INFO - DAG(s) 'example_branch_operator' retrieved from /home/airflow/.local/lib/python3.12/site-packages/airflow/example_dags/example_branch_operator.py
[2025-01-20T19:16:24.386+0000] {logging_mixin.py:190} INFO - [2025-01-20T19:16:24.386+0000] {dag.py:3239} INFO - Sync 1 DAGs
[2025-01-20T19:16:24.410+0000] {logging_mixin.py:190} INFO - [2025-01-20T19:16:24.410+0000] {dag.py:4180} INFO - Setting next_dagrun for example_branch_operator to 2025-01-19 00:00:00+00:00, run_after=2025-01-20 00:00:00+00:00
[2025-01-20T19:16:24.424+0000] {processor.py:208} INFO - Processing /home/airflow/.local/lib/python3.12/site-packages/airflow/example_dags/example_branch_operator.py took 0.084 seconds
[2025-01-20T19:16:55.519+0000] {processor.py:186} INFO - Started process (PID=720) to work on /home/airflow/.local/lib/python3.12/site-packages/airflow/example_dags/example_branch_operator.py
[2025-01-20T19:16:55.520+0000] {processor.py:914} INFO - Processing file /home/airflow/.local/lib/python3.12/site-packages/airflow/example_dags/example_branch_operator.py for tasks to queue
[2025-01-20T19:16:55.521+0000] {logging_mixin.py:190} INFO - [2025-01-20T19:16:55.521+0000] {dagbag.py:588} INFO - Filling up the DagBag from /home/airflow/.local/lib/python3.12/site-packages/airflow/example_dags/example_branch_operator.py
[2025-01-20T19:16:55.536+0000] {processor.py:925} INFO - DAG(s) 'example_branch_operator' retrieved from /home/airflow/.local/lib/python3.12/site-packages/airflow/example_dags/example_branch_operator.py
[2025-01-20T19:16:55.559+0000] {logging_mixin.py:190} INFO - [2025-01-20T19:16:55.559+0000] {dag.py:3239} INFO - Sync 1 DAGs
[2025-01-20T19:16:55.578+0000] {logging_mixin.py:190} INFO - [2025-01-20T19:16:55.578+0000] {dag.py:4180} INFO - Setting next_dagrun for example_branch_operator to 2025-01-19 00:00:00+00:00, run_after=2025-01-20 00:00:00+00:00
[2025-01-20T19:16:55.593+0000] {processor.py:208} INFO - Processing /home/airflow/.local/lib/python3.12/site-packages/airflow/example_dags/example_branch_operator.py took 0.078 seconds
[2025-01-20T19:17:26.702+0000] {processor.py:186} INFO - Started process (PID=783) to work on /home/airflow/.local/lib/python3.12/site-packages/airflow/example_dags/example_branch_operator.py
[2025-01-20T19:17:26.703+0000] {processor.py:914} INFO - Processing file /home/airflow/.local/lib/python3.12/site-packages/airflow/example_dags/example_branch_operator.py for tasks to queue
[2025-01-20T19:17:26.704+0000] {logging_mixin.py:190} INFO - [2025-01-20T19:17:26.704+0000] {dagbag.py:588} INFO - Filling up the DagBag from /home/airflow/.local/lib/python3.12/site-packages/airflow/example_dags/example_branch_operator.py
[2025-01-20T19:17:26.724+0000] {processor.py:925} INFO - DAG(s) 'example_branch_operator' retrieved from /home/airflow/.local/lib/python3.12/site-packages/airflow/example_dags/example_branch_operator.py
[2025-01-20T19:17:26.754+0000] {logging_mixin.py:190} INFO - [2025-01-20T19:17:26.753+0000] {dag.py:3239} INFO - Sync 1 DAGs
[2025-01-20T19:17:26.774+0000] {logging_mixin.py:190} INFO - [2025-01-20T19:17:26.774+0000] {dag.py:4180} INFO - Setting next_dagrun for example_branch_operator to 2025-01-19 00:00:00+00:00, run_after=2025-01-20 00:00:00+00:00
[2025-01-20T19:17:26.787+0000] {processor.py:208} INFO - Processing /home/airflow/.local/lib/python3.12/site-packages/airflow/example_dags/example_branch_operator.py took 0.089 seconds
[2025-01-20T19:17:57.891+0000] {processor.py:186} INFO - Started process (PID=846) to work on /home/airflow/.local/lib/python3.12/site-packages/airflow/example_dags/example_branch_operator.py
[2025-01-20T19:17:57.891+0000] {processor.py:914} INFO - Processing file /home/airflow/.local/lib/python3.12/site-packages/airflow/example_dags/example_branch_operator.py for tasks to queue
[2025-01-20T19:17:57.893+0000] {logging_mixin.py:190} INFO - [2025-01-20T19:17:57.893+0000] {dagbag.py:588} INFO - Filling up the DagBag from /home/airflow/.local/lib/python3.12/site-packages/airflow/example_dags/example_branch_operator.py
[2025-01-20T19:17:57.907+0000] {processor.py:925} INFO - DAG(s) 'example_branch_operator' retrieved from /home/airflow/.local/lib/python3.12/site-packages/airflow/example_dags/example_branch_operator.py
[2025-01-20T19:17:57.937+0000] {logging_mixin.py:190} INFO - [2025-01-20T19:17:57.937+0000] {dag.py:3239} INFO - Sync 1 DAGs
[2025-01-20T19:17:57.957+0000] {logging_mixin.py:190} INFO - [2025-01-20T19:17:57.957+0000] {dag.py:4180} INFO - Setting next_dagrun for example_branch_operator to 2025-01-19 00:00:00+00:00, run_after=2025-01-20 00:00:00+00:00
[2025-01-20T19:17:57.969+0000] {processor.py:208} INFO - Processing /home/airflow/.local/lib/python3.12/site-packages/airflow/example_dags/example_branch_operator.py took 0.083 seconds
[2025-01-20T19:18:28.979+0000] {processor.py:186} INFO - Started process (PID=909) to work on /home/airflow/.local/lib/python3.12/site-packages/airflow/example_dags/example_branch_operator.py
[2025-01-20T19:18:28.980+0000] {processor.py:914} INFO - Processing file /home/airflow/.local/lib/python3.12/site-packages/airflow/example_dags/example_branch_operator.py for tasks to queue
[2025-01-20T19:18:28.981+0000] {logging_mixin.py:190} INFO - [2025-01-20T19:18:28.981+0000] {dagbag.py:588} INFO - Filling up the DagBag from /home/airflow/.local/lib/python3.12/site-packages/airflow/example_dags/example_branch_operator.py
[2025-01-20T19:18:28.997+0000] {processor.py:925} INFO - DAG(s) 'example_branch_operator' retrieved from /home/airflow/.local/lib/python3.12/site-packages/airflow/example_dags/example_branch_operator.py
[2025-01-20T19:18:29.018+0000] {logging_mixin.py:190} INFO - [2025-01-20T19:18:29.018+0000] {dag.py:3239} INFO - Sync 1 DAGs
[2025-01-20T19:18:29.036+0000] {logging_mixin.py:190} INFO - [2025-01-20T19:18:29.036+0000] {dag.py:4180} INFO - Setting next_dagrun for example_branch_operator to 2025-01-19 00:00:00+00:00, run_after=2025-01-20 00:00:00+00:00
[2025-01-20T19:18:29.048+0000] {processor.py:208} INFO - Processing /home/airflow/.local/lib/python3.12/site-packages/airflow/example_dags/example_branch_operator.py took 0.074 seconds
[2025-01-20T19:18:59.909+0000] {processor.py:186} INFO - Started process (PID=972) to work on /home/airflow/.local/lib/python3.12/site-packages/airflow/example_dags/example_branch_operator.py
[2025-01-20T19:18:59.910+0000] {processor.py:914} INFO - Processing file /home/airflow/.local/lib/python3.12/site-packages/airflow/example_dags/example_branch_operator.py for tasks to queue
[2025-01-20T19:18:59.911+0000] {logging_mixin.py:190} INFO - [2025-01-20T19:18:59.911+0000] {dagbag.py:588} INFO - Filling up the DagBag from /home/airflow/.local/lib/python3.12/site-packages/airflow/example_dags/example_branch_operator.py
[2025-01-20T19:18:59.925+0000] {processor.py:925} INFO - DAG(s) 'example_branch_operator' retrieved from /home/airflow/.local/lib/python3.12/site-packages/airflow/example_dags/example_branch_operator.py
[2025-01-20T19:18:59.947+0000] {logging_mixin.py:190} INFO - [2025-01-20T19:18:59.946+0000] {dag.py:3239} INFO - Sync 1 DAGs
[2025-01-20T19:18:59.966+0000] {logging_mixin.py:190} INFO - [2025-01-20T19:18:59.965+0000] {dag.py:4180} INFO - Setting next_dagrun for example_branch_operator to 2025-01-19 00:00:00+00:00, run_after=2025-01-20 00:00:00+00:00
[2025-01-20T19:18:59.978+0000] {processor.py:208} INFO - Processing /home/airflow/.local/lib/python3.12/site-packages/airflow/example_dags/example_branch_operator.py took 0.073 seconds
[2025-01-20T19:19:31.127+0000] {processor.py:186} INFO - Started process (PID=1035) to work on /home/airflow/.local/lib/python3.12/site-packages/airflow/example_dags/example_branch_operator.py
[2025-01-20T19:19:31.128+0000] {processor.py:914} INFO - Processing file /home/airflow/.local/lib/python3.12/site-packages/airflow/example_dags/example_branch_operator.py for tasks to queue
[2025-01-20T19:19:31.130+0000] {logging_mixin.py:190} INFO - [2025-01-20T19:19:31.129+0000] {dagbag.py:588} INFO - Filling up the DagBag from /home/airflow/.local/lib/python3.12/site-packages/airflow/example_dags/example_branch_operator.py
[2025-01-20T19:19:31.148+0000] {processor.py:925} INFO - DAG(s) 'example_branch_operator' retrieved from /home/airflow/.local/lib/python3.12/site-packages/airflow/example_dags/example_branch_operator.py
[2025-01-20T19:19:31.176+0000] {logging_mixin.py:190} INFO - [2025-01-20T19:19:31.176+0000] {dag.py:3239} INFO - Sync 1 DAGs
[2025-01-20T19:19:31.198+0000] {logging_mixin.py:190} INFO - [2025-01-20T19:19:31.198+0000] {dag.py:4180} INFO - Setting next_dagrun for example_branch_operator to 2025-01-19 00:00:00+00:00, run_after=2025-01-20 00:00:00+00:00
[2025-01-20T19:19:31.212+0000] {processor.py:208} INFO - Processing /home/airflow/.local/lib/python3.12/site-packages/airflow/example_dags/example_branch_operator.py took 0.089 seconds
[2025-01-20T19:20:02.115+0000] {processor.py:186} INFO - Started process (PID=1098) to work on /home/airflow/.local/lib/python3.12/site-packages/airflow/example_dags/example_branch_operator.py
[2025-01-20T19:20:02.115+0000] {processor.py:914} INFO - Processing file /home/airflow/.local/lib/python3.12/site-packages/airflow/example_dags/example_branch_operator.py for tasks to queue
[2025-01-20T19:20:02.118+0000] {logging_mixin.py:190} INFO - [2025-01-20T19:20:02.117+0000] {dagbag.py:588} INFO - Filling up the DagBag from /home/airflow/.local/lib/python3.12/site-packages/airflow/example_dags/example_branch_operator.py
[2025-01-20T19:20:02.132+0000] {processor.py:925} INFO - DAG(s) 'example_branch_operator' retrieved from /home/airflow/.local/lib/python3.12/site-packages/airflow/example_dags/example_branch_operator.py
[2025-01-20T19:20:02.165+0000] {logging_mixin.py:190} INFO - [2025-01-20T19:20:02.164+0000] {dag.py:3239} INFO - Sync 1 DAGs
[2025-01-20T19:20:02.187+0000] {logging_mixin.py:190} INFO - [2025-01-20T19:20:02.187+0000] {dag.py:4180} INFO - Setting next_dagrun for example_branch_operator to 2025-01-19 00:00:00+00:00, run_after=2025-01-20 00:00:00+00:00
[2025-01-20T19:20:02.199+0000] {processor.py:208} INFO - Processing /home/airflow/.local/lib/python3.12/site-packages/airflow/example_dags/example_branch_operator.py took 0.089 seconds
[2025-01-20T19:20:33.156+0000] {processor.py:186} INFO - Started process (PID=1161) to work on /home/airflow/.local/lib/python3.12/site-packages/airflow/example_dags/example_branch_operator.py
[2025-01-20T19:20:33.157+0000] {processor.py:914} INFO - Processing file /home/airflow/.local/lib/python3.12/site-packages/airflow/example_dags/example_branch_operator.py for tasks to queue
[2025-01-20T19:20:33.158+0000] {logging_mixin.py:190} INFO - [2025-01-20T19:20:33.158+0000] {dagbag.py:588} INFO - Filling up the DagBag from /home/airflow/.local/lib/python3.12/site-packages/airflow/example_dags/example_branch_operator.py
[2025-01-20T19:20:33.176+0000] {processor.py:925} INFO - DAG(s) 'example_branch_operator' retrieved from /home/airflow/.local/lib/python3.12/site-packages/airflow/example_dags/example_branch_operator.py
[2025-01-20T19:20:33.209+0000] {logging_mixin.py:190} INFO - [2025-01-20T19:20:33.209+0000] {dag.py:3239} INFO - Sync 1 DAGs
[2025-01-20T19:20:33.237+0000] {logging_mixin.py:190} INFO - [2025-01-20T19:20:33.236+0000] {dag.py:4180} INFO - Setting next_dagrun for example_branch_operator to 2025-01-19 00:00:00+00:00, run_after=2025-01-20 00:00:00+00:00
[2025-01-20T19:20:33.254+0000] {processor.py:208} INFO - Processing /home/airflow/.local/lib/python3.12/site-packages/airflow/example_dags/example_branch_operator.py took 0.102 seconds
[2025-01-20T19:21:04.515+0000] {processor.py:186} INFO - Started process (PID=1224) to work on /home/airflow/.local/lib/python3.12/site-packages/airflow/example_dags/example_branch_operator.py
[2025-01-20T19:21:04.515+0000] {processor.py:914} INFO - Processing file /home/airflow/.local/lib/python3.12/site-packages/airflow/example_dags/example_branch_operator.py for tasks to queue
[2025-01-20T19:21:04.517+0000] {logging_mixin.py:190} INFO - [2025-01-20T19:21:04.517+0000] {dagbag.py:588} INFO - Filling up the DagBag from /home/airflow/.local/lib/python3.12/site-packages/airflow/example_dags/example_branch_operator.py
[2025-01-20T19:21:04.531+0000] {processor.py:925} INFO - DAG(s) 'example_branch_operator' retrieved from /home/airflow/.local/lib/python3.12/site-packages/airflow/example_dags/example_branch_operator.py
[2025-01-20T19:21:04.556+0000] {logging_mixin.py:190} INFO - [2025-01-20T19:21:04.556+0000] {dag.py:3239} INFO - Sync 1 DAGs
[2025-01-20T19:21:04.580+0000] {logging_mixin.py:190} INFO - [2025-01-20T19:21:04.580+0000] {dag.py:4180} INFO - Setting next_dagrun for example_branch_operator to 2025-01-19 00:00:00+00:00, run_after=2025-01-20 00:00:00+00:00
[2025-01-20T19:21:04.595+0000] {processor.py:208} INFO - Processing /home/airflow/.local/lib/python3.12/site-packages/airflow/example_dags/example_branch_operator.py took 0.085 seconds
[2025-01-20T19:21:35.847+0000] {processor.py:186} INFO - Started process (PID=1287) to work on /home/airflow/.local/lib/python3.12/site-packages/airflow/example_dags/example_branch_operator.py
[2025-01-20T19:21:35.847+0000] {processor.py:914} INFO - Processing file /home/airflow/.local/lib/python3.12/site-packages/airflow/example_dags/example_branch_operator.py for tasks to queue
[2025-01-20T19:21:35.849+0000] {logging_mixin.py:190} INFO - [2025-01-20T19:21:35.849+0000] {dagbag.py:588} INFO - Filling up the DagBag from /home/airflow/.local/lib/python3.12/site-packages/airflow/example_dags/example_branch_operator.py
[2025-01-20T19:21:35.863+0000] {processor.py:925} INFO - DAG(s) 'example_branch_operator' retrieved from /home/airflow/.local/lib/python3.12/site-packages/airflow/example_dags/example_branch_operator.py
[2025-01-20T19:21:35.884+0000] {logging_mixin.py:190} INFO - [2025-01-20T19:21:35.884+0000] {dag.py:3239} INFO - Sync 1 DAGs
[2025-01-20T19:21:35.902+0000] {logging_mixin.py:190} INFO - [2025-01-20T19:21:35.902+0000] {dag.py:4180} INFO - Setting next_dagrun for example_branch_operator to 2025-01-19 00:00:00+00:00, run_after=2025-01-20 00:00:00+00:00
[2025-01-20T19:21:35.913+0000] {processor.py:208} INFO - Processing /home/airflow/.local/lib/python3.12/site-packages/airflow/example_dags/example_branch_operator.py took 0.071 seconds
[2025-01-20T19:22:07.118+0000] {processor.py:186} INFO - Started process (PID=1350) to work on /home/airflow/.local/lib/python3.12/site-packages/airflow/example_dags/example_branch_operator.py
[2025-01-20T19:22:07.119+0000] {processor.py:914} INFO - Processing file /home/airflow/.local/lib/python3.12/site-packages/airflow/example_dags/example_branch_operator.py for tasks to queue
[2025-01-20T19:22:07.121+0000] {logging_mixin.py:190} INFO - [2025-01-20T19:22:07.120+0000] {dagbag.py:588} INFO - Filling up the DagBag from /home/airflow/.local/lib/python3.12/site-packages/airflow/example_dags/example_branch_operator.py
[2025-01-20T19:22:07.136+0000] {processor.py:925} INFO - DAG(s) 'example_branch_operator' retrieved from /home/airflow/.local/lib/python3.12/site-packages/airflow/example_dags/example_branch_operator.py
[2025-01-20T19:22:07.165+0000] {logging_mixin.py:190} INFO - [2025-01-20T19:22:07.165+0000] {dag.py:3239} INFO - Sync 1 DAGs
[2025-01-20T19:22:07.187+0000] {logging_mixin.py:190} INFO - [2025-01-20T19:22:07.186+0000] {dag.py:4180} INFO - Setting next_dagrun for example_branch_operator to 2025-01-19 00:00:00+00:00, run_after=2025-01-20 00:00:00+00:00
[2025-01-20T19:22:07.198+0000] {processor.py:208} INFO - Processing /home/airflow/.local/lib/python3.12/site-packages/airflow/example_dags/example_branch_operator.py took 0.087 seconds
[2025-01-20T19:22:38.231+0000] {processor.py:186} INFO - Started process (PID=1413) to work on /home/airflow/.local/lib/python3.12/site-packages/airflow/example_dags/example_branch_operator.py
[2025-01-20T19:22:38.231+0000] {processor.py:914} INFO - Processing file /home/airflow/.local/lib/python3.12/site-packages/airflow/example_dags/example_branch_operator.py for tasks to queue
[2025-01-20T19:22:38.233+0000] {logging_mixin.py:190} INFO - [2025-01-20T19:22:38.233+0000] {dagbag.py:588} INFO - Filling up the DagBag from /home/airflow/.local/lib/python3.12/site-packages/airflow/example_dags/example_branch_operator.py
[2025-01-20T19:22:38.247+0000] {processor.py:925} INFO - DAG(s) 'example_branch_operator' retrieved from /home/airflow/.local/lib/python3.12/site-packages/airflow/example_dags/example_branch_operator.py
[2025-01-20T19:22:38.268+0000] {logging_mixin.py:190} INFO - [2025-01-20T19:22:38.268+0000] {dag.py:3239} INFO - Sync 1 DAGs
[2025-01-20T19:22:38.286+0000] {logging_mixin.py:190} INFO - [2025-01-20T19:22:38.286+0000] {dag.py:4180} INFO - Setting next_dagrun for example_branch_operator to 2025-01-19 00:00:00+00:00, run_after=2025-01-20 00:00:00+00:00
[2025-01-20T19:22:38.298+0000] {processor.py:208} INFO - Processing /home/airflow/.local/lib/python3.12/site-packages/airflow/example_dags/example_branch_operator.py took 0.071 seconds
[2025-01-20T19:23:09.373+0000] {processor.py:186} INFO - Started process (PID=1476) to work on /home/airflow/.local/lib/python3.12/site-packages/airflow/example_dags/example_branch_operator.py
[2025-01-20T19:23:09.374+0000] {processor.py:914} INFO - Processing file /home/airflow/.local/lib/python3.12/site-packages/airflow/example_dags/example_branch_operator.py for tasks to queue
[2025-01-20T19:23:09.376+0000] {logging_mixin.py:190} INFO - [2025-01-20T19:23:09.375+0000] {dagbag.py:588} INFO - Filling up the DagBag from /home/airflow/.local/lib/python3.12/site-packages/airflow/example_dags/example_branch_operator.py
[2025-01-20T19:23:09.389+0000] {processor.py:925} INFO - DAG(s) 'example_branch_operator' retrieved from /home/airflow/.local/lib/python3.12/site-packages/airflow/example_dags/example_branch_operator.py
[2025-01-20T19:23:09.411+0000] {logging_mixin.py:190} INFO - [2025-01-20T19:23:09.411+0000] {dag.py:3239} INFO - Sync 1 DAGs
[2025-01-20T19:23:09.429+0000] {logging_mixin.py:190} INFO - [2025-01-20T19:23:09.429+0000] {dag.py:4180} INFO - Setting next_dagrun for example_branch_operator to 2025-01-19 00:00:00+00:00, run_after=2025-01-20 00:00:00+00:00
[2025-01-20T19:23:09.441+0000] {processor.py:208} INFO - Processing /home/airflow/.local/lib/python3.12/site-packages/airflow/example_dags/example_branch_operator.py took 0.072 seconds
[2025-01-20T19:23:40.619+0000] {processor.py:186} INFO - Started process (PID=1539) to work on /home/airflow/.local/lib/python3.12/site-packages/airflow/example_dags/example_branch_operator.py
[2025-01-20T19:23:40.620+0000] {processor.py:914} INFO - Processing file /home/airflow/.local/lib/python3.12/site-packages/airflow/example_dags/example_branch_operator.py for tasks to queue
[2025-01-20T19:23:40.621+0000] {logging_mixin.py:190} INFO - [2025-01-20T19:23:40.621+0000] {dagbag.py:588} INFO - Filling up the DagBag from /home/airflow/.local/lib/python3.12/site-packages/airflow/example_dags/example_branch_operator.py
[2025-01-20T19:23:40.635+0000] {processor.py:925} INFO - DAG(s) 'example_branch_operator' retrieved from /home/airflow/.local/lib/python3.12/site-packages/airflow/example_dags/example_branch_operator.py
[2025-01-20T19:23:40.656+0000] {logging_mixin.py:190} INFO - [2025-01-20T19:23:40.656+0000] {dag.py:3239} INFO - Sync 1 DAGs
[2025-01-20T19:23:40.674+0000] {logging_mixin.py:190} INFO - [2025-01-20T19:23:40.673+0000] {dag.py:4180} INFO - Setting next_dagrun for example_branch_operator to 2025-01-19 00:00:00+00:00, run_after=2025-01-20 00:00:00+00:00
[2025-01-20T19:23:40.686+0000] {processor.py:208} INFO - Processing /home/airflow/.local/lib/python3.12/site-packages/airflow/example_dags/example_branch_operator.py took 0.071 seconds
