[2025-01-20T19:11:49.684+0000] {processor.py:186} INFO - Started process (PID=105) to work on /home/airflow/.local/lib/python3.12/site-packages/airflow/example_dags/example_dag_decorator.py
[2025-01-20T19:11:49.685+0000] {processor.py:914} INFO - Processing file /home/airflow/.local/lib/python3.12/site-packages/airflow/example_dags/example_dag_decorator.py for tasks to queue
[2025-01-20T19:11:49.688+0000] {logging_mixin.py:190} INFO - [2025-01-20T19:11:49.687+0000] {dagbag.py:588} INFO - Filling up the DagBag from /home/airflow/.local/lib/python3.12/site-packages/airflow/example_dags/example_dag_decorator.py
[2025-01-20T19:11:49.702+0000] {processor.py:925} INFO - DAG(s) 'example_dag_decorator' retrieved from /home/airflow/.local/lib/python3.12/site-packages/airflow/example_dags/example_dag_decorator.py
[2025-01-20T19:11:49.795+0000] {logging_mixin.py:190} INFO - [2025-01-20T19:11:49.795+0000] {override.py:1911} INFO - Created Permission View: can edit on DAG:example_dag_decorator
[2025-01-20T19:11:49.804+0000] {logging_mixin.py:190} INFO - [2025-01-20T19:11:49.804+0000] {override.py:1911} INFO - Created Permission View: can delete on DAG:example_dag_decorator
[2025-01-20T19:11:49.808+0000] {logging_mixin.py:190} INFO - [2025-01-20T19:11:49.808+0000] {override.py:1911} INFO - Created Permission View: can read on DAG:example_dag_decorator
[2025-01-20T19:11:49.813+0000] {logging_mixin.py:190} INFO - [2025-01-20T19:11:49.813+0000] {override.py:1911} INFO - Created Permission View: can create on DAG Run:example_dag_decorator
[2025-01-20T19:11:49.818+0000] {logging_mixin.py:190} INFO - [2025-01-20T19:11:49.818+0000] {override.py:1911} INFO - Created Permission View: can delete on DAG Run:example_dag_decorator
[2025-01-20T19:11:49.822+0000] {logging_mixin.py:190} INFO - [2025-01-20T19:11:49.822+0000] {override.py:1911} INFO - Created Permission View: menu access on DAG Run:example_dag_decorator
[2025-01-20T19:11:49.828+0000] {logging_mixin.py:190} INFO - [2025-01-20T19:11:49.828+0000] {override.py:1911} INFO - Created Permission View: can read on DAG Run:example_dag_decorator
[2025-01-20T19:11:49.829+0000] {logging_mixin.py:190} INFO - [2025-01-20T19:11:49.829+0000] {dag.py:3239} INFO - Sync 1 DAGs
[2025-01-20T19:11:49.839+0000] {logging_mixin.py:190} INFO - [2025-01-20T19:11:49.838+0000] {dag.py:3262} INFO - Creating ORM DAG for example_dag_decorator
[2025-01-20T19:11:49.839+0000] {logging_mixin.py:190} INFO - [2025-01-20T19:11:49.839+0000] {dag.py:4180} INFO - Setting next_dagrun for example_dag_decorator to None, run_after=None
[2025-01-20T19:11:49.851+0000] {processor.py:208} INFO - Processing /home/airflow/.local/lib/python3.12/site-packages/airflow/example_dags/example_dag_decorator.py took 0.173 seconds
[2025-01-20T19:12:20.295+0000] {processor.py:186} INFO - Started process (PID=168) to work on /home/airflow/.local/lib/python3.12/site-packages/airflow/example_dags/example_dag_decorator.py
[2025-01-20T19:12:20.295+0000] {processor.py:914} INFO - Processing file /home/airflow/.local/lib/python3.12/site-packages/airflow/example_dags/example_dag_decorator.py for tasks to queue
[2025-01-20T19:12:20.297+0000] {logging_mixin.py:190} INFO - [2025-01-20T19:12:20.297+0000] {dagbag.py:588} INFO - Filling up the DagBag from /home/airflow/.local/lib/python3.12/site-packages/airflow/example_dags/example_dag_decorator.py
[2025-01-20T19:12:20.306+0000] {processor.py:925} INFO - DAG(s) 'example_dag_decorator' retrieved from /home/airflow/.local/lib/python3.12/site-packages/airflow/example_dags/example_dag_decorator.py
[2025-01-20T19:12:20.396+0000] {logging_mixin.py:190} INFO - [2025-01-20T19:12:20.396+0000] {dag.py:3239} INFO - Sync 1 DAGs
[2025-01-20T19:12:20.406+0000] {logging_mixin.py:190} INFO - [2025-01-20T19:12:20.406+0000] {dag.py:4180} INFO - Setting next_dagrun for example_dag_decorator to None, run_after=None
[2025-01-20T19:12:20.418+0000] {processor.py:208} INFO - Processing /home/airflow/.local/lib/python3.12/site-packages/airflow/example_dags/example_dag_decorator.py took 0.128 seconds
[2025-01-20T19:12:50.925+0000] {processor.py:186} INFO - Started process (PID=231) to work on /home/airflow/.local/lib/python3.12/site-packages/airflow/example_dags/example_dag_decorator.py
[2025-01-20T19:12:50.926+0000] {processor.py:914} INFO - Processing file /home/airflow/.local/lib/python3.12/site-packages/airflow/example_dags/example_dag_decorator.py for tasks to queue
[2025-01-20T19:12:50.927+0000] {logging_mixin.py:190} INFO - [2025-01-20T19:12:50.927+0000] {dagbag.py:588} INFO - Filling up the DagBag from /home/airflow/.local/lib/python3.12/site-packages/airflow/example_dags/example_dag_decorator.py
[2025-01-20T19:12:50.936+0000] {processor.py:925} INFO - DAG(s) 'example_dag_decorator' retrieved from /home/airflow/.local/lib/python3.12/site-packages/airflow/example_dags/example_dag_decorator.py
[2025-01-20T19:12:51.061+0000] {logging_mixin.py:190} INFO - [2025-01-20T19:12:51.061+0000] {dag.py:3239} INFO - Sync 1 DAGs
[2025-01-20T19:12:51.074+0000] {logging_mixin.py:190} INFO - [2025-01-20T19:12:51.074+0000] {dag.py:4180} INFO - Setting next_dagrun for example_dag_decorator to None, run_after=None
[2025-01-20T19:12:51.091+0000] {processor.py:208} INFO - Processing /home/airflow/.local/lib/python3.12/site-packages/airflow/example_dags/example_dag_decorator.py took 0.170 seconds
[2025-01-20T19:13:21.283+0000] {processor.py:186} INFO - Started process (PID=293) to work on /home/airflow/.local/lib/python3.12/site-packages/airflow/example_dags/example_dag_decorator.py
[2025-01-20T19:13:21.283+0000] {processor.py:914} INFO - Processing file /home/airflow/.local/lib/python3.12/site-packages/airflow/example_dags/example_dag_decorator.py for tasks to queue
[2025-01-20T19:13:21.285+0000] {logging_mixin.py:190} INFO - [2025-01-20T19:13:21.285+0000] {dagbag.py:588} INFO - Filling up the DagBag from /home/airflow/.local/lib/python3.12/site-packages/airflow/example_dags/example_dag_decorator.py
[2025-01-20T19:13:21.294+0000] {processor.py:925} INFO - DAG(s) 'example_dag_decorator' retrieved from /home/airflow/.local/lib/python3.12/site-packages/airflow/example_dags/example_dag_decorator.py
[2025-01-20T19:13:21.384+0000] {logging_mixin.py:190} INFO - [2025-01-20T19:13:21.384+0000] {dag.py:3239} INFO - Sync 1 DAGs
[2025-01-20T19:13:21.393+0000] {logging_mixin.py:190} INFO - [2025-01-20T19:13:21.393+0000] {dag.py:4180} INFO - Setting next_dagrun for example_dag_decorator to None, run_after=None
[2025-01-20T19:13:21.408+0000] {processor.py:208} INFO - Processing /home/airflow/.local/lib/python3.12/site-packages/airflow/example_dags/example_dag_decorator.py took 0.129 seconds
[2025-01-20T19:13:52.076+0000] {processor.py:186} INFO - Started process (PID=356) to work on /home/airflow/.local/lib/python3.12/site-packages/airflow/example_dags/example_dag_decorator.py
[2025-01-20T19:13:52.077+0000] {processor.py:914} INFO - Processing file /home/airflow/.local/lib/python3.12/site-packages/airflow/example_dags/example_dag_decorator.py for tasks to queue
[2025-01-20T19:13:52.079+0000] {logging_mixin.py:190} INFO - [2025-01-20T19:13:52.079+0000] {dagbag.py:588} INFO - Filling up the DagBag from /home/airflow/.local/lib/python3.12/site-packages/airflow/example_dags/example_dag_decorator.py
[2025-01-20T19:13:52.092+0000] {processor.py:925} INFO - DAG(s) 'example_dag_decorator' retrieved from /home/airflow/.local/lib/python3.12/site-packages/airflow/example_dags/example_dag_decorator.py
[2025-01-20T19:13:52.184+0000] {logging_mixin.py:190} INFO - [2025-01-20T19:13:52.184+0000] {dag.py:3239} INFO - Sync 1 DAGs
[2025-01-20T19:13:52.194+0000] {logging_mixin.py:190} INFO - [2025-01-20T19:13:52.194+0000] {dag.py:4180} INFO - Setting next_dagrun for example_dag_decorator to None, run_after=None
[2025-01-20T19:13:52.207+0000] {processor.py:208} INFO - Processing /home/airflow/.local/lib/python3.12/site-packages/airflow/example_dags/example_dag_decorator.py took 0.137 seconds
[2025-01-20T19:14:22.599+0000] {processor.py:186} INFO - Started process (PID=418) to work on /home/airflow/.local/lib/python3.12/site-packages/airflow/example_dags/example_dag_decorator.py
[2025-01-20T19:14:22.600+0000] {processor.py:914} INFO - Processing file /home/airflow/.local/lib/python3.12/site-packages/airflow/example_dags/example_dag_decorator.py for tasks to queue
[2025-01-20T19:14:22.602+0000] {logging_mixin.py:190} INFO - [2025-01-20T19:14:22.602+0000] {dagbag.py:588} INFO - Filling up the DagBag from /home/airflow/.local/lib/python3.12/site-packages/airflow/example_dags/example_dag_decorator.py
[2025-01-20T19:14:22.614+0000] {processor.py:925} INFO - DAG(s) 'example_dag_decorator' retrieved from /home/airflow/.local/lib/python3.12/site-packages/airflow/example_dags/example_dag_decorator.py
[2025-01-20T19:14:22.759+0000] {logging_mixin.py:190} INFO - [2025-01-20T19:14:22.758+0000] {dag.py:3239} INFO - Sync 1 DAGs
[2025-01-20T19:14:22.772+0000] {logging_mixin.py:190} INFO - [2025-01-20T19:14:22.772+0000] {dag.py:4180} INFO - Setting next_dagrun for example_dag_decorator to None, run_after=None
[2025-01-20T19:14:22.789+0000] {processor.py:208} INFO - Processing /home/airflow/.local/lib/python3.12/site-packages/airflow/example_dags/example_dag_decorator.py took 0.195 seconds
[2025-01-20T19:14:53.201+0000] {processor.py:186} INFO - Started process (PID=481) to work on /home/airflow/.local/lib/python3.12/site-packages/airflow/example_dags/example_dag_decorator.py
[2025-01-20T19:14:53.202+0000] {processor.py:914} INFO - Processing file /home/airflow/.local/lib/python3.12/site-packages/airflow/example_dags/example_dag_decorator.py for tasks to queue
[2025-01-20T19:14:53.204+0000] {logging_mixin.py:190} INFO - [2025-01-20T19:14:53.204+0000] {dagbag.py:588} INFO - Filling up the DagBag from /home/airflow/.local/lib/python3.12/site-packages/airflow/example_dags/example_dag_decorator.py
[2025-01-20T19:14:53.216+0000] {processor.py:925} INFO - DAG(s) 'example_dag_decorator' retrieved from /home/airflow/.local/lib/python3.12/site-packages/airflow/example_dags/example_dag_decorator.py
[2025-01-20T19:14:53.315+0000] {logging_mixin.py:190} INFO - [2025-01-20T19:14:53.315+0000] {dag.py:3239} INFO - Sync 1 DAGs
[2025-01-20T19:14:53.326+0000] {logging_mixin.py:190} INFO - [2025-01-20T19:14:53.326+0000] {dag.py:4180} INFO - Setting next_dagrun for example_dag_decorator to None, run_after=None
[2025-01-20T19:14:53.341+0000] {processor.py:208} INFO - Processing /home/airflow/.local/lib/python3.12/site-packages/airflow/example_dags/example_dag_decorator.py took 0.146 seconds
[2025-01-20T19:15:23.661+0000] {processor.py:186} INFO - Started process (PID=545) to work on /home/airflow/.local/lib/python3.12/site-packages/airflow/example_dags/example_dag_decorator.py
[2025-01-20T19:15:23.661+0000] {processor.py:914} INFO - Processing file /home/airflow/.local/lib/python3.12/site-packages/airflow/example_dags/example_dag_decorator.py for tasks to queue
[2025-01-20T19:15:23.664+0000] {logging_mixin.py:190} INFO - [2025-01-20T19:15:23.663+0000] {dagbag.py:588} INFO - Filling up the DagBag from /home/airflow/.local/lib/python3.12/site-packages/airflow/example_dags/example_dag_decorator.py
[2025-01-20T19:15:23.677+0000] {processor.py:925} INFO - DAG(s) 'example_dag_decorator' retrieved from /home/airflow/.local/lib/python3.12/site-packages/airflow/example_dags/example_dag_decorator.py
[2025-01-20T19:15:23.794+0000] {logging_mixin.py:190} INFO - [2025-01-20T19:15:23.794+0000] {dag.py:3239} INFO - Sync 1 DAGs
[2025-01-20T19:15:23.810+0000] {logging_mixin.py:190} INFO - [2025-01-20T19:15:23.809+0000] {dag.py:4180} INFO - Setting next_dagrun for example_dag_decorator to None, run_after=None
[2025-01-20T19:15:23.825+0000] {processor.py:208} INFO - Processing /home/airflow/.local/lib/python3.12/site-packages/airflow/example_dags/example_dag_decorator.py took 0.170 seconds
[2025-01-20T19:15:54.752+0000] {processor.py:186} INFO - Started process (PID=608) to work on /home/airflow/.local/lib/python3.12/site-packages/airflow/example_dags/example_dag_decorator.py
[2025-01-20T19:15:54.753+0000] {processor.py:914} INFO - Processing file /home/airflow/.local/lib/python3.12/site-packages/airflow/example_dags/example_dag_decorator.py for tasks to queue
[2025-01-20T19:15:54.756+0000] {logging_mixin.py:190} INFO - [2025-01-20T19:15:54.755+0000] {dagbag.py:588} INFO - Filling up the DagBag from /home/airflow/.local/lib/python3.12/site-packages/airflow/example_dags/example_dag_decorator.py
[2025-01-20T19:15:54.768+0000] {processor.py:925} INFO - DAG(s) 'example_dag_decorator' retrieved from /home/airflow/.local/lib/python3.12/site-packages/airflow/example_dags/example_dag_decorator.py
[2025-01-20T19:15:54.900+0000] {logging_mixin.py:190} INFO - [2025-01-20T19:15:54.900+0000] {dag.py:3239} INFO - Sync 1 DAGs
[2025-01-20T19:15:54.916+0000] {logging_mixin.py:190} INFO - [2025-01-20T19:15:54.915+0000] {dag.py:4180} INFO - Setting next_dagrun for example_dag_decorator to None, run_after=None
[2025-01-20T19:15:54.932+0000] {processor.py:208} INFO - Processing /home/airflow/.local/lib/python3.12/site-packages/airflow/example_dags/example_dag_decorator.py took 0.185 seconds
[2025-01-20T19:16:25.344+0000] {processor.py:186} INFO - Started process (PID=672) to work on /home/airflow/.local/lib/python3.12/site-packages/airflow/example_dags/example_dag_decorator.py
[2025-01-20T19:16:25.345+0000] {processor.py:914} INFO - Processing file /home/airflow/.local/lib/python3.12/site-packages/airflow/example_dags/example_dag_decorator.py for tasks to queue
[2025-01-20T19:16:25.346+0000] {logging_mixin.py:190} INFO - [2025-01-20T19:16:25.346+0000] {dagbag.py:588} INFO - Filling up the DagBag from /home/airflow/.local/lib/python3.12/site-packages/airflow/example_dags/example_dag_decorator.py
[2025-01-20T19:16:25.355+0000] {processor.py:925} INFO - DAG(s) 'example_dag_decorator' retrieved from /home/airflow/.local/lib/python3.12/site-packages/airflow/example_dags/example_dag_decorator.py
[2025-01-20T19:16:25.464+0000] {logging_mixin.py:190} INFO - [2025-01-20T19:16:25.464+0000] {dag.py:3239} INFO - Sync 1 DAGs
[2025-01-20T19:16:25.476+0000] {logging_mixin.py:190} INFO - [2025-01-20T19:16:25.476+0000] {dag.py:4180} INFO - Setting next_dagrun for example_dag_decorator to None, run_after=None
[2025-01-20T19:16:25.494+0000] {processor.py:208} INFO - Processing /home/airflow/.local/lib/python3.12/site-packages/airflow/example_dags/example_dag_decorator.py took 0.154 seconds
[2025-01-20T19:16:56.556+0000] {processor.py:186} INFO - Started process (PID=735) to work on /home/airflow/.local/lib/python3.12/site-packages/airflow/example_dags/example_dag_decorator.py
[2025-01-20T19:16:56.557+0000] {processor.py:914} INFO - Processing file /home/airflow/.local/lib/python3.12/site-packages/airflow/example_dags/example_dag_decorator.py for tasks to queue
[2025-01-20T19:16:56.560+0000] {logging_mixin.py:190} INFO - [2025-01-20T19:16:56.559+0000] {dagbag.py:588} INFO - Filling up the DagBag from /home/airflow/.local/lib/python3.12/site-packages/airflow/example_dags/example_dag_decorator.py
[2025-01-20T19:16:56.571+0000] {processor.py:925} INFO - DAG(s) 'example_dag_decorator' retrieved from /home/airflow/.local/lib/python3.12/site-packages/airflow/example_dags/example_dag_decorator.py
[2025-01-20T19:16:56.671+0000] {logging_mixin.py:190} INFO - [2025-01-20T19:16:56.670+0000] {dag.py:3239} INFO - Sync 1 DAGs
[2025-01-20T19:16:56.683+0000] {logging_mixin.py:190} INFO - [2025-01-20T19:16:56.683+0000] {dag.py:4180} INFO - Setting next_dagrun for example_dag_decorator to None, run_after=None
[2025-01-20T19:16:56.700+0000] {processor.py:208} INFO - Processing /home/airflow/.local/lib/python3.12/site-packages/airflow/example_dags/example_dag_decorator.py took 0.149 seconds
[2025-01-20T19:17:27.756+0000] {processor.py:186} INFO - Started process (PID=798) to work on /home/airflow/.local/lib/python3.12/site-packages/airflow/example_dags/example_dag_decorator.py
[2025-01-20T19:17:27.757+0000] {processor.py:914} INFO - Processing file /home/airflow/.local/lib/python3.12/site-packages/airflow/example_dags/example_dag_decorator.py for tasks to queue
[2025-01-20T19:17:27.758+0000] {logging_mixin.py:190} INFO - [2025-01-20T19:17:27.758+0000] {dagbag.py:588} INFO - Filling up the DagBag from /home/airflow/.local/lib/python3.12/site-packages/airflow/example_dags/example_dag_decorator.py
[2025-01-20T19:17:27.767+0000] {processor.py:925} INFO - DAG(s) 'example_dag_decorator' retrieved from /home/airflow/.local/lib/python3.12/site-packages/airflow/example_dags/example_dag_decorator.py
[2025-01-20T19:17:27.888+0000] {logging_mixin.py:190} INFO - [2025-01-20T19:17:27.888+0000] {dag.py:3239} INFO - Sync 1 DAGs
[2025-01-20T19:17:27.899+0000] {logging_mixin.py:190} INFO - [2025-01-20T19:17:27.899+0000] {dag.py:4180} INFO - Setting next_dagrun for example_dag_decorator to None, run_after=None
[2025-01-20T19:17:27.913+0000] {processor.py:208} INFO - Processing /home/airflow/.local/lib/python3.12/site-packages/airflow/example_dags/example_dag_decorator.py took 0.161 seconds
[2025-01-20T19:17:58.857+0000] {processor.py:186} INFO - Started process (PID=861) to work on /home/airflow/.local/lib/python3.12/site-packages/airflow/example_dags/example_dag_decorator.py
[2025-01-20T19:17:58.858+0000] {processor.py:914} INFO - Processing file /home/airflow/.local/lib/python3.12/site-packages/airflow/example_dags/example_dag_decorator.py for tasks to queue
[2025-01-20T19:17:58.860+0000] {logging_mixin.py:190} INFO - [2025-01-20T19:17:58.859+0000] {dagbag.py:588} INFO - Filling up the DagBag from /home/airflow/.local/lib/python3.12/site-packages/airflow/example_dags/example_dag_decorator.py
[2025-01-20T19:17:58.869+0000] {processor.py:925} INFO - DAG(s) 'example_dag_decorator' retrieved from /home/airflow/.local/lib/python3.12/site-packages/airflow/example_dags/example_dag_decorator.py
[2025-01-20T19:17:58.965+0000] {logging_mixin.py:190} INFO - [2025-01-20T19:17:58.965+0000] {dag.py:3239} INFO - Sync 1 DAGs
[2025-01-20T19:17:58.975+0000] {logging_mixin.py:190} INFO - [2025-01-20T19:17:58.975+0000] {dag.py:4180} INFO - Setting next_dagrun for example_dag_decorator to None, run_after=None
[2025-01-20T19:17:58.987+0000] {processor.py:208} INFO - Processing /home/airflow/.local/lib/python3.12/site-packages/airflow/example_dags/example_dag_decorator.py took 0.135 seconds
[2025-01-20T19:18:29.945+0000] {processor.py:186} INFO - Started process (PID=924) to work on /home/airflow/.local/lib/python3.12/site-packages/airflow/example_dags/example_dag_decorator.py
[2025-01-20T19:18:29.946+0000] {processor.py:914} INFO - Processing file /home/airflow/.local/lib/python3.12/site-packages/airflow/example_dags/example_dag_decorator.py for tasks to queue
[2025-01-20T19:18:29.947+0000] {logging_mixin.py:190} INFO - [2025-01-20T19:18:29.947+0000] {dagbag.py:588} INFO - Filling up the DagBag from /home/airflow/.local/lib/python3.12/site-packages/airflow/example_dags/example_dag_decorator.py
[2025-01-20T19:18:29.959+0000] {processor.py:925} INFO - DAG(s) 'example_dag_decorator' retrieved from /home/airflow/.local/lib/python3.12/site-packages/airflow/example_dags/example_dag_decorator.py
[2025-01-20T19:18:30.059+0000] {logging_mixin.py:190} INFO - [2025-01-20T19:18:30.059+0000] {dag.py:3239} INFO - Sync 1 DAGs
[2025-01-20T19:18:30.068+0000] {logging_mixin.py:190} INFO - [2025-01-20T19:18:30.068+0000] {dag.py:4180} INFO - Setting next_dagrun for example_dag_decorator to None, run_after=None
[2025-01-20T19:18:30.081+0000] {processor.py:208} INFO - Processing /home/airflow/.local/lib/python3.12/site-packages/airflow/example_dags/example_dag_decorator.py took 0.141 seconds
[2025-01-20T19:19:00.920+0000] {processor.py:186} INFO - Started process (PID=987) to work on /home/airflow/.local/lib/python3.12/site-packages/airflow/example_dags/example_dag_decorator.py
[2025-01-20T19:19:00.921+0000] {processor.py:914} INFO - Processing file /home/airflow/.local/lib/python3.12/site-packages/airflow/example_dags/example_dag_decorator.py for tasks to queue
[2025-01-20T19:19:00.923+0000] {logging_mixin.py:190} INFO - [2025-01-20T19:19:00.922+0000] {dagbag.py:588} INFO - Filling up the DagBag from /home/airflow/.local/lib/python3.12/site-packages/airflow/example_dags/example_dag_decorator.py
[2025-01-20T19:19:00.935+0000] {processor.py:925} INFO - DAG(s) 'example_dag_decorator' retrieved from /home/airflow/.local/lib/python3.12/site-packages/airflow/example_dags/example_dag_decorator.py
[2025-01-20T19:19:01.038+0000] {logging_mixin.py:190} INFO - [2025-01-20T19:19:01.038+0000] {dag.py:3239} INFO - Sync 1 DAGs
[2025-01-20T19:19:01.047+0000] {logging_mixin.py:190} INFO - [2025-01-20T19:19:01.047+0000] {dag.py:4180} INFO - Setting next_dagrun for example_dag_decorator to None, run_after=None
[2025-01-20T19:19:01.060+0000] {processor.py:208} INFO - Processing /home/airflow/.local/lib/python3.12/site-packages/airflow/example_dags/example_dag_decorator.py took 0.145 seconds
[2025-01-20T19:19:32.087+0000] {processor.py:186} INFO - Started process (PID=1050) to work on /home/airflow/.local/lib/python3.12/site-packages/airflow/example_dags/example_dag_decorator.py
[2025-01-20T19:19:32.087+0000] {processor.py:914} INFO - Processing file /home/airflow/.local/lib/python3.12/site-packages/airflow/example_dags/example_dag_decorator.py for tasks to queue
[2025-01-20T19:19:32.089+0000] {logging_mixin.py:190} INFO - [2025-01-20T19:19:32.088+0000] {dagbag.py:588} INFO - Filling up the DagBag from /home/airflow/.local/lib/python3.12/site-packages/airflow/example_dags/example_dag_decorator.py
[2025-01-20T19:19:32.099+0000] {processor.py:925} INFO - DAG(s) 'example_dag_decorator' retrieved from /home/airflow/.local/lib/python3.12/site-packages/airflow/example_dags/example_dag_decorator.py
[2025-01-20T19:19:32.192+0000] {logging_mixin.py:190} INFO - [2025-01-20T19:19:32.191+0000] {dag.py:3239} INFO - Sync 1 DAGs
[2025-01-20T19:19:32.201+0000] {logging_mixin.py:190} INFO - [2025-01-20T19:19:32.201+0000] {dag.py:4180} INFO - Setting next_dagrun for example_dag_decorator to None, run_after=None
[2025-01-20T19:19:32.214+0000] {processor.py:208} INFO - Processing /home/airflow/.local/lib/python3.12/site-packages/airflow/example_dags/example_dag_decorator.py took 0.132 seconds
[2025-01-20T19:20:03.212+0000] {processor.py:186} INFO - Started process (PID=1114) to work on /home/airflow/.local/lib/python3.12/site-packages/airflow/example_dags/example_dag_decorator.py
[2025-01-20T19:20:03.212+0000] {processor.py:914} INFO - Processing file /home/airflow/.local/lib/python3.12/site-packages/airflow/example_dags/example_dag_decorator.py for tasks to queue
[2025-01-20T19:20:03.214+0000] {logging_mixin.py:190} INFO - [2025-01-20T19:20:03.214+0000] {dagbag.py:588} INFO - Filling up the DagBag from /home/airflow/.local/lib/python3.12/site-packages/airflow/example_dags/example_dag_decorator.py
[2025-01-20T19:20:03.224+0000] {processor.py:925} INFO - DAG(s) 'example_dag_decorator' retrieved from /home/airflow/.local/lib/python3.12/site-packages/airflow/example_dags/example_dag_decorator.py
[2025-01-20T19:20:03.318+0000] {logging_mixin.py:190} INFO - [2025-01-20T19:20:03.318+0000] {dag.py:3239} INFO - Sync 1 DAGs
[2025-01-20T19:20:03.329+0000] {logging_mixin.py:190} INFO - [2025-01-20T19:20:03.329+0000] {dag.py:4180} INFO - Setting next_dagrun for example_dag_decorator to None, run_after=None
[2025-01-20T19:20:03.342+0000] {processor.py:208} INFO - Processing /home/airflow/.local/lib/python3.12/site-packages/airflow/example_dags/example_dag_decorator.py took 0.134 seconds
[2025-01-20T19:20:34.246+0000] {processor.py:186} INFO - Started process (PID=1176) to work on /home/airflow/.local/lib/python3.12/site-packages/airflow/example_dags/example_dag_decorator.py
[2025-01-20T19:20:34.246+0000] {processor.py:914} INFO - Processing file /home/airflow/.local/lib/python3.12/site-packages/airflow/example_dags/example_dag_decorator.py for tasks to queue
[2025-01-20T19:20:34.248+0000] {logging_mixin.py:190} INFO - [2025-01-20T19:20:34.248+0000] {dagbag.py:588} INFO - Filling up the DagBag from /home/airflow/.local/lib/python3.12/site-packages/airflow/example_dags/example_dag_decorator.py
[2025-01-20T19:20:34.257+0000] {processor.py:925} INFO - DAG(s) 'example_dag_decorator' retrieved from /home/airflow/.local/lib/python3.12/site-packages/airflow/example_dags/example_dag_decorator.py
[2025-01-20T19:20:34.351+0000] {logging_mixin.py:190} INFO - [2025-01-20T19:20:34.350+0000] {dag.py:3239} INFO - Sync 1 DAGs
[2025-01-20T19:20:34.360+0000] {logging_mixin.py:190} INFO - [2025-01-20T19:20:34.360+0000] {dag.py:4180} INFO - Setting next_dagrun for example_dag_decorator to None, run_after=None
[2025-01-20T19:20:34.374+0000] {processor.py:208} INFO - Processing /home/airflow/.local/lib/python3.12/site-packages/airflow/example_dags/example_dag_decorator.py took 0.133 seconds
[2025-01-20T19:21:05.495+0000] {processor.py:186} INFO - Started process (PID=1239) to work on /home/airflow/.local/lib/python3.12/site-packages/airflow/example_dags/example_dag_decorator.py
[2025-01-20T19:21:05.496+0000] {processor.py:914} INFO - Processing file /home/airflow/.local/lib/python3.12/site-packages/airflow/example_dags/example_dag_decorator.py for tasks to queue
[2025-01-20T19:21:05.497+0000] {logging_mixin.py:190} INFO - [2025-01-20T19:21:05.497+0000] {dagbag.py:588} INFO - Filling up the DagBag from /home/airflow/.local/lib/python3.12/site-packages/airflow/example_dags/example_dag_decorator.py
[2025-01-20T19:21:05.506+0000] {processor.py:925} INFO - DAG(s) 'example_dag_decorator' retrieved from /home/airflow/.local/lib/python3.12/site-packages/airflow/example_dags/example_dag_decorator.py
[2025-01-20T19:21:05.527+0000] {logging_mixin.py:190} INFO - [2025-01-20T19:21:05.526+0000] {dag.py:3239} INFO - Sync 1 DAGs
[2025-01-20T19:21:05.539+0000] {logging_mixin.py:190} INFO - [2025-01-20T19:21:05.539+0000] {dag.py:4180} INFO - Setting next_dagrun for example_dag_decorator to None, run_after=None
[2025-01-20T19:21:05.551+0000] {processor.py:208} INFO - Processing /home/airflow/.local/lib/python3.12/site-packages/airflow/example_dags/example_dag_decorator.py took 0.061 seconds
[2025-01-20T19:21:36.850+0000] {processor.py:186} INFO - Started process (PID=1302) to work on /home/airflow/.local/lib/python3.12/site-packages/airflow/example_dags/example_dag_decorator.py
[2025-01-20T19:21:36.850+0000] {processor.py:914} INFO - Processing file /home/airflow/.local/lib/python3.12/site-packages/airflow/example_dags/example_dag_decorator.py for tasks to queue
[2025-01-20T19:21:36.852+0000] {logging_mixin.py:190} INFO - [2025-01-20T19:21:36.852+0000] {dagbag.py:588} INFO - Filling up the DagBag from /home/airflow/.local/lib/python3.12/site-packages/airflow/example_dags/example_dag_decorator.py
[2025-01-20T19:21:36.863+0000] {processor.py:925} INFO - DAG(s) 'example_dag_decorator' retrieved from /home/airflow/.local/lib/python3.12/site-packages/airflow/example_dags/example_dag_decorator.py
[2025-01-20T19:21:36.972+0000] {logging_mixin.py:190} INFO - [2025-01-20T19:21:36.972+0000] {dag.py:3239} INFO - Sync 1 DAGs
[2025-01-20T19:21:36.984+0000] {logging_mixin.py:190} INFO - [2025-01-20T19:21:36.983+0000] {dag.py:4180} INFO - Setting next_dagrun for example_dag_decorator to None, run_after=None
[2025-01-20T19:21:36.999+0000] {processor.py:208} INFO - Processing /home/airflow/.local/lib/python3.12/site-packages/airflow/example_dags/example_dag_decorator.py took 0.154 seconds
[2025-01-20T19:22:08.160+0000] {processor.py:186} INFO - Started process (PID=1365) to work on /home/airflow/.local/lib/python3.12/site-packages/airflow/example_dags/example_dag_decorator.py
[2025-01-20T19:22:08.161+0000] {processor.py:914} INFO - Processing file /home/airflow/.local/lib/python3.12/site-packages/airflow/example_dags/example_dag_decorator.py for tasks to queue
[2025-01-20T19:22:08.163+0000] {logging_mixin.py:190} INFO - [2025-01-20T19:22:08.163+0000] {dagbag.py:588} INFO - Filling up the DagBag from /home/airflow/.local/lib/python3.12/site-packages/airflow/example_dags/example_dag_decorator.py
[2025-01-20T19:22:08.175+0000] {processor.py:925} INFO - DAG(s) 'example_dag_decorator' retrieved from /home/airflow/.local/lib/python3.12/site-packages/airflow/example_dags/example_dag_decorator.py
[2025-01-20T19:22:08.291+0000] {logging_mixin.py:190} INFO - [2025-01-20T19:22:08.291+0000] {dag.py:3239} INFO - Sync 1 DAGs
[2025-01-20T19:22:08.304+0000] {logging_mixin.py:190} INFO - [2025-01-20T19:22:08.304+0000] {dag.py:4180} INFO - Setting next_dagrun for example_dag_decorator to None, run_after=None
[2025-01-20T19:22:08.317+0000] {processor.py:208} INFO - Processing /home/airflow/.local/lib/python3.12/site-packages/airflow/example_dags/example_dag_decorator.py took 0.161 seconds
[2025-01-20T19:22:39.237+0000] {processor.py:186} INFO - Started process (PID=1428) to work on /home/airflow/.local/lib/python3.12/site-packages/airflow/example_dags/example_dag_decorator.py
[2025-01-20T19:22:39.237+0000] {processor.py:914} INFO - Processing file /home/airflow/.local/lib/python3.12/site-packages/airflow/example_dags/example_dag_decorator.py for tasks to queue
[2025-01-20T19:22:39.239+0000] {logging_mixin.py:190} INFO - [2025-01-20T19:22:39.239+0000] {dagbag.py:588} INFO - Filling up the DagBag from /home/airflow/.local/lib/python3.12/site-packages/airflow/example_dags/example_dag_decorator.py
[2025-01-20T19:22:39.251+0000] {processor.py:925} INFO - DAG(s) 'example_dag_decorator' retrieved from /home/airflow/.local/lib/python3.12/site-packages/airflow/example_dags/example_dag_decorator.py
[2025-01-20T19:22:39.359+0000] {logging_mixin.py:190} INFO - [2025-01-20T19:22:39.358+0000] {dag.py:3239} INFO - Sync 1 DAGs
[2025-01-20T19:22:39.368+0000] {logging_mixin.py:190} INFO - [2025-01-20T19:22:39.368+0000] {dag.py:4180} INFO - Setting next_dagrun for example_dag_decorator to None, run_after=None
[2025-01-20T19:22:39.382+0000] {processor.py:208} INFO - Processing /home/airflow/.local/lib/python3.12/site-packages/airflow/example_dags/example_dag_decorator.py took 0.150 seconds
[2025-01-20T19:23:10.333+0000] {processor.py:186} INFO - Started process (PID=1491) to work on /home/airflow/.local/lib/python3.12/site-packages/airflow/example_dags/example_dag_decorator.py
[2025-01-20T19:23:10.334+0000] {processor.py:914} INFO - Processing file /home/airflow/.local/lib/python3.12/site-packages/airflow/example_dags/example_dag_decorator.py for tasks to queue
[2025-01-20T19:23:10.335+0000] {logging_mixin.py:190} INFO - [2025-01-20T19:23:10.335+0000] {dagbag.py:588} INFO - Filling up the DagBag from /home/airflow/.local/lib/python3.12/site-packages/airflow/example_dags/example_dag_decorator.py
[2025-01-20T19:23:10.347+0000] {processor.py:925} INFO - DAG(s) 'example_dag_decorator' retrieved from /home/airflow/.local/lib/python3.12/site-packages/airflow/example_dags/example_dag_decorator.py
[2025-01-20T19:23:10.463+0000] {logging_mixin.py:190} INFO - [2025-01-20T19:23:10.463+0000] {dag.py:3239} INFO - Sync 1 DAGs
[2025-01-20T19:23:10.474+0000] {logging_mixin.py:190} INFO - [2025-01-20T19:23:10.474+0000] {dag.py:4180} INFO - Setting next_dagrun for example_dag_decorator to None, run_after=None
[2025-01-20T19:23:10.488+0000] {processor.py:208} INFO - Processing /home/airflow/.local/lib/python3.12/site-packages/airflow/example_dags/example_dag_decorator.py took 0.160 seconds
[2025-01-20T19:23:41.638+0000] {processor.py:186} INFO - Started process (PID=1554) to work on /home/airflow/.local/lib/python3.12/site-packages/airflow/example_dags/example_dag_decorator.py
[2025-01-20T19:23:41.638+0000] {processor.py:914} INFO - Processing file /home/airflow/.local/lib/python3.12/site-packages/airflow/example_dags/example_dag_decorator.py for tasks to queue
[2025-01-20T19:23:41.640+0000] {logging_mixin.py:190} INFO - [2025-01-20T19:23:41.640+0000] {dagbag.py:588} INFO - Filling up the DagBag from /home/airflow/.local/lib/python3.12/site-packages/airflow/example_dags/example_dag_decorator.py
[2025-01-20T19:23:41.649+0000] {processor.py:925} INFO - DAG(s) 'example_dag_decorator' retrieved from /home/airflow/.local/lib/python3.12/site-packages/airflow/example_dags/example_dag_decorator.py
[2025-01-20T19:23:41.744+0000] {logging_mixin.py:190} INFO - [2025-01-20T19:23:41.744+0000] {dag.py:3239} INFO - Sync 1 DAGs
[2025-01-20T19:23:41.753+0000] {logging_mixin.py:190} INFO - [2025-01-20T19:23:41.753+0000] {dag.py:4180} INFO - Setting next_dagrun for example_dag_decorator to None, run_after=None
[2025-01-20T19:23:41.768+0000] {processor.py:208} INFO - Processing /home/airflow/.local/lib/python3.12/site-packages/airflow/example_dags/example_dag_decorator.py took 0.135 seconds
