[2025-01-20T19:11:47.775+0000] {processor.py:186} INFO - Started process (PID=100) to work on /home/airflow/.local/lib/python3.12/site-packages/airflow/example_dags/example_trigger_target_dag.py
[2025-01-20T19:11:47.776+0000] {processor.py:914} INFO - Processing file /home/airflow/.local/lib/python3.12/site-packages/airflow/example_dags/example_trigger_target_dag.py for tasks to queue
[2025-01-20T19:11:47.777+0000] {logging_mixin.py:190} INFO - [2025-01-20T19:11:47.777+0000] {dagbag.py:588} INFO - Filling up the DagBag from /home/airflow/.local/lib/python3.12/site-packages/airflow/example_dags/example_trigger_target_dag.py
[2025-01-20T19:11:47.785+0000] {processor.py:925} INFO - DAG(s) 'example_trigger_target_dag' retrieved from /home/airflow/.local/lib/python3.12/site-packages/airflow/example_dags/example_trigger_target_dag.py
[2025-01-20T19:11:47.901+0000] {logging_mixin.py:190} INFO - [2025-01-20T19:11:47.900+0000] {override.py:1911} INFO - Created Permission View: can edit on DAG:example_trigger_target_dag
[2025-01-20T19:11:47.912+0000] {logging_mixin.py:190} INFO - [2025-01-20T19:11:47.912+0000] {override.py:1911} INFO - Created Permission View: can delete on DAG:example_trigger_target_dag
[2025-01-20T19:11:47.918+0000] {logging_mixin.py:190} INFO - [2025-01-20T19:11:47.918+0000] {override.py:1911} INFO - Created Permission View: can read on DAG:example_trigger_target_dag
[2025-01-20T19:11:47.923+0000] {logging_mixin.py:190} INFO - [2025-01-20T19:11:47.923+0000] {override.py:1911} INFO - Created Permission View: can create on DAG Run:example_trigger_target_dag
[2025-01-20T19:11:47.929+0000] {logging_mixin.py:190} INFO - [2025-01-20T19:11:47.929+0000] {override.py:1911} INFO - Created Permission View: can delete on DAG Run:example_trigger_target_dag
[2025-01-20T19:11:47.934+0000] {logging_mixin.py:190} INFO - [2025-01-20T19:11:47.934+0000] {override.py:1911} INFO - Created Permission View: menu access on DAG Run:example_trigger_target_dag
[2025-01-20T19:11:47.941+0000] {logging_mixin.py:190} INFO - [2025-01-20T19:11:47.941+0000] {override.py:1911} INFO - Created Permission View: can read on DAG Run:example_trigger_target_dag
[2025-01-20T19:11:47.942+0000] {logging_mixin.py:190} INFO - [2025-01-20T19:11:47.942+0000] {dag.py:3239} INFO - Sync 1 DAGs
[2025-01-20T19:11:47.956+0000] {logging_mixin.py:190} INFO - [2025-01-20T19:11:47.956+0000] {dag.py:3262} INFO - Creating ORM DAG for example_trigger_target_dag
[2025-01-20T19:11:47.957+0000] {logging_mixin.py:190} INFO - [2025-01-20T19:11:47.957+0000] {dag.py:4180} INFO - Setting next_dagrun for example_trigger_target_dag to None, run_after=None
[2025-01-20T19:11:47.975+0000] {processor.py:208} INFO - Processing /home/airflow/.local/lib/python3.12/site-packages/airflow/example_dags/example_trigger_target_dag.py took 0.204 seconds
[2025-01-20T19:12:18.445+0000] {processor.py:186} INFO - Started process (PID=163) to work on /home/airflow/.local/lib/python3.12/site-packages/airflow/example_dags/example_trigger_target_dag.py
[2025-01-20T19:12:18.446+0000] {processor.py:914} INFO - Processing file /home/airflow/.local/lib/python3.12/site-packages/airflow/example_dags/example_trigger_target_dag.py for tasks to queue
[2025-01-20T19:12:18.448+0000] {logging_mixin.py:190} INFO - [2025-01-20T19:12:18.447+0000] {dagbag.py:588} INFO - Filling up the DagBag from /home/airflow/.local/lib/python3.12/site-packages/airflow/example_dags/example_trigger_target_dag.py
[2025-01-20T19:12:18.453+0000] {processor.py:925} INFO - DAG(s) 'example_trigger_target_dag' retrieved from /home/airflow/.local/lib/python3.12/site-packages/airflow/example_dags/example_trigger_target_dag.py
[2025-01-20T19:12:18.467+0000] {logging_mixin.py:190} INFO - [2025-01-20T19:12:18.467+0000] {dag.py:3239} INFO - Sync 1 DAGs
[2025-01-20T19:12:18.478+0000] {logging_mixin.py:190} INFO - [2025-01-20T19:12:18.478+0000] {dag.py:4180} INFO - Setting next_dagrun for example_trigger_target_dag to None, run_after=None
[2025-01-20T19:12:18.490+0000] {processor.py:208} INFO - Processing /home/airflow/.local/lib/python3.12/site-packages/airflow/example_dags/example_trigger_target_dag.py took 0.049 seconds
[2025-01-20T19:12:49.231+0000] {processor.py:186} INFO - Started process (PID=226) to work on /home/airflow/.local/lib/python3.12/site-packages/airflow/example_dags/example_trigger_target_dag.py
[2025-01-20T19:12:49.231+0000] {processor.py:914} INFO - Processing file /home/airflow/.local/lib/python3.12/site-packages/airflow/example_dags/example_trigger_target_dag.py for tasks to queue
[2025-01-20T19:12:49.233+0000] {logging_mixin.py:190} INFO - [2025-01-20T19:12:49.233+0000] {dagbag.py:588} INFO - Filling up the DagBag from /home/airflow/.local/lib/python3.12/site-packages/airflow/example_dags/example_trigger_target_dag.py
[2025-01-20T19:12:49.239+0000] {processor.py:925} INFO - DAG(s) 'example_trigger_target_dag' retrieved from /home/airflow/.local/lib/python3.12/site-packages/airflow/example_dags/example_trigger_target_dag.py
[2025-01-20T19:12:49.256+0000] {logging_mixin.py:190} INFO - [2025-01-20T19:12:49.255+0000] {dag.py:3239} INFO - Sync 1 DAGs
[2025-01-20T19:12:49.271+0000] {logging_mixin.py:190} INFO - [2025-01-20T19:12:49.270+0000] {dag.py:4180} INFO - Setting next_dagrun for example_trigger_target_dag to None, run_after=None
[2025-01-20T19:12:49.286+0000] {processor.py:208} INFO - Processing /home/airflow/.local/lib/python3.12/site-packages/airflow/example_dags/example_trigger_target_dag.py took 0.059 seconds
[2025-01-20T19:13:20.092+0000] {processor.py:186} INFO - Started process (PID=289) to work on /home/airflow/.local/lib/python3.12/site-packages/airflow/example_dags/example_trigger_target_dag.py
[2025-01-20T19:13:20.093+0000] {processor.py:914} INFO - Processing file /home/airflow/.local/lib/python3.12/site-packages/airflow/example_dags/example_trigger_target_dag.py for tasks to queue
[2025-01-20T19:13:20.094+0000] {logging_mixin.py:190} INFO - [2025-01-20T19:13:20.094+0000] {dagbag.py:588} INFO - Filling up the DagBag from /home/airflow/.local/lib/python3.12/site-packages/airflow/example_dags/example_trigger_target_dag.py
[2025-01-20T19:13:20.101+0000] {processor.py:925} INFO - DAG(s) 'example_trigger_target_dag' retrieved from /home/airflow/.local/lib/python3.12/site-packages/airflow/example_dags/example_trigger_target_dag.py
[2025-01-20T19:13:20.118+0000] {logging_mixin.py:190} INFO - [2025-01-20T19:13:20.118+0000] {dag.py:3239} INFO - Sync 1 DAGs
[2025-01-20T19:13:20.133+0000] {logging_mixin.py:190} INFO - [2025-01-20T19:13:20.133+0000] {dag.py:4180} INFO - Setting next_dagrun for example_trigger_target_dag to None, run_after=None
[2025-01-20T19:13:20.148+0000] {processor.py:208} INFO - Processing /home/airflow/.local/lib/python3.12/site-packages/airflow/example_dags/example_trigger_target_dag.py took 0.060 seconds
[2025-01-20T19:13:50.863+0000] {processor.py:186} INFO - Started process (PID=352) to work on /home/airflow/.local/lib/python3.12/site-packages/airflow/example_dags/example_trigger_target_dag.py
[2025-01-20T19:13:50.863+0000] {processor.py:914} INFO - Processing file /home/airflow/.local/lib/python3.12/site-packages/airflow/example_dags/example_trigger_target_dag.py for tasks to queue
[2025-01-20T19:13:50.865+0000] {logging_mixin.py:190} INFO - [2025-01-20T19:13:50.865+0000] {dagbag.py:588} INFO - Filling up the DagBag from /home/airflow/.local/lib/python3.12/site-packages/airflow/example_dags/example_trigger_target_dag.py
[2025-01-20T19:13:50.871+0000] {processor.py:925} INFO - DAG(s) 'example_trigger_target_dag' retrieved from /home/airflow/.local/lib/python3.12/site-packages/airflow/example_dags/example_trigger_target_dag.py
[2025-01-20T19:13:50.885+0000] {logging_mixin.py:190} INFO - [2025-01-20T19:13:50.885+0000] {dag.py:3239} INFO - Sync 1 DAGs
[2025-01-20T19:13:50.896+0000] {logging_mixin.py:190} INFO - [2025-01-20T19:13:50.895+0000] {dag.py:4180} INFO - Setting next_dagrun for example_trigger_target_dag to None, run_after=None
[2025-01-20T19:13:50.908+0000] {processor.py:208} INFO - Processing /home/airflow/.local/lib/python3.12/site-packages/airflow/example_dags/example_trigger_target_dag.py took 0.051 seconds
[2025-01-20T19:14:21.510+0000] {processor.py:186} INFO - Started process (PID=415) to work on /home/airflow/.local/lib/python3.12/site-packages/airflow/example_dags/example_trigger_target_dag.py
[2025-01-20T19:14:21.511+0000] {processor.py:914} INFO - Processing file /home/airflow/.local/lib/python3.12/site-packages/airflow/example_dags/example_trigger_target_dag.py for tasks to queue
[2025-01-20T19:14:21.512+0000] {logging_mixin.py:190} INFO - [2025-01-20T19:14:21.512+0000] {dagbag.py:588} INFO - Filling up the DagBag from /home/airflow/.local/lib/python3.12/site-packages/airflow/example_dags/example_trigger_target_dag.py
[2025-01-20T19:14:21.518+0000] {processor.py:925} INFO - DAG(s) 'example_trigger_target_dag' retrieved from /home/airflow/.local/lib/python3.12/site-packages/airflow/example_dags/example_trigger_target_dag.py
[2025-01-20T19:14:21.533+0000] {logging_mixin.py:190} INFO - [2025-01-20T19:14:21.533+0000] {dag.py:3239} INFO - Sync 1 DAGs
[2025-01-20T19:14:21.544+0000] {logging_mixin.py:190} INFO - [2025-01-20T19:14:21.544+0000] {dag.py:4180} INFO - Setting next_dagrun for example_trigger_target_dag to None, run_after=None
[2025-01-20T19:14:21.556+0000] {processor.py:208} INFO - Processing /home/airflow/.local/lib/python3.12/site-packages/airflow/example_dags/example_trigger_target_dag.py took 0.050 seconds
[2025-01-20T19:14:52.095+0000] {processor.py:186} INFO - Started process (PID=478) to work on /home/airflow/.local/lib/python3.12/site-packages/airflow/example_dags/example_trigger_target_dag.py
[2025-01-20T19:14:52.096+0000] {processor.py:914} INFO - Processing file /home/airflow/.local/lib/python3.12/site-packages/airflow/example_dags/example_trigger_target_dag.py for tasks to queue
[2025-01-20T19:14:52.097+0000] {logging_mixin.py:190} INFO - [2025-01-20T19:14:52.097+0000] {dagbag.py:588} INFO - Filling up the DagBag from /home/airflow/.local/lib/python3.12/site-packages/airflow/example_dags/example_trigger_target_dag.py
[2025-01-20T19:14:52.103+0000] {processor.py:925} INFO - DAG(s) 'example_trigger_target_dag' retrieved from /home/airflow/.local/lib/python3.12/site-packages/airflow/example_dags/example_trigger_target_dag.py
[2025-01-20T19:14:52.120+0000] {logging_mixin.py:190} INFO - [2025-01-20T19:14:52.120+0000] {dag.py:3239} INFO - Sync 1 DAGs
[2025-01-20T19:14:52.135+0000] {logging_mixin.py:190} INFO - [2025-01-20T19:14:52.134+0000] {dag.py:4180} INFO - Setting next_dagrun for example_trigger_target_dag to None, run_after=None
[2025-01-20T19:14:52.150+0000] {processor.py:208} INFO - Processing /home/airflow/.local/lib/python3.12/site-packages/airflow/example_dags/example_trigger_target_dag.py took 0.059 seconds
[2025-01-20T19:15:23.536+0000] {processor.py:186} INFO - Started process (PID=542) to work on /home/airflow/.local/lib/python3.12/site-packages/airflow/example_dags/example_trigger_target_dag.py
[2025-01-20T19:15:23.537+0000] {processor.py:914} INFO - Processing file /home/airflow/.local/lib/python3.12/site-packages/airflow/example_dags/example_trigger_target_dag.py for tasks to queue
[2025-01-20T19:15:23.539+0000] {logging_mixin.py:190} INFO - [2025-01-20T19:15:23.539+0000] {dagbag.py:588} INFO - Filling up the DagBag from /home/airflow/.local/lib/python3.12/site-packages/airflow/example_dags/example_trigger_target_dag.py
[2025-01-20T19:15:23.546+0000] {processor.py:925} INFO - DAG(s) 'example_trigger_target_dag' retrieved from /home/airflow/.local/lib/python3.12/site-packages/airflow/example_dags/example_trigger_target_dag.py
[2025-01-20T19:15:23.566+0000] {logging_mixin.py:190} INFO - [2025-01-20T19:15:23.565+0000] {dag.py:3239} INFO - Sync 1 DAGs
[2025-01-20T19:15:23.582+0000] {logging_mixin.py:190} INFO - [2025-01-20T19:15:23.582+0000] {dag.py:4180} INFO - Setting next_dagrun for example_trigger_target_dag to None, run_after=None
[2025-01-20T19:15:23.600+0000] {processor.py:208} INFO - Processing /home/airflow/.local/lib/python3.12/site-packages/airflow/example_dags/example_trigger_target_dag.py took 0.071 seconds
[2025-01-20T19:15:54.611+0000] {processor.py:186} INFO - Started process (PID=605) to work on /home/airflow/.local/lib/python3.12/site-packages/airflow/example_dags/example_trigger_target_dag.py
[2025-01-20T19:15:54.611+0000] {processor.py:914} INFO - Processing file /home/airflow/.local/lib/python3.12/site-packages/airflow/example_dags/example_trigger_target_dag.py for tasks to queue
[2025-01-20T19:15:54.613+0000] {logging_mixin.py:190} INFO - [2025-01-20T19:15:54.613+0000] {dagbag.py:588} INFO - Filling up the DagBag from /home/airflow/.local/lib/python3.12/site-packages/airflow/example_dags/example_trigger_target_dag.py
[2025-01-20T19:15:54.619+0000] {processor.py:925} INFO - DAG(s) 'example_trigger_target_dag' retrieved from /home/airflow/.local/lib/python3.12/site-packages/airflow/example_dags/example_trigger_target_dag.py
[2025-01-20T19:15:54.635+0000] {logging_mixin.py:190} INFO - [2025-01-20T19:15:54.634+0000] {dag.py:3239} INFO - Sync 1 DAGs
[2025-01-20T19:15:54.649+0000] {logging_mixin.py:190} INFO - [2025-01-20T19:15:54.649+0000] {dag.py:4180} INFO - Setting next_dagrun for example_trigger_target_dag to None, run_after=None
[2025-01-20T19:15:54.662+0000] {processor.py:208} INFO - Processing /home/airflow/.local/lib/python3.12/site-packages/airflow/example_dags/example_trigger_target_dag.py took 0.057 seconds
[2025-01-20T19:16:25.191+0000] {processor.py:186} INFO - Started process (PID=669) to work on /home/airflow/.local/lib/python3.12/site-packages/airflow/example_dags/example_trigger_target_dag.py
[2025-01-20T19:16:25.191+0000] {processor.py:914} INFO - Processing file /home/airflow/.local/lib/python3.12/site-packages/airflow/example_dags/example_trigger_target_dag.py for tasks to queue
[2025-01-20T19:16:25.193+0000] {logging_mixin.py:190} INFO - [2025-01-20T19:16:25.193+0000] {dagbag.py:588} INFO - Filling up the DagBag from /home/airflow/.local/lib/python3.12/site-packages/airflow/example_dags/example_trigger_target_dag.py
[2025-01-20T19:16:25.201+0000] {processor.py:925} INFO - DAG(s) 'example_trigger_target_dag' retrieved from /home/airflow/.local/lib/python3.12/site-packages/airflow/example_dags/example_trigger_target_dag.py
[2025-01-20T19:16:25.219+0000] {logging_mixin.py:190} INFO - [2025-01-20T19:16:25.218+0000] {dag.py:3239} INFO - Sync 1 DAGs
[2025-01-20T19:16:25.233+0000] {logging_mixin.py:190} INFO - [2025-01-20T19:16:25.233+0000] {dag.py:4180} INFO - Setting next_dagrun for example_trigger_target_dag to None, run_after=None
[2025-01-20T19:16:25.248+0000] {processor.py:208} INFO - Processing /home/airflow/.local/lib/python3.12/site-packages/airflow/example_dags/example_trigger_target_dag.py took 0.063 seconds
[2025-01-20T19:16:56.408+0000] {processor.py:186} INFO - Started process (PID=732) to work on /home/airflow/.local/lib/python3.12/site-packages/airflow/example_dags/example_trigger_target_dag.py
[2025-01-20T19:16:56.409+0000] {processor.py:914} INFO - Processing file /home/airflow/.local/lib/python3.12/site-packages/airflow/example_dags/example_trigger_target_dag.py for tasks to queue
[2025-01-20T19:16:56.411+0000] {logging_mixin.py:190} INFO - [2025-01-20T19:16:56.410+0000] {dagbag.py:588} INFO - Filling up the DagBag from /home/airflow/.local/lib/python3.12/site-packages/airflow/example_dags/example_trigger_target_dag.py
[2025-01-20T19:16:56.417+0000] {processor.py:925} INFO - DAG(s) 'example_trigger_target_dag' retrieved from /home/airflow/.local/lib/python3.12/site-packages/airflow/example_dags/example_trigger_target_dag.py
[2025-01-20T19:16:56.431+0000] {logging_mixin.py:190} INFO - [2025-01-20T19:16:56.431+0000] {dag.py:3239} INFO - Sync 1 DAGs
[2025-01-20T19:16:56.442+0000] {logging_mixin.py:190} INFO - [2025-01-20T19:16:56.442+0000] {dag.py:4180} INFO - Setting next_dagrun for example_trigger_target_dag to None, run_after=None
[2025-01-20T19:16:56.454+0000] {processor.py:208} INFO - Processing /home/airflow/.local/lib/python3.12/site-packages/airflow/example_dags/example_trigger_target_dag.py took 0.051 seconds
[2025-01-20T19:17:27.610+0000] {processor.py:186} INFO - Started process (PID=795) to work on /home/airflow/.local/lib/python3.12/site-packages/airflow/example_dags/example_trigger_target_dag.py
[2025-01-20T19:17:27.610+0000] {processor.py:914} INFO - Processing file /home/airflow/.local/lib/python3.12/site-packages/airflow/example_dags/example_trigger_target_dag.py for tasks to queue
[2025-01-20T19:17:27.612+0000] {logging_mixin.py:190} INFO - [2025-01-20T19:17:27.612+0000] {dagbag.py:588} INFO - Filling up the DagBag from /home/airflow/.local/lib/python3.12/site-packages/airflow/example_dags/example_trigger_target_dag.py
[2025-01-20T19:17:27.619+0000] {processor.py:925} INFO - DAG(s) 'example_trigger_target_dag' retrieved from /home/airflow/.local/lib/python3.12/site-packages/airflow/example_dags/example_trigger_target_dag.py
[2025-01-20T19:17:27.634+0000] {logging_mixin.py:190} INFO - [2025-01-20T19:17:27.633+0000] {dag.py:3239} INFO - Sync 1 DAGs
[2025-01-20T19:17:27.644+0000] {logging_mixin.py:190} INFO - [2025-01-20T19:17:27.644+0000] {dag.py:4180} INFO - Setting next_dagrun for example_trigger_target_dag to None, run_after=None
[2025-01-20T19:17:27.657+0000] {processor.py:208} INFO - Processing /home/airflow/.local/lib/python3.12/site-packages/airflow/example_dags/example_trigger_target_dag.py took 0.053 seconds
[2025-01-20T19:17:58.754+0000] {processor.py:186} INFO - Started process (PID=858) to work on /home/airflow/.local/lib/python3.12/site-packages/airflow/example_dags/example_trigger_target_dag.py
[2025-01-20T19:17:58.755+0000] {processor.py:914} INFO - Processing file /home/airflow/.local/lib/python3.12/site-packages/airflow/example_dags/example_trigger_target_dag.py for tasks to queue
[2025-01-20T19:17:58.757+0000] {logging_mixin.py:190} INFO - [2025-01-20T19:17:58.756+0000] {dagbag.py:588} INFO - Filling up the DagBag from /home/airflow/.local/lib/python3.12/site-packages/airflow/example_dags/example_trigger_target_dag.py
[2025-01-20T19:17:58.762+0000] {processor.py:925} INFO - DAG(s) 'example_trigger_target_dag' retrieved from /home/airflow/.local/lib/python3.12/site-packages/airflow/example_dags/example_trigger_target_dag.py
[2025-01-20T19:17:58.779+0000] {logging_mixin.py:190} INFO - [2025-01-20T19:17:58.778+0000] {dag.py:3239} INFO - Sync 1 DAGs
[2025-01-20T19:17:58.792+0000] {logging_mixin.py:190} INFO - [2025-01-20T19:17:58.792+0000] {dag.py:4180} INFO - Setting next_dagrun for example_trigger_target_dag to None, run_after=None
[2025-01-20T19:17:58.808+0000] {processor.py:208} INFO - Processing /home/airflow/.local/lib/python3.12/site-packages/airflow/example_dags/example_trigger_target_dag.py took 0.058 seconds
[2025-01-20T19:18:29.849+0000] {processor.py:186} INFO - Started process (PID=921) to work on /home/airflow/.local/lib/python3.12/site-packages/airflow/example_dags/example_trigger_target_dag.py
[2025-01-20T19:18:29.850+0000] {processor.py:914} INFO - Processing file /home/airflow/.local/lib/python3.12/site-packages/airflow/example_dags/example_trigger_target_dag.py for tasks to queue
[2025-01-20T19:18:29.851+0000] {logging_mixin.py:190} INFO - [2025-01-20T19:18:29.851+0000] {dagbag.py:588} INFO - Filling up the DagBag from /home/airflow/.local/lib/python3.12/site-packages/airflow/example_dags/example_trigger_target_dag.py
[2025-01-20T19:18:29.858+0000] {processor.py:925} INFO - DAG(s) 'example_trigger_target_dag' retrieved from /home/airflow/.local/lib/python3.12/site-packages/airflow/example_dags/example_trigger_target_dag.py
[2025-01-20T19:18:29.873+0000] {logging_mixin.py:190} INFO - [2025-01-20T19:18:29.872+0000] {dag.py:3239} INFO - Sync 1 DAGs
[2025-01-20T19:18:29.884+0000] {logging_mixin.py:190} INFO - [2025-01-20T19:18:29.884+0000] {dag.py:4180} INFO - Setting next_dagrun for example_trigger_target_dag to None, run_after=None
[2025-01-20T19:18:29.897+0000] {processor.py:208} INFO - Processing /home/airflow/.local/lib/python3.12/site-packages/airflow/example_dags/example_trigger_target_dag.py took 0.052 seconds
[2025-01-20T19:19:00.797+0000] {processor.py:186} INFO - Started process (PID=984) to work on /home/airflow/.local/lib/python3.12/site-packages/airflow/example_dags/example_trigger_target_dag.py
[2025-01-20T19:19:00.797+0000] {processor.py:914} INFO - Processing file /home/airflow/.local/lib/python3.12/site-packages/airflow/example_dags/example_trigger_target_dag.py for tasks to queue
[2025-01-20T19:19:00.799+0000] {logging_mixin.py:190} INFO - [2025-01-20T19:19:00.799+0000] {dagbag.py:588} INFO - Filling up the DagBag from /home/airflow/.local/lib/python3.12/site-packages/airflow/example_dags/example_trigger_target_dag.py
[2025-01-20T19:19:00.807+0000] {processor.py:925} INFO - DAG(s) 'example_trigger_target_dag' retrieved from /home/airflow/.local/lib/python3.12/site-packages/airflow/example_dags/example_trigger_target_dag.py
[2025-01-20T19:19:00.825+0000] {logging_mixin.py:190} INFO - [2025-01-20T19:19:00.824+0000] {dag.py:3239} INFO - Sync 1 DAGs
[2025-01-20T19:19:00.839+0000] {logging_mixin.py:190} INFO - [2025-01-20T19:19:00.839+0000] {dag.py:4180} INFO - Setting next_dagrun for example_trigger_target_dag to None, run_after=None
[2025-01-20T19:19:00.858+0000] {processor.py:208} INFO - Processing /home/airflow/.local/lib/python3.12/site-packages/airflow/example_dags/example_trigger_target_dag.py took 0.067 seconds
[2025-01-20T19:19:31.954+0000] {processor.py:186} INFO - Started process (PID=1047) to work on /home/airflow/.local/lib/python3.12/site-packages/airflow/example_dags/example_trigger_target_dag.py
[2025-01-20T19:19:31.955+0000] {processor.py:914} INFO - Processing file /home/airflow/.local/lib/python3.12/site-packages/airflow/example_dags/example_trigger_target_dag.py for tasks to queue
[2025-01-20T19:19:31.956+0000] {logging_mixin.py:190} INFO - [2025-01-20T19:19:31.956+0000] {dagbag.py:588} INFO - Filling up the DagBag from /home/airflow/.local/lib/python3.12/site-packages/airflow/example_dags/example_trigger_target_dag.py
[2025-01-20T19:19:31.962+0000] {processor.py:925} INFO - DAG(s) 'example_trigger_target_dag' retrieved from /home/airflow/.local/lib/python3.12/site-packages/airflow/example_dags/example_trigger_target_dag.py
[2025-01-20T19:19:31.977+0000] {logging_mixin.py:190} INFO - [2025-01-20T19:19:31.976+0000] {dag.py:3239} INFO - Sync 1 DAGs
[2025-01-20T19:19:31.990+0000] {logging_mixin.py:190} INFO - [2025-01-20T19:19:31.989+0000] {dag.py:4180} INFO - Setting next_dagrun for example_trigger_target_dag to None, run_after=None
[2025-01-20T19:19:32.003+0000] {processor.py:208} INFO - Processing /home/airflow/.local/lib/python3.12/site-packages/airflow/example_dags/example_trigger_target_dag.py took 0.053 seconds
[2025-01-20T19:20:03.042+0000] {processor.py:186} INFO - Started process (PID=1110) to work on /home/airflow/.local/lib/python3.12/site-packages/airflow/example_dags/example_trigger_target_dag.py
[2025-01-20T19:20:03.043+0000] {processor.py:914} INFO - Processing file /home/airflow/.local/lib/python3.12/site-packages/airflow/example_dags/example_trigger_target_dag.py for tasks to queue
[2025-01-20T19:20:03.046+0000] {logging_mixin.py:190} INFO - [2025-01-20T19:20:03.045+0000] {dagbag.py:588} INFO - Filling up the DagBag from /home/airflow/.local/lib/python3.12/site-packages/airflow/example_dags/example_trigger_target_dag.py
[2025-01-20T19:20:03.054+0000] {processor.py:925} INFO - DAG(s) 'example_trigger_target_dag' retrieved from /home/airflow/.local/lib/python3.12/site-packages/airflow/example_dags/example_trigger_target_dag.py
[2025-01-20T19:20:03.073+0000] {logging_mixin.py:190} INFO - [2025-01-20T19:20:03.073+0000] {dag.py:3239} INFO - Sync 1 DAGs
[2025-01-20T19:20:03.087+0000] {logging_mixin.py:190} INFO - [2025-01-20T19:20:03.087+0000] {dag.py:4180} INFO - Setting next_dagrun for example_trigger_target_dag to None, run_after=None
[2025-01-20T19:20:03.101+0000] {processor.py:208} INFO - Processing /home/airflow/.local/lib/python3.12/site-packages/airflow/example_dags/example_trigger_target_dag.py took 0.065 seconds
[2025-01-20T19:20:34.021+0000] {processor.py:186} INFO - Started process (PID=1173) to work on /home/airflow/.local/lib/python3.12/site-packages/airflow/example_dags/example_trigger_target_dag.py
[2025-01-20T19:20:34.022+0000] {processor.py:914} INFO - Processing file /home/airflow/.local/lib/python3.12/site-packages/airflow/example_dags/example_trigger_target_dag.py for tasks to queue
[2025-01-20T19:20:34.023+0000] {logging_mixin.py:190} INFO - [2025-01-20T19:20:34.023+0000] {dagbag.py:588} INFO - Filling up the DagBag from /home/airflow/.local/lib/python3.12/site-packages/airflow/example_dags/example_trigger_target_dag.py
[2025-01-20T19:20:34.029+0000] {processor.py:925} INFO - DAG(s) 'example_trigger_target_dag' retrieved from /home/airflow/.local/lib/python3.12/site-packages/airflow/example_dags/example_trigger_target_dag.py
[2025-01-20T19:20:34.044+0000] {logging_mixin.py:190} INFO - [2025-01-20T19:20:34.044+0000] {dag.py:3239} INFO - Sync 1 DAGs
[2025-01-20T19:20:34.058+0000] {logging_mixin.py:190} INFO - [2025-01-20T19:20:34.058+0000] {dag.py:4180} INFO - Setting next_dagrun for example_trigger_target_dag to None, run_after=None
[2025-01-20T19:20:34.071+0000] {processor.py:208} INFO - Processing /home/airflow/.local/lib/python3.12/site-packages/airflow/example_dags/example_trigger_target_dag.py took 0.054 seconds
[2025-01-20T19:21:05.332+0000] {processor.py:186} INFO - Started process (PID=1236) to work on /home/airflow/.local/lib/python3.12/site-packages/airflow/example_dags/example_trigger_target_dag.py
[2025-01-20T19:21:05.333+0000] {processor.py:914} INFO - Processing file /home/airflow/.local/lib/python3.12/site-packages/airflow/example_dags/example_trigger_target_dag.py for tasks to queue
[2025-01-20T19:21:05.335+0000] {logging_mixin.py:190} INFO - [2025-01-20T19:21:05.334+0000] {dagbag.py:588} INFO - Filling up the DagBag from /home/airflow/.local/lib/python3.12/site-packages/airflow/example_dags/example_trigger_target_dag.py
[2025-01-20T19:21:05.341+0000] {processor.py:925} INFO - DAG(s) 'example_trigger_target_dag' retrieved from /home/airflow/.local/lib/python3.12/site-packages/airflow/example_dags/example_trigger_target_dag.py
[2025-01-20T19:21:05.358+0000] {logging_mixin.py:190} INFO - [2025-01-20T19:21:05.358+0000] {dag.py:3239} INFO - Sync 1 DAGs
[2025-01-20T19:21:05.371+0000] {logging_mixin.py:190} INFO - [2025-01-20T19:21:05.370+0000] {dag.py:4180} INFO - Setting next_dagrun for example_trigger_target_dag to None, run_after=None
[2025-01-20T19:21:05.389+0000] {processor.py:208} INFO - Processing /home/airflow/.local/lib/python3.12/site-packages/airflow/example_dags/example_trigger_target_dag.py took 0.061 seconds
[2025-01-20T19:21:36.697+0000] {processor.py:186} INFO - Started process (PID=1299) to work on /home/airflow/.local/lib/python3.12/site-packages/airflow/example_dags/example_trigger_target_dag.py
[2025-01-20T19:21:36.697+0000] {processor.py:914} INFO - Processing file /home/airflow/.local/lib/python3.12/site-packages/airflow/example_dags/example_trigger_target_dag.py for tasks to queue
[2025-01-20T19:21:36.700+0000] {logging_mixin.py:190} INFO - [2025-01-20T19:21:36.700+0000] {dagbag.py:588} INFO - Filling up the DagBag from /home/airflow/.local/lib/python3.12/site-packages/airflow/example_dags/example_trigger_target_dag.py
[2025-01-20T19:21:36.708+0000] {processor.py:925} INFO - DAG(s) 'example_trigger_target_dag' retrieved from /home/airflow/.local/lib/python3.12/site-packages/airflow/example_dags/example_trigger_target_dag.py
[2025-01-20T19:21:36.724+0000] {logging_mixin.py:190} INFO - [2025-01-20T19:21:36.724+0000] {dag.py:3239} INFO - Sync 1 DAGs
[2025-01-20T19:21:36.736+0000] {logging_mixin.py:190} INFO - [2025-01-20T19:21:36.735+0000] {dag.py:4180} INFO - Setting next_dagrun for example_trigger_target_dag to None, run_after=None
[2025-01-20T19:21:36.750+0000] {processor.py:208} INFO - Processing /home/airflow/.local/lib/python3.12/site-packages/airflow/example_dags/example_trigger_target_dag.py took 0.057 seconds
[2025-01-20T19:22:07.916+0000] {processor.py:186} INFO - Started process (PID=1362) to work on /home/airflow/.local/lib/python3.12/site-packages/airflow/example_dags/example_trigger_target_dag.py
[2025-01-20T19:22:07.916+0000] {processor.py:914} INFO - Processing file /home/airflow/.local/lib/python3.12/site-packages/airflow/example_dags/example_trigger_target_dag.py for tasks to queue
[2025-01-20T19:22:07.918+0000] {logging_mixin.py:190} INFO - [2025-01-20T19:22:07.917+0000] {dagbag.py:588} INFO - Filling up the DagBag from /home/airflow/.local/lib/python3.12/site-packages/airflow/example_dags/example_trigger_target_dag.py
[2025-01-20T19:22:07.924+0000] {processor.py:925} INFO - DAG(s) 'example_trigger_target_dag' retrieved from /home/airflow/.local/lib/python3.12/site-packages/airflow/example_dags/example_trigger_target_dag.py
[2025-01-20T19:22:07.941+0000] {logging_mixin.py:190} INFO - [2025-01-20T19:22:07.941+0000] {dag.py:3239} INFO - Sync 1 DAGs
[2025-01-20T19:22:07.956+0000] {logging_mixin.py:190} INFO - [2025-01-20T19:22:07.956+0000] {dag.py:4180} INFO - Setting next_dagrun for example_trigger_target_dag to None, run_after=None
[2025-01-20T19:22:07.973+0000] {processor.py:208} INFO - Processing /home/airflow/.local/lib/python3.12/site-packages/airflow/example_dags/example_trigger_target_dag.py took 0.061 seconds
[2025-01-20T19:22:39.116+0000] {processor.py:186} INFO - Started process (PID=1425) to work on /home/airflow/.local/lib/python3.12/site-packages/airflow/example_dags/example_trigger_target_dag.py
[2025-01-20T19:22:39.116+0000] {processor.py:914} INFO - Processing file /home/airflow/.local/lib/python3.12/site-packages/airflow/example_dags/example_trigger_target_dag.py for tasks to queue
[2025-01-20T19:22:39.118+0000] {logging_mixin.py:190} INFO - [2025-01-20T19:22:39.118+0000] {dagbag.py:588} INFO - Filling up the DagBag from /home/airflow/.local/lib/python3.12/site-packages/airflow/example_dags/example_trigger_target_dag.py
[2025-01-20T19:22:39.125+0000] {processor.py:925} INFO - DAG(s) 'example_trigger_target_dag' retrieved from /home/airflow/.local/lib/python3.12/site-packages/airflow/example_dags/example_trigger_target_dag.py
[2025-01-20T19:22:39.140+0000] {logging_mixin.py:190} INFO - [2025-01-20T19:22:39.140+0000] {dag.py:3239} INFO - Sync 1 DAGs
[2025-01-20T19:22:39.151+0000] {logging_mixin.py:190} INFO - [2025-01-20T19:22:39.151+0000] {dag.py:4180} INFO - Setting next_dagrun for example_trigger_target_dag to None, run_after=None
[2025-01-20T19:22:39.164+0000] {processor.py:208} INFO - Processing /home/airflow/.local/lib/python3.12/site-packages/airflow/example_dags/example_trigger_target_dag.py took 0.053 seconds
[2025-01-20T19:23:10.228+0000] {processor.py:186} INFO - Started process (PID=1488) to work on /home/airflow/.local/lib/python3.12/site-packages/airflow/example_dags/example_trigger_target_dag.py
[2025-01-20T19:23:10.229+0000] {processor.py:914} INFO - Processing file /home/airflow/.local/lib/python3.12/site-packages/airflow/example_dags/example_trigger_target_dag.py for tasks to queue
[2025-01-20T19:23:10.231+0000] {logging_mixin.py:190} INFO - [2025-01-20T19:23:10.231+0000] {dagbag.py:588} INFO - Filling up the DagBag from /home/airflow/.local/lib/python3.12/site-packages/airflow/example_dags/example_trigger_target_dag.py
[2025-01-20T19:23:10.238+0000] {processor.py:925} INFO - DAG(s) 'example_trigger_target_dag' retrieved from /home/airflow/.local/lib/python3.12/site-packages/airflow/example_dags/example_trigger_target_dag.py
[2025-01-20T19:23:10.253+0000] {logging_mixin.py:190} INFO - [2025-01-20T19:23:10.253+0000] {dag.py:3239} INFO - Sync 1 DAGs
[2025-01-20T19:23:10.265+0000] {logging_mixin.py:190} INFO - [2025-01-20T19:23:10.264+0000] {dag.py:4180} INFO - Setting next_dagrun for example_trigger_target_dag to None, run_after=None
[2025-01-20T19:23:10.278+0000] {processor.py:208} INFO - Processing /home/airflow/.local/lib/python3.12/site-packages/airflow/example_dags/example_trigger_target_dag.py took 0.056 seconds
[2025-01-20T19:23:41.488+0000] {processor.py:186} INFO - Started process (PID=1551) to work on /home/airflow/.local/lib/python3.12/site-packages/airflow/example_dags/example_trigger_target_dag.py
[2025-01-20T19:23:41.489+0000] {processor.py:914} INFO - Processing file /home/airflow/.local/lib/python3.12/site-packages/airflow/example_dags/example_trigger_target_dag.py for tasks to queue
[2025-01-20T19:23:41.490+0000] {logging_mixin.py:190} INFO - [2025-01-20T19:23:41.490+0000] {dagbag.py:588} INFO - Filling up the DagBag from /home/airflow/.local/lib/python3.12/site-packages/airflow/example_dags/example_trigger_target_dag.py
[2025-01-20T19:23:41.497+0000] {processor.py:925} INFO - DAG(s) 'example_trigger_target_dag' retrieved from /home/airflow/.local/lib/python3.12/site-packages/airflow/example_dags/example_trigger_target_dag.py
[2025-01-20T19:23:41.511+0000] {logging_mixin.py:190} INFO - [2025-01-20T19:23:41.510+0000] {dag.py:3239} INFO - Sync 1 DAGs
[2025-01-20T19:23:41.521+0000] {logging_mixin.py:190} INFO - [2025-01-20T19:23:41.521+0000] {dag.py:4180} INFO - Setting next_dagrun for example_trigger_target_dag to None, run_after=None
[2025-01-20T19:23:41.533+0000] {processor.py:208} INFO - Processing /home/airflow/.local/lib/python3.12/site-packages/airflow/example_dags/example_trigger_target_dag.py took 0.049 seconds
