[2025-01-20T19:11:50.837+0000] {processor.py:186} INFO - Started process (PID=114) to work on /home/airflow/.local/lib/python3.12/site-packages/airflow/example_dags/example_workday_timetable.py
[2025-01-20T19:11:50.838+0000] {processor.py:914} INFO - Processing file /home/airflow/.local/lib/python3.12/site-packages/airflow/example_dags/example_workday_timetable.py for tasks to queue
[2025-01-20T19:11:50.840+0000] {logging_mixin.py:190} INFO - [2025-01-20T19:11:50.839+0000] {dagbag.py:588} INFO - Filling up the DagBag from /home/airflow/.local/lib/python3.12/site-packages/airflow/example_dags/example_workday_timetable.py
[2025-01-20T19:11:50.846+0000] {processor.py:925} INFO - DAG(s) 'example_workday_timetable' retrieved from /home/airflow/.local/lib/python3.12/site-packages/airflow/example_dags/example_workday_timetable.py
[2025-01-20T19:11:50.959+0000] {logging_mixin.py:190} INFO - [2025-01-20T19:11:50.958+0000] {override.py:1911} INFO - Created Permission View: can edit on DAG:example_workday_timetable
[2025-01-20T19:11:50.966+0000] {logging_mixin.py:190} INFO - [2025-01-20T19:11:50.966+0000] {override.py:1911} INFO - Created Permission View: can delete on DAG:example_workday_timetable
[2025-01-20T19:11:50.972+0000] {logging_mixin.py:190} INFO - [2025-01-20T19:11:50.971+0000] {override.py:1911} INFO - Created Permission View: can read on DAG:example_workday_timetable
[2025-01-20T19:11:50.976+0000] {logging_mixin.py:190} INFO - [2025-01-20T19:11:50.976+0000] {override.py:1911} INFO - Created Permission View: can create on DAG Run:example_workday_timetable
[2025-01-20T19:11:50.981+0000] {logging_mixin.py:190} INFO - [2025-01-20T19:11:50.981+0000] {override.py:1911} INFO - Created Permission View: can delete on DAG Run:example_workday_timetable
[2025-01-20T19:11:50.986+0000] {logging_mixin.py:190} INFO - [2025-01-20T19:11:50.985+0000] {override.py:1911} INFO - Created Permission View: menu access on DAG Run:example_workday_timetable
[2025-01-20T19:11:50.990+0000] {logging_mixin.py:190} INFO - [2025-01-20T19:11:50.990+0000] {override.py:1911} INFO - Created Permission View: can read on DAG Run:example_workday_timetable
[2025-01-20T19:11:50.990+0000] {logging_mixin.py:190} INFO - [2025-01-20T19:11:50.990+0000] {dag.py:3239} INFO - Sync 1 DAGs
[2025-01-20T19:11:51.003+0000] {logging_mixin.py:190} INFO - [2025-01-20T19:11:51.003+0000] {dag.py:3262} INFO - Creating ORM DAG for example_workday_timetable
[2025-01-20T19:11:51.043+0000] {logging_mixin.py:190} INFO - [2025-01-20T19:11:51.042+0000] {dag.py:4180} INFO - Setting next_dagrun for example_workday_timetable to 2021-01-04 00:00:00+00:00, run_after=2021-01-05 00:00:00+00:00
[2025-01-20T19:11:51.055+0000] {processor.py:208} INFO - Processing /home/airflow/.local/lib/python3.12/site-packages/airflow/example_dags/example_workday_timetable.py took 0.225 seconds
[2025-01-20T19:12:22.005+0000] {processor.py:186} INFO - Started process (PID=177) to work on /home/airflow/.local/lib/python3.12/site-packages/airflow/example_dags/example_workday_timetable.py
[2025-01-20T19:12:22.005+0000] {processor.py:914} INFO - Processing file /home/airflow/.local/lib/python3.12/site-packages/airflow/example_dags/example_workday_timetable.py for tasks to queue
[2025-01-20T19:12:22.007+0000] {logging_mixin.py:190} INFO - [2025-01-20T19:12:22.007+0000] {dagbag.py:588} INFO - Filling up the DagBag from /home/airflow/.local/lib/python3.12/site-packages/airflow/example_dags/example_workday_timetable.py
[2025-01-20T19:12:22.012+0000] {processor.py:925} INFO - DAG(s) 'example_workday_timetable' retrieved from /home/airflow/.local/lib/python3.12/site-packages/airflow/example_dags/example_workday_timetable.py
[2025-01-20T19:12:22.028+0000] {logging_mixin.py:190} INFO - [2025-01-20T19:12:22.028+0000] {dag.py:3239} INFO - Sync 1 DAGs
[2025-01-20T19:12:22.088+0000] {logging_mixin.py:190} INFO - [2025-01-20T19:12:22.088+0000] {dag.py:4180} INFO - Setting next_dagrun for example_workday_timetable to 2021-01-04 00:00:00+00:00, run_after=2021-01-05 00:00:00+00:00
[2025-01-20T19:12:22.104+0000] {processor.py:208} INFO - Processing /home/airflow/.local/lib/python3.12/site-packages/airflow/example_dags/example_workday_timetable.py took 0.104 seconds
[2025-01-20T19:12:52.742+0000] {processor.py:186} INFO - Started process (PID=240) to work on /home/airflow/.local/lib/python3.12/site-packages/airflow/example_dags/example_workday_timetable.py
[2025-01-20T19:12:52.742+0000] {processor.py:914} INFO - Processing file /home/airflow/.local/lib/python3.12/site-packages/airflow/example_dags/example_workday_timetable.py for tasks to queue
[2025-01-20T19:12:52.744+0000] {logging_mixin.py:190} INFO - [2025-01-20T19:12:52.744+0000] {dagbag.py:588} INFO - Filling up the DagBag from /home/airflow/.local/lib/python3.12/site-packages/airflow/example_dags/example_workday_timetable.py
[2025-01-20T19:12:52.749+0000] {processor.py:925} INFO - DAG(s) 'example_workday_timetable' retrieved from /home/airflow/.local/lib/python3.12/site-packages/airflow/example_dags/example_workday_timetable.py
[2025-01-20T19:12:52.765+0000] {logging_mixin.py:190} INFO - [2025-01-20T19:12:52.765+0000] {dag.py:3239} INFO - Sync 1 DAGs
[2025-01-20T19:12:52.815+0000] {logging_mixin.py:190} INFO - [2025-01-20T19:12:52.815+0000] {dag.py:4180} INFO - Setting next_dagrun for example_workday_timetable to 2021-01-04 00:00:00+00:00, run_after=2021-01-05 00:00:00+00:00
[2025-01-20T19:12:52.830+0000] {processor.py:208} INFO - Processing /home/airflow/.local/lib/python3.12/site-packages/airflow/example_dags/example_workday_timetable.py took 0.092 seconds
[2025-01-20T19:13:23.229+0000] {processor.py:186} INFO - Started process (PID=303) to work on /home/airflow/.local/lib/python3.12/site-packages/airflow/example_dags/example_workday_timetable.py
[2025-01-20T19:13:23.229+0000] {processor.py:914} INFO - Processing file /home/airflow/.local/lib/python3.12/site-packages/airflow/example_dags/example_workday_timetable.py for tasks to queue
[2025-01-20T19:13:23.231+0000] {logging_mixin.py:190} INFO - [2025-01-20T19:13:23.231+0000] {dagbag.py:588} INFO - Filling up the DagBag from /home/airflow/.local/lib/python3.12/site-packages/airflow/example_dags/example_workday_timetable.py
[2025-01-20T19:13:23.236+0000] {processor.py:925} INFO - DAG(s) 'example_workday_timetable' retrieved from /home/airflow/.local/lib/python3.12/site-packages/airflow/example_dags/example_workday_timetable.py
[2025-01-20T19:13:23.252+0000] {logging_mixin.py:190} INFO - [2025-01-20T19:13:23.252+0000] {dag.py:3239} INFO - Sync 1 DAGs
[2025-01-20T19:13:23.306+0000] {logging_mixin.py:190} INFO - [2025-01-20T19:13:23.306+0000] {dag.py:4180} INFO - Setting next_dagrun for example_workday_timetable to 2021-01-04 00:00:00+00:00, run_after=2021-01-05 00:00:00+00:00
[2025-01-20T19:13:23.319+0000] {processor.py:208} INFO - Processing /home/airflow/.local/lib/python3.12/site-packages/airflow/example_dags/example_workday_timetable.py took 0.094 seconds
[2025-01-20T19:13:53.956+0000] {processor.py:186} INFO - Started process (PID=366) to work on /home/airflow/.local/lib/python3.12/site-packages/airflow/example_dags/example_workday_timetable.py
[2025-01-20T19:13:53.957+0000] {processor.py:914} INFO - Processing file /home/airflow/.local/lib/python3.12/site-packages/airflow/example_dags/example_workday_timetable.py for tasks to queue
[2025-01-20T19:13:53.958+0000] {logging_mixin.py:190} INFO - [2025-01-20T19:13:53.958+0000] {dagbag.py:588} INFO - Filling up the DagBag from /home/airflow/.local/lib/python3.12/site-packages/airflow/example_dags/example_workday_timetable.py
[2025-01-20T19:13:53.963+0000] {processor.py:925} INFO - DAG(s) 'example_workday_timetable' retrieved from /home/airflow/.local/lib/python3.12/site-packages/airflow/example_dags/example_workday_timetable.py
[2025-01-20T19:13:53.979+0000] {logging_mixin.py:190} INFO - [2025-01-20T19:13:53.979+0000] {dag.py:3239} INFO - Sync 1 DAGs
[2025-01-20T19:13:54.047+0000] {logging_mixin.py:190} INFO - [2025-01-20T19:13:54.047+0000] {dag.py:4180} INFO - Setting next_dagrun for example_workday_timetable to 2021-01-04 00:00:00+00:00, run_after=2021-01-05 00:00:00+00:00
[2025-01-20T19:13:54.061+0000] {processor.py:208} INFO - Processing /home/airflow/.local/lib/python3.12/site-packages/airflow/example_dags/example_workday_timetable.py took 0.109 seconds
[2025-01-20T19:14:24.109+0000] {processor.py:186} INFO - Started process (PID=429) to work on /home/airflow/.local/lib/python3.12/site-packages/airflow/example_dags/example_workday_timetable.py
[2025-01-20T19:14:24.109+0000] {processor.py:914} INFO - Processing file /home/airflow/.local/lib/python3.12/site-packages/airflow/example_dags/example_workday_timetable.py for tasks to queue
[2025-01-20T19:14:24.111+0000] {logging_mixin.py:190} INFO - [2025-01-20T19:14:24.111+0000] {dagbag.py:588} INFO - Filling up the DagBag from /home/airflow/.local/lib/python3.12/site-packages/airflow/example_dags/example_workday_timetable.py
[2025-01-20T19:14:24.117+0000] {processor.py:925} INFO - DAG(s) 'example_workday_timetable' retrieved from /home/airflow/.local/lib/python3.12/site-packages/airflow/example_dags/example_workday_timetable.py
[2025-01-20T19:14:24.136+0000] {logging_mixin.py:190} INFO - [2025-01-20T19:14:24.136+0000] {dag.py:3239} INFO - Sync 1 DAGs
[2025-01-20T19:14:24.216+0000] {logging_mixin.py:190} INFO - [2025-01-20T19:14:24.215+0000] {dag.py:4180} INFO - Setting next_dagrun for example_workday_timetable to 2021-01-04 00:00:00+00:00, run_after=2021-01-05 00:00:00+00:00
[2025-01-20T19:14:24.232+0000] {processor.py:208} INFO - Processing /home/airflow/.local/lib/python3.12/site-packages/airflow/example_dags/example_workday_timetable.py took 0.129 seconds
[2025-01-20T19:14:55.425+0000] {processor.py:186} INFO - Started process (PID=492) to work on /home/airflow/.local/lib/python3.12/site-packages/airflow/example_dags/example_workday_timetable.py
[2025-01-20T19:14:55.425+0000] {processor.py:914} INFO - Processing file /home/airflow/.local/lib/python3.12/site-packages/airflow/example_dags/example_workday_timetable.py for tasks to queue
[2025-01-20T19:14:55.427+0000] {logging_mixin.py:190} INFO - [2025-01-20T19:14:55.427+0000] {dagbag.py:588} INFO - Filling up the DagBag from /home/airflow/.local/lib/python3.12/site-packages/airflow/example_dags/example_workday_timetable.py
[2025-01-20T19:14:55.431+0000] {processor.py:925} INFO - DAG(s) 'example_workday_timetable' retrieved from /home/airflow/.local/lib/python3.12/site-packages/airflow/example_dags/example_workday_timetable.py
[2025-01-20T19:14:55.446+0000] {logging_mixin.py:190} INFO - [2025-01-20T19:14:55.446+0000] {dag.py:3239} INFO - Sync 1 DAGs
[2025-01-20T19:14:55.506+0000] {logging_mixin.py:190} INFO - [2025-01-20T19:14:55.506+0000] {dag.py:4180} INFO - Setting next_dagrun for example_workday_timetable to 2021-01-04 00:00:00+00:00, run_after=2021-01-05 00:00:00+00:00
[2025-01-20T19:14:55.520+0000] {processor.py:208} INFO - Processing /home/airflow/.local/lib/python3.12/site-packages/airflow/example_dags/example_workday_timetable.py took 0.099 seconds
[2025-01-20T19:15:26.868+0000] {processor.py:186} INFO - Started process (PID=556) to work on /home/airflow/.local/lib/python3.12/site-packages/airflow/example_dags/example_workday_timetable.py
[2025-01-20T19:15:26.869+0000] {processor.py:914} INFO - Processing file /home/airflow/.local/lib/python3.12/site-packages/airflow/example_dags/example_workday_timetable.py for tasks to queue
[2025-01-20T19:15:26.870+0000] {logging_mixin.py:190} INFO - [2025-01-20T19:15:26.870+0000] {dagbag.py:588} INFO - Filling up the DagBag from /home/airflow/.local/lib/python3.12/site-packages/airflow/example_dags/example_workday_timetable.py
[2025-01-20T19:15:26.875+0000] {processor.py:925} INFO - DAG(s) 'example_workday_timetable' retrieved from /home/airflow/.local/lib/python3.12/site-packages/airflow/example_dags/example_workday_timetable.py
[2025-01-20T19:15:26.889+0000] {logging_mixin.py:190} INFO - [2025-01-20T19:15:26.889+0000] {dag.py:3239} INFO - Sync 1 DAGs
[2025-01-20T19:15:26.939+0000] {logging_mixin.py:190} INFO - [2025-01-20T19:15:26.939+0000] {dag.py:4180} INFO - Setting next_dagrun for example_workday_timetable to 2021-01-04 00:00:00+00:00, run_after=2021-01-05 00:00:00+00:00
[2025-01-20T19:15:26.953+0000] {processor.py:208} INFO - Processing /home/airflow/.local/lib/python3.12/site-packages/airflow/example_dags/example_workday_timetable.py took 0.090 seconds
[2025-01-20T19:15:58.196+0000] {processor.py:186} INFO - Started process (PID=619) to work on /home/airflow/.local/lib/python3.12/site-packages/airflow/example_dags/example_workday_timetable.py
[2025-01-20T19:15:58.196+0000] {processor.py:914} INFO - Processing file /home/airflow/.local/lib/python3.12/site-packages/airflow/example_dags/example_workday_timetable.py for tasks to queue
[2025-01-20T19:15:58.199+0000] {logging_mixin.py:190} INFO - [2025-01-20T19:15:58.198+0000] {dagbag.py:588} INFO - Filling up the DagBag from /home/airflow/.local/lib/python3.12/site-packages/airflow/example_dags/example_workday_timetable.py
[2025-01-20T19:15:58.205+0000] {processor.py:925} INFO - DAG(s) 'example_workday_timetable' retrieved from /home/airflow/.local/lib/python3.12/site-packages/airflow/example_dags/example_workday_timetable.py
[2025-01-20T19:15:58.223+0000] {logging_mixin.py:190} INFO - [2025-01-20T19:15:58.223+0000] {dag.py:3239} INFO - Sync 1 DAGs
[2025-01-20T19:15:58.295+0000] {logging_mixin.py:190} INFO - [2025-01-20T19:15:58.295+0000] {dag.py:4180} INFO - Setting next_dagrun for example_workday_timetable to 2021-01-04 00:00:00+00:00, run_after=2021-01-05 00:00:00+00:00
[2025-01-20T19:15:58.316+0000] {processor.py:208} INFO - Processing /home/airflow/.local/lib/python3.12/site-packages/airflow/example_dags/example_workday_timetable.py took 0.127 seconds
[2025-01-20T19:16:29.665+0000] {processor.py:186} INFO - Started process (PID=683) to work on /home/airflow/.local/lib/python3.12/site-packages/airflow/example_dags/example_workday_timetable.py
[2025-01-20T19:16:29.666+0000] {processor.py:914} INFO - Processing file /home/airflow/.local/lib/python3.12/site-packages/airflow/example_dags/example_workday_timetable.py for tasks to queue
[2025-01-20T19:16:29.667+0000] {logging_mixin.py:190} INFO - [2025-01-20T19:16:29.667+0000] {dagbag.py:588} INFO - Filling up the DagBag from /home/airflow/.local/lib/python3.12/site-packages/airflow/example_dags/example_workday_timetable.py
[2025-01-20T19:16:29.672+0000] {processor.py:925} INFO - DAG(s) 'example_workday_timetable' retrieved from /home/airflow/.local/lib/python3.12/site-packages/airflow/example_dags/example_workday_timetable.py
[2025-01-20T19:16:29.686+0000] {logging_mixin.py:190} INFO - [2025-01-20T19:16:29.686+0000] {dag.py:3239} INFO - Sync 1 DAGs
[2025-01-20T19:16:29.749+0000] {logging_mixin.py:190} INFO - [2025-01-20T19:16:29.749+0000] {dag.py:4180} INFO - Setting next_dagrun for example_workday_timetable to 2021-01-04 00:00:00+00:00, run_after=2021-01-05 00:00:00+00:00
[2025-01-20T19:16:29.765+0000] {processor.py:208} INFO - Processing /home/airflow/.local/lib/python3.12/site-packages/airflow/example_dags/example_workday_timetable.py took 0.104 seconds
[2025-01-20T19:17:00.707+0000] {processor.py:186} INFO - Started process (PID=746) to work on /home/airflow/.local/lib/python3.12/site-packages/airflow/example_dags/example_workday_timetable.py
[2025-01-20T19:17:00.708+0000] {processor.py:914} INFO - Processing file /home/airflow/.local/lib/python3.12/site-packages/airflow/example_dags/example_workday_timetable.py for tasks to queue
[2025-01-20T19:17:00.710+0000] {logging_mixin.py:190} INFO - [2025-01-20T19:17:00.709+0000] {dagbag.py:588} INFO - Filling up the DagBag from /home/airflow/.local/lib/python3.12/site-packages/airflow/example_dags/example_workday_timetable.py
[2025-01-20T19:17:00.715+0000] {processor.py:925} INFO - DAG(s) 'example_workday_timetable' retrieved from /home/airflow/.local/lib/python3.12/site-packages/airflow/example_dags/example_workday_timetable.py
[2025-01-20T19:17:00.730+0000] {logging_mixin.py:190} INFO - [2025-01-20T19:17:00.730+0000] {dag.py:3239} INFO - Sync 1 DAGs
[2025-01-20T19:17:00.796+0000] {logging_mixin.py:190} INFO - [2025-01-20T19:17:00.795+0000] {dag.py:4180} INFO - Setting next_dagrun for example_workday_timetable to 2021-01-04 00:00:00+00:00, run_after=2021-01-05 00:00:00+00:00
[2025-01-20T19:17:00.811+0000] {processor.py:208} INFO - Processing /home/airflow/.local/lib/python3.12/site-packages/airflow/example_dags/example_workday_timetable.py took 0.108 seconds
[2025-01-20T19:17:31.831+0000] {processor.py:186} INFO - Started process (PID=809) to work on /home/airflow/.local/lib/python3.12/site-packages/airflow/example_dags/example_workday_timetable.py
[2025-01-20T19:17:31.832+0000] {processor.py:914} INFO - Processing file /home/airflow/.local/lib/python3.12/site-packages/airflow/example_dags/example_workday_timetable.py for tasks to queue
[2025-01-20T19:17:31.834+0000] {logging_mixin.py:190} INFO - [2025-01-20T19:17:31.833+0000] {dagbag.py:588} INFO - Filling up the DagBag from /home/airflow/.local/lib/python3.12/site-packages/airflow/example_dags/example_workday_timetable.py
[2025-01-20T19:17:31.840+0000] {processor.py:925} INFO - DAG(s) 'example_workday_timetable' retrieved from /home/airflow/.local/lib/python3.12/site-packages/airflow/example_dags/example_workday_timetable.py
[2025-01-20T19:17:31.861+0000] {logging_mixin.py:190} INFO - [2025-01-20T19:17:31.861+0000] {dag.py:3239} INFO - Sync 1 DAGs
[2025-01-20T19:17:31.919+0000] {logging_mixin.py:190} INFO - [2025-01-20T19:17:31.919+0000] {dag.py:4180} INFO - Setting next_dagrun for example_workday_timetable to 2021-01-04 00:00:00+00:00, run_after=2021-01-05 00:00:00+00:00
[2025-01-20T19:17:31.936+0000] {processor.py:208} INFO - Processing /home/airflow/.local/lib/python3.12/site-packages/airflow/example_dags/example_workday_timetable.py took 0.111 seconds
[2025-01-20T19:18:03.008+0000] {processor.py:186} INFO - Started process (PID=872) to work on /home/airflow/.local/lib/python3.12/site-packages/airflow/example_dags/example_workday_timetable.py
[2025-01-20T19:18:03.008+0000] {processor.py:914} INFO - Processing file /home/airflow/.local/lib/python3.12/site-packages/airflow/example_dags/example_workday_timetable.py for tasks to queue
[2025-01-20T19:18:03.010+0000] {logging_mixin.py:190} INFO - [2025-01-20T19:18:03.010+0000] {dagbag.py:588} INFO - Filling up the DagBag from /home/airflow/.local/lib/python3.12/site-packages/airflow/example_dags/example_workday_timetable.py
[2025-01-20T19:18:03.015+0000] {processor.py:925} INFO - DAG(s) 'example_workday_timetable' retrieved from /home/airflow/.local/lib/python3.12/site-packages/airflow/example_dags/example_workday_timetable.py
[2025-01-20T19:18:03.032+0000] {logging_mixin.py:190} INFO - [2025-01-20T19:18:03.032+0000] {dag.py:3239} INFO - Sync 1 DAGs
[2025-01-20T19:18:03.086+0000] {logging_mixin.py:190} INFO - [2025-01-20T19:18:03.086+0000] {dag.py:4180} INFO - Setting next_dagrun for example_workday_timetable to 2021-01-04 00:00:00+00:00, run_after=2021-01-05 00:00:00+00:00
[2025-01-20T19:18:03.105+0000] {processor.py:208} INFO - Processing /home/airflow/.local/lib/python3.12/site-packages/airflow/example_dags/example_workday_timetable.py took 0.102 seconds
[2025-01-20T19:18:34.072+0000] {processor.py:186} INFO - Started process (PID=935) to work on /home/airflow/.local/lib/python3.12/site-packages/airflow/example_dags/example_workday_timetable.py
[2025-01-20T19:18:34.073+0000] {processor.py:914} INFO - Processing file /home/airflow/.local/lib/python3.12/site-packages/airflow/example_dags/example_workday_timetable.py for tasks to queue
[2025-01-20T19:18:34.074+0000] {logging_mixin.py:190} INFO - [2025-01-20T19:18:34.074+0000] {dagbag.py:588} INFO - Filling up the DagBag from /home/airflow/.local/lib/python3.12/site-packages/airflow/example_dags/example_workday_timetable.py
[2025-01-20T19:18:34.079+0000] {processor.py:925} INFO - DAG(s) 'example_workday_timetable' retrieved from /home/airflow/.local/lib/python3.12/site-packages/airflow/example_dags/example_workday_timetable.py
[2025-01-20T19:18:34.097+0000] {logging_mixin.py:190} INFO - [2025-01-20T19:18:34.096+0000] {dag.py:3239} INFO - Sync 1 DAGs
[2025-01-20T19:18:34.155+0000] {logging_mixin.py:190} INFO - [2025-01-20T19:18:34.155+0000] {dag.py:4180} INFO - Setting next_dagrun for example_workday_timetable to 2021-01-04 00:00:00+00:00, run_after=2021-01-05 00:00:00+00:00
[2025-01-20T19:18:34.169+0000] {processor.py:208} INFO - Processing /home/airflow/.local/lib/python3.12/site-packages/airflow/example_dags/example_workday_timetable.py took 0.101 seconds
[2025-01-20T19:19:04.973+0000] {processor.py:186} INFO - Started process (PID=998) to work on /home/airflow/.local/lib/python3.12/site-packages/airflow/example_dags/example_workday_timetable.py
[2025-01-20T19:19:04.973+0000] {processor.py:914} INFO - Processing file /home/airflow/.local/lib/python3.12/site-packages/airflow/example_dags/example_workday_timetable.py for tasks to queue
[2025-01-20T19:19:04.975+0000] {logging_mixin.py:190} INFO - [2025-01-20T19:19:04.975+0000] {dagbag.py:588} INFO - Filling up the DagBag from /home/airflow/.local/lib/python3.12/site-packages/airflow/example_dags/example_workday_timetable.py
[2025-01-20T19:19:04.980+0000] {processor.py:925} INFO - DAG(s) 'example_workday_timetable' retrieved from /home/airflow/.local/lib/python3.12/site-packages/airflow/example_dags/example_workday_timetable.py
[2025-01-20T19:19:04.996+0000] {logging_mixin.py:190} INFO - [2025-01-20T19:19:04.996+0000] {dag.py:3239} INFO - Sync 1 DAGs
[2025-01-20T19:19:05.057+0000] {logging_mixin.py:190} INFO - [2025-01-20T19:19:05.056+0000] {dag.py:4180} INFO - Setting next_dagrun for example_workday_timetable to 2021-01-04 00:00:00+00:00, run_after=2021-01-05 00:00:00+00:00
[2025-01-20T19:19:05.075+0000] {processor.py:208} INFO - Processing /home/airflow/.local/lib/python3.12/site-packages/airflow/example_dags/example_workday_timetable.py took 0.107 seconds
[2025-01-20T19:19:36.127+0000] {processor.py:186} INFO - Started process (PID=1061) to work on /home/airflow/.local/lib/python3.12/site-packages/airflow/example_dags/example_workday_timetable.py
[2025-01-20T19:19:36.127+0000] {processor.py:914} INFO - Processing file /home/airflow/.local/lib/python3.12/site-packages/airflow/example_dags/example_workday_timetable.py for tasks to queue
[2025-01-20T19:19:36.129+0000] {logging_mixin.py:190} INFO - [2025-01-20T19:19:36.129+0000] {dagbag.py:588} INFO - Filling up the DagBag from /home/airflow/.local/lib/python3.12/site-packages/airflow/example_dags/example_workday_timetable.py
[2025-01-20T19:19:36.133+0000] {processor.py:925} INFO - DAG(s) 'example_workday_timetable' retrieved from /home/airflow/.local/lib/python3.12/site-packages/airflow/example_dags/example_workday_timetable.py
[2025-01-20T19:19:36.150+0000] {logging_mixin.py:190} INFO - [2025-01-20T19:19:36.150+0000] {dag.py:3239} INFO - Sync 1 DAGs
[2025-01-20T19:19:36.204+0000] {logging_mixin.py:190} INFO - [2025-01-20T19:19:36.204+0000] {dag.py:4180} INFO - Setting next_dagrun for example_workday_timetable to 2021-01-04 00:00:00+00:00, run_after=2021-01-05 00:00:00+00:00
[2025-01-20T19:19:36.220+0000] {processor.py:208} INFO - Processing /home/airflow/.local/lib/python3.12/site-packages/airflow/example_dags/example_workday_timetable.py took 0.098 seconds
[2025-01-20T19:20:07.211+0000] {processor.py:186} INFO - Started process (PID=1124) to work on /home/airflow/.local/lib/python3.12/site-packages/airflow/example_dags/example_workday_timetable.py
[2025-01-20T19:20:07.212+0000] {processor.py:914} INFO - Processing file /home/airflow/.local/lib/python3.12/site-packages/airflow/example_dags/example_workday_timetable.py for tasks to queue
[2025-01-20T19:20:07.213+0000] {logging_mixin.py:190} INFO - [2025-01-20T19:20:07.213+0000] {dagbag.py:588} INFO - Filling up the DagBag from /home/airflow/.local/lib/python3.12/site-packages/airflow/example_dags/example_workday_timetable.py
[2025-01-20T19:20:07.218+0000] {processor.py:925} INFO - DAG(s) 'example_workday_timetable' retrieved from /home/airflow/.local/lib/python3.12/site-packages/airflow/example_dags/example_workday_timetable.py
[2025-01-20T19:20:07.234+0000] {logging_mixin.py:190} INFO - [2025-01-20T19:20:07.234+0000] {dag.py:3239} INFO - Sync 1 DAGs
[2025-01-20T19:20:07.285+0000] {logging_mixin.py:190} INFO - [2025-01-20T19:20:07.285+0000] {dag.py:4180} INFO - Setting next_dagrun for example_workday_timetable to 2021-01-04 00:00:00+00:00, run_after=2021-01-05 00:00:00+00:00
[2025-01-20T19:20:07.298+0000] {processor.py:208} INFO - Processing /home/airflow/.local/lib/python3.12/site-packages/airflow/example_dags/example_workday_timetable.py took 0.092 seconds
[2025-01-20T19:20:38.281+0000] {processor.py:186} INFO - Started process (PID=1187) to work on /home/airflow/.local/lib/python3.12/site-packages/airflow/example_dags/example_workday_timetable.py
[2025-01-20T19:20:38.282+0000] {processor.py:914} INFO - Processing file /home/airflow/.local/lib/python3.12/site-packages/airflow/example_dags/example_workday_timetable.py for tasks to queue
[2025-01-20T19:20:38.284+0000] {logging_mixin.py:190} INFO - [2025-01-20T19:20:38.284+0000] {dagbag.py:588} INFO - Filling up the DagBag from /home/airflow/.local/lib/python3.12/site-packages/airflow/example_dags/example_workday_timetable.py
[2025-01-20T19:20:38.290+0000] {processor.py:925} INFO - DAG(s) 'example_workday_timetable' retrieved from /home/airflow/.local/lib/python3.12/site-packages/airflow/example_dags/example_workday_timetable.py
[2025-01-20T19:20:38.311+0000] {logging_mixin.py:190} INFO - [2025-01-20T19:20:38.311+0000] {dag.py:3239} INFO - Sync 1 DAGs
[2025-01-20T19:20:38.371+0000] {logging_mixin.py:190} INFO - [2025-01-20T19:20:38.371+0000] {dag.py:4180} INFO - Setting next_dagrun for example_workday_timetable to 2021-01-04 00:00:00+00:00, run_after=2021-01-05 00:00:00+00:00
[2025-01-20T19:20:38.385+0000] {processor.py:208} INFO - Processing /home/airflow/.local/lib/python3.12/site-packages/airflow/example_dags/example_workday_timetable.py took 0.109 seconds
[2025-01-20T19:21:09.558+0000] {processor.py:186} INFO - Started process (PID=1250) to work on /home/airflow/.local/lib/python3.12/site-packages/airflow/example_dags/example_workday_timetable.py
[2025-01-20T19:21:09.558+0000] {processor.py:914} INFO - Processing file /home/airflow/.local/lib/python3.12/site-packages/airflow/example_dags/example_workday_timetable.py for tasks to queue
[2025-01-20T19:21:09.560+0000] {logging_mixin.py:190} INFO - [2025-01-20T19:21:09.559+0000] {dagbag.py:588} INFO - Filling up the DagBag from /home/airflow/.local/lib/python3.12/site-packages/airflow/example_dags/example_workday_timetable.py
[2025-01-20T19:21:09.564+0000] {processor.py:925} INFO - DAG(s) 'example_workday_timetable' retrieved from /home/airflow/.local/lib/python3.12/site-packages/airflow/example_dags/example_workday_timetable.py
[2025-01-20T19:21:09.580+0000] {logging_mixin.py:190} INFO - [2025-01-20T19:21:09.580+0000] {dag.py:3239} INFO - Sync 1 DAGs
[2025-01-20T19:21:09.648+0000] {logging_mixin.py:190} INFO - [2025-01-20T19:21:09.648+0000] {dag.py:4180} INFO - Setting next_dagrun for example_workday_timetable to 2021-01-04 00:00:00+00:00, run_after=2021-01-05 00:00:00+00:00
[2025-01-20T19:21:09.665+0000] {processor.py:208} INFO - Processing /home/airflow/.local/lib/python3.12/site-packages/airflow/example_dags/example_workday_timetable.py took 0.112 seconds
[2025-01-20T19:21:40.984+0000] {processor.py:186} INFO - Started process (PID=1313) to work on /home/airflow/.local/lib/python3.12/site-packages/airflow/example_dags/example_workday_timetable.py
[2025-01-20T19:21:40.985+0000] {processor.py:914} INFO - Processing file /home/airflow/.local/lib/python3.12/site-packages/airflow/example_dags/example_workday_timetable.py for tasks to queue
[2025-01-20T19:21:40.986+0000] {logging_mixin.py:190} INFO - [2025-01-20T19:21:40.986+0000] {dagbag.py:588} INFO - Filling up the DagBag from /home/airflow/.local/lib/python3.12/site-packages/airflow/example_dags/example_workday_timetable.py
[2025-01-20T19:21:40.991+0000] {processor.py:925} INFO - DAG(s) 'example_workday_timetable' retrieved from /home/airflow/.local/lib/python3.12/site-packages/airflow/example_dags/example_workday_timetable.py
[2025-01-20T19:21:41.008+0000] {logging_mixin.py:190} INFO - [2025-01-20T19:21:41.008+0000] {dag.py:3239} INFO - Sync 1 DAGs
[2025-01-20T19:21:41.073+0000] {logging_mixin.py:190} INFO - [2025-01-20T19:21:41.073+0000] {dag.py:4180} INFO - Setting next_dagrun for example_workday_timetable to 2021-01-04 00:00:00+00:00, run_after=2021-01-05 00:00:00+00:00
[2025-01-20T19:21:41.088+0000] {processor.py:208} INFO - Processing /home/airflow/.local/lib/python3.12/site-packages/airflow/example_dags/example_workday_timetable.py took 0.109 seconds
[2025-01-20T19:22:12.221+0000] {processor.py:186} INFO - Started process (PID=1376) to work on /home/airflow/.local/lib/python3.12/site-packages/airflow/example_dags/example_workday_timetable.py
[2025-01-20T19:22:12.222+0000] {processor.py:914} INFO - Processing file /home/airflow/.local/lib/python3.12/site-packages/airflow/example_dags/example_workday_timetable.py for tasks to queue
[2025-01-20T19:22:12.224+0000] {logging_mixin.py:190} INFO - [2025-01-20T19:22:12.224+0000] {dagbag.py:588} INFO - Filling up the DagBag from /home/airflow/.local/lib/python3.12/site-packages/airflow/example_dags/example_workday_timetable.py
[2025-01-20T19:22:12.230+0000] {processor.py:925} INFO - DAG(s) 'example_workday_timetable' retrieved from /home/airflow/.local/lib/python3.12/site-packages/airflow/example_dags/example_workday_timetable.py
[2025-01-20T19:22:12.246+0000] {logging_mixin.py:190} INFO - [2025-01-20T19:22:12.246+0000] {dag.py:3239} INFO - Sync 1 DAGs
[2025-01-20T19:22:12.295+0000] {logging_mixin.py:190} INFO - [2025-01-20T19:22:12.295+0000] {dag.py:4180} INFO - Setting next_dagrun for example_workday_timetable to 2021-01-04 00:00:00+00:00, run_after=2021-01-05 00:00:00+00:00
[2025-01-20T19:22:12.310+0000] {processor.py:208} INFO - Processing /home/airflow/.local/lib/python3.12/site-packages/airflow/example_dags/example_workday_timetable.py took 0.094 seconds
[2025-01-20T19:22:43.328+0000] {processor.py:186} INFO - Started process (PID=1445) to work on /home/airflow/.local/lib/python3.12/site-packages/airflow/example_dags/example_workday_timetable.py
[2025-01-20T19:22:43.329+0000] {processor.py:914} INFO - Processing file /home/airflow/.local/lib/python3.12/site-packages/airflow/example_dags/example_workday_timetable.py for tasks to queue
[2025-01-20T19:22:43.330+0000] {logging_mixin.py:190} INFO - [2025-01-20T19:22:43.330+0000] {dagbag.py:588} INFO - Filling up the DagBag from /home/airflow/.local/lib/python3.12/site-packages/airflow/example_dags/example_workday_timetable.py
[2025-01-20T19:22:43.335+0000] {processor.py:925} INFO - DAG(s) 'example_workday_timetable' retrieved from /home/airflow/.local/lib/python3.12/site-packages/airflow/example_dags/example_workday_timetable.py
[2025-01-20T19:22:43.349+0000] {logging_mixin.py:190} INFO - [2025-01-20T19:22:43.349+0000] {dag.py:3239} INFO - Sync 1 DAGs
[2025-01-20T19:22:43.407+0000] {logging_mixin.py:190} INFO - [2025-01-20T19:22:43.407+0000] {dag.py:4180} INFO - Setting next_dagrun for example_workday_timetable to 2021-01-04 00:00:00+00:00, run_after=2021-01-05 00:00:00+00:00
[2025-01-20T19:22:43.420+0000] {processor.py:208} INFO - Processing /home/airflow/.local/lib/python3.12/site-packages/airflow/example_dags/example_workday_timetable.py took 0.097 seconds
[2025-01-20T19:23:14.498+0000] {processor.py:186} INFO - Started process (PID=1508) to work on /home/airflow/.local/lib/python3.12/site-packages/airflow/example_dags/example_workday_timetable.py
[2025-01-20T19:23:14.499+0000] {processor.py:914} INFO - Processing file /home/airflow/.local/lib/python3.12/site-packages/airflow/example_dags/example_workday_timetable.py for tasks to queue
[2025-01-20T19:23:14.501+0000] {logging_mixin.py:190} INFO - [2025-01-20T19:23:14.500+0000] {dagbag.py:588} INFO - Filling up the DagBag from /home/airflow/.local/lib/python3.12/site-packages/airflow/example_dags/example_workday_timetable.py
[2025-01-20T19:23:14.507+0000] {processor.py:925} INFO - DAG(s) 'example_workday_timetable' retrieved from /home/airflow/.local/lib/python3.12/site-packages/airflow/example_dags/example_workday_timetable.py
[2025-01-20T19:23:14.525+0000] {logging_mixin.py:190} INFO - [2025-01-20T19:23:14.525+0000] {dag.py:3239} INFO - Sync 1 DAGs
[2025-01-20T19:23:14.580+0000] {logging_mixin.py:190} INFO - [2025-01-20T19:23:14.579+0000] {dag.py:4180} INFO - Setting next_dagrun for example_workday_timetable to 2021-01-04 00:00:00+00:00, run_after=2021-01-05 00:00:00+00:00
[2025-01-20T19:23:14.593+0000] {processor.py:208} INFO - Processing /home/airflow/.local/lib/python3.12/site-packages/airflow/example_dags/example_workday_timetable.py took 0.101 seconds
