[2025-01-20T19:11:50.075+0000] {processor.py:186} INFO - Started process (PID=107) to work on /home/airflow/.local/lib/python3.12/site-packages/airflow/example_dags/example_complex.py
[2025-01-20T19:11:50.076+0000] {processor.py:914} INFO - Processing file /home/airflow/.local/lib/python3.12/site-packages/airflow/example_dags/example_complex.py for tasks to queue
[2025-01-20T19:11:50.078+0000] {logging_mixin.py:190} INFO - [2025-01-20T19:11:50.077+0000] {dagbag.py:588} INFO - Filling up the DagBag from /home/airflow/.local/lib/python3.12/site-packages/airflow/example_dags/example_complex.py
[2025-01-20T19:11:50.092+0000] {processor.py:925} INFO - DAG(s) 'example_complex' retrieved from /home/airflow/.local/lib/python3.12/site-packages/airflow/example_dags/example_complex.py
[2025-01-20T19:11:50.203+0000] {logging_mixin.py:190} INFO - [2025-01-20T19:11:50.202+0000] {override.py:1911} INFO - Created Permission View: can edit on DAG:example_complex
[2025-01-20T19:11:50.209+0000] {logging_mixin.py:190} INFO - [2025-01-20T19:11:50.209+0000] {override.py:1911} INFO - Created Permission View: can delete on DAG:example_complex
[2025-01-20T19:11:50.214+0000] {logging_mixin.py:190} INFO - [2025-01-20T19:11:50.214+0000] {override.py:1911} INFO - Created Permission View: can read on DAG:example_complex
[2025-01-20T19:11:50.218+0000] {logging_mixin.py:190} INFO - [2025-01-20T19:11:50.218+0000] {override.py:1911} INFO - Created Permission View: can create on DAG Run:example_complex
[2025-01-20T19:11:50.223+0000] {logging_mixin.py:190} INFO - [2025-01-20T19:11:50.223+0000] {override.py:1911} INFO - Created Permission View: can delete on DAG Run:example_complex
[2025-01-20T19:11:50.227+0000] {logging_mixin.py:190} INFO - [2025-01-20T19:11:50.227+0000] {override.py:1911} INFO - Created Permission View: menu access on DAG Run:example_complex
[2025-01-20T19:11:50.231+0000] {logging_mixin.py:190} INFO - [2025-01-20T19:11:50.231+0000] {override.py:1911} INFO - Created Permission View: can read on DAG Run:example_complex
[2025-01-20T19:11:50.232+0000] {logging_mixin.py:190} INFO - [2025-01-20T19:11:50.232+0000] {dag.py:3239} INFO - Sync 1 DAGs
[2025-01-20T19:11:50.241+0000] {logging_mixin.py:190} INFO - [2025-01-20T19:11:50.241+0000] {dag.py:3262} INFO - Creating ORM DAG for example_complex
[2025-01-20T19:11:50.241+0000] {logging_mixin.py:190} INFO - [2025-01-20T19:11:50.241+0000] {dag.py:4180} INFO - Setting next_dagrun for example_complex to None, run_after=None
[2025-01-20T19:11:50.254+0000] {processor.py:208} INFO - Processing /home/airflow/.local/lib/python3.12/site-packages/airflow/example_dags/example_complex.py took 0.185 seconds
[2025-01-20T19:12:20.538+0000] {processor.py:186} INFO - Started process (PID=170) to work on /home/airflow/.local/lib/python3.12/site-packages/airflow/example_dags/example_complex.py
[2025-01-20T19:12:20.538+0000] {processor.py:914} INFO - Processing file /home/airflow/.local/lib/python3.12/site-packages/airflow/example_dags/example_complex.py for tasks to queue
[2025-01-20T19:12:20.540+0000] {logging_mixin.py:190} INFO - [2025-01-20T19:12:20.540+0000] {dagbag.py:588} INFO - Filling up the DagBag from /home/airflow/.local/lib/python3.12/site-packages/airflow/example_dags/example_complex.py
[2025-01-20T19:12:20.549+0000] {processor.py:925} INFO - DAG(s) 'example_complex' retrieved from /home/airflow/.local/lib/python3.12/site-packages/airflow/example_dags/example_complex.py
[2025-01-20T19:12:20.573+0000] {logging_mixin.py:190} INFO - [2025-01-20T19:12:20.573+0000] {dag.py:3239} INFO - Sync 1 DAGs
[2025-01-20T19:12:20.584+0000] {logging_mixin.py:190} INFO - [2025-01-20T19:12:20.584+0000] {dag.py:4180} INFO - Setting next_dagrun for example_complex to None, run_after=None
[2025-01-20T19:12:20.598+0000] {processor.py:208} INFO - Processing /home/airflow/.local/lib/python3.12/site-packages/airflow/example_dags/example_complex.py took 0.064 seconds
[2025-01-20T19:12:51.212+0000] {processor.py:186} INFO - Started process (PID=233) to work on /home/airflow/.local/lib/python3.12/site-packages/airflow/example_dags/example_complex.py
[2025-01-20T19:12:51.213+0000] {processor.py:914} INFO - Processing file /home/airflow/.local/lib/python3.12/site-packages/airflow/example_dags/example_complex.py for tasks to queue
[2025-01-20T19:12:51.214+0000] {logging_mixin.py:190} INFO - [2025-01-20T19:12:51.214+0000] {dagbag.py:588} INFO - Filling up the DagBag from /home/airflow/.local/lib/python3.12/site-packages/airflow/example_dags/example_complex.py
[2025-01-20T19:12:51.223+0000] {processor.py:925} INFO - DAG(s) 'example_complex' retrieved from /home/airflow/.local/lib/python3.12/site-packages/airflow/example_dags/example_complex.py
[2025-01-20T19:12:51.257+0000] {logging_mixin.py:190} INFO - [2025-01-20T19:12:51.257+0000] {dag.py:3239} INFO - Sync 1 DAGs
[2025-01-20T19:12:51.272+0000] {logging_mixin.py:190} INFO - [2025-01-20T19:12:51.272+0000] {dag.py:4180} INFO - Setting next_dagrun for example_complex to None, run_after=None
[2025-01-20T19:12:51.286+0000] {processor.py:208} INFO - Processing /home/airflow/.local/lib/python3.12/site-packages/airflow/example_dags/example_complex.py took 0.078 seconds
[2025-01-20T19:13:21.519+0000] {processor.py:186} INFO - Started process (PID=295) to work on /home/airflow/.local/lib/python3.12/site-packages/airflow/example_dags/example_complex.py
[2025-01-20T19:13:21.519+0000] {processor.py:914} INFO - Processing file /home/airflow/.local/lib/python3.12/site-packages/airflow/example_dags/example_complex.py for tasks to queue
[2025-01-20T19:13:21.521+0000] {logging_mixin.py:190} INFO - [2025-01-20T19:13:21.521+0000] {dagbag.py:588} INFO - Filling up the DagBag from /home/airflow/.local/lib/python3.12/site-packages/airflow/example_dags/example_complex.py
[2025-01-20T19:13:21.530+0000] {processor.py:925} INFO - DAG(s) 'example_complex' retrieved from /home/airflow/.local/lib/python3.12/site-packages/airflow/example_dags/example_complex.py
[2025-01-20T19:13:21.554+0000] {logging_mixin.py:190} INFO - [2025-01-20T19:13:21.554+0000] {dag.py:3239} INFO - Sync 1 DAGs
[2025-01-20T19:13:21.565+0000] {logging_mixin.py:190} INFO - [2025-01-20T19:13:21.565+0000] {dag.py:4180} INFO - Setting next_dagrun for example_complex to None, run_after=None
[2025-01-20T19:13:21.579+0000] {processor.py:208} INFO - Processing /home/airflow/.local/lib/python3.12/site-packages/airflow/example_dags/example_complex.py took 0.064 seconds
[2025-01-20T19:13:52.358+0000] {processor.py:186} INFO - Started process (PID=358) to work on /home/airflow/.local/lib/python3.12/site-packages/airflow/example_dags/example_complex.py
[2025-01-20T19:13:52.359+0000] {processor.py:914} INFO - Processing file /home/airflow/.local/lib/python3.12/site-packages/airflow/example_dags/example_complex.py for tasks to queue
[2025-01-20T19:13:52.360+0000] {logging_mixin.py:190} INFO - [2025-01-20T19:13:52.360+0000] {dagbag.py:588} INFO - Filling up the DagBag from /home/airflow/.local/lib/python3.12/site-packages/airflow/example_dags/example_complex.py
[2025-01-20T19:13:52.370+0000] {processor.py:925} INFO - DAG(s) 'example_complex' retrieved from /home/airflow/.local/lib/python3.12/site-packages/airflow/example_dags/example_complex.py
[2025-01-20T19:13:52.401+0000] {logging_mixin.py:190} INFO - [2025-01-20T19:13:52.401+0000] {dag.py:3239} INFO - Sync 1 DAGs
[2025-01-20T19:13:52.415+0000] {logging_mixin.py:190} INFO - [2025-01-20T19:13:52.415+0000] {dag.py:4180} INFO - Setting next_dagrun for example_complex to None, run_after=None
[2025-01-20T19:13:52.429+0000] {processor.py:208} INFO - Processing /home/airflow/.local/lib/python3.12/site-packages/airflow/example_dags/example_complex.py took 0.076 seconds
[2025-01-20T19:14:22.821+0000] {processor.py:186} INFO - Started process (PID=420) to work on /home/airflow/.local/lib/python3.12/site-packages/airflow/example_dags/example_complex.py
[2025-01-20T19:14:22.821+0000] {processor.py:914} INFO - Processing file /home/airflow/.local/lib/python3.12/site-packages/airflow/example_dags/example_complex.py for tasks to queue
[2025-01-20T19:14:22.823+0000] {logging_mixin.py:190} INFO - [2025-01-20T19:14:22.823+0000] {dagbag.py:588} INFO - Filling up the DagBag from /home/airflow/.local/lib/python3.12/site-packages/airflow/example_dags/example_complex.py
[2025-01-20T19:14:22.832+0000] {processor.py:925} INFO - DAG(s) 'example_complex' retrieved from /home/airflow/.local/lib/python3.12/site-packages/airflow/example_dags/example_complex.py
[2025-01-20T19:14:22.866+0000] {logging_mixin.py:190} INFO - [2025-01-20T19:14:22.866+0000] {dag.py:3239} INFO - Sync 1 DAGs
[2025-01-20T19:14:22.879+0000] {logging_mixin.py:190} INFO - [2025-01-20T19:14:22.879+0000] {dag.py:4180} INFO - Setting next_dagrun for example_complex to None, run_after=None
[2025-01-20T19:14:22.892+0000] {processor.py:208} INFO - Processing /home/airflow/.local/lib/python3.12/site-packages/airflow/example_dags/example_complex.py took 0.075 seconds
[2025-01-20T19:14:53.367+0000] {processor.py:186} INFO - Started process (PID=483) to work on /home/airflow/.local/lib/python3.12/site-packages/airflow/example_dags/example_complex.py
[2025-01-20T19:14:53.367+0000] {processor.py:914} INFO - Processing file /home/airflow/.local/lib/python3.12/site-packages/airflow/example_dags/example_complex.py for tasks to queue
[2025-01-20T19:14:53.369+0000] {logging_mixin.py:190} INFO - [2025-01-20T19:14:53.369+0000] {dagbag.py:588} INFO - Filling up the DagBag from /home/airflow/.local/lib/python3.12/site-packages/airflow/example_dags/example_complex.py
[2025-01-20T19:14:53.378+0000] {processor.py:925} INFO - DAG(s) 'example_complex' retrieved from /home/airflow/.local/lib/python3.12/site-packages/airflow/example_dags/example_complex.py
[2025-01-20T19:14:53.401+0000] {logging_mixin.py:190} INFO - [2025-01-20T19:14:53.401+0000] {dag.py:3239} INFO - Sync 1 DAGs
[2025-01-20T19:14:53.412+0000] {logging_mixin.py:190} INFO - [2025-01-20T19:14:53.412+0000] {dag.py:4180} INFO - Setting next_dagrun for example_complex to None, run_after=None
[2025-01-20T19:14:53.424+0000] {processor.py:208} INFO - Processing /home/airflow/.local/lib/python3.12/site-packages/airflow/example_dags/example_complex.py took 0.061 seconds
[2025-01-20T19:15:23.857+0000] {processor.py:186} INFO - Started process (PID=547) to work on /home/airflow/.local/lib/python3.12/site-packages/airflow/example_dags/example_complex.py
[2025-01-20T19:15:23.858+0000] {processor.py:914} INFO - Processing file /home/airflow/.local/lib/python3.12/site-packages/airflow/example_dags/example_complex.py for tasks to queue
[2025-01-20T19:15:23.860+0000] {logging_mixin.py:190} INFO - [2025-01-20T19:15:23.860+0000] {dagbag.py:588} INFO - Filling up the DagBag from /home/airflow/.local/lib/python3.12/site-packages/airflow/example_dags/example_complex.py
[2025-01-20T19:15:23.870+0000] {processor.py:925} INFO - DAG(s) 'example_complex' retrieved from /home/airflow/.local/lib/python3.12/site-packages/airflow/example_dags/example_complex.py
[2025-01-20T19:15:23.903+0000] {logging_mixin.py:190} INFO - [2025-01-20T19:15:23.903+0000] {dag.py:3239} INFO - Sync 1 DAGs
[2025-01-20T19:15:23.917+0000] {logging_mixin.py:190} INFO - [2025-01-20T19:15:23.917+0000] {dag.py:4180} INFO - Setting next_dagrun for example_complex to None, run_after=None
[2025-01-20T19:15:23.933+0000] {processor.py:208} INFO - Processing /home/airflow/.local/lib/python3.12/site-packages/airflow/example_dags/example_complex.py took 0.080 seconds
[2025-01-20T19:15:54.930+0000] {processor.py:186} INFO - Started process (PID=610) to work on /home/airflow/.local/lib/python3.12/site-packages/airflow/example_dags/example_complex.py
[2025-01-20T19:15:54.931+0000] {processor.py:914} INFO - Processing file /home/airflow/.local/lib/python3.12/site-packages/airflow/example_dags/example_complex.py for tasks to queue
[2025-01-20T19:15:54.933+0000] {logging_mixin.py:190} INFO - [2025-01-20T19:15:54.933+0000] {dagbag.py:588} INFO - Filling up the DagBag from /home/airflow/.local/lib/python3.12/site-packages/airflow/example_dags/example_complex.py
[2025-01-20T19:15:54.943+0000] {processor.py:925} INFO - DAG(s) 'example_complex' retrieved from /home/airflow/.local/lib/python3.12/site-packages/airflow/example_dags/example_complex.py
[2025-01-20T19:15:54.970+0000] {logging_mixin.py:190} INFO - [2025-01-20T19:15:54.969+0000] {dag.py:3239} INFO - Sync 1 DAGs
[2025-01-20T19:15:54.981+0000] {logging_mixin.py:190} INFO - [2025-01-20T19:15:54.980+0000] {dag.py:4180} INFO - Setting next_dagrun for example_complex to None, run_after=None
[2025-01-20T19:15:54.994+0000] {processor.py:208} INFO - Processing /home/airflow/.local/lib/python3.12/site-packages/airflow/example_dags/example_complex.py took 0.070 seconds
[2025-01-20T19:16:25.520+0000] {processor.py:186} INFO - Started process (PID=674) to work on /home/airflow/.local/lib/python3.12/site-packages/airflow/example_dags/example_complex.py
[2025-01-20T19:16:25.520+0000] {processor.py:914} INFO - Processing file /home/airflow/.local/lib/python3.12/site-packages/airflow/example_dags/example_complex.py for tasks to queue
[2025-01-20T19:16:25.522+0000] {logging_mixin.py:190} INFO - [2025-01-20T19:16:25.522+0000] {dagbag.py:588} INFO - Filling up the DagBag from /home/airflow/.local/lib/python3.12/site-packages/airflow/example_dags/example_complex.py
[2025-01-20T19:16:25.532+0000] {processor.py:925} INFO - DAG(s) 'example_complex' retrieved from /home/airflow/.local/lib/python3.12/site-packages/airflow/example_dags/example_complex.py
[2025-01-20T19:16:25.555+0000] {logging_mixin.py:190} INFO - [2025-01-20T19:16:25.555+0000] {dag.py:3239} INFO - Sync 1 DAGs
[2025-01-20T19:16:25.566+0000] {logging_mixin.py:190} INFO - [2025-01-20T19:16:25.566+0000] {dag.py:4180} INFO - Setting next_dagrun for example_complex to None, run_after=None
[2025-01-20T19:16:25.579+0000] {processor.py:208} INFO - Processing /home/airflow/.local/lib/python3.12/site-packages/airflow/example_dags/example_complex.py took 0.063 seconds
[2025-01-20T19:16:56.727+0000] {processor.py:186} INFO - Started process (PID=737) to work on /home/airflow/.local/lib/python3.12/site-packages/airflow/example_dags/example_complex.py
[2025-01-20T19:16:56.728+0000] {processor.py:914} INFO - Processing file /home/airflow/.local/lib/python3.12/site-packages/airflow/example_dags/example_complex.py for tasks to queue
[2025-01-20T19:16:56.729+0000] {logging_mixin.py:190} INFO - [2025-01-20T19:16:56.729+0000] {dagbag.py:588} INFO - Filling up the DagBag from /home/airflow/.local/lib/python3.12/site-packages/airflow/example_dags/example_complex.py
[2025-01-20T19:16:56.739+0000] {processor.py:925} INFO - DAG(s) 'example_complex' retrieved from /home/airflow/.local/lib/python3.12/site-packages/airflow/example_dags/example_complex.py
[2025-01-20T19:16:56.763+0000] {logging_mixin.py:190} INFO - [2025-01-20T19:16:56.763+0000] {dag.py:3239} INFO - Sync 1 DAGs
[2025-01-20T19:16:56.774+0000] {logging_mixin.py:190} INFO - [2025-01-20T19:16:56.774+0000] {dag.py:4180} INFO - Setting next_dagrun for example_complex to None, run_after=None
[2025-01-20T19:16:56.786+0000] {processor.py:208} INFO - Processing /home/airflow/.local/lib/python3.12/site-packages/airflow/example_dags/example_complex.py took 0.063 seconds
[2025-01-20T19:17:27.920+0000] {processor.py:186} INFO - Started process (PID=800) to work on /home/airflow/.local/lib/python3.12/site-packages/airflow/example_dags/example_complex.py
[2025-01-20T19:17:27.920+0000] {processor.py:914} INFO - Processing file /home/airflow/.local/lib/python3.12/site-packages/airflow/example_dags/example_complex.py for tasks to queue
[2025-01-20T19:17:27.922+0000] {logging_mixin.py:190} INFO - [2025-01-20T19:17:27.922+0000] {dagbag.py:588} INFO - Filling up the DagBag from /home/airflow/.local/lib/python3.12/site-packages/airflow/example_dags/example_complex.py
[2025-01-20T19:17:27.935+0000] {processor.py:925} INFO - DAG(s) 'example_complex' retrieved from /home/airflow/.local/lib/python3.12/site-packages/airflow/example_dags/example_complex.py
[2025-01-20T19:17:27.959+0000] {logging_mixin.py:190} INFO - [2025-01-20T19:17:27.959+0000] {dag.py:3239} INFO - Sync 1 DAGs
[2025-01-20T19:17:27.970+0000] {logging_mixin.py:190} INFO - [2025-01-20T19:17:27.970+0000] {dag.py:4180} INFO - Setting next_dagrun for example_complex to None, run_after=None
[2025-01-20T19:17:27.982+0000] {processor.py:208} INFO - Processing /home/airflow/.local/lib/python3.12/site-packages/airflow/example_dags/example_complex.py took 0.067 seconds
[2025-01-20T19:17:59.006+0000] {processor.py:186} INFO - Started process (PID=863) to work on /home/airflow/.local/lib/python3.12/site-packages/airflow/example_dags/example_complex.py
[2025-01-20T19:17:59.006+0000] {processor.py:914} INFO - Processing file /home/airflow/.local/lib/python3.12/site-packages/airflow/example_dags/example_complex.py for tasks to queue
[2025-01-20T19:17:59.008+0000] {logging_mixin.py:190} INFO - [2025-01-20T19:17:59.008+0000] {dagbag.py:588} INFO - Filling up the DagBag from /home/airflow/.local/lib/python3.12/site-packages/airflow/example_dags/example_complex.py
[2025-01-20T19:17:59.017+0000] {processor.py:925} INFO - DAG(s) 'example_complex' retrieved from /home/airflow/.local/lib/python3.12/site-packages/airflow/example_dags/example_complex.py
[2025-01-20T19:17:59.041+0000] {logging_mixin.py:190} INFO - [2025-01-20T19:17:59.041+0000] {dag.py:3239} INFO - Sync 1 DAGs
[2025-01-20T19:17:59.052+0000] {logging_mixin.py:190} INFO - [2025-01-20T19:17:59.052+0000] {dag.py:4180} INFO - Setting next_dagrun for example_complex to None, run_after=None
[2025-01-20T19:17:59.064+0000] {processor.py:208} INFO - Processing /home/airflow/.local/lib/python3.12/site-packages/airflow/example_dags/example_complex.py took 0.063 seconds
[2025-01-20T19:18:30.106+0000] {processor.py:186} INFO - Started process (PID=926) to work on /home/airflow/.local/lib/python3.12/site-packages/airflow/example_dags/example_complex.py
[2025-01-20T19:18:30.106+0000] {processor.py:914} INFO - Processing file /home/airflow/.local/lib/python3.12/site-packages/airflow/example_dags/example_complex.py for tasks to queue
[2025-01-20T19:18:30.108+0000] {logging_mixin.py:190} INFO - [2025-01-20T19:18:30.108+0000] {dagbag.py:588} INFO - Filling up the DagBag from /home/airflow/.local/lib/python3.12/site-packages/airflow/example_dags/example_complex.py
[2025-01-20T19:18:30.117+0000] {processor.py:925} INFO - DAG(s) 'example_complex' retrieved from /home/airflow/.local/lib/python3.12/site-packages/airflow/example_dags/example_complex.py
[2025-01-20T19:18:30.147+0000] {logging_mixin.py:190} INFO - [2025-01-20T19:18:30.147+0000] {dag.py:3239} INFO - Sync 1 DAGs
[2025-01-20T19:18:30.161+0000] {logging_mixin.py:190} INFO - [2025-01-20T19:18:30.161+0000] {dag.py:4180} INFO - Setting next_dagrun for example_complex to None, run_after=None
[2025-01-20T19:18:30.174+0000] {processor.py:208} INFO - Processing /home/airflow/.local/lib/python3.12/site-packages/airflow/example_dags/example_complex.py took 0.073 seconds
[2025-01-20T19:19:01.076+0000] {processor.py:186} INFO - Started process (PID=989) to work on /home/airflow/.local/lib/python3.12/site-packages/airflow/example_dags/example_complex.py
[2025-01-20T19:19:01.077+0000] {processor.py:914} INFO - Processing file /home/airflow/.local/lib/python3.12/site-packages/airflow/example_dags/example_complex.py for tasks to queue
[2025-01-20T19:19:01.078+0000] {logging_mixin.py:190} INFO - [2025-01-20T19:19:01.078+0000] {dagbag.py:588} INFO - Filling up the DagBag from /home/airflow/.local/lib/python3.12/site-packages/airflow/example_dags/example_complex.py
[2025-01-20T19:19:01.088+0000] {processor.py:925} INFO - DAG(s) 'example_complex' retrieved from /home/airflow/.local/lib/python3.12/site-packages/airflow/example_dags/example_complex.py
[2025-01-20T19:19:01.111+0000] {logging_mixin.py:190} INFO - [2025-01-20T19:19:01.111+0000] {dag.py:3239} INFO - Sync 1 DAGs
[2025-01-20T19:19:01.122+0000] {logging_mixin.py:190} INFO - [2025-01-20T19:19:01.122+0000] {dag.py:4180} INFO - Setting next_dagrun for example_complex to None, run_after=None
[2025-01-20T19:19:01.134+0000] {processor.py:208} INFO - Processing /home/airflow/.local/lib/python3.12/site-packages/airflow/example_dags/example_complex.py took 0.062 seconds
[2025-01-20T19:19:32.195+0000] {processor.py:186} INFO - Started process (PID=1052) to work on /home/airflow/.local/lib/python3.12/site-packages/airflow/example_dags/example_complex.py
[2025-01-20T19:19:32.196+0000] {processor.py:914} INFO - Processing file /home/airflow/.local/lib/python3.12/site-packages/airflow/example_dags/example_complex.py for tasks to queue
[2025-01-20T19:19:32.197+0000] {logging_mixin.py:190} INFO - [2025-01-20T19:19:32.197+0000] {dagbag.py:588} INFO - Filling up the DagBag from /home/airflow/.local/lib/python3.12/site-packages/airflow/example_dags/example_complex.py
[2025-01-20T19:19:32.206+0000] {processor.py:925} INFO - DAG(s) 'example_complex' retrieved from /home/airflow/.local/lib/python3.12/site-packages/airflow/example_dags/example_complex.py
[2025-01-20T19:19:32.234+0000] {logging_mixin.py:190} INFO - [2025-01-20T19:19:32.234+0000] {dag.py:3239} INFO - Sync 1 DAGs
[2025-01-20T19:19:32.246+0000] {logging_mixin.py:190} INFO - [2025-01-20T19:19:32.246+0000] {dag.py:4180} INFO - Setting next_dagrun for example_complex to None, run_after=None
[2025-01-20T19:19:32.259+0000] {processor.py:208} INFO - Processing /home/airflow/.local/lib/python3.12/site-packages/airflow/example_dags/example_complex.py took 0.068 seconds
[2025-01-20T19:20:03.264+0000] {processor.py:186} INFO - Started process (PID=1115) to work on /home/airflow/.local/lib/python3.12/site-packages/airflow/example_dags/example_complex.py
[2025-01-20T19:20:03.264+0000] {processor.py:914} INFO - Processing file /home/airflow/.local/lib/python3.12/site-packages/airflow/example_dags/example_complex.py for tasks to queue
[2025-01-20T19:20:03.266+0000] {logging_mixin.py:190} INFO - [2025-01-20T19:20:03.266+0000] {dagbag.py:588} INFO - Filling up the DagBag from /home/airflow/.local/lib/python3.12/site-packages/airflow/example_dags/example_complex.py
[2025-01-20T19:20:03.275+0000] {processor.py:925} INFO - DAG(s) 'example_complex' retrieved from /home/airflow/.local/lib/python3.12/site-packages/airflow/example_dags/example_complex.py
[2025-01-20T19:20:03.299+0000] {logging_mixin.py:190} INFO - [2025-01-20T19:20:03.298+0000] {dag.py:3239} INFO - Sync 1 DAGs
[2025-01-20T19:20:03.309+0000] {logging_mixin.py:190} INFO - [2025-01-20T19:20:03.309+0000] {dag.py:4180} INFO - Setting next_dagrun for example_complex to None, run_after=None
[2025-01-20T19:20:03.321+0000] {processor.py:208} INFO - Processing /home/airflow/.local/lib/python3.12/site-packages/airflow/example_dags/example_complex.py took 0.062 seconds
[2025-01-20T19:20:34.333+0000] {processor.py:186} INFO - Started process (PID=1178) to work on /home/airflow/.local/lib/python3.12/site-packages/airflow/example_dags/example_complex.py
[2025-01-20T19:20:34.333+0000] {processor.py:914} INFO - Processing file /home/airflow/.local/lib/python3.12/site-packages/airflow/example_dags/example_complex.py for tasks to queue
[2025-01-20T19:20:34.335+0000] {logging_mixin.py:190} INFO - [2025-01-20T19:20:34.335+0000] {dagbag.py:588} INFO - Filling up the DagBag from /home/airflow/.local/lib/python3.12/site-packages/airflow/example_dags/example_complex.py
[2025-01-20T19:20:34.344+0000] {processor.py:925} INFO - DAG(s) 'example_complex' retrieved from /home/airflow/.local/lib/python3.12/site-packages/airflow/example_dags/example_complex.py
[2025-01-20T19:20:34.368+0000] {logging_mixin.py:190} INFO - [2025-01-20T19:20:34.368+0000] {dag.py:3239} INFO - Sync 1 DAGs
[2025-01-20T19:20:34.379+0000] {logging_mixin.py:190} INFO - [2025-01-20T19:20:34.379+0000] {dag.py:4180} INFO - Setting next_dagrun for example_complex to None, run_after=None
[2025-01-20T19:20:34.392+0000] {processor.py:208} INFO - Processing /home/airflow/.local/lib/python3.12/site-packages/airflow/example_dags/example_complex.py took 0.064 seconds
[2025-01-20T19:21:05.579+0000] {processor.py:186} INFO - Started process (PID=1241) to work on /home/airflow/.local/lib/python3.12/site-packages/airflow/example_dags/example_complex.py
[2025-01-20T19:21:05.580+0000] {processor.py:914} INFO - Processing file /home/airflow/.local/lib/python3.12/site-packages/airflow/example_dags/example_complex.py for tasks to queue
[2025-01-20T19:21:05.582+0000] {logging_mixin.py:190} INFO - [2025-01-20T19:21:05.582+0000] {dagbag.py:588} INFO - Filling up the DagBag from /home/airflow/.local/lib/python3.12/site-packages/airflow/example_dags/example_complex.py
[2025-01-20T19:21:05.596+0000] {processor.py:925} INFO - DAG(s) 'example_complex' retrieved from /home/airflow/.local/lib/python3.12/site-packages/airflow/example_dags/example_complex.py
[2025-01-20T19:21:05.633+0000] {logging_mixin.py:190} INFO - [2025-01-20T19:21:05.633+0000] {dag.py:3239} INFO - Sync 1 DAGs
[2025-01-20T19:21:05.655+0000] {logging_mixin.py:190} INFO - [2025-01-20T19:21:05.655+0000] {dag.py:4180} INFO - Setting next_dagrun for example_complex to None, run_after=None
[2025-01-20T19:21:05.689+0000] {processor.py:208} INFO - Processing /home/airflow/.local/lib/python3.12/site-packages/airflow/example_dags/example_complex.py took 0.116 seconds
[2025-01-20T19:21:37.025+0000] {processor.py:186} INFO - Started process (PID=1304) to work on /home/airflow/.local/lib/python3.12/site-packages/airflow/example_dags/example_complex.py
[2025-01-20T19:21:37.026+0000] {processor.py:914} INFO - Processing file /home/airflow/.local/lib/python3.12/site-packages/airflow/example_dags/example_complex.py for tasks to queue
[2025-01-20T19:21:37.027+0000] {logging_mixin.py:190} INFO - [2025-01-20T19:21:37.027+0000] {dagbag.py:588} INFO - Filling up the DagBag from /home/airflow/.local/lib/python3.12/site-packages/airflow/example_dags/example_complex.py
[2025-01-20T19:21:37.036+0000] {processor.py:925} INFO - DAG(s) 'example_complex' retrieved from /home/airflow/.local/lib/python3.12/site-packages/airflow/example_dags/example_complex.py
[2025-01-20T19:21:37.060+0000] {logging_mixin.py:190} INFO - [2025-01-20T19:21:37.060+0000] {dag.py:3239} INFO - Sync 1 DAGs
[2025-01-20T19:21:37.071+0000] {logging_mixin.py:190} INFO - [2025-01-20T19:21:37.071+0000] {dag.py:4180} INFO - Setting next_dagrun for example_complex to None, run_after=None
[2025-01-20T19:21:37.083+0000] {processor.py:208} INFO - Processing /home/airflow/.local/lib/python3.12/site-packages/airflow/example_dags/example_complex.py took 0.062 seconds
[2025-01-20T19:22:08.274+0000] {processor.py:186} INFO - Started process (PID=1367) to work on /home/airflow/.local/lib/python3.12/site-packages/airflow/example_dags/example_complex.py
[2025-01-20T19:22:08.275+0000] {processor.py:914} INFO - Processing file /home/airflow/.local/lib/python3.12/site-packages/airflow/example_dags/example_complex.py for tasks to queue
[2025-01-20T19:22:08.277+0000] {logging_mixin.py:190} INFO - [2025-01-20T19:22:08.276+0000] {dagbag.py:588} INFO - Filling up the DagBag from /home/airflow/.local/lib/python3.12/site-packages/airflow/example_dags/example_complex.py
[2025-01-20T19:22:08.287+0000] {processor.py:925} INFO - DAG(s) 'example_complex' retrieved from /home/airflow/.local/lib/python3.12/site-packages/airflow/example_dags/example_complex.py
[2025-01-20T19:22:08.314+0000] {logging_mixin.py:190} INFO - [2025-01-20T19:22:08.314+0000] {dag.py:3239} INFO - Sync 1 DAGs
[2025-01-20T19:22:08.325+0000] {logging_mixin.py:190} INFO - [2025-01-20T19:22:08.325+0000] {dag.py:4180} INFO - Setting next_dagrun for example_complex to None, run_after=None
[2025-01-20T19:22:08.339+0000] {processor.py:208} INFO - Processing /home/airflow/.local/lib/python3.12/site-packages/airflow/example_dags/example_complex.py took 0.069 seconds
[2025-01-20T19:22:39.363+0000] {processor.py:186} INFO - Started process (PID=1430) to work on /home/airflow/.local/lib/python3.12/site-packages/airflow/example_dags/example_complex.py
[2025-01-20T19:22:39.364+0000] {processor.py:914} INFO - Processing file /home/airflow/.local/lib/python3.12/site-packages/airflow/example_dags/example_complex.py for tasks to queue
[2025-01-20T19:22:39.365+0000] {logging_mixin.py:190} INFO - [2025-01-20T19:22:39.365+0000] {dagbag.py:588} INFO - Filling up the DagBag from /home/airflow/.local/lib/python3.12/site-packages/airflow/example_dags/example_complex.py
[2025-01-20T19:22:39.376+0000] {processor.py:925} INFO - DAG(s) 'example_complex' retrieved from /home/airflow/.local/lib/python3.12/site-packages/airflow/example_dags/example_complex.py
[2025-01-20T19:22:39.407+0000] {logging_mixin.py:190} INFO - [2025-01-20T19:22:39.406+0000] {dag.py:3239} INFO - Sync 1 DAGs
[2025-01-20T19:22:39.418+0000] {logging_mixin.py:190} INFO - [2025-01-20T19:22:39.418+0000] {dag.py:4180} INFO - Setting next_dagrun for example_complex to None, run_after=None
[2025-01-20T19:22:39.432+0000] {processor.py:208} INFO - Processing /home/airflow/.local/lib/python3.12/site-packages/airflow/example_dags/example_complex.py took 0.073 seconds
[2025-01-20T19:23:10.500+0000] {processor.py:186} INFO - Started process (PID=1493) to work on /home/airflow/.local/lib/python3.12/site-packages/airflow/example_dags/example_complex.py
[2025-01-20T19:23:10.501+0000] {processor.py:914} INFO - Processing file /home/airflow/.local/lib/python3.12/site-packages/airflow/example_dags/example_complex.py for tasks to queue
[2025-01-20T19:23:10.502+0000] {logging_mixin.py:190} INFO - [2025-01-20T19:23:10.502+0000] {dagbag.py:588} INFO - Filling up the DagBag from /home/airflow/.local/lib/python3.12/site-packages/airflow/example_dags/example_complex.py
[2025-01-20T19:23:10.512+0000] {processor.py:925} INFO - DAG(s) 'example_complex' retrieved from /home/airflow/.local/lib/python3.12/site-packages/airflow/example_dags/example_complex.py
[2025-01-20T19:23:10.536+0000] {logging_mixin.py:190} INFO - [2025-01-20T19:23:10.535+0000] {dag.py:3239} INFO - Sync 1 DAGs
[2025-01-20T19:23:10.547+0000] {logging_mixin.py:190} INFO - [2025-01-20T19:23:10.546+0000] {dag.py:4180} INFO - Setting next_dagrun for example_complex to None, run_after=None
[2025-01-20T19:23:10.559+0000] {processor.py:208} INFO - Processing /home/airflow/.local/lib/python3.12/site-packages/airflow/example_dags/example_complex.py took 0.063 seconds
[2025-01-20T19:23:41.769+0000] {processor.py:186} INFO - Started process (PID=1556) to work on /home/airflow/.local/lib/python3.12/site-packages/airflow/example_dags/example_complex.py
[2025-01-20T19:23:41.770+0000] {processor.py:914} INFO - Processing file /home/airflow/.local/lib/python3.12/site-packages/airflow/example_dags/example_complex.py for tasks to queue
[2025-01-20T19:23:41.772+0000] {logging_mixin.py:190} INFO - [2025-01-20T19:23:41.771+0000] {dagbag.py:588} INFO - Filling up the DagBag from /home/airflow/.local/lib/python3.12/site-packages/airflow/example_dags/example_complex.py
[2025-01-20T19:23:41.781+0000] {processor.py:925} INFO - DAG(s) 'example_complex' retrieved from /home/airflow/.local/lib/python3.12/site-packages/airflow/example_dags/example_complex.py
[2025-01-20T19:23:41.804+0000] {logging_mixin.py:190} INFO - [2025-01-20T19:23:41.804+0000] {dag.py:3239} INFO - Sync 1 DAGs
[2025-01-20T19:23:41.818+0000] {logging_mixin.py:190} INFO - [2025-01-20T19:23:41.817+0000] {dag.py:4180} INFO - Setting next_dagrun for example_complex to None, run_after=None
[2025-01-20T19:23:41.833+0000] {processor.py:208} INFO - Processing /home/airflow/.local/lib/python3.12/site-packages/airflow/example_dags/example_complex.py took 0.068 seconds
[2025-01-20T19:24:13.077+0000] {processor.py:186} INFO - Started process (PID=1619) to work on /home/airflow/.local/lib/python3.12/site-packages/airflow/example_dags/example_complex.py
[2025-01-20T19:24:13.078+0000] {processor.py:914} INFO - Processing file /home/airflow/.local/lib/python3.12/site-packages/airflow/example_dags/example_complex.py for tasks to queue
[2025-01-20T19:24:13.080+0000] {logging_mixin.py:190} INFO - [2025-01-20T19:24:13.080+0000] {dagbag.py:588} INFO - Filling up the DagBag from /home/airflow/.local/lib/python3.12/site-packages/airflow/example_dags/example_complex.py
[2025-01-20T19:24:13.094+0000] {processor.py:925} INFO - DAG(s) 'example_complex' retrieved from /home/airflow/.local/lib/python3.12/site-packages/airflow/example_dags/example_complex.py
[2025-01-20T19:24:13.121+0000] {logging_mixin.py:190} INFO - [2025-01-20T19:24:13.121+0000] {dag.py:3239} INFO - Sync 1 DAGs
[2025-01-20T19:24:13.134+0000] {logging_mixin.py:190} INFO - [2025-01-20T19:24:13.133+0000] {dag.py:4180} INFO - Setting next_dagrun for example_complex to None, run_after=None
[2025-01-20T19:24:13.148+0000] {processor.py:208} INFO - Processing /home/airflow/.local/lib/python3.12/site-packages/airflow/example_dags/example_complex.py took 0.075 seconds
[2025-01-20T19:24:44.340+0000] {processor.py:186} INFO - Started process (PID=1688) to work on /home/airflow/.local/lib/python3.12/site-packages/airflow/example_dags/example_complex.py
[2025-01-20T19:24:44.341+0000] {processor.py:914} INFO - Processing file /home/airflow/.local/lib/python3.12/site-packages/airflow/example_dags/example_complex.py for tasks to queue
[2025-01-20T19:24:44.343+0000] {logging_mixin.py:190} INFO - [2025-01-20T19:24:44.343+0000] {dagbag.py:588} INFO - Filling up the DagBag from /home/airflow/.local/lib/python3.12/site-packages/airflow/example_dags/example_complex.py
[2025-01-20T19:24:44.354+0000] {processor.py:925} INFO - DAG(s) 'example_complex' retrieved from /home/airflow/.local/lib/python3.12/site-packages/airflow/example_dags/example_complex.py
[2025-01-20T19:24:44.384+0000] {logging_mixin.py:190} INFO - [2025-01-20T19:24:44.384+0000] {dag.py:3239} INFO - Sync 1 DAGs
[2025-01-20T19:24:44.397+0000] {logging_mixin.py:190} INFO - [2025-01-20T19:24:44.396+0000] {dag.py:4180} INFO - Setting next_dagrun for example_complex to None, run_after=None
[2025-01-20T19:24:44.414+0000] {processor.py:208} INFO - Processing /home/airflow/.local/lib/python3.12/site-packages/airflow/example_dags/example_complex.py took 0.078 seconds
[2025-01-20T19:25:15.956+0000] {processor.py:186} INFO - Started process (PID=1751) to work on /home/airflow/.local/lib/python3.12/site-packages/airflow/example_dags/example_complex.py
[2025-01-20T19:25:15.957+0000] {processor.py:914} INFO - Processing file /home/airflow/.local/lib/python3.12/site-packages/airflow/example_dags/example_complex.py for tasks to queue
[2025-01-20T19:25:15.959+0000] {logging_mixin.py:190} INFO - [2025-01-20T19:25:15.959+0000] {dagbag.py:588} INFO - Filling up the DagBag from /home/airflow/.local/lib/python3.12/site-packages/airflow/example_dags/example_complex.py
[2025-01-20T19:25:15.977+0000] {processor.py:925} INFO - DAG(s) 'example_complex' retrieved from /home/airflow/.local/lib/python3.12/site-packages/airflow/example_dags/example_complex.py
[2025-01-20T19:25:16.003+0000] {logging_mixin.py:190} INFO - [2025-01-20T19:25:16.002+0000] {dag.py:3239} INFO - Sync 1 DAGs
[2025-01-20T19:25:16.019+0000] {logging_mixin.py:190} INFO - [2025-01-20T19:25:16.018+0000] {dag.py:4180} INFO - Setting next_dagrun for example_complex to None, run_after=None
[2025-01-20T19:25:16.036+0000] {processor.py:208} INFO - Processing /home/airflow/.local/lib/python3.12/site-packages/airflow/example_dags/example_complex.py took 0.086 seconds
[2025-01-20T19:25:47.452+0000] {processor.py:186} INFO - Started process (PID=1814) to work on /home/airflow/.local/lib/python3.12/site-packages/airflow/example_dags/example_complex.py
[2025-01-20T19:25:47.452+0000] {processor.py:914} INFO - Processing file /home/airflow/.local/lib/python3.12/site-packages/airflow/example_dags/example_complex.py for tasks to queue
[2025-01-20T19:25:47.454+0000] {logging_mixin.py:190} INFO - [2025-01-20T19:25:47.454+0000] {dagbag.py:588} INFO - Filling up the DagBag from /home/airflow/.local/lib/python3.12/site-packages/airflow/example_dags/example_complex.py
[2025-01-20T19:25:47.468+0000] {processor.py:925} INFO - DAG(s) 'example_complex' retrieved from /home/airflow/.local/lib/python3.12/site-packages/airflow/example_dags/example_complex.py
[2025-01-20T19:25:47.505+0000] {logging_mixin.py:190} INFO - [2025-01-20T19:25:47.505+0000] {dag.py:3239} INFO - Sync 1 DAGs
[2025-01-20T19:25:47.522+0000] {logging_mixin.py:190} INFO - [2025-01-20T19:25:47.521+0000] {dag.py:4180} INFO - Setting next_dagrun for example_complex to None, run_after=None
[2025-01-20T19:25:47.538+0000] {processor.py:208} INFO - Processing /home/airflow/.local/lib/python3.12/site-packages/airflow/example_dags/example_complex.py took 0.091 seconds
[2025-01-20T19:26:18.960+0000] {processor.py:186} INFO - Started process (PID=1877) to work on /home/airflow/.local/lib/python3.12/site-packages/airflow/example_dags/example_complex.py
[2025-01-20T19:26:18.961+0000] {processor.py:914} INFO - Processing file /home/airflow/.local/lib/python3.12/site-packages/airflow/example_dags/example_complex.py for tasks to queue
[2025-01-20T19:26:18.963+0000] {logging_mixin.py:190} INFO - [2025-01-20T19:26:18.962+0000] {dagbag.py:588} INFO - Filling up the DagBag from /home/airflow/.local/lib/python3.12/site-packages/airflow/example_dags/example_complex.py
[2025-01-20T19:26:18.972+0000] {processor.py:925} INFO - DAG(s) 'example_complex' retrieved from /home/airflow/.local/lib/python3.12/site-packages/airflow/example_dags/example_complex.py
[2025-01-20T19:26:19.008+0000] {logging_mixin.py:190} INFO - [2025-01-20T19:26:19.007+0000] {dag.py:3239} INFO - Sync 1 DAGs
[2025-01-20T19:26:19.038+0000] {logging_mixin.py:190} INFO - [2025-01-20T19:26:19.037+0000] {dag.py:4180} INFO - Setting next_dagrun for example_complex to None, run_after=None
[2025-01-20T19:26:19.057+0000] {processor.py:208} INFO - Processing /home/airflow/.local/lib/python3.12/site-packages/airflow/example_dags/example_complex.py took 0.101 seconds
[2025-01-20T19:26:49.319+0000] {processor.py:186} INFO - Started process (PID=1941) to work on /home/airflow/.local/lib/python3.12/site-packages/airflow/example_dags/example_complex.py
[2025-01-20T19:26:49.320+0000] {processor.py:914} INFO - Processing file /home/airflow/.local/lib/python3.12/site-packages/airflow/example_dags/example_complex.py for tasks to queue
[2025-01-20T19:26:49.322+0000] {logging_mixin.py:190} INFO - [2025-01-20T19:26:49.322+0000] {dagbag.py:588} INFO - Filling up the DagBag from /home/airflow/.local/lib/python3.12/site-packages/airflow/example_dags/example_complex.py
[2025-01-20T19:26:49.335+0000] {processor.py:925} INFO - DAG(s) 'example_complex' retrieved from /home/airflow/.local/lib/python3.12/site-packages/airflow/example_dags/example_complex.py
[2025-01-20T19:26:49.373+0000] {logging_mixin.py:190} INFO - [2025-01-20T19:26:49.372+0000] {dag.py:3239} INFO - Sync 1 DAGs
[2025-01-20T19:26:49.383+0000] {logging_mixin.py:190} INFO - [2025-01-20T19:26:49.383+0000] {dag.py:4180} INFO - Setting next_dagrun for example_complex to None, run_after=None
[2025-01-20T19:26:49.400+0000] {processor.py:208} INFO - Processing /home/airflow/.local/lib/python3.12/site-packages/airflow/example_dags/example_complex.py took 0.086 seconds
[2025-01-20T19:27:20.828+0000] {processor.py:186} INFO - Started process (PID=2006) to work on /home/airflow/.local/lib/python3.12/site-packages/airflow/example_dags/example_complex.py
[2025-01-20T19:27:20.828+0000] {processor.py:914} INFO - Processing file /home/airflow/.local/lib/python3.12/site-packages/airflow/example_dags/example_complex.py for tasks to queue
[2025-01-20T19:27:20.830+0000] {logging_mixin.py:190} INFO - [2025-01-20T19:27:20.830+0000] {dagbag.py:588} INFO - Filling up the DagBag from /home/airflow/.local/lib/python3.12/site-packages/airflow/example_dags/example_complex.py
[2025-01-20T19:27:20.844+0000] {processor.py:925} INFO - DAG(s) 'example_complex' retrieved from /home/airflow/.local/lib/python3.12/site-packages/airflow/example_dags/example_complex.py
[2025-01-20T19:27:20.870+0000] {logging_mixin.py:190} INFO - [2025-01-20T19:27:20.870+0000] {dag.py:3239} INFO - Sync 1 DAGs
[2025-01-20T19:27:20.884+0000] {logging_mixin.py:190} INFO - [2025-01-20T19:27:20.883+0000] {dag.py:4180} INFO - Setting next_dagrun for example_complex to None, run_after=None
[2025-01-20T19:27:20.899+0000] {processor.py:208} INFO - Processing /home/airflow/.local/lib/python3.12/site-packages/airflow/example_dags/example_complex.py took 0.076 seconds
[2025-01-20T19:27:51.326+0000] {processor.py:186} INFO - Started process (PID=2071) to work on /home/airflow/.local/lib/python3.12/site-packages/airflow/example_dags/example_complex.py
[2025-01-20T19:27:51.327+0000] {processor.py:914} INFO - Processing file /home/airflow/.local/lib/python3.12/site-packages/airflow/example_dags/example_complex.py for tasks to queue
[2025-01-20T19:27:51.328+0000] {logging_mixin.py:190} INFO - [2025-01-20T19:27:51.328+0000] {dagbag.py:588} INFO - Filling up the DagBag from /home/airflow/.local/lib/python3.12/site-packages/airflow/example_dags/example_complex.py
[2025-01-20T19:27:51.338+0000] {processor.py:925} INFO - DAG(s) 'example_complex' retrieved from /home/airflow/.local/lib/python3.12/site-packages/airflow/example_dags/example_complex.py
[2025-01-20T19:27:51.370+0000] {logging_mixin.py:190} INFO - [2025-01-20T19:27:51.370+0000] {dag.py:3239} INFO - Sync 1 DAGs
[2025-01-20T19:27:51.382+0000] {logging_mixin.py:190} INFO - [2025-01-20T19:27:51.381+0000] {dag.py:4180} INFO - Setting next_dagrun for example_complex to None, run_after=None
[2025-01-20T19:27:51.396+0000] {processor.py:208} INFO - Processing /home/airflow/.local/lib/python3.12/site-packages/airflow/example_dags/example_complex.py took 0.074 seconds
[2025-01-20T19:28:22.781+0000] {processor.py:186} INFO - Started process (PID=2135) to work on /home/airflow/.local/lib/python3.12/site-packages/airflow/example_dags/example_complex.py
[2025-01-20T19:28:22.782+0000] {processor.py:914} INFO - Processing file /home/airflow/.local/lib/python3.12/site-packages/airflow/example_dags/example_complex.py for tasks to queue
[2025-01-20T19:28:22.783+0000] {logging_mixin.py:190} INFO - [2025-01-20T19:28:22.783+0000] {dagbag.py:588} INFO - Filling up the DagBag from /home/airflow/.local/lib/python3.12/site-packages/airflow/example_dags/example_complex.py
[2025-01-20T19:28:22.792+0000] {processor.py:925} INFO - DAG(s) 'example_complex' retrieved from /home/airflow/.local/lib/python3.12/site-packages/airflow/example_dags/example_complex.py
[2025-01-20T19:28:22.833+0000] {logging_mixin.py:190} INFO - [2025-01-20T19:28:22.833+0000] {dag.py:3239} INFO - Sync 1 DAGs
[2025-01-20T19:28:22.857+0000] {logging_mixin.py:190} INFO - [2025-01-20T19:28:22.857+0000] {dag.py:4180} INFO - Setting next_dagrun for example_complex to None, run_after=None
[2025-01-20T19:28:22.885+0000] {processor.py:208} INFO - Processing /home/airflow/.local/lib/python3.12/site-packages/airflow/example_dags/example_complex.py took 0.108 seconds
[2025-01-20T19:28:53.731+0000] {processor.py:186} INFO - Started process (PID=2198) to work on /home/airflow/.local/lib/python3.12/site-packages/airflow/example_dags/example_complex.py
[2025-01-20T19:28:53.732+0000] {processor.py:914} INFO - Processing file /home/airflow/.local/lib/python3.12/site-packages/airflow/example_dags/example_complex.py for tasks to queue
[2025-01-20T19:28:53.733+0000] {logging_mixin.py:190} INFO - [2025-01-20T19:28:53.733+0000] {dagbag.py:588} INFO - Filling up the DagBag from /home/airflow/.local/lib/python3.12/site-packages/airflow/example_dags/example_complex.py
[2025-01-20T19:28:53.744+0000] {processor.py:925} INFO - DAG(s) 'example_complex' retrieved from /home/airflow/.local/lib/python3.12/site-packages/airflow/example_dags/example_complex.py
[2025-01-20T19:28:53.768+0000] {logging_mixin.py:190} INFO - [2025-01-20T19:28:53.768+0000] {dag.py:3239} INFO - Sync 1 DAGs
[2025-01-20T19:28:53.781+0000] {logging_mixin.py:190} INFO - [2025-01-20T19:28:53.781+0000] {dag.py:4180} INFO - Setting next_dagrun for example_complex to None, run_after=None
[2025-01-20T19:28:53.794+0000] {processor.py:208} INFO - Processing /home/airflow/.local/lib/python3.12/site-packages/airflow/example_dags/example_complex.py took 0.068 seconds
[2025-01-20T19:29:24.981+0000] {processor.py:186} INFO - Started process (PID=2262) to work on /home/airflow/.local/lib/python3.12/site-packages/airflow/example_dags/example_complex.py
[2025-01-20T19:29:24.982+0000] {processor.py:914} INFO - Processing file /home/airflow/.local/lib/python3.12/site-packages/airflow/example_dags/example_complex.py for tasks to queue
[2025-01-20T19:29:24.984+0000] {logging_mixin.py:190} INFO - [2025-01-20T19:29:24.984+0000] {dagbag.py:588} INFO - Filling up the DagBag from /home/airflow/.local/lib/python3.12/site-packages/airflow/example_dags/example_complex.py
[2025-01-20T19:29:24.997+0000] {processor.py:925} INFO - DAG(s) 'example_complex' retrieved from /home/airflow/.local/lib/python3.12/site-packages/airflow/example_dags/example_complex.py
[2025-01-20T19:29:25.028+0000] {logging_mixin.py:190} INFO - [2025-01-20T19:29:25.028+0000] {dag.py:3239} INFO - Sync 1 DAGs
[2025-01-20T19:29:25.039+0000] {logging_mixin.py:190} INFO - [2025-01-20T19:29:25.039+0000] {dag.py:4180} INFO - Setting next_dagrun for example_complex to None, run_after=None
[2025-01-20T19:29:25.052+0000] {processor.py:208} INFO - Processing /home/airflow/.local/lib/python3.12/site-packages/airflow/example_dags/example_complex.py took 0.079 seconds
[2025-01-20T19:29:56.702+0000] {processor.py:186} INFO - Started process (PID=2327) to work on /home/airflow/.local/lib/python3.12/site-packages/airflow/example_dags/example_complex.py
[2025-01-20T19:29:56.703+0000] {processor.py:914} INFO - Processing file /home/airflow/.local/lib/python3.12/site-packages/airflow/example_dags/example_complex.py for tasks to queue
[2025-01-20T19:29:56.705+0000] {logging_mixin.py:190} INFO - [2025-01-20T19:29:56.704+0000] {dagbag.py:588} INFO - Filling up the DagBag from /home/airflow/.local/lib/python3.12/site-packages/airflow/example_dags/example_complex.py
[2025-01-20T19:29:56.715+0000] {processor.py:925} INFO - DAG(s) 'example_complex' retrieved from /home/airflow/.local/lib/python3.12/site-packages/airflow/example_dags/example_complex.py
[2025-01-20T19:29:56.742+0000] {logging_mixin.py:190} INFO - [2025-01-20T19:29:56.741+0000] {dag.py:3239} INFO - Sync 1 DAGs
[2025-01-20T19:29:56.753+0000] {logging_mixin.py:190} INFO - [2025-01-20T19:29:56.752+0000] {dag.py:4180} INFO - Setting next_dagrun for example_complex to None, run_after=None
[2025-01-20T19:29:56.766+0000] {processor.py:208} INFO - Processing /home/airflow/.local/lib/python3.12/site-packages/airflow/example_dags/example_complex.py took 0.070 seconds
[2025-01-20T19:30:27.840+0000] {processor.py:186} INFO - Started process (PID=2391) to work on /home/airflow/.local/lib/python3.12/site-packages/airflow/example_dags/example_complex.py
[2025-01-20T19:30:27.841+0000] {processor.py:914} INFO - Processing file /home/airflow/.local/lib/python3.12/site-packages/airflow/example_dags/example_complex.py for tasks to queue
[2025-01-20T19:30:27.842+0000] {logging_mixin.py:190} INFO - [2025-01-20T19:30:27.842+0000] {dagbag.py:588} INFO - Filling up the DagBag from /home/airflow/.local/lib/python3.12/site-packages/airflow/example_dags/example_complex.py
[2025-01-20T19:30:27.851+0000] {processor.py:925} INFO - DAG(s) 'example_complex' retrieved from /home/airflow/.local/lib/python3.12/site-packages/airflow/example_dags/example_complex.py
[2025-01-20T19:30:27.875+0000] {logging_mixin.py:190} INFO - [2025-01-20T19:30:27.875+0000] {dag.py:3239} INFO - Sync 1 DAGs
[2025-01-20T19:30:27.885+0000] {logging_mixin.py:190} INFO - [2025-01-20T19:30:27.885+0000] {dag.py:4180} INFO - Setting next_dagrun for example_complex to None, run_after=None
[2025-01-20T19:30:27.897+0000] {processor.py:208} INFO - Processing /home/airflow/.local/lib/python3.12/site-packages/airflow/example_dags/example_complex.py took 0.061 seconds
