[2025-01-20T19:11:48.255+0000] {processor.py:186} INFO - Started process (PID=103) to work on /home/airflow/.local/lib/python3.12/site-packages/airflow/example_dags/example_datasets.py
[2025-01-20T19:11:48.256+0000] {processor.py:914} INFO - Processing file /home/airflow/.local/lib/python3.12/site-packages/airflow/example_dags/example_datasets.py for tasks to queue
[2025-01-20T19:11:48.258+0000] {logging_mixin.py:190} INFO - [2025-01-20T19:11:48.258+0000] {dagbag.py:588} INFO - Filling up the DagBag from /home/airflow/.local/lib/python3.12/site-packages/airflow/example_dags/example_datasets.py
[2025-01-20T19:11:48.953+0000] {processor.py:925} INFO - DAG(s) 'dataset_consumes_1_and_2', 'dataset_consumes_1', 'conditional_dataset_and_time_based_timetable', 'dataset_consumes_1_never_scheduled', 'dataset_produces_1', 'dataset_consumes_unknown_never_scheduled', 'consume_1_and_2_with_dataset_expressions', 'dataset_produces_2', 'consume_1_or_both_2_and_3_with_dataset_expressions', 'consume_1_or_2_with_dataset_expressions' retrieved from /home/airflow/.local/lib/python3.12/site-packages/airflow/example_dags/example_datasets.py
[2025-01-20T19:11:49.582+0000] {logging_mixin.py:190} INFO - [2025-01-20T19:11:49.582+0000] {override.py:1911} INFO - Created Permission View: can edit on DAG:dataset_consumes_1_and_2
[2025-01-20T19:11:49.590+0000] {logging_mixin.py:190} INFO - [2025-01-20T19:11:49.590+0000] {override.py:1911} INFO - Created Permission View: can delete on DAG:dataset_consumes_1_and_2
[2025-01-20T19:11:49.597+0000] {logging_mixin.py:190} INFO - [2025-01-20T19:11:49.596+0000] {override.py:1911} INFO - Created Permission View: can read on DAG:dataset_consumes_1_and_2
[2025-01-20T19:11:49.602+0000] {logging_mixin.py:190} INFO - [2025-01-20T19:11:49.602+0000] {override.py:1911} INFO - Created Permission View: can create on DAG Run:dataset_consumes_1_and_2
[2025-01-20T19:11:49.606+0000] {logging_mixin.py:190} INFO - [2025-01-20T19:11:49.606+0000] {override.py:1911} INFO - Created Permission View: can delete on DAG Run:dataset_consumes_1_and_2
[2025-01-20T19:11:49.611+0000] {logging_mixin.py:190} INFO - [2025-01-20T19:11:49.611+0000] {override.py:1911} INFO - Created Permission View: menu access on DAG Run:dataset_consumes_1_and_2
[2025-01-20T19:11:49.616+0000] {logging_mixin.py:190} INFO - [2025-01-20T19:11:49.615+0000] {override.py:1911} INFO - Created Permission View: can read on DAG Run:dataset_consumes_1_and_2
[2025-01-20T19:11:49.624+0000] {logging_mixin.py:190} INFO - [2025-01-20T19:11:49.624+0000] {override.py:1911} INFO - Created Permission View: can edit on DAG:dataset_consumes_1
[2025-01-20T19:11:49.629+0000] {logging_mixin.py:190} INFO - [2025-01-20T19:11:49.629+0000] {override.py:1911} INFO - Created Permission View: can delete on DAG:dataset_consumes_1
[2025-01-20T19:11:49.634+0000] {logging_mixin.py:190} INFO - [2025-01-20T19:11:49.633+0000] {override.py:1911} INFO - Created Permission View: can read on DAG:dataset_consumes_1
[2025-01-20T19:11:49.640+0000] {logging_mixin.py:190} INFO - [2025-01-20T19:11:49.640+0000] {override.py:1911} INFO - Created Permission View: can create on DAG Run:dataset_consumes_1
[2025-01-20T19:11:49.646+0000] {logging_mixin.py:190} INFO - [2025-01-20T19:11:49.646+0000] {override.py:1911} INFO - Created Permission View: can delete on DAG Run:dataset_consumes_1
[2025-01-20T19:11:49.652+0000] {logging_mixin.py:190} INFO - [2025-01-20T19:11:49.651+0000] {override.py:1911} INFO - Created Permission View: menu access on DAG Run:dataset_consumes_1
[2025-01-20T19:11:49.659+0000] {logging_mixin.py:190} INFO - [2025-01-20T19:11:49.658+0000] {override.py:1911} INFO - Created Permission View: can read on DAG Run:dataset_consumes_1
[2025-01-20T19:11:49.670+0000] {logging_mixin.py:190} INFO - [2025-01-20T19:11:49.670+0000] {override.py:1911} INFO - Created Permission View: can edit on DAG:conditional_dataset_and_time_based_timetable
[2025-01-20T19:11:49.676+0000] {logging_mixin.py:190} INFO - [2025-01-20T19:11:49.676+0000] {override.py:1911} INFO - Created Permission View: can delete on DAG:conditional_dataset_and_time_based_timetable
[2025-01-20T19:11:49.682+0000] {logging_mixin.py:190} INFO - [2025-01-20T19:11:49.682+0000] {override.py:1911} INFO - Created Permission View: can read on DAG:conditional_dataset_and_time_based_timetable
[2025-01-20T19:11:49.687+0000] {logging_mixin.py:190} INFO - [2025-01-20T19:11:49.687+0000] {override.py:1911} INFO - Created Permission View: can create on DAG Run:conditional_dataset_and_time_based_timetable
[2025-01-20T19:11:49.693+0000] {logging_mixin.py:190} INFO - [2025-01-20T19:11:49.693+0000] {override.py:1911} INFO - Created Permission View: can delete on DAG Run:conditional_dataset_and_time_based_timetable
[2025-01-20T19:11:49.699+0000] {logging_mixin.py:190} INFO - [2025-01-20T19:11:49.699+0000] {override.py:1911} INFO - Created Permission View: menu access on DAG Run:conditional_dataset_and_time_based_timetable
[2025-01-20T19:11:49.705+0000] {logging_mixin.py:190} INFO - [2025-01-20T19:11:49.705+0000] {override.py:1911} INFO - Created Permission View: can read on DAG Run:conditional_dataset_and_time_based_timetable
[2025-01-20T19:11:49.716+0000] {logging_mixin.py:190} INFO - [2025-01-20T19:11:49.716+0000] {override.py:1911} INFO - Created Permission View: can edit on DAG:dataset_consumes_1_never_scheduled
[2025-01-20T19:11:49.722+0000] {logging_mixin.py:190} INFO - [2025-01-20T19:11:49.722+0000] {override.py:1911} INFO - Created Permission View: can delete on DAG:dataset_consumes_1_never_scheduled
[2025-01-20T19:11:49.728+0000] {logging_mixin.py:190} INFO - [2025-01-20T19:11:49.728+0000] {override.py:1911} INFO - Created Permission View: can read on DAG:dataset_consumes_1_never_scheduled
[2025-01-20T19:11:49.734+0000] {logging_mixin.py:190} INFO - [2025-01-20T19:11:49.734+0000] {override.py:1911} INFO - Created Permission View: can create on DAG Run:dataset_consumes_1_never_scheduled
[2025-01-20T19:11:49.740+0000] {logging_mixin.py:190} INFO - [2025-01-20T19:11:49.740+0000] {override.py:1911} INFO - Created Permission View: can delete on DAG Run:dataset_consumes_1_never_scheduled
[2025-01-20T19:11:49.746+0000] {logging_mixin.py:190} INFO - [2025-01-20T19:11:49.745+0000] {override.py:1911} INFO - Created Permission View: menu access on DAG Run:dataset_consumes_1_never_scheduled
[2025-01-20T19:11:49.751+0000] {logging_mixin.py:190} INFO - [2025-01-20T19:11:49.751+0000] {override.py:1911} INFO - Created Permission View: can read on DAG Run:dataset_consumes_1_never_scheduled
[2025-01-20T19:11:49.762+0000] {logging_mixin.py:190} INFO - [2025-01-20T19:11:49.762+0000] {override.py:1911} INFO - Created Permission View: can edit on DAG:dataset_produces_1
[2025-01-20T19:11:49.768+0000] {logging_mixin.py:190} INFO - [2025-01-20T19:11:49.768+0000] {override.py:1911} INFO - Created Permission View: can delete on DAG:dataset_produces_1
[2025-01-20T19:11:49.774+0000] {logging_mixin.py:190} INFO - [2025-01-20T19:11:49.774+0000] {override.py:1911} INFO - Created Permission View: can read on DAG:dataset_produces_1
[2025-01-20T19:11:49.780+0000] {logging_mixin.py:190} INFO - [2025-01-20T19:11:49.779+0000] {override.py:1911} INFO - Created Permission View: can create on DAG Run:dataset_produces_1
[2025-01-20T19:11:49.786+0000] {logging_mixin.py:190} INFO - [2025-01-20T19:11:49.785+0000] {override.py:1911} INFO - Created Permission View: can delete on DAG Run:dataset_produces_1
[2025-01-20T19:11:49.792+0000] {logging_mixin.py:190} INFO - [2025-01-20T19:11:49.792+0000] {override.py:1911} INFO - Created Permission View: menu access on DAG Run:dataset_produces_1
[2025-01-20T19:11:49.799+0000] {logging_mixin.py:190} INFO - [2025-01-20T19:11:49.798+0000] {override.py:1911} INFO - Created Permission View: can read on DAG Run:dataset_produces_1
[2025-01-20T19:11:49.811+0000] {logging_mixin.py:190} INFO - [2025-01-20T19:11:49.810+0000] {override.py:1911} INFO - Created Permission View: can edit on DAG:dataset_consumes_unknown_never_scheduled
[2025-01-20T19:11:49.817+0000] {logging_mixin.py:190} INFO - [2025-01-20T19:11:49.816+0000] {override.py:1911} INFO - Created Permission View: can delete on DAG:dataset_consumes_unknown_never_scheduled
[2025-01-20T19:11:49.823+0000] {logging_mixin.py:190} INFO - [2025-01-20T19:11:49.823+0000] {override.py:1911} INFO - Created Permission View: can read on DAG:dataset_consumes_unknown_never_scheduled
[2025-01-20T19:11:49.829+0000] {logging_mixin.py:190} INFO - [2025-01-20T19:11:49.828+0000] {override.py:1911} INFO - Created Permission View: can create on DAG Run:dataset_consumes_unknown_never_scheduled
[2025-01-20T19:11:49.834+0000] {logging_mixin.py:190} INFO - [2025-01-20T19:11:49.834+0000] {override.py:1911} INFO - Created Permission View: can delete on DAG Run:dataset_consumes_unknown_never_scheduled
[2025-01-20T19:11:49.840+0000] {logging_mixin.py:190} INFO - [2025-01-20T19:11:49.840+0000] {override.py:1911} INFO - Created Permission View: menu access on DAG Run:dataset_consumes_unknown_never_scheduled
[2025-01-20T19:11:49.846+0000] {logging_mixin.py:190} INFO - [2025-01-20T19:11:49.846+0000] {override.py:1911} INFO - Created Permission View: can read on DAG Run:dataset_consumes_unknown_never_scheduled
[2025-01-20T19:11:49.857+0000] {logging_mixin.py:190} INFO - [2025-01-20T19:11:49.856+0000] {override.py:1911} INFO - Created Permission View: can edit on DAG:consume_1_and_2_with_dataset_expressions
[2025-01-20T19:11:49.862+0000] {logging_mixin.py:190} INFO - [2025-01-20T19:11:49.862+0000] {override.py:1911} INFO - Created Permission View: can delete on DAG:consume_1_and_2_with_dataset_expressions
[2025-01-20T19:11:49.868+0000] {logging_mixin.py:190} INFO - [2025-01-20T19:11:49.868+0000] {override.py:1911} INFO - Created Permission View: can read on DAG:consume_1_and_2_with_dataset_expressions
[2025-01-20T19:11:49.874+0000] {logging_mixin.py:190} INFO - [2025-01-20T19:11:49.874+0000] {override.py:1911} INFO - Created Permission View: can create on DAG Run:consume_1_and_2_with_dataset_expressions
[2025-01-20T19:11:49.880+0000] {logging_mixin.py:190} INFO - [2025-01-20T19:11:49.880+0000] {override.py:1911} INFO - Created Permission View: can delete on DAG Run:consume_1_and_2_with_dataset_expressions
[2025-01-20T19:11:49.886+0000] {logging_mixin.py:190} INFO - [2025-01-20T19:11:49.886+0000] {override.py:1911} INFO - Created Permission View: menu access on DAG Run:consume_1_and_2_with_dataset_expressions
[2025-01-20T19:11:49.892+0000] {logging_mixin.py:190} INFO - [2025-01-20T19:11:49.892+0000] {override.py:1911} INFO - Created Permission View: can read on DAG Run:consume_1_and_2_with_dataset_expressions
[2025-01-20T19:11:49.903+0000] {logging_mixin.py:190} INFO - [2025-01-20T19:11:49.903+0000] {override.py:1911} INFO - Created Permission View: can edit on DAG:dataset_produces_2
[2025-01-20T19:11:49.910+0000] {logging_mixin.py:190} INFO - [2025-01-20T19:11:49.909+0000] {override.py:1911} INFO - Created Permission View: can delete on DAG:dataset_produces_2
[2025-01-20T19:11:49.915+0000] {logging_mixin.py:190} INFO - [2025-01-20T19:11:49.915+0000] {override.py:1911} INFO - Created Permission View: can read on DAG:dataset_produces_2
[2025-01-20T19:11:49.922+0000] {logging_mixin.py:190} INFO - [2025-01-20T19:11:49.921+0000] {override.py:1911} INFO - Created Permission View: can create on DAG Run:dataset_produces_2
[2025-01-20T19:11:49.927+0000] {logging_mixin.py:190} INFO - [2025-01-20T19:11:49.927+0000] {override.py:1911} INFO - Created Permission View: can delete on DAG Run:dataset_produces_2
[2025-01-20T19:11:49.933+0000] {logging_mixin.py:190} INFO - [2025-01-20T19:11:49.933+0000] {override.py:1911} INFO - Created Permission View: menu access on DAG Run:dataset_produces_2
[2025-01-20T19:11:49.939+0000] {logging_mixin.py:190} INFO - [2025-01-20T19:11:49.939+0000] {override.py:1911} INFO - Created Permission View: can read on DAG Run:dataset_produces_2
[2025-01-20T19:11:49.951+0000] {logging_mixin.py:190} INFO - [2025-01-20T19:11:49.950+0000] {override.py:1911} INFO - Created Permission View: can edit on DAG:consume_1_or_both_2_and_3_with_dataset_expressions
[2025-01-20T19:11:49.956+0000] {logging_mixin.py:190} INFO - [2025-01-20T19:11:49.956+0000] {override.py:1911} INFO - Created Permission View: can delete on DAG:consume_1_or_both_2_and_3_with_dataset_expressions
[2025-01-20T19:11:49.962+0000] {logging_mixin.py:190} INFO - [2025-01-20T19:11:49.962+0000] {override.py:1911} INFO - Created Permission View: can read on DAG:consume_1_or_both_2_and_3_with_dataset_expressions
[2025-01-20T19:11:49.969+0000] {logging_mixin.py:190} INFO - [2025-01-20T19:11:49.968+0000] {override.py:1911} INFO - Created Permission View: can create on DAG Run:consume_1_or_both_2_and_3_with_dataset_expressions
[2025-01-20T19:11:49.974+0000] {logging_mixin.py:190} INFO - [2025-01-20T19:11:49.974+0000] {override.py:1911} INFO - Created Permission View: can delete on DAG Run:consume_1_or_both_2_and_3_with_dataset_expressions
[2025-01-20T19:11:49.980+0000] {logging_mixin.py:190} INFO - [2025-01-20T19:11:49.980+0000] {override.py:1911} INFO - Created Permission View: menu access on DAG Run:consume_1_or_both_2_and_3_with_dataset_expressions
[2025-01-20T19:11:49.986+0000] {logging_mixin.py:190} INFO - [2025-01-20T19:11:49.985+0000] {override.py:1911} INFO - Created Permission View: can read on DAG Run:consume_1_or_both_2_and_3_with_dataset_expressions
[2025-01-20T19:11:49.996+0000] {logging_mixin.py:190} INFO - [2025-01-20T19:11:49.996+0000] {override.py:1911} INFO - Created Permission View: can edit on DAG:consume_1_or_2_with_dataset_expressions
[2025-01-20T19:11:50.002+0000] {logging_mixin.py:190} INFO - [2025-01-20T19:11:50.002+0000] {override.py:1911} INFO - Created Permission View: can delete on DAG:consume_1_or_2_with_dataset_expressions
[2025-01-20T19:11:50.007+0000] {logging_mixin.py:190} INFO - [2025-01-20T19:11:50.007+0000] {override.py:1911} INFO - Created Permission View: can read on DAG:consume_1_or_2_with_dataset_expressions
[2025-01-20T19:11:50.014+0000] {logging_mixin.py:190} INFO - [2025-01-20T19:11:50.013+0000] {override.py:1911} INFO - Created Permission View: can create on DAG Run:consume_1_or_2_with_dataset_expressions
[2025-01-20T19:11:50.019+0000] {logging_mixin.py:190} INFO - [2025-01-20T19:11:50.019+0000] {override.py:1911} INFO - Created Permission View: can delete on DAG Run:consume_1_or_2_with_dataset_expressions
[2025-01-20T19:11:50.026+0000] {logging_mixin.py:190} INFO - [2025-01-20T19:11:50.026+0000] {override.py:1911} INFO - Created Permission View: menu access on DAG Run:consume_1_or_2_with_dataset_expressions
[2025-01-20T19:11:50.031+0000] {logging_mixin.py:190} INFO - [2025-01-20T19:11:50.031+0000] {override.py:1911} INFO - Created Permission View: can read on DAG Run:consume_1_or_2_with_dataset_expressions
[2025-01-20T19:11:50.032+0000] {logging_mixin.py:190} INFO - [2025-01-20T19:11:50.032+0000] {dag.py:3239} INFO - Sync 10 DAGs
[2025-01-20T19:11:50.048+0000] {logging_mixin.py:190} INFO - [2025-01-20T19:11:50.047+0000] {dag.py:3262} INFO - Creating ORM DAG for conditional_dataset_and_time_based_timetable
[2025-01-20T19:11:50.048+0000] {logging_mixin.py:190} INFO - [2025-01-20T19:11:50.048+0000] {dag.py:3262} INFO - Creating ORM DAG for dataset_produces_2
[2025-01-20T19:11:50.049+0000] {logging_mixin.py:190} INFO - [2025-01-20T19:11:50.049+0000] {dag.py:3262} INFO - Creating ORM DAG for consume_1_or_both_2_and_3_with_dataset_expressions
[2025-01-20T19:11:50.050+0000] {logging_mixin.py:190} INFO - [2025-01-20T19:11:50.050+0000] {dag.py:3262} INFO - Creating ORM DAG for dataset_consumes_1_and_2
[2025-01-20T19:11:50.050+0000] {logging_mixin.py:190} INFO - [2025-01-20T19:11:50.050+0000] {dag.py:3262} INFO - Creating ORM DAG for consume_1_or_2_with_dataset_expressions
[2025-01-20T19:11:50.051+0000] {logging_mixin.py:190} INFO - [2025-01-20T19:11:50.051+0000] {dag.py:3262} INFO - Creating ORM DAG for consume_1_and_2_with_dataset_expressions
[2025-01-20T19:11:50.051+0000] {logging_mixin.py:190} INFO - [2025-01-20T19:11:50.051+0000] {dag.py:3262} INFO - Creating ORM DAG for dataset_consumes_1_never_scheduled
[2025-01-20T19:11:50.052+0000] {logging_mixin.py:190} INFO - [2025-01-20T19:11:50.052+0000] {dag.py:3262} INFO - Creating ORM DAG for dataset_produces_1
[2025-01-20T19:11:50.052+0000] {logging_mixin.py:190} INFO - [2025-01-20T19:11:50.052+0000] {dag.py:3262} INFO - Creating ORM DAG for dataset_consumes_1
[2025-01-20T19:11:50.053+0000] {logging_mixin.py:190} INFO - [2025-01-20T19:11:50.052+0000] {dag.py:3262} INFO - Creating ORM DAG for dataset_consumes_unknown_never_scheduled
[2025-01-20T19:11:50.062+0000] {logging_mixin.py:190} INFO - [2025-01-20T19:11:50.062+0000] {dag.py:4180} INFO - Setting next_dagrun for conditional_dataset_and_time_based_timetable to 2025-01-15 01:00:00+00:00, run_after=2025-01-15 01:00:00+00:00
[2025-01-20T19:11:50.062+0000] {logging_mixin.py:190} INFO - [2025-01-20T19:11:50.062+0000] {dag.py:4180} INFO - Setting next_dagrun for consume_1_and_2_with_dataset_expressions to None, run_after=None
[2025-01-20T19:11:50.063+0000] {logging_mixin.py:190} INFO - [2025-01-20T19:11:50.063+0000] {dag.py:4180} INFO - Setting next_dagrun for consume_1_or_2_with_dataset_expressions to None, run_after=None
[2025-01-20T19:11:50.063+0000] {logging_mixin.py:190} INFO - [2025-01-20T19:11:50.063+0000] {dag.py:4180} INFO - Setting next_dagrun for consume_1_or_both_2_and_3_with_dataset_expressions to None, run_after=None
[2025-01-20T19:11:50.063+0000] {logging_mixin.py:190} INFO - [2025-01-20T19:11:50.063+0000] {dag.py:4180} INFO - Setting next_dagrun for dataset_consumes_1 to None, run_after=None
[2025-01-20T19:11:50.064+0000] {logging_mixin.py:190} INFO - [2025-01-20T19:11:50.064+0000] {dag.py:4180} INFO - Setting next_dagrun for dataset_consumes_1_and_2 to None, run_after=None
[2025-01-20T19:11:50.064+0000] {logging_mixin.py:190} INFO - [2025-01-20T19:11:50.064+0000] {dag.py:4180} INFO - Setting next_dagrun for dataset_consumes_1_never_scheduled to None, run_after=None
[2025-01-20T19:11:50.065+0000] {logging_mixin.py:190} INFO - [2025-01-20T19:11:50.064+0000] {dag.py:4180} INFO - Setting next_dagrun for dataset_consumes_unknown_never_scheduled to None, run_after=None
[2025-01-20T19:11:50.066+0000] {logging_mixin.py:190} INFO - [2025-01-20T19:11:50.066+0000] {dag.py:4180} INFO - Setting next_dagrun for dataset_produces_1 to 2025-01-19 00:00:00+00:00, run_after=2025-01-20 00:00:00+00:00
[2025-01-20T19:11:50.067+0000] {logging_mixin.py:190} INFO - [2025-01-20T19:11:50.067+0000] {dag.py:4180} INFO - Setting next_dagrun for dataset_produces_2 to None, run_after=None
[2025-01-20T19:11:50.114+0000] {processor.py:208} INFO - Processing /home/airflow/.local/lib/python3.12/site-packages/airflow/example_dags/example_datasets.py took 1.864 seconds
[2025-01-20T19:12:20.195+0000] {processor.py:186} INFO - Started process (PID=166) to work on /home/airflow/.local/lib/python3.12/site-packages/airflow/example_dags/example_datasets.py
[2025-01-20T19:12:20.196+0000] {processor.py:914} INFO - Processing file /home/airflow/.local/lib/python3.12/site-packages/airflow/example_dags/example_datasets.py for tasks to queue
[2025-01-20T19:12:20.198+0000] {logging_mixin.py:190} INFO - [2025-01-20T19:12:20.197+0000] {dagbag.py:588} INFO - Filling up the DagBag from /home/airflow/.local/lib/python3.12/site-packages/airflow/example_dags/example_datasets.py
[2025-01-20T19:12:20.753+0000] {processor.py:925} INFO - DAG(s) 'dataset_consumes_1_never_scheduled', 'dataset_produces_2', 'dataset_consumes_unknown_never_scheduled', 'consume_1_or_both_2_and_3_with_dataset_expressions', 'dataset_consumes_1_and_2', 'dataset_produces_1', 'conditional_dataset_and_time_based_timetable', 'dataset_consumes_1', 'consume_1_or_2_with_dataset_expressions', 'consume_1_and_2_with_dataset_expressions' retrieved from /home/airflow/.local/lib/python3.12/site-packages/airflow/example_dags/example_datasets.py
[2025-01-20T19:12:20.797+0000] {logging_mixin.py:190} INFO - [2025-01-20T19:12:20.797+0000] {dag.py:3239} INFO - Sync 10 DAGs
[2025-01-20T19:12:20.818+0000] {logging_mixin.py:190} INFO - [2025-01-20T19:12:20.817+0000] {dag.py:4180} INFO - Setting next_dagrun for conditional_dataset_and_time_based_timetable to 2025-01-15 01:00:00+00:00, run_after=2025-01-15 01:00:00+00:00
[2025-01-20T19:12:20.820+0000] {logging_mixin.py:190} INFO - [2025-01-20T19:12:20.820+0000] {dag.py:4180} INFO - Setting next_dagrun for consume_1_and_2_with_dataset_expressions to None, run_after=None
[2025-01-20T19:12:20.822+0000] {logging_mixin.py:190} INFO - [2025-01-20T19:12:20.822+0000] {dag.py:4180} INFO - Setting next_dagrun for consume_1_or_2_with_dataset_expressions to None, run_after=None
[2025-01-20T19:12:20.823+0000] {logging_mixin.py:190} INFO - [2025-01-20T19:12:20.822+0000] {dag.py:4180} INFO - Setting next_dagrun for consume_1_or_both_2_and_3_with_dataset_expressions to None, run_after=None
[2025-01-20T19:12:20.824+0000] {logging_mixin.py:190} INFO - [2025-01-20T19:12:20.823+0000] {dag.py:4180} INFO - Setting next_dagrun for dataset_consumes_1 to None, run_after=None
[2025-01-20T19:12:20.825+0000] {logging_mixin.py:190} INFO - [2025-01-20T19:12:20.824+0000] {dag.py:4180} INFO - Setting next_dagrun for dataset_consumes_1_and_2 to None, run_after=None
[2025-01-20T19:12:20.826+0000] {logging_mixin.py:190} INFO - [2025-01-20T19:12:20.826+0000] {dag.py:4180} INFO - Setting next_dagrun for dataset_consumes_1_never_scheduled to None, run_after=None
[2025-01-20T19:12:20.827+0000] {logging_mixin.py:190} INFO - [2025-01-20T19:12:20.827+0000] {dag.py:4180} INFO - Setting next_dagrun for dataset_consumes_unknown_never_scheduled to None, run_after=None
[2025-01-20T19:12:20.830+0000] {logging_mixin.py:190} INFO - [2025-01-20T19:12:20.829+0000] {dag.py:4180} INFO - Setting next_dagrun for dataset_produces_1 to 2025-01-19 00:00:00+00:00, run_after=2025-01-20 00:00:00+00:00
[2025-01-20T19:12:20.831+0000] {logging_mixin.py:190} INFO - [2025-01-20T19:12:20.831+0000] {dag.py:4180} INFO - Setting next_dagrun for dataset_produces_2 to None, run_after=None
[2025-01-20T19:12:20.866+0000] {processor.py:208} INFO - Processing /home/airflow/.local/lib/python3.12/site-packages/airflow/example_dags/example_datasets.py took 0.675 seconds
[2025-01-20T19:12:50.918+0000] {processor.py:186} INFO - Started process (PID=230) to work on /home/airflow/.local/lib/python3.12/site-packages/airflow/example_dags/example_datasets.py
[2025-01-20T19:12:50.919+0000] {processor.py:914} INFO - Processing file /home/airflow/.local/lib/python3.12/site-packages/airflow/example_dags/example_datasets.py for tasks to queue
[2025-01-20T19:12:50.921+0000] {logging_mixin.py:190} INFO - [2025-01-20T19:12:50.920+0000] {dagbag.py:588} INFO - Filling up the DagBag from /home/airflow/.local/lib/python3.12/site-packages/airflow/example_dags/example_datasets.py
[2025-01-20T19:12:51.517+0000] {processor.py:925} INFO - DAG(s) 'dataset_consumes_1_never_scheduled', 'consume_1_or_2_with_dataset_expressions', 'dataset_consumes_unknown_never_scheduled', 'dataset_produces_2', 'consume_1_or_both_2_and_3_with_dataset_expressions', 'consume_1_and_2_with_dataset_expressions', 'dataset_consumes_1_and_2', 'conditional_dataset_and_time_based_timetable', 'dataset_consumes_1', 'dataset_produces_1' retrieved from /home/airflow/.local/lib/python3.12/site-packages/airflow/example_dags/example_datasets.py
[2025-01-20T19:12:51.559+0000] {logging_mixin.py:190} INFO - [2025-01-20T19:12:51.559+0000] {dag.py:3239} INFO - Sync 10 DAGs
[2025-01-20T19:12:51.584+0000] {logging_mixin.py:190} INFO - [2025-01-20T19:12:51.584+0000] {dag.py:4180} INFO - Setting next_dagrun for conditional_dataset_and_time_based_timetable to 2025-01-15 01:00:00+00:00, run_after=2025-01-15 01:00:00+00:00
[2025-01-20T19:12:51.588+0000] {logging_mixin.py:190} INFO - [2025-01-20T19:12:51.588+0000] {dag.py:4180} INFO - Setting next_dagrun for consume_1_and_2_with_dataset_expressions to None, run_after=None
[2025-01-20T19:12:51.590+0000] {logging_mixin.py:190} INFO - [2025-01-20T19:12:51.590+0000] {dag.py:4180} INFO - Setting next_dagrun for consume_1_or_2_with_dataset_expressions to None, run_after=None
[2025-01-20T19:12:51.591+0000] {logging_mixin.py:190} INFO - [2025-01-20T19:12:51.591+0000] {dag.py:4180} INFO - Setting next_dagrun for consume_1_or_both_2_and_3_with_dataset_expressions to None, run_after=None
[2025-01-20T19:12:51.592+0000] {logging_mixin.py:190} INFO - [2025-01-20T19:12:51.592+0000] {dag.py:4180} INFO - Setting next_dagrun for dataset_consumes_1 to None, run_after=None
[2025-01-20T19:12:51.593+0000] {logging_mixin.py:190} INFO - [2025-01-20T19:12:51.593+0000] {dag.py:4180} INFO - Setting next_dagrun for dataset_consumes_1_and_2 to None, run_after=None
[2025-01-20T19:12:51.595+0000] {logging_mixin.py:190} INFO - [2025-01-20T19:12:51.594+0000] {dag.py:4180} INFO - Setting next_dagrun for dataset_consumes_1_never_scheduled to None, run_after=None
[2025-01-20T19:12:51.596+0000] {logging_mixin.py:190} INFO - [2025-01-20T19:12:51.595+0000] {dag.py:4180} INFO - Setting next_dagrun for dataset_consumes_unknown_never_scheduled to None, run_after=None
[2025-01-20T19:12:51.598+0000] {logging_mixin.py:190} INFO - [2025-01-20T19:12:51.598+0000] {dag.py:4180} INFO - Setting next_dagrun for dataset_produces_1 to 2025-01-19 00:00:00+00:00, run_after=2025-01-20 00:00:00+00:00
[2025-01-20T19:12:51.600+0000] {logging_mixin.py:190} INFO - [2025-01-20T19:12:51.599+0000] {dag.py:4180} INFO - Setting next_dagrun for dataset_produces_2 to None, run_after=None
[2025-01-20T19:12:51.628+0000] {processor.py:208} INFO - Processing /home/airflow/.local/lib/python3.12/site-packages/airflow/example_dags/example_datasets.py took 0.714 seconds
[2025-01-20T19:13:21.679+0000] {processor.py:186} INFO - Started process (PID=297) to work on /home/airflow/.local/lib/python3.12/site-packages/airflow/example_dags/example_datasets.py
[2025-01-20T19:13:21.679+0000] {processor.py:914} INFO - Processing file /home/airflow/.local/lib/python3.12/site-packages/airflow/example_dags/example_datasets.py for tasks to queue
[2025-01-20T19:13:21.681+0000] {logging_mixin.py:190} INFO - [2025-01-20T19:13:21.681+0000] {dagbag.py:588} INFO - Filling up the DagBag from /home/airflow/.local/lib/python3.12/site-packages/airflow/example_dags/example_datasets.py
[2025-01-20T19:13:22.239+0000] {processor.py:925} INFO - DAG(s) 'dataset_produces_2', 'conditional_dataset_and_time_based_timetable', 'dataset_produces_1', 'consume_1_and_2_with_dataset_expressions', 'consume_1_or_both_2_and_3_with_dataset_expressions', 'dataset_consumes_1_and_2', 'dataset_consumes_1_never_scheduled', 'dataset_consumes_unknown_never_scheduled', 'dataset_consumes_1', 'consume_1_or_2_with_dataset_expressions' retrieved from /home/airflow/.local/lib/python3.12/site-packages/airflow/example_dags/example_datasets.py
[2025-01-20T19:13:22.271+0000] {logging_mixin.py:190} INFO - [2025-01-20T19:13:22.271+0000] {dag.py:3239} INFO - Sync 10 DAGs
[2025-01-20T19:13:22.291+0000] {logging_mixin.py:190} INFO - [2025-01-20T19:13:22.291+0000] {dag.py:4180} INFO - Setting next_dagrun for conditional_dataset_and_time_based_timetable to 2025-01-15 01:00:00+00:00, run_after=2025-01-15 01:00:00+00:00
[2025-01-20T19:13:22.294+0000] {logging_mixin.py:190} INFO - [2025-01-20T19:13:22.293+0000] {dag.py:4180} INFO - Setting next_dagrun for consume_1_and_2_with_dataset_expressions to None, run_after=None
[2025-01-20T19:13:22.295+0000] {logging_mixin.py:190} INFO - [2025-01-20T19:13:22.295+0000] {dag.py:4180} INFO - Setting next_dagrun for consume_1_or_2_with_dataset_expressions to None, run_after=None
[2025-01-20T19:13:22.296+0000] {logging_mixin.py:190} INFO - [2025-01-20T19:13:22.295+0000] {dag.py:4180} INFO - Setting next_dagrun for consume_1_or_both_2_and_3_with_dataset_expressions to None, run_after=None
[2025-01-20T19:13:22.297+0000] {logging_mixin.py:190} INFO - [2025-01-20T19:13:22.296+0000] {dag.py:4180} INFO - Setting next_dagrun for dataset_consumes_1 to None, run_after=None
[2025-01-20T19:13:22.298+0000] {logging_mixin.py:190} INFO - [2025-01-20T19:13:22.298+0000] {dag.py:4180} INFO - Setting next_dagrun for dataset_consumes_1_and_2 to None, run_after=None
[2025-01-20T19:13:22.299+0000] {logging_mixin.py:190} INFO - [2025-01-20T19:13:22.299+0000] {dag.py:4180} INFO - Setting next_dagrun for dataset_consumes_1_never_scheduled to None, run_after=None
[2025-01-20T19:13:22.300+0000] {logging_mixin.py:190} INFO - [2025-01-20T19:13:22.300+0000] {dag.py:4180} INFO - Setting next_dagrun for dataset_consumes_unknown_never_scheduled to None, run_after=None
[2025-01-20T19:13:22.302+0000] {logging_mixin.py:190} INFO - [2025-01-20T19:13:22.302+0000] {dag.py:4180} INFO - Setting next_dagrun for dataset_produces_1 to 2025-01-19 00:00:00+00:00, run_after=2025-01-20 00:00:00+00:00
[2025-01-20T19:13:22.303+0000] {logging_mixin.py:190} INFO - [2025-01-20T19:13:22.302+0000] {dag.py:4180} INFO - Setting next_dagrun for dataset_produces_2 to None, run_after=None
[2025-01-20T19:13:22.325+0000] {processor.py:208} INFO - Processing /home/airflow/.local/lib/python3.12/site-packages/airflow/example_dags/example_datasets.py took 0.651 seconds
[2025-01-20T19:13:52.642+0000] {processor.py:186} INFO - Started process (PID=362) to work on /home/airflow/.local/lib/python3.12/site-packages/airflow/example_dags/example_datasets.py
[2025-01-20T19:13:52.643+0000] {processor.py:914} INFO - Processing file /home/airflow/.local/lib/python3.12/site-packages/airflow/example_dags/example_datasets.py for tasks to queue
[2025-01-20T19:13:52.644+0000] {logging_mixin.py:190} INFO - [2025-01-20T19:13:52.644+0000] {dagbag.py:588} INFO - Filling up the DagBag from /home/airflow/.local/lib/python3.12/site-packages/airflow/example_dags/example_datasets.py
[2025-01-20T19:13:53.168+0000] {processor.py:925} INFO - DAG(s) 'consume_1_or_both_2_and_3_with_dataset_expressions', 'dataset_produces_2', 'dataset_consumes_unknown_never_scheduled', 'dataset_produces_1', 'dataset_consumes_1_and_2', 'conditional_dataset_and_time_based_timetable', 'dataset_consumes_1', 'dataset_consumes_1_never_scheduled', 'consume_1_and_2_with_dataset_expressions', 'consume_1_or_2_with_dataset_expressions' retrieved from /home/airflow/.local/lib/python3.12/site-packages/airflow/example_dags/example_datasets.py
[2025-01-20T19:13:53.200+0000] {logging_mixin.py:190} INFO - [2025-01-20T19:13:53.200+0000] {dag.py:3239} INFO - Sync 10 DAGs
[2025-01-20T19:13:53.219+0000] {logging_mixin.py:190} INFO - [2025-01-20T19:13:53.219+0000] {dag.py:4180} INFO - Setting next_dagrun for conditional_dataset_and_time_based_timetable to 2025-01-15 01:00:00+00:00, run_after=2025-01-15 01:00:00+00:00
[2025-01-20T19:13:53.222+0000] {logging_mixin.py:190} INFO - [2025-01-20T19:13:53.222+0000] {dag.py:4180} INFO - Setting next_dagrun for consume_1_and_2_with_dataset_expressions to None, run_after=None
[2025-01-20T19:13:53.223+0000] {logging_mixin.py:190} INFO - [2025-01-20T19:13:53.223+0000] {dag.py:4180} INFO - Setting next_dagrun for consume_1_or_2_with_dataset_expressions to None, run_after=None
[2025-01-20T19:13:53.224+0000] {logging_mixin.py:190} INFO - [2025-01-20T19:13:53.224+0000] {dag.py:4180} INFO - Setting next_dagrun for consume_1_or_both_2_and_3_with_dataset_expressions to None, run_after=None
[2025-01-20T19:13:53.225+0000] {logging_mixin.py:190} INFO - [2025-01-20T19:13:53.225+0000] {dag.py:4180} INFO - Setting next_dagrun for dataset_consumes_1 to None, run_after=None
[2025-01-20T19:13:53.226+0000] {logging_mixin.py:190} INFO - [2025-01-20T19:13:53.226+0000] {dag.py:4180} INFO - Setting next_dagrun for dataset_consumes_1_and_2 to None, run_after=None
[2025-01-20T19:13:53.227+0000] {logging_mixin.py:190} INFO - [2025-01-20T19:13:53.227+0000] {dag.py:4180} INFO - Setting next_dagrun for dataset_consumes_1_never_scheduled to None, run_after=None
[2025-01-20T19:13:53.228+0000] {logging_mixin.py:190} INFO - [2025-01-20T19:13:53.228+0000] {dag.py:4180} INFO - Setting next_dagrun for dataset_consumes_unknown_never_scheduled to None, run_after=None
[2025-01-20T19:13:53.230+0000] {logging_mixin.py:190} INFO - [2025-01-20T19:13:53.230+0000] {dag.py:4180} INFO - Setting next_dagrun for dataset_produces_1 to 2025-01-19 00:00:00+00:00, run_after=2025-01-20 00:00:00+00:00
[2025-01-20T19:13:53.231+0000] {logging_mixin.py:190} INFO - [2025-01-20T19:13:53.231+0000] {dag.py:4180} INFO - Setting next_dagrun for dataset_produces_2 to None, run_after=None
[2025-01-20T19:13:53.253+0000] {processor.py:208} INFO - Processing /home/airflow/.local/lib/python3.12/site-packages/airflow/example_dags/example_datasets.py took 0.615 seconds
[2025-01-20T19:14:23.450+0000] {processor.py:186} INFO - Started process (PID=428) to work on /home/airflow/.local/lib/python3.12/site-packages/airflow/example_dags/example_datasets.py
[2025-01-20T19:14:23.451+0000] {processor.py:914} INFO - Processing file /home/airflow/.local/lib/python3.12/site-packages/airflow/example_dags/example_datasets.py for tasks to queue
[2025-01-20T19:14:23.452+0000] {logging_mixin.py:190} INFO - [2025-01-20T19:14:23.452+0000] {dagbag.py:588} INFO - Filling up the DagBag from /home/airflow/.local/lib/python3.12/site-packages/airflow/example_dags/example_datasets.py
[2025-01-20T19:14:23.946+0000] {processor.py:925} INFO - DAG(s) 'dataset_consumes_1', 'dataset_consumes_1_and_2', 'dataset_produces_1', 'conditional_dataset_and_time_based_timetable', 'dataset_consumes_1_never_scheduled', 'dataset_produces_2', 'consume_1_or_both_2_and_3_with_dataset_expressions', 'consume_1_and_2_with_dataset_expressions', 'consume_1_or_2_with_dataset_expressions', 'dataset_consumes_unknown_never_scheduled' retrieved from /home/airflow/.local/lib/python3.12/site-packages/airflow/example_dags/example_datasets.py
[2025-01-20T19:14:23.993+0000] {logging_mixin.py:190} INFO - [2025-01-20T19:14:23.993+0000] {dag.py:3239} INFO - Sync 10 DAGs
[2025-01-20T19:14:24.023+0000] {logging_mixin.py:190} INFO - [2025-01-20T19:14:24.023+0000] {dag.py:4180} INFO - Setting next_dagrun for conditional_dataset_and_time_based_timetable to 2025-01-15 01:00:00+00:00, run_after=2025-01-15 01:00:00+00:00
[2025-01-20T19:14:24.027+0000] {logging_mixin.py:190} INFO - [2025-01-20T19:14:24.027+0000] {dag.py:4180} INFO - Setting next_dagrun for consume_1_and_2_with_dataset_expressions to None, run_after=None
[2025-01-20T19:14:24.028+0000] {logging_mixin.py:190} INFO - [2025-01-20T19:14:24.028+0000] {dag.py:4180} INFO - Setting next_dagrun for consume_1_or_2_with_dataset_expressions to None, run_after=None
[2025-01-20T19:14:24.030+0000] {logging_mixin.py:190} INFO - [2025-01-20T19:14:24.029+0000] {dag.py:4180} INFO - Setting next_dagrun for consume_1_or_both_2_and_3_with_dataset_expressions to None, run_after=None
[2025-01-20T19:14:24.031+0000] {logging_mixin.py:190} INFO - [2025-01-20T19:14:24.031+0000] {dag.py:4180} INFO - Setting next_dagrun for dataset_consumes_1 to None, run_after=None
[2025-01-20T19:14:24.032+0000] {logging_mixin.py:190} INFO - [2025-01-20T19:14:24.032+0000] {dag.py:4180} INFO - Setting next_dagrun for dataset_consumes_1_and_2 to None, run_after=None
[2025-01-20T19:14:24.033+0000] {logging_mixin.py:190} INFO - [2025-01-20T19:14:24.033+0000] {dag.py:4180} INFO - Setting next_dagrun for dataset_consumes_1_never_scheduled to None, run_after=None
[2025-01-20T19:14:24.035+0000] {logging_mixin.py:190} INFO - [2025-01-20T19:14:24.034+0000] {dag.py:4180} INFO - Setting next_dagrun for dataset_consumes_unknown_never_scheduled to None, run_after=None
[2025-01-20T19:14:24.038+0000] {logging_mixin.py:190} INFO - [2025-01-20T19:14:24.037+0000] {dag.py:4180} INFO - Setting next_dagrun for dataset_produces_1 to 2025-01-19 00:00:00+00:00, run_after=2025-01-20 00:00:00+00:00
[2025-01-20T19:14:24.039+0000] {logging_mixin.py:190} INFO - [2025-01-20T19:14:24.039+0000] {dag.py:4180} INFO - Setting next_dagrun for dataset_produces_2 to None, run_after=None
[2025-01-20T19:14:24.070+0000] {processor.py:208} INFO - Processing /home/airflow/.local/lib/python3.12/site-packages/airflow/example_dags/example_datasets.py took 0.625 seconds
[2025-01-20T19:14:54.709+0000] {processor.py:186} INFO - Started process (PID=491) to work on /home/airflow/.local/lib/python3.12/site-packages/airflow/example_dags/example_datasets.py
[2025-01-20T19:14:54.710+0000] {processor.py:914} INFO - Processing file /home/airflow/.local/lib/python3.12/site-packages/airflow/example_dags/example_datasets.py for tasks to queue
[2025-01-20T19:14:54.712+0000] {logging_mixin.py:190} INFO - [2025-01-20T19:14:54.711+0000] {dagbag.py:588} INFO - Filling up the DagBag from /home/airflow/.local/lib/python3.12/site-packages/airflow/example_dags/example_datasets.py
[2025-01-20T19:14:55.287+0000] {processor.py:925} INFO - DAG(s) 'consume_1_or_2_with_dataset_expressions', 'consume_1_or_both_2_and_3_with_dataset_expressions', 'conditional_dataset_and_time_based_timetable', 'dataset_produces_2', 'dataset_consumes_1', 'dataset_consumes_1_never_scheduled', 'dataset_produces_1', 'dataset_consumes_unknown_never_scheduled', 'consume_1_and_2_with_dataset_expressions', 'dataset_consumes_1_and_2' retrieved from /home/airflow/.local/lib/python3.12/site-packages/airflow/example_dags/example_datasets.py
[2025-01-20T19:14:55.320+0000] {logging_mixin.py:190} INFO - [2025-01-20T19:14:55.320+0000] {dag.py:3239} INFO - Sync 10 DAGs
[2025-01-20T19:14:55.340+0000] {logging_mixin.py:190} INFO - [2025-01-20T19:14:55.340+0000] {dag.py:4180} INFO - Setting next_dagrun for conditional_dataset_and_time_based_timetable to 2025-01-15 01:00:00+00:00, run_after=2025-01-15 01:00:00+00:00
[2025-01-20T19:14:55.343+0000] {logging_mixin.py:190} INFO - [2025-01-20T19:14:55.343+0000] {dag.py:4180} INFO - Setting next_dagrun for consume_1_and_2_with_dataset_expressions to None, run_after=None
[2025-01-20T19:14:55.344+0000] {logging_mixin.py:190} INFO - [2025-01-20T19:14:55.344+0000] {dag.py:4180} INFO - Setting next_dagrun for consume_1_or_2_with_dataset_expressions to None, run_after=None
[2025-01-20T19:14:55.345+0000] {logging_mixin.py:190} INFO - [2025-01-20T19:14:55.345+0000] {dag.py:4180} INFO - Setting next_dagrun for consume_1_or_both_2_and_3_with_dataset_expressions to None, run_after=None
[2025-01-20T19:14:55.346+0000] {logging_mixin.py:190} INFO - [2025-01-20T19:14:55.346+0000] {dag.py:4180} INFO - Setting next_dagrun for dataset_consumes_1 to None, run_after=None
[2025-01-20T19:14:55.347+0000] {logging_mixin.py:190} INFO - [2025-01-20T19:14:55.347+0000] {dag.py:4180} INFO - Setting next_dagrun for dataset_consumes_1_and_2 to None, run_after=None
[2025-01-20T19:14:55.348+0000] {logging_mixin.py:190} INFO - [2025-01-20T19:14:55.348+0000] {dag.py:4180} INFO - Setting next_dagrun for dataset_consumes_1_never_scheduled to None, run_after=None
[2025-01-20T19:14:55.349+0000] {logging_mixin.py:190} INFO - [2025-01-20T19:14:55.349+0000] {dag.py:4180} INFO - Setting next_dagrun for dataset_consumes_unknown_never_scheduled to None, run_after=None
[2025-01-20T19:14:55.351+0000] {logging_mixin.py:190} INFO - [2025-01-20T19:14:55.351+0000] {dag.py:4180} INFO - Setting next_dagrun for dataset_produces_1 to 2025-01-19 00:00:00+00:00, run_after=2025-01-20 00:00:00+00:00
[2025-01-20T19:14:55.352+0000] {logging_mixin.py:190} INFO - [2025-01-20T19:14:55.352+0000] {dag.py:4180} INFO - Setting next_dagrun for dataset_produces_2 to None, run_after=None
[2025-01-20T19:14:55.384+0000] {processor.py:208} INFO - Processing /home/airflow/.local/lib/python3.12/site-packages/airflow/example_dags/example_datasets.py took 0.681 seconds
[2025-01-20T19:15:26.256+0000] {processor.py:186} INFO - Started process (PID=555) to work on /home/airflow/.local/lib/python3.12/site-packages/airflow/example_dags/example_datasets.py
[2025-01-20T19:15:26.256+0000] {processor.py:914} INFO - Processing file /home/airflow/.local/lib/python3.12/site-packages/airflow/example_dags/example_datasets.py for tasks to queue
[2025-01-20T19:15:26.258+0000] {logging_mixin.py:190} INFO - [2025-01-20T19:15:26.258+0000] {dagbag.py:588} INFO - Filling up the DagBag from /home/airflow/.local/lib/python3.12/site-packages/airflow/example_dags/example_datasets.py
[2025-01-20T19:15:26.797+0000] {processor.py:925} INFO - DAG(s) 'dataset_consumes_1_never_scheduled', 'conditional_dataset_and_time_based_timetable', 'dataset_consumes_1_and_2', 'consume_1_or_2_with_dataset_expressions', 'dataset_produces_1', 'consume_1_or_both_2_and_3_with_dataset_expressions', 'dataset_consumes_unknown_never_scheduled', 'dataset_consumes_1', 'consume_1_and_2_with_dataset_expressions', 'dataset_produces_2' retrieved from /home/airflow/.local/lib/python3.12/site-packages/airflow/example_dags/example_datasets.py
[2025-01-20T19:15:26.840+0000] {logging_mixin.py:190} INFO - [2025-01-20T19:15:26.840+0000] {dag.py:3239} INFO - Sync 10 DAGs
[2025-01-20T19:15:26.863+0000] {logging_mixin.py:190} INFO - [2025-01-20T19:15:26.863+0000] {dag.py:4180} INFO - Setting next_dagrun for conditional_dataset_and_time_based_timetable to 2025-01-15 01:00:00+00:00, run_after=2025-01-15 01:00:00+00:00
[2025-01-20T19:15:26.866+0000] {logging_mixin.py:190} INFO - [2025-01-20T19:15:26.865+0000] {dag.py:4180} INFO - Setting next_dagrun for consume_1_and_2_with_dataset_expressions to None, run_after=None
[2025-01-20T19:15:26.867+0000] {logging_mixin.py:190} INFO - [2025-01-20T19:15:26.866+0000] {dag.py:4180} INFO - Setting next_dagrun for consume_1_or_2_with_dataset_expressions to None, run_after=None
[2025-01-20T19:15:26.868+0000] {logging_mixin.py:190} INFO - [2025-01-20T19:15:26.867+0000] {dag.py:4180} INFO - Setting next_dagrun for consume_1_or_both_2_and_3_with_dataset_expressions to None, run_after=None
[2025-01-20T19:15:26.868+0000] {logging_mixin.py:190} INFO - [2025-01-20T19:15:26.868+0000] {dag.py:4180} INFO - Setting next_dagrun for dataset_consumes_1 to None, run_after=None
[2025-01-20T19:15:26.869+0000] {logging_mixin.py:190} INFO - [2025-01-20T19:15:26.869+0000] {dag.py:4180} INFO - Setting next_dagrun for dataset_consumes_1_and_2 to None, run_after=None
[2025-01-20T19:15:26.870+0000] {logging_mixin.py:190} INFO - [2025-01-20T19:15:26.870+0000] {dag.py:4180} INFO - Setting next_dagrun for dataset_consumes_1_never_scheduled to None, run_after=None
[2025-01-20T19:15:26.871+0000] {logging_mixin.py:190} INFO - [2025-01-20T19:15:26.871+0000] {dag.py:4180} INFO - Setting next_dagrun for dataset_consumes_unknown_never_scheduled to None, run_after=None
[2025-01-20T19:15:26.873+0000] {logging_mixin.py:190} INFO - [2025-01-20T19:15:26.873+0000] {dag.py:4180} INFO - Setting next_dagrun for dataset_produces_1 to 2025-01-19 00:00:00+00:00, run_after=2025-01-20 00:00:00+00:00
[2025-01-20T19:15:26.874+0000] {logging_mixin.py:190} INFO - [2025-01-20T19:15:26.874+0000] {dag.py:4180} INFO - Setting next_dagrun for dataset_produces_2 to None, run_after=None
[2025-01-20T19:15:26.899+0000] {processor.py:208} INFO - Processing /home/airflow/.local/lib/python3.12/site-packages/airflow/example_dags/example_datasets.py took 0.647 seconds
[2025-01-20T19:15:57.334+0000] {processor.py:186} INFO - Started process (PID=618) to work on /home/airflow/.local/lib/python3.12/site-packages/airflow/example_dags/example_datasets.py
[2025-01-20T19:15:57.337+0000] {processor.py:914} INFO - Processing file /home/airflow/.local/lib/python3.12/site-packages/airflow/example_dags/example_datasets.py for tasks to queue
[2025-01-20T19:15:57.343+0000] {logging_mixin.py:190} INFO - [2025-01-20T19:15:57.343+0000] {dagbag.py:588} INFO - Filling up the DagBag from /home/airflow/.local/lib/python3.12/site-packages/airflow/example_dags/example_datasets.py
[2025-01-20T19:15:58.140+0000] {processor.py:925} INFO - DAG(s) 'dataset_produces_1', 'dataset_consumes_1', 'dataset_consumes_1_and_2', 'consume_1_or_2_with_dataset_expressions', 'consume_1_or_both_2_and_3_with_dataset_expressions', 'dataset_consumes_unknown_never_scheduled', 'conditional_dataset_and_time_based_timetable', 'dataset_consumes_1_never_scheduled', 'dataset_produces_2', 'consume_1_and_2_with_dataset_expressions' retrieved from /home/airflow/.local/lib/python3.12/site-packages/airflow/example_dags/example_datasets.py
[2025-01-20T19:15:58.190+0000] {logging_mixin.py:190} INFO - [2025-01-20T19:15:58.190+0000] {dag.py:3239} INFO - Sync 10 DAGs
[2025-01-20T19:15:58.223+0000] {logging_mixin.py:190} INFO - [2025-01-20T19:15:58.223+0000] {dag.py:4180} INFO - Setting next_dagrun for conditional_dataset_and_time_based_timetable to 2025-01-15 01:00:00+00:00, run_after=2025-01-15 01:00:00+00:00
[2025-01-20T19:15:58.227+0000] {logging_mixin.py:190} INFO - [2025-01-20T19:15:58.227+0000] {dag.py:4180} INFO - Setting next_dagrun for consume_1_and_2_with_dataset_expressions to None, run_after=None
[2025-01-20T19:15:58.228+0000] {logging_mixin.py:190} INFO - [2025-01-20T19:15:58.228+0000] {dag.py:4180} INFO - Setting next_dagrun for consume_1_or_2_with_dataset_expressions to None, run_after=None
[2025-01-20T19:15:58.230+0000] {logging_mixin.py:190} INFO - [2025-01-20T19:15:58.229+0000] {dag.py:4180} INFO - Setting next_dagrun for consume_1_or_both_2_and_3_with_dataset_expressions to None, run_after=None
[2025-01-20T19:15:58.231+0000] {logging_mixin.py:190} INFO - [2025-01-20T19:15:58.231+0000] {dag.py:4180} INFO - Setting next_dagrun for dataset_consumes_1 to None, run_after=None
[2025-01-20T19:15:58.232+0000] {logging_mixin.py:190} INFO - [2025-01-20T19:15:58.232+0000] {dag.py:4180} INFO - Setting next_dagrun for dataset_consumes_1_and_2 to None, run_after=None
[2025-01-20T19:15:58.233+0000] {logging_mixin.py:190} INFO - [2025-01-20T19:15:58.233+0000] {dag.py:4180} INFO - Setting next_dagrun for dataset_consumes_1_never_scheduled to None, run_after=None
[2025-01-20T19:15:58.234+0000] {logging_mixin.py:190} INFO - [2025-01-20T19:15:58.234+0000] {dag.py:4180} INFO - Setting next_dagrun for dataset_consumes_unknown_never_scheduled to None, run_after=None
[2025-01-20T19:15:58.237+0000] {logging_mixin.py:190} INFO - [2025-01-20T19:15:58.237+0000] {dag.py:4180} INFO - Setting next_dagrun for dataset_produces_1 to 2025-01-19 00:00:00+00:00, run_after=2025-01-20 00:00:00+00:00
[2025-01-20T19:15:58.239+0000] {logging_mixin.py:190} INFO - [2025-01-20T19:15:58.238+0000] {dag.py:4180} INFO - Setting next_dagrun for dataset_produces_2 to None, run_after=None
[2025-01-20T19:15:58.272+0000] {processor.py:208} INFO - Processing /home/airflow/.local/lib/python3.12/site-packages/airflow/example_dags/example_datasets.py took 0.953 seconds
[2025-01-20T19:16:28.870+0000] {processor.py:186} INFO - Started process (PID=682) to work on /home/airflow/.local/lib/python3.12/site-packages/airflow/example_dags/example_datasets.py
[2025-01-20T19:16:28.871+0000] {processor.py:914} INFO - Processing file /home/airflow/.local/lib/python3.12/site-packages/airflow/example_dags/example_datasets.py for tasks to queue
[2025-01-20T19:16:28.873+0000] {logging_mixin.py:190} INFO - [2025-01-20T19:16:28.873+0000] {dagbag.py:588} INFO - Filling up the DagBag from /home/airflow/.local/lib/python3.12/site-packages/airflow/example_dags/example_datasets.py
[2025-01-20T19:16:29.504+0000] {processor.py:925} INFO - DAG(s) 'conditional_dataset_and_time_based_timetable', 'consume_1_and_2_with_dataset_expressions', 'consume_1_or_2_with_dataset_expressions', 'dataset_produces_2', 'dataset_consumes_unknown_never_scheduled', 'dataset_consumes_1_and_2', 'consume_1_or_both_2_and_3_with_dataset_expressions', 'dataset_consumes_1', 'dataset_produces_1', 'dataset_consumes_1_never_scheduled' retrieved from /home/airflow/.local/lib/python3.12/site-packages/airflow/example_dags/example_datasets.py
[2025-01-20T19:16:29.554+0000] {logging_mixin.py:190} INFO - [2025-01-20T19:16:29.554+0000] {dag.py:3239} INFO - Sync 10 DAGs
[2025-01-20T19:16:29.592+0000] {logging_mixin.py:190} INFO - [2025-01-20T19:16:29.592+0000] {dag.py:4180} INFO - Setting next_dagrun for conditional_dataset_and_time_based_timetable to 2025-01-15 01:00:00+00:00, run_after=2025-01-15 01:00:00+00:00
[2025-01-20T19:16:29.596+0000] {logging_mixin.py:190} INFO - [2025-01-20T19:16:29.596+0000] {dag.py:4180} INFO - Setting next_dagrun for consume_1_and_2_with_dataset_expressions to None, run_after=None
[2025-01-20T19:16:29.598+0000] {logging_mixin.py:190} INFO - [2025-01-20T19:16:29.598+0000] {dag.py:4180} INFO - Setting next_dagrun for consume_1_or_2_with_dataset_expressions to None, run_after=None
[2025-01-20T19:16:29.599+0000] {logging_mixin.py:190} INFO - [2025-01-20T19:16:29.599+0000] {dag.py:4180} INFO - Setting next_dagrun for consume_1_or_both_2_and_3_with_dataset_expressions to None, run_after=None
[2025-01-20T19:16:29.601+0000] {logging_mixin.py:190} INFO - [2025-01-20T19:16:29.601+0000] {dag.py:4180} INFO - Setting next_dagrun for dataset_consumes_1 to None, run_after=None
[2025-01-20T19:16:29.602+0000] {logging_mixin.py:190} INFO - [2025-01-20T19:16:29.602+0000] {dag.py:4180} INFO - Setting next_dagrun for dataset_consumes_1_and_2 to None, run_after=None
[2025-01-20T19:16:29.604+0000] {logging_mixin.py:190} INFO - [2025-01-20T19:16:29.604+0000] {dag.py:4180} INFO - Setting next_dagrun for dataset_consumes_1_never_scheduled to None, run_after=None
[2025-01-20T19:16:29.605+0000] {logging_mixin.py:190} INFO - [2025-01-20T19:16:29.605+0000] {dag.py:4180} INFO - Setting next_dagrun for dataset_consumes_unknown_never_scheduled to None, run_after=None
[2025-01-20T19:16:29.608+0000] {logging_mixin.py:190} INFO - [2025-01-20T19:16:29.608+0000] {dag.py:4180} INFO - Setting next_dagrun for dataset_produces_1 to 2025-01-19 00:00:00+00:00, run_after=2025-01-20 00:00:00+00:00
[2025-01-20T19:16:29.610+0000] {logging_mixin.py:190} INFO - [2025-01-20T19:16:29.609+0000] {dag.py:4180} INFO - Setting next_dagrun for dataset_produces_2 to None, run_after=None
[2025-01-20T19:16:29.643+0000] {processor.py:208} INFO - Processing /home/airflow/.local/lib/python3.12/site-packages/airflow/example_dags/example_datasets.py took 0.778 seconds
[2025-01-20T19:17:00.073+0000] {processor.py:186} INFO - Started process (PID=745) to work on /home/airflow/.local/lib/python3.12/site-packages/airflow/example_dags/example_datasets.py
[2025-01-20T19:17:00.074+0000] {processor.py:914} INFO - Processing file /home/airflow/.local/lib/python3.12/site-packages/airflow/example_dags/example_datasets.py for tasks to queue
[2025-01-20T19:17:00.076+0000] {logging_mixin.py:190} INFO - [2025-01-20T19:17:00.075+0000] {dagbag.py:588} INFO - Filling up the DagBag from /home/airflow/.local/lib/python3.12/site-packages/airflow/example_dags/example_datasets.py
[2025-01-20T19:17:00.622+0000] {processor.py:925} INFO - DAG(s) 'dataset_produces_1', 'dataset_consumes_1', 'conditional_dataset_and_time_based_timetable', 'consume_1_and_2_with_dataset_expressions', 'consume_1_or_both_2_and_3_with_dataset_expressions', 'dataset_produces_2', 'dataset_consumes_1_and_2', 'dataset_consumes_1_never_scheduled', 'dataset_consumes_unknown_never_scheduled', 'consume_1_or_2_with_dataset_expressions' retrieved from /home/airflow/.local/lib/python3.12/site-packages/airflow/example_dags/example_datasets.py
[2025-01-20T19:17:00.653+0000] {logging_mixin.py:190} INFO - [2025-01-20T19:17:00.653+0000] {dag.py:3239} INFO - Sync 10 DAGs
[2025-01-20T19:17:00.674+0000] {logging_mixin.py:190} INFO - [2025-01-20T19:17:00.674+0000] {dag.py:4180} INFO - Setting next_dagrun for conditional_dataset_and_time_based_timetable to 2025-01-15 01:00:00+00:00, run_after=2025-01-15 01:00:00+00:00
[2025-01-20T19:17:00.678+0000] {logging_mixin.py:190} INFO - [2025-01-20T19:17:00.677+0000] {dag.py:4180} INFO - Setting next_dagrun for consume_1_and_2_with_dataset_expressions to None, run_after=None
[2025-01-20T19:17:00.680+0000] {logging_mixin.py:190} INFO - [2025-01-20T19:17:00.680+0000] {dag.py:4180} INFO - Setting next_dagrun for consume_1_or_2_with_dataset_expressions to None, run_after=None
[2025-01-20T19:17:00.681+0000] {logging_mixin.py:190} INFO - [2025-01-20T19:17:00.681+0000] {dag.py:4180} INFO - Setting next_dagrun for consume_1_or_both_2_and_3_with_dataset_expressions to None, run_after=None
[2025-01-20T19:17:00.682+0000] {logging_mixin.py:190} INFO - [2025-01-20T19:17:00.682+0000] {dag.py:4180} INFO - Setting next_dagrun for dataset_consumes_1 to None, run_after=None
[2025-01-20T19:17:00.683+0000] {logging_mixin.py:190} INFO - [2025-01-20T19:17:00.683+0000] {dag.py:4180} INFO - Setting next_dagrun for dataset_consumes_1_and_2 to None, run_after=None
[2025-01-20T19:17:00.684+0000] {logging_mixin.py:190} INFO - [2025-01-20T19:17:00.683+0000] {dag.py:4180} INFO - Setting next_dagrun for dataset_consumes_1_never_scheduled to None, run_after=None
[2025-01-20T19:17:00.684+0000] {logging_mixin.py:190} INFO - [2025-01-20T19:17:00.684+0000] {dag.py:4180} INFO - Setting next_dagrun for dataset_consumes_unknown_never_scheduled to None, run_after=None
[2025-01-20T19:17:00.686+0000] {logging_mixin.py:190} INFO - [2025-01-20T19:17:00.686+0000] {dag.py:4180} INFO - Setting next_dagrun for dataset_produces_1 to 2025-01-19 00:00:00+00:00, run_after=2025-01-20 00:00:00+00:00
[2025-01-20T19:17:00.687+0000] {logging_mixin.py:190} INFO - [2025-01-20T19:17:00.687+0000] {dag.py:4180} INFO - Setting next_dagrun for dataset_produces_2 to None, run_after=None
[2025-01-20T19:17:00.712+0000] {processor.py:208} INFO - Processing /home/airflow/.local/lib/python3.12/site-packages/airflow/example_dags/example_datasets.py took 0.644 seconds
[2025-01-20T19:17:31.206+0000] {processor.py:186} INFO - Started process (PID=808) to work on /home/airflow/.local/lib/python3.12/site-packages/airflow/example_dags/example_datasets.py
[2025-01-20T19:17:31.206+0000] {processor.py:914} INFO - Processing file /home/airflow/.local/lib/python3.12/site-packages/airflow/example_dags/example_datasets.py for tasks to queue
[2025-01-20T19:17:31.208+0000] {logging_mixin.py:190} INFO - [2025-01-20T19:17:31.208+0000] {dagbag.py:588} INFO - Filling up the DagBag from /home/airflow/.local/lib/python3.12/site-packages/airflow/example_dags/example_datasets.py
[2025-01-20T19:17:31.713+0000] {processor.py:925} INFO - DAG(s) 'dataset_consumes_1_never_scheduled', 'dataset_consumes_1', 'dataset_consumes_unknown_never_scheduled', 'dataset_produces_2', 'consume_1_or_both_2_and_3_with_dataset_expressions', 'consume_1_and_2_with_dataset_expressions', 'dataset_consumes_1_and_2', 'conditional_dataset_and_time_based_timetable', 'dataset_produces_1', 'consume_1_or_2_with_dataset_expressions' retrieved from /home/airflow/.local/lib/python3.12/site-packages/airflow/example_dags/example_datasets.py
[2025-01-20T19:17:31.757+0000] {logging_mixin.py:190} INFO - [2025-01-20T19:17:31.756+0000] {dag.py:3239} INFO - Sync 10 DAGs
[2025-01-20T19:17:31.791+0000] {logging_mixin.py:190} INFO - [2025-01-20T19:17:31.790+0000] {dag.py:4180} INFO - Setting next_dagrun for conditional_dataset_and_time_based_timetable to 2025-01-15 01:00:00+00:00, run_after=2025-01-15 01:00:00+00:00
[2025-01-20T19:17:31.795+0000] {logging_mixin.py:190} INFO - [2025-01-20T19:17:31.795+0000] {dag.py:4180} INFO - Setting next_dagrun for consume_1_and_2_with_dataset_expressions to None, run_after=None
[2025-01-20T19:17:31.796+0000] {logging_mixin.py:190} INFO - [2025-01-20T19:17:31.796+0000] {dag.py:4180} INFO - Setting next_dagrun for consume_1_or_2_with_dataset_expressions to None, run_after=None
[2025-01-20T19:17:31.798+0000] {logging_mixin.py:190} INFO - [2025-01-20T19:17:31.797+0000] {dag.py:4180} INFO - Setting next_dagrun for consume_1_or_both_2_and_3_with_dataset_expressions to None, run_after=None
[2025-01-20T19:17:31.799+0000] {logging_mixin.py:190} INFO - [2025-01-20T19:17:31.799+0000] {dag.py:4180} INFO - Setting next_dagrun for dataset_consumes_1 to None, run_after=None
[2025-01-20T19:17:31.800+0000] {logging_mixin.py:190} INFO - [2025-01-20T19:17:31.800+0000] {dag.py:4180} INFO - Setting next_dagrun for dataset_consumes_1_and_2 to None, run_after=None
[2025-01-20T19:17:31.801+0000] {logging_mixin.py:190} INFO - [2025-01-20T19:17:31.801+0000] {dag.py:4180} INFO - Setting next_dagrun for dataset_consumes_1_never_scheduled to None, run_after=None
[2025-01-20T19:17:31.803+0000] {logging_mixin.py:190} INFO - [2025-01-20T19:17:31.802+0000] {dag.py:4180} INFO - Setting next_dagrun for dataset_consumes_unknown_never_scheduled to None, run_after=None
[2025-01-20T19:17:31.806+0000] {logging_mixin.py:190} INFO - [2025-01-20T19:17:31.806+0000] {dag.py:4180} INFO - Setting next_dagrun for dataset_produces_1 to 2025-01-19 00:00:00+00:00, run_after=2025-01-20 00:00:00+00:00
[2025-01-20T19:17:31.807+0000] {logging_mixin.py:190} INFO - [2025-01-20T19:17:31.807+0000] {dag.py:4180} INFO - Setting next_dagrun for dataset_produces_2 to None, run_after=None
[2025-01-20T19:17:31.841+0000] {processor.py:208} INFO - Processing /home/airflow/.local/lib/python3.12/site-packages/airflow/example_dags/example_datasets.py took 0.640 seconds
[2025-01-20T19:18:02.344+0000] {processor.py:186} INFO - Started process (PID=871) to work on /home/airflow/.local/lib/python3.12/site-packages/airflow/example_dags/example_datasets.py
[2025-01-20T19:18:02.345+0000] {processor.py:914} INFO - Processing file /home/airflow/.local/lib/python3.12/site-packages/airflow/example_dags/example_datasets.py for tasks to queue
[2025-01-20T19:18:02.346+0000] {logging_mixin.py:190} INFO - [2025-01-20T19:18:02.346+0000] {dagbag.py:588} INFO - Filling up the DagBag from /home/airflow/.local/lib/python3.12/site-packages/airflow/example_dags/example_datasets.py
[2025-01-20T19:18:02.912+0000] {processor.py:925} INFO - DAG(s) 'consume_1_or_both_2_and_3_with_dataset_expressions', 'dataset_produces_1', 'dataset_consumes_1', 'consume_1_or_2_with_dataset_expressions', 'dataset_consumes_1_and_2', 'dataset_consumes_1_never_scheduled', 'dataset_consumes_unknown_never_scheduled', 'conditional_dataset_and_time_based_timetable', 'dataset_produces_2', 'consume_1_and_2_with_dataset_expressions' retrieved from /home/airflow/.local/lib/python3.12/site-packages/airflow/example_dags/example_datasets.py
[2025-01-20T19:18:02.960+0000] {logging_mixin.py:190} INFO - [2025-01-20T19:18:02.959+0000] {dag.py:3239} INFO - Sync 10 DAGs
[2025-01-20T19:18:02.987+0000] {logging_mixin.py:190} INFO - [2025-01-20T19:18:02.987+0000] {dag.py:4180} INFO - Setting next_dagrun for conditional_dataset_and_time_based_timetable to 2025-01-15 01:00:00+00:00, run_after=2025-01-15 01:00:00+00:00
[2025-01-20T19:18:02.990+0000] {logging_mixin.py:190} INFO - [2025-01-20T19:18:02.990+0000] {dag.py:4180} INFO - Setting next_dagrun for consume_1_and_2_with_dataset_expressions to None, run_after=None
[2025-01-20T19:18:02.992+0000] {logging_mixin.py:190} INFO - [2025-01-20T19:18:02.992+0000] {dag.py:4180} INFO - Setting next_dagrun for consume_1_or_2_with_dataset_expressions to None, run_after=None
[2025-01-20T19:18:02.993+0000] {logging_mixin.py:190} INFO - [2025-01-20T19:18:02.993+0000] {dag.py:4180} INFO - Setting next_dagrun for consume_1_or_both_2_and_3_with_dataset_expressions to None, run_after=None
[2025-01-20T19:18:02.994+0000] {logging_mixin.py:190} INFO - [2025-01-20T19:18:02.994+0000] {dag.py:4180} INFO - Setting next_dagrun for dataset_consumes_1 to None, run_after=None
[2025-01-20T19:18:02.995+0000] {logging_mixin.py:190} INFO - [2025-01-20T19:18:02.995+0000] {dag.py:4180} INFO - Setting next_dagrun for dataset_consumes_1_and_2 to None, run_after=None
[2025-01-20T19:18:02.996+0000] {logging_mixin.py:190} INFO - [2025-01-20T19:18:02.996+0000] {dag.py:4180} INFO - Setting next_dagrun for dataset_consumes_1_never_scheduled to None, run_after=None
[2025-01-20T19:18:02.997+0000] {logging_mixin.py:190} INFO - [2025-01-20T19:18:02.997+0000] {dag.py:4180} INFO - Setting next_dagrun for dataset_consumes_unknown_never_scheduled to None, run_after=None
[2025-01-20T19:18:03.000+0000] {logging_mixin.py:190} INFO - [2025-01-20T19:18:03.000+0000] {dag.py:4180} INFO - Setting next_dagrun for dataset_produces_1 to 2025-01-19 00:00:00+00:00, run_after=2025-01-20 00:00:00+00:00
[2025-01-20T19:18:03.001+0000] {logging_mixin.py:190} INFO - [2025-01-20T19:18:03.001+0000] {dag.py:4180} INFO - Setting next_dagrun for dataset_produces_2 to None, run_after=None
[2025-01-20T19:18:03.030+0000] {processor.py:208} INFO - Processing /home/airflow/.local/lib/python3.12/site-packages/airflow/example_dags/example_datasets.py took 0.690 seconds
[2025-01-20T19:18:33.486+0000] {processor.py:186} INFO - Started process (PID=934) to work on /home/airflow/.local/lib/python3.12/site-packages/airflow/example_dags/example_datasets.py
[2025-01-20T19:18:33.487+0000] {processor.py:914} INFO - Processing file /home/airflow/.local/lib/python3.12/site-packages/airflow/example_dags/example_datasets.py for tasks to queue
[2025-01-20T19:18:33.489+0000] {logging_mixin.py:190} INFO - [2025-01-20T19:18:33.489+0000] {dagbag.py:588} INFO - Filling up the DagBag from /home/airflow/.local/lib/python3.12/site-packages/airflow/example_dags/example_datasets.py
[2025-01-20T19:18:33.967+0000] {processor.py:925} INFO - DAG(s) 'consume_1_or_2_with_dataset_expressions', 'consume_1_or_both_2_and_3_with_dataset_expressions', 'conditional_dataset_and_time_based_timetable', 'dataset_consumes_1_never_scheduled', 'dataset_produces_2', 'dataset_consumes_1', 'dataset_produces_1', 'consume_1_and_2_with_dataset_expressions', 'dataset_consumes_unknown_never_scheduled', 'dataset_consumes_1_and_2' retrieved from /home/airflow/.local/lib/python3.12/site-packages/airflow/example_dags/example_datasets.py
[2025-01-20T19:18:34.004+0000] {logging_mixin.py:190} INFO - [2025-01-20T19:18:34.004+0000] {dag.py:3239} INFO - Sync 10 DAGs
[2025-01-20T19:18:34.029+0000] {logging_mixin.py:190} INFO - [2025-01-20T19:18:34.029+0000] {dag.py:4180} INFO - Setting next_dagrun for conditional_dataset_and_time_based_timetable to 2025-01-15 01:00:00+00:00, run_after=2025-01-15 01:00:00+00:00
[2025-01-20T19:18:34.032+0000] {logging_mixin.py:190} INFO - [2025-01-20T19:18:34.032+0000] {dag.py:4180} INFO - Setting next_dagrun for consume_1_and_2_with_dataset_expressions to None, run_after=None
[2025-01-20T19:18:34.033+0000] {logging_mixin.py:190} INFO - [2025-01-20T19:18:34.033+0000] {dag.py:4180} INFO - Setting next_dagrun for consume_1_or_2_with_dataset_expressions to None, run_after=None
[2025-01-20T19:18:34.034+0000] {logging_mixin.py:190} INFO - [2025-01-20T19:18:34.034+0000] {dag.py:4180} INFO - Setting next_dagrun for consume_1_or_both_2_and_3_with_dataset_expressions to None, run_after=None
[2025-01-20T19:18:34.036+0000] {logging_mixin.py:190} INFO - [2025-01-20T19:18:34.035+0000] {dag.py:4180} INFO - Setting next_dagrun for dataset_consumes_1 to None, run_after=None
[2025-01-20T19:18:34.037+0000] {logging_mixin.py:190} INFO - [2025-01-20T19:18:34.036+0000] {dag.py:4180} INFO - Setting next_dagrun for dataset_consumes_1_and_2 to None, run_after=None
[2025-01-20T19:18:34.038+0000] {logging_mixin.py:190} INFO - [2025-01-20T19:18:34.038+0000] {dag.py:4180} INFO - Setting next_dagrun for dataset_consumes_1_never_scheduled to None, run_after=None
[2025-01-20T19:18:34.039+0000] {logging_mixin.py:190} INFO - [2025-01-20T19:18:34.039+0000] {dag.py:4180} INFO - Setting next_dagrun for dataset_consumes_unknown_never_scheduled to None, run_after=None
[2025-01-20T19:18:34.041+0000] {logging_mixin.py:190} INFO - [2025-01-20T19:18:34.041+0000] {dag.py:4180} INFO - Setting next_dagrun for dataset_produces_1 to 2025-01-19 00:00:00+00:00, run_after=2025-01-20 00:00:00+00:00
[2025-01-20T19:18:34.043+0000] {logging_mixin.py:190} INFO - [2025-01-20T19:18:34.042+0000] {dag.py:4180} INFO - Setting next_dagrun for dataset_produces_2 to None, run_after=None
[2025-01-20T19:18:34.071+0000] {processor.py:208} INFO - Processing /home/airflow/.local/lib/python3.12/site-packages/airflow/example_dags/example_datasets.py took 0.591 seconds
[2025-01-20T19:19:04.406+0000] {processor.py:186} INFO - Started process (PID=997) to work on /home/airflow/.local/lib/python3.12/site-packages/airflow/example_dags/example_datasets.py
[2025-01-20T19:19:04.407+0000] {processor.py:914} INFO - Processing file /home/airflow/.local/lib/python3.12/site-packages/airflow/example_dags/example_datasets.py for tasks to queue
[2025-01-20T19:19:04.408+0000] {logging_mixin.py:190} INFO - [2025-01-20T19:19:04.408+0000] {dagbag.py:588} INFO - Filling up the DagBag from /home/airflow/.local/lib/python3.12/site-packages/airflow/example_dags/example_datasets.py
[2025-01-20T19:19:04.880+0000] {processor.py:925} INFO - DAG(s) 'consume_1_and_2_with_dataset_expressions', 'consume_1_or_both_2_and_3_with_dataset_expressions', 'conditional_dataset_and_time_based_timetable', 'dataset_consumes_1_never_scheduled', 'dataset_produces_1', 'consume_1_or_2_with_dataset_expressions', 'dataset_consumes_unknown_never_scheduled', 'dataset_consumes_1', 'dataset_produces_2', 'dataset_consumes_1_and_2' retrieved from /home/airflow/.local/lib/python3.12/site-packages/airflow/example_dags/example_datasets.py
[2025-01-20T19:19:04.912+0000] {logging_mixin.py:190} INFO - [2025-01-20T19:19:04.912+0000] {dag.py:3239} INFO - Sync 10 DAGs
[2025-01-20T19:19:04.933+0000] {logging_mixin.py:190} INFO - [2025-01-20T19:19:04.933+0000] {dag.py:4180} INFO - Setting next_dagrun for conditional_dataset_and_time_based_timetable to 2025-01-15 01:00:00+00:00, run_after=2025-01-15 01:00:00+00:00
[2025-01-20T19:19:04.936+0000] {logging_mixin.py:190} INFO - [2025-01-20T19:19:04.936+0000] {dag.py:4180} INFO - Setting next_dagrun for consume_1_and_2_with_dataset_expressions to None, run_after=None
[2025-01-20T19:19:04.937+0000] {logging_mixin.py:190} INFO - [2025-01-20T19:19:04.937+0000] {dag.py:4180} INFO - Setting next_dagrun for consume_1_or_2_with_dataset_expressions to None, run_after=None
[2025-01-20T19:19:04.938+0000] {logging_mixin.py:190} INFO - [2025-01-20T19:19:04.938+0000] {dag.py:4180} INFO - Setting next_dagrun for consume_1_or_both_2_and_3_with_dataset_expressions to None, run_after=None
[2025-01-20T19:19:04.940+0000] {logging_mixin.py:190} INFO - [2025-01-20T19:19:04.939+0000] {dag.py:4180} INFO - Setting next_dagrun for dataset_consumes_1 to None, run_after=None
[2025-01-20T19:19:04.941+0000] {logging_mixin.py:190} INFO - [2025-01-20T19:19:04.941+0000] {dag.py:4180} INFO - Setting next_dagrun for dataset_consumes_1_and_2 to None, run_after=None
[2025-01-20T19:19:04.942+0000] {logging_mixin.py:190} INFO - [2025-01-20T19:19:04.942+0000] {dag.py:4180} INFO - Setting next_dagrun for dataset_consumes_1_never_scheduled to None, run_after=None
[2025-01-20T19:19:04.943+0000] {logging_mixin.py:190} INFO - [2025-01-20T19:19:04.943+0000] {dag.py:4180} INFO - Setting next_dagrun for dataset_consumes_unknown_never_scheduled to None, run_after=None
[2025-01-20T19:19:04.946+0000] {logging_mixin.py:190} INFO - [2025-01-20T19:19:04.945+0000] {dag.py:4180} INFO - Setting next_dagrun for dataset_produces_1 to 2025-01-19 00:00:00+00:00, run_after=2025-01-20 00:00:00+00:00
[2025-01-20T19:19:04.947+0000] {logging_mixin.py:190} INFO - [2025-01-20T19:19:04.946+0000] {dag.py:4180} INFO - Setting next_dagrun for dataset_produces_2 to None, run_after=None
[2025-01-20T19:19:04.973+0000] {processor.py:208} INFO - Processing /home/airflow/.local/lib/python3.12/site-packages/airflow/example_dags/example_datasets.py took 0.571 seconds
[2025-01-20T19:19:35.535+0000] {processor.py:186} INFO - Started process (PID=1060) to work on /home/airflow/.local/lib/python3.12/site-packages/airflow/example_dags/example_datasets.py
[2025-01-20T19:19:35.536+0000] {processor.py:914} INFO - Processing file /home/airflow/.local/lib/python3.12/site-packages/airflow/example_dags/example_datasets.py for tasks to queue
[2025-01-20T19:19:35.537+0000] {logging_mixin.py:190} INFO - [2025-01-20T19:19:35.537+0000] {dagbag.py:588} INFO - Filling up the DagBag from /home/airflow/.local/lib/python3.12/site-packages/airflow/example_dags/example_datasets.py
[2025-01-20T19:19:36.036+0000] {processor.py:925} INFO - DAG(s) 'dataset_produces_2', 'dataset_consumes_1_never_scheduled', 'dataset_consumes_1', 'consume_1_or_2_with_dataset_expressions', 'conditional_dataset_and_time_based_timetable', 'consume_1_or_both_2_and_3_with_dataset_expressions', 'dataset_consumes_unknown_never_scheduled', 'consume_1_and_2_with_dataset_expressions', 'dataset_consumes_1_and_2', 'dataset_produces_1' retrieved from /home/airflow/.local/lib/python3.12/site-packages/airflow/example_dags/example_datasets.py
[2025-01-20T19:19:36.068+0000] {logging_mixin.py:190} INFO - [2025-01-20T19:19:36.068+0000] {dag.py:3239} INFO - Sync 10 DAGs
[2025-01-20T19:19:36.088+0000] {logging_mixin.py:190} INFO - [2025-01-20T19:19:36.088+0000] {dag.py:4180} INFO - Setting next_dagrun for conditional_dataset_and_time_based_timetable to 2025-01-15 01:00:00+00:00, run_after=2025-01-15 01:00:00+00:00
[2025-01-20T19:19:36.092+0000] {logging_mixin.py:190} INFO - [2025-01-20T19:19:36.091+0000] {dag.py:4180} INFO - Setting next_dagrun for consume_1_and_2_with_dataset_expressions to None, run_after=None
[2025-01-20T19:19:36.093+0000] {logging_mixin.py:190} INFO - [2025-01-20T19:19:36.092+0000] {dag.py:4180} INFO - Setting next_dagrun for consume_1_or_2_with_dataset_expressions to None, run_after=None
[2025-01-20T19:19:36.094+0000] {logging_mixin.py:190} INFO - [2025-01-20T19:19:36.093+0000] {dag.py:4180} INFO - Setting next_dagrun for consume_1_or_both_2_and_3_with_dataset_expressions to None, run_after=None
[2025-01-20T19:19:36.095+0000] {logging_mixin.py:190} INFO - [2025-01-20T19:19:36.094+0000] {dag.py:4180} INFO - Setting next_dagrun for dataset_consumes_1 to None, run_after=None
[2025-01-20T19:19:36.096+0000] {logging_mixin.py:190} INFO - [2025-01-20T19:19:36.095+0000] {dag.py:4180} INFO - Setting next_dagrun for dataset_consumes_1_and_2 to None, run_after=None
[2025-01-20T19:19:36.096+0000] {logging_mixin.py:190} INFO - [2025-01-20T19:19:36.096+0000] {dag.py:4180} INFO - Setting next_dagrun for dataset_consumes_1_never_scheduled to None, run_after=None
[2025-01-20T19:19:36.097+0000] {logging_mixin.py:190} INFO - [2025-01-20T19:19:36.097+0000] {dag.py:4180} INFO - Setting next_dagrun for dataset_consumes_unknown_never_scheduled to None, run_after=None
[2025-01-20T19:19:36.099+0000] {logging_mixin.py:190} INFO - [2025-01-20T19:19:36.099+0000] {dag.py:4180} INFO - Setting next_dagrun for dataset_produces_1 to 2025-01-19 00:00:00+00:00, run_after=2025-01-20 00:00:00+00:00
[2025-01-20T19:19:36.100+0000] {logging_mixin.py:190} INFO - [2025-01-20T19:19:36.100+0000] {dag.py:4180} INFO - Setting next_dagrun for dataset_produces_2 to None, run_after=None
[2025-01-20T19:19:36.125+0000] {processor.py:208} INFO - Processing /home/airflow/.local/lib/python3.12/site-packages/airflow/example_dags/example_datasets.py took 0.594 seconds
[2025-01-20T19:20:06.626+0000] {processor.py:186} INFO - Started process (PID=1123) to work on /home/airflow/.local/lib/python3.12/site-packages/airflow/example_dags/example_datasets.py
[2025-01-20T19:20:06.626+0000] {processor.py:914} INFO - Processing file /home/airflow/.local/lib/python3.12/site-packages/airflow/example_dags/example_datasets.py for tasks to queue
[2025-01-20T19:20:06.628+0000] {logging_mixin.py:190} INFO - [2025-01-20T19:20:06.627+0000] {dagbag.py:588} INFO - Filling up the DagBag from /home/airflow/.local/lib/python3.12/site-packages/airflow/example_dags/example_datasets.py
[2025-01-20T19:20:07.101+0000] {processor.py:925} INFO - DAG(s) 'consume_1_or_2_with_dataset_expressions', 'dataset_consumes_1_and_2', 'dataset_produces_2', 'dataset_consumes_unknown_never_scheduled', 'conditional_dataset_and_time_based_timetable', 'dataset_consumes_1_never_scheduled', 'dataset_produces_1', 'dataset_consumes_1', 'consume_1_or_both_2_and_3_with_dataset_expressions', 'consume_1_and_2_with_dataset_expressions' retrieved from /home/airflow/.local/lib/python3.12/site-packages/airflow/example_dags/example_datasets.py
[2025-01-20T19:20:07.143+0000] {logging_mixin.py:190} INFO - [2025-01-20T19:20:07.143+0000] {dag.py:3239} INFO - Sync 10 DAGs
[2025-01-20T19:20:07.171+0000] {logging_mixin.py:190} INFO - [2025-01-20T19:20:07.170+0000] {dag.py:4180} INFO - Setting next_dagrun for conditional_dataset_and_time_based_timetable to 2025-01-15 01:00:00+00:00, run_after=2025-01-15 01:00:00+00:00
[2025-01-20T19:20:07.174+0000] {logging_mixin.py:190} INFO - [2025-01-20T19:20:07.174+0000] {dag.py:4180} INFO - Setting next_dagrun for consume_1_and_2_with_dataset_expressions to None, run_after=None
[2025-01-20T19:20:07.176+0000] {logging_mixin.py:190} INFO - [2025-01-20T19:20:07.176+0000] {dag.py:4180} INFO - Setting next_dagrun for consume_1_or_2_with_dataset_expressions to None, run_after=None
[2025-01-20T19:20:07.177+0000] {logging_mixin.py:190} INFO - [2025-01-20T19:20:07.177+0000] {dag.py:4180} INFO - Setting next_dagrun for consume_1_or_both_2_and_3_with_dataset_expressions to None, run_after=None
[2025-01-20T19:20:07.178+0000] {logging_mixin.py:190} INFO - [2025-01-20T19:20:07.178+0000] {dag.py:4180} INFO - Setting next_dagrun for dataset_consumes_1 to None, run_after=None
[2025-01-20T19:20:07.179+0000] {logging_mixin.py:190} INFO - [2025-01-20T19:20:07.179+0000] {dag.py:4180} INFO - Setting next_dagrun for dataset_consumes_1_and_2 to None, run_after=None
[2025-01-20T19:20:07.180+0000] {logging_mixin.py:190} INFO - [2025-01-20T19:20:07.180+0000] {dag.py:4180} INFO - Setting next_dagrun for dataset_consumes_1_never_scheduled to None, run_after=None
[2025-01-20T19:20:07.181+0000] {logging_mixin.py:190} INFO - [2025-01-20T19:20:07.181+0000] {dag.py:4180} INFO - Setting next_dagrun for dataset_consumes_unknown_never_scheduled to None, run_after=None
[2025-01-20T19:20:07.184+0000] {logging_mixin.py:190} INFO - [2025-01-20T19:20:07.184+0000] {dag.py:4180} INFO - Setting next_dagrun for dataset_produces_1 to 2025-01-19 00:00:00+00:00, run_after=2025-01-20 00:00:00+00:00
[2025-01-20T19:20:07.185+0000] {logging_mixin.py:190} INFO - [2025-01-20T19:20:07.185+0000] {dag.py:4180} INFO - Setting next_dagrun for dataset_produces_2 to None, run_after=None
[2025-01-20T19:20:07.211+0000] {processor.py:208} INFO - Processing /home/airflow/.local/lib/python3.12/site-packages/airflow/example_dags/example_datasets.py took 0.591 seconds
[2025-01-20T19:20:37.657+0000] {processor.py:186} INFO - Started process (PID=1186) to work on /home/airflow/.local/lib/python3.12/site-packages/airflow/example_dags/example_datasets.py
[2025-01-20T19:20:37.657+0000] {processor.py:914} INFO - Processing file /home/airflow/.local/lib/python3.12/site-packages/airflow/example_dags/example_datasets.py for tasks to queue
[2025-01-20T19:20:37.659+0000] {logging_mixin.py:190} INFO - [2025-01-20T19:20:37.658+0000] {dagbag.py:588} INFO - Filling up the DagBag from /home/airflow/.local/lib/python3.12/site-packages/airflow/example_dags/example_datasets.py
[2025-01-20T19:20:38.192+0000] {processor.py:925} INFO - DAG(s) 'dataset_consumes_1_never_scheduled', 'consume_1_or_2_with_dataset_expressions', 'dataset_produces_1', 'conditional_dataset_and_time_based_timetable', 'dataset_consumes_1', 'dataset_consumes_unknown_never_scheduled', 'dataset_produces_2', 'consume_1_and_2_with_dataset_expressions', 'dataset_consumes_1_and_2', 'consume_1_or_both_2_and_3_with_dataset_expressions' retrieved from /home/airflow/.local/lib/python3.12/site-packages/airflow/example_dags/example_datasets.py
[2025-01-20T19:20:38.226+0000] {logging_mixin.py:190} INFO - [2025-01-20T19:20:38.226+0000] {dag.py:3239} INFO - Sync 10 DAGs
[2025-01-20T19:20:38.248+0000] {logging_mixin.py:190} INFO - [2025-01-20T19:20:38.247+0000] {dag.py:4180} INFO - Setting next_dagrun for conditional_dataset_and_time_based_timetable to 2025-01-15 01:00:00+00:00, run_after=2025-01-15 01:00:00+00:00
[2025-01-20T19:20:38.251+0000] {logging_mixin.py:190} INFO - [2025-01-20T19:20:38.251+0000] {dag.py:4180} INFO - Setting next_dagrun for consume_1_and_2_with_dataset_expressions to None, run_after=None
[2025-01-20T19:20:38.252+0000] {logging_mixin.py:190} INFO - [2025-01-20T19:20:38.252+0000] {dag.py:4180} INFO - Setting next_dagrun for consume_1_or_2_with_dataset_expressions to None, run_after=None
[2025-01-20T19:20:38.253+0000] {logging_mixin.py:190} INFO - [2025-01-20T19:20:38.253+0000] {dag.py:4180} INFO - Setting next_dagrun for consume_1_or_both_2_and_3_with_dataset_expressions to None, run_after=None
[2025-01-20T19:20:38.254+0000] {logging_mixin.py:190} INFO - [2025-01-20T19:20:38.254+0000] {dag.py:4180} INFO - Setting next_dagrun for dataset_consumes_1 to None, run_after=None
[2025-01-20T19:20:38.255+0000] {logging_mixin.py:190} INFO - [2025-01-20T19:20:38.254+0000] {dag.py:4180} INFO - Setting next_dagrun for dataset_consumes_1_and_2 to None, run_after=None
[2025-01-20T19:20:38.255+0000] {logging_mixin.py:190} INFO - [2025-01-20T19:20:38.255+0000] {dag.py:4180} INFO - Setting next_dagrun for dataset_consumes_1_never_scheduled to None, run_after=None
[2025-01-20T19:20:38.256+0000] {logging_mixin.py:190} INFO - [2025-01-20T19:20:38.256+0000] {dag.py:4180} INFO - Setting next_dagrun for dataset_consumes_unknown_never_scheduled to None, run_after=None
[2025-01-20T19:20:38.258+0000] {logging_mixin.py:190} INFO - [2025-01-20T19:20:38.258+0000] {dag.py:4180} INFO - Setting next_dagrun for dataset_produces_1 to 2025-01-19 00:00:00+00:00, run_after=2025-01-20 00:00:00+00:00
[2025-01-20T19:20:38.259+0000] {logging_mixin.py:190} INFO - [2025-01-20T19:20:38.259+0000] {dag.py:4180} INFO - Setting next_dagrun for dataset_produces_2 to None, run_after=None
[2025-01-20T19:20:38.291+0000] {processor.py:208} INFO - Processing /home/airflow/.local/lib/python3.12/site-packages/airflow/example_dags/example_datasets.py took 0.639 seconds
[2025-01-20T19:21:08.960+0000] {processor.py:186} INFO - Started process (PID=1249) to work on /home/airflow/.local/lib/python3.12/site-packages/airflow/example_dags/example_datasets.py
[2025-01-20T19:21:08.961+0000] {processor.py:914} INFO - Processing file /home/airflow/.local/lib/python3.12/site-packages/airflow/example_dags/example_datasets.py for tasks to queue
[2025-01-20T19:21:08.963+0000] {logging_mixin.py:190} INFO - [2025-01-20T19:21:08.962+0000] {dagbag.py:588} INFO - Filling up the DagBag from /home/airflow/.local/lib/python3.12/site-packages/airflow/example_dags/example_datasets.py
[2025-01-20T19:21:09.451+0000] {processor.py:925} INFO - DAG(s) 'dataset_consumes_unknown_never_scheduled', 'consume_1_or_2_with_dataset_expressions', 'dataset_produces_2', 'consume_1_or_both_2_and_3_with_dataset_expressions', 'conditional_dataset_and_time_based_timetable', 'dataset_consumes_1', 'dataset_produces_1', 'dataset_consumes_1_and_2', 'consume_1_and_2_with_dataset_expressions', 'dataset_consumes_1_never_scheduled' retrieved from /home/airflow/.local/lib/python3.12/site-packages/airflow/example_dags/example_datasets.py
[2025-01-20T19:21:09.493+0000] {logging_mixin.py:190} INFO - [2025-01-20T19:21:09.493+0000] {dag.py:3239} INFO - Sync 10 DAGs
[2025-01-20T19:21:09.522+0000] {logging_mixin.py:190} INFO - [2025-01-20T19:21:09.521+0000] {dag.py:4180} INFO - Setting next_dagrun for conditional_dataset_and_time_based_timetable to 2025-01-15 01:00:00+00:00, run_after=2025-01-15 01:00:00+00:00
[2025-01-20T19:21:09.525+0000] {logging_mixin.py:190} INFO - [2025-01-20T19:21:09.525+0000] {dag.py:4180} INFO - Setting next_dagrun for consume_1_and_2_with_dataset_expressions to None, run_after=None
[2025-01-20T19:21:09.526+0000] {logging_mixin.py:190} INFO - [2025-01-20T19:21:09.526+0000] {dag.py:4180} INFO - Setting next_dagrun for consume_1_or_2_with_dataset_expressions to None, run_after=None
[2025-01-20T19:21:09.528+0000] {logging_mixin.py:190} INFO - [2025-01-20T19:21:09.527+0000] {dag.py:4180} INFO - Setting next_dagrun for consume_1_or_both_2_and_3_with_dataset_expressions to None, run_after=None
[2025-01-20T19:21:09.529+0000] {logging_mixin.py:190} INFO - [2025-01-20T19:21:09.529+0000] {dag.py:4180} INFO - Setting next_dagrun for dataset_consumes_1 to None, run_after=None
[2025-01-20T19:21:09.530+0000] {logging_mixin.py:190} INFO - [2025-01-20T19:21:09.530+0000] {dag.py:4180} INFO - Setting next_dagrun for dataset_consumes_1_and_2 to None, run_after=None
[2025-01-20T19:21:09.531+0000] {logging_mixin.py:190} INFO - [2025-01-20T19:21:09.531+0000] {dag.py:4180} INFO - Setting next_dagrun for dataset_consumes_1_never_scheduled to None, run_after=None
[2025-01-20T19:21:09.532+0000] {logging_mixin.py:190} INFO - [2025-01-20T19:21:09.532+0000] {dag.py:4180} INFO - Setting next_dagrun for dataset_consumes_unknown_never_scheduled to None, run_after=None
[2025-01-20T19:21:09.534+0000] {logging_mixin.py:190} INFO - [2025-01-20T19:21:09.534+0000] {dag.py:4180} INFO - Setting next_dagrun for dataset_produces_1 to 2025-01-19 00:00:00+00:00, run_after=2025-01-20 00:00:00+00:00
[2025-01-20T19:21:09.536+0000] {logging_mixin.py:190} INFO - [2025-01-20T19:21:09.535+0000] {dag.py:4180} INFO - Setting next_dagrun for dataset_produces_2 to None, run_after=None
[2025-01-20T19:21:09.562+0000] {processor.py:208} INFO - Processing /home/airflow/.local/lib/python3.12/site-packages/airflow/example_dags/example_datasets.py took 0.606 seconds
[2025-01-20T19:21:40.383+0000] {processor.py:186} INFO - Started process (PID=1312) to work on /home/airflow/.local/lib/python3.12/site-packages/airflow/example_dags/example_datasets.py
[2025-01-20T19:21:40.383+0000] {processor.py:914} INFO - Processing file /home/airflow/.local/lib/python3.12/site-packages/airflow/example_dags/example_datasets.py for tasks to queue
[2025-01-20T19:21:40.385+0000] {logging_mixin.py:190} INFO - [2025-01-20T19:21:40.385+0000] {dagbag.py:588} INFO - Filling up the DagBag from /home/airflow/.local/lib/python3.12/site-packages/airflow/example_dags/example_datasets.py
[2025-01-20T19:21:40.877+0000] {processor.py:925} INFO - DAG(s) 'dataset_consumes_unknown_never_scheduled', 'consume_1_or_both_2_and_3_with_dataset_expressions', 'conditional_dataset_and_time_based_timetable', 'dataset_produces_2', 'consume_1_or_2_with_dataset_expressions', 'dataset_consumes_1_never_scheduled', 'dataset_consumes_1', 'dataset_consumes_1_and_2', 'dataset_produces_1', 'consume_1_and_2_with_dataset_expressions' retrieved from /home/airflow/.local/lib/python3.12/site-packages/airflow/example_dags/example_datasets.py
[2025-01-20T19:21:40.915+0000] {logging_mixin.py:190} INFO - [2025-01-20T19:21:40.914+0000] {dag.py:3239} INFO - Sync 10 DAGs
[2025-01-20T19:21:40.936+0000] {logging_mixin.py:190} INFO - [2025-01-20T19:21:40.936+0000] {dag.py:4180} INFO - Setting next_dagrun for conditional_dataset_and_time_based_timetable to 2025-01-15 01:00:00+00:00, run_after=2025-01-15 01:00:00+00:00
[2025-01-20T19:21:40.940+0000] {logging_mixin.py:190} INFO - [2025-01-20T19:21:40.940+0000] {dag.py:4180} INFO - Setting next_dagrun for consume_1_and_2_with_dataset_expressions to None, run_after=None
[2025-01-20T19:21:40.941+0000] {logging_mixin.py:190} INFO - [2025-01-20T19:21:40.941+0000] {dag.py:4180} INFO - Setting next_dagrun for consume_1_or_2_with_dataset_expressions to None, run_after=None
[2025-01-20T19:21:40.943+0000] {logging_mixin.py:190} INFO - [2025-01-20T19:21:40.942+0000] {dag.py:4180} INFO - Setting next_dagrun for consume_1_or_both_2_and_3_with_dataset_expressions to None, run_after=None
[2025-01-20T19:21:40.944+0000] {logging_mixin.py:190} INFO - [2025-01-20T19:21:40.944+0000] {dag.py:4180} INFO - Setting next_dagrun for dataset_consumes_1 to None, run_after=None
[2025-01-20T19:21:40.946+0000] {logging_mixin.py:190} INFO - [2025-01-20T19:21:40.946+0000] {dag.py:4180} INFO - Setting next_dagrun for dataset_consumes_1_and_2 to None, run_after=None
[2025-01-20T19:21:40.949+0000] {logging_mixin.py:190} INFO - [2025-01-20T19:21:40.948+0000] {dag.py:4180} INFO - Setting next_dagrun for dataset_consumes_1_never_scheduled to None, run_after=None
[2025-01-20T19:21:40.950+0000] {logging_mixin.py:190} INFO - [2025-01-20T19:21:40.950+0000] {dag.py:4180} INFO - Setting next_dagrun for dataset_consumes_unknown_never_scheduled to None, run_after=None
[2025-01-20T19:21:40.953+0000] {logging_mixin.py:190} INFO - [2025-01-20T19:21:40.953+0000] {dag.py:4180} INFO - Setting next_dagrun for dataset_produces_1 to 2025-01-19 00:00:00+00:00, run_after=2025-01-20 00:00:00+00:00
[2025-01-20T19:21:40.955+0000] {logging_mixin.py:190} INFO - [2025-01-20T19:21:40.955+0000] {dag.py:4180} INFO - Setting next_dagrun for dataset_produces_2 to None, run_after=None
[2025-01-20T19:21:40.986+0000] {processor.py:208} INFO - Processing /home/airflow/.local/lib/python3.12/site-packages/airflow/example_dags/example_datasets.py took 0.607 seconds
[2025-01-20T19:22:11.624+0000] {processor.py:186} INFO - Started process (PID=1375) to work on /home/airflow/.local/lib/python3.12/site-packages/airflow/example_dags/example_datasets.py
[2025-01-20T19:22:11.624+0000] {processor.py:914} INFO - Processing file /home/airflow/.local/lib/python3.12/site-packages/airflow/example_dags/example_datasets.py for tasks to queue
[2025-01-20T19:22:11.626+0000] {logging_mixin.py:190} INFO - [2025-01-20T19:22:11.626+0000] {dagbag.py:588} INFO - Filling up the DagBag from /home/airflow/.local/lib/python3.12/site-packages/airflow/example_dags/example_datasets.py
[2025-01-20T19:22:12.110+0000] {processor.py:925} INFO - DAG(s) 'dataset_produces_1', 'conditional_dataset_and_time_based_timetable', 'dataset_consumes_1', 'dataset_produces_2', 'consume_1_or_both_2_and_3_with_dataset_expressions', 'dataset_consumes_1_and_2', 'consume_1_and_2_with_dataset_expressions', 'dataset_consumes_1_never_scheduled', 'dataset_consumes_unknown_never_scheduled', 'consume_1_or_2_with_dataset_expressions' retrieved from /home/airflow/.local/lib/python3.12/site-packages/airflow/example_dags/example_datasets.py
[2025-01-20T19:22:12.152+0000] {logging_mixin.py:190} INFO - [2025-01-20T19:22:12.152+0000] {dag.py:3239} INFO - Sync 10 DAGs
[2025-01-20T19:22:12.176+0000] {logging_mixin.py:190} INFO - [2025-01-20T19:22:12.176+0000] {dag.py:4180} INFO - Setting next_dagrun for conditional_dataset_and_time_based_timetable to 2025-01-15 01:00:00+00:00, run_after=2025-01-15 01:00:00+00:00
[2025-01-20T19:22:12.179+0000] {logging_mixin.py:190} INFO - [2025-01-20T19:22:12.179+0000] {dag.py:4180} INFO - Setting next_dagrun for consume_1_and_2_with_dataset_expressions to None, run_after=None
[2025-01-20T19:22:12.181+0000] {logging_mixin.py:190} INFO - [2025-01-20T19:22:12.180+0000] {dag.py:4180} INFO - Setting next_dagrun for consume_1_or_2_with_dataset_expressions to None, run_after=None
[2025-01-20T19:22:12.182+0000] {logging_mixin.py:190} INFO - [2025-01-20T19:22:12.182+0000] {dag.py:4180} INFO - Setting next_dagrun for consume_1_or_both_2_and_3_with_dataset_expressions to None, run_after=None
[2025-01-20T19:22:12.183+0000] {logging_mixin.py:190} INFO - [2025-01-20T19:22:12.183+0000] {dag.py:4180} INFO - Setting next_dagrun for dataset_consumes_1 to None, run_after=None
[2025-01-20T19:22:12.184+0000] {logging_mixin.py:190} INFO - [2025-01-20T19:22:12.184+0000] {dag.py:4180} INFO - Setting next_dagrun for dataset_consumes_1_and_2 to None, run_after=None
[2025-01-20T19:22:12.185+0000] {logging_mixin.py:190} INFO - [2025-01-20T19:22:12.185+0000] {dag.py:4180} INFO - Setting next_dagrun for dataset_consumes_1_never_scheduled to None, run_after=None
[2025-01-20T19:22:12.186+0000] {logging_mixin.py:190} INFO - [2025-01-20T19:22:12.186+0000] {dag.py:4180} INFO - Setting next_dagrun for dataset_consumes_unknown_never_scheduled to None, run_after=None
[2025-01-20T19:22:12.189+0000] {logging_mixin.py:190} INFO - [2025-01-20T19:22:12.188+0000] {dag.py:4180} INFO - Setting next_dagrun for dataset_produces_1 to 2025-01-19 00:00:00+00:00, run_after=2025-01-20 00:00:00+00:00
[2025-01-20T19:22:12.190+0000] {logging_mixin.py:190} INFO - [2025-01-20T19:22:12.190+0000] {dag.py:4180} INFO - Setting next_dagrun for dataset_produces_2 to None, run_after=None
[2025-01-20T19:22:12.217+0000] {processor.py:208} INFO - Processing /home/airflow/.local/lib/python3.12/site-packages/airflow/example_dags/example_datasets.py took 0.597 seconds
[2025-01-20T19:22:42.674+0000] {processor.py:186} INFO - Started process (PID=1438) to work on /home/airflow/.local/lib/python3.12/site-packages/airflow/example_dags/example_datasets.py
[2025-01-20T19:22:42.674+0000] {processor.py:914} INFO - Processing file /home/airflow/.local/lib/python3.12/site-packages/airflow/example_dags/example_datasets.py for tasks to queue
[2025-01-20T19:22:42.676+0000] {logging_mixin.py:190} INFO - [2025-01-20T19:22:42.675+0000] {dagbag.py:588} INFO - Filling up the DagBag from /home/airflow/.local/lib/python3.12/site-packages/airflow/example_dags/example_datasets.py
[2025-01-20T19:22:43.241+0000] {processor.py:925} INFO - DAG(s) 'dataset_consumes_1', 'dataset_produces_1', 'dataset_consumes_1_never_scheduled', 'consume_1_and_2_with_dataset_expressions', 'dataset_consumes_unknown_never_scheduled', 'dataset_produces_2', 'conditional_dataset_and_time_based_timetable', 'consume_1_or_2_with_dataset_expressions', 'consume_1_or_both_2_and_3_with_dataset_expressions', 'dataset_consumes_1_and_2' retrieved from /home/airflow/.local/lib/python3.12/site-packages/airflow/example_dags/example_datasets.py
[2025-01-20T19:22:43.284+0000] {logging_mixin.py:190} INFO - [2025-01-20T19:22:43.284+0000] {dag.py:3239} INFO - Sync 10 DAGs
[2025-01-20T19:22:43.313+0000] {logging_mixin.py:190} INFO - [2025-01-20T19:22:43.312+0000] {dag.py:4180} INFO - Setting next_dagrun for conditional_dataset_and_time_based_timetable to 2025-01-15 01:00:00+00:00, run_after=2025-01-15 01:00:00+00:00
[2025-01-20T19:22:43.316+0000] {logging_mixin.py:190} INFO - [2025-01-20T19:22:43.316+0000] {dag.py:4180} INFO - Setting next_dagrun for consume_1_and_2_with_dataset_expressions to None, run_after=None
[2025-01-20T19:22:43.317+0000] {logging_mixin.py:190} INFO - [2025-01-20T19:22:43.317+0000] {dag.py:4180} INFO - Setting next_dagrun for consume_1_or_2_with_dataset_expressions to None, run_after=None
[2025-01-20T19:22:43.318+0000] {logging_mixin.py:190} INFO - [2025-01-20T19:22:43.318+0000] {dag.py:4180} INFO - Setting next_dagrun for consume_1_or_both_2_and_3_with_dataset_expressions to None, run_after=None
[2025-01-20T19:22:43.319+0000] {logging_mixin.py:190} INFO - [2025-01-20T19:22:43.319+0000] {dag.py:4180} INFO - Setting next_dagrun for dataset_consumes_1 to None, run_after=None
[2025-01-20T19:22:43.320+0000] {logging_mixin.py:190} INFO - [2025-01-20T19:22:43.320+0000] {dag.py:4180} INFO - Setting next_dagrun for dataset_consumes_1_and_2 to None, run_after=None
[2025-01-20T19:22:43.321+0000] {logging_mixin.py:190} INFO - [2025-01-20T19:22:43.320+0000] {dag.py:4180} INFO - Setting next_dagrun for dataset_consumes_1_never_scheduled to None, run_after=None
[2025-01-20T19:22:43.322+0000] {logging_mixin.py:190} INFO - [2025-01-20T19:22:43.321+0000] {dag.py:4180} INFO - Setting next_dagrun for dataset_consumes_unknown_never_scheduled to None, run_after=None
[2025-01-20T19:22:43.324+0000] {logging_mixin.py:190} INFO - [2025-01-20T19:22:43.323+0000] {dag.py:4180} INFO - Setting next_dagrun for dataset_produces_1 to 2025-01-19 00:00:00+00:00, run_after=2025-01-20 00:00:00+00:00
[2025-01-20T19:22:43.324+0000] {logging_mixin.py:190} INFO - [2025-01-20T19:22:43.324+0000] {dag.py:4180} INFO - Setting next_dagrun for dataset_produces_2 to None, run_after=None
[2025-01-20T19:22:43.349+0000] {processor.py:208} INFO - Processing /home/airflow/.local/lib/python3.12/site-packages/airflow/example_dags/example_datasets.py took 0.680 seconds
[2025-01-20T19:23:13.897+0000] {processor.py:186} INFO - Started process (PID=1507) to work on /home/airflow/.local/lib/python3.12/site-packages/airflow/example_dags/example_datasets.py
[2025-01-20T19:23:13.898+0000] {processor.py:914} INFO - Processing file /home/airflow/.local/lib/python3.12/site-packages/airflow/example_dags/example_datasets.py for tasks to queue
[2025-01-20T19:23:13.900+0000] {logging_mixin.py:190} INFO - [2025-01-20T19:23:13.899+0000] {dagbag.py:588} INFO - Filling up the DagBag from /home/airflow/.local/lib/python3.12/site-packages/airflow/example_dags/example_datasets.py
[2025-01-20T19:23:14.389+0000] {processor.py:925} INFO - DAG(s) 'dataset_produces_1', 'dataset_consumes_1_never_scheduled', 'dataset_consumes_unknown_never_scheduled', 'dataset_consumes_1', 'consume_1_and_2_with_dataset_expressions', 'dataset_consumes_1_and_2', 'dataset_produces_2', 'consume_1_or_2_with_dataset_expressions', 'conditional_dataset_and_time_based_timetable', 'consume_1_or_both_2_and_3_with_dataset_expressions' retrieved from /home/airflow/.local/lib/python3.12/site-packages/airflow/example_dags/example_datasets.py
[2025-01-20T19:23:14.422+0000] {logging_mixin.py:190} INFO - [2025-01-20T19:23:14.422+0000] {dag.py:3239} INFO - Sync 10 DAGs
[2025-01-20T19:23:14.455+0000] {logging_mixin.py:190} INFO - [2025-01-20T19:23:14.455+0000] {dag.py:4180} INFO - Setting next_dagrun for conditional_dataset_and_time_based_timetable to 2025-01-15 01:00:00+00:00, run_after=2025-01-15 01:00:00+00:00
[2025-01-20T19:23:14.460+0000] {logging_mixin.py:190} INFO - [2025-01-20T19:23:14.460+0000] {dag.py:4180} INFO - Setting next_dagrun for consume_1_and_2_with_dataset_expressions to None, run_after=None
[2025-01-20T19:23:14.462+0000] {logging_mixin.py:190} INFO - [2025-01-20T19:23:14.461+0000] {dag.py:4180} INFO - Setting next_dagrun for consume_1_or_2_with_dataset_expressions to None, run_after=None
[2025-01-20T19:23:14.463+0000] {logging_mixin.py:190} INFO - [2025-01-20T19:23:14.462+0000] {dag.py:4180} INFO - Setting next_dagrun for consume_1_or_both_2_and_3_with_dataset_expressions to None, run_after=None
[2025-01-20T19:23:14.464+0000] {logging_mixin.py:190} INFO - [2025-01-20T19:23:14.463+0000] {dag.py:4180} INFO - Setting next_dagrun for dataset_consumes_1 to None, run_after=None
[2025-01-20T19:23:14.465+0000] {logging_mixin.py:190} INFO - [2025-01-20T19:23:14.465+0000] {dag.py:4180} INFO - Setting next_dagrun for dataset_consumes_1_and_2 to None, run_after=None
[2025-01-20T19:23:14.466+0000] {logging_mixin.py:190} INFO - [2025-01-20T19:23:14.466+0000] {dag.py:4180} INFO - Setting next_dagrun for dataset_consumes_1_never_scheduled to None, run_after=None
[2025-01-20T19:23:14.467+0000] {logging_mixin.py:190} INFO - [2025-01-20T19:23:14.467+0000] {dag.py:4180} INFO - Setting next_dagrun for dataset_consumes_unknown_never_scheduled to None, run_after=None
[2025-01-20T19:23:14.469+0000] {logging_mixin.py:190} INFO - [2025-01-20T19:23:14.469+0000] {dag.py:4180} INFO - Setting next_dagrun for dataset_produces_1 to 2025-01-19 00:00:00+00:00, run_after=2025-01-20 00:00:00+00:00
[2025-01-20T19:23:14.471+0000] {logging_mixin.py:190} INFO - [2025-01-20T19:23:14.470+0000] {dag.py:4180} INFO - Setting next_dagrun for dataset_produces_2 to None, run_after=None
[2025-01-20T19:23:14.503+0000] {processor.py:208} INFO - Processing /home/airflow/.local/lib/python3.12/site-packages/airflow/example_dags/example_datasets.py took 0.611 seconds
[2025-01-20T19:23:45.064+0000] {processor.py:186} INFO - Started process (PID=1570) to work on /home/airflow/.local/lib/python3.12/site-packages/airflow/example_dags/example_datasets.py
[2025-01-20T19:23:45.065+0000] {processor.py:914} INFO - Processing file /home/airflow/.local/lib/python3.12/site-packages/airflow/example_dags/example_datasets.py for tasks to queue
[2025-01-20T19:23:45.066+0000] {logging_mixin.py:190} INFO - [2025-01-20T19:23:45.066+0000] {dagbag.py:588} INFO - Filling up the DagBag from /home/airflow/.local/lib/python3.12/site-packages/airflow/example_dags/example_datasets.py
[2025-01-20T19:23:45.547+0000] {processor.py:925} INFO - DAG(s) 'dataset_produces_1', 'consume_1_or_2_with_dataset_expressions', 'dataset_consumes_1_never_scheduled', 'dataset_consumes_unknown_never_scheduled', 'dataset_consumes_1', 'dataset_produces_2', 'consume_1_and_2_with_dataset_expressions', 'conditional_dataset_and_time_based_timetable', 'dataset_consumes_1_and_2', 'consume_1_or_both_2_and_3_with_dataset_expressions' retrieved from /home/airflow/.local/lib/python3.12/site-packages/airflow/example_dags/example_datasets.py
[2025-01-20T19:23:45.585+0000] {logging_mixin.py:190} INFO - [2025-01-20T19:23:45.585+0000] {dag.py:3239} INFO - Sync 10 DAGs
[2025-01-20T19:23:45.613+0000] {logging_mixin.py:190} INFO - [2025-01-20T19:23:45.612+0000] {dag.py:4180} INFO - Setting next_dagrun for conditional_dataset_and_time_based_timetable to 2025-01-15 01:00:00+00:00, run_after=2025-01-15 01:00:00+00:00
[2025-01-20T19:23:45.616+0000] {logging_mixin.py:190} INFO - [2025-01-20T19:23:45.616+0000] {dag.py:4180} INFO - Setting next_dagrun for consume_1_and_2_with_dataset_expressions to None, run_after=None
[2025-01-20T19:23:45.618+0000] {logging_mixin.py:190} INFO - [2025-01-20T19:23:45.617+0000] {dag.py:4180} INFO - Setting next_dagrun for consume_1_or_2_with_dataset_expressions to None, run_after=None
[2025-01-20T19:23:45.619+0000] {logging_mixin.py:190} INFO - [2025-01-20T19:23:45.619+0000] {dag.py:4180} INFO - Setting next_dagrun for consume_1_or_both_2_and_3_with_dataset_expressions to None, run_after=None
[2025-01-20T19:23:45.620+0000] {logging_mixin.py:190} INFO - [2025-01-20T19:23:45.620+0000] {dag.py:4180} INFO - Setting next_dagrun for dataset_consumes_1 to None, run_after=None
[2025-01-20T19:23:45.621+0000] {logging_mixin.py:190} INFO - [2025-01-20T19:23:45.621+0000] {dag.py:4180} INFO - Setting next_dagrun for dataset_consumes_1_and_2 to None, run_after=None
[2025-01-20T19:23:45.622+0000] {logging_mixin.py:190} INFO - [2025-01-20T19:23:45.622+0000] {dag.py:4180} INFO - Setting next_dagrun for dataset_consumes_1_never_scheduled to None, run_after=None
[2025-01-20T19:23:45.623+0000] {logging_mixin.py:190} INFO - [2025-01-20T19:23:45.623+0000] {dag.py:4180} INFO - Setting next_dagrun for dataset_consumes_unknown_never_scheduled to None, run_after=None
[2025-01-20T19:23:45.626+0000] {logging_mixin.py:190} INFO - [2025-01-20T19:23:45.625+0000] {dag.py:4180} INFO - Setting next_dagrun for dataset_produces_1 to 2025-01-19 00:00:00+00:00, run_after=2025-01-20 00:00:00+00:00
[2025-01-20T19:23:45.627+0000] {logging_mixin.py:190} INFO - [2025-01-20T19:23:45.626+0000] {dag.py:4180} INFO - Setting next_dagrun for dataset_produces_2 to None, run_after=None
[2025-01-20T19:23:45.657+0000] {processor.py:208} INFO - Processing /home/airflow/.local/lib/python3.12/site-packages/airflow/example_dags/example_datasets.py took 0.597 seconds
