[2025-01-20T19:11:47.316+0000] {processor.py:186} INFO - Started process (PID=97) to work on /home/airflow/.local/lib/python3.12/site-packages/airflow/example_dags/example_xcom.py
[2025-01-20T19:11:47.316+0000] {processor.py:914} INFO - Processing file /home/airflow/.local/lib/python3.12/site-packages/airflow/example_dags/example_xcom.py for tasks to queue
[2025-01-20T19:11:47.319+0000] {logging_mixin.py:190} INFO - [2025-01-20T19:11:47.319+0000] {dagbag.py:588} INFO - Filling up the DagBag from /home/airflow/.local/lib/python3.12/site-packages/airflow/example_dags/example_xcom.py
[2025-01-20T19:11:47.329+0000] {processor.py:925} INFO - DAG(s) 'example_xcom' retrieved from /home/airflow/.local/lib/python3.12/site-packages/airflow/example_dags/example_xcom.py
[2025-01-20T19:11:47.440+0000] {logging_mixin.py:190} INFO - [2025-01-20T19:11:47.439+0000] {override.py:1911} INFO - Created Permission View: can edit on DAG:example_xcom
[2025-01-20T19:11:47.446+0000] {logging_mixin.py:190} INFO - [2025-01-20T19:11:47.446+0000] {override.py:1911} INFO - Created Permission View: can delete on DAG:example_xcom
[2025-01-20T19:11:47.450+0000] {logging_mixin.py:190} INFO - [2025-01-20T19:11:47.450+0000] {override.py:1911} INFO - Created Permission View: can read on DAG:example_xcom
[2025-01-20T19:11:47.454+0000] {logging_mixin.py:190} INFO - [2025-01-20T19:11:47.454+0000] {override.py:1911} INFO - Created Permission View: can create on DAG Run:example_xcom
[2025-01-20T19:11:47.459+0000] {logging_mixin.py:190} INFO - [2025-01-20T19:11:47.459+0000] {override.py:1911} INFO - Created Permission View: can delete on DAG Run:example_xcom
[2025-01-20T19:11:47.463+0000] {logging_mixin.py:190} INFO - [2025-01-20T19:11:47.463+0000] {override.py:1911} INFO - Created Permission View: menu access on DAG Run:example_xcom
[2025-01-20T19:11:47.467+0000] {logging_mixin.py:190} INFO - [2025-01-20T19:11:47.467+0000] {override.py:1911} INFO - Created Permission View: can read on DAG Run:example_xcom
[2025-01-20T19:11:47.468+0000] {logging_mixin.py:190} INFO - [2025-01-20T19:11:47.468+0000] {dag.py:3239} INFO - Sync 1 DAGs
[2025-01-20T19:11:47.478+0000] {logging_mixin.py:190} INFO - [2025-01-20T19:11:47.478+0000] {dag.py:3262} INFO - Creating ORM DAG for example_xcom
[2025-01-20T19:11:47.484+0000] {logging_mixin.py:190} INFO - [2025-01-20T19:11:47.484+0000] {dag.py:4180} INFO - Setting next_dagrun for example_xcom to 2021-01-01 00:00:00+00:00, run_after=2021-01-01 00:00:00+00:00
[2025-01-20T19:11:47.495+0000] {processor.py:208} INFO - Processing /home/airflow/.local/lib/python3.12/site-packages/airflow/example_dags/example_xcom.py took 0.186 seconds
[2025-01-20T19:12:18.280+0000] {processor.py:186} INFO - Started process (PID=160) to work on /home/airflow/.local/lib/python3.12/site-packages/airflow/example_dags/example_xcom.py
[2025-01-20T19:12:18.280+0000] {processor.py:914} INFO - Processing file /home/airflow/.local/lib/python3.12/site-packages/airflow/example_dags/example_xcom.py for tasks to queue
[2025-01-20T19:12:18.282+0000] {logging_mixin.py:190} INFO - [2025-01-20T19:12:18.282+0000] {dagbag.py:588} INFO - Filling up the DagBag from /home/airflow/.local/lib/python3.12/site-packages/airflow/example_dags/example_xcom.py
[2025-01-20T19:12:18.289+0000] {processor.py:925} INFO - DAG(s) 'example_xcom' retrieved from /home/airflow/.local/lib/python3.12/site-packages/airflow/example_dags/example_xcom.py
[2025-01-20T19:12:18.305+0000] {logging_mixin.py:190} INFO - [2025-01-20T19:12:18.305+0000] {dag.py:3239} INFO - Sync 1 DAGs
[2025-01-20T19:12:18.321+0000] {logging_mixin.py:190} INFO - [2025-01-20T19:12:18.321+0000] {dag.py:4180} INFO - Setting next_dagrun for example_xcom to 2021-01-01 00:00:00+00:00, run_after=2021-01-01 00:00:00+00:00
[2025-01-20T19:12:18.334+0000] {processor.py:208} INFO - Processing /home/airflow/.local/lib/python3.12/site-packages/airflow/example_dags/example_xcom.py took 0.058 seconds
[2025-01-20T19:12:49.059+0000] {processor.py:186} INFO - Started process (PID=223) to work on /home/airflow/.local/lib/python3.12/site-packages/airflow/example_dags/example_xcom.py
[2025-01-20T19:12:49.059+0000] {processor.py:914} INFO - Processing file /home/airflow/.local/lib/python3.12/site-packages/airflow/example_dags/example_xcom.py for tasks to queue
[2025-01-20T19:12:49.061+0000] {logging_mixin.py:190} INFO - [2025-01-20T19:12:49.061+0000] {dagbag.py:588} INFO - Filling up the DagBag from /home/airflow/.local/lib/python3.12/site-packages/airflow/example_dags/example_xcom.py
[2025-01-20T19:12:49.068+0000] {processor.py:925} INFO - DAG(s) 'example_xcom' retrieved from /home/airflow/.local/lib/python3.12/site-packages/airflow/example_dags/example_xcom.py
[2025-01-20T19:12:49.088+0000] {logging_mixin.py:190} INFO - [2025-01-20T19:12:49.088+0000] {dag.py:3239} INFO - Sync 1 DAGs
[2025-01-20T19:12:49.107+0000] {logging_mixin.py:190} INFO - [2025-01-20T19:12:49.107+0000] {dag.py:4180} INFO - Setting next_dagrun for example_xcom to 2021-01-01 00:00:00+00:00, run_after=2021-01-01 00:00:00+00:00
[2025-01-20T19:12:49.119+0000] {processor.py:208} INFO - Processing /home/airflow/.local/lib/python3.12/site-packages/airflow/example_dags/example_xcom.py took 0.065 seconds
[2025-01-20T19:13:19.960+0000] {processor.py:186} INFO - Started process (PID=286) to work on /home/airflow/.local/lib/python3.12/site-packages/airflow/example_dags/example_xcom.py
[2025-01-20T19:13:19.961+0000] {processor.py:914} INFO - Processing file /home/airflow/.local/lib/python3.12/site-packages/airflow/example_dags/example_xcom.py for tasks to queue
[2025-01-20T19:13:19.963+0000] {logging_mixin.py:190} INFO - [2025-01-20T19:13:19.962+0000] {dagbag.py:588} INFO - Filling up the DagBag from /home/airflow/.local/lib/python3.12/site-packages/airflow/example_dags/example_xcom.py
[2025-01-20T19:13:19.972+0000] {processor.py:925} INFO - DAG(s) 'example_xcom' retrieved from /home/airflow/.local/lib/python3.12/site-packages/airflow/example_dags/example_xcom.py
[2025-01-20T19:13:19.994+0000] {logging_mixin.py:190} INFO - [2025-01-20T19:13:19.994+0000] {dag.py:3239} INFO - Sync 1 DAGs
[2025-01-20T19:13:20.015+0000] {logging_mixin.py:190} INFO - [2025-01-20T19:13:20.015+0000] {dag.py:4180} INFO - Setting next_dagrun for example_xcom to 2021-01-01 00:00:00+00:00, run_after=2021-01-01 00:00:00+00:00
[2025-01-20T19:13:20.048+0000] {processor.py:208} INFO - Processing /home/airflow/.local/lib/python3.12/site-packages/airflow/example_dags/example_xcom.py took 0.093 seconds
[2025-01-20T19:13:50.736+0000] {processor.py:186} INFO - Started process (PID=349) to work on /home/airflow/.local/lib/python3.12/site-packages/airflow/example_dags/example_xcom.py
[2025-01-20T19:13:50.737+0000] {processor.py:914} INFO - Processing file /home/airflow/.local/lib/python3.12/site-packages/airflow/example_dags/example_xcom.py for tasks to queue
[2025-01-20T19:13:50.738+0000] {logging_mixin.py:190} INFO - [2025-01-20T19:13:50.738+0000] {dagbag.py:588} INFO - Filling up the DagBag from /home/airflow/.local/lib/python3.12/site-packages/airflow/example_dags/example_xcom.py
[2025-01-20T19:13:50.748+0000] {processor.py:925} INFO - DAG(s) 'example_xcom' retrieved from /home/airflow/.local/lib/python3.12/site-packages/airflow/example_dags/example_xcom.py
[2025-01-20T19:13:50.770+0000] {logging_mixin.py:190} INFO - [2025-01-20T19:13:50.770+0000] {dag.py:3239} INFO - Sync 1 DAGs
[2025-01-20T19:13:50.787+0000] {logging_mixin.py:190} INFO - [2025-01-20T19:13:50.787+0000] {dag.py:4180} INFO - Setting next_dagrun for example_xcom to 2021-01-01 00:00:00+00:00, run_after=2021-01-01 00:00:00+00:00
[2025-01-20T19:13:50.801+0000] {processor.py:208} INFO - Processing /home/airflow/.local/lib/python3.12/site-packages/airflow/example_dags/example_xcom.py took 0.070 seconds
[2025-01-20T19:14:21.332+0000] {processor.py:186} INFO - Started process (PID=412) to work on /home/airflow/.local/lib/python3.12/site-packages/airflow/example_dags/example_xcom.py
[2025-01-20T19:14:21.333+0000] {processor.py:914} INFO - Processing file /home/airflow/.local/lib/python3.12/site-packages/airflow/example_dags/example_xcom.py for tasks to queue
[2025-01-20T19:14:21.334+0000] {logging_mixin.py:190} INFO - [2025-01-20T19:14:21.334+0000] {dagbag.py:588} INFO - Filling up the DagBag from /home/airflow/.local/lib/python3.12/site-packages/airflow/example_dags/example_xcom.py
[2025-01-20T19:14:21.342+0000] {processor.py:925} INFO - DAG(s) 'example_xcom' retrieved from /home/airflow/.local/lib/python3.12/site-packages/airflow/example_dags/example_xcom.py
[2025-01-20T19:14:21.359+0000] {logging_mixin.py:190} INFO - [2025-01-20T19:14:21.359+0000] {dag.py:3239} INFO - Sync 1 DAGs
[2025-01-20T19:14:21.382+0000] {logging_mixin.py:190} INFO - [2025-01-20T19:14:21.382+0000] {dag.py:4180} INFO - Setting next_dagrun for example_xcom to 2021-01-01 00:00:00+00:00, run_after=2021-01-01 00:00:00+00:00
[2025-01-20T19:14:21.397+0000] {processor.py:208} INFO - Processing /home/airflow/.local/lib/python3.12/site-packages/airflow/example_dags/example_xcom.py took 0.070 seconds
[2025-01-20T19:14:51.801+0000] {processor.py:186} INFO - Started process (PID=475) to work on /home/airflow/.local/lib/python3.12/site-packages/airflow/example_dags/example_xcom.py
[2025-01-20T19:14:51.802+0000] {processor.py:914} INFO - Processing file /home/airflow/.local/lib/python3.12/site-packages/airflow/example_dags/example_xcom.py for tasks to queue
[2025-01-20T19:14:51.803+0000] {logging_mixin.py:190} INFO - [2025-01-20T19:14:51.803+0000] {dagbag.py:588} INFO - Filling up the DagBag from /home/airflow/.local/lib/python3.12/site-packages/airflow/example_dags/example_xcom.py
[2025-01-20T19:14:51.810+0000] {processor.py:925} INFO - DAG(s) 'example_xcom' retrieved from /home/airflow/.local/lib/python3.12/site-packages/airflow/example_dags/example_xcom.py
[2025-01-20T19:14:51.826+0000] {logging_mixin.py:190} INFO - [2025-01-20T19:14:51.826+0000] {dag.py:3239} INFO - Sync 1 DAGs
[2025-01-20T19:14:51.849+0000] {logging_mixin.py:190} INFO - [2025-01-20T19:14:51.849+0000] {dag.py:4180} INFO - Setting next_dagrun for example_xcom to 2021-01-01 00:00:00+00:00, run_after=2021-01-01 00:00:00+00:00
[2025-01-20T19:14:51.868+0000] {processor.py:208} INFO - Processing /home/airflow/.local/lib/python3.12/site-packages/airflow/example_dags/example_xcom.py took 0.071 seconds
[2025-01-20T19:15:23.335+0000] {processor.py:186} INFO - Started process (PID=539) to work on /home/airflow/.local/lib/python3.12/site-packages/airflow/example_dags/example_xcom.py
[2025-01-20T19:15:23.335+0000] {processor.py:914} INFO - Processing file /home/airflow/.local/lib/python3.12/site-packages/airflow/example_dags/example_xcom.py for tasks to queue
[2025-01-20T19:15:23.337+0000] {logging_mixin.py:190} INFO - [2025-01-20T19:15:23.336+0000] {dagbag.py:588} INFO - Filling up the DagBag from /home/airflow/.local/lib/python3.12/site-packages/airflow/example_dags/example_xcom.py
[2025-01-20T19:15:23.344+0000] {processor.py:925} INFO - DAG(s) 'example_xcom' retrieved from /home/airflow/.local/lib/python3.12/site-packages/airflow/example_dags/example_xcom.py
[2025-01-20T19:15:23.359+0000] {logging_mixin.py:190} INFO - [2025-01-20T19:15:23.359+0000] {dag.py:3239} INFO - Sync 1 DAGs
[2025-01-20T19:15:23.377+0000] {logging_mixin.py:190} INFO - [2025-01-20T19:15:23.376+0000] {dag.py:4180} INFO - Setting next_dagrun for example_xcom to 2021-01-01 00:00:00+00:00, run_after=2021-01-01 00:00:00+00:00
[2025-01-20T19:15:23.391+0000] {processor.py:208} INFO - Processing /home/airflow/.local/lib/python3.12/site-packages/airflow/example_dags/example_xcom.py took 0.061 seconds
[2025-01-20T19:15:54.434+0000] {processor.py:186} INFO - Started process (PID=602) to work on /home/airflow/.local/lib/python3.12/site-packages/airflow/example_dags/example_xcom.py
[2025-01-20T19:15:54.435+0000] {processor.py:914} INFO - Processing file /home/airflow/.local/lib/python3.12/site-packages/airflow/example_dags/example_xcom.py for tasks to queue
[2025-01-20T19:15:54.437+0000] {logging_mixin.py:190} INFO - [2025-01-20T19:15:54.436+0000] {dagbag.py:588} INFO - Filling up the DagBag from /home/airflow/.local/lib/python3.12/site-packages/airflow/example_dags/example_xcom.py
[2025-01-20T19:15:54.444+0000] {processor.py:925} INFO - DAG(s) 'example_xcom' retrieved from /home/airflow/.local/lib/python3.12/site-packages/airflow/example_dags/example_xcom.py
[2025-01-20T19:15:54.460+0000] {logging_mixin.py:190} INFO - [2025-01-20T19:15:54.460+0000] {dag.py:3239} INFO - Sync 1 DAGs
[2025-01-20T19:15:54.477+0000] {logging_mixin.py:190} INFO - [2025-01-20T19:15:54.477+0000] {dag.py:4180} INFO - Setting next_dagrun for example_xcom to 2021-01-01 00:00:00+00:00, run_after=2021-01-01 00:00:00+00:00
[2025-01-20T19:15:54.489+0000] {processor.py:208} INFO - Processing /home/airflow/.local/lib/python3.12/site-packages/airflow/example_dags/example_xcom.py took 0.059 seconds
[2025-01-20T19:16:24.901+0000] {processor.py:186} INFO - Started process (PID=666) to work on /home/airflow/.local/lib/python3.12/site-packages/airflow/example_dags/example_xcom.py
[2025-01-20T19:16:24.901+0000] {processor.py:914} INFO - Processing file /home/airflow/.local/lib/python3.12/site-packages/airflow/example_dags/example_xcom.py for tasks to queue
[2025-01-20T19:16:24.903+0000] {logging_mixin.py:190} INFO - [2025-01-20T19:16:24.903+0000] {dagbag.py:588} INFO - Filling up the DagBag from /home/airflow/.local/lib/python3.12/site-packages/airflow/example_dags/example_xcom.py
[2025-01-20T19:16:24.910+0000] {processor.py:925} INFO - DAG(s) 'example_xcom' retrieved from /home/airflow/.local/lib/python3.12/site-packages/airflow/example_dags/example_xcom.py
[2025-01-20T19:16:24.927+0000] {logging_mixin.py:190} INFO - [2025-01-20T19:16:24.926+0000] {dag.py:3239} INFO - Sync 1 DAGs
[2025-01-20T19:16:24.945+0000] {logging_mixin.py:190} INFO - [2025-01-20T19:16:24.945+0000] {dag.py:4180} INFO - Setting next_dagrun for example_xcom to 2021-01-01 00:00:00+00:00, run_after=2021-01-01 00:00:00+00:00
[2025-01-20T19:16:24.960+0000] {processor.py:208} INFO - Processing /home/airflow/.local/lib/python3.12/site-packages/airflow/example_dags/example_xcom.py took 0.064 seconds
[2025-01-20T19:16:56.088+0000] {processor.py:186} INFO - Started process (PID=729) to work on /home/airflow/.local/lib/python3.12/site-packages/airflow/example_dags/example_xcom.py
[2025-01-20T19:16:56.089+0000] {processor.py:914} INFO - Processing file /home/airflow/.local/lib/python3.12/site-packages/airflow/example_dags/example_xcom.py for tasks to queue
[2025-01-20T19:16:56.091+0000] {logging_mixin.py:190} INFO - [2025-01-20T19:16:56.090+0000] {dagbag.py:588} INFO - Filling up the DagBag from /home/airflow/.local/lib/python3.12/site-packages/airflow/example_dags/example_xcom.py
[2025-01-20T19:16:56.100+0000] {processor.py:925} INFO - DAG(s) 'example_xcom' retrieved from /home/airflow/.local/lib/python3.12/site-packages/airflow/example_dags/example_xcom.py
[2025-01-20T19:16:56.122+0000] {logging_mixin.py:190} INFO - [2025-01-20T19:16:56.122+0000] {dag.py:3239} INFO - Sync 1 DAGs
[2025-01-20T19:16:56.145+0000] {logging_mixin.py:190} INFO - [2025-01-20T19:16:56.145+0000] {dag.py:4180} INFO - Setting next_dagrun for example_xcom to 2021-01-01 00:00:00+00:00, run_after=2021-01-01 00:00:00+00:00
[2025-01-20T19:16:56.160+0000] {processor.py:208} INFO - Processing /home/airflow/.local/lib/python3.12/site-packages/airflow/example_dags/example_xcom.py took 0.079 seconds
[2025-01-20T19:17:27.303+0000] {processor.py:186} INFO - Started process (PID=792) to work on /home/airflow/.local/lib/python3.12/site-packages/airflow/example_dags/example_xcom.py
[2025-01-20T19:17:27.303+0000] {processor.py:914} INFO - Processing file /home/airflow/.local/lib/python3.12/site-packages/airflow/example_dags/example_xcom.py for tasks to queue
[2025-01-20T19:17:27.305+0000] {logging_mixin.py:190} INFO - [2025-01-20T19:17:27.305+0000] {dagbag.py:588} INFO - Filling up the DagBag from /home/airflow/.local/lib/python3.12/site-packages/airflow/example_dags/example_xcom.py
[2025-01-20T19:17:27.312+0000] {processor.py:925} INFO - DAG(s) 'example_xcom' retrieved from /home/airflow/.local/lib/python3.12/site-packages/airflow/example_dags/example_xcom.py
[2025-01-20T19:17:27.331+0000] {logging_mixin.py:190} INFO - [2025-01-20T19:17:27.331+0000] {dag.py:3239} INFO - Sync 1 DAGs
[2025-01-20T19:17:27.353+0000] {logging_mixin.py:190} INFO - [2025-01-20T19:17:27.353+0000] {dag.py:4180} INFO - Setting next_dagrun for example_xcom to 2021-01-01 00:00:00+00:00, run_after=2021-01-01 00:00:00+00:00
[2025-01-20T19:17:27.368+0000] {processor.py:208} INFO - Processing /home/airflow/.local/lib/python3.12/site-packages/airflow/example_dags/example_xcom.py took 0.069 seconds
[2025-01-20T19:17:58.478+0000] {processor.py:186} INFO - Started process (PID=855) to work on /home/airflow/.local/lib/python3.12/site-packages/airflow/example_dags/example_xcom.py
[2025-01-20T19:17:58.478+0000] {processor.py:914} INFO - Processing file /home/airflow/.local/lib/python3.12/site-packages/airflow/example_dags/example_xcom.py for tasks to queue
[2025-01-20T19:17:58.480+0000] {logging_mixin.py:190} INFO - [2025-01-20T19:17:58.480+0000] {dagbag.py:588} INFO - Filling up the DagBag from /home/airflow/.local/lib/python3.12/site-packages/airflow/example_dags/example_xcom.py
[2025-01-20T19:17:58.487+0000] {processor.py:925} INFO - DAG(s) 'example_xcom' retrieved from /home/airflow/.local/lib/python3.12/site-packages/airflow/example_dags/example_xcom.py
[2025-01-20T19:17:58.504+0000] {logging_mixin.py:190} INFO - [2025-01-20T19:17:58.504+0000] {dag.py:3239} INFO - Sync 1 DAGs
[2025-01-20T19:17:58.520+0000] {logging_mixin.py:190} INFO - [2025-01-20T19:17:58.520+0000] {dag.py:4180} INFO - Setting next_dagrun for example_xcom to 2021-01-01 00:00:00+00:00, run_after=2021-01-01 00:00:00+00:00
[2025-01-20T19:17:58.532+0000] {processor.py:208} INFO - Processing /home/airflow/.local/lib/python3.12/site-packages/airflow/example_dags/example_xcom.py took 0.058 seconds
[2025-01-20T19:18:29.570+0000] {processor.py:186} INFO - Started process (PID=918) to work on /home/airflow/.local/lib/python3.12/site-packages/airflow/example_dags/example_xcom.py
[2025-01-20T19:18:29.571+0000] {processor.py:914} INFO - Processing file /home/airflow/.local/lib/python3.12/site-packages/airflow/example_dags/example_xcom.py for tasks to queue
[2025-01-20T19:18:29.572+0000] {logging_mixin.py:190} INFO - [2025-01-20T19:18:29.572+0000] {dagbag.py:588} INFO - Filling up the DagBag from /home/airflow/.local/lib/python3.12/site-packages/airflow/example_dags/example_xcom.py
[2025-01-20T19:18:29.579+0000] {processor.py:925} INFO - DAG(s) 'example_xcom' retrieved from /home/airflow/.local/lib/python3.12/site-packages/airflow/example_dags/example_xcom.py
[2025-01-20T19:18:29.599+0000] {logging_mixin.py:190} INFO - [2025-01-20T19:18:29.598+0000] {dag.py:3239} INFO - Sync 1 DAGs
[2025-01-20T19:18:29.622+0000] {logging_mixin.py:190} INFO - [2025-01-20T19:18:29.621+0000] {dag.py:4180} INFO - Setting next_dagrun for example_xcom to 2021-01-01 00:00:00+00:00, run_after=2021-01-01 00:00:00+00:00
[2025-01-20T19:18:29.637+0000] {processor.py:208} INFO - Processing /home/airflow/.local/lib/python3.12/site-packages/airflow/example_dags/example_xcom.py took 0.071 seconds
[2025-01-20T19:19:00.640+0000] {processor.py:186} INFO - Started process (PID=981) to work on /home/airflow/.local/lib/python3.12/site-packages/airflow/example_dags/example_xcom.py
[2025-01-20T19:19:00.641+0000] {processor.py:914} INFO - Processing file /home/airflow/.local/lib/python3.12/site-packages/airflow/example_dags/example_xcom.py for tasks to queue
[2025-01-20T19:19:00.643+0000] {logging_mixin.py:190} INFO - [2025-01-20T19:19:00.642+0000] {dagbag.py:588} INFO - Filling up the DagBag from /home/airflow/.local/lib/python3.12/site-packages/airflow/example_dags/example_xcom.py
[2025-01-20T19:19:00.650+0000] {processor.py:925} INFO - DAG(s) 'example_xcom' retrieved from /home/airflow/.local/lib/python3.12/site-packages/airflow/example_dags/example_xcom.py
[2025-01-20T19:19:00.666+0000] {logging_mixin.py:190} INFO - [2025-01-20T19:19:00.666+0000] {dag.py:3239} INFO - Sync 1 DAGs
[2025-01-20T19:19:00.687+0000] {logging_mixin.py:190} INFO - [2025-01-20T19:19:00.687+0000] {dag.py:4180} INFO - Setting next_dagrun for example_xcom to 2021-01-01 00:00:00+00:00, run_after=2021-01-01 00:00:00+00:00
[2025-01-20T19:19:00.701+0000] {processor.py:208} INFO - Processing /home/airflow/.local/lib/python3.12/site-packages/airflow/example_dags/example_xcom.py took 0.065 seconds
[2025-01-20T19:19:31.739+0000] {processor.py:186} INFO - Started process (PID=1044) to work on /home/airflow/.local/lib/python3.12/site-packages/airflow/example_dags/example_xcom.py
[2025-01-20T19:19:31.739+0000] {processor.py:914} INFO - Processing file /home/airflow/.local/lib/python3.12/site-packages/airflow/example_dags/example_xcom.py for tasks to queue
[2025-01-20T19:19:31.741+0000] {logging_mixin.py:190} INFO - [2025-01-20T19:19:31.741+0000] {dagbag.py:588} INFO - Filling up the DagBag from /home/airflow/.local/lib/python3.12/site-packages/airflow/example_dags/example_xcom.py
[2025-01-20T19:19:31.748+0000] {processor.py:925} INFO - DAG(s) 'example_xcom' retrieved from /home/airflow/.local/lib/python3.12/site-packages/airflow/example_dags/example_xcom.py
[2025-01-20T19:19:31.767+0000] {logging_mixin.py:190} INFO - [2025-01-20T19:19:31.766+0000] {dag.py:3239} INFO - Sync 1 DAGs
[2025-01-20T19:19:31.790+0000] {logging_mixin.py:190} INFO - [2025-01-20T19:19:31.790+0000] {dag.py:4180} INFO - Setting next_dagrun for example_xcom to 2021-01-01 00:00:00+00:00, run_after=2021-01-01 00:00:00+00:00
[2025-01-20T19:19:31.804+0000] {processor.py:208} INFO - Processing /home/airflow/.local/lib/python3.12/site-packages/airflow/example_dags/example_xcom.py took 0.070 seconds
[2025-01-20T19:20:02.899+0000] {processor.py:186} INFO - Started process (PID=1107) to work on /home/airflow/.local/lib/python3.12/site-packages/airflow/example_dags/example_xcom.py
[2025-01-20T19:20:02.899+0000] {processor.py:914} INFO - Processing file /home/airflow/.local/lib/python3.12/site-packages/airflow/example_dags/example_xcom.py for tasks to queue
[2025-01-20T19:20:02.901+0000] {logging_mixin.py:190} INFO - [2025-01-20T19:20:02.901+0000] {dagbag.py:588} INFO - Filling up the DagBag from /home/airflow/.local/lib/python3.12/site-packages/airflow/example_dags/example_xcom.py
[2025-01-20T19:20:02.909+0000] {processor.py:925} INFO - DAG(s) 'example_xcom' retrieved from /home/airflow/.local/lib/python3.12/site-packages/airflow/example_dags/example_xcom.py
[2025-01-20T19:20:02.925+0000] {logging_mixin.py:190} INFO - [2025-01-20T19:20:02.925+0000] {dag.py:3239} INFO - Sync 1 DAGs
[2025-01-20T19:20:02.942+0000] {logging_mixin.py:190} INFO - [2025-01-20T19:20:02.942+0000] {dag.py:4180} INFO - Setting next_dagrun for example_xcom to 2021-01-01 00:00:00+00:00, run_after=2021-01-01 00:00:00+00:00
[2025-01-20T19:20:02.955+0000] {processor.py:208} INFO - Processing /home/airflow/.local/lib/python3.12/site-packages/airflow/example_dags/example_xcom.py took 0.062 seconds
[2025-01-20T19:20:33.917+0000] {processor.py:186} INFO - Started process (PID=1170) to work on /home/airflow/.local/lib/python3.12/site-packages/airflow/example_dags/example_xcom.py
[2025-01-20T19:20:33.918+0000] {processor.py:914} INFO - Processing file /home/airflow/.local/lib/python3.12/site-packages/airflow/example_dags/example_xcom.py for tasks to queue
[2025-01-20T19:20:33.920+0000] {logging_mixin.py:190} INFO - [2025-01-20T19:20:33.919+0000] {dagbag.py:588} INFO - Filling up the DagBag from /home/airflow/.local/lib/python3.12/site-packages/airflow/example_dags/example_xcom.py
[2025-01-20T19:20:33.928+0000] {processor.py:925} INFO - DAG(s) 'example_xcom' retrieved from /home/airflow/.local/lib/python3.12/site-packages/airflow/example_dags/example_xcom.py
[2025-01-20T19:20:33.944+0000] {logging_mixin.py:190} INFO - [2025-01-20T19:20:33.944+0000] {dag.py:3239} INFO - Sync 1 DAGs
[2025-01-20T19:20:33.962+0000] {logging_mixin.py:190} INFO - [2025-01-20T19:20:33.962+0000] {dag.py:4180} INFO - Setting next_dagrun for example_xcom to 2021-01-01 00:00:00+00:00, run_after=2021-01-01 00:00:00+00:00
[2025-01-20T19:20:33.975+0000] {processor.py:208} INFO - Processing /home/airflow/.local/lib/python3.12/site-packages/airflow/example_dags/example_xcom.py took 0.063 seconds
[2025-01-20T19:21:05.060+0000] {processor.py:186} INFO - Started process (PID=1233) to work on /home/airflow/.local/lib/python3.12/site-packages/airflow/example_dags/example_xcom.py
[2025-01-20T19:21:05.060+0000] {processor.py:914} INFO - Processing file /home/airflow/.local/lib/python3.12/site-packages/airflow/example_dags/example_xcom.py for tasks to queue
[2025-01-20T19:21:05.062+0000] {logging_mixin.py:190} INFO - [2025-01-20T19:21:05.062+0000] {dagbag.py:588} INFO - Filling up the DagBag from /home/airflow/.local/lib/python3.12/site-packages/airflow/example_dags/example_xcom.py
[2025-01-20T19:21:05.069+0000] {processor.py:925} INFO - DAG(s) 'example_xcom' retrieved from /home/airflow/.local/lib/python3.12/site-packages/airflow/example_dags/example_xcom.py
[2025-01-20T19:21:05.088+0000] {logging_mixin.py:190} INFO - [2025-01-20T19:21:05.087+0000] {dag.py:3239} INFO - Sync 1 DAGs
[2025-01-20T19:21:05.108+0000] {logging_mixin.py:190} INFO - [2025-01-20T19:21:05.108+0000] {dag.py:4180} INFO - Setting next_dagrun for example_xcom to 2021-01-01 00:00:00+00:00, run_after=2021-01-01 00:00:00+00:00
[2025-01-20T19:21:05.123+0000] {processor.py:208} INFO - Processing /home/airflow/.local/lib/python3.12/site-packages/airflow/example_dags/example_xcom.py took 0.068 seconds
[2025-01-20T19:21:36.368+0000] {processor.py:186} INFO - Started process (PID=1296) to work on /home/airflow/.local/lib/python3.12/site-packages/airflow/example_dags/example_xcom.py
[2025-01-20T19:21:36.369+0000] {processor.py:914} INFO - Processing file /home/airflow/.local/lib/python3.12/site-packages/airflow/example_dags/example_xcom.py for tasks to queue
[2025-01-20T19:21:36.371+0000] {logging_mixin.py:190} INFO - [2025-01-20T19:21:36.370+0000] {dagbag.py:588} INFO - Filling up the DagBag from /home/airflow/.local/lib/python3.12/site-packages/airflow/example_dags/example_xcom.py
[2025-01-20T19:21:36.378+0000] {processor.py:925} INFO - DAG(s) 'example_xcom' retrieved from /home/airflow/.local/lib/python3.12/site-packages/airflow/example_dags/example_xcom.py
[2025-01-20T19:21:36.398+0000] {logging_mixin.py:190} INFO - [2025-01-20T19:21:36.398+0000] {dag.py:3239} INFO - Sync 1 DAGs
[2025-01-20T19:21:36.422+0000] {logging_mixin.py:190} INFO - [2025-01-20T19:21:36.422+0000] {dag.py:4180} INFO - Setting next_dagrun for example_xcom to 2021-01-01 00:00:00+00:00, run_after=2021-01-01 00:00:00+00:00
[2025-01-20T19:21:36.435+0000] {processor.py:208} INFO - Processing /home/airflow/.local/lib/python3.12/site-packages/airflow/example_dags/example_xcom.py took 0.072 seconds
[2025-01-20T19:22:07.640+0000] {processor.py:186} INFO - Started process (PID=1359) to work on /home/airflow/.local/lib/python3.12/site-packages/airflow/example_dags/example_xcom.py
[2025-01-20T19:22:07.641+0000] {processor.py:914} INFO - Processing file /home/airflow/.local/lib/python3.12/site-packages/airflow/example_dags/example_xcom.py for tasks to queue
[2025-01-20T19:22:07.643+0000] {logging_mixin.py:190} INFO - [2025-01-20T19:22:07.642+0000] {dagbag.py:588} INFO - Filling up the DagBag from /home/airflow/.local/lib/python3.12/site-packages/airflow/example_dags/example_xcom.py
[2025-01-20T19:22:07.650+0000] {processor.py:925} INFO - DAG(s) 'example_xcom' retrieved from /home/airflow/.local/lib/python3.12/site-packages/airflow/example_dags/example_xcom.py
[2025-01-20T19:22:07.669+0000] {logging_mixin.py:190} INFO - [2025-01-20T19:22:07.669+0000] {dag.py:3239} INFO - Sync 1 DAGs
[2025-01-20T19:22:07.690+0000] {logging_mixin.py:190} INFO - [2025-01-20T19:22:07.690+0000] {dag.py:4180} INFO - Setting next_dagrun for example_xcom to 2021-01-01 00:00:00+00:00, run_after=2021-01-01 00:00:00+00:00
[2025-01-20T19:22:07.705+0000] {processor.py:208} INFO - Processing /home/airflow/.local/lib/python3.12/site-packages/airflow/example_dags/example_xcom.py took 0.068 seconds
[2025-01-20T19:22:38.867+0000] {processor.py:186} INFO - Started process (PID=1422) to work on /home/airflow/.local/lib/python3.12/site-packages/airflow/example_dags/example_xcom.py
[2025-01-20T19:22:38.868+0000] {processor.py:914} INFO - Processing file /home/airflow/.local/lib/python3.12/site-packages/airflow/example_dags/example_xcom.py for tasks to queue
[2025-01-20T19:22:38.870+0000] {logging_mixin.py:190} INFO - [2025-01-20T19:22:38.870+0000] {dagbag.py:588} INFO - Filling up the DagBag from /home/airflow/.local/lib/python3.12/site-packages/airflow/example_dags/example_xcom.py
[2025-01-20T19:22:38.880+0000] {processor.py:925} INFO - DAG(s) 'example_xcom' retrieved from /home/airflow/.local/lib/python3.12/site-packages/airflow/example_dags/example_xcom.py
[2025-01-20T19:22:38.903+0000] {logging_mixin.py:190} INFO - [2025-01-20T19:22:38.903+0000] {dag.py:3239} INFO - Sync 1 DAGs
[2025-01-20T19:22:38.928+0000] {logging_mixin.py:190} INFO - [2025-01-20T19:22:38.928+0000] {dag.py:4180} INFO - Setting next_dagrun for example_xcom to 2021-01-01 00:00:00+00:00, run_after=2021-01-01 00:00:00+00:00
[2025-01-20T19:22:38.941+0000] {processor.py:208} INFO - Processing /home/airflow/.local/lib/python3.12/site-packages/airflow/example_dags/example_xcom.py took 0.081 seconds
[2025-01-20T19:23:09.965+0000] {processor.py:186} INFO - Started process (PID=1485) to work on /home/airflow/.local/lib/python3.12/site-packages/airflow/example_dags/example_xcom.py
[2025-01-20T19:23:09.966+0000] {processor.py:914} INFO - Processing file /home/airflow/.local/lib/python3.12/site-packages/airflow/example_dags/example_xcom.py for tasks to queue
[2025-01-20T19:23:09.968+0000] {logging_mixin.py:190} INFO - [2025-01-20T19:23:09.967+0000] {dagbag.py:588} INFO - Filling up the DagBag from /home/airflow/.local/lib/python3.12/site-packages/airflow/example_dags/example_xcom.py
[2025-01-20T19:23:09.975+0000] {processor.py:925} INFO - DAG(s) 'example_xcom' retrieved from /home/airflow/.local/lib/python3.12/site-packages/airflow/example_dags/example_xcom.py
[2025-01-20T19:23:09.994+0000] {logging_mixin.py:190} INFO - [2025-01-20T19:23:09.994+0000] {dag.py:3239} INFO - Sync 1 DAGs
[2025-01-20T19:23:10.016+0000] {logging_mixin.py:190} INFO - [2025-01-20T19:23:10.016+0000] {dag.py:4180} INFO - Setting next_dagrun for example_xcom to 2021-01-01 00:00:00+00:00, run_after=2021-01-01 00:00:00+00:00
[2025-01-20T19:23:10.028+0000] {processor.py:208} INFO - Processing /home/airflow/.local/lib/python3.12/site-packages/airflow/example_dags/example_xcom.py took 0.067 seconds
[2025-01-20T19:23:41.225+0000] {processor.py:186} INFO - Started process (PID=1548) to work on /home/airflow/.local/lib/python3.12/site-packages/airflow/example_dags/example_xcom.py
[2025-01-20T19:23:41.226+0000] {processor.py:914} INFO - Processing file /home/airflow/.local/lib/python3.12/site-packages/airflow/example_dags/example_xcom.py for tasks to queue
[2025-01-20T19:23:41.228+0000] {logging_mixin.py:190} INFO - [2025-01-20T19:23:41.227+0000] {dagbag.py:588} INFO - Filling up the DagBag from /home/airflow/.local/lib/python3.12/site-packages/airflow/example_dags/example_xcom.py
[2025-01-20T19:23:41.235+0000] {processor.py:925} INFO - DAG(s) 'example_xcom' retrieved from /home/airflow/.local/lib/python3.12/site-packages/airflow/example_dags/example_xcom.py
[2025-01-20T19:23:41.251+0000] {logging_mixin.py:190} INFO - [2025-01-20T19:23:41.251+0000] {dag.py:3239} INFO - Sync 1 DAGs
[2025-01-20T19:23:41.268+0000] {logging_mixin.py:190} INFO - [2025-01-20T19:23:41.268+0000] {dag.py:4180} INFO - Setting next_dagrun for example_xcom to 2021-01-01 00:00:00+00:00, run_after=2021-01-01 00:00:00+00:00
[2025-01-20T19:23:41.281+0000] {processor.py:208} INFO - Processing /home/airflow/.local/lib/python3.12/site-packages/airflow/example_dags/example_xcom.py took 0.061 seconds
[2025-01-20T19:24:12.525+0000] {processor.py:186} INFO - Started process (PID=1611) to work on /home/airflow/.local/lib/python3.12/site-packages/airflow/example_dags/example_xcom.py
[2025-01-20T19:24:12.526+0000] {processor.py:914} INFO - Processing file /home/airflow/.local/lib/python3.12/site-packages/airflow/example_dags/example_xcom.py for tasks to queue
[2025-01-20T19:24:12.527+0000] {logging_mixin.py:190} INFO - [2025-01-20T19:24:12.527+0000] {dagbag.py:588} INFO - Filling up the DagBag from /home/airflow/.local/lib/python3.12/site-packages/airflow/example_dags/example_xcom.py
[2025-01-20T19:24:12.536+0000] {processor.py:925} INFO - DAG(s) 'example_xcom' retrieved from /home/airflow/.local/lib/python3.12/site-packages/airflow/example_dags/example_xcom.py
[2025-01-20T19:24:12.551+0000] {logging_mixin.py:190} INFO - [2025-01-20T19:24:12.551+0000] {dag.py:3239} INFO - Sync 1 DAGs
[2025-01-20T19:24:12.567+0000] {logging_mixin.py:190} INFO - [2025-01-20T19:24:12.567+0000] {dag.py:4180} INFO - Setting next_dagrun for example_xcom to 2021-01-01 00:00:00+00:00, run_after=2021-01-01 00:00:00+00:00
[2025-01-20T19:24:12.580+0000] {processor.py:208} INFO - Processing /home/airflow/.local/lib/python3.12/site-packages/airflow/example_dags/example_xcom.py took 0.059 seconds
[2025-01-20T19:24:43.771+0000] {processor.py:186} INFO - Started process (PID=1680) to work on /home/airflow/.local/lib/python3.12/site-packages/airflow/example_dags/example_xcom.py
[2025-01-20T19:24:43.772+0000] {processor.py:914} INFO - Processing file /home/airflow/.local/lib/python3.12/site-packages/airflow/example_dags/example_xcom.py for tasks to queue
[2025-01-20T19:24:43.774+0000] {logging_mixin.py:190} INFO - [2025-01-20T19:24:43.774+0000] {dagbag.py:588} INFO - Filling up the DagBag from /home/airflow/.local/lib/python3.12/site-packages/airflow/example_dags/example_xcom.py
[2025-01-20T19:24:43.782+0000] {processor.py:925} INFO - DAG(s) 'example_xcom' retrieved from /home/airflow/.local/lib/python3.12/site-packages/airflow/example_dags/example_xcom.py
[2025-01-20T19:24:43.806+0000] {logging_mixin.py:190} INFO - [2025-01-20T19:24:43.806+0000] {dag.py:3239} INFO - Sync 1 DAGs
[2025-01-20T19:24:43.828+0000] {logging_mixin.py:190} INFO - [2025-01-20T19:24:43.828+0000] {dag.py:4180} INFO - Setting next_dagrun for example_xcom to 2021-01-01 00:00:00+00:00, run_after=2021-01-01 00:00:00+00:00
[2025-01-20T19:24:43.845+0000] {processor.py:208} INFO - Processing /home/airflow/.local/lib/python3.12/site-packages/airflow/example_dags/example_xcom.py took 0.079 seconds
[2025-01-20T19:25:15.303+0000] {processor.py:186} INFO - Started process (PID=1743) to work on /home/airflow/.local/lib/python3.12/site-packages/airflow/example_dags/example_xcom.py
[2025-01-20T19:25:15.303+0000] {processor.py:914} INFO - Processing file /home/airflow/.local/lib/python3.12/site-packages/airflow/example_dags/example_xcom.py for tasks to queue
[2025-01-20T19:25:15.305+0000] {logging_mixin.py:190} INFO - [2025-01-20T19:25:15.305+0000] {dagbag.py:588} INFO - Filling up the DagBag from /home/airflow/.local/lib/python3.12/site-packages/airflow/example_dags/example_xcom.py
[2025-01-20T19:25:15.315+0000] {processor.py:925} INFO - DAG(s) 'example_xcom' retrieved from /home/airflow/.local/lib/python3.12/site-packages/airflow/example_dags/example_xcom.py
[2025-01-20T19:25:15.337+0000] {logging_mixin.py:190} INFO - [2025-01-20T19:25:15.337+0000] {dag.py:3239} INFO - Sync 1 DAGs
[2025-01-20T19:25:15.362+0000] {logging_mixin.py:190} INFO - [2025-01-20T19:25:15.362+0000] {dag.py:4180} INFO - Setting next_dagrun for example_xcom to 2021-01-01 00:00:00+00:00, run_after=2021-01-01 00:00:00+00:00
[2025-01-20T19:25:15.379+0000] {processor.py:208} INFO - Processing /home/airflow/.local/lib/python3.12/site-packages/airflow/example_dags/example_xcom.py took 0.081 seconds
[2025-01-20T19:25:46.755+0000] {processor.py:186} INFO - Started process (PID=1806) to work on /home/airflow/.local/lib/python3.12/site-packages/airflow/example_dags/example_xcom.py
[2025-01-20T19:25:46.756+0000] {processor.py:914} INFO - Processing file /home/airflow/.local/lib/python3.12/site-packages/airflow/example_dags/example_xcom.py for tasks to queue
[2025-01-20T19:25:46.758+0000] {logging_mixin.py:190} INFO - [2025-01-20T19:25:46.757+0000] {dagbag.py:588} INFO - Filling up the DagBag from /home/airflow/.local/lib/python3.12/site-packages/airflow/example_dags/example_xcom.py
[2025-01-20T19:25:46.768+0000] {processor.py:925} INFO - DAG(s) 'example_xcom' retrieved from /home/airflow/.local/lib/python3.12/site-packages/airflow/example_dags/example_xcom.py
[2025-01-20T19:25:46.789+0000] {logging_mixin.py:190} INFO - [2025-01-20T19:25:46.789+0000] {dag.py:3239} INFO - Sync 1 DAGs
[2025-01-20T19:25:46.813+0000] {logging_mixin.py:190} INFO - [2025-01-20T19:25:46.813+0000] {dag.py:4180} INFO - Setting next_dagrun for example_xcom to 2021-01-01 00:00:00+00:00, run_after=2021-01-01 00:00:00+00:00
[2025-01-20T19:25:46.829+0000] {processor.py:208} INFO - Processing /home/airflow/.local/lib/python3.12/site-packages/airflow/example_dags/example_xcom.py took 0.081 seconds
[2025-01-20T19:26:18.227+0000] {processor.py:186} INFO - Started process (PID=1869) to work on /home/airflow/.local/lib/python3.12/site-packages/airflow/example_dags/example_xcom.py
[2025-01-20T19:26:18.228+0000] {processor.py:914} INFO - Processing file /home/airflow/.local/lib/python3.12/site-packages/airflow/example_dags/example_xcom.py for tasks to queue
[2025-01-20T19:26:18.230+0000] {logging_mixin.py:190} INFO - [2025-01-20T19:26:18.229+0000] {dagbag.py:588} INFO - Filling up the DagBag from /home/airflow/.local/lib/python3.12/site-packages/airflow/example_dags/example_xcom.py
[2025-01-20T19:26:18.239+0000] {processor.py:925} INFO - DAG(s) 'example_xcom' retrieved from /home/airflow/.local/lib/python3.12/site-packages/airflow/example_dags/example_xcom.py
[2025-01-20T19:26:18.260+0000] {logging_mixin.py:190} INFO - [2025-01-20T19:26:18.260+0000] {dag.py:3239} INFO - Sync 1 DAGs
[2025-01-20T19:26:18.284+0000] {logging_mixin.py:190} INFO - [2025-01-20T19:26:18.283+0000] {dag.py:4180} INFO - Setting next_dagrun for example_xcom to 2021-01-01 00:00:00+00:00, run_after=2021-01-01 00:00:00+00:00
[2025-01-20T19:26:18.299+0000] {processor.py:208} INFO - Processing /home/airflow/.local/lib/python3.12/site-packages/airflow/example_dags/example_xcom.py took 0.079 seconds
[2025-01-20T19:26:48.624+0000] {processor.py:186} INFO - Started process (PID=1932) to work on /home/airflow/.local/lib/python3.12/site-packages/airflow/example_dags/example_xcom.py
[2025-01-20T19:26:48.625+0000] {processor.py:914} INFO - Processing file /home/airflow/.local/lib/python3.12/site-packages/airflow/example_dags/example_xcom.py for tasks to queue
[2025-01-20T19:26:48.627+0000] {logging_mixin.py:190} INFO - [2025-01-20T19:26:48.627+0000] {dagbag.py:588} INFO - Filling up the DagBag from /home/airflow/.local/lib/python3.12/site-packages/airflow/example_dags/example_xcom.py
[2025-01-20T19:26:48.637+0000] {processor.py:925} INFO - DAG(s) 'example_xcom' retrieved from /home/airflow/.local/lib/python3.12/site-packages/airflow/example_dags/example_xcom.py
[2025-01-20T19:26:48.653+0000] {logging_mixin.py:190} INFO - [2025-01-20T19:26:48.653+0000] {dag.py:3239} INFO - Sync 1 DAGs
[2025-01-20T19:26:48.675+0000] {logging_mixin.py:190} INFO - [2025-01-20T19:26:48.675+0000] {dag.py:4180} INFO - Setting next_dagrun for example_xcom to 2021-01-01 00:00:00+00:00, run_after=2021-01-01 00:00:00+00:00
[2025-01-20T19:26:48.687+0000] {processor.py:208} INFO - Processing /home/airflow/.local/lib/python3.12/site-packages/airflow/example_dags/example_xcom.py took 0.068 seconds
[2025-01-20T19:27:20.081+0000] {processor.py:186} INFO - Started process (PID=1997) to work on /home/airflow/.local/lib/python3.12/site-packages/airflow/example_dags/example_xcom.py
[2025-01-20T19:27:20.082+0000] {processor.py:914} INFO - Processing file /home/airflow/.local/lib/python3.12/site-packages/airflow/example_dags/example_xcom.py for tasks to queue
[2025-01-20T19:27:20.084+0000] {logging_mixin.py:190} INFO - [2025-01-20T19:27:20.083+0000] {dagbag.py:588} INFO - Filling up the DagBag from /home/airflow/.local/lib/python3.12/site-packages/airflow/example_dags/example_xcom.py
[2025-01-20T19:27:20.093+0000] {processor.py:925} INFO - DAG(s) 'example_xcom' retrieved from /home/airflow/.local/lib/python3.12/site-packages/airflow/example_dags/example_xcom.py
[2025-01-20T19:27:20.112+0000] {logging_mixin.py:190} INFO - [2025-01-20T19:27:20.111+0000] {dag.py:3239} INFO - Sync 1 DAGs
[2025-01-20T19:27:20.133+0000] {logging_mixin.py:190} INFO - [2025-01-20T19:27:20.133+0000] {dag.py:4180} INFO - Setting next_dagrun for example_xcom to 2021-01-01 00:00:00+00:00, run_after=2021-01-01 00:00:00+00:00
[2025-01-20T19:27:20.147+0000] {processor.py:208} INFO - Processing /home/airflow/.local/lib/python3.12/site-packages/airflow/example_dags/example_xcom.py took 0.071 seconds
[2025-01-20T19:27:50.721+0000] {processor.py:186} INFO - Started process (PID=2062) to work on /home/airflow/.local/lib/python3.12/site-packages/airflow/example_dags/example_xcom.py
[2025-01-20T19:27:50.721+0000] {processor.py:914} INFO - Processing file /home/airflow/.local/lib/python3.12/site-packages/airflow/example_dags/example_xcom.py for tasks to queue
[2025-01-20T19:27:50.723+0000] {logging_mixin.py:190} INFO - [2025-01-20T19:27:50.723+0000] {dagbag.py:588} INFO - Filling up the DagBag from /home/airflow/.local/lib/python3.12/site-packages/airflow/example_dags/example_xcom.py
[2025-01-20T19:27:50.730+0000] {processor.py:925} INFO - DAG(s) 'example_xcom' retrieved from /home/airflow/.local/lib/python3.12/site-packages/airflow/example_dags/example_xcom.py
[2025-01-20T19:27:50.748+0000] {logging_mixin.py:190} INFO - [2025-01-20T19:27:50.748+0000] {dag.py:3239} INFO - Sync 1 DAGs
[2025-01-20T19:27:50.769+0000] {logging_mixin.py:190} INFO - [2025-01-20T19:27:50.769+0000] {dag.py:4180} INFO - Setting next_dagrun for example_xcom to 2021-01-01 00:00:00+00:00, run_after=2021-01-01 00:00:00+00:00
[2025-01-20T19:27:50.784+0000] {processor.py:208} INFO - Processing /home/airflow/.local/lib/python3.12/site-packages/airflow/example_dags/example_xcom.py took 0.067 seconds
[2025-01-20T19:28:22.244+0000] {processor.py:186} INFO - Started process (PID=2126) to work on /home/airflow/.local/lib/python3.12/site-packages/airflow/example_dags/example_xcom.py
[2025-01-20T19:28:22.244+0000] {processor.py:914} INFO - Processing file /home/airflow/.local/lib/python3.12/site-packages/airflow/example_dags/example_xcom.py for tasks to queue
[2025-01-20T19:28:22.246+0000] {logging_mixin.py:190} INFO - [2025-01-20T19:28:22.246+0000] {dagbag.py:588} INFO - Filling up the DagBag from /home/airflow/.local/lib/python3.12/site-packages/airflow/example_dags/example_xcom.py
[2025-01-20T19:28:22.253+0000] {processor.py:925} INFO - DAG(s) 'example_xcom' retrieved from /home/airflow/.local/lib/python3.12/site-packages/airflow/example_dags/example_xcom.py
[2025-01-20T19:28:22.269+0000] {logging_mixin.py:190} INFO - [2025-01-20T19:28:22.268+0000] {dag.py:3239} INFO - Sync 1 DAGs
[2025-01-20T19:28:22.286+0000] {logging_mixin.py:190} INFO - [2025-01-20T19:28:22.286+0000] {dag.py:4180} INFO - Setting next_dagrun for example_xcom to 2021-01-01 00:00:00+00:00, run_after=2021-01-01 00:00:00+00:00
[2025-01-20T19:28:22.300+0000] {processor.py:208} INFO - Processing /home/airflow/.local/lib/python3.12/site-packages/airflow/example_dags/example_xcom.py took 0.061 seconds
[2025-01-20T19:28:53.342+0000] {processor.py:186} INFO - Started process (PID=2190) to work on /home/airflow/.local/lib/python3.12/site-packages/airflow/example_dags/example_xcom.py
[2025-01-20T19:28:53.343+0000] {processor.py:914} INFO - Processing file /home/airflow/.local/lib/python3.12/site-packages/airflow/example_dags/example_xcom.py for tasks to queue
[2025-01-20T19:28:53.345+0000] {logging_mixin.py:190} INFO - [2025-01-20T19:28:53.344+0000] {dagbag.py:588} INFO - Filling up the DagBag from /home/airflow/.local/lib/python3.12/site-packages/airflow/example_dags/example_xcom.py
[2025-01-20T19:28:53.352+0000] {processor.py:925} INFO - DAG(s) 'example_xcom' retrieved from /home/airflow/.local/lib/python3.12/site-packages/airflow/example_dags/example_xcom.py
[2025-01-20T19:28:53.369+0000] {logging_mixin.py:190} INFO - [2025-01-20T19:28:53.369+0000] {dag.py:3239} INFO - Sync 1 DAGs
[2025-01-20T19:28:53.387+0000] {logging_mixin.py:190} INFO - [2025-01-20T19:28:53.387+0000] {dag.py:4180} INFO - Setting next_dagrun for example_xcom to 2021-01-01 00:00:00+00:00, run_after=2021-01-01 00:00:00+00:00
[2025-01-20T19:28:53.400+0000] {processor.py:208} INFO - Processing /home/airflow/.local/lib/python3.12/site-packages/airflow/example_dags/example_xcom.py took 0.062 seconds
[2025-01-20T19:29:24.487+0000] {processor.py:186} INFO - Started process (PID=2254) to work on /home/airflow/.local/lib/python3.12/site-packages/airflow/example_dags/example_xcom.py
[2025-01-20T19:29:24.487+0000] {processor.py:914} INFO - Processing file /home/airflow/.local/lib/python3.12/site-packages/airflow/example_dags/example_xcom.py for tasks to queue
[2025-01-20T19:29:24.489+0000] {logging_mixin.py:190} INFO - [2025-01-20T19:29:24.489+0000] {dagbag.py:588} INFO - Filling up the DagBag from /home/airflow/.local/lib/python3.12/site-packages/airflow/example_dags/example_xcom.py
[2025-01-20T19:29:24.498+0000] {processor.py:925} INFO - DAG(s) 'example_xcom' retrieved from /home/airflow/.local/lib/python3.12/site-packages/airflow/example_dags/example_xcom.py
[2025-01-20T19:29:24.522+0000] {logging_mixin.py:190} INFO - [2025-01-20T19:29:24.522+0000] {dag.py:3239} INFO - Sync 1 DAGs
[2025-01-20T19:29:24.547+0000] {logging_mixin.py:190} INFO - [2025-01-20T19:29:24.547+0000] {dag.py:4180} INFO - Setting next_dagrun for example_xcom to 2021-01-01 00:00:00+00:00, run_after=2021-01-01 00:00:00+00:00
[2025-01-20T19:29:24.564+0000] {processor.py:208} INFO - Processing /home/airflow/.local/lib/python3.12/site-packages/airflow/example_dags/example_xcom.py took 0.083 seconds
[2025-01-20T19:29:55.950+0000] {processor.py:186} INFO - Started process (PID=2318) to work on /home/airflow/.local/lib/python3.12/site-packages/airflow/example_dags/example_xcom.py
[2025-01-20T19:29:55.950+0000] {processor.py:914} INFO - Processing file /home/airflow/.local/lib/python3.12/site-packages/airflow/example_dags/example_xcom.py for tasks to queue
[2025-01-20T19:29:55.952+0000] {logging_mixin.py:190} INFO - [2025-01-20T19:29:55.952+0000] {dagbag.py:588} INFO - Filling up the DagBag from /home/airflow/.local/lib/python3.12/site-packages/airflow/example_dags/example_xcom.py
[2025-01-20T19:29:55.959+0000] {processor.py:925} INFO - DAG(s) 'example_xcom' retrieved from /home/airflow/.local/lib/python3.12/site-packages/airflow/example_dags/example_xcom.py
[2025-01-20T19:29:55.974+0000] {logging_mixin.py:190} INFO - [2025-01-20T19:29:55.974+0000] {dag.py:3239} INFO - Sync 1 DAGs
[2025-01-20T19:29:55.991+0000] {logging_mixin.py:190} INFO - [2025-01-20T19:29:55.991+0000] {dag.py:4180} INFO - Setting next_dagrun for example_xcom to 2021-01-01 00:00:00+00:00, run_after=2021-01-01 00:00:00+00:00
[2025-01-20T19:29:56.006+0000] {processor.py:208} INFO - Processing /home/airflow/.local/lib/python3.12/site-packages/airflow/example_dags/example_xcom.py took 0.060 seconds
[2025-01-20T19:30:27.335+0000] {processor.py:186} INFO - Started process (PID=2383) to work on /home/airflow/.local/lib/python3.12/site-packages/airflow/example_dags/example_xcom.py
[2025-01-20T19:30:27.335+0000] {processor.py:914} INFO - Processing file /home/airflow/.local/lib/python3.12/site-packages/airflow/example_dags/example_xcom.py for tasks to queue
[2025-01-20T19:30:27.337+0000] {logging_mixin.py:190} INFO - [2025-01-20T19:30:27.337+0000] {dagbag.py:588} INFO - Filling up the DagBag from /home/airflow/.local/lib/python3.12/site-packages/airflow/example_dags/example_xcom.py
[2025-01-20T19:30:27.344+0000] {processor.py:925} INFO - DAG(s) 'example_xcom' retrieved from /home/airflow/.local/lib/python3.12/site-packages/airflow/example_dags/example_xcom.py
[2025-01-20T19:30:27.359+0000] {logging_mixin.py:190} INFO - [2025-01-20T19:30:27.359+0000] {dag.py:3239} INFO - Sync 1 DAGs
[2025-01-20T19:30:27.376+0000] {logging_mixin.py:190} INFO - [2025-01-20T19:30:27.376+0000] {dag.py:4180} INFO - Setting next_dagrun for example_xcom to 2021-01-01 00:00:00+00:00, run_after=2021-01-01 00:00:00+00:00
[2025-01-20T19:30:27.388+0000] {processor.py:208} INFO - Processing /home/airflow/.local/lib/python3.12/site-packages/airflow/example_dags/example_xcom.py took 0.057 seconds
