[2025-01-20T19:11:40.062+0000] {processor.py:186} INFO - Started process (PID=65) to work on /home/airflow/.local/lib/python3.12/site-packages/airflow/example_dags/example_dataset_alias.py
[2025-01-20T19:11:40.063+0000] {processor.py:914} INFO - Processing file /home/airflow/.local/lib/python3.12/site-packages/airflow/example_dags/example_dataset_alias.py for tasks to queue
[2025-01-20T19:11:40.081+0000] {logging_mixin.py:190} INFO - [2025-01-20T19:11:40.081+0000] {dagbag.py:588} INFO - Filling up the DagBag from /home/airflow/.local/lib/python3.12/site-packages/airflow/example_dags/example_dataset_alias.py
[2025-01-20T19:11:42.722+0000] {processor.py:925} INFO - DAG(s) 'dataset_s3_bucket_producer', 'dataset_alias_example_alias_consumer', 'dataset_s3_bucket_consumer', 'dataset_alias_example_alias_producer' retrieved from /home/airflow/.local/lib/python3.12/site-packages/airflow/example_dags/example_dataset_alias.py
[2025-01-20T19:11:42.921+0000] {logging_mixin.py:190} INFO - [2025-01-20T19:11:42.920+0000] {override.py:1911} INFO - Created Permission View: can edit on DAG:dataset_s3_bucket_producer
[2025-01-20T19:11:42.957+0000] {logging_mixin.py:190} INFO - [2025-01-20T19:11:42.957+0000] {override.py:1911} INFO - Created Permission View: can delete on DAG:dataset_s3_bucket_producer
[2025-01-20T19:11:42.964+0000] {logging_mixin.py:190} INFO - [2025-01-20T19:11:42.964+0000] {override.py:1911} INFO - Created Permission View: can read on DAG:dataset_s3_bucket_producer
[2025-01-20T19:11:42.970+0000] {logging_mixin.py:190} INFO - [2025-01-20T19:11:42.970+0000] {override.py:1911} INFO - Created Permission View: can create on DAG Run:dataset_s3_bucket_producer
[2025-01-20T19:11:42.976+0000] {logging_mixin.py:190} INFO - [2025-01-20T19:11:42.975+0000] {override.py:1911} INFO - Created Permission View: can delete on DAG Run:dataset_s3_bucket_producer
[2025-01-20T19:11:42.984+0000] {logging_mixin.py:190} INFO - [2025-01-20T19:11:42.983+0000] {override.py:1911} INFO - Created Permission View: menu access on DAG Run:dataset_s3_bucket_producer
[2025-01-20T19:11:42.992+0000] {logging_mixin.py:190} INFO - [2025-01-20T19:11:42.991+0000] {override.py:1911} INFO - Created Permission View: can read on DAG Run:dataset_s3_bucket_producer
[2025-01-20T19:11:43.029+0000] {logging_mixin.py:190} INFO - [2025-01-20T19:11:43.029+0000] {override.py:1911} INFO - Created Permission View: can edit on DAG:dataset_alias_example_alias_consumer
[2025-01-20T19:11:43.038+0000] {logging_mixin.py:190} INFO - [2025-01-20T19:11:43.037+0000] {override.py:1911} INFO - Created Permission View: can delete on DAG:dataset_alias_example_alias_consumer
[2025-01-20T19:11:43.047+0000] {logging_mixin.py:190} INFO - [2025-01-20T19:11:43.047+0000] {override.py:1911} INFO - Created Permission View: can read on DAG:dataset_alias_example_alias_consumer
[2025-01-20T19:11:43.065+0000] {logging_mixin.py:190} INFO - [2025-01-20T19:11:43.065+0000] {override.py:1911} INFO - Created Permission View: can create on DAG Run:dataset_alias_example_alias_consumer
[2025-01-20T19:11:43.075+0000] {logging_mixin.py:190} INFO - [2025-01-20T19:11:43.075+0000] {override.py:1911} INFO - Created Permission View: can delete on DAG Run:dataset_alias_example_alias_consumer
[2025-01-20T19:11:43.084+0000] {logging_mixin.py:190} INFO - [2025-01-20T19:11:43.084+0000] {override.py:1911} INFO - Created Permission View: menu access on DAG Run:dataset_alias_example_alias_consumer
[2025-01-20T19:11:43.090+0000] {logging_mixin.py:190} INFO - [2025-01-20T19:11:43.090+0000] {override.py:1911} INFO - Created Permission View: can read on DAG Run:dataset_alias_example_alias_consumer
[2025-01-20T19:11:43.161+0000] {logging_mixin.py:190} INFO - [2025-01-20T19:11:43.161+0000] {override.py:1911} INFO - Created Permission View: can edit on DAG:dataset_s3_bucket_consumer
[2025-01-20T19:11:43.530+0000] {logging_mixin.py:190} INFO - [2025-01-20T19:11:43.530+0000] {override.py:1911} INFO - Created Permission View: can delete on DAG:dataset_s3_bucket_consumer
[2025-01-20T19:11:43.610+0000] {logging_mixin.py:190} INFO - [2025-01-20T19:11:43.610+0000] {override.py:1911} INFO - Created Permission View: can read on DAG:dataset_s3_bucket_consumer
[2025-01-20T19:11:43.623+0000] {logging_mixin.py:190} INFO - [2025-01-20T19:11:43.623+0000] {override.py:1911} INFO - Created Permission View: can create on DAG Run:dataset_s3_bucket_consumer
[2025-01-20T19:11:43.630+0000] {logging_mixin.py:190} INFO - [2025-01-20T19:11:43.630+0000] {override.py:1911} INFO - Created Permission View: can delete on DAG Run:dataset_s3_bucket_consumer
[2025-01-20T19:11:43.643+0000] {logging_mixin.py:190} INFO - [2025-01-20T19:11:43.642+0000] {override.py:1911} INFO - Created Permission View: menu access on DAG Run:dataset_s3_bucket_consumer
[2025-01-20T19:11:43.648+0000] {logging_mixin.py:190} INFO - [2025-01-20T19:11:43.648+0000] {override.py:1911} INFO - Created Permission View: can read on DAG Run:dataset_s3_bucket_consumer
[2025-01-20T19:11:43.671+0000] {logging_mixin.py:190} INFO - [2025-01-20T19:11:43.671+0000] {override.py:1911} INFO - Created Permission View: can edit on DAG:dataset_alias_example_alias_producer
[2025-01-20T19:11:43.678+0000] {logging_mixin.py:190} INFO - [2025-01-20T19:11:43.678+0000] {override.py:1911} INFO - Created Permission View: can delete on DAG:dataset_alias_example_alias_producer
[2025-01-20T19:11:43.688+0000] {logging_mixin.py:190} INFO - [2025-01-20T19:11:43.688+0000] {override.py:1911} INFO - Created Permission View: can read on DAG:dataset_alias_example_alias_producer
[2025-01-20T19:11:43.703+0000] {logging_mixin.py:190} INFO - [2025-01-20T19:11:43.703+0000] {override.py:1911} INFO - Created Permission View: can create on DAG Run:dataset_alias_example_alias_producer
[2025-01-20T19:11:43.720+0000] {logging_mixin.py:190} INFO - [2025-01-20T19:11:43.720+0000] {override.py:1911} INFO - Created Permission View: can delete on DAG Run:dataset_alias_example_alias_producer
[2025-01-20T19:11:43.736+0000] {logging_mixin.py:190} INFO - [2025-01-20T19:11:43.735+0000] {override.py:1911} INFO - Created Permission View: menu access on DAG Run:dataset_alias_example_alias_producer
[2025-01-20T19:11:43.741+0000] {logging_mixin.py:190} INFO - [2025-01-20T19:11:43.741+0000] {override.py:1911} INFO - Created Permission View: can read on DAG Run:dataset_alias_example_alias_producer
[2025-01-20T19:11:43.747+0000] {logging_mixin.py:190} INFO - [2025-01-20T19:11:43.746+0000] {dag.py:3239} INFO - Sync 4 DAGs
[2025-01-20T19:11:43.762+0000] {logging_mixin.py:190} INFO - [2025-01-20T19:11:43.761+0000] {dag.py:3262} INFO - Creating ORM DAG for dataset_s3_bucket_producer
[2025-01-20T19:11:43.762+0000] {logging_mixin.py:190} INFO - [2025-01-20T19:11:43.762+0000] {dag.py:3262} INFO - Creating ORM DAG for dataset_s3_bucket_consumer
[2025-01-20T19:11:43.763+0000] {logging_mixin.py:190} INFO - [2025-01-20T19:11:43.763+0000] {dag.py:3262} INFO - Creating ORM DAG for dataset_alias_example_alias_consumer
[2025-01-20T19:11:43.764+0000] {logging_mixin.py:190} INFO - [2025-01-20T19:11:43.764+0000] {dag.py:3262} INFO - Creating ORM DAG for dataset_alias_example_alias_producer
[2025-01-20T19:11:43.774+0000] {logging_mixin.py:190} INFO - [2025-01-20T19:11:43.774+0000] {dag.py:4180} INFO - Setting next_dagrun for dataset_alias_example_alias_consumer to None, run_after=None
[2025-01-20T19:11:43.775+0000] {logging_mixin.py:190} INFO - [2025-01-20T19:11:43.775+0000] {dag.py:4180} INFO - Setting next_dagrun for dataset_alias_example_alias_producer to None, run_after=None
[2025-01-20T19:11:43.776+0000] {logging_mixin.py:190} INFO - [2025-01-20T19:11:43.776+0000] {dag.py:4180} INFO - Setting next_dagrun for dataset_s3_bucket_consumer to None, run_after=None
[2025-01-20T19:11:43.777+0000] {logging_mixin.py:190} INFO - [2025-01-20T19:11:43.777+0000] {dag.py:4180} INFO - Setting next_dagrun for dataset_s3_bucket_producer to None, run_after=None
[2025-01-20T19:11:43.825+0000] {processor.py:208} INFO - Processing /home/airflow/.local/lib/python3.12/site-packages/airflow/example_dags/example_dataset_alias.py took 3.785 seconds
[2025-01-20T19:12:14.392+0000] {processor.py:186} INFO - Started process (PID=141) to work on /home/airflow/.local/lib/python3.12/site-packages/airflow/example_dags/example_dataset_alias.py
[2025-01-20T19:12:14.392+0000] {processor.py:914} INFO - Processing file /home/airflow/.local/lib/python3.12/site-packages/airflow/example_dags/example_dataset_alias.py for tasks to queue
[2025-01-20T19:12:14.394+0000] {logging_mixin.py:190} INFO - [2025-01-20T19:12:14.394+0000] {dagbag.py:588} INFO - Filling up the DagBag from /home/airflow/.local/lib/python3.12/site-packages/airflow/example_dags/example_dataset_alias.py
[2025-01-20T19:12:14.978+0000] {processor.py:925} INFO - DAG(s) 'dataset_s3_bucket_consumer', 'dataset_s3_bucket_producer', 'dataset_alias_example_alias_producer', 'dataset_alias_example_alias_consumer' retrieved from /home/airflow/.local/lib/python3.12/site-packages/airflow/example_dags/example_dataset_alias.py
[2025-01-20T19:12:14.995+0000] {logging_mixin.py:190} INFO - [2025-01-20T19:12:14.994+0000] {dag.py:3239} INFO - Sync 4 DAGs
[2025-01-20T19:12:15.015+0000] {logging_mixin.py:190} INFO - [2025-01-20T19:12:15.015+0000] {dag.py:4180} INFO - Setting next_dagrun for dataset_alias_example_alias_consumer to None, run_after=None
[2025-01-20T19:12:15.018+0000] {logging_mixin.py:190} INFO - [2025-01-20T19:12:15.018+0000] {dag.py:4180} INFO - Setting next_dagrun for dataset_alias_example_alias_producer to None, run_after=None
[2025-01-20T19:12:15.019+0000] {logging_mixin.py:190} INFO - [2025-01-20T19:12:15.019+0000] {dag.py:4180} INFO - Setting next_dagrun for dataset_s3_bucket_consumer to None, run_after=None
[2025-01-20T19:12:15.021+0000] {logging_mixin.py:190} INFO - [2025-01-20T19:12:15.020+0000] {dag.py:4180} INFO - Setting next_dagrun for dataset_s3_bucket_producer to None, run_after=None
[2025-01-20T19:12:15.040+0000] {processor.py:208} INFO - Processing /home/airflow/.local/lib/python3.12/site-packages/airflow/example_dags/example_dataset_alias.py took 0.653 seconds
[2025-01-20T19:12:45.801+0000] {processor.py:186} INFO - Started process (PID=204) to work on /home/airflow/.local/lib/python3.12/site-packages/airflow/example_dags/example_dataset_alias.py
[2025-01-20T19:12:45.802+0000] {processor.py:914} INFO - Processing file /home/airflow/.local/lib/python3.12/site-packages/airflow/example_dags/example_dataset_alias.py for tasks to queue
[2025-01-20T19:12:45.804+0000] {logging_mixin.py:190} INFO - [2025-01-20T19:12:45.804+0000] {dagbag.py:588} INFO - Filling up the DagBag from /home/airflow/.local/lib/python3.12/site-packages/airflow/example_dags/example_dataset_alias.py
[2025-01-20T19:12:46.514+0000] {processor.py:925} INFO - DAG(s) 'dataset_s3_bucket_producer', 'dataset_alias_example_alias_consumer', 'dataset_s3_bucket_consumer', 'dataset_alias_example_alias_producer' retrieved from /home/airflow/.local/lib/python3.12/site-packages/airflow/example_dags/example_dataset_alias.py
[2025-01-20T19:12:46.536+0000] {logging_mixin.py:190} INFO - [2025-01-20T19:12:46.536+0000] {dag.py:3239} INFO - Sync 4 DAGs
[2025-01-20T19:12:46.566+0000] {logging_mixin.py:190} INFO - [2025-01-20T19:12:46.566+0000] {dag.py:4180} INFO - Setting next_dagrun for dataset_alias_example_alias_consumer to None, run_after=None
[2025-01-20T19:12:46.569+0000] {logging_mixin.py:190} INFO - [2025-01-20T19:12:46.569+0000] {dag.py:4180} INFO - Setting next_dagrun for dataset_alias_example_alias_producer to None, run_after=None
[2025-01-20T19:12:46.571+0000] {logging_mixin.py:190} INFO - [2025-01-20T19:12:46.570+0000] {dag.py:4180} INFO - Setting next_dagrun for dataset_s3_bucket_consumer to None, run_after=None
[2025-01-20T19:12:46.572+0000] {logging_mixin.py:190} INFO - [2025-01-20T19:12:46.572+0000] {dag.py:4180} INFO - Setting next_dagrun for dataset_s3_bucket_producer to None, run_after=None
[2025-01-20T19:12:46.591+0000] {processor.py:208} INFO - Processing /home/airflow/.local/lib/python3.12/site-packages/airflow/example_dags/example_dataset_alias.py took 0.795 seconds
[2025-01-20T19:13:16.637+0000] {processor.py:186} INFO - Started process (PID=267) to work on /home/airflow/.local/lib/python3.12/site-packages/airflow/example_dags/example_dataset_alias.py
[2025-01-20T19:13:16.638+0000] {processor.py:914} INFO - Processing file /home/airflow/.local/lib/python3.12/site-packages/airflow/example_dags/example_dataset_alias.py for tasks to queue
[2025-01-20T19:13:16.639+0000] {logging_mixin.py:190} INFO - [2025-01-20T19:13:16.639+0000] {dagbag.py:588} INFO - Filling up the DagBag from /home/airflow/.local/lib/python3.12/site-packages/airflow/example_dags/example_dataset_alias.py
[2025-01-20T19:13:17.204+0000] {processor.py:925} INFO - DAG(s) 'dataset_s3_bucket_consumer', 'dataset_alias_example_alias_producer', 'dataset_s3_bucket_producer', 'dataset_alias_example_alias_consumer' retrieved from /home/airflow/.local/lib/python3.12/site-packages/airflow/example_dags/example_dataset_alias.py
[2025-01-20T19:13:17.224+0000] {logging_mixin.py:190} INFO - [2025-01-20T19:13:17.224+0000] {dag.py:3239} INFO - Sync 4 DAGs
[2025-01-20T19:13:17.249+0000] {logging_mixin.py:190} INFO - [2025-01-20T19:13:17.249+0000] {dag.py:4180} INFO - Setting next_dagrun for dataset_alias_example_alias_consumer to None, run_after=None
[2025-01-20T19:13:17.252+0000] {logging_mixin.py:190} INFO - [2025-01-20T19:13:17.251+0000] {dag.py:4180} INFO - Setting next_dagrun for dataset_alias_example_alias_producer to None, run_after=None
[2025-01-20T19:13:17.253+0000] {logging_mixin.py:190} INFO - [2025-01-20T19:13:17.253+0000] {dag.py:4180} INFO - Setting next_dagrun for dataset_s3_bucket_consumer to None, run_after=None
[2025-01-20T19:13:17.254+0000] {logging_mixin.py:190} INFO - [2025-01-20T19:13:17.254+0000] {dag.py:4180} INFO - Setting next_dagrun for dataset_s3_bucket_producer to None, run_after=None
[2025-01-20T19:13:17.274+0000] {processor.py:208} INFO - Processing /home/airflow/.local/lib/python3.12/site-packages/airflow/example_dags/example_dataset_alias.py took 0.641 seconds
[2025-01-20T19:13:48.024+0000] {processor.py:186} INFO - Started process (PID=330) to work on /home/airflow/.local/lib/python3.12/site-packages/airflow/example_dags/example_dataset_alias.py
[2025-01-20T19:13:48.024+0000] {processor.py:914} INFO - Processing file /home/airflow/.local/lib/python3.12/site-packages/airflow/example_dags/example_dataset_alias.py for tasks to queue
[2025-01-20T19:13:48.026+0000] {logging_mixin.py:190} INFO - [2025-01-20T19:13:48.026+0000] {dagbag.py:588} INFO - Filling up the DagBag from /home/airflow/.local/lib/python3.12/site-packages/airflow/example_dags/example_dataset_alias.py
[2025-01-20T19:13:48.569+0000] {processor.py:925} INFO - DAG(s) 'dataset_alias_example_alias_producer', 'dataset_s3_bucket_producer', 'dataset_alias_example_alias_consumer', 'dataset_s3_bucket_consumer' retrieved from /home/airflow/.local/lib/python3.12/site-packages/airflow/example_dags/example_dataset_alias.py
[2025-01-20T19:13:48.591+0000] {logging_mixin.py:190} INFO - [2025-01-20T19:13:48.591+0000] {dag.py:3239} INFO - Sync 4 DAGs
[2025-01-20T19:13:48.616+0000] {logging_mixin.py:190} INFO - [2025-01-20T19:13:48.616+0000] {dag.py:4180} INFO - Setting next_dagrun for dataset_alias_example_alias_consumer to None, run_after=None
[2025-01-20T19:13:48.619+0000] {logging_mixin.py:190} INFO - [2025-01-20T19:13:48.619+0000] {dag.py:4180} INFO - Setting next_dagrun for dataset_alias_example_alias_producer to None, run_after=None
[2025-01-20T19:13:48.621+0000] {logging_mixin.py:190} INFO - [2025-01-20T19:13:48.621+0000] {dag.py:4180} INFO - Setting next_dagrun for dataset_s3_bucket_consumer to None, run_after=None
[2025-01-20T19:13:48.623+0000] {logging_mixin.py:190} INFO - [2025-01-20T19:13:48.622+0000] {dag.py:4180} INFO - Setting next_dagrun for dataset_s3_bucket_producer to None, run_after=None
[2025-01-20T19:13:48.643+0000] {processor.py:208} INFO - Processing /home/airflow/.local/lib/python3.12/site-packages/airflow/example_dags/example_dataset_alias.py took 0.623 seconds
[2025-01-20T19:14:18.823+0000] {processor.py:186} INFO - Started process (PID=393) to work on /home/airflow/.local/lib/python3.12/site-packages/airflow/example_dags/example_dataset_alias.py
[2025-01-20T19:14:18.824+0000] {processor.py:914} INFO - Processing file /home/airflow/.local/lib/python3.12/site-packages/airflow/example_dags/example_dataset_alias.py for tasks to queue
[2025-01-20T19:14:18.826+0000] {logging_mixin.py:190} INFO - [2025-01-20T19:14:18.826+0000] {dagbag.py:588} INFO - Filling up the DagBag from /home/airflow/.local/lib/python3.12/site-packages/airflow/example_dags/example_dataset_alias.py
[2025-01-20T19:14:19.446+0000] {processor.py:925} INFO - DAG(s) 'dataset_s3_bucket_consumer', 'dataset_s3_bucket_producer', 'dataset_alias_example_alias_consumer', 'dataset_alias_example_alias_producer' retrieved from /home/airflow/.local/lib/python3.12/site-packages/airflow/example_dags/example_dataset_alias.py
[2025-01-20T19:14:19.462+0000] {logging_mixin.py:190} INFO - [2025-01-20T19:14:19.461+0000] {dag.py:3239} INFO - Sync 4 DAGs
[2025-01-20T19:14:19.480+0000] {logging_mixin.py:190} INFO - [2025-01-20T19:14:19.480+0000] {dag.py:4180} INFO - Setting next_dagrun for dataset_alias_example_alias_consumer to None, run_after=None
[2025-01-20T19:14:19.482+0000] {logging_mixin.py:190} INFO - [2025-01-20T19:14:19.482+0000] {dag.py:4180} INFO - Setting next_dagrun for dataset_alias_example_alias_producer to None, run_after=None
[2025-01-20T19:14:19.483+0000] {logging_mixin.py:190} INFO - [2025-01-20T19:14:19.483+0000] {dag.py:4180} INFO - Setting next_dagrun for dataset_s3_bucket_consumer to None, run_after=None
[2025-01-20T19:14:19.484+0000] {logging_mixin.py:190} INFO - [2025-01-20T19:14:19.484+0000] {dag.py:4180} INFO - Setting next_dagrun for dataset_s3_bucket_producer to None, run_after=None
[2025-01-20T19:14:19.501+0000] {processor.py:208} INFO - Processing /home/airflow/.local/lib/python3.12/site-packages/airflow/example_dags/example_dataset_alias.py took 0.682 seconds
[2025-01-20T19:14:50.187+0000] {processor.py:186} INFO - Started process (PID=459) to work on /home/airflow/.local/lib/python3.12/site-packages/airflow/example_dags/example_dataset_alias.py
[2025-01-20T19:14:50.188+0000] {processor.py:914} INFO - Processing file /home/airflow/.local/lib/python3.12/site-packages/airflow/example_dags/example_dataset_alias.py for tasks to queue
[2025-01-20T19:14:50.189+0000] {logging_mixin.py:190} INFO - [2025-01-20T19:14:50.189+0000] {dagbag.py:588} INFO - Filling up the DagBag from /home/airflow/.local/lib/python3.12/site-packages/airflow/example_dags/example_dataset_alias.py
[2025-01-20T19:14:50.889+0000] {processor.py:925} INFO - DAG(s) 'dataset_s3_bucket_consumer', 'dataset_s3_bucket_producer', 'dataset_alias_example_alias_consumer', 'dataset_alias_example_alias_producer' retrieved from /home/airflow/.local/lib/python3.12/site-packages/airflow/example_dags/example_dataset_alias.py
[2025-01-20T19:14:50.910+0000] {logging_mixin.py:190} INFO - [2025-01-20T19:14:50.910+0000] {dag.py:3239} INFO - Sync 4 DAGs
[2025-01-20T19:14:50.935+0000] {logging_mixin.py:190} INFO - [2025-01-20T19:14:50.935+0000] {dag.py:4180} INFO - Setting next_dagrun for dataset_alias_example_alias_consumer to None, run_after=None
[2025-01-20T19:14:50.938+0000] {logging_mixin.py:190} INFO - [2025-01-20T19:14:50.938+0000] {dag.py:4180} INFO - Setting next_dagrun for dataset_alias_example_alias_producer to None, run_after=None
[2025-01-20T19:14:50.939+0000] {logging_mixin.py:190} INFO - [2025-01-20T19:14:50.939+0000] {dag.py:4180} INFO - Setting next_dagrun for dataset_s3_bucket_consumer to None, run_after=None
[2025-01-20T19:14:50.940+0000] {logging_mixin.py:190} INFO - [2025-01-20T19:14:50.940+0000] {dag.py:4180} INFO - Setting next_dagrun for dataset_s3_bucket_producer to None, run_after=None
[2025-01-20T19:14:50.963+0000] {processor.py:208} INFO - Processing /home/airflow/.local/lib/python3.12/site-packages/airflow/example_dags/example_dataset_alias.py took 0.779 seconds
[2025-01-20T19:15:21.424+0000] {processor.py:186} INFO - Started process (PID=523) to work on /home/airflow/.local/lib/python3.12/site-packages/airflow/example_dags/example_dataset_alias.py
[2025-01-20T19:15:21.424+0000] {processor.py:914} INFO - Processing file /home/airflow/.local/lib/python3.12/site-packages/airflow/example_dags/example_dataset_alias.py for tasks to queue
[2025-01-20T19:15:21.426+0000] {logging_mixin.py:190} INFO - [2025-01-20T19:15:21.426+0000] {dagbag.py:588} INFO - Filling up the DagBag from /home/airflow/.local/lib/python3.12/site-packages/airflow/example_dags/example_dataset_alias.py
[2025-01-20T19:15:22.108+0000] {processor.py:925} INFO - DAG(s) 'dataset_s3_bucket_consumer', 'dataset_alias_example_alias_producer', 'dataset_s3_bucket_producer', 'dataset_alias_example_alias_consumer' retrieved from /home/airflow/.local/lib/python3.12/site-packages/airflow/example_dags/example_dataset_alias.py
[2025-01-20T19:15:22.131+0000] {logging_mixin.py:190} INFO - [2025-01-20T19:15:22.131+0000] {dag.py:3239} INFO - Sync 4 DAGs
[2025-01-20T19:15:22.158+0000] {logging_mixin.py:190} INFO - [2025-01-20T19:15:22.158+0000] {dag.py:4180} INFO - Setting next_dagrun for dataset_alias_example_alias_consumer to None, run_after=None
[2025-01-20T19:15:22.161+0000] {logging_mixin.py:190} INFO - [2025-01-20T19:15:22.160+0000] {dag.py:4180} INFO - Setting next_dagrun for dataset_alias_example_alias_producer to None, run_after=None
[2025-01-20T19:15:22.162+0000] {logging_mixin.py:190} INFO - [2025-01-20T19:15:22.162+0000] {dag.py:4180} INFO - Setting next_dagrun for dataset_s3_bucket_consumer to None, run_after=None
[2025-01-20T19:15:22.163+0000] {logging_mixin.py:190} INFO - [2025-01-20T19:15:22.163+0000] {dag.py:4180} INFO - Setting next_dagrun for dataset_s3_bucket_producer to None, run_after=None
[2025-01-20T19:15:22.182+0000] {processor.py:208} INFO - Processing /home/airflow/.local/lib/python3.12/site-packages/airflow/example_dags/example_dataset_alias.py took 0.762 seconds
[2025-01-20T19:15:52.704+0000] {processor.py:186} INFO - Started process (PID=586) to work on /home/airflow/.local/lib/python3.12/site-packages/airflow/example_dags/example_dataset_alias.py
[2025-01-20T19:15:52.705+0000] {processor.py:914} INFO - Processing file /home/airflow/.local/lib/python3.12/site-packages/airflow/example_dags/example_dataset_alias.py for tasks to queue
[2025-01-20T19:15:52.706+0000] {logging_mixin.py:190} INFO - [2025-01-20T19:15:52.706+0000] {dagbag.py:588} INFO - Filling up the DagBag from /home/airflow/.local/lib/python3.12/site-packages/airflow/example_dags/example_dataset_alias.py
[2025-01-20T19:15:53.213+0000] {processor.py:925} INFO - DAG(s) 'dataset_s3_bucket_producer', 'dataset_s3_bucket_consumer', 'dataset_alias_example_alias_consumer', 'dataset_alias_example_alias_producer' retrieved from /home/airflow/.local/lib/python3.12/site-packages/airflow/example_dags/example_dataset_alias.py
[2025-01-20T19:15:53.233+0000] {logging_mixin.py:190} INFO - [2025-01-20T19:15:53.233+0000] {dag.py:3239} INFO - Sync 4 DAGs
[2025-01-20T19:15:53.256+0000] {logging_mixin.py:190} INFO - [2025-01-20T19:15:53.256+0000] {dag.py:4180} INFO - Setting next_dagrun for dataset_alias_example_alias_consumer to None, run_after=None
[2025-01-20T19:15:53.259+0000] {logging_mixin.py:190} INFO - [2025-01-20T19:15:53.259+0000] {dag.py:4180} INFO - Setting next_dagrun for dataset_alias_example_alias_producer to None, run_after=None
[2025-01-20T19:15:53.260+0000] {logging_mixin.py:190} INFO - [2025-01-20T19:15:53.260+0000] {dag.py:4180} INFO - Setting next_dagrun for dataset_s3_bucket_consumer to None, run_after=None
[2025-01-20T19:15:53.262+0000] {logging_mixin.py:190} INFO - [2025-01-20T19:15:53.261+0000] {dag.py:4180} INFO - Setting next_dagrun for dataset_s3_bucket_producer to None, run_after=None
[2025-01-20T19:15:53.280+0000] {processor.py:208} INFO - Processing /home/airflow/.local/lib/python3.12/site-packages/airflow/example_dags/example_dataset_alias.py took 0.580 seconds
[2025-01-20T19:16:23.493+0000] {processor.py:186} INFO - Started process (PID=650) to work on /home/airflow/.local/lib/python3.12/site-packages/airflow/example_dags/example_dataset_alias.py
[2025-01-20T19:16:23.494+0000] {processor.py:914} INFO - Processing file /home/airflow/.local/lib/python3.12/site-packages/airflow/example_dags/example_dataset_alias.py for tasks to queue
[2025-01-20T19:16:23.495+0000] {logging_mixin.py:190} INFO - [2025-01-20T19:16:23.495+0000] {dagbag.py:588} INFO - Filling up the DagBag from /home/airflow/.local/lib/python3.12/site-packages/airflow/example_dags/example_dataset_alias.py
[2025-01-20T19:16:23.986+0000] {processor.py:925} INFO - DAG(s) 'dataset_s3_bucket_consumer', 'dataset_alias_example_alias_consumer', 'dataset_alias_example_alias_producer', 'dataset_s3_bucket_producer' retrieved from /home/airflow/.local/lib/python3.12/site-packages/airflow/example_dags/example_dataset_alias.py
[2025-01-20T19:16:24.008+0000] {logging_mixin.py:190} INFO - [2025-01-20T19:16:24.007+0000] {dag.py:3239} INFO - Sync 4 DAGs
[2025-01-20T19:16:24.032+0000] {logging_mixin.py:190} INFO - [2025-01-20T19:16:24.031+0000] {dag.py:4180} INFO - Setting next_dagrun for dataset_alias_example_alias_consumer to None, run_after=None
[2025-01-20T19:16:24.034+0000] {logging_mixin.py:190} INFO - [2025-01-20T19:16:24.034+0000] {dag.py:4180} INFO - Setting next_dagrun for dataset_alias_example_alias_producer to None, run_after=None
[2025-01-20T19:16:24.036+0000] {logging_mixin.py:190} INFO - [2025-01-20T19:16:24.036+0000] {dag.py:4180} INFO - Setting next_dagrun for dataset_s3_bucket_consumer to None, run_after=None
[2025-01-20T19:16:24.037+0000] {logging_mixin.py:190} INFO - [2025-01-20T19:16:24.037+0000] {dag.py:4180} INFO - Setting next_dagrun for dataset_s3_bucket_producer to None, run_after=None
[2025-01-20T19:16:24.055+0000] {processor.py:208} INFO - Processing /home/airflow/.local/lib/python3.12/site-packages/airflow/example_dags/example_dataset_alias.py took 0.566 seconds
[2025-01-20T19:16:54.720+0000] {processor.py:186} INFO - Started process (PID=713) to work on /home/airflow/.local/lib/python3.12/site-packages/airflow/example_dags/example_dataset_alias.py
[2025-01-20T19:16:54.721+0000] {processor.py:914} INFO - Processing file /home/airflow/.local/lib/python3.12/site-packages/airflow/example_dags/example_dataset_alias.py for tasks to queue
[2025-01-20T19:16:54.723+0000] {logging_mixin.py:190} INFO - [2025-01-20T19:16:54.722+0000] {dagbag.py:588} INFO - Filling up the DagBag from /home/airflow/.local/lib/python3.12/site-packages/airflow/example_dags/example_dataset_alias.py
[2025-01-20T19:16:55.223+0000] {processor.py:925} INFO - DAG(s) 'dataset_alias_example_alias_producer', 'dataset_alias_example_alias_consumer', 'dataset_s3_bucket_consumer', 'dataset_s3_bucket_producer' retrieved from /home/airflow/.local/lib/python3.12/site-packages/airflow/example_dags/example_dataset_alias.py
[2025-01-20T19:16:55.238+0000] {logging_mixin.py:190} INFO - [2025-01-20T19:16:55.238+0000] {dag.py:3239} INFO - Sync 4 DAGs
[2025-01-20T19:16:55.255+0000] {logging_mixin.py:190} INFO - [2025-01-20T19:16:55.255+0000] {dag.py:4180} INFO - Setting next_dagrun for dataset_alias_example_alias_consumer to None, run_after=None
[2025-01-20T19:16:55.257+0000] {logging_mixin.py:190} INFO - [2025-01-20T19:16:55.257+0000] {dag.py:4180} INFO - Setting next_dagrun for dataset_alias_example_alias_producer to None, run_after=None
[2025-01-20T19:16:55.258+0000] {logging_mixin.py:190} INFO - [2025-01-20T19:16:55.258+0000] {dag.py:4180} INFO - Setting next_dagrun for dataset_s3_bucket_consumer to None, run_after=None
[2025-01-20T19:16:55.259+0000] {logging_mixin.py:190} INFO - [2025-01-20T19:16:55.259+0000] {dag.py:4180} INFO - Setting next_dagrun for dataset_s3_bucket_producer to None, run_after=None
[2025-01-20T19:16:55.274+0000] {processor.py:208} INFO - Processing /home/airflow/.local/lib/python3.12/site-packages/airflow/example_dags/example_dataset_alias.py took 0.559 seconds
[2025-01-20T19:17:25.832+0000] {processor.py:186} INFO - Started process (PID=776) to work on /home/airflow/.local/lib/python3.12/site-packages/airflow/example_dags/example_dataset_alias.py
[2025-01-20T19:17:25.833+0000] {processor.py:914} INFO - Processing file /home/airflow/.local/lib/python3.12/site-packages/airflow/example_dags/example_dataset_alias.py for tasks to queue
[2025-01-20T19:17:25.835+0000] {logging_mixin.py:190} INFO - [2025-01-20T19:17:25.834+0000] {dagbag.py:588} INFO - Filling up the DagBag from /home/airflow/.local/lib/python3.12/site-packages/airflow/example_dags/example_dataset_alias.py
[2025-01-20T19:17:26.368+0000] {processor.py:925} INFO - DAG(s) 'dataset_alias_example_alias_consumer', 'dataset_s3_bucket_consumer', 'dataset_s3_bucket_producer', 'dataset_alias_example_alias_producer' retrieved from /home/airflow/.local/lib/python3.12/site-packages/airflow/example_dags/example_dataset_alias.py
[2025-01-20T19:17:26.386+0000] {logging_mixin.py:190} INFO - [2025-01-20T19:17:26.385+0000] {dag.py:3239} INFO - Sync 4 DAGs
[2025-01-20T19:17:26.409+0000] {logging_mixin.py:190} INFO - [2025-01-20T19:17:26.408+0000] {dag.py:4180} INFO - Setting next_dagrun for dataset_alias_example_alias_consumer to None, run_after=None
[2025-01-20T19:17:26.411+0000] {logging_mixin.py:190} INFO - [2025-01-20T19:17:26.411+0000] {dag.py:4180} INFO - Setting next_dagrun for dataset_alias_example_alias_producer to None, run_after=None
[2025-01-20T19:17:26.412+0000] {logging_mixin.py:190} INFO - [2025-01-20T19:17:26.412+0000] {dag.py:4180} INFO - Setting next_dagrun for dataset_s3_bucket_consumer to None, run_after=None
[2025-01-20T19:17:26.414+0000] {logging_mixin.py:190} INFO - [2025-01-20T19:17:26.413+0000] {dag.py:4180} INFO - Setting next_dagrun for dataset_s3_bucket_producer to None, run_after=None
[2025-01-20T19:17:26.432+0000] {processor.py:208} INFO - Processing /home/airflow/.local/lib/python3.12/site-packages/airflow/example_dags/example_dataset_alias.py took 0.605 seconds
[2025-01-20T19:17:56.963+0000] {processor.py:186} INFO - Started process (PID=839) to work on /home/airflow/.local/lib/python3.12/site-packages/airflow/example_dags/example_dataset_alias.py
[2025-01-20T19:17:56.963+0000] {processor.py:914} INFO - Processing file /home/airflow/.local/lib/python3.12/site-packages/airflow/example_dags/example_dataset_alias.py for tasks to queue
[2025-01-20T19:17:56.965+0000] {logging_mixin.py:190} INFO - [2025-01-20T19:17:56.965+0000] {dagbag.py:588} INFO - Filling up the DagBag from /home/airflow/.local/lib/python3.12/site-packages/airflow/example_dags/example_dataset_alias.py
[2025-01-20T19:17:57.513+0000] {processor.py:925} INFO - DAG(s) 'dataset_alias_example_alias_producer', 'dataset_s3_bucket_consumer', 'dataset_s3_bucket_producer', 'dataset_alias_example_alias_consumer' retrieved from /home/airflow/.local/lib/python3.12/site-packages/airflow/example_dags/example_dataset_alias.py
[2025-01-20T19:17:57.555+0000] {logging_mixin.py:190} INFO - [2025-01-20T19:17:57.554+0000] {dag.py:3239} INFO - Sync 4 DAGs
[2025-01-20T19:17:57.583+0000] {logging_mixin.py:190} INFO - [2025-01-20T19:17:57.583+0000] {dag.py:4180} INFO - Setting next_dagrun for dataset_alias_example_alias_consumer to None, run_after=None
[2025-01-20T19:17:57.586+0000] {logging_mixin.py:190} INFO - [2025-01-20T19:17:57.586+0000] {dag.py:4180} INFO - Setting next_dagrun for dataset_alias_example_alias_producer to None, run_after=None
[2025-01-20T19:17:57.587+0000] {logging_mixin.py:190} INFO - [2025-01-20T19:17:57.587+0000] {dag.py:4180} INFO - Setting next_dagrun for dataset_s3_bucket_consumer to None, run_after=None
[2025-01-20T19:17:57.589+0000] {logging_mixin.py:190} INFO - [2025-01-20T19:17:57.588+0000] {dag.py:4180} INFO - Setting next_dagrun for dataset_s3_bucket_producer to None, run_after=None
[2025-01-20T19:17:57.607+0000] {processor.py:208} INFO - Processing /home/airflow/.local/lib/python3.12/site-packages/airflow/example_dags/example_dataset_alias.py took 0.649 seconds
[2025-01-20T19:18:28.153+0000] {processor.py:186} INFO - Started process (PID=902) to work on /home/airflow/.local/lib/python3.12/site-packages/airflow/example_dags/example_dataset_alias.py
[2025-01-20T19:18:28.154+0000] {processor.py:914} INFO - Processing file /home/airflow/.local/lib/python3.12/site-packages/airflow/example_dags/example_dataset_alias.py for tasks to queue
[2025-01-20T19:18:28.156+0000] {logging_mixin.py:190} INFO - [2025-01-20T19:18:28.155+0000] {dagbag.py:588} INFO - Filling up the DagBag from /home/airflow/.local/lib/python3.12/site-packages/airflow/example_dags/example_dataset_alias.py
[2025-01-20T19:18:28.643+0000] {processor.py:925} INFO - DAG(s) 'dataset_alias_example_alias_consumer', 'dataset_s3_bucket_producer', 'dataset_s3_bucket_consumer', 'dataset_alias_example_alias_producer' retrieved from /home/airflow/.local/lib/python3.12/site-packages/airflow/example_dags/example_dataset_alias.py
[2025-01-20T19:18:28.658+0000] {logging_mixin.py:190} INFO - [2025-01-20T19:18:28.657+0000] {dag.py:3239} INFO - Sync 4 DAGs
[2025-01-20T19:18:28.679+0000] {logging_mixin.py:190} INFO - [2025-01-20T19:18:28.679+0000] {dag.py:4180} INFO - Setting next_dagrun for dataset_alias_example_alias_consumer to None, run_after=None
[2025-01-20T19:18:28.681+0000] {logging_mixin.py:190} INFO - [2025-01-20T19:18:28.681+0000] {dag.py:4180} INFO - Setting next_dagrun for dataset_alias_example_alias_producer to None, run_after=None
[2025-01-20T19:18:28.682+0000] {logging_mixin.py:190} INFO - [2025-01-20T19:18:28.682+0000] {dag.py:4180} INFO - Setting next_dagrun for dataset_s3_bucket_consumer to None, run_after=None
[2025-01-20T19:18:28.683+0000] {logging_mixin.py:190} INFO - [2025-01-20T19:18:28.683+0000] {dag.py:4180} INFO - Setting next_dagrun for dataset_s3_bucket_producer to None, run_after=None
[2025-01-20T19:18:28.701+0000] {processor.py:208} INFO - Processing /home/airflow/.local/lib/python3.12/site-packages/airflow/example_dags/example_dataset_alias.py took 0.552 seconds
[2025-01-20T19:18:59.091+0000] {processor.py:186} INFO - Started process (PID=965) to work on /home/airflow/.local/lib/python3.12/site-packages/airflow/example_dags/example_dataset_alias.py
[2025-01-20T19:18:59.092+0000] {processor.py:914} INFO - Processing file /home/airflow/.local/lib/python3.12/site-packages/airflow/example_dags/example_dataset_alias.py for tasks to queue
[2025-01-20T19:18:59.094+0000] {logging_mixin.py:190} INFO - [2025-01-20T19:18:59.094+0000] {dagbag.py:588} INFO - Filling up the DagBag from /home/airflow/.local/lib/python3.12/site-packages/airflow/example_dags/example_dataset_alias.py
[2025-01-20T19:18:59.592+0000] {processor.py:925} INFO - DAG(s) 'dataset_alias_example_alias_producer', 'dataset_alias_example_alias_consumer', 'dataset_s3_bucket_producer', 'dataset_s3_bucket_consumer' retrieved from /home/airflow/.local/lib/python3.12/site-packages/airflow/example_dags/example_dataset_alias.py
[2025-01-20T19:18:59.609+0000] {logging_mixin.py:190} INFO - [2025-01-20T19:18:59.608+0000] {dag.py:3239} INFO - Sync 4 DAGs
[2025-01-20T19:18:59.628+0000] {logging_mixin.py:190} INFO - [2025-01-20T19:18:59.628+0000] {dag.py:4180} INFO - Setting next_dagrun for dataset_alias_example_alias_consumer to None, run_after=None
[2025-01-20T19:18:59.630+0000] {logging_mixin.py:190} INFO - [2025-01-20T19:18:59.630+0000] {dag.py:4180} INFO - Setting next_dagrun for dataset_alias_example_alias_producer to None, run_after=None
[2025-01-20T19:18:59.631+0000] {logging_mixin.py:190} INFO - [2025-01-20T19:18:59.631+0000] {dag.py:4180} INFO - Setting next_dagrun for dataset_s3_bucket_consumer to None, run_after=None
[2025-01-20T19:18:59.632+0000] {logging_mixin.py:190} INFO - [2025-01-20T19:18:59.632+0000] {dag.py:4180} INFO - Setting next_dagrun for dataset_s3_bucket_producer to None, run_after=None
[2025-01-20T19:18:59.648+0000] {processor.py:208} INFO - Processing /home/airflow/.local/lib/python3.12/site-packages/airflow/example_dags/example_dataset_alias.py took 0.561 seconds
[2025-01-20T19:19:30.229+0000] {processor.py:186} INFO - Started process (PID=1028) to work on /home/airflow/.local/lib/python3.12/site-packages/airflow/example_dags/example_dataset_alias.py
[2025-01-20T19:19:30.230+0000] {processor.py:914} INFO - Processing file /home/airflow/.local/lib/python3.12/site-packages/airflow/example_dags/example_dataset_alias.py for tasks to queue
[2025-01-20T19:19:30.232+0000] {logging_mixin.py:190} INFO - [2025-01-20T19:19:30.232+0000] {dagbag.py:588} INFO - Filling up the DagBag from /home/airflow/.local/lib/python3.12/site-packages/airflow/example_dags/example_dataset_alias.py
[2025-01-20T19:19:30.774+0000] {processor.py:925} INFO - DAG(s) 'dataset_alias_example_alias_consumer', 'dataset_s3_bucket_consumer', 'dataset_alias_example_alias_producer', 'dataset_s3_bucket_producer' retrieved from /home/airflow/.local/lib/python3.12/site-packages/airflow/example_dags/example_dataset_alias.py
[2025-01-20T19:19:30.795+0000] {logging_mixin.py:190} INFO - [2025-01-20T19:19:30.795+0000] {dag.py:3239} INFO - Sync 4 DAGs
[2025-01-20T19:19:30.814+0000] {logging_mixin.py:190} INFO - [2025-01-20T19:19:30.814+0000] {dag.py:4180} INFO - Setting next_dagrun for dataset_alias_example_alias_consumer to None, run_after=None
[2025-01-20T19:19:30.816+0000] {logging_mixin.py:190} INFO - [2025-01-20T19:19:30.816+0000] {dag.py:4180} INFO - Setting next_dagrun for dataset_alias_example_alias_producer to None, run_after=None
[2025-01-20T19:19:30.817+0000] {logging_mixin.py:190} INFO - [2025-01-20T19:19:30.817+0000] {dag.py:4180} INFO - Setting next_dagrun for dataset_s3_bucket_consumer to None, run_after=None
[2025-01-20T19:19:30.819+0000] {logging_mixin.py:190} INFO - [2025-01-20T19:19:30.819+0000] {dag.py:4180} INFO - Setting next_dagrun for dataset_s3_bucket_producer to None, run_after=None
[2025-01-20T19:19:30.834+0000] {processor.py:208} INFO - Processing /home/airflow/.local/lib/python3.12/site-packages/airflow/example_dags/example_dataset_alias.py took 0.609 seconds
[2025-01-20T19:20:01.276+0000] {processor.py:186} INFO - Started process (PID=1091) to work on /home/airflow/.local/lib/python3.12/site-packages/airflow/example_dags/example_dataset_alias.py
[2025-01-20T19:20:01.276+0000] {processor.py:914} INFO - Processing file /home/airflow/.local/lib/python3.12/site-packages/airflow/example_dags/example_dataset_alias.py for tasks to queue
[2025-01-20T19:20:01.278+0000] {logging_mixin.py:190} INFO - [2025-01-20T19:20:01.278+0000] {dagbag.py:588} INFO - Filling up the DagBag from /home/airflow/.local/lib/python3.12/site-packages/airflow/example_dags/example_dataset_alias.py
[2025-01-20T19:20:01.772+0000] {processor.py:925} INFO - DAG(s) 'dataset_s3_bucket_producer', 'dataset_alias_example_alias_consumer', 'dataset_s3_bucket_consumer', 'dataset_alias_example_alias_producer' retrieved from /home/airflow/.local/lib/python3.12/site-packages/airflow/example_dags/example_dataset_alias.py
[2025-01-20T19:20:01.790+0000] {logging_mixin.py:190} INFO - [2025-01-20T19:20:01.789+0000] {dag.py:3239} INFO - Sync 4 DAGs
[2025-01-20T19:20:01.809+0000] {logging_mixin.py:190} INFO - [2025-01-20T19:20:01.809+0000] {dag.py:4180} INFO - Setting next_dagrun for dataset_alias_example_alias_consumer to None, run_after=None
[2025-01-20T19:20:01.811+0000] {logging_mixin.py:190} INFO - [2025-01-20T19:20:01.811+0000] {dag.py:4180} INFO - Setting next_dagrun for dataset_alias_example_alias_producer to None, run_after=None
[2025-01-20T19:20:01.812+0000] {logging_mixin.py:190} INFO - [2025-01-20T19:20:01.812+0000] {dag.py:4180} INFO - Setting next_dagrun for dataset_s3_bucket_consumer to None, run_after=None
[2025-01-20T19:20:01.813+0000] {logging_mixin.py:190} INFO - [2025-01-20T19:20:01.813+0000] {dag.py:4180} INFO - Setting next_dagrun for dataset_s3_bucket_producer to None, run_after=None
[2025-01-20T19:20:01.828+0000] {processor.py:208} INFO - Processing /home/airflow/.local/lib/python3.12/site-packages/airflow/example_dags/example_dataset_alias.py took 0.557 seconds
[2025-01-20T19:20:32.292+0000] {processor.py:186} INFO - Started process (PID=1154) to work on /home/airflow/.local/lib/python3.12/site-packages/airflow/example_dags/example_dataset_alias.py
[2025-01-20T19:20:32.293+0000] {processor.py:914} INFO - Processing file /home/airflow/.local/lib/python3.12/site-packages/airflow/example_dags/example_dataset_alias.py for tasks to queue
[2025-01-20T19:20:32.295+0000] {logging_mixin.py:190} INFO - [2025-01-20T19:20:32.295+0000] {dagbag.py:588} INFO - Filling up the DagBag from /home/airflow/.local/lib/python3.12/site-packages/airflow/example_dags/example_dataset_alias.py
[2025-01-20T19:20:32.781+0000] {processor.py:925} INFO - DAG(s) 'dataset_s3_bucket_producer', 'dataset_alias_example_alias_consumer', 'dataset_s3_bucket_consumer', 'dataset_alias_example_alias_producer' retrieved from /home/airflow/.local/lib/python3.12/site-packages/airflow/example_dags/example_dataset_alias.py
[2025-01-20T19:20:32.800+0000] {logging_mixin.py:190} INFO - [2025-01-20T19:20:32.799+0000] {dag.py:3239} INFO - Sync 4 DAGs
[2025-01-20T19:20:32.819+0000] {logging_mixin.py:190} INFO - [2025-01-20T19:20:32.819+0000] {dag.py:4180} INFO - Setting next_dagrun for dataset_alias_example_alias_consumer to None, run_after=None
[2025-01-20T19:20:32.822+0000] {logging_mixin.py:190} INFO - [2025-01-20T19:20:32.822+0000] {dag.py:4180} INFO - Setting next_dagrun for dataset_alias_example_alias_producer to None, run_after=None
[2025-01-20T19:20:32.823+0000] {logging_mixin.py:190} INFO - [2025-01-20T19:20:32.823+0000] {dag.py:4180} INFO - Setting next_dagrun for dataset_s3_bucket_consumer to None, run_after=None
[2025-01-20T19:20:32.824+0000] {logging_mixin.py:190} INFO - [2025-01-20T19:20:32.824+0000] {dag.py:4180} INFO - Setting next_dagrun for dataset_s3_bucket_producer to None, run_after=None
[2025-01-20T19:20:32.841+0000] {processor.py:208} INFO - Processing /home/airflow/.local/lib/python3.12/site-packages/airflow/example_dags/example_dataset_alias.py took 0.552 seconds
[2025-01-20T19:21:03.667+0000] {processor.py:186} INFO - Started process (PID=1217) to work on /home/airflow/.local/lib/python3.12/site-packages/airflow/example_dags/example_dataset_alias.py
[2025-01-20T19:21:03.667+0000] {processor.py:914} INFO - Processing file /home/airflow/.local/lib/python3.12/site-packages/airflow/example_dags/example_dataset_alias.py for tasks to queue
[2025-01-20T19:21:03.670+0000] {logging_mixin.py:190} INFO - [2025-01-20T19:21:03.669+0000] {dagbag.py:588} INFO - Filling up the DagBag from /home/airflow/.local/lib/python3.12/site-packages/airflow/example_dags/example_dataset_alias.py
[2025-01-20T19:21:04.174+0000] {processor.py:925} INFO - DAG(s) 'dataset_alias_example_alias_consumer', 'dataset_s3_bucket_consumer', 'dataset_s3_bucket_producer', 'dataset_alias_example_alias_producer' retrieved from /home/airflow/.local/lib/python3.12/site-packages/airflow/example_dags/example_dataset_alias.py
[2025-01-20T19:21:04.189+0000] {logging_mixin.py:190} INFO - [2025-01-20T19:21:04.189+0000] {dag.py:3239} INFO - Sync 4 DAGs
[2025-01-20T19:21:04.213+0000] {logging_mixin.py:190} INFO - [2025-01-20T19:21:04.213+0000] {dag.py:4180} INFO - Setting next_dagrun for dataset_alias_example_alias_consumer to None, run_after=None
[2025-01-20T19:21:04.215+0000] {logging_mixin.py:190} INFO - [2025-01-20T19:21:04.215+0000] {dag.py:4180} INFO - Setting next_dagrun for dataset_alias_example_alias_producer to None, run_after=None
[2025-01-20T19:21:04.216+0000] {logging_mixin.py:190} INFO - [2025-01-20T19:21:04.216+0000] {dag.py:4180} INFO - Setting next_dagrun for dataset_s3_bucket_consumer to None, run_after=None
[2025-01-20T19:21:04.217+0000] {logging_mixin.py:190} INFO - [2025-01-20T19:21:04.217+0000] {dag.py:4180} INFO - Setting next_dagrun for dataset_s3_bucket_producer to None, run_after=None
[2025-01-20T19:21:04.232+0000] {processor.py:208} INFO - Processing /home/airflow/.local/lib/python3.12/site-packages/airflow/example_dags/example_dataset_alias.py took 0.571 seconds
[2025-01-20T19:21:34.928+0000] {processor.py:186} INFO - Started process (PID=1280) to work on /home/airflow/.local/lib/python3.12/site-packages/airflow/example_dags/example_dataset_alias.py
[2025-01-20T19:21:34.929+0000] {processor.py:914} INFO - Processing file /home/airflow/.local/lib/python3.12/site-packages/airflow/example_dags/example_dataset_alias.py for tasks to queue
[2025-01-20T19:21:34.931+0000] {logging_mixin.py:190} INFO - [2025-01-20T19:21:34.931+0000] {dagbag.py:588} INFO - Filling up the DagBag from /home/airflow/.local/lib/python3.12/site-packages/airflow/example_dags/example_dataset_alias.py
[2025-01-20T19:21:35.485+0000] {processor.py:925} INFO - DAG(s) 'dataset_alias_example_alias_producer', 'dataset_alias_example_alias_consumer', 'dataset_s3_bucket_producer', 'dataset_s3_bucket_consumer' retrieved from /home/airflow/.local/lib/python3.12/site-packages/airflow/example_dags/example_dataset_alias.py
[2025-01-20T19:21:35.507+0000] {logging_mixin.py:190} INFO - [2025-01-20T19:21:35.506+0000] {dag.py:3239} INFO - Sync 4 DAGs
[2025-01-20T19:21:35.530+0000] {logging_mixin.py:190} INFO - [2025-01-20T19:21:35.530+0000] {dag.py:4180} INFO - Setting next_dagrun for dataset_alias_example_alias_consumer to None, run_after=None
[2025-01-20T19:21:35.532+0000] {logging_mixin.py:190} INFO - [2025-01-20T19:21:35.532+0000] {dag.py:4180} INFO - Setting next_dagrun for dataset_alias_example_alias_producer to None, run_after=None
[2025-01-20T19:21:35.534+0000] {logging_mixin.py:190} INFO - [2025-01-20T19:21:35.533+0000] {dag.py:4180} INFO - Setting next_dagrun for dataset_s3_bucket_consumer to None, run_after=None
[2025-01-20T19:21:35.535+0000] {logging_mixin.py:190} INFO - [2025-01-20T19:21:35.534+0000] {dag.py:4180} INFO - Setting next_dagrun for dataset_s3_bucket_producer to None, run_after=None
[2025-01-20T19:21:35.550+0000] {processor.py:208} INFO - Processing /home/airflow/.local/lib/python3.12/site-packages/airflow/example_dags/example_dataset_alias.py took 0.626 seconds
[2025-01-20T19:22:06.241+0000] {processor.py:186} INFO - Started process (PID=1343) to work on /home/airflow/.local/lib/python3.12/site-packages/airflow/example_dags/example_dataset_alias.py
[2025-01-20T19:22:06.242+0000] {processor.py:914} INFO - Processing file /home/airflow/.local/lib/python3.12/site-packages/airflow/example_dags/example_dataset_alias.py for tasks to queue
[2025-01-20T19:22:06.244+0000] {logging_mixin.py:190} INFO - [2025-01-20T19:22:06.244+0000] {dagbag.py:588} INFO - Filling up the DagBag from /home/airflow/.local/lib/python3.12/site-packages/airflow/example_dags/example_dataset_alias.py
[2025-01-20T19:22:06.748+0000] {processor.py:925} INFO - DAG(s) 'dataset_alias_example_alias_producer', 'dataset_alias_example_alias_consumer', 'dataset_s3_bucket_consumer', 'dataset_s3_bucket_producer' retrieved from /home/airflow/.local/lib/python3.12/site-packages/airflow/example_dags/example_dataset_alias.py
[2025-01-20T19:22:06.763+0000] {logging_mixin.py:190} INFO - [2025-01-20T19:22:06.762+0000] {dag.py:3239} INFO - Sync 4 DAGs
[2025-01-20T19:22:06.780+0000] {logging_mixin.py:190} INFO - [2025-01-20T19:22:06.780+0000] {dag.py:4180} INFO - Setting next_dagrun for dataset_alias_example_alias_consumer to None, run_after=None
[2025-01-20T19:22:06.782+0000] {logging_mixin.py:190} INFO - [2025-01-20T19:22:06.782+0000] {dag.py:4180} INFO - Setting next_dagrun for dataset_alias_example_alias_producer to None, run_after=None
[2025-01-20T19:22:06.783+0000] {logging_mixin.py:190} INFO - [2025-01-20T19:22:06.783+0000] {dag.py:4180} INFO - Setting next_dagrun for dataset_s3_bucket_consumer to None, run_after=None
[2025-01-20T19:22:06.785+0000] {logging_mixin.py:190} INFO - [2025-01-20T19:22:06.784+0000] {dag.py:4180} INFO - Setting next_dagrun for dataset_s3_bucket_producer to None, run_after=None
[2025-01-20T19:22:06.799+0000] {processor.py:208} INFO - Processing /home/airflow/.local/lib/python3.12/site-packages/airflow/example_dags/example_dataset_alias.py took 0.564 seconds
[2025-01-20T19:22:37.382+0000] {processor.py:186} INFO - Started process (PID=1406) to work on /home/airflow/.local/lib/python3.12/site-packages/airflow/example_dags/example_dataset_alias.py
[2025-01-20T19:22:37.383+0000] {processor.py:914} INFO - Processing file /home/airflow/.local/lib/python3.12/site-packages/airflow/example_dags/example_dataset_alias.py for tasks to queue
[2025-01-20T19:22:37.385+0000] {logging_mixin.py:190} INFO - [2025-01-20T19:22:37.385+0000] {dagbag.py:588} INFO - Filling up the DagBag from /home/airflow/.local/lib/python3.12/site-packages/airflow/example_dags/example_dataset_alias.py
[2025-01-20T19:22:37.918+0000] {processor.py:925} INFO - DAG(s) 'dataset_s3_bucket_consumer', 'dataset_alias_example_alias_producer', 'dataset_alias_example_alias_consumer', 'dataset_s3_bucket_producer' retrieved from /home/airflow/.local/lib/python3.12/site-packages/airflow/example_dags/example_dataset_alias.py
[2025-01-20T19:22:37.935+0000] {logging_mixin.py:190} INFO - [2025-01-20T19:22:37.934+0000] {dag.py:3239} INFO - Sync 4 DAGs
[2025-01-20T19:22:37.955+0000] {logging_mixin.py:190} INFO - [2025-01-20T19:22:37.955+0000] {dag.py:4180} INFO - Setting next_dagrun for dataset_alias_example_alias_consumer to None, run_after=None
[2025-01-20T19:22:37.958+0000] {logging_mixin.py:190} INFO - [2025-01-20T19:22:37.957+0000] {dag.py:4180} INFO - Setting next_dagrun for dataset_alias_example_alias_producer to None, run_after=None
[2025-01-20T19:22:37.959+0000] {logging_mixin.py:190} INFO - [2025-01-20T19:22:37.959+0000] {dag.py:4180} INFO - Setting next_dagrun for dataset_s3_bucket_consumer to None, run_after=None
[2025-01-20T19:22:37.960+0000] {logging_mixin.py:190} INFO - [2025-01-20T19:22:37.960+0000] {dag.py:4180} INFO - Setting next_dagrun for dataset_s3_bucket_producer to None, run_after=None
[2025-01-20T19:22:37.977+0000] {processor.py:208} INFO - Processing /home/airflow/.local/lib/python3.12/site-packages/airflow/example_dags/example_dataset_alias.py took 0.600 seconds
[2025-01-20T19:23:08.526+0000] {processor.py:186} INFO - Started process (PID=1469) to work on /home/airflow/.local/lib/python3.12/site-packages/airflow/example_dags/example_dataset_alias.py
[2025-01-20T19:23:08.527+0000] {processor.py:914} INFO - Processing file /home/airflow/.local/lib/python3.12/site-packages/airflow/example_dags/example_dataset_alias.py for tasks to queue
[2025-01-20T19:23:08.529+0000] {logging_mixin.py:190} INFO - [2025-01-20T19:23:08.529+0000] {dagbag.py:588} INFO - Filling up the DagBag from /home/airflow/.local/lib/python3.12/site-packages/airflow/example_dags/example_dataset_alias.py
[2025-01-20T19:23:09.041+0000] {processor.py:925} INFO - DAG(s) 'dataset_alias_example_alias_producer', 'dataset_s3_bucket_consumer', 'dataset_s3_bucket_producer', 'dataset_alias_example_alias_consumer' retrieved from /home/airflow/.local/lib/python3.12/site-packages/airflow/example_dags/example_dataset_alias.py
[2025-01-20T19:23:09.061+0000] {logging_mixin.py:190} INFO - [2025-01-20T19:23:09.061+0000] {dag.py:3239} INFO - Sync 4 DAGs
[2025-01-20T19:23:09.085+0000] {logging_mixin.py:190} INFO - [2025-01-20T19:23:09.085+0000] {dag.py:4180} INFO - Setting next_dagrun for dataset_alias_example_alias_consumer to None, run_after=None
[2025-01-20T19:23:09.087+0000] {logging_mixin.py:190} INFO - [2025-01-20T19:23:09.087+0000] {dag.py:4180} INFO - Setting next_dagrun for dataset_alias_example_alias_producer to None, run_after=None
[2025-01-20T19:23:09.088+0000] {logging_mixin.py:190} INFO - [2025-01-20T19:23:09.088+0000] {dag.py:4180} INFO - Setting next_dagrun for dataset_s3_bucket_consumer to None, run_after=None
[2025-01-20T19:23:09.089+0000] {logging_mixin.py:190} INFO - [2025-01-20T19:23:09.089+0000] {dag.py:4180} INFO - Setting next_dagrun for dataset_s3_bucket_producer to None, run_after=None
[2025-01-20T19:23:09.107+0000] {processor.py:208} INFO - Processing /home/airflow/.local/lib/python3.12/site-packages/airflow/example_dags/example_dataset_alias.py took 0.585 seconds
[2025-01-20T19:23:39.760+0000] {processor.py:186} INFO - Started process (PID=1532) to work on /home/airflow/.local/lib/python3.12/site-packages/airflow/example_dags/example_dataset_alias.py
[2025-01-20T19:23:39.760+0000] {processor.py:914} INFO - Processing file /home/airflow/.local/lib/python3.12/site-packages/airflow/example_dags/example_dataset_alias.py for tasks to queue
[2025-01-20T19:23:39.762+0000] {logging_mixin.py:190} INFO - [2025-01-20T19:23:39.762+0000] {dagbag.py:588} INFO - Filling up the DagBag from /home/airflow/.local/lib/python3.12/site-packages/airflow/example_dags/example_dataset_alias.py
[2025-01-20T19:23:40.254+0000] {processor.py:925} INFO - DAG(s) 'dataset_s3_bucket_consumer', 'dataset_s3_bucket_producer', 'dataset_alias_example_alias_producer', 'dataset_alias_example_alias_consumer' retrieved from /home/airflow/.local/lib/python3.12/site-packages/airflow/example_dags/example_dataset_alias.py
[2025-01-20T19:23:40.277+0000] {logging_mixin.py:190} INFO - [2025-01-20T19:23:40.276+0000] {dag.py:3239} INFO - Sync 4 DAGs
[2025-01-20T19:23:40.306+0000] {logging_mixin.py:190} INFO - [2025-01-20T19:23:40.306+0000] {dag.py:4180} INFO - Setting next_dagrun for dataset_alias_example_alias_consumer to None, run_after=None
[2025-01-20T19:23:40.308+0000] {logging_mixin.py:190} INFO - [2025-01-20T19:23:40.308+0000] {dag.py:4180} INFO - Setting next_dagrun for dataset_alias_example_alias_producer to None, run_after=None
[2025-01-20T19:23:40.310+0000] {logging_mixin.py:190} INFO - [2025-01-20T19:23:40.310+0000] {dag.py:4180} INFO - Setting next_dagrun for dataset_s3_bucket_consumer to None, run_after=None
[2025-01-20T19:23:40.311+0000] {logging_mixin.py:190} INFO - [2025-01-20T19:23:40.311+0000] {dag.py:4180} INFO - Setting next_dagrun for dataset_s3_bucket_producer to None, run_after=None
[2025-01-20T19:23:40.331+0000] {processor.py:208} INFO - Processing /home/airflow/.local/lib/python3.12/site-packages/airflow/example_dags/example_dataset_alias.py took 0.576 seconds
