[2025-01-20T19:11:50.158+0000] {processor.py:186} INFO - Started process (PID=108) to work on /home/airflow/.local/lib/python3.12/site-packages/airflow/example_dags/example_python_decorator.py
[2025-01-20T19:11:50.159+0000] {processor.py:914} INFO - Processing file /home/airflow/.local/lib/python3.12/site-packages/airflow/example_dags/example_python_decorator.py for tasks to queue
[2025-01-20T19:11:50.162+0000] {logging_mixin.py:190} INFO - [2025-01-20T19:11:50.161+0000] {dagbag.py:588} INFO - Filling up the DagBag from /home/airflow/.local/lib/python3.12/site-packages/airflow/example_dags/example_python_decorator.py
[2025-01-20T19:11:50.179+0000] {processor.py:925} INFO - DAG(s) 'example_python_decorator' retrieved from /home/airflow/.local/lib/python3.12/site-packages/airflow/example_dags/example_python_decorator.py
[2025-01-20T19:11:50.303+0000] {logging_mixin.py:190} INFO - [2025-01-20T19:11:50.302+0000] {override.py:1911} INFO - Created Permission View: can edit on DAG:example_python_decorator
[2025-01-20T19:11:50.312+0000] {logging_mixin.py:190} INFO - [2025-01-20T19:11:50.312+0000] {override.py:1911} INFO - Created Permission View: can delete on DAG:example_python_decorator
[2025-01-20T19:11:50.317+0000] {logging_mixin.py:190} INFO - [2025-01-20T19:11:50.317+0000] {override.py:1911} INFO - Created Permission View: can read on DAG:example_python_decorator
[2025-01-20T19:11:50.326+0000] {logging_mixin.py:190} INFO - [2025-01-20T19:11:50.326+0000] {override.py:1911} INFO - Created Permission View: can create on DAG Run:example_python_decorator
[2025-01-20T19:11:50.333+0000] {logging_mixin.py:190} INFO - [2025-01-20T19:11:50.333+0000] {override.py:1911} INFO - Created Permission View: can delete on DAG Run:example_python_decorator
[2025-01-20T19:11:50.338+0000] {logging_mixin.py:190} INFO - [2025-01-20T19:11:50.338+0000] {override.py:1911} INFO - Created Permission View: menu access on DAG Run:example_python_decorator
[2025-01-20T19:11:50.344+0000] {logging_mixin.py:190} INFO - [2025-01-20T19:11:50.343+0000] {override.py:1911} INFO - Created Permission View: can read on DAG Run:example_python_decorator
[2025-01-20T19:11:50.344+0000] {logging_mixin.py:190} INFO - [2025-01-20T19:11:50.344+0000] {dag.py:3239} INFO - Sync 1 DAGs
[2025-01-20T19:11:50.359+0000] {logging_mixin.py:190} INFO - [2025-01-20T19:11:50.358+0000] {dag.py:3262} INFO - Creating ORM DAG for example_python_decorator
[2025-01-20T19:11:50.359+0000] {logging_mixin.py:190} INFO - [2025-01-20T19:11:50.359+0000] {dag.py:4180} INFO - Setting next_dagrun for example_python_decorator to None, run_after=None
[2025-01-20T19:11:50.373+0000] {processor.py:208} INFO - Processing /home/airflow/.local/lib/python3.12/site-packages/airflow/example_dags/example_python_decorator.py took 0.221 seconds
[2025-01-20T19:12:20.624+0000] {processor.py:186} INFO - Started process (PID=171) to work on /home/airflow/.local/lib/python3.12/site-packages/airflow/example_dags/example_python_decorator.py
[2025-01-20T19:12:20.625+0000] {processor.py:914} INFO - Processing file /home/airflow/.local/lib/python3.12/site-packages/airflow/example_dags/example_python_decorator.py for tasks to queue
[2025-01-20T19:12:20.627+0000] {logging_mixin.py:190} INFO - [2025-01-20T19:12:20.626+0000] {dagbag.py:588} INFO - Filling up the DagBag from /home/airflow/.local/lib/python3.12/site-packages/airflow/example_dags/example_python_decorator.py
[2025-01-20T19:12:20.638+0000] {processor.py:925} INFO - DAG(s) 'example_python_decorator' retrieved from /home/airflow/.local/lib/python3.12/site-packages/airflow/example_dags/example_python_decorator.py
[2025-01-20T19:12:20.656+0000] {logging_mixin.py:190} INFO - [2025-01-20T19:12:20.656+0000] {dag.py:3239} INFO - Sync 1 DAGs
[2025-01-20T19:12:20.671+0000] {logging_mixin.py:190} INFO - [2025-01-20T19:12:20.670+0000] {dag.py:4180} INFO - Setting next_dagrun for example_python_decorator to None, run_after=None
[2025-01-20T19:12:20.686+0000] {processor.py:208} INFO - Processing /home/airflow/.local/lib/python3.12/site-packages/airflow/example_dags/example_python_decorator.py took 0.067 seconds
[2025-01-20T19:12:51.313+0000] {processor.py:186} INFO - Started process (PID=234) to work on /home/airflow/.local/lib/python3.12/site-packages/airflow/example_dags/example_python_decorator.py
[2025-01-20T19:12:51.313+0000] {processor.py:914} INFO - Processing file /home/airflow/.local/lib/python3.12/site-packages/airflow/example_dags/example_python_decorator.py for tasks to queue
[2025-01-20T19:12:51.315+0000] {logging_mixin.py:190} INFO - [2025-01-20T19:12:51.314+0000] {dagbag.py:588} INFO - Filling up the DagBag from /home/airflow/.local/lib/python3.12/site-packages/airflow/example_dags/example_python_decorator.py
[2025-01-20T19:12:51.326+0000] {processor.py:925} INFO - DAG(s) 'example_python_decorator' retrieved from /home/airflow/.local/lib/python3.12/site-packages/airflow/example_dags/example_python_decorator.py
[2025-01-20T19:12:51.344+0000] {logging_mixin.py:190} INFO - [2025-01-20T19:12:51.343+0000] {dag.py:3239} INFO - Sync 1 DAGs
[2025-01-20T19:12:51.360+0000] {logging_mixin.py:190} INFO - [2025-01-20T19:12:51.360+0000] {dag.py:4180} INFO - Setting next_dagrun for example_python_decorator to None, run_after=None
[2025-01-20T19:12:51.378+0000] {processor.py:208} INFO - Processing /home/airflow/.local/lib/python3.12/site-packages/airflow/example_dags/example_python_decorator.py took 0.070 seconds
[2025-01-20T19:13:21.602+0000] {processor.py:186} INFO - Started process (PID=296) to work on /home/airflow/.local/lib/python3.12/site-packages/airflow/example_dags/example_python_decorator.py
[2025-01-20T19:13:21.603+0000] {processor.py:914} INFO - Processing file /home/airflow/.local/lib/python3.12/site-packages/airflow/example_dags/example_python_decorator.py for tasks to queue
[2025-01-20T19:13:21.604+0000] {logging_mixin.py:190} INFO - [2025-01-20T19:13:21.604+0000] {dagbag.py:588} INFO - Filling up the DagBag from /home/airflow/.local/lib/python3.12/site-packages/airflow/example_dags/example_python_decorator.py
[2025-01-20T19:13:21.615+0000] {processor.py:925} INFO - DAG(s) 'example_python_decorator' retrieved from /home/airflow/.local/lib/python3.12/site-packages/airflow/example_dags/example_python_decorator.py
[2025-01-20T19:13:21.631+0000] {logging_mixin.py:190} INFO - [2025-01-20T19:13:21.631+0000] {dag.py:3239} INFO - Sync 1 DAGs
[2025-01-20T19:13:21.642+0000] {logging_mixin.py:190} INFO - [2025-01-20T19:13:21.642+0000] {dag.py:4180} INFO - Setting next_dagrun for example_python_decorator to None, run_after=None
[2025-01-20T19:13:21.654+0000] {processor.py:208} INFO - Processing /home/airflow/.local/lib/python3.12/site-packages/airflow/example_dags/example_python_decorator.py took 0.056 seconds
[2025-01-20T19:13:52.456+0000] {processor.py:186} INFO - Started process (PID=359) to work on /home/airflow/.local/lib/python3.12/site-packages/airflow/example_dags/example_python_decorator.py
[2025-01-20T19:13:52.456+0000] {processor.py:914} INFO - Processing file /home/airflow/.local/lib/python3.12/site-packages/airflow/example_dags/example_python_decorator.py for tasks to queue
[2025-01-20T19:13:52.458+0000] {logging_mixin.py:190} INFO - [2025-01-20T19:13:52.458+0000] {dagbag.py:588} INFO - Filling up the DagBag from /home/airflow/.local/lib/python3.12/site-packages/airflow/example_dags/example_python_decorator.py
[2025-01-20T19:13:52.468+0000] {processor.py:925} INFO - DAG(s) 'example_python_decorator' retrieved from /home/airflow/.local/lib/python3.12/site-packages/airflow/example_dags/example_python_decorator.py
[2025-01-20T19:13:52.485+0000] {logging_mixin.py:190} INFO - [2025-01-20T19:13:52.485+0000] {dag.py:3239} INFO - Sync 1 DAGs
[2025-01-20T19:13:52.495+0000] {logging_mixin.py:190} INFO - [2025-01-20T19:13:52.495+0000] {dag.py:4180} INFO - Setting next_dagrun for example_python_decorator to None, run_after=None
[2025-01-20T19:13:52.507+0000] {processor.py:208} INFO - Processing /home/airflow/.local/lib/python3.12/site-packages/airflow/example_dags/example_python_decorator.py took 0.056 seconds
[2025-01-20T19:14:22.918+0000] {processor.py:186} INFO - Started process (PID=421) to work on /home/airflow/.local/lib/python3.12/site-packages/airflow/example_dags/example_python_decorator.py
[2025-01-20T19:14:22.918+0000] {processor.py:914} INFO - Processing file /home/airflow/.local/lib/python3.12/site-packages/airflow/example_dags/example_python_decorator.py for tasks to queue
[2025-01-20T19:14:22.920+0000] {logging_mixin.py:190} INFO - [2025-01-20T19:14:22.920+0000] {dagbag.py:588} INFO - Filling up the DagBag from /home/airflow/.local/lib/python3.12/site-packages/airflow/example_dags/example_python_decorator.py
[2025-01-20T19:14:22.931+0000] {processor.py:925} INFO - DAG(s) 'example_python_decorator' retrieved from /home/airflow/.local/lib/python3.12/site-packages/airflow/example_dags/example_python_decorator.py
[2025-01-20T19:14:22.947+0000] {logging_mixin.py:190} INFO - [2025-01-20T19:14:22.947+0000] {dag.py:3239} INFO - Sync 1 DAGs
[2025-01-20T19:14:22.957+0000] {logging_mixin.py:190} INFO - [2025-01-20T19:14:22.957+0000] {dag.py:4180} INFO - Setting next_dagrun for example_python_decorator to None, run_after=None
[2025-01-20T19:14:22.969+0000] {processor.py:208} INFO - Processing /home/airflow/.local/lib/python3.12/site-packages/airflow/example_dags/example_python_decorator.py took 0.056 seconds
[2025-01-20T19:14:53.446+0000] {processor.py:186} INFO - Started process (PID=484) to work on /home/airflow/.local/lib/python3.12/site-packages/airflow/example_dags/example_python_decorator.py
[2025-01-20T19:14:53.446+0000] {processor.py:914} INFO - Processing file /home/airflow/.local/lib/python3.12/site-packages/airflow/example_dags/example_python_decorator.py for tasks to queue
[2025-01-20T19:14:53.448+0000] {logging_mixin.py:190} INFO - [2025-01-20T19:14:53.448+0000] {dagbag.py:588} INFO - Filling up the DagBag from /home/airflow/.local/lib/python3.12/site-packages/airflow/example_dags/example_python_decorator.py
[2025-01-20T19:14:53.459+0000] {processor.py:925} INFO - DAG(s) 'example_python_decorator' retrieved from /home/airflow/.local/lib/python3.12/site-packages/airflow/example_dags/example_python_decorator.py
[2025-01-20T19:14:53.478+0000] {logging_mixin.py:190} INFO - [2025-01-20T19:14:53.478+0000] {dag.py:3239} INFO - Sync 1 DAGs
[2025-01-20T19:14:53.492+0000] {logging_mixin.py:190} INFO - [2025-01-20T19:14:53.492+0000] {dag.py:4180} INFO - Setting next_dagrun for example_python_decorator to None, run_after=None
[2025-01-20T19:14:53.508+0000] {processor.py:208} INFO - Processing /home/airflow/.local/lib/python3.12/site-packages/airflow/example_dags/example_python_decorator.py took 0.066 seconds
[2025-01-20T19:15:23.879+0000] {processor.py:186} INFO - Started process (PID=548) to work on /home/airflow/.local/lib/python3.12/site-packages/airflow/example_dags/example_python_decorator.py
[2025-01-20T19:15:23.880+0000] {processor.py:914} INFO - Processing file /home/airflow/.local/lib/python3.12/site-packages/airflow/example_dags/example_python_decorator.py for tasks to queue
[2025-01-20T19:15:23.881+0000] {logging_mixin.py:190} INFO - [2025-01-20T19:15:23.881+0000] {dagbag.py:588} INFO - Filling up the DagBag from /home/airflow/.local/lib/python3.12/site-packages/airflow/example_dags/example_python_decorator.py
[2025-01-20T19:15:23.893+0000] {processor.py:925} INFO - DAG(s) 'example_python_decorator' retrieved from /home/airflow/.local/lib/python3.12/site-packages/airflow/example_dags/example_python_decorator.py
[2025-01-20T19:15:23.910+0000] {logging_mixin.py:190} INFO - [2025-01-20T19:15:23.910+0000] {dag.py:3239} INFO - Sync 1 DAGs
[2025-01-20T19:15:23.922+0000] {logging_mixin.py:190} INFO - [2025-01-20T19:15:23.922+0000] {dag.py:4180} INFO - Setting next_dagrun for example_python_decorator to None, run_after=None
[2025-01-20T19:15:23.936+0000] {processor.py:208} INFO - Processing /home/airflow/.local/lib/python3.12/site-packages/airflow/example_dags/example_python_decorator.py took 0.062 seconds
[2025-01-20T19:15:54.967+0000] {processor.py:186} INFO - Started process (PID=611) to work on /home/airflow/.local/lib/python3.12/site-packages/airflow/example_dags/example_python_decorator.py
[2025-01-20T19:15:54.967+0000] {processor.py:914} INFO - Processing file /home/airflow/.local/lib/python3.12/site-packages/airflow/example_dags/example_python_decorator.py for tasks to queue
[2025-01-20T19:15:54.970+0000] {logging_mixin.py:190} INFO - [2025-01-20T19:15:54.969+0000] {dagbag.py:588} INFO - Filling up the DagBag from /home/airflow/.local/lib/python3.12/site-packages/airflow/example_dags/example_python_decorator.py
[2025-01-20T19:15:54.986+0000] {processor.py:925} INFO - DAG(s) 'example_python_decorator' retrieved from /home/airflow/.local/lib/python3.12/site-packages/airflow/example_dags/example_python_decorator.py
[2025-01-20T19:15:55.008+0000] {logging_mixin.py:190} INFO - [2025-01-20T19:15:55.008+0000] {dag.py:3239} INFO - Sync 1 DAGs
[2025-01-20T19:15:55.024+0000] {logging_mixin.py:190} INFO - [2025-01-20T19:15:55.023+0000] {dag.py:4180} INFO - Setting next_dagrun for example_python_decorator to None, run_after=None
[2025-01-20T19:15:55.040+0000] {processor.py:208} INFO - Processing /home/airflow/.local/lib/python3.12/site-packages/airflow/example_dags/example_python_decorator.py took 0.080 seconds
[2025-01-20T19:16:25.602+0000] {processor.py:186} INFO - Started process (PID=675) to work on /home/airflow/.local/lib/python3.12/site-packages/airflow/example_dags/example_python_decorator.py
[2025-01-20T19:16:25.603+0000] {processor.py:914} INFO - Processing file /home/airflow/.local/lib/python3.12/site-packages/airflow/example_dags/example_python_decorator.py for tasks to queue
[2025-01-20T19:16:25.604+0000] {logging_mixin.py:190} INFO - [2025-01-20T19:16:25.604+0000] {dagbag.py:588} INFO - Filling up the DagBag from /home/airflow/.local/lib/python3.12/site-packages/airflow/example_dags/example_python_decorator.py
[2025-01-20T19:16:25.615+0000] {processor.py:925} INFO - DAG(s) 'example_python_decorator' retrieved from /home/airflow/.local/lib/python3.12/site-packages/airflow/example_dags/example_python_decorator.py
[2025-01-20T19:16:25.636+0000] {logging_mixin.py:190} INFO - [2025-01-20T19:16:25.636+0000] {dag.py:3239} INFO - Sync 1 DAGs
[2025-01-20T19:16:25.650+0000] {logging_mixin.py:190} INFO - [2025-01-20T19:16:25.650+0000] {dag.py:4180} INFO - Setting next_dagrun for example_python_decorator to None, run_after=None
[2025-01-20T19:16:25.663+0000] {processor.py:208} INFO - Processing /home/airflow/.local/lib/python3.12/site-packages/airflow/example_dags/example_python_decorator.py took 0.065 seconds
[2025-01-20T19:16:56.810+0000] {processor.py:186} INFO - Started process (PID=738) to work on /home/airflow/.local/lib/python3.12/site-packages/airflow/example_dags/example_python_decorator.py
[2025-01-20T19:16:56.811+0000] {processor.py:914} INFO - Processing file /home/airflow/.local/lib/python3.12/site-packages/airflow/example_dags/example_python_decorator.py for tasks to queue
[2025-01-20T19:16:56.813+0000] {logging_mixin.py:190} INFO - [2025-01-20T19:16:56.812+0000] {dagbag.py:588} INFO - Filling up the DagBag from /home/airflow/.local/lib/python3.12/site-packages/airflow/example_dags/example_python_decorator.py
[2025-01-20T19:16:56.826+0000] {processor.py:925} INFO - DAG(s) 'example_python_decorator' retrieved from /home/airflow/.local/lib/python3.12/site-packages/airflow/example_dags/example_python_decorator.py
[2025-01-20T19:16:56.847+0000] {logging_mixin.py:190} INFO - [2025-01-20T19:16:56.847+0000] {dag.py:3239} INFO - Sync 1 DAGs
[2025-01-20T19:16:56.862+0000] {logging_mixin.py:190} INFO - [2025-01-20T19:16:56.862+0000] {dag.py:4180} INFO - Setting next_dagrun for example_python_decorator to None, run_after=None
[2025-01-20T19:16:56.876+0000] {processor.py:208} INFO - Processing /home/airflow/.local/lib/python3.12/site-packages/airflow/example_dags/example_python_decorator.py took 0.071 seconds
[2025-01-20T19:17:27.942+0000] {processor.py:186} INFO - Started process (PID=801) to work on /home/airflow/.local/lib/python3.12/site-packages/airflow/example_dags/example_python_decorator.py
[2025-01-20T19:17:27.942+0000] {processor.py:914} INFO - Processing file /home/airflow/.local/lib/python3.12/site-packages/airflow/example_dags/example_python_decorator.py for tasks to queue
[2025-01-20T19:17:27.944+0000] {logging_mixin.py:190} INFO - [2025-01-20T19:17:27.944+0000] {dagbag.py:588} INFO - Filling up the DagBag from /home/airflow/.local/lib/python3.12/site-packages/airflow/example_dags/example_python_decorator.py
[2025-01-20T19:17:27.955+0000] {processor.py:925} INFO - DAG(s) 'example_python_decorator' retrieved from /home/airflow/.local/lib/python3.12/site-packages/airflow/example_dags/example_python_decorator.py
[2025-01-20T19:17:27.971+0000] {logging_mixin.py:190} INFO - [2025-01-20T19:17:27.971+0000] {dag.py:3239} INFO - Sync 1 DAGs
[2025-01-20T19:17:27.982+0000] {logging_mixin.py:190} INFO - [2025-01-20T19:17:27.982+0000] {dag.py:4180} INFO - Setting next_dagrun for example_python_decorator to None, run_after=None
[2025-01-20T19:17:27.994+0000] {processor.py:208} INFO - Processing /home/airflow/.local/lib/python3.12/site-packages/airflow/example_dags/example_python_decorator.py took 0.057 seconds
[2025-01-20T19:17:59.087+0000] {processor.py:186} INFO - Started process (PID=864) to work on /home/airflow/.local/lib/python3.12/site-packages/airflow/example_dags/example_python_decorator.py
[2025-01-20T19:17:59.088+0000] {processor.py:914} INFO - Processing file /home/airflow/.local/lib/python3.12/site-packages/airflow/example_dags/example_python_decorator.py for tasks to queue
[2025-01-20T19:17:59.089+0000] {logging_mixin.py:190} INFO - [2025-01-20T19:17:59.089+0000] {dagbag.py:588} INFO - Filling up the DagBag from /home/airflow/.local/lib/python3.12/site-packages/airflow/example_dags/example_python_decorator.py
[2025-01-20T19:17:59.100+0000] {processor.py:925} INFO - DAG(s) 'example_python_decorator' retrieved from /home/airflow/.local/lib/python3.12/site-packages/airflow/example_dags/example_python_decorator.py
[2025-01-20T19:17:59.118+0000] {logging_mixin.py:190} INFO - [2025-01-20T19:17:59.118+0000] {dag.py:3239} INFO - Sync 1 DAGs
[2025-01-20T19:17:59.128+0000] {logging_mixin.py:190} INFO - [2025-01-20T19:17:59.128+0000] {dag.py:4180} INFO - Setting next_dagrun for example_python_decorator to None, run_after=None
[2025-01-20T19:17:59.141+0000] {processor.py:208} INFO - Processing /home/airflow/.local/lib/python3.12/site-packages/airflow/example_dags/example_python_decorator.py took 0.058 seconds
[2025-01-20T19:18:30.197+0000] {processor.py:186} INFO - Started process (PID=927) to work on /home/airflow/.local/lib/python3.12/site-packages/airflow/example_dags/example_python_decorator.py
[2025-01-20T19:18:30.198+0000] {processor.py:914} INFO - Processing file /home/airflow/.local/lib/python3.12/site-packages/airflow/example_dags/example_python_decorator.py for tasks to queue
[2025-01-20T19:18:30.200+0000] {logging_mixin.py:190} INFO - [2025-01-20T19:18:30.199+0000] {dagbag.py:588} INFO - Filling up the DagBag from /home/airflow/.local/lib/python3.12/site-packages/airflow/example_dags/example_python_decorator.py
[2025-01-20T19:18:30.211+0000] {processor.py:925} INFO - DAG(s) 'example_python_decorator' retrieved from /home/airflow/.local/lib/python3.12/site-packages/airflow/example_dags/example_python_decorator.py
[2025-01-20T19:18:30.228+0000] {logging_mixin.py:190} INFO - [2025-01-20T19:18:30.227+0000] {dag.py:3239} INFO - Sync 1 DAGs
[2025-01-20T19:18:30.238+0000] {logging_mixin.py:190} INFO - [2025-01-20T19:18:30.238+0000] {dag.py:4180} INFO - Setting next_dagrun for example_python_decorator to None, run_after=None
[2025-01-20T19:18:30.250+0000] {processor.py:208} INFO - Processing /home/airflow/.local/lib/python3.12/site-packages/airflow/example_dags/example_python_decorator.py took 0.057 seconds
[2025-01-20T19:19:01.156+0000] {processor.py:186} INFO - Started process (PID=990) to work on /home/airflow/.local/lib/python3.12/site-packages/airflow/example_dags/example_python_decorator.py
[2025-01-20T19:19:01.157+0000] {processor.py:914} INFO - Processing file /home/airflow/.local/lib/python3.12/site-packages/airflow/example_dags/example_python_decorator.py for tasks to queue
[2025-01-20T19:19:01.158+0000] {logging_mixin.py:190} INFO - [2025-01-20T19:19:01.158+0000] {dagbag.py:588} INFO - Filling up the DagBag from /home/airflow/.local/lib/python3.12/site-packages/airflow/example_dags/example_python_decorator.py
[2025-01-20T19:19:01.170+0000] {processor.py:925} INFO - DAG(s) 'example_python_decorator' retrieved from /home/airflow/.local/lib/python3.12/site-packages/airflow/example_dags/example_python_decorator.py
[2025-01-20T19:19:01.187+0000] {logging_mixin.py:190} INFO - [2025-01-20T19:19:01.186+0000] {dag.py:3239} INFO - Sync 1 DAGs
[2025-01-20T19:19:01.197+0000] {logging_mixin.py:190} INFO - [2025-01-20T19:19:01.196+0000] {dag.py:4180} INFO - Setting next_dagrun for example_python_decorator to None, run_after=None
[2025-01-20T19:19:01.209+0000] {processor.py:208} INFO - Processing /home/airflow/.local/lib/python3.12/site-packages/airflow/example_dags/example_python_decorator.py took 0.057 seconds
[2025-01-20T19:19:32.242+0000] {processor.py:186} INFO - Started process (PID=1053) to work on /home/airflow/.local/lib/python3.12/site-packages/airflow/example_dags/example_python_decorator.py
[2025-01-20T19:19:32.243+0000] {processor.py:914} INFO - Processing file /home/airflow/.local/lib/python3.12/site-packages/airflow/example_dags/example_python_decorator.py for tasks to queue
[2025-01-20T19:19:32.245+0000] {logging_mixin.py:190} INFO - [2025-01-20T19:19:32.245+0000] {dagbag.py:588} INFO - Filling up the DagBag from /home/airflow/.local/lib/python3.12/site-packages/airflow/example_dags/example_python_decorator.py
[2025-01-20T19:19:32.257+0000] {processor.py:925} INFO - DAG(s) 'example_python_decorator' retrieved from /home/airflow/.local/lib/python3.12/site-packages/airflow/example_dags/example_python_decorator.py
[2025-01-20T19:19:32.274+0000] {logging_mixin.py:190} INFO - [2025-01-20T19:19:32.273+0000] {dag.py:3239} INFO - Sync 1 DAGs
[2025-01-20T19:19:32.284+0000] {logging_mixin.py:190} INFO - [2025-01-20T19:19:32.284+0000] {dag.py:4180} INFO - Setting next_dagrun for example_python_decorator to None, run_after=None
[2025-01-20T19:19:32.298+0000] {processor.py:208} INFO - Processing /home/airflow/.local/lib/python3.12/site-packages/airflow/example_dags/example_python_decorator.py took 0.060 seconds
[2025-01-20T19:20:03.345+0000] {processor.py:186} INFO - Started process (PID=1116) to work on /home/airflow/.local/lib/python3.12/site-packages/airflow/example_dags/example_python_decorator.py
[2025-01-20T19:20:03.345+0000] {processor.py:914} INFO - Processing file /home/airflow/.local/lib/python3.12/site-packages/airflow/example_dags/example_python_decorator.py for tasks to queue
[2025-01-20T19:20:03.347+0000] {logging_mixin.py:190} INFO - [2025-01-20T19:20:03.347+0000] {dagbag.py:588} INFO - Filling up the DagBag from /home/airflow/.local/lib/python3.12/site-packages/airflow/example_dags/example_python_decorator.py
[2025-01-20T19:20:03.361+0000] {processor.py:925} INFO - DAG(s) 'example_python_decorator' retrieved from /home/airflow/.local/lib/python3.12/site-packages/airflow/example_dags/example_python_decorator.py
[2025-01-20T19:20:03.382+0000] {logging_mixin.py:190} INFO - [2025-01-20T19:20:03.381+0000] {dag.py:3239} INFO - Sync 1 DAGs
[2025-01-20T19:20:03.396+0000] {logging_mixin.py:190} INFO - [2025-01-20T19:20:03.396+0000] {dag.py:4180} INFO - Setting next_dagrun for example_python_decorator to None, run_after=None
[2025-01-20T19:20:03.412+0000] {processor.py:208} INFO - Processing /home/airflow/.local/lib/python3.12/site-packages/airflow/example_dags/example_python_decorator.py took 0.072 seconds
[2025-01-20T19:20:34.402+0000] {processor.py:186} INFO - Started process (PID=1179) to work on /home/airflow/.local/lib/python3.12/site-packages/airflow/example_dags/example_python_decorator.py
[2025-01-20T19:20:34.402+0000] {processor.py:914} INFO - Processing file /home/airflow/.local/lib/python3.12/site-packages/airflow/example_dags/example_python_decorator.py for tasks to queue
[2025-01-20T19:20:34.404+0000] {logging_mixin.py:190} INFO - [2025-01-20T19:20:34.404+0000] {dagbag.py:588} INFO - Filling up the DagBag from /home/airflow/.local/lib/python3.12/site-packages/airflow/example_dags/example_python_decorator.py
[2025-01-20T19:20:34.415+0000] {processor.py:925} INFO - DAG(s) 'example_python_decorator' retrieved from /home/airflow/.local/lib/python3.12/site-packages/airflow/example_dags/example_python_decorator.py
[2025-01-20T19:20:34.433+0000] {logging_mixin.py:190} INFO - [2025-01-20T19:20:34.432+0000] {dag.py:3239} INFO - Sync 1 DAGs
[2025-01-20T19:20:34.445+0000] {logging_mixin.py:190} INFO - [2025-01-20T19:20:34.445+0000] {dag.py:4180} INFO - Setting next_dagrun for example_python_decorator to None, run_after=None
[2025-01-20T19:20:34.459+0000] {processor.py:208} INFO - Processing /home/airflow/.local/lib/python3.12/site-packages/airflow/example_dags/example_python_decorator.py took 0.063 seconds
[2025-01-20T19:21:05.637+0000] {processor.py:186} INFO - Started process (PID=1242) to work on /home/airflow/.local/lib/python3.12/site-packages/airflow/example_dags/example_python_decorator.py
[2025-01-20T19:21:05.637+0000] {processor.py:914} INFO - Processing file /home/airflow/.local/lib/python3.12/site-packages/airflow/example_dags/example_python_decorator.py for tasks to queue
[2025-01-20T19:21:05.640+0000] {logging_mixin.py:190} INFO - [2025-01-20T19:21:05.639+0000] {dagbag.py:588} INFO - Filling up the DagBag from /home/airflow/.local/lib/python3.12/site-packages/airflow/example_dags/example_python_decorator.py
[2025-01-20T19:21:05.654+0000] {processor.py:925} INFO - DAG(s) 'example_python_decorator' retrieved from /home/airflow/.local/lib/python3.12/site-packages/airflow/example_dags/example_python_decorator.py
[2025-01-20T19:21:05.688+0000] {logging_mixin.py:190} INFO - [2025-01-20T19:21:05.688+0000] {dag.py:3239} INFO - Sync 1 DAGs
[2025-01-20T19:21:05.703+0000] {logging_mixin.py:190} INFO - [2025-01-20T19:21:05.702+0000] {dag.py:4180} INFO - Setting next_dagrun for example_python_decorator to None, run_after=None
[2025-01-20T19:21:05.719+0000] {processor.py:208} INFO - Processing /home/airflow/.local/lib/python3.12/site-packages/airflow/example_dags/example_python_decorator.py took 0.088 seconds
[2025-01-20T19:21:37.108+0000] {processor.py:186} INFO - Started process (PID=1305) to work on /home/airflow/.local/lib/python3.12/site-packages/airflow/example_dags/example_python_decorator.py
[2025-01-20T19:21:37.109+0000] {processor.py:914} INFO - Processing file /home/airflow/.local/lib/python3.12/site-packages/airflow/example_dags/example_python_decorator.py for tasks to queue
[2025-01-20T19:21:37.111+0000] {logging_mixin.py:190} INFO - [2025-01-20T19:21:37.110+0000] {dagbag.py:588} INFO - Filling up the DagBag from /home/airflow/.local/lib/python3.12/site-packages/airflow/example_dags/example_python_decorator.py
[2025-01-20T19:21:37.126+0000] {processor.py:925} INFO - DAG(s) 'example_python_decorator' retrieved from /home/airflow/.local/lib/python3.12/site-packages/airflow/example_dags/example_python_decorator.py
[2025-01-20T19:21:37.145+0000] {logging_mixin.py:190} INFO - [2025-01-20T19:21:37.145+0000] {dag.py:3239} INFO - Sync 1 DAGs
[2025-01-20T19:21:37.156+0000] {logging_mixin.py:190} INFO - [2025-01-20T19:21:37.156+0000] {dag.py:4180} INFO - Setting next_dagrun for example_python_decorator to None, run_after=None
[2025-01-20T19:21:37.169+0000] {processor.py:208} INFO - Processing /home/airflow/.local/lib/python3.12/site-packages/airflow/example_dags/example_python_decorator.py took 0.067 seconds
[2025-01-20T19:22:08.345+0000] {processor.py:186} INFO - Started process (PID=1368) to work on /home/airflow/.local/lib/python3.12/site-packages/airflow/example_dags/example_python_decorator.py
[2025-01-20T19:22:08.346+0000] {processor.py:914} INFO - Processing file /home/airflow/.local/lib/python3.12/site-packages/airflow/example_dags/example_python_decorator.py for tasks to queue
[2025-01-20T19:22:08.348+0000] {logging_mixin.py:190} INFO - [2025-01-20T19:22:08.348+0000] {dagbag.py:588} INFO - Filling up the DagBag from /home/airflow/.local/lib/python3.12/site-packages/airflow/example_dags/example_python_decorator.py
[2025-01-20T19:22:08.363+0000] {processor.py:925} INFO - DAG(s) 'example_python_decorator' retrieved from /home/airflow/.local/lib/python3.12/site-packages/airflow/example_dags/example_python_decorator.py
[2025-01-20T19:22:08.385+0000] {logging_mixin.py:190} INFO - [2025-01-20T19:22:08.384+0000] {dag.py:3239} INFO - Sync 1 DAGs
[2025-01-20T19:22:08.401+0000] {logging_mixin.py:190} INFO - [2025-01-20T19:22:08.401+0000] {dag.py:4180} INFO - Setting next_dagrun for example_python_decorator to None, run_after=None
[2025-01-20T19:22:08.415+0000] {processor.py:208} INFO - Processing /home/airflow/.local/lib/python3.12/site-packages/airflow/example_dags/example_python_decorator.py took 0.075 seconds
[2025-01-20T19:22:39.412+0000] {processor.py:186} INFO - Started process (PID=1431) to work on /home/airflow/.local/lib/python3.12/site-packages/airflow/example_dags/example_python_decorator.py
[2025-01-20T19:22:39.412+0000] {processor.py:914} INFO - Processing file /home/airflow/.local/lib/python3.12/site-packages/airflow/example_dags/example_python_decorator.py for tasks to queue
[2025-01-20T19:22:39.414+0000] {logging_mixin.py:190} INFO - [2025-01-20T19:22:39.414+0000] {dagbag.py:588} INFO - Filling up the DagBag from /home/airflow/.local/lib/python3.12/site-packages/airflow/example_dags/example_python_decorator.py
[2025-01-20T19:22:39.427+0000] {processor.py:925} INFO - DAG(s) 'example_python_decorator' retrieved from /home/airflow/.local/lib/python3.12/site-packages/airflow/example_dags/example_python_decorator.py
[2025-01-20T19:22:39.445+0000] {logging_mixin.py:190} INFO - [2025-01-20T19:22:39.445+0000] {dag.py:3239} INFO - Sync 1 DAGs
[2025-01-20T19:22:39.458+0000] {logging_mixin.py:190} INFO - [2025-01-20T19:22:39.458+0000] {dag.py:4180} INFO - Setting next_dagrun for example_python_decorator to None, run_after=None
[2025-01-20T19:22:39.472+0000] {processor.py:208} INFO - Processing /home/airflow/.local/lib/python3.12/site-packages/airflow/example_dags/example_python_decorator.py took 0.065 seconds
[2025-01-20T19:23:10.515+0000] {processor.py:186} INFO - Started process (PID=1494) to work on /home/airflow/.local/lib/python3.12/site-packages/airflow/example_dags/example_python_decorator.py
[2025-01-20T19:23:10.516+0000] {processor.py:914} INFO - Processing file /home/airflow/.local/lib/python3.12/site-packages/airflow/example_dags/example_python_decorator.py for tasks to queue
[2025-01-20T19:23:10.518+0000] {logging_mixin.py:190} INFO - [2025-01-20T19:23:10.517+0000] {dagbag.py:588} INFO - Filling up the DagBag from /home/airflow/.local/lib/python3.12/site-packages/airflow/example_dags/example_python_decorator.py
[2025-01-20T19:23:10.528+0000] {processor.py:925} INFO - DAG(s) 'example_python_decorator' retrieved from /home/airflow/.local/lib/python3.12/site-packages/airflow/example_dags/example_python_decorator.py
[2025-01-20T19:23:10.544+0000] {logging_mixin.py:190} INFO - [2025-01-20T19:23:10.544+0000] {dag.py:3239} INFO - Sync 1 DAGs
[2025-01-20T19:23:10.555+0000] {logging_mixin.py:190} INFO - [2025-01-20T19:23:10.555+0000] {dag.py:4180} INFO - Setting next_dagrun for example_python_decorator to None, run_after=None
[2025-01-20T19:23:10.567+0000] {processor.py:208} INFO - Processing /home/airflow/.local/lib/python3.12/site-packages/airflow/example_dags/example_python_decorator.py took 0.057 seconds
[2025-01-20T19:23:41.793+0000] {processor.py:186} INFO - Started process (PID=1557) to work on /home/airflow/.local/lib/python3.12/site-packages/airflow/example_dags/example_python_decorator.py
[2025-01-20T19:23:41.794+0000] {processor.py:914} INFO - Processing file /home/airflow/.local/lib/python3.12/site-packages/airflow/example_dags/example_python_decorator.py for tasks to queue
[2025-01-20T19:23:41.795+0000] {logging_mixin.py:190} INFO - [2025-01-20T19:23:41.795+0000] {dagbag.py:588} INFO - Filling up the DagBag from /home/airflow/.local/lib/python3.12/site-packages/airflow/example_dags/example_python_decorator.py
[2025-01-20T19:23:41.806+0000] {processor.py:925} INFO - DAG(s) 'example_python_decorator' retrieved from /home/airflow/.local/lib/python3.12/site-packages/airflow/example_dags/example_python_decorator.py
[2025-01-20T19:23:41.827+0000] {logging_mixin.py:190} INFO - [2025-01-20T19:23:41.827+0000] {dag.py:3239} INFO - Sync 1 DAGs
[2025-01-20T19:23:41.841+0000] {logging_mixin.py:190} INFO - [2025-01-20T19:23:41.841+0000] {dag.py:4180} INFO - Setting next_dagrun for example_python_decorator to None, run_after=None
[2025-01-20T19:23:41.854+0000] {processor.py:208} INFO - Processing /home/airflow/.local/lib/python3.12/site-packages/airflow/example_dags/example_python_decorator.py took 0.066 seconds
[2025-01-20T19:24:13.141+0000] {processor.py:186} INFO - Started process (PID=1620) to work on /home/airflow/.local/lib/python3.12/site-packages/airflow/example_dags/example_python_decorator.py
[2025-01-20T19:24:13.142+0000] {processor.py:914} INFO - Processing file /home/airflow/.local/lib/python3.12/site-packages/airflow/example_dags/example_python_decorator.py for tasks to queue
[2025-01-20T19:24:13.144+0000] {logging_mixin.py:190} INFO - [2025-01-20T19:24:13.144+0000] {dagbag.py:588} INFO - Filling up the DagBag from /home/airflow/.local/lib/python3.12/site-packages/airflow/example_dags/example_python_decorator.py
[2025-01-20T19:24:13.158+0000] {processor.py:925} INFO - DAG(s) 'example_python_decorator' retrieved from /home/airflow/.local/lib/python3.12/site-packages/airflow/example_dags/example_python_decorator.py
[2025-01-20T19:24:13.174+0000] {logging_mixin.py:190} INFO - [2025-01-20T19:24:13.174+0000] {dag.py:3239} INFO - Sync 1 DAGs
[2025-01-20T19:24:13.185+0000] {logging_mixin.py:190} INFO - [2025-01-20T19:24:13.185+0000] {dag.py:4180} INFO - Setting next_dagrun for example_python_decorator to None, run_after=None
[2025-01-20T19:24:13.198+0000] {processor.py:208} INFO - Processing /home/airflow/.local/lib/python3.12/site-packages/airflow/example_dags/example_python_decorator.py took 0.061 seconds
[2025-01-20T19:24:44.395+0000] {processor.py:186} INFO - Started process (PID=1689) to work on /home/airflow/.local/lib/python3.12/site-packages/airflow/example_dags/example_python_decorator.py
[2025-01-20T19:24:44.395+0000] {processor.py:914} INFO - Processing file /home/airflow/.local/lib/python3.12/site-packages/airflow/example_dags/example_python_decorator.py for tasks to queue
[2025-01-20T19:24:44.397+0000] {logging_mixin.py:190} INFO - [2025-01-20T19:24:44.397+0000] {dagbag.py:588} INFO - Filling up the DagBag from /home/airflow/.local/lib/python3.12/site-packages/airflow/example_dags/example_python_decorator.py
[2025-01-20T19:24:44.413+0000] {processor.py:925} INFO - DAG(s) 'example_python_decorator' retrieved from /home/airflow/.local/lib/python3.12/site-packages/airflow/example_dags/example_python_decorator.py
[2025-01-20T19:24:44.443+0000] {logging_mixin.py:190} INFO - [2025-01-20T19:24:44.443+0000] {dag.py:3239} INFO - Sync 1 DAGs
[2025-01-20T19:24:44.457+0000] {logging_mixin.py:190} INFO - [2025-01-20T19:24:44.457+0000] {dag.py:4180} INFO - Setting next_dagrun for example_python_decorator to None, run_after=None
[2025-01-20T19:24:44.471+0000] {processor.py:208} INFO - Processing /home/airflow/.local/lib/python3.12/site-packages/airflow/example_dags/example_python_decorator.py took 0.081 seconds
[2025-01-20T19:25:15.990+0000] {processor.py:186} INFO - Started process (PID=1752) to work on /home/airflow/.local/lib/python3.12/site-packages/airflow/example_dags/example_python_decorator.py
[2025-01-20T19:25:15.991+0000] {processor.py:914} INFO - Processing file /home/airflow/.local/lib/python3.12/site-packages/airflow/example_dags/example_python_decorator.py for tasks to queue
[2025-01-20T19:25:15.993+0000] {logging_mixin.py:190} INFO - [2025-01-20T19:25:15.993+0000] {dagbag.py:588} INFO - Filling up the DagBag from /home/airflow/.local/lib/python3.12/site-packages/airflow/example_dags/example_python_decorator.py
[2025-01-20T19:25:16.014+0000] {processor.py:925} INFO - DAG(s) 'example_python_decorator' retrieved from /home/airflow/.local/lib/python3.12/site-packages/airflow/example_dags/example_python_decorator.py
[2025-01-20T19:25:16.032+0000] {logging_mixin.py:190} INFO - [2025-01-20T19:25:16.032+0000] {dag.py:3239} INFO - Sync 1 DAGs
[2025-01-20T19:25:16.044+0000] {logging_mixin.py:190} INFO - [2025-01-20T19:25:16.044+0000] {dag.py:4180} INFO - Setting next_dagrun for example_python_decorator to None, run_after=None
[2025-01-20T19:25:16.059+0000] {processor.py:208} INFO - Processing /home/airflow/.local/lib/python3.12/site-packages/airflow/example_dags/example_python_decorator.py took 0.075 seconds
[2025-01-20T19:25:47.477+0000] {processor.py:186} INFO - Started process (PID=1815) to work on /home/airflow/.local/lib/python3.12/site-packages/airflow/example_dags/example_python_decorator.py
[2025-01-20T19:25:47.478+0000] {processor.py:914} INFO - Processing file /home/airflow/.local/lib/python3.12/site-packages/airflow/example_dags/example_python_decorator.py for tasks to queue
[2025-01-20T19:25:47.480+0000] {logging_mixin.py:190} INFO - [2025-01-20T19:25:47.480+0000] {dagbag.py:588} INFO - Filling up the DagBag from /home/airflow/.local/lib/python3.12/site-packages/airflow/example_dags/example_python_decorator.py
[2025-01-20T19:25:47.496+0000] {processor.py:925} INFO - DAG(s) 'example_python_decorator' retrieved from /home/airflow/.local/lib/python3.12/site-packages/airflow/example_dags/example_python_decorator.py
[2025-01-20T19:25:47.520+0000] {logging_mixin.py:190} INFO - [2025-01-20T19:25:47.520+0000] {dag.py:3239} INFO - Sync 1 DAGs
[2025-01-20T19:25:47.536+0000] {logging_mixin.py:190} INFO - [2025-01-20T19:25:47.536+0000] {dag.py:4180} INFO - Setting next_dagrun for example_python_decorator to None, run_after=None
[2025-01-20T19:25:47.573+0000] {processor.py:208} INFO - Processing /home/airflow/.local/lib/python3.12/site-packages/airflow/example_dags/example_python_decorator.py took 0.101 seconds
[2025-01-20T19:26:18.986+0000] {processor.py:186} INFO - Started process (PID=1878) to work on /home/airflow/.local/lib/python3.12/site-packages/airflow/example_dags/example_python_decorator.py
[2025-01-20T19:26:18.987+0000] {processor.py:914} INFO - Processing file /home/airflow/.local/lib/python3.12/site-packages/airflow/example_dags/example_python_decorator.py for tasks to queue
[2025-01-20T19:26:18.989+0000] {logging_mixin.py:190} INFO - [2025-01-20T19:26:18.988+0000] {dagbag.py:588} INFO - Filling up the DagBag from /home/airflow/.local/lib/python3.12/site-packages/airflow/example_dags/example_python_decorator.py
[2025-01-20T19:26:19.000+0000] {processor.py:925} INFO - DAG(s) 'example_python_decorator' retrieved from /home/airflow/.local/lib/python3.12/site-packages/airflow/example_dags/example_python_decorator.py
[2025-01-20T19:26:19.022+0000] {logging_mixin.py:190} INFO - [2025-01-20T19:26:19.021+0000] {dag.py:3239} INFO - Sync 1 DAGs
[2025-01-20T19:26:19.040+0000] {logging_mixin.py:190} INFO - [2025-01-20T19:26:19.040+0000] {dag.py:4180} INFO - Setting next_dagrun for example_python_decorator to None, run_after=None
[2025-01-20T19:26:19.056+0000] {processor.py:208} INFO - Processing /home/airflow/.local/lib/python3.12/site-packages/airflow/example_dags/example_python_decorator.py took 0.073 seconds
[2025-01-20T19:26:49.435+0000] {processor.py:186} INFO - Started process (PID=1942) to work on /home/airflow/.local/lib/python3.12/site-packages/airflow/example_dags/example_python_decorator.py
[2025-01-20T19:26:49.436+0000] {processor.py:914} INFO - Processing file /home/airflow/.local/lib/python3.12/site-packages/airflow/example_dags/example_python_decorator.py for tasks to queue
[2025-01-20T19:26:49.438+0000] {logging_mixin.py:190} INFO - [2025-01-20T19:26:49.438+0000] {dagbag.py:588} INFO - Filling up the DagBag from /home/airflow/.local/lib/python3.12/site-packages/airflow/example_dags/example_python_decorator.py
[2025-01-20T19:26:49.450+0000] {processor.py:925} INFO - DAG(s) 'example_python_decorator' retrieved from /home/airflow/.local/lib/python3.12/site-packages/airflow/example_dags/example_python_decorator.py
[2025-01-20T19:26:49.468+0000] {logging_mixin.py:190} INFO - [2025-01-20T19:26:49.468+0000] {dag.py:3239} INFO - Sync 1 DAGs
[2025-01-20T19:26:49.478+0000] {logging_mixin.py:190} INFO - [2025-01-20T19:26:49.478+0000] {dag.py:4180} INFO - Setting next_dagrun for example_python_decorator to None, run_after=None
[2025-01-20T19:26:49.491+0000] {processor.py:208} INFO - Processing /home/airflow/.local/lib/python3.12/site-packages/airflow/example_dags/example_python_decorator.py took 0.062 seconds
[2025-01-20T19:27:20.896+0000] {processor.py:186} INFO - Started process (PID=2007) to work on /home/airflow/.local/lib/python3.12/site-packages/airflow/example_dags/example_python_decorator.py
[2025-01-20T19:27:20.897+0000] {processor.py:914} INFO - Processing file /home/airflow/.local/lib/python3.12/site-packages/airflow/example_dags/example_python_decorator.py for tasks to queue
[2025-01-20T19:27:20.899+0000] {logging_mixin.py:190} INFO - [2025-01-20T19:27:20.898+0000] {dagbag.py:588} INFO - Filling up the DagBag from /home/airflow/.local/lib/python3.12/site-packages/airflow/example_dags/example_python_decorator.py
[2025-01-20T19:27:20.913+0000] {processor.py:925} INFO - DAG(s) 'example_python_decorator' retrieved from /home/airflow/.local/lib/python3.12/site-packages/airflow/example_dags/example_python_decorator.py
[2025-01-20T19:27:20.930+0000] {logging_mixin.py:190} INFO - [2025-01-20T19:27:20.930+0000] {dag.py:3239} INFO - Sync 1 DAGs
[2025-01-20T19:27:20.941+0000] {logging_mixin.py:190} INFO - [2025-01-20T19:27:20.941+0000] {dag.py:4180} INFO - Setting next_dagrun for example_python_decorator to None, run_after=None
[2025-01-20T19:27:20.954+0000] {processor.py:208} INFO - Processing /home/airflow/.local/lib/python3.12/site-packages/airflow/example_dags/example_python_decorator.py took 0.064 seconds
[2025-01-20T19:27:51.422+0000] {processor.py:186} INFO - Started process (PID=2072) to work on /home/airflow/.local/lib/python3.12/site-packages/airflow/example_dags/example_python_decorator.py
[2025-01-20T19:27:51.423+0000] {processor.py:914} INFO - Processing file /home/airflow/.local/lib/python3.12/site-packages/airflow/example_dags/example_python_decorator.py for tasks to queue
[2025-01-20T19:27:51.424+0000] {logging_mixin.py:190} INFO - [2025-01-20T19:27:51.424+0000] {dagbag.py:588} INFO - Filling up the DagBag from /home/airflow/.local/lib/python3.12/site-packages/airflow/example_dags/example_python_decorator.py
[2025-01-20T19:27:51.436+0000] {processor.py:925} INFO - DAG(s) 'example_python_decorator' retrieved from /home/airflow/.local/lib/python3.12/site-packages/airflow/example_dags/example_python_decorator.py
[2025-01-20T19:27:51.457+0000] {logging_mixin.py:190} INFO - [2025-01-20T19:27:51.457+0000] {dag.py:3239} INFO - Sync 1 DAGs
[2025-01-20T19:27:51.472+0000] {logging_mixin.py:190} INFO - [2025-01-20T19:27:51.472+0000] {dag.py:4180} INFO - Setting next_dagrun for example_python_decorator to None, run_after=None
[2025-01-20T19:27:51.487+0000] {processor.py:208} INFO - Processing /home/airflow/.local/lib/python3.12/site-packages/airflow/example_dags/example_python_decorator.py took 0.070 seconds
[2025-01-20T19:28:22.919+0000] {processor.py:186} INFO - Started process (PID=2136) to work on /home/airflow/.local/lib/python3.12/site-packages/airflow/example_dags/example_python_decorator.py
[2025-01-20T19:28:22.919+0000] {processor.py:914} INFO - Processing file /home/airflow/.local/lib/python3.12/site-packages/airflow/example_dags/example_python_decorator.py for tasks to queue
[2025-01-20T19:28:22.922+0000] {logging_mixin.py:190} INFO - [2025-01-20T19:28:22.921+0000] {dagbag.py:588} INFO - Filling up the DagBag from /home/airflow/.local/lib/python3.12/site-packages/airflow/example_dags/example_python_decorator.py
[2025-01-20T19:28:22.939+0000] {processor.py:925} INFO - DAG(s) 'example_python_decorator' retrieved from /home/airflow/.local/lib/python3.12/site-packages/airflow/example_dags/example_python_decorator.py
[2025-01-20T19:28:22.963+0000] {logging_mixin.py:190} INFO - [2025-01-20T19:28:22.962+0000] {dag.py:3239} INFO - Sync 1 DAGs
[2025-01-20T19:28:22.978+0000] {logging_mixin.py:190} INFO - [2025-01-20T19:28:22.978+0000] {dag.py:4180} INFO - Setting next_dagrun for example_python_decorator to None, run_after=None
[2025-01-20T19:28:22.992+0000] {processor.py:208} INFO - Processing /home/airflow/.local/lib/python3.12/site-packages/airflow/example_dags/example_python_decorator.py took 0.080 seconds
[2025-01-20T19:28:53.772+0000] {processor.py:186} INFO - Started process (PID=2199) to work on /home/airflow/.local/lib/python3.12/site-packages/airflow/example_dags/example_python_decorator.py
[2025-01-20T19:28:53.772+0000] {processor.py:914} INFO - Processing file /home/airflow/.local/lib/python3.12/site-packages/airflow/example_dags/example_python_decorator.py for tasks to queue
[2025-01-20T19:28:53.774+0000] {logging_mixin.py:190} INFO - [2025-01-20T19:28:53.774+0000] {dagbag.py:588} INFO - Filling up the DagBag from /home/airflow/.local/lib/python3.12/site-packages/airflow/example_dags/example_python_decorator.py
[2025-01-20T19:28:53.786+0000] {processor.py:925} INFO - DAG(s) 'example_python_decorator' retrieved from /home/airflow/.local/lib/python3.12/site-packages/airflow/example_dags/example_python_decorator.py
[2025-01-20T19:28:53.807+0000] {logging_mixin.py:190} INFO - [2025-01-20T19:28:53.807+0000] {dag.py:3239} INFO - Sync 1 DAGs
[2025-01-20T19:28:53.822+0000] {logging_mixin.py:190} INFO - [2025-01-20T19:28:53.822+0000] {dag.py:4180} INFO - Setting next_dagrun for example_python_decorator to None, run_after=None
[2025-01-20T19:28:53.834+0000] {processor.py:208} INFO - Processing /home/airflow/.local/lib/python3.12/site-packages/airflow/example_dags/example_python_decorator.py took 0.067 seconds
[2025-01-20T19:29:25.003+0000] {processor.py:186} INFO - Started process (PID=2263) to work on /home/airflow/.local/lib/python3.12/site-packages/airflow/example_dags/example_python_decorator.py
[2025-01-20T19:29:25.004+0000] {processor.py:914} INFO - Processing file /home/airflow/.local/lib/python3.12/site-packages/airflow/example_dags/example_python_decorator.py for tasks to queue
[2025-01-20T19:29:25.005+0000] {logging_mixin.py:190} INFO - [2025-01-20T19:29:25.005+0000] {dagbag.py:588} INFO - Filling up the DagBag from /home/airflow/.local/lib/python3.12/site-packages/airflow/example_dags/example_python_decorator.py
[2025-01-20T19:29:25.021+0000] {processor.py:925} INFO - DAG(s) 'example_python_decorator' retrieved from /home/airflow/.local/lib/python3.12/site-packages/airflow/example_dags/example_python_decorator.py
[2025-01-20T19:29:25.038+0000] {logging_mixin.py:190} INFO - [2025-01-20T19:29:25.038+0000] {dag.py:3239} INFO - Sync 1 DAGs
[2025-01-20T19:29:25.049+0000] {logging_mixin.py:190} INFO - [2025-01-20T19:29:25.049+0000] {dag.py:4180} INFO - Setting next_dagrun for example_python_decorator to None, run_after=None
[2025-01-20T19:29:25.061+0000] {processor.py:208} INFO - Processing /home/airflow/.local/lib/python3.12/site-packages/airflow/example_dags/example_python_decorator.py took 0.064 seconds
[2025-01-20T19:29:56.789+0000] {processor.py:186} INFO - Started process (PID=2328) to work on /home/airflow/.local/lib/python3.12/site-packages/airflow/example_dags/example_python_decorator.py
[2025-01-20T19:29:56.790+0000] {processor.py:914} INFO - Processing file /home/airflow/.local/lib/python3.12/site-packages/airflow/example_dags/example_python_decorator.py for tasks to queue
[2025-01-20T19:29:56.791+0000] {logging_mixin.py:190} INFO - [2025-01-20T19:29:56.791+0000] {dagbag.py:588} INFO - Filling up the DagBag from /home/airflow/.local/lib/python3.12/site-packages/airflow/example_dags/example_python_decorator.py
[2025-01-20T19:29:56.802+0000] {processor.py:925} INFO - DAG(s) 'example_python_decorator' retrieved from /home/airflow/.local/lib/python3.12/site-packages/airflow/example_dags/example_python_decorator.py
[2025-01-20T19:29:56.819+0000] {logging_mixin.py:190} INFO - [2025-01-20T19:29:56.819+0000] {dag.py:3239} INFO - Sync 1 DAGs
[2025-01-20T19:29:56.829+0000] {logging_mixin.py:190} INFO - [2025-01-20T19:29:56.829+0000] {dag.py:4180} INFO - Setting next_dagrun for example_python_decorator to None, run_after=None
[2025-01-20T19:29:56.842+0000] {processor.py:208} INFO - Processing /home/airflow/.local/lib/python3.12/site-packages/airflow/example_dags/example_python_decorator.py took 0.057 seconds
[2025-01-20T19:30:27.920+0000] {processor.py:186} INFO - Started process (PID=2392) to work on /home/airflow/.local/lib/python3.12/site-packages/airflow/example_dags/example_python_decorator.py
[2025-01-20T19:30:27.920+0000] {processor.py:914} INFO - Processing file /home/airflow/.local/lib/python3.12/site-packages/airflow/example_dags/example_python_decorator.py for tasks to queue
[2025-01-20T19:30:27.922+0000] {logging_mixin.py:190} INFO - [2025-01-20T19:30:27.922+0000] {dagbag.py:588} INFO - Filling up the DagBag from /home/airflow/.local/lib/python3.12/site-packages/airflow/example_dags/example_python_decorator.py
[2025-01-20T19:30:27.933+0000] {processor.py:925} INFO - DAG(s) 'example_python_decorator' retrieved from /home/airflow/.local/lib/python3.12/site-packages/airflow/example_dags/example_python_decorator.py
[2025-01-20T19:30:27.950+0000] {logging_mixin.py:190} INFO - [2025-01-20T19:30:27.950+0000] {dag.py:3239} INFO - Sync 1 DAGs
[2025-01-20T19:30:27.961+0000] {logging_mixin.py:190} INFO - [2025-01-20T19:30:27.961+0000] {dag.py:4180} INFO - Setting next_dagrun for example_python_decorator to None, run_after=None
[2025-01-20T19:30:27.975+0000] {processor.py:208} INFO - Processing /home/airflow/.local/lib/python3.12/site-packages/airflow/example_dags/example_python_decorator.py took 0.060 seconds
