[2025-01-20T19:11:39.962+0000] {processor.py:186} INFO - Started process (PID=64) to work on /home/airflow/.local/lib/python3.12/site-packages/airflow/example_dags/example_branch_python_dop_operator_3.py
[2025-01-20T19:11:39.962+0000] {processor.py:914} INFO - Processing file /home/airflow/.local/lib/python3.12/site-packages/airflow/example_dags/example_branch_python_dop_operator_3.py for tasks to queue
[2025-01-20T19:11:39.965+0000] {logging_mixin.py:190} INFO - [2025-01-20T19:11:39.965+0000] {dagbag.py:588} INFO - Filling up the DagBag from /home/airflow/.local/lib/python3.12/site-packages/airflow/example_dags/example_branch_python_dop_operator_3.py
[2025-01-20T19:11:39.981+0000] {processor.py:925} INFO - DAG(s) 'example_branch_dop_operator_v3' retrieved from /home/airflow/.local/lib/python3.12/site-packages/airflow/example_dags/example_branch_python_dop_operator_3.py
[2025-01-20T19:11:40.125+0000] {logging_mixin.py:190} INFO - [2025-01-20T19:11:40.124+0000] {override.py:1911} INFO - Created Permission View: can edit on DAG:example_branch_dop_operator_v3
[2025-01-20T19:11:40.144+0000] {logging_mixin.py:190} INFO - [2025-01-20T19:11:40.144+0000] {override.py:1911} INFO - Created Permission View: can delete on DAG:example_branch_dop_operator_v3
[2025-01-20T19:11:40.149+0000] {logging_mixin.py:190} INFO - [2025-01-20T19:11:40.149+0000] {override.py:1911} INFO - Created Permission View: can read on DAG:example_branch_dop_operator_v3
[2025-01-20T19:11:40.155+0000] {logging_mixin.py:190} INFO - [2025-01-20T19:11:40.155+0000] {override.py:1911} INFO - Created Permission View: can create on DAG Run:example_branch_dop_operator_v3
[2025-01-20T19:11:40.162+0000] {logging_mixin.py:190} INFO - [2025-01-20T19:11:40.162+0000] {override.py:1911} INFO - Created Permission View: can delete on DAG Run:example_branch_dop_operator_v3
[2025-01-20T19:11:40.168+0000] {logging_mixin.py:190} INFO - [2025-01-20T19:11:40.167+0000] {override.py:1911} INFO - Created Permission View: menu access on DAG Run:example_branch_dop_operator_v3
[2025-01-20T19:11:40.173+0000] {logging_mixin.py:190} INFO - [2025-01-20T19:11:40.173+0000] {override.py:1911} INFO - Created Permission View: can read on DAG Run:example_branch_dop_operator_v3
[2025-01-20T19:11:40.173+0000] {logging_mixin.py:190} INFO - [2025-01-20T19:11:40.173+0000] {dag.py:3239} INFO - Sync 1 DAGs
[2025-01-20T19:11:40.187+0000] {logging_mixin.py:190} INFO - [2025-01-20T19:11:40.187+0000] {dag.py:3262} INFO - Creating ORM DAG for example_branch_dop_operator_v3
[2025-01-20T19:11:40.202+0000] {logging_mixin.py:190} INFO - [2025-01-20T19:11:40.202+0000] {dag.py:4180} INFO - Setting next_dagrun for example_branch_dop_operator_v3 to 2025-01-20 19:10:00+00:00, run_after=2025-01-20 19:11:00+00:00
[2025-01-20T19:11:40.217+0000] {processor.py:208} INFO - Processing /home/airflow/.local/lib/python3.12/site-packages/airflow/example_dags/example_branch_python_dop_operator_3.py took 0.262 seconds
[2025-01-20T19:12:11.078+0000] {processor.py:186} INFO - Started process (PID=127) to work on /home/airflow/.local/lib/python3.12/site-packages/airflow/example_dags/example_branch_python_dop_operator_3.py
[2025-01-20T19:12:11.079+0000] {processor.py:914} INFO - Processing file /home/airflow/.local/lib/python3.12/site-packages/airflow/example_dags/example_branch_python_dop_operator_3.py for tasks to queue
[2025-01-20T19:12:11.081+0000] {logging_mixin.py:190} INFO - [2025-01-20T19:12:11.081+0000] {dagbag.py:588} INFO - Filling up the DagBag from /home/airflow/.local/lib/python3.12/site-packages/airflow/example_dags/example_branch_python_dop_operator_3.py
[2025-01-20T19:12:11.089+0000] {processor.py:925} INFO - DAG(s) 'example_branch_dop_operator_v3' retrieved from /home/airflow/.local/lib/python3.12/site-packages/airflow/example_dags/example_branch_python_dop_operator_3.py
[2025-01-20T19:12:11.105+0000] {logging_mixin.py:190} INFO - [2025-01-20T19:12:11.105+0000] {dag.py:3239} INFO - Sync 1 DAGs
[2025-01-20T19:12:11.134+0000] {logging_mixin.py:190} INFO - [2025-01-20T19:12:11.133+0000] {dag.py:4180} INFO - Setting next_dagrun for example_branch_dop_operator_v3 to 2025-01-20 19:11:00+00:00, run_after=2025-01-20 19:12:00+00:00
[2025-01-20T19:12:11.150+0000] {processor.py:208} INFO - Processing /home/airflow/.local/lib/python3.12/site-packages/airflow/example_dags/example_branch_python_dop_operator_3.py took 0.077 seconds
[2025-01-20T19:12:41.510+0000] {processor.py:186} INFO - Started process (PID=190) to work on /home/airflow/.local/lib/python3.12/site-packages/airflow/example_dags/example_branch_python_dop_operator_3.py
[2025-01-20T19:12:41.511+0000] {processor.py:914} INFO - Processing file /home/airflow/.local/lib/python3.12/site-packages/airflow/example_dags/example_branch_python_dop_operator_3.py for tasks to queue
[2025-01-20T19:12:41.513+0000] {logging_mixin.py:190} INFO - [2025-01-20T19:12:41.512+0000] {dagbag.py:588} INFO - Filling up the DagBag from /home/airflow/.local/lib/python3.12/site-packages/airflow/example_dags/example_branch_python_dop_operator_3.py
[2025-01-20T19:12:41.520+0000] {processor.py:925} INFO - DAG(s) 'example_branch_dop_operator_v3' retrieved from /home/airflow/.local/lib/python3.12/site-packages/airflow/example_dags/example_branch_python_dop_operator_3.py
[2025-01-20T19:12:41.538+0000] {logging_mixin.py:190} INFO - [2025-01-20T19:12:41.538+0000] {dag.py:3239} INFO - Sync 1 DAGs
[2025-01-20T19:12:41.565+0000] {logging_mixin.py:190} INFO - [2025-01-20T19:12:41.565+0000] {dag.py:4180} INFO - Setting next_dagrun for example_branch_dop_operator_v3 to 2025-01-20 19:11:00+00:00, run_after=2025-01-20 19:12:00+00:00
[2025-01-20T19:12:41.579+0000] {processor.py:208} INFO - Processing /home/airflow/.local/lib/python3.12/site-packages/airflow/example_dags/example_branch_python_dop_operator_3.py took 0.073 seconds
[2025-01-20T19:13:12.277+0000] {processor.py:186} INFO - Started process (PID=259) to work on /home/airflow/.local/lib/python3.12/site-packages/airflow/example_dags/example_branch_python_dop_operator_3.py
[2025-01-20T19:13:12.278+0000] {processor.py:914} INFO - Processing file /home/airflow/.local/lib/python3.12/site-packages/airflow/example_dags/example_branch_python_dop_operator_3.py for tasks to queue
[2025-01-20T19:13:12.280+0000] {logging_mixin.py:190} INFO - [2025-01-20T19:13:12.279+0000] {dagbag.py:588} INFO - Filling up the DagBag from /home/airflow/.local/lib/python3.12/site-packages/airflow/example_dags/example_branch_python_dop_operator_3.py
[2025-01-20T19:13:12.290+0000] {processor.py:925} INFO - DAG(s) 'example_branch_dop_operator_v3' retrieved from /home/airflow/.local/lib/python3.12/site-packages/airflow/example_dags/example_branch_python_dop_operator_3.py
[2025-01-20T19:13:12.309+0000] {logging_mixin.py:190} INFO - [2025-01-20T19:13:12.309+0000] {dag.py:3239} INFO - Sync 1 DAGs
[2025-01-20T19:13:12.339+0000] {logging_mixin.py:190} INFO - [2025-01-20T19:13:12.339+0000] {dag.py:4180} INFO - Setting next_dagrun for example_branch_dop_operator_v3 to 2025-01-20 19:12:00+00:00, run_after=2025-01-20 19:13:00+00:00
[2025-01-20T19:13:12.353+0000] {processor.py:208} INFO - Processing /home/airflow/.local/lib/python3.12/site-packages/airflow/example_dags/example_branch_python_dop_operator_3.py took 0.081 seconds
[2025-01-20T19:13:42.707+0000] {processor.py:186} INFO - Started process (PID=322) to work on /home/airflow/.local/lib/python3.12/site-packages/airflow/example_dags/example_branch_python_dop_operator_3.py
[2025-01-20T19:13:42.708+0000] {processor.py:914} INFO - Processing file /home/airflow/.local/lib/python3.12/site-packages/airflow/example_dags/example_branch_python_dop_operator_3.py for tasks to queue
[2025-01-20T19:13:42.710+0000] {logging_mixin.py:190} INFO - [2025-01-20T19:13:42.709+0000] {dagbag.py:588} INFO - Filling up the DagBag from /home/airflow/.local/lib/python3.12/site-packages/airflow/example_dags/example_branch_python_dop_operator_3.py
[2025-01-20T19:13:42.718+0000] {processor.py:925} INFO - DAG(s) 'example_branch_dop_operator_v3' retrieved from /home/airflow/.local/lib/python3.12/site-packages/airflow/example_dags/example_branch_python_dop_operator_3.py
[2025-01-20T19:13:42.736+0000] {logging_mixin.py:190} INFO - [2025-01-20T19:13:42.736+0000] {dag.py:3239} INFO - Sync 1 DAGs
[2025-01-20T19:13:42.764+0000] {logging_mixin.py:190} INFO - [2025-01-20T19:13:42.764+0000] {dag.py:4180} INFO - Setting next_dagrun for example_branch_dop_operator_v3 to 2025-01-20 19:12:00+00:00, run_after=2025-01-20 19:13:00+00:00
[2025-01-20T19:13:42.778+0000] {processor.py:208} INFO - Processing /home/airflow/.local/lib/python3.12/site-packages/airflow/example_dags/example_branch_python_dop_operator_3.py took 0.075 seconds
[2025-01-20T19:14:13.499+0000] {processor.py:186} INFO - Started process (PID=385) to work on /home/airflow/.local/lib/python3.12/site-packages/airflow/example_dags/example_branch_python_dop_operator_3.py
[2025-01-20T19:14:13.500+0000] {processor.py:914} INFO - Processing file /home/airflow/.local/lib/python3.12/site-packages/airflow/example_dags/example_branch_python_dop_operator_3.py for tasks to queue
[2025-01-20T19:14:13.503+0000] {logging_mixin.py:190} INFO - [2025-01-20T19:14:13.503+0000] {dagbag.py:588} INFO - Filling up the DagBag from /home/airflow/.local/lib/python3.12/site-packages/airflow/example_dags/example_branch_python_dop_operator_3.py
[2025-01-20T19:14:13.513+0000] {processor.py:925} INFO - DAG(s) 'example_branch_dop_operator_v3' retrieved from /home/airflow/.local/lib/python3.12/site-packages/airflow/example_dags/example_branch_python_dop_operator_3.py
[2025-01-20T19:14:13.531+0000] {logging_mixin.py:190} INFO - [2025-01-20T19:14:13.530+0000] {dag.py:3239} INFO - Sync 1 DAGs
[2025-01-20T19:14:13.557+0000] {logging_mixin.py:190} INFO - [2025-01-20T19:14:13.557+0000] {dag.py:4180} INFO - Setting next_dagrun for example_branch_dop_operator_v3 to 2025-01-20 19:13:00+00:00, run_after=2025-01-20 19:14:00+00:00
[2025-01-20T19:14:13.572+0000] {processor.py:208} INFO - Processing /home/airflow/.local/lib/python3.12/site-packages/airflow/example_dags/example_branch_python_dop_operator_3.py took 0.078 seconds
[2025-01-20T19:14:43.664+0000] {processor.py:186} INFO - Started process (PID=448) to work on /home/airflow/.local/lib/python3.12/site-packages/airflow/example_dags/example_branch_python_dop_operator_3.py
[2025-01-20T19:14:43.665+0000] {processor.py:914} INFO - Processing file /home/airflow/.local/lib/python3.12/site-packages/airflow/example_dags/example_branch_python_dop_operator_3.py for tasks to queue
[2025-01-20T19:14:43.666+0000] {logging_mixin.py:190} INFO - [2025-01-20T19:14:43.666+0000] {dagbag.py:588} INFO - Filling up the DagBag from /home/airflow/.local/lib/python3.12/site-packages/airflow/example_dags/example_branch_python_dop_operator_3.py
[2025-01-20T19:14:43.674+0000] {processor.py:925} INFO - DAG(s) 'example_branch_dop_operator_v3' retrieved from /home/airflow/.local/lib/python3.12/site-packages/airflow/example_dags/example_branch_python_dop_operator_3.py
[2025-01-20T19:14:43.691+0000] {logging_mixin.py:190} INFO - [2025-01-20T19:14:43.691+0000] {dag.py:3239} INFO - Sync 1 DAGs
[2025-01-20T19:14:43.718+0000] {logging_mixin.py:190} INFO - [2025-01-20T19:14:43.718+0000] {dag.py:4180} INFO - Setting next_dagrun for example_branch_dop_operator_v3 to 2025-01-20 19:13:00+00:00, run_after=2025-01-20 19:14:00+00:00
[2025-01-20T19:14:43.732+0000] {processor.py:208} INFO - Processing /home/airflow/.local/lib/python3.12/site-packages/airflow/example_dags/example_branch_python_dop_operator_3.py took 0.072 seconds
[2025-01-20T19:15:14.070+0000] {processor.py:186} INFO - Started process (PID=512) to work on /home/airflow/.local/lib/python3.12/site-packages/airflow/example_dags/example_branch_python_dop_operator_3.py
[2025-01-20T19:15:14.071+0000] {processor.py:914} INFO - Processing file /home/airflow/.local/lib/python3.12/site-packages/airflow/example_dags/example_branch_python_dop_operator_3.py for tasks to queue
[2025-01-20T19:15:14.073+0000] {logging_mixin.py:190} INFO - [2025-01-20T19:15:14.072+0000] {dagbag.py:588} INFO - Filling up the DagBag from /home/airflow/.local/lib/python3.12/site-packages/airflow/example_dags/example_branch_python_dop_operator_3.py
[2025-01-20T19:15:14.083+0000] {processor.py:925} INFO - DAG(s) 'example_branch_dop_operator_v3' retrieved from /home/airflow/.local/lib/python3.12/site-packages/airflow/example_dags/example_branch_python_dop_operator_3.py
[2025-01-20T19:15:14.100+0000] {logging_mixin.py:190} INFO - [2025-01-20T19:15:14.100+0000] {dag.py:3239} INFO - Sync 1 DAGs
[2025-01-20T19:15:14.127+0000] {logging_mixin.py:190} INFO - [2025-01-20T19:15:14.127+0000] {dag.py:4180} INFO - Setting next_dagrun for example_branch_dop_operator_v3 to 2025-01-20 19:14:00+00:00, run_after=2025-01-20 19:15:00+00:00
[2025-01-20T19:15:14.142+0000] {processor.py:208} INFO - Processing /home/airflow/.local/lib/python3.12/site-packages/airflow/example_dags/example_branch_python_dop_operator_3.py took 0.076 seconds
[2025-01-20T19:15:44.367+0000] {processor.py:186} INFO - Started process (PID=575) to work on /home/airflow/.local/lib/python3.12/site-packages/airflow/example_dags/example_branch_python_dop_operator_3.py
[2025-01-20T19:15:44.368+0000] {processor.py:914} INFO - Processing file /home/airflow/.local/lib/python3.12/site-packages/airflow/example_dags/example_branch_python_dop_operator_3.py for tasks to queue
[2025-01-20T19:15:44.370+0000] {logging_mixin.py:190} INFO - [2025-01-20T19:15:44.370+0000] {dagbag.py:588} INFO - Filling up the DagBag from /home/airflow/.local/lib/python3.12/site-packages/airflow/example_dags/example_branch_python_dop_operator_3.py
[2025-01-20T19:15:44.378+0000] {processor.py:925} INFO - DAG(s) 'example_branch_dop_operator_v3' retrieved from /home/airflow/.local/lib/python3.12/site-packages/airflow/example_dags/example_branch_python_dop_operator_3.py
[2025-01-20T19:15:44.395+0000] {logging_mixin.py:190} INFO - [2025-01-20T19:15:44.395+0000] {dag.py:3239} INFO - Sync 1 DAGs
[2025-01-20T19:15:44.419+0000] {logging_mixin.py:190} INFO - [2025-01-20T19:15:44.419+0000] {dag.py:4180} INFO - Setting next_dagrun for example_branch_dop_operator_v3 to 2025-01-20 19:14:00+00:00, run_after=2025-01-20 19:15:00+00:00
[2025-01-20T19:15:44.434+0000] {processor.py:208} INFO - Processing /home/airflow/.local/lib/python3.12/site-packages/airflow/example_dags/example_branch_python_dop_operator_3.py took 0.071 seconds
[2025-01-20T19:16:14.963+0000] {processor.py:186} INFO - Started process (PID=639) to work on /home/airflow/.local/lib/python3.12/site-packages/airflow/example_dags/example_branch_python_dop_operator_3.py
[2025-01-20T19:16:14.963+0000] {processor.py:914} INFO - Processing file /home/airflow/.local/lib/python3.12/site-packages/airflow/example_dags/example_branch_python_dop_operator_3.py for tasks to queue
[2025-01-20T19:16:14.966+0000] {logging_mixin.py:190} INFO - [2025-01-20T19:16:14.965+0000] {dagbag.py:588} INFO - Filling up the DagBag from /home/airflow/.local/lib/python3.12/site-packages/airflow/example_dags/example_branch_python_dop_operator_3.py
[2025-01-20T19:16:14.976+0000] {processor.py:925} INFO - DAG(s) 'example_branch_dop_operator_v3' retrieved from /home/airflow/.local/lib/python3.12/site-packages/airflow/example_dags/example_branch_python_dop_operator_3.py
[2025-01-20T19:16:15.003+0000] {logging_mixin.py:190} INFO - [2025-01-20T19:16:15.003+0000] {dag.py:3239} INFO - Sync 1 DAGs
[2025-01-20T19:16:15.038+0000] {logging_mixin.py:190} INFO - [2025-01-20T19:16:15.037+0000] {dag.py:4180} INFO - Setting next_dagrun for example_branch_dop_operator_v3 to 2025-01-20 19:15:00+00:00, run_after=2025-01-20 19:16:00+00:00
[2025-01-20T19:16:15.064+0000] {processor.py:208} INFO - Processing /home/airflow/.local/lib/python3.12/site-packages/airflow/example_dags/example_branch_python_dop_operator_3.py took 0.107 seconds
[2025-01-20T19:16:45.359+0000] {processor.py:186} INFO - Started process (PID=702) to work on /home/airflow/.local/lib/python3.12/site-packages/airflow/example_dags/example_branch_python_dop_operator_3.py
[2025-01-20T19:16:45.360+0000] {processor.py:914} INFO - Processing file /home/airflow/.local/lib/python3.12/site-packages/airflow/example_dags/example_branch_python_dop_operator_3.py for tasks to queue
[2025-01-20T19:16:45.362+0000] {logging_mixin.py:190} INFO - [2025-01-20T19:16:45.362+0000] {dagbag.py:588} INFO - Filling up the DagBag from /home/airflow/.local/lib/python3.12/site-packages/airflow/example_dags/example_branch_python_dop_operator_3.py
[2025-01-20T19:16:45.370+0000] {processor.py:925} INFO - DAG(s) 'example_branch_dop_operator_v3' retrieved from /home/airflow/.local/lib/python3.12/site-packages/airflow/example_dags/example_branch_python_dop_operator_3.py
[2025-01-20T19:16:45.387+0000] {logging_mixin.py:190} INFO - [2025-01-20T19:16:45.387+0000] {dag.py:3239} INFO - Sync 1 DAGs
[2025-01-20T19:16:45.410+0000] {logging_mixin.py:190} INFO - [2025-01-20T19:16:45.409+0000] {dag.py:4180} INFO - Setting next_dagrun for example_branch_dop_operator_v3 to 2025-01-20 19:15:00+00:00, run_after=2025-01-20 19:16:00+00:00
[2025-01-20T19:16:45.423+0000] {processor.py:208} INFO - Processing /home/airflow/.local/lib/python3.12/site-packages/airflow/example_dags/example_branch_python_dop_operator_3.py took 0.068 seconds
[2025-01-20T19:17:16.364+0000] {processor.py:186} INFO - Started process (PID=765) to work on /home/airflow/.local/lib/python3.12/site-packages/airflow/example_dags/example_branch_python_dop_operator_3.py
[2025-01-20T19:17:16.364+0000] {processor.py:914} INFO - Processing file /home/airflow/.local/lib/python3.12/site-packages/airflow/example_dags/example_branch_python_dop_operator_3.py for tasks to queue
[2025-01-20T19:17:16.366+0000] {logging_mixin.py:190} INFO - [2025-01-20T19:17:16.366+0000] {dagbag.py:588} INFO - Filling up the DagBag from /home/airflow/.local/lib/python3.12/site-packages/airflow/example_dags/example_branch_python_dop_operator_3.py
[2025-01-20T19:17:16.374+0000] {processor.py:925} INFO - DAG(s) 'example_branch_dop_operator_v3' retrieved from /home/airflow/.local/lib/python3.12/site-packages/airflow/example_dags/example_branch_python_dop_operator_3.py
[2025-01-20T19:17:16.389+0000] {logging_mixin.py:190} INFO - [2025-01-20T19:17:16.389+0000] {dag.py:3239} INFO - Sync 1 DAGs
[2025-01-20T19:17:16.409+0000] {logging_mixin.py:190} INFO - [2025-01-20T19:17:16.409+0000] {dag.py:4180} INFO - Setting next_dagrun for example_branch_dop_operator_v3 to 2025-01-20 19:16:00+00:00, run_after=2025-01-20 19:17:00+00:00
[2025-01-20T19:17:16.422+0000] {processor.py:208} INFO - Processing /home/airflow/.local/lib/python3.12/site-packages/airflow/example_dags/example_branch_python_dop_operator_3.py took 0.062 seconds
[2025-01-20T19:17:46.489+0000] {processor.py:186} INFO - Started process (PID=828) to work on /home/airflow/.local/lib/python3.12/site-packages/airflow/example_dags/example_branch_python_dop_operator_3.py
[2025-01-20T19:17:46.489+0000] {processor.py:914} INFO - Processing file /home/airflow/.local/lib/python3.12/site-packages/airflow/example_dags/example_branch_python_dop_operator_3.py for tasks to queue
[2025-01-20T19:17:46.491+0000] {logging_mixin.py:190} INFO - [2025-01-20T19:17:46.491+0000] {dagbag.py:588} INFO - Filling up the DagBag from /home/airflow/.local/lib/python3.12/site-packages/airflow/example_dags/example_branch_python_dop_operator_3.py
[2025-01-20T19:17:46.499+0000] {processor.py:925} INFO - DAG(s) 'example_branch_dop_operator_v3' retrieved from /home/airflow/.local/lib/python3.12/site-packages/airflow/example_dags/example_branch_python_dop_operator_3.py
[2025-01-20T19:17:46.513+0000] {logging_mixin.py:190} INFO - [2025-01-20T19:17:46.513+0000] {dag.py:3239} INFO - Sync 1 DAGs
[2025-01-20T19:17:46.537+0000] {logging_mixin.py:190} INFO - [2025-01-20T19:17:46.537+0000] {dag.py:4180} INFO - Setting next_dagrun for example_branch_dop_operator_v3 to 2025-01-20 19:16:00+00:00, run_after=2025-01-20 19:17:00+00:00
[2025-01-20T19:17:46.551+0000] {processor.py:208} INFO - Processing /home/airflow/.local/lib/python3.12/site-packages/airflow/example_dags/example_branch_python_dop_operator_3.py took 0.067 seconds
[2025-01-20T19:18:16.659+0000] {processor.py:186} INFO - Started process (PID=891) to work on /home/airflow/.local/lib/python3.12/site-packages/airflow/example_dags/example_branch_python_dop_operator_3.py
[2025-01-20T19:18:16.659+0000] {processor.py:914} INFO - Processing file /home/airflow/.local/lib/python3.12/site-packages/airflow/example_dags/example_branch_python_dop_operator_3.py for tasks to queue
[2025-01-20T19:18:16.661+0000] {logging_mixin.py:190} INFO - [2025-01-20T19:18:16.660+0000] {dagbag.py:588} INFO - Filling up the DagBag from /home/airflow/.local/lib/python3.12/site-packages/airflow/example_dags/example_branch_python_dop_operator_3.py
[2025-01-20T19:18:16.669+0000] {processor.py:925} INFO - DAG(s) 'example_branch_dop_operator_v3' retrieved from /home/airflow/.local/lib/python3.12/site-packages/airflow/example_dags/example_branch_python_dop_operator_3.py
[2025-01-20T19:18:16.683+0000] {logging_mixin.py:190} INFO - [2025-01-20T19:18:16.683+0000] {dag.py:3239} INFO - Sync 1 DAGs
[2025-01-20T19:18:16.703+0000] {logging_mixin.py:190} INFO - [2025-01-20T19:18:16.703+0000] {dag.py:4180} INFO - Setting next_dagrun for example_branch_dop_operator_v3 to 2025-01-20 19:17:00+00:00, run_after=2025-01-20 19:18:00+00:00
[2025-01-20T19:18:16.715+0000] {processor.py:208} INFO - Processing /home/airflow/.local/lib/python3.12/site-packages/airflow/example_dags/example_branch_python_dop_operator_3.py took 0.060 seconds
[2025-01-20T19:18:47.644+0000] {processor.py:186} INFO - Started process (PID=954) to work on /home/airflow/.local/lib/python3.12/site-packages/airflow/example_dags/example_branch_python_dop_operator_3.py
[2025-01-20T19:18:47.645+0000] {processor.py:914} INFO - Processing file /home/airflow/.local/lib/python3.12/site-packages/airflow/example_dags/example_branch_python_dop_operator_3.py for tasks to queue
[2025-01-20T19:18:47.646+0000] {logging_mixin.py:190} INFO - [2025-01-20T19:18:47.646+0000] {dagbag.py:588} INFO - Filling up the DagBag from /home/airflow/.local/lib/python3.12/site-packages/airflow/example_dags/example_branch_python_dop_operator_3.py
[2025-01-20T19:18:47.654+0000] {processor.py:925} INFO - DAG(s) 'example_branch_dop_operator_v3' retrieved from /home/airflow/.local/lib/python3.12/site-packages/airflow/example_dags/example_branch_python_dop_operator_3.py
[2025-01-20T19:18:47.668+0000] {logging_mixin.py:190} INFO - [2025-01-20T19:18:47.668+0000] {dag.py:3239} INFO - Sync 1 DAGs
[2025-01-20T19:18:47.688+0000] {logging_mixin.py:190} INFO - [2025-01-20T19:18:47.687+0000] {dag.py:4180} INFO - Setting next_dagrun for example_branch_dop_operator_v3 to 2025-01-20 19:17:00+00:00, run_after=2025-01-20 19:18:00+00:00
[2025-01-20T19:18:47.700+0000] {processor.py:208} INFO - Processing /home/airflow/.local/lib/python3.12/site-packages/airflow/example_dags/example_branch_python_dop_operator_3.py took 0.060 seconds
[2025-01-20T19:19:18.611+0000] {processor.py:186} INFO - Started process (PID=1017) to work on /home/airflow/.local/lib/python3.12/site-packages/airflow/example_dags/example_branch_python_dop_operator_3.py
[2025-01-20T19:19:18.612+0000] {processor.py:914} INFO - Processing file /home/airflow/.local/lib/python3.12/site-packages/airflow/example_dags/example_branch_python_dop_operator_3.py for tasks to queue
[2025-01-20T19:19:18.613+0000] {logging_mixin.py:190} INFO - [2025-01-20T19:19:18.613+0000] {dagbag.py:588} INFO - Filling up the DagBag from /home/airflow/.local/lib/python3.12/site-packages/airflow/example_dags/example_branch_python_dop_operator_3.py
[2025-01-20T19:19:18.621+0000] {processor.py:925} INFO - DAG(s) 'example_branch_dop_operator_v3' retrieved from /home/airflow/.local/lib/python3.12/site-packages/airflow/example_dags/example_branch_python_dop_operator_3.py
[2025-01-20T19:19:18.637+0000] {logging_mixin.py:190} INFO - [2025-01-20T19:19:18.637+0000] {dag.py:3239} INFO - Sync 1 DAGs
[2025-01-20T19:19:18.657+0000] {logging_mixin.py:190} INFO - [2025-01-20T19:19:18.657+0000] {dag.py:4180} INFO - Setting next_dagrun for example_branch_dop_operator_v3 to 2025-01-20 19:18:00+00:00, run_after=2025-01-20 19:19:00+00:00
[2025-01-20T19:19:18.669+0000] {processor.py:208} INFO - Processing /home/airflow/.local/lib/python3.12/site-packages/airflow/example_dags/example_branch_python_dop_operator_3.py took 0.063 seconds
[2025-01-20T19:19:48.746+0000] {processor.py:186} INFO - Started process (PID=1080) to work on /home/airflow/.local/lib/python3.12/site-packages/airflow/example_dags/example_branch_python_dop_operator_3.py
[2025-01-20T19:19:48.747+0000] {processor.py:914} INFO - Processing file /home/airflow/.local/lib/python3.12/site-packages/airflow/example_dags/example_branch_python_dop_operator_3.py for tasks to queue
[2025-01-20T19:19:48.749+0000] {logging_mixin.py:190} INFO - [2025-01-20T19:19:48.749+0000] {dagbag.py:588} INFO - Filling up the DagBag from /home/airflow/.local/lib/python3.12/site-packages/airflow/example_dags/example_branch_python_dop_operator_3.py
[2025-01-20T19:19:48.760+0000] {processor.py:925} INFO - DAG(s) 'example_branch_dop_operator_v3' retrieved from /home/airflow/.local/lib/python3.12/site-packages/airflow/example_dags/example_branch_python_dop_operator_3.py
[2025-01-20T19:19:48.778+0000] {logging_mixin.py:190} INFO - [2025-01-20T19:19:48.778+0000] {dag.py:3239} INFO - Sync 1 DAGs
[2025-01-20T19:19:48.807+0000] {logging_mixin.py:190} INFO - [2025-01-20T19:19:48.806+0000] {dag.py:4180} INFO - Setting next_dagrun for example_branch_dop_operator_v3 to 2025-01-20 19:18:00+00:00, run_after=2025-01-20 19:19:00+00:00
[2025-01-20T19:19:48.823+0000] {processor.py:208} INFO - Processing /home/airflow/.local/lib/python3.12/site-packages/airflow/example_dags/example_branch_python_dop_operator_3.py took 0.082 seconds
[2025-01-20T19:20:19.800+0000] {processor.py:186} INFO - Started process (PID=1143) to work on /home/airflow/.local/lib/python3.12/site-packages/airflow/example_dags/example_branch_python_dop_operator_3.py
[2025-01-20T19:20:19.801+0000] {processor.py:914} INFO - Processing file /home/airflow/.local/lib/python3.12/site-packages/airflow/example_dags/example_branch_python_dop_operator_3.py for tasks to queue
[2025-01-20T19:20:19.803+0000] {logging_mixin.py:190} INFO - [2025-01-20T19:20:19.802+0000] {dagbag.py:588} INFO - Filling up the DagBag from /home/airflow/.local/lib/python3.12/site-packages/airflow/example_dags/example_branch_python_dop_operator_3.py
[2025-01-20T19:20:19.811+0000] {processor.py:925} INFO - DAG(s) 'example_branch_dop_operator_v3' retrieved from /home/airflow/.local/lib/python3.12/site-packages/airflow/example_dags/example_branch_python_dop_operator_3.py
[2025-01-20T19:20:19.828+0000] {logging_mixin.py:190} INFO - [2025-01-20T19:20:19.828+0000] {dag.py:3239} INFO - Sync 1 DAGs
[2025-01-20T19:20:19.856+0000] {logging_mixin.py:190} INFO - [2025-01-20T19:20:19.856+0000] {dag.py:4180} INFO - Setting next_dagrun for example_branch_dop_operator_v3 to 2025-01-20 19:19:00+00:00, run_after=2025-01-20 19:20:00+00:00
[2025-01-20T19:20:19.872+0000] {processor.py:208} INFO - Processing /home/airflow/.local/lib/python3.12/site-packages/airflow/example_dags/example_branch_python_dop_operator_3.py took 0.077 seconds
[2025-01-20T19:20:50.953+0000] {processor.py:186} INFO - Started process (PID=1206) to work on /home/airflow/.local/lib/python3.12/site-packages/airflow/example_dags/example_branch_python_dop_operator_3.py
[2025-01-20T19:20:50.954+0000] {processor.py:914} INFO - Processing file /home/airflow/.local/lib/python3.12/site-packages/airflow/example_dags/example_branch_python_dop_operator_3.py for tasks to queue
[2025-01-20T19:20:50.955+0000] {logging_mixin.py:190} INFO - [2025-01-20T19:20:50.955+0000] {dagbag.py:588} INFO - Filling up the DagBag from /home/airflow/.local/lib/python3.12/site-packages/airflow/example_dags/example_branch_python_dop_operator_3.py
[2025-01-20T19:20:50.965+0000] {processor.py:925} INFO - DAG(s) 'example_branch_dop_operator_v3' retrieved from /home/airflow/.local/lib/python3.12/site-packages/airflow/example_dags/example_branch_python_dop_operator_3.py
[2025-01-20T19:20:50.981+0000] {logging_mixin.py:190} INFO - [2025-01-20T19:20:50.981+0000] {dag.py:3239} INFO - Sync 1 DAGs
[2025-01-20T19:20:51.002+0000] {logging_mixin.py:190} INFO - [2025-01-20T19:20:51.002+0000] {dag.py:4180} INFO - Setting next_dagrun for example_branch_dop_operator_v3 to 2025-01-20 19:19:00+00:00, run_after=2025-01-20 19:20:00+00:00
[2025-01-20T19:20:51.015+0000] {processor.py:208} INFO - Processing /home/airflow/.local/lib/python3.12/site-packages/airflow/example_dags/example_branch_python_dop_operator_3.py took 0.066 seconds
[2025-01-20T19:21:21.210+0000] {processor.py:186} INFO - Started process (PID=1269) to work on /home/airflow/.local/lib/python3.12/site-packages/airflow/example_dags/example_branch_python_dop_operator_3.py
[2025-01-20T19:21:21.211+0000] {processor.py:914} INFO - Processing file /home/airflow/.local/lib/python3.12/site-packages/airflow/example_dags/example_branch_python_dop_operator_3.py for tasks to queue
[2025-01-20T19:21:21.212+0000] {logging_mixin.py:190} INFO - [2025-01-20T19:21:21.212+0000] {dagbag.py:588} INFO - Filling up the DagBag from /home/airflow/.local/lib/python3.12/site-packages/airflow/example_dags/example_branch_python_dop_operator_3.py
[2025-01-20T19:21:21.220+0000] {processor.py:925} INFO - DAG(s) 'example_branch_dop_operator_v3' retrieved from /home/airflow/.local/lib/python3.12/site-packages/airflow/example_dags/example_branch_python_dop_operator_3.py
[2025-01-20T19:21:21.235+0000] {logging_mixin.py:190} INFO - [2025-01-20T19:21:21.235+0000] {dag.py:3239} INFO - Sync 1 DAGs
[2025-01-20T19:21:21.255+0000] {logging_mixin.py:190} INFO - [2025-01-20T19:21:21.255+0000] {dag.py:4180} INFO - Setting next_dagrun for example_branch_dop_operator_v3 to 2025-01-20 19:20:00+00:00, run_after=2025-01-20 19:21:00+00:00
[2025-01-20T19:21:21.267+0000] {processor.py:208} INFO - Processing /home/airflow/.local/lib/python3.12/site-packages/airflow/example_dags/example_branch_python_dop_operator_3.py took 0.062 seconds
[2025-01-20T19:21:51.610+0000] {processor.py:186} INFO - Started process (PID=1332) to work on /home/airflow/.local/lib/python3.12/site-packages/airflow/example_dags/example_branch_python_dop_operator_3.py
[2025-01-20T19:21:51.611+0000] {processor.py:914} INFO - Processing file /home/airflow/.local/lib/python3.12/site-packages/airflow/example_dags/example_branch_python_dop_operator_3.py for tasks to queue
[2025-01-20T19:21:51.613+0000] {logging_mixin.py:190} INFO - [2025-01-20T19:21:51.612+0000] {dagbag.py:588} INFO - Filling up the DagBag from /home/airflow/.local/lib/python3.12/site-packages/airflow/example_dags/example_branch_python_dop_operator_3.py
[2025-01-20T19:21:51.621+0000] {processor.py:925} INFO - DAG(s) 'example_branch_dop_operator_v3' retrieved from /home/airflow/.local/lib/python3.12/site-packages/airflow/example_dags/example_branch_python_dop_operator_3.py
[2025-01-20T19:21:51.641+0000] {logging_mixin.py:190} INFO - [2025-01-20T19:21:51.641+0000] {dag.py:3239} INFO - Sync 1 DAGs
[2025-01-20T19:21:51.666+0000] {logging_mixin.py:190} INFO - [2025-01-20T19:21:51.666+0000] {dag.py:4180} INFO - Setting next_dagrun for example_branch_dop_operator_v3 to 2025-01-20 19:20:00+00:00, run_after=2025-01-20 19:21:00+00:00
[2025-01-20T19:21:51.682+0000] {processor.py:208} INFO - Processing /home/airflow/.local/lib/python3.12/site-packages/airflow/example_dags/example_branch_python_dop_operator_3.py took 0.076 seconds
[2025-01-20T19:22:21.783+0000] {processor.py:186} INFO - Started process (PID=1395) to work on /home/airflow/.local/lib/python3.12/site-packages/airflow/example_dags/example_branch_python_dop_operator_3.py
[2025-01-20T19:22:21.784+0000] {processor.py:914} INFO - Processing file /home/airflow/.local/lib/python3.12/site-packages/airflow/example_dags/example_branch_python_dop_operator_3.py for tasks to queue
[2025-01-20T19:22:21.786+0000] {logging_mixin.py:190} INFO - [2025-01-20T19:22:21.785+0000] {dagbag.py:588} INFO - Filling up the DagBag from /home/airflow/.local/lib/python3.12/site-packages/airflow/example_dags/example_branch_python_dop_operator_3.py
[2025-01-20T19:22:21.794+0000] {processor.py:925} INFO - DAG(s) 'example_branch_dop_operator_v3' retrieved from /home/airflow/.local/lib/python3.12/site-packages/airflow/example_dags/example_branch_python_dop_operator_3.py
[2025-01-20T19:22:21.808+0000] {logging_mixin.py:190} INFO - [2025-01-20T19:22:21.808+0000] {dag.py:3239} INFO - Sync 1 DAGs
[2025-01-20T19:22:21.827+0000] {logging_mixin.py:190} INFO - [2025-01-20T19:22:21.827+0000] {dag.py:4180} INFO - Setting next_dagrun for example_branch_dop_operator_v3 to 2025-01-20 19:21:00+00:00, run_after=2025-01-20 19:22:00+00:00
[2025-01-20T19:22:21.845+0000] {processor.py:208} INFO - Processing /home/airflow/.local/lib/python3.12/site-packages/airflow/example_dags/example_branch_python_dop_operator_3.py took 0.065 seconds
[2025-01-20T19:22:51.917+0000] {processor.py:186} INFO - Started process (PID=1458) to work on /home/airflow/.local/lib/python3.12/site-packages/airflow/example_dags/example_branch_python_dop_operator_3.py
[2025-01-20T19:22:51.917+0000] {processor.py:914} INFO - Processing file /home/airflow/.local/lib/python3.12/site-packages/airflow/example_dags/example_branch_python_dop_operator_3.py for tasks to queue
[2025-01-20T19:22:51.919+0000] {logging_mixin.py:190} INFO - [2025-01-20T19:22:51.919+0000] {dagbag.py:588} INFO - Filling up the DagBag from /home/airflow/.local/lib/python3.12/site-packages/airflow/example_dags/example_branch_python_dop_operator_3.py
[2025-01-20T19:22:51.930+0000] {processor.py:925} INFO - DAG(s) 'example_branch_dop_operator_v3' retrieved from /home/airflow/.local/lib/python3.12/site-packages/airflow/example_dags/example_branch_python_dop_operator_3.py
[2025-01-20T19:22:51.947+0000] {logging_mixin.py:190} INFO - [2025-01-20T19:22:51.947+0000] {dag.py:3239} INFO - Sync 1 DAGs
[2025-01-20T19:22:51.967+0000] {logging_mixin.py:190} INFO - [2025-01-20T19:22:51.967+0000] {dag.py:4180} INFO - Setting next_dagrun for example_branch_dop_operator_v3 to 2025-01-20 19:21:00+00:00, run_after=2025-01-20 19:22:00+00:00
[2025-01-20T19:22:51.980+0000] {processor.py:208} INFO - Processing /home/airflow/.local/lib/python3.12/site-packages/airflow/example_dags/example_branch_python_dop_operator_3.py took 0.069 seconds
[2025-01-20T19:23:22.143+0000] {processor.py:186} INFO - Started process (PID=1521) to work on /home/airflow/.local/lib/python3.12/site-packages/airflow/example_dags/example_branch_python_dop_operator_3.py
[2025-01-20T19:23:22.144+0000] {processor.py:914} INFO - Processing file /home/airflow/.local/lib/python3.12/site-packages/airflow/example_dags/example_branch_python_dop_operator_3.py for tasks to queue
[2025-01-20T19:23:22.146+0000] {logging_mixin.py:190} INFO - [2025-01-20T19:23:22.145+0000] {dagbag.py:588} INFO - Filling up the DagBag from /home/airflow/.local/lib/python3.12/site-packages/airflow/example_dags/example_branch_python_dop_operator_3.py
[2025-01-20T19:23:22.154+0000] {processor.py:925} INFO - DAG(s) 'example_branch_dop_operator_v3' retrieved from /home/airflow/.local/lib/python3.12/site-packages/airflow/example_dags/example_branch_python_dop_operator_3.py
[2025-01-20T19:23:22.168+0000] {logging_mixin.py:190} INFO - [2025-01-20T19:23:22.168+0000] {dag.py:3239} INFO - Sync 1 DAGs
[2025-01-20T19:23:22.187+0000] {logging_mixin.py:190} INFO - [2025-01-20T19:23:22.187+0000] {dag.py:4180} INFO - Setting next_dagrun for example_branch_dop_operator_v3 to 2025-01-20 19:22:00+00:00, run_after=2025-01-20 19:23:00+00:00
[2025-01-20T19:23:22.199+0000] {processor.py:208} INFO - Processing /home/airflow/.local/lib/python3.12/site-packages/airflow/example_dags/example_branch_python_dop_operator_3.py took 0.060 seconds
[2025-01-20T19:23:52.268+0000] {processor.py:186} INFO - Started process (PID=1584) to work on /home/airflow/.local/lib/python3.12/site-packages/airflow/example_dags/example_branch_python_dop_operator_3.py
[2025-01-20T19:23:52.268+0000] {processor.py:914} INFO - Processing file /home/airflow/.local/lib/python3.12/site-packages/airflow/example_dags/example_branch_python_dop_operator_3.py for tasks to queue
[2025-01-20T19:23:52.270+0000] {logging_mixin.py:190} INFO - [2025-01-20T19:23:52.270+0000] {dagbag.py:588} INFO - Filling up the DagBag from /home/airflow/.local/lib/python3.12/site-packages/airflow/example_dags/example_branch_python_dop_operator_3.py
[2025-01-20T19:23:52.278+0000] {processor.py:925} INFO - DAG(s) 'example_branch_dop_operator_v3' retrieved from /home/airflow/.local/lib/python3.12/site-packages/airflow/example_dags/example_branch_python_dop_operator_3.py
[2025-01-20T19:23:52.293+0000] {logging_mixin.py:190} INFO - [2025-01-20T19:23:52.292+0000] {dag.py:3239} INFO - Sync 1 DAGs
[2025-01-20T19:23:52.312+0000] {logging_mixin.py:190} INFO - [2025-01-20T19:23:52.312+0000] {dag.py:4180} INFO - Setting next_dagrun for example_branch_dop_operator_v3 to 2025-01-20 19:22:00+00:00, run_after=2025-01-20 19:23:00+00:00
[2025-01-20T19:23:52.324+0000] {processor.py:208} INFO - Processing /home/airflow/.local/lib/python3.12/site-packages/airflow/example_dags/example_branch_python_dop_operator_3.py took 0.061 seconds
[2025-01-20T19:24:22.593+0000] {processor.py:186} INFO - Started process (PID=1647) to work on /home/airflow/.local/lib/python3.12/site-packages/airflow/example_dags/example_branch_python_dop_operator_3.py
[2025-01-20T19:24:22.593+0000] {processor.py:914} INFO - Processing file /home/airflow/.local/lib/python3.12/site-packages/airflow/example_dags/example_branch_python_dop_operator_3.py for tasks to queue
[2025-01-20T19:24:22.595+0000] {logging_mixin.py:190} INFO - [2025-01-20T19:24:22.595+0000] {dagbag.py:588} INFO - Filling up the DagBag from /home/airflow/.local/lib/python3.12/site-packages/airflow/example_dags/example_branch_python_dop_operator_3.py
[2025-01-20T19:24:22.604+0000] {processor.py:925} INFO - DAG(s) 'example_branch_dop_operator_v3' retrieved from /home/airflow/.local/lib/python3.12/site-packages/airflow/example_dags/example_branch_python_dop_operator_3.py
[2025-01-20T19:24:22.618+0000] {logging_mixin.py:190} INFO - [2025-01-20T19:24:22.618+0000] {dag.py:3239} INFO - Sync 1 DAGs
[2025-01-20T19:24:22.638+0000] {logging_mixin.py:190} INFO - [2025-01-20T19:24:22.638+0000] {dag.py:4180} INFO - Setting next_dagrun for example_branch_dop_operator_v3 to 2025-01-20 19:23:00+00:00, run_after=2025-01-20 19:24:00+00:00
[2025-01-20T19:24:22.650+0000] {processor.py:208} INFO - Processing /home/airflow/.local/lib/python3.12/site-packages/airflow/example_dags/example_branch_python_dop_operator_3.py took 0.062 seconds
[2025-01-20T19:24:52.892+0000] {processor.py:186} INFO - Started process (PID=1710) to work on /home/airflow/.local/lib/python3.12/site-packages/airflow/example_dags/example_branch_python_dop_operator_3.py
[2025-01-20T19:24:52.892+0000] {processor.py:914} INFO - Processing file /home/airflow/.local/lib/python3.12/site-packages/airflow/example_dags/example_branch_python_dop_operator_3.py for tasks to queue
[2025-01-20T19:24:52.894+0000] {logging_mixin.py:190} INFO - [2025-01-20T19:24:52.894+0000] {dagbag.py:588} INFO - Filling up the DagBag from /home/airflow/.local/lib/python3.12/site-packages/airflow/example_dags/example_branch_python_dop_operator_3.py
[2025-01-20T19:24:52.902+0000] {processor.py:925} INFO - DAG(s) 'example_branch_dop_operator_v3' retrieved from /home/airflow/.local/lib/python3.12/site-packages/airflow/example_dags/example_branch_python_dop_operator_3.py
[2025-01-20T19:24:52.921+0000] {logging_mixin.py:190} INFO - [2025-01-20T19:24:52.920+0000] {dag.py:3239} INFO - Sync 1 DAGs
[2025-01-20T19:24:52.940+0000] {logging_mixin.py:190} INFO - [2025-01-20T19:24:52.940+0000] {dag.py:4180} INFO - Setting next_dagrun for example_branch_dop_operator_v3 to 2025-01-20 19:23:00+00:00, run_after=2025-01-20 19:24:00+00:00
[2025-01-20T19:24:52.954+0000] {processor.py:208} INFO - Processing /home/airflow/.local/lib/python3.12/site-packages/airflow/example_dags/example_branch_python_dop_operator_3.py took 0.067 seconds
[2025-01-20T19:25:23.532+0000] {processor.py:186} INFO - Started process (PID=1773) to work on /home/airflow/.local/lib/python3.12/site-packages/airflow/example_dags/example_branch_python_dop_operator_3.py
[2025-01-20T19:25:23.532+0000] {processor.py:914} INFO - Processing file /home/airflow/.local/lib/python3.12/site-packages/airflow/example_dags/example_branch_python_dop_operator_3.py for tasks to queue
[2025-01-20T19:25:23.534+0000] {logging_mixin.py:190} INFO - [2025-01-20T19:25:23.533+0000] {dagbag.py:588} INFO - Filling up the DagBag from /home/airflow/.local/lib/python3.12/site-packages/airflow/example_dags/example_branch_python_dop_operator_3.py
[2025-01-20T19:25:23.542+0000] {processor.py:925} INFO - DAG(s) 'example_branch_dop_operator_v3' retrieved from /home/airflow/.local/lib/python3.12/site-packages/airflow/example_dags/example_branch_python_dop_operator_3.py
[2025-01-20T19:25:23.556+0000] {logging_mixin.py:190} INFO - [2025-01-20T19:25:23.556+0000] {dag.py:3239} INFO - Sync 1 DAGs
[2025-01-20T19:25:23.575+0000] {logging_mixin.py:190} INFO - [2025-01-20T19:25:23.575+0000] {dag.py:4180} INFO - Setting next_dagrun for example_branch_dop_operator_v3 to 2025-01-20 19:24:00+00:00, run_after=2025-01-20 19:25:00+00:00
[2025-01-20T19:25:23.588+0000] {processor.py:208} INFO - Processing /home/airflow/.local/lib/python3.12/site-packages/airflow/example_dags/example_branch_python_dop_operator_3.py took 0.060 seconds
[2025-01-20T19:25:54.059+0000] {processor.py:186} INFO - Started process (PID=1836) to work on /home/airflow/.local/lib/python3.12/site-packages/airflow/example_dags/example_branch_python_dop_operator_3.py
[2025-01-20T19:25:54.059+0000] {processor.py:914} INFO - Processing file /home/airflow/.local/lib/python3.12/site-packages/airflow/example_dags/example_branch_python_dop_operator_3.py for tasks to queue
[2025-01-20T19:25:54.061+0000] {logging_mixin.py:190} INFO - [2025-01-20T19:25:54.060+0000] {dagbag.py:588} INFO - Filling up the DagBag from /home/airflow/.local/lib/python3.12/site-packages/airflow/example_dags/example_branch_python_dop_operator_3.py
[2025-01-20T19:25:54.069+0000] {processor.py:925} INFO - DAG(s) 'example_branch_dop_operator_v3' retrieved from /home/airflow/.local/lib/python3.12/site-packages/airflow/example_dags/example_branch_python_dop_operator_3.py
[2025-01-20T19:25:54.083+0000] {logging_mixin.py:190} INFO - [2025-01-20T19:25:54.083+0000] {dag.py:3239} INFO - Sync 1 DAGs
[2025-01-20T19:25:54.102+0000] {logging_mixin.py:190} INFO - [2025-01-20T19:25:54.102+0000] {dag.py:4180} INFO - Setting next_dagrun for example_branch_dop_operator_v3 to 2025-01-20 19:24:00+00:00, run_after=2025-01-20 19:25:00+00:00
[2025-01-20T19:25:54.114+0000] {processor.py:208} INFO - Processing /home/airflow/.local/lib/python3.12/site-packages/airflow/example_dags/example_branch_python_dop_operator_3.py took 0.059 seconds
[2025-01-20T19:26:24.734+0000] {processor.py:186} INFO - Started process (PID=1899) to work on /home/airflow/.local/lib/python3.12/site-packages/airflow/example_dags/example_branch_python_dop_operator_3.py
[2025-01-20T19:26:24.735+0000] {processor.py:914} INFO - Processing file /home/airflow/.local/lib/python3.12/site-packages/airflow/example_dags/example_branch_python_dop_operator_3.py for tasks to queue
[2025-01-20T19:26:24.736+0000] {logging_mixin.py:190} INFO - [2025-01-20T19:26:24.736+0000] {dagbag.py:588} INFO - Filling up the DagBag from /home/airflow/.local/lib/python3.12/site-packages/airflow/example_dags/example_branch_python_dop_operator_3.py
[2025-01-20T19:26:24.744+0000] {processor.py:925} INFO - DAG(s) 'example_branch_dop_operator_v3' retrieved from /home/airflow/.local/lib/python3.12/site-packages/airflow/example_dags/example_branch_python_dop_operator_3.py
[2025-01-20T19:26:24.758+0000] {logging_mixin.py:190} INFO - [2025-01-20T19:26:24.758+0000] {dag.py:3239} INFO - Sync 1 DAGs
[2025-01-20T19:26:24.777+0000] {logging_mixin.py:190} INFO - [2025-01-20T19:26:24.777+0000] {dag.py:4180} INFO - Setting next_dagrun for example_branch_dop_operator_v3 to 2025-01-20 19:25:00+00:00, run_after=2025-01-20 19:26:00+00:00
[2025-01-20T19:26:24.789+0000] {processor.py:208} INFO - Processing /home/airflow/.local/lib/python3.12/site-packages/airflow/example_dags/example_branch_python_dop_operator_3.py took 0.060 seconds
[2025-01-20T19:26:55.095+0000] {processor.py:186} INFO - Started process (PID=1963) to work on /home/airflow/.local/lib/python3.12/site-packages/airflow/example_dags/example_branch_python_dop_operator_3.py
[2025-01-20T19:26:55.095+0000] {processor.py:914} INFO - Processing file /home/airflow/.local/lib/python3.12/site-packages/airflow/example_dags/example_branch_python_dop_operator_3.py for tasks to queue
[2025-01-20T19:26:55.097+0000] {logging_mixin.py:190} INFO - [2025-01-20T19:26:55.097+0000] {dagbag.py:588} INFO - Filling up the DagBag from /home/airflow/.local/lib/python3.12/site-packages/airflow/example_dags/example_branch_python_dop_operator_3.py
[2025-01-20T19:26:55.105+0000] {processor.py:925} INFO - DAG(s) 'example_branch_dop_operator_v3' retrieved from /home/airflow/.local/lib/python3.12/site-packages/airflow/example_dags/example_branch_python_dop_operator_3.py
[2025-01-20T19:26:55.119+0000] {logging_mixin.py:190} INFO - [2025-01-20T19:26:55.119+0000] {dag.py:3239} INFO - Sync 1 DAGs
[2025-01-20T19:26:55.138+0000] {logging_mixin.py:190} INFO - [2025-01-20T19:26:55.138+0000] {dag.py:4180} INFO - Setting next_dagrun for example_branch_dop_operator_v3 to 2025-01-20 19:25:00+00:00, run_after=2025-01-20 19:26:00+00:00
[2025-01-20T19:26:55.150+0000] {processor.py:208} INFO - Processing /home/airflow/.local/lib/python3.12/site-packages/airflow/example_dags/example_branch_python_dop_operator_3.py took 0.059 seconds
[2025-01-20T19:27:25.735+0000] {processor.py:186} INFO - Started process (PID=2028) to work on /home/airflow/.local/lib/python3.12/site-packages/airflow/example_dags/example_branch_python_dop_operator_3.py
[2025-01-20T19:27:25.736+0000] {processor.py:914} INFO - Processing file /home/airflow/.local/lib/python3.12/site-packages/airflow/example_dags/example_branch_python_dop_operator_3.py for tasks to queue
[2025-01-20T19:27:25.738+0000] {logging_mixin.py:190} INFO - [2025-01-20T19:27:25.738+0000] {dagbag.py:588} INFO - Filling up the DagBag from /home/airflow/.local/lib/python3.12/site-packages/airflow/example_dags/example_branch_python_dop_operator_3.py
[2025-01-20T19:27:25.749+0000] {processor.py:925} INFO - DAG(s) 'example_branch_dop_operator_v3' retrieved from /home/airflow/.local/lib/python3.12/site-packages/airflow/example_dags/example_branch_python_dop_operator_3.py
[2025-01-20T19:27:25.770+0000] {logging_mixin.py:190} INFO - [2025-01-20T19:27:25.770+0000] {dag.py:3239} INFO - Sync 1 DAGs
[2025-01-20T19:27:25.792+0000] {logging_mixin.py:190} INFO - [2025-01-20T19:27:25.791+0000] {dag.py:4180} INFO - Setting next_dagrun for example_branch_dop_operator_v3 to 2025-01-20 19:26:00+00:00, run_after=2025-01-20 19:27:00+00:00
[2025-01-20T19:27:25.804+0000] {processor.py:208} INFO - Processing /home/airflow/.local/lib/python3.12/site-packages/airflow/example_dags/example_branch_python_dop_operator_3.py took 0.076 seconds
[2025-01-20T19:27:57.290+0000] {processor.py:186} INFO - Started process (PID=2093) to work on /home/airflow/.local/lib/python3.12/site-packages/airflow/example_dags/example_branch_python_dop_operator_3.py
[2025-01-20T19:27:57.291+0000] {processor.py:914} INFO - Processing file /home/airflow/.local/lib/python3.12/site-packages/airflow/example_dags/example_branch_python_dop_operator_3.py for tasks to queue
[2025-01-20T19:27:57.293+0000] {logging_mixin.py:190} INFO - [2025-01-20T19:27:57.293+0000] {dagbag.py:588} INFO - Filling up the DagBag from /home/airflow/.local/lib/python3.12/site-packages/airflow/example_dags/example_branch_python_dop_operator_3.py
[2025-01-20T19:27:57.309+0000] {processor.py:925} INFO - DAG(s) 'example_branch_dop_operator_v3' retrieved from /home/airflow/.local/lib/python3.12/site-packages/airflow/example_dags/example_branch_python_dop_operator_3.py
[2025-01-20T19:27:57.340+0000] {logging_mixin.py:190} INFO - [2025-01-20T19:27:57.340+0000] {dag.py:3239} INFO - Sync 1 DAGs
[2025-01-20T19:27:57.368+0000] {logging_mixin.py:190} INFO - [2025-01-20T19:27:57.368+0000] {dag.py:4180} INFO - Setting next_dagrun for example_branch_dop_operator_v3 to 2025-01-20 19:26:00+00:00, run_after=2025-01-20 19:27:00+00:00
[2025-01-20T19:27:57.388+0000] {processor.py:208} INFO - Processing /home/airflow/.local/lib/python3.12/site-packages/airflow/example_dags/example_branch_python_dop_operator_3.py took 0.104 seconds
[2025-01-20T19:28:28.373+0000] {processor.py:186} INFO - Started process (PID=2157) to work on /home/airflow/.local/lib/python3.12/site-packages/airflow/example_dags/example_branch_python_dop_operator_3.py
[2025-01-20T19:28:28.374+0000] {processor.py:914} INFO - Processing file /home/airflow/.local/lib/python3.12/site-packages/airflow/example_dags/example_branch_python_dop_operator_3.py for tasks to queue
[2025-01-20T19:28:28.375+0000] {logging_mixin.py:190} INFO - [2025-01-20T19:28:28.375+0000] {dagbag.py:588} INFO - Filling up the DagBag from /home/airflow/.local/lib/python3.12/site-packages/airflow/example_dags/example_branch_python_dop_operator_3.py
[2025-01-20T19:28:28.383+0000] {processor.py:925} INFO - DAG(s) 'example_branch_dop_operator_v3' retrieved from /home/airflow/.local/lib/python3.12/site-packages/airflow/example_dags/example_branch_python_dop_operator_3.py
[2025-01-20T19:28:28.397+0000] {logging_mixin.py:190} INFO - [2025-01-20T19:28:28.397+0000] {dag.py:3239} INFO - Sync 1 DAGs
[2025-01-20T19:28:28.417+0000] {logging_mixin.py:190} INFO - [2025-01-20T19:28:28.416+0000] {dag.py:4180} INFO - Setting next_dagrun for example_branch_dop_operator_v3 to 2025-01-20 19:27:00+00:00, run_after=2025-01-20 19:28:00+00:00
[2025-01-20T19:28:28.429+0000] {processor.py:208} INFO - Processing /home/airflow/.local/lib/python3.12/site-packages/airflow/example_dags/example_branch_python_dop_operator_3.py took 0.060 seconds
[2025-01-20T19:28:58.526+0000] {processor.py:186} INFO - Started process (PID=2208) to work on /home/airflow/.local/lib/python3.12/site-packages/airflow/example_dags/example_branch_python_dop_operator_3.py
[2025-01-20T19:28:58.527+0000] {processor.py:914} INFO - Processing file /home/airflow/.local/lib/python3.12/site-packages/airflow/example_dags/example_branch_python_dop_operator_3.py for tasks to queue
[2025-01-20T19:28:58.529+0000] {logging_mixin.py:190} INFO - [2025-01-20T19:28:58.528+0000] {dagbag.py:588} INFO - Filling up the DagBag from /home/airflow/.local/lib/python3.12/site-packages/airflow/example_dags/example_branch_python_dop_operator_3.py
[2025-01-20T19:28:58.536+0000] {processor.py:925} INFO - DAG(s) 'example_branch_dop_operator_v3' retrieved from /home/airflow/.local/lib/python3.12/site-packages/airflow/example_dags/example_branch_python_dop_operator_3.py
[2025-01-20T19:28:58.551+0000] {logging_mixin.py:190} INFO - [2025-01-20T19:28:58.551+0000] {dag.py:3239} INFO - Sync 1 DAGs
[2025-01-20T19:28:58.570+0000] {logging_mixin.py:190} INFO - [2025-01-20T19:28:58.570+0000] {dag.py:4180} INFO - Setting next_dagrun for example_branch_dop_operator_v3 to 2025-01-20 19:27:00+00:00, run_after=2025-01-20 19:28:00+00:00
[2025-01-20T19:28:58.583+0000] {processor.py:208} INFO - Processing /home/airflow/.local/lib/python3.12/site-packages/airflow/example_dags/example_branch_python_dop_operator_3.py took 0.061 seconds
[2025-01-20T19:29:28.989+0000] {processor.py:186} INFO - Started process (PID=2272) to work on /home/airflow/.local/lib/python3.12/site-packages/airflow/example_dags/example_branch_python_dop_operator_3.py
[2025-01-20T19:29:28.990+0000] {processor.py:914} INFO - Processing file /home/airflow/.local/lib/python3.12/site-packages/airflow/example_dags/example_branch_python_dop_operator_3.py for tasks to queue
[2025-01-20T19:29:28.991+0000] {logging_mixin.py:190} INFO - [2025-01-20T19:29:28.991+0000] {dagbag.py:588} INFO - Filling up the DagBag from /home/airflow/.local/lib/python3.12/site-packages/airflow/example_dags/example_branch_python_dop_operator_3.py
[2025-01-20T19:29:28.999+0000] {processor.py:925} INFO - DAG(s) 'example_branch_dop_operator_v3' retrieved from /home/airflow/.local/lib/python3.12/site-packages/airflow/example_dags/example_branch_python_dop_operator_3.py
[2025-01-20T19:29:29.014+0000] {logging_mixin.py:190} INFO - [2025-01-20T19:29:29.013+0000] {dag.py:3239} INFO - Sync 1 DAGs
[2025-01-20T19:29:29.034+0000] {logging_mixin.py:190} INFO - [2025-01-20T19:29:29.033+0000] {dag.py:4180} INFO - Setting next_dagrun for example_branch_dop_operator_v3 to 2025-01-20 19:28:00+00:00, run_after=2025-01-20 19:29:00+00:00
[2025-01-20T19:29:29.046+0000] {processor.py:208} INFO - Processing /home/airflow/.local/lib/python3.12/site-packages/airflow/example_dags/example_branch_python_dop_operator_3.py took 0.061 seconds
[2025-01-20T19:29:59.128+0000] {processor.py:186} INFO - Started process (PID=2336) to work on /home/airflow/.local/lib/python3.12/site-packages/airflow/example_dags/example_branch_python_dop_operator_3.py
[2025-01-20T19:29:59.129+0000] {processor.py:914} INFO - Processing file /home/airflow/.local/lib/python3.12/site-packages/airflow/example_dags/example_branch_python_dop_operator_3.py for tasks to queue
[2025-01-20T19:29:59.130+0000] {logging_mixin.py:190} INFO - [2025-01-20T19:29:59.130+0000] {dagbag.py:588} INFO - Filling up the DagBag from /home/airflow/.local/lib/python3.12/site-packages/airflow/example_dags/example_branch_python_dop_operator_3.py
[2025-01-20T19:29:59.138+0000] {processor.py:925} INFO - DAG(s) 'example_branch_dop_operator_v3' retrieved from /home/airflow/.local/lib/python3.12/site-packages/airflow/example_dags/example_branch_python_dop_operator_3.py
[2025-01-20T19:29:59.153+0000] {logging_mixin.py:190} INFO - [2025-01-20T19:29:59.153+0000] {dag.py:3239} INFO - Sync 1 DAGs
[2025-01-20T19:29:59.172+0000] {logging_mixin.py:190} INFO - [2025-01-20T19:29:59.172+0000] {dag.py:4180} INFO - Setting next_dagrun for example_branch_dop_operator_v3 to 2025-01-20 19:28:00+00:00, run_after=2025-01-20 19:29:00+00:00
[2025-01-20T19:29:59.184+0000] {processor.py:208} INFO - Processing /home/airflow/.local/lib/python3.12/site-packages/airflow/example_dags/example_branch_python_dop_operator_3.py took 0.061 seconds
[2025-01-20T19:30:29.241+0000] {processor.py:186} INFO - Started process (PID=2400) to work on /home/airflow/.local/lib/python3.12/site-packages/airflow/example_dags/example_branch_python_dop_operator_3.py
[2025-01-20T19:30:29.242+0000] {processor.py:914} INFO - Processing file /home/airflow/.local/lib/python3.12/site-packages/airflow/example_dags/example_branch_python_dop_operator_3.py for tasks to queue
[2025-01-20T19:30:29.244+0000] {logging_mixin.py:190} INFO - [2025-01-20T19:30:29.244+0000] {dagbag.py:588} INFO - Filling up the DagBag from /home/airflow/.local/lib/python3.12/site-packages/airflow/example_dags/example_branch_python_dop_operator_3.py
[2025-01-20T19:30:29.256+0000] {processor.py:925} INFO - DAG(s) 'example_branch_dop_operator_v3' retrieved from /home/airflow/.local/lib/python3.12/site-packages/airflow/example_dags/example_branch_python_dop_operator_3.py
[2025-01-20T19:30:29.270+0000] {logging_mixin.py:190} INFO - [2025-01-20T19:30:29.270+0000] {dag.py:3239} INFO - Sync 1 DAGs
[2025-01-20T19:30:29.289+0000] {logging_mixin.py:190} INFO - [2025-01-20T19:30:29.289+0000] {dag.py:4180} INFO - Setting next_dagrun for example_branch_dop_operator_v3 to 2025-01-20 19:29:00+00:00, run_after=2025-01-20 19:30:00+00:00
[2025-01-20T19:30:29.302+0000] {processor.py:208} INFO - Processing /home/airflow/.local/lib/python3.12/site-packages/airflow/example_dags/example_branch_python_dop_operator_3.py took 0.065 seconds
