[2025-01-20T19:11:43.105+0000] {processor.py:186} INFO - Started process (PID=79) to work on /home/airflow/.local/lib/python3.12/site-packages/airflow/example_dags/example_inlet_event_extra.py
[2025-01-20T19:11:43.106+0000] {processor.py:914} INFO - Processing file /home/airflow/.local/lib/python3.12/site-packages/airflow/example_dags/example_inlet_event_extra.py for tasks to queue
[2025-01-20T19:11:43.108+0000] {logging_mixin.py:190} INFO - [2025-01-20T19:11:43.108+0000] {dagbag.py:588} INFO - Filling up the DagBag from /home/airflow/.local/lib/python3.12/site-packages/airflow/example_dags/example_inlet_event_extra.py
[2025-01-20T19:11:43.919+0000] {processor.py:925} INFO - DAG(s) 'read_dataset_event', 'read_dataset_event_from_classic' retrieved from /home/airflow/.local/lib/python3.12/site-packages/airflow/example_dags/example_inlet_event_extra.py
[2025-01-20T19:11:44.132+0000] {logging_mixin.py:190} INFO - [2025-01-20T19:11:44.132+0000] {override.py:1911} INFO - Created Permission View: can edit on DAG:read_dataset_event
[2025-01-20T19:11:44.142+0000] {logging_mixin.py:190} INFO - [2025-01-20T19:11:44.141+0000] {override.py:1911} INFO - Created Permission View: can delete on DAG:read_dataset_event
[2025-01-20T19:11:44.147+0000] {logging_mixin.py:190} INFO - [2025-01-20T19:11:44.147+0000] {override.py:1911} INFO - Created Permission View: can read on DAG:read_dataset_event
[2025-01-20T19:11:44.156+0000] {logging_mixin.py:190} INFO - [2025-01-20T19:11:44.155+0000] {override.py:1911} INFO - Created Permission View: can create on DAG Run:read_dataset_event
[2025-01-20T19:11:44.176+0000] {logging_mixin.py:190} INFO - [2025-01-20T19:11:44.176+0000] {override.py:1911} INFO - Created Permission View: can delete on DAG Run:read_dataset_event
[2025-01-20T19:11:44.183+0000] {logging_mixin.py:190} INFO - [2025-01-20T19:11:44.183+0000] {override.py:1911} INFO - Created Permission View: menu access on DAG Run:read_dataset_event
[2025-01-20T19:11:44.189+0000] {logging_mixin.py:190} INFO - [2025-01-20T19:11:44.188+0000] {override.py:1911} INFO - Created Permission View: can read on DAG Run:read_dataset_event
[2025-01-20T19:11:44.216+0000] {logging_mixin.py:190} INFO - [2025-01-20T19:11:44.216+0000] {override.py:1911} INFO - Created Permission View: can edit on DAG:read_dataset_event_from_classic
[2025-01-20T19:11:44.227+0000] {logging_mixin.py:190} INFO - [2025-01-20T19:11:44.226+0000] {override.py:1911} INFO - Created Permission View: can delete on DAG:read_dataset_event_from_classic
[2025-01-20T19:11:44.232+0000] {logging_mixin.py:190} INFO - [2025-01-20T19:11:44.232+0000] {override.py:1911} INFO - Created Permission View: can read on DAG:read_dataset_event_from_classic
[2025-01-20T19:11:44.238+0000] {logging_mixin.py:190} INFO - [2025-01-20T19:11:44.237+0000] {override.py:1911} INFO - Created Permission View: can create on DAG Run:read_dataset_event_from_classic
[2025-01-20T19:11:44.242+0000] {logging_mixin.py:190} INFO - [2025-01-20T19:11:44.242+0000] {override.py:1911} INFO - Created Permission View: can delete on DAG Run:read_dataset_event_from_classic
[2025-01-20T19:11:44.247+0000] {logging_mixin.py:190} INFO - [2025-01-20T19:11:44.247+0000] {override.py:1911} INFO - Created Permission View: menu access on DAG Run:read_dataset_event_from_classic
[2025-01-20T19:11:44.252+0000] {logging_mixin.py:190} INFO - [2025-01-20T19:11:44.252+0000] {override.py:1911} INFO - Created Permission View: can read on DAG Run:read_dataset_event_from_classic
[2025-01-20T19:11:44.253+0000] {logging_mixin.py:190} INFO - [2025-01-20T19:11:44.253+0000] {dag.py:3239} INFO - Sync 2 DAGs
[2025-01-20T19:11:44.267+0000] {logging_mixin.py:190} INFO - [2025-01-20T19:11:44.267+0000] {dag.py:3262} INFO - Creating ORM DAG for read_dataset_event
[2025-01-20T19:11:44.268+0000] {logging_mixin.py:190} INFO - [2025-01-20T19:11:44.268+0000] {dag.py:3262} INFO - Creating ORM DAG for read_dataset_event_from_classic
[2025-01-20T19:11:44.281+0000] {logging_mixin.py:190} INFO - [2025-01-20T19:11:44.281+0000] {dag.py:4180} INFO - Setting next_dagrun for read_dataset_event to 2025-01-19 00:00:00+00:00, run_after=2025-01-20 00:00:00+00:00
[2025-01-20T19:11:44.284+0000] {logging_mixin.py:190} INFO - [2025-01-20T19:11:44.283+0000] {dag.py:4180} INFO - Setting next_dagrun for read_dataset_event_from_classic to 2025-01-19 00:00:00+00:00, run_after=2025-01-20 00:00:00+00:00
[2025-01-20T19:11:44.301+0000] {processor.py:208} INFO - Processing /home/airflow/.local/lib/python3.12/site-packages/airflow/example_dags/example_inlet_event_extra.py took 1.202 seconds
[2025-01-20T19:12:14.398+0000] {processor.py:186} INFO - Started process (PID=142) to work on /home/airflow/.local/lib/python3.12/site-packages/airflow/example_dags/example_inlet_event_extra.py
[2025-01-20T19:12:14.399+0000] {processor.py:914} INFO - Processing file /home/airflow/.local/lib/python3.12/site-packages/airflow/example_dags/example_inlet_event_extra.py for tasks to queue
[2025-01-20T19:12:14.401+0000] {logging_mixin.py:190} INFO - [2025-01-20T19:12:14.400+0000] {dagbag.py:588} INFO - Filling up the DagBag from /home/airflow/.local/lib/python3.12/site-packages/airflow/example_dags/example_inlet_event_extra.py
[2025-01-20T19:12:14.965+0000] {processor.py:925} INFO - DAG(s) 'read_dataset_event', 'read_dataset_event_from_classic' retrieved from /home/airflow/.local/lib/python3.12/site-packages/airflow/example_dags/example_inlet_event_extra.py
[2025-01-20T19:12:14.982+0000] {logging_mixin.py:190} INFO - [2025-01-20T19:12:14.982+0000] {dag.py:3239} INFO - Sync 2 DAGs
[2025-01-20T19:12:15.003+0000] {logging_mixin.py:190} INFO - [2025-01-20T19:12:15.003+0000] {dag.py:4180} INFO - Setting next_dagrun for read_dataset_event to 2025-01-19 00:00:00+00:00, run_after=2025-01-20 00:00:00+00:00
[2025-01-20T19:12:15.008+0000] {logging_mixin.py:190} INFO - [2025-01-20T19:12:15.008+0000] {dag.py:4180} INFO - Setting next_dagrun for read_dataset_event_from_classic to 2025-01-19 00:00:00+00:00, run_after=2025-01-20 00:00:00+00:00
[2025-01-20T19:12:15.028+0000] {processor.py:208} INFO - Processing /home/airflow/.local/lib/python3.12/site-packages/airflow/example_dags/example_inlet_event_extra.py took 0.634 seconds
[2025-01-20T19:12:45.812+0000] {processor.py:186} INFO - Started process (PID=205) to work on /home/airflow/.local/lib/python3.12/site-packages/airflow/example_dags/example_inlet_event_extra.py
[2025-01-20T19:12:45.813+0000] {processor.py:914} INFO - Processing file /home/airflow/.local/lib/python3.12/site-packages/airflow/example_dags/example_inlet_event_extra.py for tasks to queue
[2025-01-20T19:12:45.816+0000] {logging_mixin.py:190} INFO - [2025-01-20T19:12:45.816+0000] {dagbag.py:588} INFO - Filling up the DagBag from /home/airflow/.local/lib/python3.12/site-packages/airflow/example_dags/example_inlet_event_extra.py
[2025-01-20T19:12:46.628+0000] {processor.py:925} INFO - DAG(s) 'read_dataset_event', 'read_dataset_event_from_classic' retrieved from /home/airflow/.local/lib/python3.12/site-packages/airflow/example_dags/example_inlet_event_extra.py
[2025-01-20T19:12:46.644+0000] {logging_mixin.py:190} INFO - [2025-01-20T19:12:46.643+0000] {dag.py:3239} INFO - Sync 2 DAGs
[2025-01-20T19:12:46.670+0000] {logging_mixin.py:190} INFO - [2025-01-20T19:12:46.670+0000] {dag.py:4180} INFO - Setting next_dagrun for read_dataset_event to 2025-01-19 00:00:00+00:00, run_after=2025-01-20 00:00:00+00:00
[2025-01-20T19:12:46.676+0000] {logging_mixin.py:190} INFO - [2025-01-20T19:12:46.675+0000] {dag.py:4180} INFO - Setting next_dagrun for read_dataset_event_from_classic to 2025-01-19 00:00:00+00:00, run_after=2025-01-20 00:00:00+00:00
[2025-01-20T19:12:46.688+0000] {processor.py:208} INFO - Processing /home/airflow/.local/lib/python3.12/site-packages/airflow/example_dags/example_inlet_event_extra.py took 0.882 seconds
[2025-01-20T19:13:17.312+0000] {processor.py:186} INFO - Started process (PID=268) to work on /home/airflow/.local/lib/python3.12/site-packages/airflow/example_dags/example_inlet_event_extra.py
[2025-01-20T19:13:17.312+0000] {processor.py:914} INFO - Processing file /home/airflow/.local/lib/python3.12/site-packages/airflow/example_dags/example_inlet_event_extra.py for tasks to queue
[2025-01-20T19:13:17.314+0000] {logging_mixin.py:190} INFO - [2025-01-20T19:13:17.314+0000] {dagbag.py:588} INFO - Filling up the DagBag from /home/airflow/.local/lib/python3.12/site-packages/airflow/example_dags/example_inlet_event_extra.py
[2025-01-20T19:13:18.017+0000] {processor.py:925} INFO - DAG(s) 'read_dataset_event', 'read_dataset_event_from_classic' retrieved from /home/airflow/.local/lib/python3.12/site-packages/airflow/example_dags/example_inlet_event_extra.py
[2025-01-20T19:13:18.034+0000] {logging_mixin.py:190} INFO - [2025-01-20T19:13:18.034+0000] {dag.py:3239} INFO - Sync 2 DAGs
[2025-01-20T19:13:18.063+0000] {logging_mixin.py:190} INFO - [2025-01-20T19:13:18.062+0000] {dag.py:4180} INFO - Setting next_dagrun for read_dataset_event to 2025-01-19 00:00:00+00:00, run_after=2025-01-20 00:00:00+00:00
[2025-01-20T19:13:18.068+0000] {logging_mixin.py:190} INFO - [2025-01-20T19:13:18.068+0000] {dag.py:4180} INFO - Setting next_dagrun for read_dataset_event_from_classic to 2025-01-19 00:00:00+00:00, run_after=2025-01-20 00:00:00+00:00
[2025-01-20T19:13:18.086+0000] {processor.py:208} INFO - Processing /home/airflow/.local/lib/python3.12/site-packages/airflow/example_dags/example_inlet_event_extra.py took 0.780 seconds
[2025-01-20T19:13:48.506+0000] {processor.py:186} INFO - Started process (PID=336) to work on /home/airflow/.local/lib/python3.12/site-packages/airflow/example_dags/example_inlet_event_extra.py
[2025-01-20T19:13:48.506+0000] {processor.py:914} INFO - Processing file /home/airflow/.local/lib/python3.12/site-packages/airflow/example_dags/example_inlet_event_extra.py for tasks to queue
[2025-01-20T19:13:48.509+0000] {logging_mixin.py:190} INFO - [2025-01-20T19:13:48.508+0000] {dagbag.py:588} INFO - Filling up the DagBag from /home/airflow/.local/lib/python3.12/site-packages/airflow/example_dags/example_inlet_event_extra.py
[2025-01-20T19:13:49.081+0000] {processor.py:925} INFO - DAG(s) 'read_dataset_event_from_classic', 'read_dataset_event' retrieved from /home/airflow/.local/lib/python3.12/site-packages/airflow/example_dags/example_inlet_event_extra.py
[2025-01-20T19:13:49.099+0000] {logging_mixin.py:190} INFO - [2025-01-20T19:13:49.098+0000] {dag.py:3239} INFO - Sync 2 DAGs
[2025-01-20T19:13:49.122+0000] {logging_mixin.py:190} INFO - [2025-01-20T19:13:49.121+0000] {dag.py:4180} INFO - Setting next_dagrun for read_dataset_event to 2025-01-19 00:00:00+00:00, run_after=2025-01-20 00:00:00+00:00
[2025-01-20T19:13:49.125+0000] {logging_mixin.py:190} INFO - [2025-01-20T19:13:49.125+0000] {dag.py:4180} INFO - Setting next_dagrun for read_dataset_event_from_classic to 2025-01-19 00:00:00+00:00, run_after=2025-01-20 00:00:00+00:00
[2025-01-20T19:13:49.136+0000] {processor.py:208} INFO - Processing /home/airflow/.local/lib/python3.12/site-packages/airflow/example_dags/example_inlet_event_extra.py took 0.636 seconds
[2025-01-20T19:14:19.450+0000] {processor.py:186} INFO - Started process (PID=400) to work on /home/airflow/.local/lib/python3.12/site-packages/airflow/example_dags/example_inlet_event_extra.py
[2025-01-20T19:14:19.451+0000] {processor.py:914} INFO - Processing file /home/airflow/.local/lib/python3.12/site-packages/airflow/example_dags/example_inlet_event_extra.py for tasks to queue
[2025-01-20T19:14:19.453+0000] {logging_mixin.py:190} INFO - [2025-01-20T19:14:19.452+0000] {dagbag.py:588} INFO - Filling up the DagBag from /home/airflow/.local/lib/python3.12/site-packages/airflow/example_dags/example_inlet_event_extra.py
[2025-01-20T19:14:20.004+0000] {processor.py:925} INFO - DAG(s) 'read_dataset_event', 'read_dataset_event_from_classic' retrieved from /home/airflow/.local/lib/python3.12/site-packages/airflow/example_dags/example_inlet_event_extra.py
[2025-01-20T19:14:20.019+0000] {logging_mixin.py:190} INFO - [2025-01-20T19:14:20.019+0000] {dag.py:3239} INFO - Sync 2 DAGs
[2025-01-20T19:14:20.039+0000] {logging_mixin.py:190} INFO - [2025-01-20T19:14:20.039+0000] {dag.py:4180} INFO - Setting next_dagrun for read_dataset_event to 2025-01-19 00:00:00+00:00, run_after=2025-01-20 00:00:00+00:00
[2025-01-20T19:14:20.045+0000] {logging_mixin.py:190} INFO - [2025-01-20T19:14:20.044+0000] {dag.py:4180} INFO - Setting next_dagrun for read_dataset_event_from_classic to 2025-01-19 00:00:00+00:00, run_after=2025-01-20 00:00:00+00:00
[2025-01-20T19:14:20.057+0000] {processor.py:208} INFO - Processing /home/airflow/.local/lib/python3.12/site-packages/airflow/example_dags/example_inlet_event_extra.py took 0.611 seconds
[2025-01-20T19:14:50.198+0000] {processor.py:186} INFO - Started process (PID=460) to work on /home/airflow/.local/lib/python3.12/site-packages/airflow/example_dags/example_inlet_event_extra.py
[2025-01-20T19:14:50.199+0000] {processor.py:914} INFO - Processing file /home/airflow/.local/lib/python3.12/site-packages/airflow/example_dags/example_inlet_event_extra.py for tasks to queue
[2025-01-20T19:14:50.201+0000] {logging_mixin.py:190} INFO - [2025-01-20T19:14:50.201+0000] {dagbag.py:588} INFO - Filling up the DagBag from /home/airflow/.local/lib/python3.12/site-packages/airflow/example_dags/example_inlet_event_extra.py
[2025-01-20T19:14:50.894+0000] {processor.py:925} INFO - DAG(s) 'read_dataset_event', 'read_dataset_event_from_classic' retrieved from /home/airflow/.local/lib/python3.12/site-packages/airflow/example_dags/example_inlet_event_extra.py
[2025-01-20T19:14:50.916+0000] {logging_mixin.py:190} INFO - [2025-01-20T19:14:50.916+0000] {dag.py:3239} INFO - Sync 2 DAGs
[2025-01-20T19:14:50.945+0000] {logging_mixin.py:190} INFO - [2025-01-20T19:14:50.944+0000] {dag.py:4180} INFO - Setting next_dagrun for read_dataset_event to 2025-01-19 00:00:00+00:00, run_after=2025-01-20 00:00:00+00:00
[2025-01-20T19:14:50.951+0000] {logging_mixin.py:190} INFO - [2025-01-20T19:14:50.950+0000] {dag.py:4180} INFO - Setting next_dagrun for read_dataset_event_from_classic to 2025-01-19 00:00:00+00:00, run_after=2025-01-20 00:00:00+00:00
[2025-01-20T19:14:50.967+0000] {processor.py:208} INFO - Processing /home/airflow/.local/lib/python3.12/site-packages/airflow/example_dags/example_inlet_event_extra.py took 0.774 seconds
[2025-01-20T19:15:21.436+0000] {processor.py:186} INFO - Started process (PID=524) to work on /home/airflow/.local/lib/python3.12/site-packages/airflow/example_dags/example_inlet_event_extra.py
[2025-01-20T19:15:21.436+0000] {processor.py:914} INFO - Processing file /home/airflow/.local/lib/python3.12/site-packages/airflow/example_dags/example_inlet_event_extra.py for tasks to queue
[2025-01-20T19:15:21.438+0000] {logging_mixin.py:190} INFO - [2025-01-20T19:15:21.438+0000] {dagbag.py:588} INFO - Filling up the DagBag from /home/airflow/.local/lib/python3.12/site-packages/airflow/example_dags/example_inlet_event_extra.py
[2025-01-20T19:15:22.095+0000] {processor.py:925} INFO - DAG(s) 'read_dataset_event', 'read_dataset_event_from_classic' retrieved from /home/airflow/.local/lib/python3.12/site-packages/airflow/example_dags/example_inlet_event_extra.py
[2025-01-20T19:15:22.116+0000] {logging_mixin.py:190} INFO - [2025-01-20T19:15:22.116+0000] {dag.py:3239} INFO - Sync 2 DAGs
[2025-01-20T19:15:22.145+0000] {logging_mixin.py:190} INFO - [2025-01-20T19:15:22.144+0000] {dag.py:4180} INFO - Setting next_dagrun for read_dataset_event to 2025-01-19 00:00:00+00:00, run_after=2025-01-20 00:00:00+00:00
[2025-01-20T19:15:22.150+0000] {logging_mixin.py:190} INFO - [2025-01-20T19:15:22.150+0000] {dag.py:4180} INFO - Setting next_dagrun for read_dataset_event_from_classic to 2025-01-19 00:00:00+00:00, run_after=2025-01-20 00:00:00+00:00
[2025-01-20T19:15:22.165+0000] {processor.py:208} INFO - Processing /home/airflow/.local/lib/python3.12/site-packages/airflow/example_dags/example_inlet_event_extra.py took 0.735 seconds
[2025-01-20T19:15:52.710+0000] {processor.py:186} INFO - Started process (PID=587) to work on /home/airflow/.local/lib/python3.12/site-packages/airflow/example_dags/example_inlet_event_extra.py
[2025-01-20T19:15:52.711+0000] {processor.py:914} INFO - Processing file /home/airflow/.local/lib/python3.12/site-packages/airflow/example_dags/example_inlet_event_extra.py for tasks to queue
[2025-01-20T19:15:52.712+0000] {logging_mixin.py:190} INFO - [2025-01-20T19:15:52.712+0000] {dagbag.py:588} INFO - Filling up the DagBag from /home/airflow/.local/lib/python3.12/site-packages/airflow/example_dags/example_inlet_event_extra.py
[2025-01-20T19:15:53.213+0000] {processor.py:925} INFO - DAG(s) 'read_dataset_event', 'read_dataset_event_from_classic' retrieved from /home/airflow/.local/lib/python3.12/site-packages/airflow/example_dags/example_inlet_event_extra.py
[2025-01-20T19:15:53.231+0000] {logging_mixin.py:190} INFO - [2025-01-20T19:15:53.231+0000] {dag.py:3239} INFO - Sync 2 DAGs
[2025-01-20T19:15:53.257+0000] {logging_mixin.py:190} INFO - [2025-01-20T19:15:53.257+0000] {dag.py:4180} INFO - Setting next_dagrun for read_dataset_event to 2025-01-19 00:00:00+00:00, run_after=2025-01-20 00:00:00+00:00
[2025-01-20T19:15:53.263+0000] {logging_mixin.py:190} INFO - [2025-01-20T19:15:53.263+0000] {dag.py:4180} INFO - Setting next_dagrun for read_dataset_event_from_classic to 2025-01-19 00:00:00+00:00, run_after=2025-01-20 00:00:00+00:00
[2025-01-20T19:15:53.279+0000] {processor.py:208} INFO - Processing /home/airflow/.local/lib/python3.12/site-packages/airflow/example_dags/example_inlet_event_extra.py took 0.573 seconds
[2025-01-20T19:16:23.500+0000] {processor.py:186} INFO - Started process (PID=651) to work on /home/airflow/.local/lib/python3.12/site-packages/airflow/example_dags/example_inlet_event_extra.py
[2025-01-20T19:16:23.500+0000] {processor.py:914} INFO - Processing file /home/airflow/.local/lib/python3.12/site-packages/airflow/example_dags/example_inlet_event_extra.py for tasks to queue
[2025-01-20T19:16:23.502+0000] {logging_mixin.py:190} INFO - [2025-01-20T19:16:23.501+0000] {dagbag.py:588} INFO - Filling up the DagBag from /home/airflow/.local/lib/python3.12/site-packages/airflow/example_dags/example_inlet_event_extra.py
[2025-01-20T19:16:23.978+0000] {processor.py:925} INFO - DAG(s) 'read_dataset_event', 'read_dataset_event_from_classic' retrieved from /home/airflow/.local/lib/python3.12/site-packages/airflow/example_dags/example_inlet_event_extra.py
[2025-01-20T19:16:23.997+0000] {logging_mixin.py:190} INFO - [2025-01-20T19:16:23.997+0000] {dag.py:3239} INFO - Sync 2 DAGs
[2025-01-20T19:16:24.024+0000] {logging_mixin.py:190} INFO - [2025-01-20T19:16:24.024+0000] {dag.py:4180} INFO - Setting next_dagrun for read_dataset_event to 2025-01-19 00:00:00+00:00, run_after=2025-01-20 00:00:00+00:00
[2025-01-20T19:16:24.029+0000] {logging_mixin.py:190} INFO - [2025-01-20T19:16:24.029+0000] {dag.py:4180} INFO - Setting next_dagrun for read_dataset_event_from_classic to 2025-01-19 00:00:00+00:00, run_after=2025-01-20 00:00:00+00:00
[2025-01-20T19:16:24.044+0000] {processor.py:208} INFO - Processing /home/airflow/.local/lib/python3.12/site-packages/airflow/example_dags/example_inlet_event_extra.py took 0.548 seconds
[2025-01-20T19:16:54.728+0000] {processor.py:186} INFO - Started process (PID=714) to work on /home/airflow/.local/lib/python3.12/site-packages/airflow/example_dags/example_inlet_event_extra.py
[2025-01-20T19:16:54.729+0000] {processor.py:914} INFO - Processing file /home/airflow/.local/lib/python3.12/site-packages/airflow/example_dags/example_inlet_event_extra.py for tasks to queue
[2025-01-20T19:16:54.730+0000] {logging_mixin.py:190} INFO - [2025-01-20T19:16:54.730+0000] {dagbag.py:588} INFO - Filling up the DagBag from /home/airflow/.local/lib/python3.12/site-packages/airflow/example_dags/example_inlet_event_extra.py
[2025-01-20T19:16:55.259+0000] {processor.py:925} INFO - DAG(s) 'read_dataset_event', 'read_dataset_event_from_classic' retrieved from /home/airflow/.local/lib/python3.12/site-packages/airflow/example_dags/example_inlet_event_extra.py
[2025-01-20T19:16:55.275+0000] {logging_mixin.py:190} INFO - [2025-01-20T19:16:55.275+0000] {dag.py:3239} INFO - Sync 2 DAGs
[2025-01-20T19:16:55.293+0000] {logging_mixin.py:190} INFO - [2025-01-20T19:16:55.293+0000] {dag.py:4180} INFO - Setting next_dagrun for read_dataset_event to 2025-01-19 00:00:00+00:00, run_after=2025-01-20 00:00:00+00:00
[2025-01-20T19:16:55.297+0000] {logging_mixin.py:190} INFO - [2025-01-20T19:16:55.297+0000] {dag.py:4180} INFO - Setting next_dagrun for read_dataset_event_from_classic to 2025-01-19 00:00:00+00:00, run_after=2025-01-20 00:00:00+00:00
[2025-01-20T19:16:55.311+0000] {processor.py:208} INFO - Processing /home/airflow/.local/lib/python3.12/site-packages/airflow/example_dags/example_inlet_event_extra.py took 0.587 seconds
[2025-01-20T19:17:25.841+0000] {processor.py:186} INFO - Started process (PID=777) to work on /home/airflow/.local/lib/python3.12/site-packages/airflow/example_dags/example_inlet_event_extra.py
[2025-01-20T19:17:25.842+0000] {processor.py:914} INFO - Processing file /home/airflow/.local/lib/python3.12/site-packages/airflow/example_dags/example_inlet_event_extra.py for tasks to queue
[2025-01-20T19:17:25.844+0000] {logging_mixin.py:190} INFO - [2025-01-20T19:17:25.844+0000] {dagbag.py:588} INFO - Filling up the DagBag from /home/airflow/.local/lib/python3.12/site-packages/airflow/example_dags/example_inlet_event_extra.py
[2025-01-20T19:17:26.367+0000] {processor.py:925} INFO - DAG(s) 'read_dataset_event', 'read_dataset_event_from_classic' retrieved from /home/airflow/.local/lib/python3.12/site-packages/airflow/example_dags/example_inlet_event_extra.py
[2025-01-20T19:17:26.382+0000] {logging_mixin.py:190} INFO - [2025-01-20T19:17:26.382+0000] {dag.py:3239} INFO - Sync 2 DAGs
[2025-01-20T19:17:26.408+0000] {logging_mixin.py:190} INFO - [2025-01-20T19:17:26.408+0000] {dag.py:4180} INFO - Setting next_dagrun for read_dataset_event to 2025-01-19 00:00:00+00:00, run_after=2025-01-20 00:00:00+00:00
[2025-01-20T19:17:26.414+0000] {logging_mixin.py:190} INFO - [2025-01-20T19:17:26.413+0000] {dag.py:4180} INFO - Setting next_dagrun for read_dataset_event_from_classic to 2025-01-19 00:00:00+00:00, run_after=2025-01-20 00:00:00+00:00
[2025-01-20T19:17:26.427+0000] {processor.py:208} INFO - Processing /home/airflow/.local/lib/python3.12/site-packages/airflow/example_dags/example_inlet_event_extra.py took 0.591 seconds
[2025-01-20T19:17:56.969+0000] {processor.py:186} INFO - Started process (PID=840) to work on /home/airflow/.local/lib/python3.12/site-packages/airflow/example_dags/example_inlet_event_extra.py
[2025-01-20T19:17:56.970+0000] {processor.py:914} INFO - Processing file /home/airflow/.local/lib/python3.12/site-packages/airflow/example_dags/example_inlet_event_extra.py for tasks to queue
[2025-01-20T19:17:56.972+0000] {logging_mixin.py:190} INFO - [2025-01-20T19:17:56.972+0000] {dagbag.py:588} INFO - Filling up the DagBag from /home/airflow/.local/lib/python3.12/site-packages/airflow/example_dags/example_inlet_event_extra.py
[2025-01-20T19:17:57.503+0000] {processor.py:925} INFO - DAG(s) 'read_dataset_event_from_classic', 'read_dataset_event' retrieved from /home/airflow/.local/lib/python3.12/site-packages/airflow/example_dags/example_inlet_event_extra.py
[2025-01-20T19:17:57.544+0000] {logging_mixin.py:190} INFO - [2025-01-20T19:17:57.544+0000] {dag.py:3239} INFO - Sync 2 DAGs
[2025-01-20T19:17:57.578+0000] {logging_mixin.py:190} INFO - [2025-01-20T19:17:57.577+0000] {dag.py:4180} INFO - Setting next_dagrun for read_dataset_event to 2025-01-19 00:00:00+00:00, run_after=2025-01-20 00:00:00+00:00
[2025-01-20T19:17:57.582+0000] {logging_mixin.py:190} INFO - [2025-01-20T19:17:57.582+0000] {dag.py:4180} INFO - Setting next_dagrun for read_dataset_event_from_classic to 2025-01-19 00:00:00+00:00, run_after=2025-01-20 00:00:00+00:00
[2025-01-20T19:17:57.597+0000] {processor.py:208} INFO - Processing /home/airflow/.local/lib/python3.12/site-packages/airflow/example_dags/example_inlet_event_extra.py took 0.632 seconds
[2025-01-20T19:18:28.159+0000] {processor.py:186} INFO - Started process (PID=903) to work on /home/airflow/.local/lib/python3.12/site-packages/airflow/example_dags/example_inlet_event_extra.py
[2025-01-20T19:18:28.160+0000] {processor.py:914} INFO - Processing file /home/airflow/.local/lib/python3.12/site-packages/airflow/example_dags/example_inlet_event_extra.py for tasks to queue
[2025-01-20T19:18:28.162+0000] {logging_mixin.py:190} INFO - [2025-01-20T19:18:28.162+0000] {dagbag.py:588} INFO - Filling up the DagBag from /home/airflow/.local/lib/python3.12/site-packages/airflow/example_dags/example_inlet_event_extra.py
[2025-01-20T19:18:28.632+0000] {processor.py:925} INFO - DAG(s) 'read_dataset_event', 'read_dataset_event_from_classic' retrieved from /home/airflow/.local/lib/python3.12/site-packages/airflow/example_dags/example_inlet_event_extra.py
[2025-01-20T19:18:28.646+0000] {logging_mixin.py:190} INFO - [2025-01-20T19:18:28.646+0000] {dag.py:3239} INFO - Sync 2 DAGs
[2025-01-20T19:18:28.664+0000] {logging_mixin.py:190} INFO - [2025-01-20T19:18:28.664+0000] {dag.py:4180} INFO - Setting next_dagrun for read_dataset_event to 2025-01-19 00:00:00+00:00, run_after=2025-01-20 00:00:00+00:00
[2025-01-20T19:18:28.669+0000] {logging_mixin.py:190} INFO - [2025-01-20T19:18:28.669+0000] {dag.py:4180} INFO - Setting next_dagrun for read_dataset_event_from_classic to 2025-01-19 00:00:00+00:00, run_after=2025-01-20 00:00:00+00:00
[2025-01-20T19:18:28.684+0000] {processor.py:208} INFO - Processing /home/airflow/.local/lib/python3.12/site-packages/airflow/example_dags/example_inlet_event_extra.py took 0.529 seconds
[2025-01-20T19:18:59.098+0000] {processor.py:186} INFO - Started process (PID=966) to work on /home/airflow/.local/lib/python3.12/site-packages/airflow/example_dags/example_inlet_event_extra.py
[2025-01-20T19:18:59.099+0000] {processor.py:914} INFO - Processing file /home/airflow/.local/lib/python3.12/site-packages/airflow/example_dags/example_inlet_event_extra.py for tasks to queue
[2025-01-20T19:18:59.101+0000] {logging_mixin.py:190} INFO - [2025-01-20T19:18:59.101+0000] {dagbag.py:588} INFO - Filling up the DagBag from /home/airflow/.local/lib/python3.12/site-packages/airflow/example_dags/example_inlet_event_extra.py
[2025-01-20T19:18:59.580+0000] {processor.py:925} INFO - DAG(s) 'read_dataset_event_from_classic', 'read_dataset_event' retrieved from /home/airflow/.local/lib/python3.12/site-packages/airflow/example_dags/example_inlet_event_extra.py
[2025-01-20T19:18:59.596+0000] {logging_mixin.py:190} INFO - [2025-01-20T19:18:59.596+0000] {dag.py:3239} INFO - Sync 2 DAGs
[2025-01-20T19:18:59.616+0000] {logging_mixin.py:190} INFO - [2025-01-20T19:18:59.616+0000] {dag.py:4180} INFO - Setting next_dagrun for read_dataset_event to 2025-01-19 00:00:00+00:00, run_after=2025-01-20 00:00:00+00:00
[2025-01-20T19:18:59.621+0000] {logging_mixin.py:190} INFO - [2025-01-20T19:18:59.621+0000] {dag.py:4180} INFO - Setting next_dagrun for read_dataset_event_from_classic to 2025-01-19 00:00:00+00:00, run_after=2025-01-20 00:00:00+00:00
[2025-01-20T19:18:59.633+0000] {processor.py:208} INFO - Processing /home/airflow/.local/lib/python3.12/site-packages/airflow/example_dags/example_inlet_event_extra.py took 0.538 seconds
[2025-01-20T19:19:30.236+0000] {processor.py:186} INFO - Started process (PID=1029) to work on /home/airflow/.local/lib/python3.12/site-packages/airflow/example_dags/example_inlet_event_extra.py
[2025-01-20T19:19:30.236+0000] {processor.py:914} INFO - Processing file /home/airflow/.local/lib/python3.12/site-packages/airflow/example_dags/example_inlet_event_extra.py for tasks to queue
[2025-01-20T19:19:30.238+0000] {logging_mixin.py:190} INFO - [2025-01-20T19:19:30.238+0000] {dagbag.py:588} INFO - Filling up the DagBag from /home/airflow/.local/lib/python3.12/site-packages/airflow/example_dags/example_inlet_event_extra.py
[2025-01-20T19:19:30.791+0000] {processor.py:925} INFO - DAG(s) 'read_dataset_event', 'read_dataset_event_from_classic' retrieved from /home/airflow/.local/lib/python3.12/site-packages/airflow/example_dags/example_inlet_event_extra.py
[2025-01-20T19:19:30.808+0000] {logging_mixin.py:190} INFO - [2025-01-20T19:19:30.808+0000] {dag.py:3239} INFO - Sync 2 DAGs
[2025-01-20T19:19:30.829+0000] {logging_mixin.py:190} INFO - [2025-01-20T19:19:30.829+0000] {dag.py:4180} INFO - Setting next_dagrun for read_dataset_event to 2025-01-19 00:00:00+00:00, run_after=2025-01-20 00:00:00+00:00
[2025-01-20T19:19:30.833+0000] {logging_mixin.py:190} INFO - [2025-01-20T19:19:30.833+0000] {dag.py:4180} INFO - Setting next_dagrun for read_dataset_event_from_classic to 2025-01-19 00:00:00+00:00, run_after=2025-01-20 00:00:00+00:00
[2025-01-20T19:19:30.844+0000] {processor.py:208} INFO - Processing /home/airflow/.local/lib/python3.12/site-packages/airflow/example_dags/example_inlet_event_extra.py took 0.613 seconds
[2025-01-20T19:20:01.282+0000] {processor.py:186} INFO - Started process (PID=1092) to work on /home/airflow/.local/lib/python3.12/site-packages/airflow/example_dags/example_inlet_event_extra.py
[2025-01-20T19:20:01.282+0000] {processor.py:914} INFO - Processing file /home/airflow/.local/lib/python3.12/site-packages/airflow/example_dags/example_inlet_event_extra.py for tasks to queue
[2025-01-20T19:20:01.284+0000] {logging_mixin.py:190} INFO - [2025-01-20T19:20:01.284+0000] {dagbag.py:588} INFO - Filling up the DagBag from /home/airflow/.local/lib/python3.12/site-packages/airflow/example_dags/example_inlet_event_extra.py
[2025-01-20T19:20:01.760+0000] {processor.py:925} INFO - DAG(s) 'read_dataset_event', 'read_dataset_event_from_classic' retrieved from /home/airflow/.local/lib/python3.12/site-packages/airflow/example_dags/example_inlet_event_extra.py
[2025-01-20T19:20:01.776+0000] {logging_mixin.py:190} INFO - [2025-01-20T19:20:01.776+0000] {dag.py:3239} INFO - Sync 2 DAGs
[2025-01-20T19:20:01.797+0000] {logging_mixin.py:190} INFO - [2025-01-20T19:20:01.797+0000] {dag.py:4180} INFO - Setting next_dagrun for read_dataset_event to 2025-01-19 00:00:00+00:00, run_after=2025-01-20 00:00:00+00:00
[2025-01-20T19:20:01.801+0000] {logging_mixin.py:190} INFO - [2025-01-20T19:20:01.801+0000] {dag.py:4180} INFO - Setting next_dagrun for read_dataset_event_from_classic to 2025-01-19 00:00:00+00:00, run_after=2025-01-20 00:00:00+00:00
[2025-01-20T19:20:01.814+0000] {processor.py:208} INFO - Processing /home/airflow/.local/lib/python3.12/site-packages/airflow/example_dags/example_inlet_event_extra.py took 0.536 seconds
[2025-01-20T19:20:32.299+0000] {processor.py:186} INFO - Started process (PID=1155) to work on /home/airflow/.local/lib/python3.12/site-packages/airflow/example_dags/example_inlet_event_extra.py
[2025-01-20T19:20:32.300+0000] {processor.py:914} INFO - Processing file /home/airflow/.local/lib/python3.12/site-packages/airflow/example_dags/example_inlet_event_extra.py for tasks to queue
[2025-01-20T19:20:32.301+0000] {logging_mixin.py:190} INFO - [2025-01-20T19:20:32.301+0000] {dagbag.py:588} INFO - Filling up the DagBag from /home/airflow/.local/lib/python3.12/site-packages/airflow/example_dags/example_inlet_event_extra.py
[2025-01-20T19:20:32.789+0000] {processor.py:925} INFO - DAG(s) 'read_dataset_event', 'read_dataset_event_from_classic' retrieved from /home/airflow/.local/lib/python3.12/site-packages/airflow/example_dags/example_inlet_event_extra.py
[2025-01-20T19:20:32.805+0000] {logging_mixin.py:190} INFO - [2025-01-20T19:20:32.805+0000] {dag.py:3239} INFO - Sync 2 DAGs
[2025-01-20T19:20:32.827+0000] {logging_mixin.py:190} INFO - [2025-01-20T19:20:32.827+0000] {dag.py:4180} INFO - Setting next_dagrun for read_dataset_event to 2025-01-19 00:00:00+00:00, run_after=2025-01-20 00:00:00+00:00
[2025-01-20T19:20:32.831+0000] {logging_mixin.py:190} INFO - [2025-01-20T19:20:32.831+0000] {dag.py:4180} INFO - Setting next_dagrun for read_dataset_event_from_classic to 2025-01-19 00:00:00+00:00, run_after=2025-01-20 00:00:00+00:00
[2025-01-20T19:20:32.844+0000] {processor.py:208} INFO - Processing /home/airflow/.local/lib/python3.12/site-packages/airflow/example_dags/example_inlet_event_extra.py took 0.549 seconds
[2025-01-20T19:21:03.678+0000] {processor.py:186} INFO - Started process (PID=1218) to work on /home/airflow/.local/lib/python3.12/site-packages/airflow/example_dags/example_inlet_event_extra.py
[2025-01-20T19:21:03.679+0000] {processor.py:914} INFO - Processing file /home/airflow/.local/lib/python3.12/site-packages/airflow/example_dags/example_inlet_event_extra.py for tasks to queue
[2025-01-20T19:21:03.681+0000] {logging_mixin.py:190} INFO - [2025-01-20T19:21:03.681+0000] {dagbag.py:588} INFO - Filling up the DagBag from /home/airflow/.local/lib/python3.12/site-packages/airflow/example_dags/example_inlet_event_extra.py
[2025-01-20T19:21:04.160+0000] {processor.py:925} INFO - DAG(s) 'read_dataset_event', 'read_dataset_event_from_classic' retrieved from /home/airflow/.local/lib/python3.12/site-packages/airflow/example_dags/example_inlet_event_extra.py
[2025-01-20T19:21:04.177+0000] {logging_mixin.py:190} INFO - [2025-01-20T19:21:04.177+0000] {dag.py:3239} INFO - Sync 2 DAGs
[2025-01-20T19:21:04.198+0000] {logging_mixin.py:190} INFO - [2025-01-20T19:21:04.198+0000] {dag.py:4180} INFO - Setting next_dagrun for read_dataset_event to 2025-01-19 00:00:00+00:00, run_after=2025-01-20 00:00:00+00:00
[2025-01-20T19:21:04.203+0000] {logging_mixin.py:190} INFO - [2025-01-20T19:21:04.203+0000] {dag.py:4180} INFO - Setting next_dagrun for read_dataset_event_from_classic to 2025-01-19 00:00:00+00:00, run_after=2025-01-20 00:00:00+00:00
[2025-01-20T19:21:04.215+0000] {processor.py:208} INFO - Processing /home/airflow/.local/lib/python3.12/site-packages/airflow/example_dags/example_inlet_event_extra.py took 0.543 seconds
[2025-01-20T19:21:34.936+0000] {processor.py:186} INFO - Started process (PID=1281) to work on /home/airflow/.local/lib/python3.12/site-packages/airflow/example_dags/example_inlet_event_extra.py
[2025-01-20T19:21:34.936+0000] {processor.py:914} INFO - Processing file /home/airflow/.local/lib/python3.12/site-packages/airflow/example_dags/example_inlet_event_extra.py for tasks to queue
[2025-01-20T19:21:34.938+0000] {logging_mixin.py:190} INFO - [2025-01-20T19:21:34.938+0000] {dagbag.py:588} INFO - Filling up the DagBag from /home/airflow/.local/lib/python3.12/site-packages/airflow/example_dags/example_inlet_event_extra.py
[2025-01-20T19:21:35.513+0000] {processor.py:925} INFO - DAG(s) 'read_dataset_event_from_classic', 'read_dataset_event' retrieved from /home/airflow/.local/lib/python3.12/site-packages/airflow/example_dags/example_inlet_event_extra.py
[2025-01-20T19:21:35.533+0000] {logging_mixin.py:190} INFO - [2025-01-20T19:21:35.532+0000] {dag.py:3239} INFO - Sync 2 DAGs
[2025-01-20T19:21:35.554+0000] {logging_mixin.py:190} INFO - [2025-01-20T19:21:35.553+0000] {dag.py:4180} INFO - Setting next_dagrun for read_dataset_event to 2025-01-19 00:00:00+00:00, run_after=2025-01-20 00:00:00+00:00
[2025-01-20T19:21:35.559+0000] {logging_mixin.py:190} INFO - [2025-01-20T19:21:35.559+0000] {dag.py:4180} INFO - Setting next_dagrun for read_dataset_event_from_classic to 2025-01-19 00:00:00+00:00, run_after=2025-01-20 00:00:00+00:00
[2025-01-20T19:21:35.572+0000] {processor.py:208} INFO - Processing /home/airflow/.local/lib/python3.12/site-packages/airflow/example_dags/example_inlet_event_extra.py took 0.641 seconds
[2025-01-20T19:22:06.251+0000] {processor.py:186} INFO - Started process (PID=1344) to work on /home/airflow/.local/lib/python3.12/site-packages/airflow/example_dags/example_inlet_event_extra.py
[2025-01-20T19:22:06.252+0000] {processor.py:914} INFO - Processing file /home/airflow/.local/lib/python3.12/site-packages/airflow/example_dags/example_inlet_event_extra.py for tasks to queue
[2025-01-20T19:22:06.254+0000] {logging_mixin.py:190} INFO - [2025-01-20T19:22:06.254+0000] {dagbag.py:588} INFO - Filling up the DagBag from /home/airflow/.local/lib/python3.12/site-packages/airflow/example_dags/example_inlet_event_extra.py
[2025-01-20T19:22:06.741+0000] {processor.py:925} INFO - DAG(s) 'read_dataset_event', 'read_dataset_event_from_classic' retrieved from /home/airflow/.local/lib/python3.12/site-packages/airflow/example_dags/example_inlet_event_extra.py
[2025-01-20T19:22:06.756+0000] {logging_mixin.py:190} INFO - [2025-01-20T19:22:06.755+0000] {dag.py:3239} INFO - Sync 2 DAGs
[2025-01-20T19:22:06.774+0000] {logging_mixin.py:190} INFO - [2025-01-20T19:22:06.774+0000] {dag.py:4180} INFO - Setting next_dagrun for read_dataset_event to 2025-01-19 00:00:00+00:00, run_after=2025-01-20 00:00:00+00:00
[2025-01-20T19:22:06.778+0000] {logging_mixin.py:190} INFO - [2025-01-20T19:22:06.777+0000] {dag.py:4180} INFO - Setting next_dagrun for read_dataset_event_from_classic to 2025-01-19 00:00:00+00:00, run_after=2025-01-20 00:00:00+00:00
[2025-01-20T19:22:06.789+0000] {processor.py:208} INFO - Processing /home/airflow/.local/lib/python3.12/site-packages/airflow/example_dags/example_inlet_event_extra.py took 0.543 seconds
[2025-01-20T19:22:37.388+0000] {processor.py:186} INFO - Started process (PID=1407) to work on /home/airflow/.local/lib/python3.12/site-packages/airflow/example_dags/example_inlet_event_extra.py
[2025-01-20T19:22:37.389+0000] {processor.py:914} INFO - Processing file /home/airflow/.local/lib/python3.12/site-packages/airflow/example_dags/example_inlet_event_extra.py for tasks to queue
[2025-01-20T19:22:37.390+0000] {logging_mixin.py:190} INFO - [2025-01-20T19:22:37.390+0000] {dagbag.py:588} INFO - Filling up the DagBag from /home/airflow/.local/lib/python3.12/site-packages/airflow/example_dags/example_inlet_event_extra.py
[2025-01-20T19:22:37.904+0000] {processor.py:925} INFO - DAG(s) 'read_dataset_event', 'read_dataset_event_from_classic' retrieved from /home/airflow/.local/lib/python3.12/site-packages/airflow/example_dags/example_inlet_event_extra.py
[2025-01-20T19:22:37.919+0000] {logging_mixin.py:190} INFO - [2025-01-20T19:22:37.919+0000] {dag.py:3239} INFO - Sync 2 DAGs
[2025-01-20T19:22:37.940+0000] {logging_mixin.py:190} INFO - [2025-01-20T19:22:37.940+0000] {dag.py:4180} INFO - Setting next_dagrun for read_dataset_event to 2025-01-19 00:00:00+00:00, run_after=2025-01-20 00:00:00+00:00
[2025-01-20T19:22:37.945+0000] {logging_mixin.py:190} INFO - [2025-01-20T19:22:37.945+0000] {dag.py:4180} INFO - Setting next_dagrun for read_dataset_event_from_classic to 2025-01-19 00:00:00+00:00, run_after=2025-01-20 00:00:00+00:00
[2025-01-20T19:22:37.957+0000] {processor.py:208} INFO - Processing /home/airflow/.local/lib/python3.12/site-packages/airflow/example_dags/example_inlet_event_extra.py took 0.573 seconds
[2025-01-20T19:23:08.537+0000] {processor.py:186} INFO - Started process (PID=1470) to work on /home/airflow/.local/lib/python3.12/site-packages/airflow/example_dags/example_inlet_event_extra.py
[2025-01-20T19:23:08.537+0000] {processor.py:914} INFO - Processing file /home/airflow/.local/lib/python3.12/site-packages/airflow/example_dags/example_inlet_event_extra.py for tasks to queue
[2025-01-20T19:23:08.539+0000] {logging_mixin.py:190} INFO - [2025-01-20T19:23:08.539+0000] {dagbag.py:588} INFO - Filling up the DagBag from /home/airflow/.local/lib/python3.12/site-packages/airflow/example_dags/example_inlet_event_extra.py
[2025-01-20T19:23:09.024+0000] {processor.py:925} INFO - DAG(s) 'read_dataset_event', 'read_dataset_event_from_classic' retrieved from /home/airflow/.local/lib/python3.12/site-packages/airflow/example_dags/example_inlet_event_extra.py
[2025-01-20T19:23:09.045+0000] {logging_mixin.py:190} INFO - [2025-01-20T19:23:09.045+0000] {dag.py:3239} INFO - Sync 2 DAGs
[2025-01-20T19:23:09.072+0000] {logging_mixin.py:190} INFO - [2025-01-20T19:23:09.072+0000] {dag.py:4180} INFO - Setting next_dagrun for read_dataset_event to 2025-01-19 00:00:00+00:00, run_after=2025-01-20 00:00:00+00:00
[2025-01-20T19:23:09.077+0000] {logging_mixin.py:190} INFO - [2025-01-20T19:23:09.076+0000] {dag.py:4180} INFO - Setting next_dagrun for read_dataset_event_from_classic to 2025-01-19 00:00:00+00:00, run_after=2025-01-20 00:00:00+00:00
[2025-01-20T19:23:09.090+0000] {processor.py:208} INFO - Processing /home/airflow/.local/lib/python3.12/site-packages/airflow/example_dags/example_inlet_event_extra.py took 0.558 seconds
[2025-01-20T19:23:39.766+0000] {processor.py:186} INFO - Started process (PID=1533) to work on /home/airflow/.local/lib/python3.12/site-packages/airflow/example_dags/example_inlet_event_extra.py
[2025-01-20T19:23:39.767+0000] {processor.py:914} INFO - Processing file /home/airflow/.local/lib/python3.12/site-packages/airflow/example_dags/example_inlet_event_extra.py for tasks to queue
[2025-01-20T19:23:39.769+0000] {logging_mixin.py:190} INFO - [2025-01-20T19:23:39.769+0000] {dagbag.py:588} INFO - Filling up the DagBag from /home/airflow/.local/lib/python3.12/site-packages/airflow/example_dags/example_inlet_event_extra.py
[2025-01-20T19:23:40.243+0000] {processor.py:925} INFO - DAG(s) 'read_dataset_event_from_classic', 'read_dataset_event' retrieved from /home/airflow/.local/lib/python3.12/site-packages/airflow/example_dags/example_inlet_event_extra.py
[2025-01-20T19:23:40.263+0000] {logging_mixin.py:190} INFO - [2025-01-20T19:23:40.262+0000] {dag.py:3239} INFO - Sync 2 DAGs
[2025-01-20T19:23:40.291+0000] {logging_mixin.py:190} INFO - [2025-01-20T19:23:40.291+0000] {dag.py:4180} INFO - Setting next_dagrun for read_dataset_event to 2025-01-19 00:00:00+00:00, run_after=2025-01-20 00:00:00+00:00
[2025-01-20T19:23:40.297+0000] {logging_mixin.py:190} INFO - [2025-01-20T19:23:40.297+0000] {dag.py:4180} INFO - Setting next_dagrun for read_dataset_event_from_classic to 2025-01-19 00:00:00+00:00, run_after=2025-01-20 00:00:00+00:00
[2025-01-20T19:23:40.311+0000] {processor.py:208} INFO - Processing /home/airflow/.local/lib/python3.12/site-packages/airflow/example_dags/example_inlet_event_extra.py took 0.549 seconds
[2025-01-20T19:24:10.933+0000] {processor.py:186} INFO - Started process (PID=1596) to work on /home/airflow/.local/lib/python3.12/site-packages/airflow/example_dags/example_inlet_event_extra.py
[2025-01-20T19:24:10.934+0000] {processor.py:914} INFO - Processing file /home/airflow/.local/lib/python3.12/site-packages/airflow/example_dags/example_inlet_event_extra.py for tasks to queue
[2025-01-20T19:24:10.936+0000] {logging_mixin.py:190} INFO - [2025-01-20T19:24:10.936+0000] {dagbag.py:588} INFO - Filling up the DagBag from /home/airflow/.local/lib/python3.12/site-packages/airflow/example_dags/example_inlet_event_extra.py
[2025-01-20T19:24:11.519+0000] {processor.py:925} INFO - DAG(s) 'read_dataset_event_from_classic', 'read_dataset_event' retrieved from /home/airflow/.local/lib/python3.12/site-packages/airflow/example_dags/example_inlet_event_extra.py
[2025-01-20T19:24:11.538+0000] {logging_mixin.py:190} INFO - [2025-01-20T19:24:11.538+0000] {dag.py:3239} INFO - Sync 2 DAGs
[2025-01-20T19:24:11.565+0000] {logging_mixin.py:190} INFO - [2025-01-20T19:24:11.564+0000] {dag.py:4180} INFO - Setting next_dagrun for read_dataset_event to 2025-01-19 00:00:00+00:00, run_after=2025-01-20 00:00:00+00:00
[2025-01-20T19:24:11.570+0000] {logging_mixin.py:190} INFO - [2025-01-20T19:24:11.570+0000] {dag.py:4180} INFO - Setting next_dagrun for read_dataset_event_from_classic to 2025-01-19 00:00:00+00:00, run_after=2025-01-20 00:00:00+00:00
[2025-01-20T19:24:11.584+0000] {processor.py:208} INFO - Processing /home/airflow/.local/lib/python3.12/site-packages/airflow/example_dags/example_inlet_event_extra.py took 0.656 seconds
[2025-01-20T19:24:42.200+0000] {processor.py:186} INFO - Started process (PID=1659) to work on /home/airflow/.local/lib/python3.12/site-packages/airflow/example_dags/example_inlet_event_extra.py
[2025-01-20T19:24:42.201+0000] {processor.py:914} INFO - Processing file /home/airflow/.local/lib/python3.12/site-packages/airflow/example_dags/example_inlet_event_extra.py for tasks to queue
[2025-01-20T19:24:42.203+0000] {logging_mixin.py:190} INFO - [2025-01-20T19:24:42.203+0000] {dagbag.py:588} INFO - Filling up the DagBag from /home/airflow/.local/lib/python3.12/site-packages/airflow/example_dags/example_inlet_event_extra.py
[2025-01-20T19:24:42.894+0000] {processor.py:925} INFO - DAG(s) 'read_dataset_event', 'read_dataset_event_from_classic' retrieved from /home/airflow/.local/lib/python3.12/site-packages/airflow/example_dags/example_inlet_event_extra.py
[2025-01-20T19:24:42.913+0000] {logging_mixin.py:190} INFO - [2025-01-20T19:24:42.913+0000] {dag.py:3239} INFO - Sync 2 DAGs
[2025-01-20T19:24:42.944+0000] {logging_mixin.py:190} INFO - [2025-01-20T19:24:42.943+0000] {dag.py:4180} INFO - Setting next_dagrun for read_dataset_event to 2025-01-19 00:00:00+00:00, run_after=2025-01-20 00:00:00+00:00
[2025-01-20T19:24:42.948+0000] {logging_mixin.py:190} INFO - [2025-01-20T19:24:42.948+0000] {dag.py:4180} INFO - Setting next_dagrun for read_dataset_event_from_classic to 2025-01-19 00:00:00+00:00, run_after=2025-01-20 00:00:00+00:00
[2025-01-20T19:24:42.959+0000] {processor.py:208} INFO - Processing /home/airflow/.local/lib/python3.12/site-packages/airflow/example_dags/example_inlet_event_extra.py took 0.765 seconds
[2025-01-20T19:25:13.526+0000] {processor.py:186} INFO - Started process (PID=1728) to work on /home/airflow/.local/lib/python3.12/site-packages/airflow/example_dags/example_inlet_event_extra.py
[2025-01-20T19:25:13.527+0000] {processor.py:914} INFO - Processing file /home/airflow/.local/lib/python3.12/site-packages/airflow/example_dags/example_inlet_event_extra.py for tasks to queue
[2025-01-20T19:25:13.531+0000] {logging_mixin.py:190} INFO - [2025-01-20T19:25:13.531+0000] {dagbag.py:588} INFO - Filling up the DagBag from /home/airflow/.local/lib/python3.12/site-packages/airflow/example_dags/example_inlet_event_extra.py
[2025-01-20T19:25:14.302+0000] {processor.py:925} INFO - DAG(s) 'read_dataset_event', 'read_dataset_event_from_classic' retrieved from /home/airflow/.local/lib/python3.12/site-packages/airflow/example_dags/example_inlet_event_extra.py
[2025-01-20T19:25:14.318+0000] {logging_mixin.py:190} INFO - [2025-01-20T19:25:14.318+0000] {dag.py:3239} INFO - Sync 2 DAGs
[2025-01-20T19:25:14.342+0000] {logging_mixin.py:190} INFO - [2025-01-20T19:25:14.341+0000] {dag.py:4180} INFO - Setting next_dagrun for read_dataset_event to 2025-01-19 00:00:00+00:00, run_after=2025-01-20 00:00:00+00:00
[2025-01-20T19:25:14.345+0000] {logging_mixin.py:190} INFO - [2025-01-20T19:25:14.345+0000] {dag.py:4180} INFO - Setting next_dagrun for read_dataset_event_from_classic to 2025-01-19 00:00:00+00:00, run_after=2025-01-20 00:00:00+00:00
[2025-01-20T19:25:14.361+0000] {processor.py:208} INFO - Processing /home/airflow/.local/lib/python3.12/site-packages/airflow/example_dags/example_inlet_event_extra.py took 0.847 seconds
[2025-01-20T19:25:45.139+0000] {processor.py:186} INFO - Started process (PID=1791) to work on /home/airflow/.local/lib/python3.12/site-packages/airflow/example_dags/example_inlet_event_extra.py
[2025-01-20T19:25:45.140+0000] {processor.py:914} INFO - Processing file /home/airflow/.local/lib/python3.12/site-packages/airflow/example_dags/example_inlet_event_extra.py for tasks to queue
[2025-01-20T19:25:45.142+0000] {logging_mixin.py:190} INFO - [2025-01-20T19:25:45.142+0000] {dagbag.py:588} INFO - Filling up the DagBag from /home/airflow/.local/lib/python3.12/site-packages/airflow/example_dags/example_inlet_event_extra.py
[2025-01-20T19:25:45.802+0000] {processor.py:925} INFO - DAG(s) 'read_dataset_event', 'read_dataset_event_from_classic' retrieved from /home/airflow/.local/lib/python3.12/site-packages/airflow/example_dags/example_inlet_event_extra.py
[2025-01-20T19:25:45.817+0000] {logging_mixin.py:190} INFO - [2025-01-20T19:25:45.817+0000] {dag.py:3239} INFO - Sync 2 DAGs
[2025-01-20T19:25:45.843+0000] {logging_mixin.py:190} INFO - [2025-01-20T19:25:45.843+0000] {dag.py:4180} INFO - Setting next_dagrun for read_dataset_event to 2025-01-19 00:00:00+00:00, run_after=2025-01-20 00:00:00+00:00
[2025-01-20T19:25:45.849+0000] {logging_mixin.py:190} INFO - [2025-01-20T19:25:45.849+0000] {dag.py:4180} INFO - Setting next_dagrun for read_dataset_event_from_classic to 2025-01-19 00:00:00+00:00, run_after=2025-01-20 00:00:00+00:00
[2025-01-20T19:25:45.864+0000] {processor.py:208} INFO - Processing /home/airflow/.local/lib/python3.12/site-packages/airflow/example_dags/example_inlet_event_extra.py took 0.731 seconds
[2025-01-20T19:26:16.630+0000] {processor.py:186} INFO - Started process (PID=1854) to work on /home/airflow/.local/lib/python3.12/site-packages/airflow/example_dags/example_inlet_event_extra.py
[2025-01-20T19:26:16.630+0000] {processor.py:914} INFO - Processing file /home/airflow/.local/lib/python3.12/site-packages/airflow/example_dags/example_inlet_event_extra.py for tasks to queue
[2025-01-20T19:26:16.632+0000] {logging_mixin.py:190} INFO - [2025-01-20T19:26:16.632+0000] {dagbag.py:588} INFO - Filling up the DagBag from /home/airflow/.local/lib/python3.12/site-packages/airflow/example_dags/example_inlet_event_extra.py
[2025-01-20T19:26:17.143+0000] {processor.py:925} INFO - DAG(s) 'read_dataset_event', 'read_dataset_event_from_classic' retrieved from /home/airflow/.local/lib/python3.12/site-packages/airflow/example_dags/example_inlet_event_extra.py
[2025-01-20T19:26:17.159+0000] {logging_mixin.py:190} INFO - [2025-01-20T19:26:17.158+0000] {dag.py:3239} INFO - Sync 2 DAGs
[2025-01-20T19:26:17.177+0000] {logging_mixin.py:190} INFO - [2025-01-20T19:26:17.176+0000] {dag.py:4180} INFO - Setting next_dagrun for read_dataset_event to 2025-01-19 00:00:00+00:00, run_after=2025-01-20 00:00:00+00:00
[2025-01-20T19:26:17.180+0000] {logging_mixin.py:190} INFO - [2025-01-20T19:26:17.180+0000] {dag.py:4180} INFO - Setting next_dagrun for read_dataset_event_from_classic to 2025-01-19 00:00:00+00:00, run_after=2025-01-20 00:00:00+00:00
[2025-01-20T19:26:17.192+0000] {processor.py:208} INFO - Processing /home/airflow/.local/lib/python3.12/site-packages/airflow/example_dags/example_inlet_event_extra.py took 0.566 seconds
[2025-01-20T19:26:47.452+0000] {processor.py:186} INFO - Started process (PID=1918) to work on /home/airflow/.local/lib/python3.12/site-packages/airflow/example_dags/example_inlet_event_extra.py
[2025-01-20T19:26:47.452+0000] {processor.py:914} INFO - Processing file /home/airflow/.local/lib/python3.12/site-packages/airflow/example_dags/example_inlet_event_extra.py for tasks to queue
[2025-01-20T19:26:47.454+0000] {logging_mixin.py:190} INFO - [2025-01-20T19:26:47.454+0000] {dagbag.py:588} INFO - Filling up the DagBag from /home/airflow/.local/lib/python3.12/site-packages/airflow/example_dags/example_inlet_event_extra.py
[2025-01-20T19:26:47.924+0000] {processor.py:925} INFO - DAG(s) 'read_dataset_event', 'read_dataset_event_from_classic' retrieved from /home/airflow/.local/lib/python3.12/site-packages/airflow/example_dags/example_inlet_event_extra.py
[2025-01-20T19:26:47.944+0000] {logging_mixin.py:190} INFO - [2025-01-20T19:26:47.944+0000] {dag.py:3239} INFO - Sync 2 DAGs
[2025-01-20T19:26:47.962+0000] {logging_mixin.py:190} INFO - [2025-01-20T19:26:47.962+0000] {dag.py:4180} INFO - Setting next_dagrun for read_dataset_event to 2025-01-19 00:00:00+00:00, run_after=2025-01-20 00:00:00+00:00
[2025-01-20T19:26:47.966+0000] {logging_mixin.py:190} INFO - [2025-01-20T19:26:47.966+0000] {dag.py:4180} INFO - Setting next_dagrun for read_dataset_event_from_classic to 2025-01-19 00:00:00+00:00, run_after=2025-01-20 00:00:00+00:00
[2025-01-20T19:26:47.976+0000] {processor.py:208} INFO - Processing /home/airflow/.local/lib/python3.12/site-packages/airflow/example_dags/example_inlet_event_extra.py took 0.529 seconds
[2025-01-20T19:27:18.767+0000] {processor.py:186} INFO - Started process (PID=1983) to work on /home/airflow/.local/lib/python3.12/site-packages/airflow/example_dags/example_inlet_event_extra.py
[2025-01-20T19:27:18.768+0000] {processor.py:914} INFO - Processing file /home/airflow/.local/lib/python3.12/site-packages/airflow/example_dags/example_inlet_event_extra.py for tasks to queue
[2025-01-20T19:27:18.771+0000] {logging_mixin.py:190} INFO - [2025-01-20T19:27:18.771+0000] {dagbag.py:588} INFO - Filling up the DagBag from /home/airflow/.local/lib/python3.12/site-packages/airflow/example_dags/example_inlet_event_extra.py
[2025-01-20T19:27:19.371+0000] {processor.py:925} INFO - DAG(s) 'read_dataset_event', 'read_dataset_event_from_classic' retrieved from /home/airflow/.local/lib/python3.12/site-packages/airflow/example_dags/example_inlet_event_extra.py
[2025-01-20T19:27:19.386+0000] {logging_mixin.py:190} INFO - [2025-01-20T19:27:19.386+0000] {dag.py:3239} INFO - Sync 2 DAGs
[2025-01-20T19:27:19.404+0000] {logging_mixin.py:190} INFO - [2025-01-20T19:27:19.404+0000] {dag.py:4180} INFO - Setting next_dagrun for read_dataset_event to 2025-01-19 00:00:00+00:00, run_after=2025-01-20 00:00:00+00:00
[2025-01-20T19:27:19.408+0000] {logging_mixin.py:190} INFO - [2025-01-20T19:27:19.408+0000] {dag.py:4180} INFO - Setting next_dagrun for read_dataset_event_from_classic to 2025-01-19 00:00:00+00:00, run_after=2025-01-20 00:00:00+00:00
[2025-01-20T19:27:19.419+0000] {processor.py:208} INFO - Processing /home/airflow/.local/lib/python3.12/site-packages/airflow/example_dags/example_inlet_event_extra.py took 0.657 seconds
[2025-01-20T19:27:49.536+0000] {processor.py:186} INFO - Started process (PID=2048) to work on /home/airflow/.local/lib/python3.12/site-packages/airflow/example_dags/example_inlet_event_extra.py
[2025-01-20T19:27:49.537+0000] {processor.py:914} INFO - Processing file /home/airflow/.local/lib/python3.12/site-packages/airflow/example_dags/example_inlet_event_extra.py for tasks to queue
[2025-01-20T19:27:49.539+0000] {logging_mixin.py:190} INFO - [2025-01-20T19:27:49.539+0000] {dagbag.py:588} INFO - Filling up the DagBag from /home/airflow/.local/lib/python3.12/site-packages/airflow/example_dags/example_inlet_event_extra.py
[2025-01-20T19:27:50.016+0000] {processor.py:925} INFO - DAG(s) 'read_dataset_event', 'read_dataset_event_from_classic' retrieved from /home/airflow/.local/lib/python3.12/site-packages/airflow/example_dags/example_inlet_event_extra.py
[2025-01-20T19:27:50.033+0000] {logging_mixin.py:190} INFO - [2025-01-20T19:27:50.033+0000] {dag.py:3239} INFO - Sync 2 DAGs
[2025-01-20T19:27:50.055+0000] {logging_mixin.py:190} INFO - [2025-01-20T19:27:50.055+0000] {dag.py:4180} INFO - Setting next_dagrun for read_dataset_event to 2025-01-19 00:00:00+00:00, run_after=2025-01-20 00:00:00+00:00
[2025-01-20T19:27:50.060+0000] {logging_mixin.py:190} INFO - [2025-01-20T19:27:50.059+0000] {dag.py:4180} INFO - Setting next_dagrun for read_dataset_event_from_classic to 2025-01-19 00:00:00+00:00, run_after=2025-01-20 00:00:00+00:00
[2025-01-20T19:27:50.071+0000] {processor.py:208} INFO - Processing /home/airflow/.local/lib/python3.12/site-packages/airflow/example_dags/example_inlet_event_extra.py took 0.541 seconds
[2025-01-20T19:28:21.070+0000] {processor.py:186} INFO - Started process (PID=2112) to work on /home/airflow/.local/lib/python3.12/site-packages/airflow/example_dags/example_inlet_event_extra.py
[2025-01-20T19:28:21.071+0000] {processor.py:914} INFO - Processing file /home/airflow/.local/lib/python3.12/site-packages/airflow/example_dags/example_inlet_event_extra.py for tasks to queue
[2025-01-20T19:28:21.072+0000] {logging_mixin.py:190} INFO - [2025-01-20T19:28:21.072+0000] {dagbag.py:588} INFO - Filling up the DagBag from /home/airflow/.local/lib/python3.12/site-packages/airflow/example_dags/example_inlet_event_extra.py
[2025-01-20T19:28:21.552+0000] {processor.py:925} INFO - DAG(s) 'read_dataset_event', 'read_dataset_event_from_classic' retrieved from /home/airflow/.local/lib/python3.12/site-packages/airflow/example_dags/example_inlet_event_extra.py
[2025-01-20T19:28:21.572+0000] {logging_mixin.py:190} INFO - [2025-01-20T19:28:21.571+0000] {dag.py:3239} INFO - Sync 2 DAGs
[2025-01-20T19:28:21.597+0000] {logging_mixin.py:190} INFO - [2025-01-20T19:28:21.597+0000] {dag.py:4180} INFO - Setting next_dagrun for read_dataset_event to 2025-01-19 00:00:00+00:00, run_after=2025-01-20 00:00:00+00:00
[2025-01-20T19:28:21.602+0000] {logging_mixin.py:190} INFO - [2025-01-20T19:28:21.602+0000] {dag.py:4180} INFO - Setting next_dagrun for read_dataset_event_from_classic to 2025-01-19 00:00:00+00:00, run_after=2025-01-20 00:00:00+00:00
[2025-01-20T19:28:21.615+0000] {processor.py:208} INFO - Processing /home/airflow/.local/lib/python3.12/site-packages/airflow/example_dags/example_inlet_event_extra.py took 0.550 seconds
[2025-01-20T19:28:52.146+0000] {processor.py:186} INFO - Started process (PID=2176) to work on /home/airflow/.local/lib/python3.12/site-packages/airflow/example_dags/example_inlet_event_extra.py
[2025-01-20T19:28:52.147+0000] {processor.py:914} INFO - Processing file /home/airflow/.local/lib/python3.12/site-packages/airflow/example_dags/example_inlet_event_extra.py for tasks to queue
[2025-01-20T19:28:52.149+0000] {logging_mixin.py:190} INFO - [2025-01-20T19:28:52.148+0000] {dagbag.py:588} INFO - Filling up the DagBag from /home/airflow/.local/lib/python3.12/site-packages/airflow/example_dags/example_inlet_event_extra.py
[2025-01-20T19:28:52.672+0000] {processor.py:925} INFO - DAG(s) 'read_dataset_event', 'read_dataset_event_from_classic' retrieved from /home/airflow/.local/lib/python3.12/site-packages/airflow/example_dags/example_inlet_event_extra.py
[2025-01-20T19:28:52.691+0000] {logging_mixin.py:190} INFO - [2025-01-20T19:28:52.691+0000] {dag.py:3239} INFO - Sync 2 DAGs
[2025-01-20T19:28:52.718+0000] {logging_mixin.py:190} INFO - [2025-01-20T19:28:52.718+0000] {dag.py:4180} INFO - Setting next_dagrun for read_dataset_event to 2025-01-19 00:00:00+00:00, run_after=2025-01-20 00:00:00+00:00
[2025-01-20T19:28:52.723+0000] {logging_mixin.py:190} INFO - [2025-01-20T19:28:52.723+0000] {dag.py:4180} INFO - Setting next_dagrun for read_dataset_event_from_classic to 2025-01-19 00:00:00+00:00, run_after=2025-01-20 00:00:00+00:00
[2025-01-20T19:28:52.737+0000] {processor.py:208} INFO - Processing /home/airflow/.local/lib/python3.12/site-packages/airflow/example_dags/example_inlet_event_extra.py took 0.595 seconds
[2025-01-20T19:29:23.287+0000] {processor.py:186} INFO - Started process (PID=2240) to work on /home/airflow/.local/lib/python3.12/site-packages/airflow/example_dags/example_inlet_event_extra.py
[2025-01-20T19:29:23.287+0000] {processor.py:914} INFO - Processing file /home/airflow/.local/lib/python3.12/site-packages/airflow/example_dags/example_inlet_event_extra.py for tasks to queue
[2025-01-20T19:29:23.289+0000] {logging_mixin.py:190} INFO - [2025-01-20T19:29:23.289+0000] {dagbag.py:588} INFO - Filling up the DagBag from /home/airflow/.local/lib/python3.12/site-packages/airflow/example_dags/example_inlet_event_extra.py
[2025-01-20T19:29:23.775+0000] {processor.py:925} INFO - DAG(s) 'read_dataset_event', 'read_dataset_event_from_classic' retrieved from /home/airflow/.local/lib/python3.12/site-packages/airflow/example_dags/example_inlet_event_extra.py
[2025-01-20T19:29:23.793+0000] {logging_mixin.py:190} INFO - [2025-01-20T19:29:23.793+0000] {dag.py:3239} INFO - Sync 2 DAGs
[2025-01-20T19:29:23.820+0000] {logging_mixin.py:190} INFO - [2025-01-20T19:29:23.819+0000] {dag.py:4180} INFO - Setting next_dagrun for read_dataset_event to 2025-01-19 00:00:00+00:00, run_after=2025-01-20 00:00:00+00:00
[2025-01-20T19:29:23.825+0000] {logging_mixin.py:190} INFO - [2025-01-20T19:29:23.825+0000] {dag.py:4180} INFO - Setting next_dagrun for read_dataset_event_from_classic to 2025-01-19 00:00:00+00:00, run_after=2025-01-20 00:00:00+00:00
[2025-01-20T19:29:23.839+0000] {processor.py:208} INFO - Processing /home/airflow/.local/lib/python3.12/site-packages/airflow/example_dags/example_inlet_event_extra.py took 0.556 seconds
[2025-01-20T19:29:54.750+0000] {processor.py:186} INFO - Started process (PID=2304) to work on /home/airflow/.local/lib/python3.12/site-packages/airflow/example_dags/example_inlet_event_extra.py
[2025-01-20T19:29:54.750+0000] {processor.py:914} INFO - Processing file /home/airflow/.local/lib/python3.12/site-packages/airflow/example_dags/example_inlet_event_extra.py for tasks to queue
[2025-01-20T19:29:54.752+0000] {logging_mixin.py:190} INFO - [2025-01-20T19:29:54.751+0000] {dagbag.py:588} INFO - Filling up the DagBag from /home/airflow/.local/lib/python3.12/site-packages/airflow/example_dags/example_inlet_event_extra.py
[2025-01-20T19:29:55.241+0000] {processor.py:925} INFO - DAG(s) 'read_dataset_event', 'read_dataset_event_from_classic' retrieved from /home/airflow/.local/lib/python3.12/site-packages/airflow/example_dags/example_inlet_event_extra.py
[2025-01-20T19:29:55.260+0000] {logging_mixin.py:190} INFO - [2025-01-20T19:29:55.259+0000] {dag.py:3239} INFO - Sync 2 DAGs
[2025-01-20T19:29:55.286+0000] {logging_mixin.py:190} INFO - [2025-01-20T19:29:55.286+0000] {dag.py:4180} INFO - Setting next_dagrun for read_dataset_event to 2025-01-19 00:00:00+00:00, run_after=2025-01-20 00:00:00+00:00
[2025-01-20T19:29:55.291+0000] {logging_mixin.py:190} INFO - [2025-01-20T19:29:55.291+0000] {dag.py:4180} INFO - Setting next_dagrun for read_dataset_event_from_classic to 2025-01-19 00:00:00+00:00, run_after=2025-01-20 00:00:00+00:00
[2025-01-20T19:29:55.304+0000] {processor.py:208} INFO - Processing /home/airflow/.local/lib/python3.12/site-packages/airflow/example_dags/example_inlet_event_extra.py took 0.560 seconds
[2025-01-20T19:30:25.812+0000] {processor.py:186} INFO - Started process (PID=2368) to work on /home/airflow/.local/lib/python3.12/site-packages/airflow/example_dags/example_inlet_event_extra.py
[2025-01-20T19:30:25.812+0000] {processor.py:914} INFO - Processing file /home/airflow/.local/lib/python3.12/site-packages/airflow/example_dags/example_inlet_event_extra.py for tasks to queue
[2025-01-20T19:30:25.814+0000] {logging_mixin.py:190} INFO - [2025-01-20T19:30:25.814+0000] {dagbag.py:588} INFO - Filling up the DagBag from /home/airflow/.local/lib/python3.12/site-packages/airflow/example_dags/example_inlet_event_extra.py
[2025-01-20T19:30:26.292+0000] {processor.py:925} INFO - DAG(s) 'read_dataset_event', 'read_dataset_event_from_classic' retrieved from /home/airflow/.local/lib/python3.12/site-packages/airflow/example_dags/example_inlet_event_extra.py
[2025-01-20T19:30:26.310+0000] {logging_mixin.py:190} INFO - [2025-01-20T19:30:26.310+0000] {dag.py:3239} INFO - Sync 2 DAGs
[2025-01-20T19:30:26.337+0000] {logging_mixin.py:190} INFO - [2025-01-20T19:30:26.337+0000] {dag.py:4180} INFO - Setting next_dagrun for read_dataset_event to 2025-01-19 00:00:00+00:00, run_after=2025-01-20 00:00:00+00:00
[2025-01-20T19:30:26.342+0000] {logging_mixin.py:190} INFO - [2025-01-20T19:30:26.342+0000] {dag.py:4180} INFO - Setting next_dagrun for read_dataset_event_from_classic to 2025-01-19 00:00:00+00:00, run_after=2025-01-20 00:00:00+00:00
[2025-01-20T19:30:26.356+0000] {processor.py:208} INFO - Processing /home/airflow/.local/lib/python3.12/site-packages/airflow/example_dags/example_inlet_event_extra.py took 0.548 seconds
