[2025-01-20T19:11:45.501+0000] {processor.py:186} INFO - Started process (PID=85) to work on /home/airflow/.local/lib/python3.12/site-packages/airflow/example_dags/example_sla_dag.py
[2025-01-20T19:11:45.502+0000] {processor.py:914} INFO - Processing file /home/airflow/.local/lib/python3.12/site-packages/airflow/example_dags/example_sla_dag.py for tasks to queue
[2025-01-20T19:11:45.504+0000] {logging_mixin.py:190} INFO - [2025-01-20T19:11:45.504+0000] {dagbag.py:588} INFO - Filling up the DagBag from /home/airflow/.local/lib/python3.12/site-packages/airflow/example_dags/example_sla_dag.py
[2025-01-20T19:11:45.517+0000] {processor.py:925} INFO - DAG(s) 'example_sla_dag' retrieved from /home/airflow/.local/lib/python3.12/site-packages/airflow/example_dags/example_sla_dag.py
[2025-01-20T19:11:45.650+0000] {logging_mixin.py:190} INFO - [2025-01-20T19:11:45.649+0000] {override.py:1911} INFO - Created Permission View: can edit on DAG:example_sla_dag
[2025-01-20T19:11:45.659+0000] {logging_mixin.py:190} INFO - [2025-01-20T19:11:45.659+0000] {override.py:1911} INFO - Created Permission View: can delete on DAG:example_sla_dag
[2025-01-20T19:11:45.665+0000] {logging_mixin.py:190} INFO - [2025-01-20T19:11:45.665+0000] {override.py:1911} INFO - Created Permission View: can read on DAG:example_sla_dag
[2025-01-20T19:11:45.671+0000] {logging_mixin.py:190} INFO - [2025-01-20T19:11:45.671+0000] {override.py:1911} INFO - Created Permission View: can create on DAG Run:example_sla_dag
[2025-01-20T19:11:45.677+0000] {logging_mixin.py:190} INFO - [2025-01-20T19:11:45.677+0000] {override.py:1911} INFO - Created Permission View: can delete on DAG Run:example_sla_dag
[2025-01-20T19:11:45.682+0000] {logging_mixin.py:190} INFO - [2025-01-20T19:11:45.682+0000] {override.py:1911} INFO - Created Permission View: menu access on DAG Run:example_sla_dag
[2025-01-20T19:11:45.688+0000] {logging_mixin.py:190} INFO - [2025-01-20T19:11:45.687+0000] {override.py:1911} INFO - Created Permission View: can read on DAG Run:example_sla_dag
[2025-01-20T19:11:45.688+0000] {logging_mixin.py:190} INFO - [2025-01-20T19:11:45.688+0000] {dag.py:3239} INFO - Sync 1 DAGs
[2025-01-20T19:11:45.705+0000] {logging_mixin.py:190} INFO - [2025-01-20T19:11:45.704+0000] {dag.py:3262} INFO - Creating ORM DAG for example_sla_dag
[2025-01-20T19:11:45.719+0000] {logging_mixin.py:190} INFO - [2025-01-20T19:11:45.719+0000] {dag.py:4180} INFO - Setting next_dagrun for example_sla_dag to 2025-01-20 19:08:00+00:00, run_after=2025-01-20 19:10:00+00:00
[2025-01-20T19:11:45.733+0000] {processor.py:208} INFO - Processing /home/airflow/.local/lib/python3.12/site-packages/airflow/example_dags/example_sla_dag.py took 0.238 seconds
[2025-01-20T19:12:16.436+0000] {processor.py:186} INFO - Started process (PID=148) to work on /home/airflow/.local/lib/python3.12/site-packages/airflow/example_dags/example_sla_dag.py
[2025-01-20T19:12:16.437+0000] {processor.py:914} INFO - Processing file /home/airflow/.local/lib/python3.12/site-packages/airflow/example_dags/example_sla_dag.py for tasks to queue
[2025-01-20T19:12:16.439+0000] {logging_mixin.py:190} INFO - [2025-01-20T19:12:16.439+0000] {dagbag.py:588} INFO - Filling up the DagBag from /home/airflow/.local/lib/python3.12/site-packages/airflow/example_dags/example_sla_dag.py
[2025-01-20T19:12:16.449+0000] {processor.py:925} INFO - DAG(s) 'example_sla_dag' retrieved from /home/airflow/.local/lib/python3.12/site-packages/airflow/example_dags/example_sla_dag.py
[2025-01-20T19:12:16.468+0000] {logging_mixin.py:190} INFO - [2025-01-20T19:12:16.468+0000] {dag.py:3239} INFO - Sync 1 DAGs
[2025-01-20T19:12:16.494+0000] {logging_mixin.py:190} INFO - [2025-01-20T19:12:16.494+0000] {dag.py:4180} INFO - Setting next_dagrun for example_sla_dag to 2025-01-20 19:10:00+00:00, run_after=2025-01-20 19:12:00+00:00
[2025-01-20T19:12:16.512+0000] {processor.py:208} INFO - Processing /home/airflow/.local/lib/python3.12/site-packages/airflow/example_dags/example_sla_dag.py took 0.081 seconds
[2025-01-20T19:12:46.914+0000] {processor.py:186} INFO - Started process (PID=210) to work on /home/airflow/.local/lib/python3.12/site-packages/airflow/example_dags/example_sla_dag.py
[2025-01-20T19:12:46.914+0000] {processor.py:914} INFO - Processing file /home/airflow/.local/lib/python3.12/site-packages/airflow/example_dags/example_sla_dag.py for tasks to queue
[2025-01-20T19:12:46.916+0000] {logging_mixin.py:190} INFO - [2025-01-20T19:12:46.916+0000] {dagbag.py:588} INFO - Filling up the DagBag from /home/airflow/.local/lib/python3.12/site-packages/airflow/example_dags/example_sla_dag.py
[2025-01-20T19:12:46.924+0000] {processor.py:925} INFO - DAG(s) 'example_sla_dag' retrieved from /home/airflow/.local/lib/python3.12/site-packages/airflow/example_dags/example_sla_dag.py
[2025-01-20T19:12:46.940+0000] {logging_mixin.py:190} INFO - [2025-01-20T19:12:46.940+0000] {dag.py:3239} INFO - Sync 1 DAGs
[2025-01-20T19:12:46.959+0000] {logging_mixin.py:190} INFO - [2025-01-20T19:12:46.959+0000] {dag.py:4180} INFO - Setting next_dagrun for example_sla_dag to 2025-01-20 19:10:00+00:00, run_after=2025-01-20 19:12:00+00:00
[2025-01-20T19:12:46.973+0000] {processor.py:208} INFO - Processing /home/airflow/.local/lib/python3.12/site-packages/airflow/example_dags/example_sla_dag.py took 0.063 seconds
[2025-01-20T19:13:17.866+0000] {processor.py:186} INFO - Started process (PID=273) to work on /home/airflow/.local/lib/python3.12/site-packages/airflow/example_dags/example_sla_dag.py
[2025-01-20T19:13:17.867+0000] {processor.py:914} INFO - Processing file /home/airflow/.local/lib/python3.12/site-packages/airflow/example_dags/example_sla_dag.py for tasks to queue
[2025-01-20T19:13:17.869+0000] {logging_mixin.py:190} INFO - [2025-01-20T19:13:17.869+0000] {dagbag.py:588} INFO - Filling up the DagBag from /home/airflow/.local/lib/python3.12/site-packages/airflow/example_dags/example_sla_dag.py
[2025-01-20T19:13:17.880+0000] {processor.py:925} INFO - DAG(s) 'example_sla_dag' retrieved from /home/airflow/.local/lib/python3.12/site-packages/airflow/example_dags/example_sla_dag.py
[2025-01-20T19:13:17.915+0000] {logging_mixin.py:190} INFO - [2025-01-20T19:13:17.914+0000] {dag.py:3239} INFO - Sync 1 DAGs
[2025-01-20T19:13:17.942+0000] {logging_mixin.py:190} INFO - [2025-01-20T19:13:17.942+0000] {dag.py:4180} INFO - Setting next_dagrun for example_sla_dag to 2025-01-20 19:10:00+00:00, run_after=2025-01-20 19:12:00+00:00
[2025-01-20T19:13:17.957+0000] {processor.py:208} INFO - Processing /home/airflow/.local/lib/python3.12/site-packages/airflow/example_dags/example_sla_dag.py took 0.097 seconds
[2025-01-20T19:13:48.414+0000] {processor.py:186} INFO - Started process (PID=335) to work on /home/airflow/.local/lib/python3.12/site-packages/airflow/example_dags/example_sla_dag.py
[2025-01-20T19:13:48.415+0000] {processor.py:914} INFO - Processing file /home/airflow/.local/lib/python3.12/site-packages/airflow/example_dags/example_sla_dag.py for tasks to queue
[2025-01-20T19:13:48.417+0000] {logging_mixin.py:190} INFO - [2025-01-20T19:13:48.416+0000] {dagbag.py:588} INFO - Filling up the DagBag from /home/airflow/.local/lib/python3.12/site-packages/airflow/example_dags/example_sla_dag.py
[2025-01-20T19:13:48.424+0000] {processor.py:925} INFO - DAG(s) 'example_sla_dag' retrieved from /home/airflow/.local/lib/python3.12/site-packages/airflow/example_dags/example_sla_dag.py
[2025-01-20T19:13:48.439+0000] {logging_mixin.py:190} INFO - [2025-01-20T19:13:48.439+0000] {dag.py:3239} INFO - Sync 1 DAGs
[2025-01-20T19:13:48.465+0000] {logging_mixin.py:190} INFO - [2025-01-20T19:13:48.464+0000] {dag.py:4180} INFO - Setting next_dagrun for example_sla_dag to 2025-01-20 19:10:00+00:00, run_after=2025-01-20 19:12:00+00:00
[2025-01-20T19:13:48.479+0000] {processor.py:208} INFO - Processing /home/airflow/.local/lib/python3.12/site-packages/airflow/example_dags/example_sla_dag.py took 0.069 seconds
[2025-01-20T19:14:19.252+0000] {processor.py:186} INFO - Started process (PID=398) to work on /home/airflow/.local/lib/python3.12/site-packages/airflow/example_dags/example_sla_dag.py
[2025-01-20T19:14:19.253+0000] {processor.py:914} INFO - Processing file /home/airflow/.local/lib/python3.12/site-packages/airflow/example_dags/example_sla_dag.py for tasks to queue
[2025-01-20T19:14:19.255+0000] {logging_mixin.py:190} INFO - [2025-01-20T19:14:19.255+0000] {dagbag.py:588} INFO - Filling up the DagBag from /home/airflow/.local/lib/python3.12/site-packages/airflow/example_dags/example_sla_dag.py
[2025-01-20T19:14:19.263+0000] {processor.py:925} INFO - DAG(s) 'example_sla_dag' retrieved from /home/airflow/.local/lib/python3.12/site-packages/airflow/example_dags/example_sla_dag.py
[2025-01-20T19:14:19.279+0000] {logging_mixin.py:190} INFO - [2025-01-20T19:14:19.279+0000] {dag.py:3239} INFO - Sync 1 DAGs
[2025-01-20T19:14:19.304+0000] {logging_mixin.py:190} INFO - [2025-01-20T19:14:19.303+0000] {dag.py:4180} INFO - Setting next_dagrun for example_sla_dag to 2025-01-20 19:12:00+00:00, run_after=2025-01-20 19:14:00+00:00
[2025-01-20T19:14:19.317+0000] {processor.py:208} INFO - Processing /home/airflow/.local/lib/python3.12/site-packages/airflow/example_dags/example_sla_dag.py took 0.069 seconds
[2025-01-20T19:14:51.096+0000] {processor.py:186} INFO - Started process (PID=462) to work on /home/airflow/.local/lib/python3.12/site-packages/airflow/example_dags/example_sla_dag.py
[2025-01-20T19:14:51.097+0000] {processor.py:914} INFO - Processing file /home/airflow/.local/lib/python3.12/site-packages/airflow/example_dags/example_sla_dag.py for tasks to queue
[2025-01-20T19:14:51.098+0000] {logging_mixin.py:190} INFO - [2025-01-20T19:14:51.098+0000] {dagbag.py:588} INFO - Filling up the DagBag from /home/airflow/.local/lib/python3.12/site-packages/airflow/example_dags/example_sla_dag.py
[2025-01-20T19:14:51.107+0000] {processor.py:925} INFO - DAG(s) 'example_sla_dag' retrieved from /home/airflow/.local/lib/python3.12/site-packages/airflow/example_dags/example_sla_dag.py
[2025-01-20T19:14:51.123+0000] {logging_mixin.py:190} INFO - [2025-01-20T19:14:51.123+0000] {dag.py:3239} INFO - Sync 1 DAGs
[2025-01-20T19:14:51.146+0000] {logging_mixin.py:190} INFO - [2025-01-20T19:14:51.146+0000] {dag.py:4180} INFO - Setting next_dagrun for example_sla_dag to 2025-01-20 19:12:00+00:00, run_after=2025-01-20 19:14:00+00:00
[2025-01-20T19:14:51.162+0000] {processor.py:208} INFO - Processing /home/airflow/.local/lib/python3.12/site-packages/airflow/example_dags/example_sla_dag.py took 0.070 seconds
[2025-01-20T19:15:22.227+0000] {processor.py:186} INFO - Started process (PID=526) to work on /home/airflow/.local/lib/python3.12/site-packages/airflow/example_dags/example_sla_dag.py
[2025-01-20T19:15:22.228+0000] {processor.py:914} INFO - Processing file /home/airflow/.local/lib/python3.12/site-packages/airflow/example_dags/example_sla_dag.py for tasks to queue
[2025-01-20T19:15:22.230+0000] {logging_mixin.py:190} INFO - [2025-01-20T19:15:22.230+0000] {dagbag.py:588} INFO - Filling up the DagBag from /home/airflow/.local/lib/python3.12/site-packages/airflow/example_dags/example_sla_dag.py
[2025-01-20T19:15:22.241+0000] {processor.py:925} INFO - DAG(s) 'example_sla_dag' retrieved from /home/airflow/.local/lib/python3.12/site-packages/airflow/example_dags/example_sla_dag.py
[2025-01-20T19:15:22.261+0000] {logging_mixin.py:190} INFO - [2025-01-20T19:15:22.261+0000] {dag.py:3239} INFO - Sync 1 DAGs
[2025-01-20T19:15:22.286+0000] {logging_mixin.py:190} INFO - [2025-01-20T19:15:22.286+0000] {dag.py:4180} INFO - Setting next_dagrun for example_sla_dag to 2025-01-20 19:12:00+00:00, run_after=2025-01-20 19:14:00+00:00
[2025-01-20T19:15:22.301+0000] {processor.py:208} INFO - Processing /home/airflow/.local/lib/python3.12/site-packages/airflow/example_dags/example_sla_dag.py took 0.080 seconds
[2025-01-20T19:15:53.395+0000] {processor.py:186} INFO - Started process (PID=589) to work on /home/airflow/.local/lib/python3.12/site-packages/airflow/example_dags/example_sla_dag.py
[2025-01-20T19:15:53.396+0000] {processor.py:914} INFO - Processing file /home/airflow/.local/lib/python3.12/site-packages/airflow/example_dags/example_sla_dag.py for tasks to queue
[2025-01-20T19:15:53.398+0000] {logging_mixin.py:190} INFO - [2025-01-20T19:15:53.398+0000] {dagbag.py:588} INFO - Filling up the DagBag from /home/airflow/.local/lib/python3.12/site-packages/airflow/example_dags/example_sla_dag.py
[2025-01-20T19:15:53.406+0000] {processor.py:925} INFO - DAG(s) 'example_sla_dag' retrieved from /home/airflow/.local/lib/python3.12/site-packages/airflow/example_dags/example_sla_dag.py
[2025-01-20T19:15:53.420+0000] {logging_mixin.py:190} INFO - [2025-01-20T19:15:53.420+0000] {dag.py:3239} INFO - Sync 1 DAGs
[2025-01-20T19:15:53.439+0000] {logging_mixin.py:190} INFO - [2025-01-20T19:15:53.439+0000] {dag.py:4180} INFO - Setting next_dagrun for example_sla_dag to 2025-01-20 19:12:00+00:00, run_after=2025-01-20 19:14:00+00:00
[2025-01-20T19:15:53.453+0000] {processor.py:208} INFO - Processing /home/airflow/.local/lib/python3.12/site-packages/airflow/example_dags/example_sla_dag.py took 0.062 seconds
[2025-01-20T19:16:24.166+0000] {processor.py:186} INFO - Started process (PID=653) to work on /home/airflow/.local/lib/python3.12/site-packages/airflow/example_dags/example_sla_dag.py
[2025-01-20T19:16:24.167+0000] {processor.py:914} INFO - Processing file /home/airflow/.local/lib/python3.12/site-packages/airflow/example_dags/example_sla_dag.py for tasks to queue
[2025-01-20T19:16:24.169+0000] {logging_mixin.py:190} INFO - [2025-01-20T19:16:24.169+0000] {dagbag.py:588} INFO - Filling up the DagBag from /home/airflow/.local/lib/python3.12/site-packages/airflow/example_dags/example_sla_dag.py
[2025-01-20T19:16:24.178+0000] {processor.py:925} INFO - DAG(s) 'example_sla_dag' retrieved from /home/airflow/.local/lib/python3.12/site-packages/airflow/example_dags/example_sla_dag.py
[2025-01-20T19:16:24.194+0000] {logging_mixin.py:190} INFO - [2025-01-20T19:16:24.194+0000] {dag.py:3239} INFO - Sync 1 DAGs
[2025-01-20T19:16:24.215+0000] {logging_mixin.py:190} INFO - [2025-01-20T19:16:24.215+0000] {dag.py:4180} INFO - Setting next_dagrun for example_sla_dag to 2025-01-20 19:14:00+00:00, run_after=2025-01-20 19:16:00+00:00
[2025-01-20T19:16:24.228+0000] {processor.py:208} INFO - Processing /home/airflow/.local/lib/python3.12/site-packages/airflow/example_dags/example_sla_dag.py took 0.066 seconds
[2025-01-20T19:16:55.347+0000] {processor.py:186} INFO - Started process (PID=716) to work on /home/airflow/.local/lib/python3.12/site-packages/airflow/example_dags/example_sla_dag.py
[2025-01-20T19:16:55.347+0000] {processor.py:914} INFO - Processing file /home/airflow/.local/lib/python3.12/site-packages/airflow/example_dags/example_sla_dag.py for tasks to queue
[2025-01-20T19:16:55.349+0000] {logging_mixin.py:190} INFO - [2025-01-20T19:16:55.349+0000] {dagbag.py:588} INFO - Filling up the DagBag from /home/airflow/.local/lib/python3.12/site-packages/airflow/example_dags/example_sla_dag.py
[2025-01-20T19:16:55.357+0000] {processor.py:925} INFO - DAG(s) 'example_sla_dag' retrieved from /home/airflow/.local/lib/python3.12/site-packages/airflow/example_dags/example_sla_dag.py
[2025-01-20T19:16:55.374+0000] {logging_mixin.py:190} INFO - [2025-01-20T19:16:55.373+0000] {dag.py:3239} INFO - Sync 1 DAGs
[2025-01-20T19:16:55.397+0000] {logging_mixin.py:190} INFO - [2025-01-20T19:16:55.397+0000] {dag.py:4180} INFO - Setting next_dagrun for example_sla_dag to 2025-01-20 19:14:00+00:00, run_after=2025-01-20 19:16:00+00:00
[2025-01-20T19:16:55.409+0000] {processor.py:208} INFO - Processing /home/airflow/.local/lib/python3.12/site-packages/airflow/example_dags/example_sla_dag.py took 0.067 seconds
[2025-01-20T19:17:26.544+0000] {processor.py:186} INFO - Started process (PID=779) to work on /home/airflow/.local/lib/python3.12/site-packages/airflow/example_dags/example_sla_dag.py
[2025-01-20T19:17:26.544+0000] {processor.py:914} INFO - Processing file /home/airflow/.local/lib/python3.12/site-packages/airflow/example_dags/example_sla_dag.py for tasks to queue
[2025-01-20T19:17:26.546+0000] {logging_mixin.py:190} INFO - [2025-01-20T19:17:26.546+0000] {dagbag.py:588} INFO - Filling up the DagBag from /home/airflow/.local/lib/python3.12/site-packages/airflow/example_dags/example_sla_dag.py
[2025-01-20T19:17:26.554+0000] {processor.py:925} INFO - DAG(s) 'example_sla_dag' retrieved from /home/airflow/.local/lib/python3.12/site-packages/airflow/example_dags/example_sla_dag.py
[2025-01-20T19:17:26.570+0000] {logging_mixin.py:190} INFO - [2025-01-20T19:17:26.570+0000] {dag.py:3239} INFO - Sync 1 DAGs
[2025-01-20T19:17:26.589+0000] {logging_mixin.py:190} INFO - [2025-01-20T19:17:26.589+0000] {dag.py:4180} INFO - Setting next_dagrun for example_sla_dag to 2025-01-20 19:14:00+00:00, run_after=2025-01-20 19:16:00+00:00
[2025-01-20T19:17:26.602+0000] {processor.py:208} INFO - Processing /home/airflow/.local/lib/python3.12/site-packages/airflow/example_dags/example_sla_dag.py took 0.062 seconds
[2025-01-20T19:17:57.729+0000] {processor.py:186} INFO - Started process (PID=842) to work on /home/airflow/.local/lib/python3.12/site-packages/airflow/example_dags/example_sla_dag.py
[2025-01-20T19:17:57.730+0000] {processor.py:914} INFO - Processing file /home/airflow/.local/lib/python3.12/site-packages/airflow/example_dags/example_sla_dag.py for tasks to queue
[2025-01-20T19:17:57.731+0000] {logging_mixin.py:190} INFO - [2025-01-20T19:17:57.731+0000] {dagbag.py:588} INFO - Filling up the DagBag from /home/airflow/.local/lib/python3.12/site-packages/airflow/example_dags/example_sla_dag.py
[2025-01-20T19:17:57.739+0000] {processor.py:925} INFO - DAG(s) 'example_sla_dag' retrieved from /home/airflow/.local/lib/python3.12/site-packages/airflow/example_dags/example_sla_dag.py
[2025-01-20T19:17:57.754+0000] {logging_mixin.py:190} INFO - [2025-01-20T19:17:57.754+0000] {dag.py:3239} INFO - Sync 1 DAGs
[2025-01-20T19:17:57.774+0000] {logging_mixin.py:190} INFO - [2025-01-20T19:17:57.774+0000] {dag.py:4180} INFO - Setting next_dagrun for example_sla_dag to 2025-01-20 19:14:00+00:00, run_after=2025-01-20 19:16:00+00:00
[2025-01-20T19:17:57.789+0000] {processor.py:208} INFO - Processing /home/airflow/.local/lib/python3.12/site-packages/airflow/example_dags/example_sla_dag.py took 0.064 seconds
[2025-01-20T19:18:28.736+0000] {processor.py:186} INFO - Started process (PID=905) to work on /home/airflow/.local/lib/python3.12/site-packages/airflow/example_dags/example_sla_dag.py
[2025-01-20T19:18:28.736+0000] {processor.py:914} INFO - Processing file /home/airflow/.local/lib/python3.12/site-packages/airflow/example_dags/example_sla_dag.py for tasks to queue
[2025-01-20T19:18:28.738+0000] {logging_mixin.py:190} INFO - [2025-01-20T19:18:28.738+0000] {dagbag.py:588} INFO - Filling up the DagBag from /home/airflow/.local/lib/python3.12/site-packages/airflow/example_dags/example_sla_dag.py
[2025-01-20T19:18:28.749+0000] {processor.py:925} INFO - DAG(s) 'example_sla_dag' retrieved from /home/airflow/.local/lib/python3.12/site-packages/airflow/example_dags/example_sla_dag.py
[2025-01-20T19:18:28.766+0000] {logging_mixin.py:190} INFO - [2025-01-20T19:18:28.766+0000] {dag.py:3239} INFO - Sync 1 DAGs
[2025-01-20T19:18:28.791+0000] {logging_mixin.py:190} INFO - [2025-01-20T19:18:28.791+0000] {dag.py:4180} INFO - Setting next_dagrun for example_sla_dag to 2025-01-20 19:16:00+00:00, run_after=2025-01-20 19:18:00+00:00
[2025-01-20T19:18:28.806+0000] {processor.py:208} INFO - Processing /home/airflow/.local/lib/python3.12/site-packages/airflow/example_dags/example_sla_dag.py took 0.074 seconds
[2025-01-20T19:18:59.684+0000] {processor.py:186} INFO - Started process (PID=968) to work on /home/airflow/.local/lib/python3.12/site-packages/airflow/example_dags/example_sla_dag.py
[2025-01-20T19:18:59.685+0000] {processor.py:914} INFO - Processing file /home/airflow/.local/lib/python3.12/site-packages/airflow/example_dags/example_sla_dag.py for tasks to queue
[2025-01-20T19:18:59.687+0000] {logging_mixin.py:190} INFO - [2025-01-20T19:18:59.686+0000] {dagbag.py:588} INFO - Filling up the DagBag from /home/airflow/.local/lib/python3.12/site-packages/airflow/example_dags/example_sla_dag.py
[2025-01-20T19:18:59.697+0000] {processor.py:925} INFO - DAG(s) 'example_sla_dag' retrieved from /home/airflow/.local/lib/python3.12/site-packages/airflow/example_dags/example_sla_dag.py
[2025-01-20T19:18:59.711+0000] {logging_mixin.py:190} INFO - [2025-01-20T19:18:59.711+0000] {dag.py:3239} INFO - Sync 1 DAGs
[2025-01-20T19:18:59.731+0000] {logging_mixin.py:190} INFO - [2025-01-20T19:18:59.731+0000] {dag.py:4180} INFO - Setting next_dagrun for example_sla_dag to 2025-01-20 19:16:00+00:00, run_after=2025-01-20 19:18:00+00:00
[2025-01-20T19:18:59.743+0000] {processor.py:208} INFO - Processing /home/airflow/.local/lib/python3.12/site-packages/airflow/example_dags/example_sla_dag.py took 0.064 seconds
[2025-01-20T19:19:30.956+0000] {processor.py:186} INFO - Started process (PID=1031) to work on /home/airflow/.local/lib/python3.12/site-packages/airflow/example_dags/example_sla_dag.py
[2025-01-20T19:19:30.957+0000] {processor.py:914} INFO - Processing file /home/airflow/.local/lib/python3.12/site-packages/airflow/example_dags/example_sla_dag.py for tasks to queue
[2025-01-20T19:19:30.959+0000] {logging_mixin.py:190} INFO - [2025-01-20T19:19:30.958+0000] {dagbag.py:588} INFO - Filling up the DagBag from /home/airflow/.local/lib/python3.12/site-packages/airflow/example_dags/example_sla_dag.py
[2025-01-20T19:19:30.967+0000] {processor.py:925} INFO - DAG(s) 'example_sla_dag' retrieved from /home/airflow/.local/lib/python3.12/site-packages/airflow/example_dags/example_sla_dag.py
[2025-01-20T19:19:30.984+0000] {logging_mixin.py:190} INFO - [2025-01-20T19:19:30.984+0000] {dag.py:3239} INFO - Sync 1 DAGs
[2025-01-20T19:19:31.011+0000] {logging_mixin.py:190} INFO - [2025-01-20T19:19:31.010+0000] {dag.py:4180} INFO - Setting next_dagrun for example_sla_dag to 2025-01-20 19:16:00+00:00, run_after=2025-01-20 19:18:00+00:00
[2025-01-20T19:19:31.026+0000] {processor.py:208} INFO - Processing /home/airflow/.local/lib/python3.12/site-packages/airflow/example_dags/example_sla_dag.py took 0.074 seconds
[2025-01-20T19:20:01.864+0000] {processor.py:186} INFO - Started process (PID=1094) to work on /home/airflow/.local/lib/python3.12/site-packages/airflow/example_dags/example_sla_dag.py
[2025-01-20T19:20:01.865+0000] {processor.py:914} INFO - Processing file /home/airflow/.local/lib/python3.12/site-packages/airflow/example_dags/example_sla_dag.py for tasks to queue
[2025-01-20T19:20:01.867+0000] {logging_mixin.py:190} INFO - [2025-01-20T19:20:01.866+0000] {dagbag.py:588} INFO - Filling up the DagBag from /home/airflow/.local/lib/python3.12/site-packages/airflow/example_dags/example_sla_dag.py
[2025-01-20T19:20:01.876+0000] {processor.py:925} INFO - DAG(s) 'example_sla_dag' retrieved from /home/airflow/.local/lib/python3.12/site-packages/airflow/example_dags/example_sla_dag.py
[2025-01-20T19:20:01.892+0000] {logging_mixin.py:190} INFO - [2025-01-20T19:20:01.892+0000] {dag.py:3239} INFO - Sync 1 DAGs
[2025-01-20T19:20:01.918+0000] {logging_mixin.py:190} INFO - [2025-01-20T19:20:01.918+0000] {dag.py:4180} INFO - Setting next_dagrun for example_sla_dag to 2025-01-20 19:18:00+00:00, run_after=2025-01-20 19:20:00+00:00
[2025-01-20T19:20:01.932+0000] {processor.py:208} INFO - Processing /home/airflow/.local/lib/python3.12/site-packages/airflow/example_dags/example_sla_dag.py took 0.074 seconds
[2025-01-20T19:20:32.973+0000] {processor.py:186} INFO - Started process (PID=1157) to work on /home/airflow/.local/lib/python3.12/site-packages/airflow/example_dags/example_sla_dag.py
[2025-01-20T19:20:32.974+0000] {processor.py:914} INFO - Processing file /home/airflow/.local/lib/python3.12/site-packages/airflow/example_dags/example_sla_dag.py for tasks to queue
[2025-01-20T19:20:32.977+0000] {logging_mixin.py:190} INFO - [2025-01-20T19:20:32.976+0000] {dagbag.py:588} INFO - Filling up the DagBag from /home/airflow/.local/lib/python3.12/site-packages/airflow/example_dags/example_sla_dag.py
[2025-01-20T19:20:32.987+0000] {processor.py:925} INFO - DAG(s) 'example_sla_dag' retrieved from /home/airflow/.local/lib/python3.12/site-packages/airflow/example_dags/example_sla_dag.py
[2025-01-20T19:20:33.006+0000] {logging_mixin.py:190} INFO - [2025-01-20T19:20:33.005+0000] {dag.py:3239} INFO - Sync 1 DAGs
[2025-01-20T19:20:33.035+0000] {logging_mixin.py:190} INFO - [2025-01-20T19:20:33.034+0000] {dag.py:4180} INFO - Setting next_dagrun for example_sla_dag to 2025-01-20 19:18:00+00:00, run_after=2025-01-20 19:20:00+00:00
[2025-01-20T19:20:33.050+0000] {processor.py:208} INFO - Processing /home/airflow/.local/lib/python3.12/site-packages/airflow/example_dags/example_sla_dag.py took 0.083 seconds
[2025-01-20T19:21:04.266+0000] {processor.py:186} INFO - Started process (PID=1220) to work on /home/airflow/.local/lib/python3.12/site-packages/airflow/example_dags/example_sla_dag.py
[2025-01-20T19:21:04.267+0000] {processor.py:914} INFO - Processing file /home/airflow/.local/lib/python3.12/site-packages/airflow/example_dags/example_sla_dag.py for tasks to queue
[2025-01-20T19:21:04.269+0000] {logging_mixin.py:190} INFO - [2025-01-20T19:21:04.268+0000] {dagbag.py:588} INFO - Filling up the DagBag from /home/airflow/.local/lib/python3.12/site-packages/airflow/example_dags/example_sla_dag.py
[2025-01-20T19:21:04.278+0000] {processor.py:925} INFO - DAG(s) 'example_sla_dag' retrieved from /home/airflow/.local/lib/python3.12/site-packages/airflow/example_dags/example_sla_dag.py
[2025-01-20T19:21:04.295+0000] {logging_mixin.py:190} INFO - [2025-01-20T19:21:04.295+0000] {dag.py:3239} INFO - Sync 1 DAGs
[2025-01-20T19:21:04.320+0000] {logging_mixin.py:190} INFO - [2025-01-20T19:21:04.319+0000] {dag.py:4180} INFO - Setting next_dagrun for example_sla_dag to 2025-01-20 19:18:00+00:00, run_after=2025-01-20 19:20:00+00:00
[2025-01-20T19:21:04.336+0000] {processor.py:208} INFO - Processing /home/airflow/.local/lib/python3.12/site-packages/airflow/example_dags/example_sla_dag.py took 0.074 seconds
[2025-01-20T19:21:35.604+0000] {processor.py:186} INFO - Started process (PID=1283) to work on /home/airflow/.local/lib/python3.12/site-packages/airflow/example_dags/example_sla_dag.py
[2025-01-20T19:21:35.604+0000] {processor.py:914} INFO - Processing file /home/airflow/.local/lib/python3.12/site-packages/airflow/example_dags/example_sla_dag.py for tasks to queue
[2025-01-20T19:21:35.607+0000] {logging_mixin.py:190} INFO - [2025-01-20T19:21:35.606+0000] {dagbag.py:588} INFO - Filling up the DagBag from /home/airflow/.local/lib/python3.12/site-packages/airflow/example_dags/example_sla_dag.py
[2025-01-20T19:21:35.615+0000] {processor.py:925} INFO - DAG(s) 'example_sla_dag' retrieved from /home/airflow/.local/lib/python3.12/site-packages/airflow/example_dags/example_sla_dag.py
[2025-01-20T19:21:35.628+0000] {logging_mixin.py:190} INFO - [2025-01-20T19:21:35.628+0000] {dag.py:3239} INFO - Sync 1 DAGs
[2025-01-20T19:21:35.652+0000] {logging_mixin.py:190} INFO - [2025-01-20T19:21:35.652+0000] {dag.py:4180} INFO - Setting next_dagrun for example_sla_dag to 2025-01-20 19:18:00+00:00, run_after=2025-01-20 19:20:00+00:00
[2025-01-20T19:21:35.669+0000] {processor.py:208} INFO - Processing /home/airflow/.local/lib/python3.12/site-packages/airflow/example_dags/example_sla_dag.py took 0.070 seconds
[2025-01-20T19:22:06.834+0000] {processor.py:186} INFO - Started process (PID=1346) to work on /home/airflow/.local/lib/python3.12/site-packages/airflow/example_dags/example_sla_dag.py
[2025-01-20T19:22:06.835+0000] {processor.py:914} INFO - Processing file /home/airflow/.local/lib/python3.12/site-packages/airflow/example_dags/example_sla_dag.py for tasks to queue
[2025-01-20T19:22:06.837+0000] {logging_mixin.py:190} INFO - [2025-01-20T19:22:06.836+0000] {dagbag.py:588} INFO - Filling up the DagBag from /home/airflow/.local/lib/python3.12/site-packages/airflow/example_dags/example_sla_dag.py
[2025-01-20T19:22:06.846+0000] {processor.py:925} INFO - DAG(s) 'example_sla_dag' retrieved from /home/airflow/.local/lib/python3.12/site-packages/airflow/example_dags/example_sla_dag.py
[2025-01-20T19:22:06.863+0000] {logging_mixin.py:190} INFO - [2025-01-20T19:22:06.863+0000] {dag.py:3239} INFO - Sync 1 DAGs
[2025-01-20T19:22:06.888+0000] {logging_mixin.py:190} INFO - [2025-01-20T19:22:06.888+0000] {dag.py:4180} INFO - Setting next_dagrun for example_sla_dag to 2025-01-20 19:20:00+00:00, run_after=2025-01-20 19:22:00+00:00
[2025-01-20T19:22:06.902+0000] {processor.py:208} INFO - Processing /home/airflow/.local/lib/python3.12/site-packages/airflow/example_dags/example_sla_dag.py took 0.072 seconds
[2025-01-20T19:22:38.009+0000] {processor.py:186} INFO - Started process (PID=1409) to work on /home/airflow/.local/lib/python3.12/site-packages/airflow/example_dags/example_sla_dag.py
[2025-01-20T19:22:38.010+0000] {processor.py:914} INFO - Processing file /home/airflow/.local/lib/python3.12/site-packages/airflow/example_dags/example_sla_dag.py for tasks to queue
[2025-01-20T19:22:38.012+0000] {logging_mixin.py:190} INFO - [2025-01-20T19:22:38.012+0000] {dagbag.py:588} INFO - Filling up the DagBag from /home/airflow/.local/lib/python3.12/site-packages/airflow/example_dags/example_sla_dag.py
[2025-01-20T19:22:38.020+0000] {processor.py:925} INFO - DAG(s) 'example_sla_dag' retrieved from /home/airflow/.local/lib/python3.12/site-packages/airflow/example_dags/example_sla_dag.py
[2025-01-20T19:22:38.036+0000] {logging_mixin.py:190} INFO - [2025-01-20T19:22:38.036+0000] {dag.py:3239} INFO - Sync 1 DAGs
[2025-01-20T19:22:38.057+0000] {logging_mixin.py:190} INFO - [2025-01-20T19:22:38.056+0000] {dag.py:4180} INFO - Setting next_dagrun for example_sla_dag to 2025-01-20 19:20:00+00:00, run_after=2025-01-20 19:22:00+00:00
[2025-01-20T19:22:38.069+0000] {processor.py:208} INFO - Processing /home/airflow/.local/lib/python3.12/site-packages/airflow/example_dags/example_sla_dag.py took 0.064 seconds
[2025-01-20T19:23:09.141+0000] {processor.py:186} INFO - Started process (PID=1472) to work on /home/airflow/.local/lib/python3.12/site-packages/airflow/example_dags/example_sla_dag.py
[2025-01-20T19:23:09.142+0000] {processor.py:914} INFO - Processing file /home/airflow/.local/lib/python3.12/site-packages/airflow/example_dags/example_sla_dag.py for tasks to queue
[2025-01-20T19:23:09.144+0000] {logging_mixin.py:190} INFO - [2025-01-20T19:23:09.143+0000] {dagbag.py:588} INFO - Filling up the DagBag from /home/airflow/.local/lib/python3.12/site-packages/airflow/example_dags/example_sla_dag.py
[2025-01-20T19:23:09.154+0000] {processor.py:925} INFO - DAG(s) 'example_sla_dag' retrieved from /home/airflow/.local/lib/python3.12/site-packages/airflow/example_dags/example_sla_dag.py
[2025-01-20T19:23:09.170+0000] {logging_mixin.py:190} INFO - [2025-01-20T19:23:09.170+0000] {dag.py:3239} INFO - Sync 1 DAGs
[2025-01-20T19:23:09.192+0000] {logging_mixin.py:190} INFO - [2025-01-20T19:23:09.192+0000] {dag.py:4180} INFO - Setting next_dagrun for example_sla_dag to 2025-01-20 19:20:00+00:00, run_after=2025-01-20 19:22:00+00:00
[2025-01-20T19:23:09.206+0000] {processor.py:208} INFO - Processing /home/airflow/.local/lib/python3.12/site-packages/airflow/example_dags/example_sla_dag.py took 0.070 seconds
[2025-01-20T19:23:40.375+0000] {processor.py:186} INFO - Started process (PID=1535) to work on /home/airflow/.local/lib/python3.12/site-packages/airflow/example_dags/example_sla_dag.py
[2025-01-20T19:23:40.376+0000] {processor.py:914} INFO - Processing file /home/airflow/.local/lib/python3.12/site-packages/airflow/example_dags/example_sla_dag.py for tasks to queue
[2025-01-20T19:23:40.377+0000] {logging_mixin.py:190} INFO - [2025-01-20T19:23:40.377+0000] {dagbag.py:588} INFO - Filling up the DagBag from /home/airflow/.local/lib/python3.12/site-packages/airflow/example_dags/example_sla_dag.py
[2025-01-20T19:23:40.385+0000] {processor.py:925} INFO - DAG(s) 'example_sla_dag' retrieved from /home/airflow/.local/lib/python3.12/site-packages/airflow/example_dags/example_sla_dag.py
[2025-01-20T19:23:40.401+0000] {logging_mixin.py:190} INFO - [2025-01-20T19:23:40.401+0000] {dag.py:3239} INFO - Sync 1 DAGs
[2025-01-20T19:23:40.427+0000] {logging_mixin.py:190} INFO - [2025-01-20T19:23:40.427+0000] {dag.py:4180} INFO - Setting next_dagrun for example_sla_dag to 2025-01-20 19:20:00+00:00, run_after=2025-01-20 19:22:00+00:00
[2025-01-20T19:23:40.441+0000] {processor.py:208} INFO - Processing /home/airflow/.local/lib/python3.12/site-packages/airflow/example_dags/example_sla_dag.py took 0.071 seconds
[2025-01-20T19:24:11.630+0000] {processor.py:186} INFO - Started process (PID=1598) to work on /home/airflow/.local/lib/python3.12/site-packages/airflow/example_dags/example_sla_dag.py
[2025-01-20T19:24:11.631+0000] {processor.py:914} INFO - Processing file /home/airflow/.local/lib/python3.12/site-packages/airflow/example_dags/example_sla_dag.py for tasks to queue
[2025-01-20T19:24:11.632+0000] {logging_mixin.py:190} INFO - [2025-01-20T19:24:11.632+0000] {dagbag.py:588} INFO - Filling up the DagBag from /home/airflow/.local/lib/python3.12/site-packages/airflow/example_dags/example_sla_dag.py
[2025-01-20T19:24:11.642+0000] {processor.py:925} INFO - DAG(s) 'example_sla_dag' retrieved from /home/airflow/.local/lib/python3.12/site-packages/airflow/example_dags/example_sla_dag.py
[2025-01-20T19:24:11.657+0000] {logging_mixin.py:190} INFO - [2025-01-20T19:24:11.656+0000] {dag.py:3239} INFO - Sync 1 DAGs
[2025-01-20T19:24:11.678+0000] {logging_mixin.py:190} INFO - [2025-01-20T19:24:11.678+0000] {dag.py:4180} INFO - Setting next_dagrun for example_sla_dag to 2025-01-20 19:22:00+00:00, run_after=2025-01-20 19:24:00+00:00
[2025-01-20T19:24:11.692+0000] {processor.py:208} INFO - Processing /home/airflow/.local/lib/python3.12/site-packages/airflow/example_dags/example_sla_dag.py took 0.066 seconds
[2025-01-20T19:24:42.923+0000] {processor.py:186} INFO - Started process (PID=1661) to work on /home/airflow/.local/lib/python3.12/site-packages/airflow/example_dags/example_sla_dag.py
[2025-01-20T19:24:42.924+0000] {processor.py:914} INFO - Processing file /home/airflow/.local/lib/python3.12/site-packages/airflow/example_dags/example_sla_dag.py for tasks to queue
[2025-01-20T19:24:42.926+0000] {logging_mixin.py:190} INFO - [2025-01-20T19:24:42.926+0000] {dagbag.py:588} INFO - Filling up the DagBag from /home/airflow/.local/lib/python3.12/site-packages/airflow/example_dags/example_sla_dag.py
[2025-01-20T19:24:42.937+0000] {processor.py:925} INFO - DAG(s) 'example_sla_dag' retrieved from /home/airflow/.local/lib/python3.12/site-packages/airflow/example_dags/example_sla_dag.py
[2025-01-20T19:24:42.958+0000] {logging_mixin.py:190} INFO - [2025-01-20T19:24:42.958+0000] {dag.py:3239} INFO - Sync 1 DAGs
[2025-01-20T19:24:42.987+0000] {logging_mixin.py:190} INFO - [2025-01-20T19:24:42.987+0000] {dag.py:4180} INFO - Setting next_dagrun for example_sla_dag to 2025-01-20 19:22:00+00:00, run_after=2025-01-20 19:24:00+00:00
[2025-01-20T19:24:43.004+0000] {processor.py:208} INFO - Processing /home/airflow/.local/lib/python3.12/site-packages/airflow/example_dags/example_sla_dag.py took 0.087 seconds
[2025-01-20T19:25:14.404+0000] {processor.py:186} INFO - Started process (PID=1730) to work on /home/airflow/.local/lib/python3.12/site-packages/airflow/example_dags/example_sla_dag.py
[2025-01-20T19:25:14.405+0000] {processor.py:914} INFO - Processing file /home/airflow/.local/lib/python3.12/site-packages/airflow/example_dags/example_sla_dag.py for tasks to queue
[2025-01-20T19:25:14.406+0000] {logging_mixin.py:190} INFO - [2025-01-20T19:25:14.406+0000] {dagbag.py:588} INFO - Filling up the DagBag from /home/airflow/.local/lib/python3.12/site-packages/airflow/example_dags/example_sla_dag.py
[2025-01-20T19:25:14.415+0000] {processor.py:925} INFO - DAG(s) 'example_sla_dag' retrieved from /home/airflow/.local/lib/python3.12/site-packages/airflow/example_dags/example_sla_dag.py
[2025-01-20T19:25:14.430+0000] {logging_mixin.py:190} INFO - [2025-01-20T19:25:14.430+0000] {dag.py:3239} INFO - Sync 1 DAGs
[2025-01-20T19:25:14.451+0000] {logging_mixin.py:190} INFO - [2025-01-20T19:25:14.451+0000] {dag.py:4180} INFO - Setting next_dagrun for example_sla_dag to 2025-01-20 19:22:00+00:00, run_after=2025-01-20 19:24:00+00:00
[2025-01-20T19:25:14.464+0000] {processor.py:208} INFO - Processing /home/airflow/.local/lib/python3.12/site-packages/airflow/example_dags/example_sla_dag.py took 0.064 seconds
[2025-01-20T19:25:45.918+0000] {processor.py:186} INFO - Started process (PID=1793) to work on /home/airflow/.local/lib/python3.12/site-packages/airflow/example_dags/example_sla_dag.py
[2025-01-20T19:25:45.919+0000] {processor.py:914} INFO - Processing file /home/airflow/.local/lib/python3.12/site-packages/airflow/example_dags/example_sla_dag.py for tasks to queue
[2025-01-20T19:25:45.922+0000] {logging_mixin.py:190} INFO - [2025-01-20T19:25:45.921+0000] {dagbag.py:588} INFO - Filling up the DagBag from /home/airflow/.local/lib/python3.12/site-packages/airflow/example_dags/example_sla_dag.py
[2025-01-20T19:25:45.941+0000] {processor.py:925} INFO - DAG(s) 'example_sla_dag' retrieved from /home/airflow/.local/lib/python3.12/site-packages/airflow/example_dags/example_sla_dag.py
[2025-01-20T19:25:45.961+0000] {logging_mixin.py:190} INFO - [2025-01-20T19:25:45.961+0000] {dag.py:3239} INFO - Sync 1 DAGs
[2025-01-20T19:25:46.001+0000] {logging_mixin.py:190} INFO - [2025-01-20T19:25:46.001+0000] {dag.py:4180} INFO - Setting next_dagrun for example_sla_dag to 2025-01-20 19:22:00+00:00, run_after=2025-01-20 19:24:00+00:00
[2025-01-20T19:25:46.017+0000] {processor.py:208} INFO - Processing /home/airflow/.local/lib/python3.12/site-packages/airflow/example_dags/example_sla_dag.py took 0.106 seconds
[2025-01-20T19:26:17.320+0000] {processor.py:186} INFO - Started process (PID=1856) to work on /home/airflow/.local/lib/python3.12/site-packages/airflow/example_dags/example_sla_dag.py
[2025-01-20T19:26:17.321+0000] {processor.py:914} INFO - Processing file /home/airflow/.local/lib/python3.12/site-packages/airflow/example_dags/example_sla_dag.py for tasks to queue
[2025-01-20T19:26:17.325+0000] {logging_mixin.py:190} INFO - [2025-01-20T19:26:17.324+0000] {dagbag.py:588} INFO - Filling up the DagBag from /home/airflow/.local/lib/python3.12/site-packages/airflow/example_dags/example_sla_dag.py
[2025-01-20T19:26:17.335+0000] {processor.py:925} INFO - DAG(s) 'example_sla_dag' retrieved from /home/airflow/.local/lib/python3.12/site-packages/airflow/example_dags/example_sla_dag.py
[2025-01-20T19:26:17.355+0000] {logging_mixin.py:190} INFO - [2025-01-20T19:26:17.355+0000] {dag.py:3239} INFO - Sync 1 DAGs
[2025-01-20T19:26:17.385+0000] {logging_mixin.py:190} INFO - [2025-01-20T19:26:17.384+0000] {dag.py:4180} INFO - Setting next_dagrun for example_sla_dag to 2025-01-20 19:24:00+00:00, run_after=2025-01-20 19:26:00+00:00
[2025-01-20T19:26:17.407+0000] {processor.py:208} INFO - Processing /home/airflow/.local/lib/python3.12/site-packages/airflow/example_dags/example_sla_dag.py took 0.093 seconds
[2025-01-20T19:26:48.025+0000] {processor.py:186} INFO - Started process (PID=1920) to work on /home/airflow/.local/lib/python3.12/site-packages/airflow/example_dags/example_sla_dag.py
[2025-01-20T19:26:48.026+0000] {processor.py:914} INFO - Processing file /home/airflow/.local/lib/python3.12/site-packages/airflow/example_dags/example_sla_dag.py for tasks to queue
[2025-01-20T19:26:48.027+0000] {logging_mixin.py:190} INFO - [2025-01-20T19:26:48.027+0000] {dagbag.py:588} INFO - Filling up the DagBag from /home/airflow/.local/lib/python3.12/site-packages/airflow/example_dags/example_sla_dag.py
[2025-01-20T19:26:48.038+0000] {processor.py:925} INFO - DAG(s) 'example_sla_dag' retrieved from /home/airflow/.local/lib/python3.12/site-packages/airflow/example_dags/example_sla_dag.py
[2025-01-20T19:26:48.054+0000] {logging_mixin.py:190} INFO - [2025-01-20T19:26:48.053+0000] {dag.py:3239} INFO - Sync 1 DAGs
[2025-01-20T19:26:48.074+0000] {logging_mixin.py:190} INFO - [2025-01-20T19:26:48.074+0000] {dag.py:4180} INFO - Setting next_dagrun for example_sla_dag to 2025-01-20 19:24:00+00:00, run_after=2025-01-20 19:26:00+00:00
[2025-01-20T19:26:48.088+0000] {processor.py:208} INFO - Processing /home/airflow/.local/lib/python3.12/site-packages/airflow/example_dags/example_sla_dag.py took 0.068 seconds
[2025-01-20T19:27:19.536+0000] {processor.py:186} INFO - Started process (PID=1985) to work on /home/airflow/.local/lib/python3.12/site-packages/airflow/example_dags/example_sla_dag.py
[2025-01-20T19:27:19.537+0000] {processor.py:914} INFO - Processing file /home/airflow/.local/lib/python3.12/site-packages/airflow/example_dags/example_sla_dag.py for tasks to queue
[2025-01-20T19:27:19.538+0000] {logging_mixin.py:190} INFO - [2025-01-20T19:27:19.538+0000] {dagbag.py:588} INFO - Filling up the DagBag from /home/airflow/.local/lib/python3.12/site-packages/airflow/example_dags/example_sla_dag.py
[2025-01-20T19:27:19.546+0000] {processor.py:925} INFO - DAG(s) 'example_sla_dag' retrieved from /home/airflow/.local/lib/python3.12/site-packages/airflow/example_dags/example_sla_dag.py
[2025-01-20T19:27:19.564+0000] {logging_mixin.py:190} INFO - [2025-01-20T19:27:19.564+0000] {dag.py:3239} INFO - Sync 1 DAGs
[2025-01-20T19:27:19.591+0000] {logging_mixin.py:190} INFO - [2025-01-20T19:27:19.591+0000] {dag.py:4180} INFO - Setting next_dagrun for example_sla_dag to 2025-01-20 19:24:00+00:00, run_after=2025-01-20 19:26:00+00:00
[2025-01-20T19:27:19.607+0000] {processor.py:208} INFO - Processing /home/airflow/.local/lib/python3.12/site-packages/airflow/example_dags/example_sla_dag.py took 0.075 seconds
[2025-01-20T19:27:50.191+0000] {processor.py:186} INFO - Started process (PID=2050) to work on /home/airflow/.local/lib/python3.12/site-packages/airflow/example_dags/example_sla_dag.py
[2025-01-20T19:27:50.192+0000] {processor.py:914} INFO - Processing file /home/airflow/.local/lib/python3.12/site-packages/airflow/example_dags/example_sla_dag.py for tasks to queue
[2025-01-20T19:27:50.193+0000] {logging_mixin.py:190} INFO - [2025-01-20T19:27:50.193+0000] {dagbag.py:588} INFO - Filling up the DagBag from /home/airflow/.local/lib/python3.12/site-packages/airflow/example_dags/example_sla_dag.py
[2025-01-20T19:27:50.201+0000] {processor.py:925} INFO - DAG(s) 'example_sla_dag' retrieved from /home/airflow/.local/lib/python3.12/site-packages/airflow/example_dags/example_sla_dag.py
[2025-01-20T19:27:50.217+0000] {logging_mixin.py:190} INFO - [2025-01-20T19:27:50.217+0000] {dag.py:3239} INFO - Sync 1 DAGs
[2025-01-20T19:27:50.237+0000] {logging_mixin.py:190} INFO - [2025-01-20T19:27:50.237+0000] {dag.py:4180} INFO - Setting next_dagrun for example_sla_dag to 2025-01-20 19:24:00+00:00, run_after=2025-01-20 19:26:00+00:00
[2025-01-20T19:27:50.251+0000] {processor.py:208} INFO - Processing /home/airflow/.local/lib/python3.12/site-packages/airflow/example_dags/example_sla_dag.py took 0.064 seconds
[2025-01-20T19:28:21.731+0000] {processor.py:186} INFO - Started process (PID=2114) to work on /home/airflow/.local/lib/python3.12/site-packages/airflow/example_dags/example_sla_dag.py
[2025-01-20T19:28:21.732+0000] {processor.py:914} INFO - Processing file /home/airflow/.local/lib/python3.12/site-packages/airflow/example_dags/example_sla_dag.py for tasks to queue
[2025-01-20T19:28:21.734+0000] {logging_mixin.py:190} INFO - [2025-01-20T19:28:21.733+0000] {dagbag.py:588} INFO - Filling up the DagBag from /home/airflow/.local/lib/python3.12/site-packages/airflow/example_dags/example_sla_dag.py
[2025-01-20T19:28:21.742+0000] {processor.py:925} INFO - DAG(s) 'example_sla_dag' retrieved from /home/airflow/.local/lib/python3.12/site-packages/airflow/example_dags/example_sla_dag.py
[2025-01-20T19:28:21.756+0000] {logging_mixin.py:190} INFO - [2025-01-20T19:28:21.756+0000] {dag.py:3239} INFO - Sync 1 DAGs
[2025-01-20T19:28:21.783+0000] {logging_mixin.py:190} INFO - [2025-01-20T19:28:21.783+0000] {dag.py:4180} INFO - Setting next_dagrun for example_sla_dag to 2025-01-20 19:26:00+00:00, run_after=2025-01-20 19:28:00+00:00
[2025-01-20T19:28:21.797+0000] {processor.py:208} INFO - Processing /home/airflow/.local/lib/python3.12/site-packages/airflow/example_dags/example_sla_dag.py took 0.070 seconds
[2025-01-20T19:28:52.818+0000] {processor.py:186} INFO - Started process (PID=2178) to work on /home/airflow/.local/lib/python3.12/site-packages/airflow/example_dags/example_sla_dag.py
[2025-01-20T19:28:52.819+0000] {processor.py:914} INFO - Processing file /home/airflow/.local/lib/python3.12/site-packages/airflow/example_dags/example_sla_dag.py for tasks to queue
[2025-01-20T19:28:52.820+0000] {logging_mixin.py:190} INFO - [2025-01-20T19:28:52.820+0000] {dagbag.py:588} INFO - Filling up the DagBag from /home/airflow/.local/lib/python3.12/site-packages/airflow/example_dags/example_sla_dag.py
[2025-01-20T19:28:52.829+0000] {processor.py:925} INFO - DAG(s) 'example_sla_dag' retrieved from /home/airflow/.local/lib/python3.12/site-packages/airflow/example_dags/example_sla_dag.py
[2025-01-20T19:28:52.844+0000] {logging_mixin.py:190} INFO - [2025-01-20T19:28:52.843+0000] {dag.py:3239} INFO - Sync 1 DAGs
[2025-01-20T19:28:52.865+0000] {logging_mixin.py:190} INFO - [2025-01-20T19:28:52.865+0000] {dag.py:4180} INFO - Setting next_dagrun for example_sla_dag to 2025-01-20 19:26:00+00:00, run_after=2025-01-20 19:28:00+00:00
[2025-01-20T19:28:52.879+0000] {processor.py:208} INFO - Processing /home/airflow/.local/lib/python3.12/site-packages/airflow/example_dags/example_sla_dag.py took 0.065 seconds
[2025-01-20T19:29:23.883+0000] {processor.py:186} INFO - Started process (PID=2242) to work on /home/airflow/.local/lib/python3.12/site-packages/airflow/example_dags/example_sla_dag.py
[2025-01-20T19:29:23.884+0000] {processor.py:914} INFO - Processing file /home/airflow/.local/lib/python3.12/site-packages/airflow/example_dags/example_sla_dag.py for tasks to queue
[2025-01-20T19:29:23.886+0000] {logging_mixin.py:190} INFO - [2025-01-20T19:29:23.886+0000] {dagbag.py:588} INFO - Filling up the DagBag from /home/airflow/.local/lib/python3.12/site-packages/airflow/example_dags/example_sla_dag.py
[2025-01-20T19:29:23.894+0000] {processor.py:925} INFO - DAG(s) 'example_sla_dag' retrieved from /home/airflow/.local/lib/python3.12/site-packages/airflow/example_dags/example_sla_dag.py
[2025-01-20T19:29:23.911+0000] {logging_mixin.py:190} INFO - [2025-01-20T19:29:23.911+0000] {dag.py:3239} INFO - Sync 1 DAGs
[2025-01-20T19:29:23.935+0000] {logging_mixin.py:190} INFO - [2025-01-20T19:29:23.935+0000] {dag.py:4180} INFO - Setting next_dagrun for example_sla_dag to 2025-01-20 19:26:00+00:00, run_after=2025-01-20 19:28:00+00:00
[2025-01-20T19:29:23.950+0000] {processor.py:208} INFO - Processing /home/airflow/.local/lib/python3.12/site-packages/airflow/example_dags/example_sla_dag.py took 0.070 seconds
[2025-01-20T19:29:55.350+0000] {processor.py:186} INFO - Started process (PID=2306) to work on /home/airflow/.local/lib/python3.12/site-packages/airflow/example_dags/example_sla_dag.py
[2025-01-20T19:29:55.351+0000] {processor.py:914} INFO - Processing file /home/airflow/.local/lib/python3.12/site-packages/airflow/example_dags/example_sla_dag.py for tasks to queue
[2025-01-20T19:29:55.353+0000] {logging_mixin.py:190} INFO - [2025-01-20T19:29:55.352+0000] {dagbag.py:588} INFO - Filling up the DagBag from /home/airflow/.local/lib/python3.12/site-packages/airflow/example_dags/example_sla_dag.py
[2025-01-20T19:29:55.360+0000] {processor.py:925} INFO - DAG(s) 'example_sla_dag' retrieved from /home/airflow/.local/lib/python3.12/site-packages/airflow/example_dags/example_sla_dag.py
[2025-01-20T19:29:55.374+0000] {logging_mixin.py:190} INFO - [2025-01-20T19:29:55.374+0000] {dag.py:3239} INFO - Sync 1 DAGs
[2025-01-20T19:29:55.392+0000] {logging_mixin.py:190} INFO - [2025-01-20T19:29:55.392+0000] {dag.py:4180} INFO - Setting next_dagrun for example_sla_dag to 2025-01-20 19:26:00+00:00, run_after=2025-01-20 19:28:00+00:00
[2025-01-20T19:29:55.404+0000] {processor.py:208} INFO - Processing /home/airflow/.local/lib/python3.12/site-packages/airflow/example_dags/example_sla_dag.py took 0.058 seconds
[2025-01-20T19:30:26.475+0000] {processor.py:186} INFO - Started process (PID=2370) to work on /home/airflow/.local/lib/python3.12/site-packages/airflow/example_dags/example_sla_dag.py
[2025-01-20T19:30:26.476+0000] {processor.py:914} INFO - Processing file /home/airflow/.local/lib/python3.12/site-packages/airflow/example_dags/example_sla_dag.py for tasks to queue
[2025-01-20T19:30:26.478+0000] {logging_mixin.py:190} INFO - [2025-01-20T19:30:26.477+0000] {dagbag.py:588} INFO - Filling up the DagBag from /home/airflow/.local/lib/python3.12/site-packages/airflow/example_dags/example_sla_dag.py
[2025-01-20T19:30:26.486+0000] {processor.py:925} INFO - DAG(s) 'example_sla_dag' retrieved from /home/airflow/.local/lib/python3.12/site-packages/airflow/example_dags/example_sla_dag.py
[2025-01-20T19:30:26.506+0000] {logging_mixin.py:190} INFO - [2025-01-20T19:30:26.506+0000] {dag.py:3239} INFO - Sync 1 DAGs
[2025-01-20T19:30:26.530+0000] {logging_mixin.py:190} INFO - [2025-01-20T19:30:26.530+0000] {dag.py:4180} INFO - Setting next_dagrun for example_sla_dag to 2025-01-20 19:28:00+00:00, run_after=2025-01-20 19:30:00+00:00
[2025-01-20T19:30:26.547+0000] {processor.py:208} INFO - Processing /home/airflow/.local/lib/python3.12/site-packages/airflow/example_dags/example_sla_dag.py took 0.076 seconds
