[2025-01-20T19:11:50.280+0000] {processor.py:186} INFO - Started process (PID=109) to work on /home/airflow/.local/lib/python3.12/site-packages/airflow/example_dags/example_branch_labels.py
[2025-01-20T19:11:50.281+0000] {processor.py:914} INFO - Processing file /home/airflow/.local/lib/python3.12/site-packages/airflow/example_dags/example_branch_labels.py for tasks to queue
[2025-01-20T19:11:50.282+0000] {logging_mixin.py:190} INFO - [2025-01-20T19:11:50.282+0000] {dagbag.py:588} INFO - Filling up the DagBag from /home/airflow/.local/lib/python3.12/site-packages/airflow/example_dags/example_branch_labels.py
[2025-01-20T19:11:50.290+0000] {processor.py:925} INFO - DAG(s) 'example_branch_labels' retrieved from /home/airflow/.local/lib/python3.12/site-packages/airflow/example_dags/example_branch_labels.py
[2025-01-20T19:11:50.398+0000] {logging_mixin.py:190} INFO - [2025-01-20T19:11:50.397+0000] {override.py:1911} INFO - Created Permission View: can edit on DAG:example_branch_labels
[2025-01-20T19:11:50.407+0000] {logging_mixin.py:190} INFO - [2025-01-20T19:11:50.407+0000] {override.py:1911} INFO - Created Permission View: can delete on DAG:example_branch_labels
[2025-01-20T19:11:50.414+0000] {logging_mixin.py:190} INFO - [2025-01-20T19:11:50.413+0000] {override.py:1911} INFO - Created Permission View: can read on DAG:example_branch_labels
[2025-01-20T19:11:50.419+0000] {logging_mixin.py:190} INFO - [2025-01-20T19:11:50.419+0000] {override.py:1911} INFO - Created Permission View: can create on DAG Run:example_branch_labels
[2025-01-20T19:11:50.424+0000] {logging_mixin.py:190} INFO - [2025-01-20T19:11:50.424+0000] {override.py:1911} INFO - Created Permission View: can delete on DAG Run:example_branch_labels
[2025-01-20T19:11:50.434+0000] {logging_mixin.py:190} INFO - [2025-01-20T19:11:50.434+0000] {override.py:1911} INFO - Created Permission View: menu access on DAG Run:example_branch_labels
[2025-01-20T19:11:50.440+0000] {logging_mixin.py:190} INFO - [2025-01-20T19:11:50.439+0000] {override.py:1911} INFO - Created Permission View: can read on DAG Run:example_branch_labels
[2025-01-20T19:11:50.440+0000] {logging_mixin.py:190} INFO - [2025-01-20T19:11:50.440+0000] {dag.py:3239} INFO - Sync 1 DAGs
[2025-01-20T19:11:50.454+0000] {logging_mixin.py:190} INFO - [2025-01-20T19:11:50.454+0000] {dag.py:3262} INFO - Creating ORM DAG for example_branch_labels
[2025-01-20T19:11:50.467+0000] {logging_mixin.py:190} INFO - [2025-01-20T19:11:50.467+0000] {dag.py:4180} INFO - Setting next_dagrun for example_branch_labels to 2025-01-19 00:00:00+00:00, run_after=2025-01-20 00:00:00+00:00
[2025-01-20T19:11:50.483+0000] {processor.py:208} INFO - Processing /home/airflow/.local/lib/python3.12/site-packages/airflow/example_dags/example_branch_labels.py took 0.207 seconds
[2025-01-20T19:12:20.714+0000] {processor.py:186} INFO - Started process (PID=172) to work on /home/airflow/.local/lib/python3.12/site-packages/airflow/example_dags/example_branch_labels.py
[2025-01-20T19:12:20.714+0000] {processor.py:914} INFO - Processing file /home/airflow/.local/lib/python3.12/site-packages/airflow/example_dags/example_branch_labels.py for tasks to queue
[2025-01-20T19:12:20.716+0000] {logging_mixin.py:190} INFO - [2025-01-20T19:12:20.716+0000] {dagbag.py:588} INFO - Filling up the DagBag from /home/airflow/.local/lib/python3.12/site-packages/airflow/example_dags/example_branch_labels.py
[2025-01-20T19:12:20.723+0000] {processor.py:925} INFO - DAG(s) 'example_branch_labels' retrieved from /home/airflow/.local/lib/python3.12/site-packages/airflow/example_dags/example_branch_labels.py
[2025-01-20T19:12:20.743+0000] {logging_mixin.py:190} INFO - [2025-01-20T19:12:20.742+0000] {dag.py:3239} INFO - Sync 1 DAGs
[2025-01-20T19:12:20.767+0000] {logging_mixin.py:190} INFO - [2025-01-20T19:12:20.767+0000] {dag.py:4180} INFO - Setting next_dagrun for example_branch_labels to 2025-01-19 00:00:00+00:00, run_after=2025-01-20 00:00:00+00:00
[2025-01-20T19:12:20.782+0000] {processor.py:208} INFO - Processing /home/airflow/.local/lib/python3.12/site-packages/airflow/example_dags/example_branch_labels.py took 0.073 seconds
[2025-01-20T19:12:51.413+0000] {processor.py:186} INFO - Started process (PID=235) to work on /home/airflow/.local/lib/python3.12/site-packages/airflow/example_dags/example_branch_labels.py
[2025-01-20T19:12:51.414+0000] {processor.py:914} INFO - Processing file /home/airflow/.local/lib/python3.12/site-packages/airflow/example_dags/example_branch_labels.py for tasks to queue
[2025-01-20T19:12:51.416+0000] {logging_mixin.py:190} INFO - [2025-01-20T19:12:51.415+0000] {dagbag.py:588} INFO - Filling up the DagBag from /home/airflow/.local/lib/python3.12/site-packages/airflow/example_dags/example_branch_labels.py
[2025-01-20T19:12:51.424+0000] {processor.py:925} INFO - DAG(s) 'example_branch_labels' retrieved from /home/airflow/.local/lib/python3.12/site-packages/airflow/example_dags/example_branch_labels.py
[2025-01-20T19:12:51.440+0000] {logging_mixin.py:190} INFO - [2025-01-20T19:12:51.440+0000] {dag.py:3239} INFO - Sync 1 DAGs
[2025-01-20T19:12:51.458+0000] {logging_mixin.py:190} INFO - [2025-01-20T19:12:51.457+0000] {dag.py:4180} INFO - Setting next_dagrun for example_branch_labels to 2025-01-19 00:00:00+00:00, run_after=2025-01-20 00:00:00+00:00
[2025-01-20T19:12:51.471+0000] {processor.py:208} INFO - Processing /home/airflow/.local/lib/python3.12/site-packages/airflow/example_dags/example_branch_labels.py took 0.064 seconds
[2025-01-20T19:13:21.791+0000] {processor.py:186} INFO - Started process (PID=298) to work on /home/airflow/.local/lib/python3.12/site-packages/airflow/example_dags/example_branch_labels.py
[2025-01-20T19:13:21.792+0000] {processor.py:914} INFO - Processing file /home/airflow/.local/lib/python3.12/site-packages/airflow/example_dags/example_branch_labels.py for tasks to queue
[2025-01-20T19:13:21.793+0000] {logging_mixin.py:190} INFO - [2025-01-20T19:13:21.793+0000] {dagbag.py:588} INFO - Filling up the DagBag from /home/airflow/.local/lib/python3.12/site-packages/airflow/example_dags/example_branch_labels.py
[2025-01-20T19:13:21.804+0000] {processor.py:925} INFO - DAG(s) 'example_branch_labels' retrieved from /home/airflow/.local/lib/python3.12/site-packages/airflow/example_dags/example_branch_labels.py
[2025-01-20T19:13:21.822+0000] {logging_mixin.py:190} INFO - [2025-01-20T19:13:21.822+0000] {dag.py:3239} INFO - Sync 1 DAGs
[2025-01-20T19:13:21.845+0000] {logging_mixin.py:190} INFO - [2025-01-20T19:13:21.845+0000] {dag.py:4180} INFO - Setting next_dagrun for example_branch_labels to 2025-01-19 00:00:00+00:00, run_after=2025-01-20 00:00:00+00:00
[2025-01-20T19:13:21.865+0000] {processor.py:208} INFO - Processing /home/airflow/.local/lib/python3.12/site-packages/airflow/example_dags/example_branch_labels.py took 0.078 seconds
[2025-01-20T19:13:52.530+0000] {processor.py:186} INFO - Started process (PID=360) to work on /home/airflow/.local/lib/python3.12/site-packages/airflow/example_dags/example_branch_labels.py
[2025-01-20T19:13:52.531+0000] {processor.py:914} INFO - Processing file /home/airflow/.local/lib/python3.12/site-packages/airflow/example_dags/example_branch_labels.py for tasks to queue
[2025-01-20T19:13:52.533+0000] {logging_mixin.py:190} INFO - [2025-01-20T19:13:52.532+0000] {dagbag.py:588} INFO - Filling up the DagBag from /home/airflow/.local/lib/python3.12/site-packages/airflow/example_dags/example_branch_labels.py
[2025-01-20T19:13:52.541+0000] {processor.py:925} INFO - DAG(s) 'example_branch_labels' retrieved from /home/airflow/.local/lib/python3.12/site-packages/airflow/example_dags/example_branch_labels.py
[2025-01-20T19:13:52.560+0000] {logging_mixin.py:190} INFO - [2025-01-20T19:13:52.560+0000] {dag.py:3239} INFO - Sync 1 DAGs
[2025-01-20T19:13:52.580+0000] {logging_mixin.py:190} INFO - [2025-01-20T19:13:52.580+0000] {dag.py:4180} INFO - Setting next_dagrun for example_branch_labels to 2025-01-19 00:00:00+00:00, run_after=2025-01-20 00:00:00+00:00
[2025-01-20T19:13:52.593+0000] {processor.py:208} INFO - Processing /home/airflow/.local/lib/python3.12/site-packages/airflow/example_dags/example_branch_labels.py took 0.067 seconds
[2025-01-20T19:14:23.006+0000] {processor.py:186} INFO - Started process (PID=423) to work on /home/airflow/.local/lib/python3.12/site-packages/airflow/example_dags/example_branch_labels.py
[2025-01-20T19:14:23.006+0000] {processor.py:914} INFO - Processing file /home/airflow/.local/lib/python3.12/site-packages/airflow/example_dags/example_branch_labels.py for tasks to queue
[2025-01-20T19:14:23.008+0000] {logging_mixin.py:190} INFO - [2025-01-20T19:14:23.008+0000] {dagbag.py:588} INFO - Filling up the DagBag from /home/airflow/.local/lib/python3.12/site-packages/airflow/example_dags/example_branch_labels.py
[2025-01-20T19:14:23.018+0000] {processor.py:925} INFO - DAG(s) 'example_branch_labels' retrieved from /home/airflow/.local/lib/python3.12/site-packages/airflow/example_dags/example_branch_labels.py
[2025-01-20T19:14:23.040+0000] {logging_mixin.py:190} INFO - [2025-01-20T19:14:23.040+0000] {dag.py:3239} INFO - Sync 1 DAGs
[2025-01-20T19:14:23.067+0000] {logging_mixin.py:190} INFO - [2025-01-20T19:14:23.067+0000] {dag.py:4180} INFO - Setting next_dagrun for example_branch_labels to 2025-01-19 00:00:00+00:00, run_after=2025-01-20 00:00:00+00:00
[2025-01-20T19:14:23.083+0000] {processor.py:208} INFO - Processing /home/airflow/.local/lib/python3.12/site-packages/airflow/example_dags/example_branch_labels.py took 0.083 seconds
[2025-01-20T19:14:53.452+0000] {processor.py:186} INFO - Started process (PID=485) to work on /home/airflow/.local/lib/python3.12/site-packages/airflow/example_dags/example_branch_labels.py
[2025-01-20T19:14:53.452+0000] {processor.py:914} INFO - Processing file /home/airflow/.local/lib/python3.12/site-packages/airflow/example_dags/example_branch_labels.py for tasks to queue
[2025-01-20T19:14:53.454+0000] {logging_mixin.py:190} INFO - [2025-01-20T19:14:53.453+0000] {dagbag.py:588} INFO - Filling up the DagBag from /home/airflow/.local/lib/python3.12/site-packages/airflow/example_dags/example_branch_labels.py
[2025-01-20T19:14:53.461+0000] {processor.py:925} INFO - DAG(s) 'example_branch_labels' retrieved from /home/airflow/.local/lib/python3.12/site-packages/airflow/example_dags/example_branch_labels.py
[2025-01-20T19:14:53.478+0000] {logging_mixin.py:190} INFO - [2025-01-20T19:14:53.478+0000] {dag.py:3239} INFO - Sync 1 DAGs
[2025-01-20T19:14:53.502+0000] {logging_mixin.py:190} INFO - [2025-01-20T19:14:53.502+0000] {dag.py:4180} INFO - Setting next_dagrun for example_branch_labels to 2025-01-19 00:00:00+00:00, run_after=2025-01-20 00:00:00+00:00
[2025-01-20T19:14:53.516+0000] {processor.py:208} INFO - Processing /home/airflow/.local/lib/python3.12/site-packages/airflow/example_dags/example_branch_labels.py took 0.069 seconds
[2025-01-20T19:15:23.959+0000] {processor.py:186} INFO - Started process (PID=549) to work on /home/airflow/.local/lib/python3.12/site-packages/airflow/example_dags/example_branch_labels.py
[2025-01-20T19:15:23.960+0000] {processor.py:914} INFO - Processing file /home/airflow/.local/lib/python3.12/site-packages/airflow/example_dags/example_branch_labels.py for tasks to queue
[2025-01-20T19:15:23.961+0000] {logging_mixin.py:190} INFO - [2025-01-20T19:15:23.961+0000] {dagbag.py:588} INFO - Filling up the DagBag from /home/airflow/.local/lib/python3.12/site-packages/airflow/example_dags/example_branch_labels.py
[2025-01-20T19:15:23.969+0000] {processor.py:925} INFO - DAG(s) 'example_branch_labels' retrieved from /home/airflow/.local/lib/python3.12/site-packages/airflow/example_dags/example_branch_labels.py
[2025-01-20T19:15:23.985+0000] {logging_mixin.py:190} INFO - [2025-01-20T19:15:23.985+0000] {dag.py:3239} INFO - Sync 1 DAGs
[2025-01-20T19:15:24.004+0000] {logging_mixin.py:190} INFO - [2025-01-20T19:15:24.003+0000] {dag.py:4180} INFO - Setting next_dagrun for example_branch_labels to 2025-01-19 00:00:00+00:00, run_after=2025-01-20 00:00:00+00:00
[2025-01-20T19:15:24.016+0000] {processor.py:208} INFO - Processing /home/airflow/.local/lib/python3.12/site-packages/airflow/example_dags/example_branch_labels.py took 0.062 seconds
[2025-01-20T19:15:55.029+0000] {processor.py:186} INFO - Started process (PID=612) to work on /home/airflow/.local/lib/python3.12/site-packages/airflow/example_dags/example_branch_labels.py
[2025-01-20T19:15:55.030+0000] {processor.py:914} INFO - Processing file /home/airflow/.local/lib/python3.12/site-packages/airflow/example_dags/example_branch_labels.py for tasks to queue
[2025-01-20T19:15:55.032+0000] {logging_mixin.py:190} INFO - [2025-01-20T19:15:55.032+0000] {dagbag.py:588} INFO - Filling up the DagBag from /home/airflow/.local/lib/python3.12/site-packages/airflow/example_dags/example_branch_labels.py
[2025-01-20T19:15:55.043+0000] {processor.py:925} INFO - DAG(s) 'example_branch_labels' retrieved from /home/airflow/.local/lib/python3.12/site-packages/airflow/example_dags/example_branch_labels.py
[2025-01-20T19:15:55.062+0000] {logging_mixin.py:190} INFO - [2025-01-20T19:15:55.062+0000] {dag.py:3239} INFO - Sync 1 DAGs
[2025-01-20T19:15:55.085+0000] {logging_mixin.py:190} INFO - [2025-01-20T19:15:55.085+0000] {dag.py:4180} INFO - Setting next_dagrun for example_branch_labels to 2025-01-19 00:00:00+00:00, run_after=2025-01-20 00:00:00+00:00
[2025-01-20T19:15:55.097+0000] {processor.py:208} INFO - Processing /home/airflow/.local/lib/python3.12/site-packages/airflow/example_dags/example_branch_labels.py took 0.074 seconds
[2025-01-20T19:16:25.608+0000] {processor.py:186} INFO - Started process (PID=676) to work on /home/airflow/.local/lib/python3.12/site-packages/airflow/example_dags/example_branch_labels.py
[2025-01-20T19:16:25.608+0000] {processor.py:914} INFO - Processing file /home/airflow/.local/lib/python3.12/site-packages/airflow/example_dags/example_branch_labels.py for tasks to queue
[2025-01-20T19:16:25.610+0000] {logging_mixin.py:190} INFO - [2025-01-20T19:16:25.610+0000] {dagbag.py:588} INFO - Filling up the DagBag from /home/airflow/.local/lib/python3.12/site-packages/airflow/example_dags/example_branch_labels.py
[2025-01-20T19:16:25.618+0000] {processor.py:925} INFO - DAG(s) 'example_branch_labels' retrieved from /home/airflow/.local/lib/python3.12/site-packages/airflow/example_dags/example_branch_labels.py
[2025-01-20T19:16:25.637+0000] {logging_mixin.py:190} INFO - [2025-01-20T19:16:25.637+0000] {dag.py:3239} INFO - Sync 1 DAGs
[2025-01-20T19:16:25.658+0000] {logging_mixin.py:190} INFO - [2025-01-20T19:16:25.658+0000] {dag.py:4180} INFO - Setting next_dagrun for example_branch_labels to 2025-01-19 00:00:00+00:00, run_after=2025-01-20 00:00:00+00:00
[2025-01-20T19:16:25.671+0000] {processor.py:208} INFO - Processing /home/airflow/.local/lib/python3.12/site-packages/airflow/example_dags/example_branch_labels.py took 0.067 seconds
[2025-01-20T19:16:56.816+0000] {processor.py:186} INFO - Started process (PID=739) to work on /home/airflow/.local/lib/python3.12/site-packages/airflow/example_dags/example_branch_labels.py
[2025-01-20T19:16:56.817+0000] {processor.py:914} INFO - Processing file /home/airflow/.local/lib/python3.12/site-packages/airflow/example_dags/example_branch_labels.py for tasks to queue
[2025-01-20T19:16:56.819+0000] {logging_mixin.py:190} INFO - [2025-01-20T19:16:56.818+0000] {dagbag.py:588} INFO - Filling up the DagBag from /home/airflow/.local/lib/python3.12/site-packages/airflow/example_dags/example_branch_labels.py
[2025-01-20T19:16:56.827+0000] {processor.py:925} INFO - DAG(s) 'example_branch_labels' retrieved from /home/airflow/.local/lib/python3.12/site-packages/airflow/example_dags/example_branch_labels.py
[2025-01-20T19:16:56.846+0000] {logging_mixin.py:190} INFO - [2025-01-20T19:16:56.845+0000] {dag.py:3239} INFO - Sync 1 DAGs
[2025-01-20T19:16:56.870+0000] {logging_mixin.py:190} INFO - [2025-01-20T19:16:56.870+0000] {dag.py:4180} INFO - Setting next_dagrun for example_branch_labels to 2025-01-19 00:00:00+00:00, run_after=2025-01-20 00:00:00+00:00
[2025-01-20T19:16:56.882+0000] {processor.py:208} INFO - Processing /home/airflow/.local/lib/python3.12/site-packages/airflow/example_dags/example_branch_labels.py took 0.071 seconds
[2025-01-20T19:17:28.009+0000] {processor.py:186} INFO - Started process (PID=802) to work on /home/airflow/.local/lib/python3.12/site-packages/airflow/example_dags/example_branch_labels.py
[2025-01-20T19:17:28.010+0000] {processor.py:914} INFO - Processing file /home/airflow/.local/lib/python3.12/site-packages/airflow/example_dags/example_branch_labels.py for tasks to queue
[2025-01-20T19:17:28.012+0000] {logging_mixin.py:190} INFO - [2025-01-20T19:17:28.011+0000] {dagbag.py:588} INFO - Filling up the DagBag from /home/airflow/.local/lib/python3.12/site-packages/airflow/example_dags/example_branch_labels.py
[2025-01-20T19:17:28.020+0000] {processor.py:925} INFO - DAG(s) 'example_branch_labels' retrieved from /home/airflow/.local/lib/python3.12/site-packages/airflow/example_dags/example_branch_labels.py
[2025-01-20T19:17:28.037+0000] {logging_mixin.py:190} INFO - [2025-01-20T19:17:28.037+0000] {dag.py:3239} INFO - Sync 1 DAGs
[2025-01-20T19:17:28.062+0000] {logging_mixin.py:190} INFO - [2025-01-20T19:17:28.062+0000] {dag.py:4180} INFO - Setting next_dagrun for example_branch_labels to 2025-01-19 00:00:00+00:00, run_after=2025-01-20 00:00:00+00:00
[2025-01-20T19:17:28.076+0000] {processor.py:208} INFO - Processing /home/airflow/.local/lib/python3.12/site-packages/airflow/example_dags/example_branch_labels.py took 0.073 seconds
[2025-01-20T19:17:59.164+0000] {processor.py:186} INFO - Started process (PID=865) to work on /home/airflow/.local/lib/python3.12/site-packages/airflow/example_dags/example_branch_labels.py
[2025-01-20T19:17:59.164+0000] {processor.py:914} INFO - Processing file /home/airflow/.local/lib/python3.12/site-packages/airflow/example_dags/example_branch_labels.py for tasks to queue
[2025-01-20T19:17:59.166+0000] {logging_mixin.py:190} INFO - [2025-01-20T19:17:59.166+0000] {dagbag.py:588} INFO - Filling up the DagBag from /home/airflow/.local/lib/python3.12/site-packages/airflow/example_dags/example_branch_labels.py
[2025-01-20T19:17:59.174+0000] {processor.py:925} INFO - DAG(s) 'example_branch_labels' retrieved from /home/airflow/.local/lib/python3.12/site-packages/airflow/example_dags/example_branch_labels.py
[2025-01-20T19:17:59.190+0000] {logging_mixin.py:190} INFO - [2025-01-20T19:17:59.189+0000] {dag.py:3239} INFO - Sync 1 DAGs
[2025-01-20T19:17:59.207+0000] {logging_mixin.py:190} INFO - [2025-01-20T19:17:59.207+0000] {dag.py:4180} INFO - Setting next_dagrun for example_branch_labels to 2025-01-19 00:00:00+00:00, run_after=2025-01-20 00:00:00+00:00
[2025-01-20T19:17:59.221+0000] {processor.py:208} INFO - Processing /home/airflow/.local/lib/python3.12/site-packages/airflow/example_dags/example_branch_labels.py took 0.061 seconds
[2025-01-20T19:18:30.273+0000] {processor.py:186} INFO - Started process (PID=928) to work on /home/airflow/.local/lib/python3.12/site-packages/airflow/example_dags/example_branch_labels.py
[2025-01-20T19:18:30.274+0000] {processor.py:914} INFO - Processing file /home/airflow/.local/lib/python3.12/site-packages/airflow/example_dags/example_branch_labels.py for tasks to queue
[2025-01-20T19:18:30.276+0000] {logging_mixin.py:190} INFO - [2025-01-20T19:18:30.275+0000] {dagbag.py:588} INFO - Filling up the DagBag from /home/airflow/.local/lib/python3.12/site-packages/airflow/example_dags/example_branch_labels.py
[2025-01-20T19:18:30.284+0000] {processor.py:925} INFO - DAG(s) 'example_branch_labels' retrieved from /home/airflow/.local/lib/python3.12/site-packages/airflow/example_dags/example_branch_labels.py
[2025-01-20T19:18:30.305+0000] {logging_mixin.py:190} INFO - [2025-01-20T19:18:30.305+0000] {dag.py:3239} INFO - Sync 1 DAGs
[2025-01-20T19:18:30.325+0000] {logging_mixin.py:190} INFO - [2025-01-20T19:18:30.325+0000] {dag.py:4180} INFO - Setting next_dagrun for example_branch_labels to 2025-01-19 00:00:00+00:00, run_after=2025-01-20 00:00:00+00:00
[2025-01-20T19:18:30.340+0000] {processor.py:208} INFO - Processing /home/airflow/.local/lib/python3.12/site-packages/airflow/example_dags/example_branch_labels.py took 0.071 seconds
[2025-01-20T19:19:01.162+0000] {processor.py:186} INFO - Started process (PID=991) to work on /home/airflow/.local/lib/python3.12/site-packages/airflow/example_dags/example_branch_labels.py
[2025-01-20T19:19:01.162+0000] {processor.py:914} INFO - Processing file /home/airflow/.local/lib/python3.12/site-packages/airflow/example_dags/example_branch_labels.py for tasks to queue
[2025-01-20T19:19:01.164+0000] {logging_mixin.py:190} INFO - [2025-01-20T19:19:01.164+0000] {dagbag.py:588} INFO - Filling up the DagBag from /home/airflow/.local/lib/python3.12/site-packages/airflow/example_dags/example_branch_labels.py
[2025-01-20T19:19:01.171+0000] {processor.py:925} INFO - DAG(s) 'example_branch_labels' retrieved from /home/airflow/.local/lib/python3.12/site-packages/airflow/example_dags/example_branch_labels.py
[2025-01-20T19:19:01.186+0000] {logging_mixin.py:190} INFO - [2025-01-20T19:19:01.185+0000] {dag.py:3239} INFO - Sync 1 DAGs
[2025-01-20T19:19:01.203+0000] {logging_mixin.py:190} INFO - [2025-01-20T19:19:01.203+0000] {dag.py:4180} INFO - Setting next_dagrun for example_branch_labels to 2025-01-19 00:00:00+00:00, run_after=2025-01-20 00:00:00+00:00
[2025-01-20T19:19:01.215+0000] {processor.py:208} INFO - Processing /home/airflow/.local/lib/python3.12/site-packages/airflow/example_dags/example_branch_labels.py took 0.057 seconds
[2025-01-20T19:19:32.283+0000] {processor.py:186} INFO - Started process (PID=1054) to work on /home/airflow/.local/lib/python3.12/site-packages/airflow/example_dags/example_branch_labels.py
[2025-01-20T19:19:32.284+0000] {processor.py:914} INFO - Processing file /home/airflow/.local/lib/python3.12/site-packages/airflow/example_dags/example_branch_labels.py for tasks to queue
[2025-01-20T19:19:32.285+0000] {logging_mixin.py:190} INFO - [2025-01-20T19:19:32.285+0000] {dagbag.py:588} INFO - Filling up the DagBag from /home/airflow/.local/lib/python3.12/site-packages/airflow/example_dags/example_branch_labels.py
[2025-01-20T19:19:32.293+0000] {processor.py:925} INFO - DAG(s) 'example_branch_labels' retrieved from /home/airflow/.local/lib/python3.12/site-packages/airflow/example_dags/example_branch_labels.py
[2025-01-20T19:19:32.314+0000] {logging_mixin.py:190} INFO - [2025-01-20T19:19:32.313+0000] {dag.py:3239} INFO - Sync 1 DAGs
[2025-01-20T19:19:32.338+0000] {logging_mixin.py:190} INFO - [2025-01-20T19:19:32.338+0000] {dag.py:4180} INFO - Setting next_dagrun for example_branch_labels to 2025-01-19 00:00:00+00:00, run_after=2025-01-20 00:00:00+00:00
[2025-01-20T19:19:32.387+0000] {processor.py:208} INFO - Processing /home/airflow/.local/lib/python3.12/site-packages/airflow/example_dags/example_branch_labels.py took 0.109 seconds
[2025-01-20T19:20:03.370+0000] {processor.py:186} INFO - Started process (PID=1117) to work on /home/airflow/.local/lib/python3.12/site-packages/airflow/example_dags/example_branch_labels.py
[2025-01-20T19:20:03.371+0000] {processor.py:914} INFO - Processing file /home/airflow/.local/lib/python3.12/site-packages/airflow/example_dags/example_branch_labels.py for tasks to queue
[2025-01-20T19:20:03.373+0000] {logging_mixin.py:190} INFO - [2025-01-20T19:20:03.373+0000] {dagbag.py:588} INFO - Filling up the DagBag from /home/airflow/.local/lib/python3.12/site-packages/airflow/example_dags/example_branch_labels.py
[2025-01-20T19:20:03.383+0000] {processor.py:925} INFO - DAG(s) 'example_branch_labels' retrieved from /home/airflow/.local/lib/python3.12/site-packages/airflow/example_dags/example_branch_labels.py
[2025-01-20T19:20:03.404+0000] {logging_mixin.py:190} INFO - [2025-01-20T19:20:03.403+0000] {dag.py:3239} INFO - Sync 1 DAGs
[2025-01-20T19:20:03.429+0000] {logging_mixin.py:190} INFO - [2025-01-20T19:20:03.429+0000] {dag.py:4180} INFO - Setting next_dagrun for example_branch_labels to 2025-01-19 00:00:00+00:00, run_after=2025-01-20 00:00:00+00:00
[2025-01-20T19:20:03.443+0000] {processor.py:208} INFO - Processing /home/airflow/.local/lib/python3.12/site-packages/airflow/example_dags/example_branch_labels.py took 0.078 seconds
[2025-01-20T19:20:34.419+0000] {processor.py:186} INFO - Started process (PID=1180) to work on /home/airflow/.local/lib/python3.12/site-packages/airflow/example_dags/example_branch_labels.py
[2025-01-20T19:20:34.419+0000] {processor.py:914} INFO - Processing file /home/airflow/.local/lib/python3.12/site-packages/airflow/example_dags/example_branch_labels.py for tasks to queue
[2025-01-20T19:20:34.421+0000] {logging_mixin.py:190} INFO - [2025-01-20T19:20:34.421+0000] {dagbag.py:588} INFO - Filling up the DagBag from /home/airflow/.local/lib/python3.12/site-packages/airflow/example_dags/example_branch_labels.py
[2025-01-20T19:20:34.429+0000] {processor.py:925} INFO - DAG(s) 'example_branch_labels' retrieved from /home/airflow/.local/lib/python3.12/site-packages/airflow/example_dags/example_branch_labels.py
[2025-01-20T19:20:34.446+0000] {logging_mixin.py:190} INFO - [2025-01-20T19:20:34.446+0000] {dag.py:3239} INFO - Sync 1 DAGs
[2025-01-20T19:20:34.466+0000] {logging_mixin.py:190} INFO - [2025-01-20T19:20:34.466+0000] {dag.py:4180} INFO - Setting next_dagrun for example_branch_labels to 2025-01-19 00:00:00+00:00, run_after=2025-01-20 00:00:00+00:00
[2025-01-20T19:20:34.479+0000] {processor.py:208} INFO - Processing /home/airflow/.local/lib/python3.12/site-packages/airflow/example_dags/example_branch_labels.py took 0.065 seconds
[2025-01-20T19:21:05.724+0000] {processor.py:186} INFO - Started process (PID=1243) to work on /home/airflow/.local/lib/python3.12/site-packages/airflow/example_dags/example_branch_labels.py
[2025-01-20T19:21:05.725+0000] {processor.py:914} INFO - Processing file /home/airflow/.local/lib/python3.12/site-packages/airflow/example_dags/example_branch_labels.py for tasks to queue
[2025-01-20T19:21:05.726+0000] {logging_mixin.py:190} INFO - [2025-01-20T19:21:05.726+0000] {dagbag.py:588} INFO - Filling up the DagBag from /home/airflow/.local/lib/python3.12/site-packages/airflow/example_dags/example_branch_labels.py
[2025-01-20T19:21:05.736+0000] {processor.py:925} INFO - DAG(s) 'example_branch_labels' retrieved from /home/airflow/.local/lib/python3.12/site-packages/airflow/example_dags/example_branch_labels.py
[2025-01-20T19:21:05.757+0000] {logging_mixin.py:190} INFO - [2025-01-20T19:21:05.756+0000] {dag.py:3239} INFO - Sync 1 DAGs
[2025-01-20T19:21:05.781+0000] {logging_mixin.py:190} INFO - [2025-01-20T19:21:05.781+0000] {dag.py:4180} INFO - Setting next_dagrun for example_branch_labels to 2025-01-19 00:00:00+00:00, run_after=2025-01-20 00:00:00+00:00
[2025-01-20T19:21:05.797+0000] {processor.py:208} INFO - Processing /home/airflow/.local/lib/python3.12/site-packages/airflow/example_dags/example_branch_labels.py took 0.078 seconds
[2025-01-20T19:21:37.117+0000] {processor.py:186} INFO - Started process (PID=1306) to work on /home/airflow/.local/lib/python3.12/site-packages/airflow/example_dags/example_branch_labels.py
[2025-01-20T19:21:37.117+0000] {processor.py:914} INFO - Processing file /home/airflow/.local/lib/python3.12/site-packages/airflow/example_dags/example_branch_labels.py for tasks to queue
[2025-01-20T19:21:37.120+0000] {logging_mixin.py:190} INFO - [2025-01-20T19:21:37.119+0000] {dagbag.py:588} INFO - Filling up the DagBag from /home/airflow/.local/lib/python3.12/site-packages/airflow/example_dags/example_branch_labels.py
[2025-01-20T19:21:37.130+0000] {processor.py:925} INFO - DAG(s) 'example_branch_labels' retrieved from /home/airflow/.local/lib/python3.12/site-packages/airflow/example_dags/example_branch_labels.py
[2025-01-20T19:21:37.145+0000] {logging_mixin.py:190} INFO - [2025-01-20T19:21:37.145+0000] {dag.py:3239} INFO - Sync 1 DAGs
[2025-01-20T19:21:37.163+0000] {logging_mixin.py:190} INFO - [2025-01-20T19:21:37.163+0000] {dag.py:4180} INFO - Setting next_dagrun for example_branch_labels to 2025-01-19 00:00:00+00:00, run_after=2025-01-20 00:00:00+00:00
[2025-01-20T19:21:37.177+0000] {processor.py:208} INFO - Processing /home/airflow/.local/lib/python3.12/site-packages/airflow/example_dags/example_branch_labels.py took 0.066 seconds
[2025-01-20T19:22:08.370+0000] {processor.py:186} INFO - Started process (PID=1369) to work on /home/airflow/.local/lib/python3.12/site-packages/airflow/example_dags/example_branch_labels.py
[2025-01-20T19:22:08.370+0000] {processor.py:914} INFO - Processing file /home/airflow/.local/lib/python3.12/site-packages/airflow/example_dags/example_branch_labels.py for tasks to queue
[2025-01-20T19:22:08.373+0000] {logging_mixin.py:190} INFO - [2025-01-20T19:22:08.372+0000] {dagbag.py:588} INFO - Filling up the DagBag from /home/airflow/.local/lib/python3.12/site-packages/airflow/example_dags/example_branch_labels.py
[2025-01-20T19:22:08.384+0000] {processor.py:925} INFO - DAG(s) 'example_branch_labels' retrieved from /home/airflow/.local/lib/python3.12/site-packages/airflow/example_dags/example_branch_labels.py
[2025-01-20T19:22:08.407+0000] {logging_mixin.py:190} INFO - [2025-01-20T19:22:08.406+0000] {dag.py:3239} INFO - Sync 1 DAGs
[2025-01-20T19:22:08.432+0000] {logging_mixin.py:190} INFO - [2025-01-20T19:22:08.432+0000] {dag.py:4180} INFO - Setting next_dagrun for example_branch_labels to 2025-01-19 00:00:00+00:00, run_after=2025-01-20 00:00:00+00:00
[2025-01-20T19:22:08.449+0000] {processor.py:208} INFO - Processing /home/airflow/.local/lib/python3.12/site-packages/airflow/example_dags/example_branch_labels.py took 0.086 seconds
[2025-01-20T19:22:39.458+0000] {processor.py:186} INFO - Started process (PID=1432) to work on /home/airflow/.local/lib/python3.12/site-packages/airflow/example_dags/example_branch_labels.py
[2025-01-20T19:22:39.459+0000] {processor.py:914} INFO - Processing file /home/airflow/.local/lib/python3.12/site-packages/airflow/example_dags/example_branch_labels.py for tasks to queue
[2025-01-20T19:22:39.460+0000] {logging_mixin.py:190} INFO - [2025-01-20T19:22:39.460+0000] {dagbag.py:588} INFO - Filling up the DagBag from /home/airflow/.local/lib/python3.12/site-packages/airflow/example_dags/example_branch_labels.py
[2025-01-20T19:22:39.469+0000] {processor.py:925} INFO - DAG(s) 'example_branch_labels' retrieved from /home/airflow/.local/lib/python3.12/site-packages/airflow/example_dags/example_branch_labels.py
[2025-01-20T19:22:39.489+0000] {logging_mixin.py:190} INFO - [2025-01-20T19:22:39.489+0000] {dag.py:3239} INFO - Sync 1 DAGs
[2025-01-20T19:22:39.509+0000] {logging_mixin.py:190} INFO - [2025-01-20T19:22:39.509+0000] {dag.py:4180} INFO - Setting next_dagrun for example_branch_labels to 2025-01-19 00:00:00+00:00, run_after=2025-01-20 00:00:00+00:00
[2025-01-20T19:22:39.523+0000] {processor.py:208} INFO - Processing /home/airflow/.local/lib/python3.12/site-packages/airflow/example_dags/example_branch_labels.py took 0.069 seconds
[2025-01-20T19:23:10.584+0000] {processor.py:186} INFO - Started process (PID=1495) to work on /home/airflow/.local/lib/python3.12/site-packages/airflow/example_dags/example_branch_labels.py
[2025-01-20T19:23:10.585+0000] {processor.py:914} INFO - Processing file /home/airflow/.local/lib/python3.12/site-packages/airflow/example_dags/example_branch_labels.py for tasks to queue
[2025-01-20T19:23:10.586+0000] {logging_mixin.py:190} INFO - [2025-01-20T19:23:10.586+0000] {dagbag.py:588} INFO - Filling up the DagBag from /home/airflow/.local/lib/python3.12/site-packages/airflow/example_dags/example_branch_labels.py
[2025-01-20T19:23:10.595+0000] {processor.py:925} INFO - DAG(s) 'example_branch_labels' retrieved from /home/airflow/.local/lib/python3.12/site-packages/airflow/example_dags/example_branch_labels.py
[2025-01-20T19:23:10.618+0000] {logging_mixin.py:190} INFO - [2025-01-20T19:23:10.618+0000] {dag.py:3239} INFO - Sync 1 DAGs
[2025-01-20T19:23:10.642+0000] {logging_mixin.py:190} INFO - [2025-01-20T19:23:10.642+0000] {dag.py:4180} INFO - Setting next_dagrun for example_branch_labels to 2025-01-19 00:00:00+00:00, run_after=2025-01-20 00:00:00+00:00
[2025-01-20T19:23:10.666+0000] {processor.py:208} INFO - Processing /home/airflow/.local/lib/python3.12/site-packages/airflow/example_dags/example_branch_labels.py took 0.086 seconds
[2025-01-20T19:23:41.860+0000] {processor.py:186} INFO - Started process (PID=1558) to work on /home/airflow/.local/lib/python3.12/site-packages/airflow/example_dags/example_branch_labels.py
[2025-01-20T19:23:41.860+0000] {processor.py:914} INFO - Processing file /home/airflow/.local/lib/python3.12/site-packages/airflow/example_dags/example_branch_labels.py for tasks to queue
[2025-01-20T19:23:41.862+0000] {logging_mixin.py:190} INFO - [2025-01-20T19:23:41.862+0000] {dagbag.py:588} INFO - Filling up the DagBag from /home/airflow/.local/lib/python3.12/site-packages/airflow/example_dags/example_branch_labels.py
[2025-01-20T19:23:41.872+0000] {processor.py:925} INFO - DAG(s) 'example_branch_labels' retrieved from /home/airflow/.local/lib/python3.12/site-packages/airflow/example_dags/example_branch_labels.py
[2025-01-20T19:23:41.890+0000] {logging_mixin.py:190} INFO - [2025-01-20T19:23:41.890+0000] {dag.py:3239} INFO - Sync 1 DAGs
[2025-01-20T19:23:41.915+0000] {logging_mixin.py:190} INFO - [2025-01-20T19:23:41.915+0000] {dag.py:4180} INFO - Setting next_dagrun for example_branch_labels to 2025-01-19 00:00:00+00:00, run_after=2025-01-20 00:00:00+00:00
[2025-01-20T19:23:41.929+0000] {processor.py:208} INFO - Processing /home/airflow/.local/lib/python3.12/site-packages/airflow/example_dags/example_branch_labels.py took 0.074 seconds
