[2025-01-20T19:11:45.200+0000] {processor.py:186} INFO - Started process (PID=83) to work on /home/airflow/.local/lib/python3.12/site-packages/airflow/example_dags/example_latest_only.py
[2025-01-20T19:11:45.200+0000] {processor.py:914} INFO - Processing file /home/airflow/.local/lib/python3.12/site-packages/airflow/example_dags/example_latest_only.py for tasks to queue
[2025-01-20T19:11:45.203+0000] {logging_mixin.py:190} INFO - [2025-01-20T19:11:45.202+0000] {dagbag.py:588} INFO - Filling up the DagBag from /home/airflow/.local/lib/python3.12/site-packages/airflow/example_dags/example_latest_only.py
[2025-01-20T19:11:45.211+0000] {processor.py:925} INFO - DAG(s) 'latest_only' retrieved from /home/airflow/.local/lib/python3.12/site-packages/airflow/example_dags/example_latest_only.py
[2025-01-20T19:11:45.370+0000] {logging_mixin.py:190} INFO - [2025-01-20T19:11:45.369+0000] {override.py:1911} INFO - Created Permission View: can edit on DAG:latest_only
[2025-01-20T19:11:45.377+0000] {logging_mixin.py:190} INFO - [2025-01-20T19:11:45.377+0000] {override.py:1911} INFO - Created Permission View: can delete on DAG:latest_only
[2025-01-20T19:11:45.385+0000] {logging_mixin.py:190} INFO - [2025-01-20T19:11:45.385+0000] {override.py:1911} INFO - Created Permission View: can read on DAG:latest_only
[2025-01-20T19:11:45.392+0000] {logging_mixin.py:190} INFO - [2025-01-20T19:11:45.392+0000] {override.py:1911} INFO - Created Permission View: can create on DAG Run:latest_only
[2025-01-20T19:11:45.398+0000] {logging_mixin.py:190} INFO - [2025-01-20T19:11:45.397+0000] {override.py:1911} INFO - Created Permission View: can delete on DAG Run:latest_only
[2025-01-20T19:11:45.403+0000] {logging_mixin.py:190} INFO - [2025-01-20T19:11:45.403+0000] {override.py:1911} INFO - Created Permission View: menu access on DAG Run:latest_only
[2025-01-20T19:11:45.409+0000] {logging_mixin.py:190} INFO - [2025-01-20T19:11:45.409+0000] {override.py:1911} INFO - Created Permission View: can read on DAG Run:latest_only
[2025-01-20T19:11:45.409+0000] {logging_mixin.py:190} INFO - [2025-01-20T19:11:45.409+0000] {dag.py:3239} INFO - Sync 1 DAGs
[2025-01-20T19:11:45.424+0000] {logging_mixin.py:190} INFO - [2025-01-20T19:11:45.424+0000] {dag.py:3262} INFO - Creating ORM DAG for latest_only
[2025-01-20T19:11:45.434+0000] {logging_mixin.py:190} INFO - [2025-01-20T19:11:45.434+0000] {dag.py:4180} INFO - Setting next_dagrun for latest_only to 2025-01-20 12:00:00+00:00, run_after=2025-01-20 16:00:00+00:00
[2025-01-20T19:11:45.450+0000] {processor.py:208} INFO - Processing /home/airflow/.local/lib/python3.12/site-packages/airflow/example_dags/example_latest_only.py took 0.257 seconds
[2025-01-20T19:12:16.209+0000] {processor.py:186} INFO - Started process (PID=146) to work on /home/airflow/.local/lib/python3.12/site-packages/airflow/example_dags/example_latest_only.py
[2025-01-20T19:12:16.210+0000] {processor.py:914} INFO - Processing file /home/airflow/.local/lib/python3.12/site-packages/airflow/example_dags/example_latest_only.py for tasks to queue
[2025-01-20T19:12:16.212+0000] {logging_mixin.py:190} INFO - [2025-01-20T19:12:16.212+0000] {dagbag.py:588} INFO - Filling up the DagBag from /home/airflow/.local/lib/python3.12/site-packages/airflow/example_dags/example_latest_only.py
[2025-01-20T19:12:16.219+0000] {processor.py:925} INFO - DAG(s) 'latest_only' retrieved from /home/airflow/.local/lib/python3.12/site-packages/airflow/example_dags/example_latest_only.py
[2025-01-20T19:12:16.239+0000] {logging_mixin.py:190} INFO - [2025-01-20T19:12:16.239+0000] {dag.py:3239} INFO - Sync 1 DAGs
[2025-01-20T19:12:16.265+0000] {logging_mixin.py:190} INFO - [2025-01-20T19:12:16.265+0000] {dag.py:4180} INFO - Setting next_dagrun for latest_only to 2025-01-20 12:00:00+00:00, run_after=2025-01-20 16:00:00+00:00
[2025-01-20T19:12:16.283+0000] {processor.py:208} INFO - Processing /home/airflow/.local/lib/python3.12/site-packages/airflow/example_dags/example_latest_only.py took 0.080 seconds
[2025-01-20T19:12:46.738+0000] {processor.py:186} INFO - Started process (PID=208) to work on /home/airflow/.local/lib/python3.12/site-packages/airflow/example_dags/example_latest_only.py
[2025-01-20T19:12:46.739+0000] {processor.py:914} INFO - Processing file /home/airflow/.local/lib/python3.12/site-packages/airflow/example_dags/example_latest_only.py for tasks to queue
[2025-01-20T19:12:46.741+0000] {logging_mixin.py:190} INFO - [2025-01-20T19:12:46.741+0000] {dagbag.py:588} INFO - Filling up the DagBag from /home/airflow/.local/lib/python3.12/site-packages/airflow/example_dags/example_latest_only.py
[2025-01-20T19:12:46.748+0000] {processor.py:925} INFO - DAG(s) 'latest_only' retrieved from /home/airflow/.local/lib/python3.12/site-packages/airflow/example_dags/example_latest_only.py
[2025-01-20T19:12:46.768+0000] {logging_mixin.py:190} INFO - [2025-01-20T19:12:46.767+0000] {dag.py:3239} INFO - Sync 1 DAGs
[2025-01-20T19:12:46.791+0000] {logging_mixin.py:190} INFO - [2025-01-20T19:12:46.791+0000] {dag.py:4180} INFO - Setting next_dagrun for latest_only to 2025-01-20 12:00:00+00:00, run_after=2025-01-20 16:00:00+00:00
[2025-01-20T19:12:46.803+0000] {processor.py:208} INFO - Processing /home/airflow/.local/lib/python3.12/site-packages/airflow/example_dags/example_latest_only.py took 0.072 seconds
[2025-01-20T19:13:17.596+0000] {processor.py:186} INFO - Started process (PID=271) to work on /home/airflow/.local/lib/python3.12/site-packages/airflow/example_dags/example_latest_only.py
[2025-01-20T19:13:17.597+0000] {processor.py:914} INFO - Processing file /home/airflow/.local/lib/python3.12/site-packages/airflow/example_dags/example_latest_only.py for tasks to queue
[2025-01-20T19:13:17.599+0000] {logging_mixin.py:190} INFO - [2025-01-20T19:13:17.599+0000] {dagbag.py:588} INFO - Filling up the DagBag from /home/airflow/.local/lib/python3.12/site-packages/airflow/example_dags/example_latest_only.py
[2025-01-20T19:13:17.607+0000] {processor.py:925} INFO - DAG(s) 'latest_only' retrieved from /home/airflow/.local/lib/python3.12/site-packages/airflow/example_dags/example_latest_only.py
[2025-01-20T19:13:17.627+0000] {logging_mixin.py:190} INFO - [2025-01-20T19:13:17.627+0000] {dag.py:3239} INFO - Sync 1 DAGs
[2025-01-20T19:13:17.654+0000] {logging_mixin.py:190} INFO - [2025-01-20T19:13:17.653+0000] {dag.py:4180} INFO - Setting next_dagrun for latest_only to 2025-01-20 12:00:00+00:00, run_after=2025-01-20 16:00:00+00:00
[2025-01-20T19:13:17.671+0000] {processor.py:208} INFO - Processing /home/airflow/.local/lib/python3.12/site-packages/airflow/example_dags/example_latest_only.py took 0.081 seconds
[2025-01-20T19:13:48.246+0000] {processor.py:186} INFO - Started process (PID=333) to work on /home/airflow/.local/lib/python3.12/site-packages/airflow/example_dags/example_latest_only.py
[2025-01-20T19:13:48.247+0000] {processor.py:914} INFO - Processing file /home/airflow/.local/lib/python3.12/site-packages/airflow/example_dags/example_latest_only.py for tasks to queue
[2025-01-20T19:13:48.248+0000] {logging_mixin.py:190} INFO - [2025-01-20T19:13:48.248+0000] {dagbag.py:588} INFO - Filling up the DagBag from /home/airflow/.local/lib/python3.12/site-packages/airflow/example_dags/example_latest_only.py
[2025-01-20T19:13:48.254+0000] {processor.py:925} INFO - DAG(s) 'latest_only' retrieved from /home/airflow/.local/lib/python3.12/site-packages/airflow/example_dags/example_latest_only.py
[2025-01-20T19:13:48.268+0000] {logging_mixin.py:190} INFO - [2025-01-20T19:13:48.268+0000] {dag.py:3239} INFO - Sync 1 DAGs
[2025-01-20T19:13:48.285+0000] {logging_mixin.py:190} INFO - [2025-01-20T19:13:48.285+0000] {dag.py:4180} INFO - Setting next_dagrun for latest_only to 2025-01-20 12:00:00+00:00, run_after=2025-01-20 16:00:00+00:00
[2025-01-20T19:13:48.297+0000] {processor.py:208} INFO - Processing /home/airflow/.local/lib/python3.12/site-packages/airflow/example_dags/example_latest_only.py took 0.055 seconds
[2025-01-20T19:14:19.073+0000] {processor.py:186} INFO - Started process (PID=396) to work on /home/airflow/.local/lib/python3.12/site-packages/airflow/example_dags/example_latest_only.py
[2025-01-20T19:14:19.074+0000] {processor.py:914} INFO - Processing file /home/airflow/.local/lib/python3.12/site-packages/airflow/example_dags/example_latest_only.py for tasks to queue
[2025-01-20T19:14:19.075+0000] {logging_mixin.py:190} INFO - [2025-01-20T19:14:19.075+0000] {dagbag.py:588} INFO - Filling up the DagBag from /home/airflow/.local/lib/python3.12/site-packages/airflow/example_dags/example_latest_only.py
[2025-01-20T19:14:19.080+0000] {processor.py:925} INFO - DAG(s) 'latest_only' retrieved from /home/airflow/.local/lib/python3.12/site-packages/airflow/example_dags/example_latest_only.py
[2025-01-20T19:14:19.095+0000] {logging_mixin.py:190} INFO - [2025-01-20T19:14:19.095+0000] {dag.py:3239} INFO - Sync 1 DAGs
[2025-01-20T19:14:19.112+0000] {logging_mixin.py:190} INFO - [2025-01-20T19:14:19.112+0000] {dag.py:4180} INFO - Setting next_dagrun for latest_only to 2025-01-20 12:00:00+00:00, run_after=2025-01-20 16:00:00+00:00
[2025-01-20T19:14:19.124+0000] {processor.py:208} INFO - Processing /home/airflow/.local/lib/python3.12/site-packages/airflow/example_dags/example_latest_only.py took 0.055 seconds
[2025-01-20T19:14:49.172+0000] {processor.py:186} INFO - Started process (PID=458) to work on /home/airflow/.local/lib/python3.12/site-packages/airflow/example_dags/example_latest_only.py
[2025-01-20T19:14:49.173+0000] {processor.py:914} INFO - Processing file /home/airflow/.local/lib/python3.12/site-packages/airflow/example_dags/example_latest_only.py for tasks to queue
[2025-01-20T19:14:49.174+0000] {logging_mixin.py:190} INFO - [2025-01-20T19:14:49.174+0000] {dagbag.py:588} INFO - Filling up the DagBag from /home/airflow/.local/lib/python3.12/site-packages/airflow/example_dags/example_latest_only.py
[2025-01-20T19:14:49.179+0000] {processor.py:925} INFO - DAG(s) 'latest_only' retrieved from /home/airflow/.local/lib/python3.12/site-packages/airflow/example_dags/example_latest_only.py
[2025-01-20T19:14:49.194+0000] {logging_mixin.py:190} INFO - [2025-01-20T19:14:49.194+0000] {dag.py:3239} INFO - Sync 1 DAGs
[2025-01-20T19:14:49.213+0000] {logging_mixin.py:190} INFO - [2025-01-20T19:14:49.213+0000] {dag.py:4180} INFO - Setting next_dagrun for latest_only to 2025-01-20 12:00:00+00:00, run_after=2025-01-20 16:00:00+00:00
[2025-01-20T19:14:49.225+0000] {processor.py:208} INFO - Processing /home/airflow/.local/lib/python3.12/site-packages/airflow/example_dags/example_latest_only.py took 0.057 seconds
[2025-01-20T19:15:19.404+0000] {processor.py:186} INFO - Started process (PID=522) to work on /home/airflow/.local/lib/python3.12/site-packages/airflow/example_dags/example_latest_only.py
[2025-01-20T19:15:19.405+0000] {processor.py:914} INFO - Processing file /home/airflow/.local/lib/python3.12/site-packages/airflow/example_dags/example_latest_only.py for tasks to queue
[2025-01-20T19:15:19.406+0000] {logging_mixin.py:190} INFO - [2025-01-20T19:15:19.406+0000] {dagbag.py:588} INFO - Filling up the DagBag from /home/airflow/.local/lib/python3.12/site-packages/airflow/example_dags/example_latest_only.py
[2025-01-20T19:15:19.412+0000] {processor.py:925} INFO - DAG(s) 'latest_only' retrieved from /home/airflow/.local/lib/python3.12/site-packages/airflow/example_dags/example_latest_only.py
[2025-01-20T19:15:19.426+0000] {logging_mixin.py:190} INFO - [2025-01-20T19:15:19.426+0000] {dag.py:3239} INFO - Sync 1 DAGs
[2025-01-20T19:15:19.443+0000] {logging_mixin.py:190} INFO - [2025-01-20T19:15:19.443+0000] {dag.py:4180} INFO - Setting next_dagrun for latest_only to 2025-01-20 12:00:00+00:00, run_after=2025-01-20 16:00:00+00:00
[2025-01-20T19:15:19.459+0000] {processor.py:208} INFO - Processing /home/airflow/.local/lib/python3.12/site-packages/airflow/example_dags/example_latest_only.py took 0.059 seconds
[2025-01-20T19:15:49.679+0000] {processor.py:186} INFO - Started process (PID=585) to work on /home/airflow/.local/lib/python3.12/site-packages/airflow/example_dags/example_latest_only.py
[2025-01-20T19:15:49.680+0000] {processor.py:914} INFO - Processing file /home/airflow/.local/lib/python3.12/site-packages/airflow/example_dags/example_latest_only.py for tasks to queue
[2025-01-20T19:15:49.682+0000] {logging_mixin.py:190} INFO - [2025-01-20T19:15:49.681+0000] {dagbag.py:588} INFO - Filling up the DagBag from /home/airflow/.local/lib/python3.12/site-packages/airflow/example_dags/example_latest_only.py
[2025-01-20T19:15:49.687+0000] {processor.py:925} INFO - DAG(s) 'latest_only' retrieved from /home/airflow/.local/lib/python3.12/site-packages/airflow/example_dags/example_latest_only.py
[2025-01-20T19:15:49.701+0000] {logging_mixin.py:190} INFO - [2025-01-20T19:15:49.701+0000] {dag.py:3239} INFO - Sync 1 DAGs
[2025-01-20T19:15:49.724+0000] {logging_mixin.py:190} INFO - [2025-01-20T19:15:49.724+0000] {dag.py:4180} INFO - Setting next_dagrun for latest_only to 2025-01-20 12:00:00+00:00, run_after=2025-01-20 16:00:00+00:00
[2025-01-20T19:15:49.737+0000] {processor.py:208} INFO - Processing /home/airflow/.local/lib/python3.12/site-packages/airflow/example_dags/example_latest_only.py took 0.063 seconds
[2025-01-20T19:16:20.479+0000] {processor.py:186} INFO - Started process (PID=649) to work on /home/airflow/.local/lib/python3.12/site-packages/airflow/example_dags/example_latest_only.py
[2025-01-20T19:16:20.480+0000] {processor.py:914} INFO - Processing file /home/airflow/.local/lib/python3.12/site-packages/airflow/example_dags/example_latest_only.py for tasks to queue
[2025-01-20T19:16:20.482+0000] {logging_mixin.py:190} INFO - [2025-01-20T19:16:20.481+0000] {dagbag.py:588} INFO - Filling up the DagBag from /home/airflow/.local/lib/python3.12/site-packages/airflow/example_dags/example_latest_only.py
[2025-01-20T19:16:20.489+0000] {processor.py:925} INFO - DAG(s) 'latest_only' retrieved from /home/airflow/.local/lib/python3.12/site-packages/airflow/example_dags/example_latest_only.py
[2025-01-20T19:16:20.513+0000] {logging_mixin.py:190} INFO - [2025-01-20T19:16:20.512+0000] {dag.py:3239} INFO - Sync 1 DAGs
[2025-01-20T19:16:20.542+0000] {logging_mixin.py:190} INFO - [2025-01-20T19:16:20.541+0000] {dag.py:4180} INFO - Setting next_dagrun for latest_only to 2025-01-20 12:00:00+00:00, run_after=2025-01-20 16:00:00+00:00
[2025-01-20T19:16:20.574+0000] {processor.py:208} INFO - Processing /home/airflow/.local/lib/python3.12/site-packages/airflow/example_dags/example_latest_only.py took 0.103 seconds
[2025-01-20T19:16:50.692+0000] {processor.py:186} INFO - Started process (PID=712) to work on /home/airflow/.local/lib/python3.12/site-packages/airflow/example_dags/example_latest_only.py
[2025-01-20T19:16:50.692+0000] {processor.py:914} INFO - Processing file /home/airflow/.local/lib/python3.12/site-packages/airflow/example_dags/example_latest_only.py for tasks to queue
[2025-01-20T19:16:50.694+0000] {logging_mixin.py:190} INFO - [2025-01-20T19:16:50.693+0000] {dagbag.py:588} INFO - Filling up the DagBag from /home/airflow/.local/lib/python3.12/site-packages/airflow/example_dags/example_latest_only.py
[2025-01-20T19:16:50.699+0000] {processor.py:925} INFO - DAG(s) 'latest_only' retrieved from /home/airflow/.local/lib/python3.12/site-packages/airflow/example_dags/example_latest_only.py
[2025-01-20T19:16:50.713+0000] {logging_mixin.py:190} INFO - [2025-01-20T19:16:50.713+0000] {dag.py:3239} INFO - Sync 1 DAGs
[2025-01-20T19:16:50.730+0000] {logging_mixin.py:190} INFO - [2025-01-20T19:16:50.730+0000] {dag.py:4180} INFO - Setting next_dagrun for latest_only to 2025-01-20 12:00:00+00:00, run_after=2025-01-20 16:00:00+00:00
[2025-01-20T19:16:50.742+0000] {processor.py:208} INFO - Processing /home/airflow/.local/lib/python3.12/site-packages/airflow/example_dags/example_latest_only.py took 0.054 seconds
[2025-01-20T19:17:20.803+0000] {processor.py:186} INFO - Started process (PID=775) to work on /home/airflow/.local/lib/python3.12/site-packages/airflow/example_dags/example_latest_only.py
[2025-01-20T19:17:20.804+0000] {processor.py:914} INFO - Processing file /home/airflow/.local/lib/python3.12/site-packages/airflow/example_dags/example_latest_only.py for tasks to queue
[2025-01-20T19:17:20.805+0000] {logging_mixin.py:190} INFO - [2025-01-20T19:17:20.805+0000] {dagbag.py:588} INFO - Filling up the DagBag from /home/airflow/.local/lib/python3.12/site-packages/airflow/example_dags/example_latest_only.py
[2025-01-20T19:17:20.811+0000] {processor.py:925} INFO - DAG(s) 'latest_only' retrieved from /home/airflow/.local/lib/python3.12/site-packages/airflow/example_dags/example_latest_only.py
[2025-01-20T19:17:20.824+0000] {logging_mixin.py:190} INFO - [2025-01-20T19:17:20.824+0000] {dag.py:3239} INFO - Sync 1 DAGs
[2025-01-20T19:17:20.841+0000] {logging_mixin.py:190} INFO - [2025-01-20T19:17:20.841+0000] {dag.py:4180} INFO - Setting next_dagrun for latest_only to 2025-01-20 12:00:00+00:00, run_after=2025-01-20 16:00:00+00:00
[2025-01-20T19:17:20.853+0000] {processor.py:208} INFO - Processing /home/airflow/.local/lib/python3.12/site-packages/airflow/example_dags/example_latest_only.py took 0.054 seconds
[2025-01-20T19:17:50.929+0000] {processor.py:186} INFO - Started process (PID=838) to work on /home/airflow/.local/lib/python3.12/site-packages/airflow/example_dags/example_latest_only.py
[2025-01-20T19:17:50.930+0000] {processor.py:914} INFO - Processing file /home/airflow/.local/lib/python3.12/site-packages/airflow/example_dags/example_latest_only.py for tasks to queue
[2025-01-20T19:17:50.931+0000] {logging_mixin.py:190} INFO - [2025-01-20T19:17:50.931+0000] {dagbag.py:588} INFO - Filling up the DagBag from /home/airflow/.local/lib/python3.12/site-packages/airflow/example_dags/example_latest_only.py
[2025-01-20T19:17:50.937+0000] {processor.py:925} INFO - DAG(s) 'latest_only' retrieved from /home/airflow/.local/lib/python3.12/site-packages/airflow/example_dags/example_latest_only.py
[2025-01-20T19:17:50.951+0000] {logging_mixin.py:190} INFO - [2025-01-20T19:17:50.951+0000] {dag.py:3239} INFO - Sync 1 DAGs
[2025-01-20T19:17:50.974+0000] {logging_mixin.py:190} INFO - [2025-01-20T19:17:50.974+0000] {dag.py:4180} INFO - Setting next_dagrun for latest_only to 2025-01-20 12:00:00+00:00, run_after=2025-01-20 16:00:00+00:00
[2025-01-20T19:17:50.990+0000] {processor.py:208} INFO - Processing /home/airflow/.local/lib/python3.12/site-packages/airflow/example_dags/example_latest_only.py took 0.065 seconds
[2025-01-20T19:18:21.116+0000] {processor.py:186} INFO - Started process (PID=901) to work on /home/airflow/.local/lib/python3.12/site-packages/airflow/example_dags/example_latest_only.py
[2025-01-20T19:18:21.117+0000] {processor.py:914} INFO - Processing file /home/airflow/.local/lib/python3.12/site-packages/airflow/example_dags/example_latest_only.py for tasks to queue
[2025-01-20T19:18:21.119+0000] {logging_mixin.py:190} INFO - [2025-01-20T19:18:21.118+0000] {dagbag.py:588} INFO - Filling up the DagBag from /home/airflow/.local/lib/python3.12/site-packages/airflow/example_dags/example_latest_only.py
[2025-01-20T19:18:21.124+0000] {processor.py:925} INFO - DAG(s) 'latest_only' retrieved from /home/airflow/.local/lib/python3.12/site-packages/airflow/example_dags/example_latest_only.py
[2025-01-20T19:18:21.138+0000] {logging_mixin.py:190} INFO - [2025-01-20T19:18:21.138+0000] {dag.py:3239} INFO - Sync 1 DAGs
[2025-01-20T19:18:21.155+0000] {logging_mixin.py:190} INFO - [2025-01-20T19:18:21.155+0000] {dag.py:4180} INFO - Setting next_dagrun for latest_only to 2025-01-20 12:00:00+00:00, run_after=2025-01-20 16:00:00+00:00
[2025-01-20T19:18:21.167+0000] {processor.py:208} INFO - Processing /home/airflow/.local/lib/python3.12/site-packages/airflow/example_dags/example_latest_only.py took 0.054 seconds
[2025-01-20T19:18:52.043+0000] {processor.py:186} INFO - Started process (PID=964) to work on /home/airflow/.local/lib/python3.12/site-packages/airflow/example_dags/example_latest_only.py
[2025-01-20T19:18:52.044+0000] {processor.py:914} INFO - Processing file /home/airflow/.local/lib/python3.12/site-packages/airflow/example_dags/example_latest_only.py for tasks to queue
[2025-01-20T19:18:52.047+0000] {logging_mixin.py:190} INFO - [2025-01-20T19:18:52.046+0000] {dagbag.py:588} INFO - Filling up the DagBag from /home/airflow/.local/lib/python3.12/site-packages/airflow/example_dags/example_latest_only.py
[2025-01-20T19:18:52.055+0000] {processor.py:925} INFO - DAG(s) 'latest_only' retrieved from /home/airflow/.local/lib/python3.12/site-packages/airflow/example_dags/example_latest_only.py
[2025-01-20T19:18:52.069+0000] {logging_mixin.py:190} INFO - [2025-01-20T19:18:52.069+0000] {dag.py:3239} INFO - Sync 1 DAGs
[2025-01-20T19:18:52.088+0000] {logging_mixin.py:190} INFO - [2025-01-20T19:18:52.088+0000] {dag.py:4180} INFO - Setting next_dagrun for latest_only to 2025-01-20 12:00:00+00:00, run_after=2025-01-20 16:00:00+00:00
[2025-01-20T19:18:52.100+0000] {processor.py:208} INFO - Processing /home/airflow/.local/lib/python3.12/site-packages/airflow/example_dags/example_latest_only.py took 0.062 seconds
[2025-01-20T19:19:22.184+0000] {processor.py:186} INFO - Started process (PID=1027) to work on /home/airflow/.local/lib/python3.12/site-packages/airflow/example_dags/example_latest_only.py
[2025-01-20T19:19:22.185+0000] {processor.py:914} INFO - Processing file /home/airflow/.local/lib/python3.12/site-packages/airflow/example_dags/example_latest_only.py for tasks to queue
[2025-01-20T19:19:22.187+0000] {logging_mixin.py:190} INFO - [2025-01-20T19:19:22.186+0000] {dagbag.py:588} INFO - Filling up the DagBag from /home/airflow/.local/lib/python3.12/site-packages/airflow/example_dags/example_latest_only.py
[2025-01-20T19:19:22.193+0000] {processor.py:925} INFO - DAG(s) 'latest_only' retrieved from /home/airflow/.local/lib/python3.12/site-packages/airflow/example_dags/example_latest_only.py
[2025-01-20T19:19:22.211+0000] {logging_mixin.py:190} INFO - [2025-01-20T19:19:22.211+0000] {dag.py:3239} INFO - Sync 1 DAGs
[2025-01-20T19:19:22.233+0000] {logging_mixin.py:190} INFO - [2025-01-20T19:19:22.233+0000] {dag.py:4180} INFO - Setting next_dagrun for latest_only to 2025-01-20 12:00:00+00:00, run_after=2025-01-20 16:00:00+00:00
[2025-01-20T19:19:22.246+0000] {processor.py:208} INFO - Processing /home/airflow/.local/lib/python3.12/site-packages/airflow/example_dags/example_latest_only.py took 0.066 seconds
[2025-01-20T19:19:53.233+0000] {processor.py:186} INFO - Started process (PID=1090) to work on /home/airflow/.local/lib/python3.12/site-packages/airflow/example_dags/example_latest_only.py
[2025-01-20T19:19:53.233+0000] {processor.py:914} INFO - Processing file /home/airflow/.local/lib/python3.12/site-packages/airflow/example_dags/example_latest_only.py for tasks to queue
[2025-01-20T19:19:53.235+0000] {logging_mixin.py:190} INFO - [2025-01-20T19:19:53.235+0000] {dagbag.py:588} INFO - Filling up the DagBag from /home/airflow/.local/lib/python3.12/site-packages/airflow/example_dags/example_latest_only.py
[2025-01-20T19:19:53.240+0000] {processor.py:925} INFO - DAG(s) 'latest_only' retrieved from /home/airflow/.local/lib/python3.12/site-packages/airflow/example_dags/example_latest_only.py
[2025-01-20T19:19:53.255+0000] {logging_mixin.py:190} INFO - [2025-01-20T19:19:53.254+0000] {dag.py:3239} INFO - Sync 1 DAGs
[2025-01-20T19:19:53.272+0000] {logging_mixin.py:190} INFO - [2025-01-20T19:19:53.271+0000] {dag.py:4180} INFO - Setting next_dagrun for latest_only to 2025-01-20 12:00:00+00:00, run_after=2025-01-20 16:00:00+00:00
[2025-01-20T19:19:53.283+0000] {processor.py:208} INFO - Processing /home/airflow/.local/lib/python3.12/site-packages/airflow/example_dags/example_latest_only.py took 0.055 seconds
[2025-01-20T19:20:24.250+0000] {processor.py:186} INFO - Started process (PID=1153) to work on /home/airflow/.local/lib/python3.12/site-packages/airflow/example_dags/example_latest_only.py
[2025-01-20T19:20:24.251+0000] {processor.py:914} INFO - Processing file /home/airflow/.local/lib/python3.12/site-packages/airflow/example_dags/example_latest_only.py for tasks to queue
[2025-01-20T19:20:24.252+0000] {logging_mixin.py:190} INFO - [2025-01-20T19:20:24.252+0000] {dagbag.py:588} INFO - Filling up the DagBag from /home/airflow/.local/lib/python3.12/site-packages/airflow/example_dags/example_latest_only.py
[2025-01-20T19:20:24.257+0000] {processor.py:925} INFO - DAG(s) 'latest_only' retrieved from /home/airflow/.local/lib/python3.12/site-packages/airflow/example_dags/example_latest_only.py
[2025-01-20T19:20:24.271+0000] {logging_mixin.py:190} INFO - [2025-01-20T19:20:24.271+0000] {dag.py:3239} INFO - Sync 1 DAGs
[2025-01-20T19:20:24.288+0000] {logging_mixin.py:190} INFO - [2025-01-20T19:20:24.288+0000] {dag.py:4180} INFO - Setting next_dagrun for latest_only to 2025-01-20 12:00:00+00:00, run_after=2025-01-20 16:00:00+00:00
[2025-01-20T19:20:24.301+0000] {processor.py:208} INFO - Processing /home/airflow/.local/lib/python3.12/site-packages/airflow/example_dags/example_latest_only.py took 0.055 seconds
[2025-01-20T19:20:54.585+0000] {processor.py:186} INFO - Started process (PID=1216) to work on /home/airflow/.local/lib/python3.12/site-packages/airflow/example_dags/example_latest_only.py
[2025-01-20T19:20:54.586+0000] {processor.py:914} INFO - Processing file /home/airflow/.local/lib/python3.12/site-packages/airflow/example_dags/example_latest_only.py for tasks to queue
[2025-01-20T19:20:54.587+0000] {logging_mixin.py:190} INFO - [2025-01-20T19:20:54.587+0000] {dagbag.py:588} INFO - Filling up the DagBag from /home/airflow/.local/lib/python3.12/site-packages/airflow/example_dags/example_latest_only.py
[2025-01-20T19:20:54.593+0000] {processor.py:925} INFO - DAG(s) 'latest_only' retrieved from /home/airflow/.local/lib/python3.12/site-packages/airflow/example_dags/example_latest_only.py
[2025-01-20T19:20:54.612+0000] {logging_mixin.py:190} INFO - [2025-01-20T19:20:54.612+0000] {dag.py:3239} INFO - Sync 1 DAGs
[2025-01-20T19:20:54.630+0000] {logging_mixin.py:190} INFO - [2025-01-20T19:20:54.630+0000] {dag.py:4180} INFO - Setting next_dagrun for latest_only to 2025-01-20 12:00:00+00:00, run_after=2025-01-20 16:00:00+00:00
[2025-01-20T19:20:54.643+0000] {processor.py:208} INFO - Processing /home/airflow/.local/lib/python3.12/site-packages/airflow/example_dags/example_latest_only.py took 0.062 seconds
[2025-01-20T19:21:24.829+0000] {processor.py:186} INFO - Started process (PID=1279) to work on /home/airflow/.local/lib/python3.12/site-packages/airflow/example_dags/example_latest_only.py
[2025-01-20T19:21:24.830+0000] {processor.py:914} INFO - Processing file /home/airflow/.local/lib/python3.12/site-packages/airflow/example_dags/example_latest_only.py for tasks to queue
[2025-01-20T19:21:24.832+0000] {logging_mixin.py:190} INFO - [2025-01-20T19:21:24.831+0000] {dagbag.py:588} INFO - Filling up the DagBag from /home/airflow/.local/lib/python3.12/site-packages/airflow/example_dags/example_latest_only.py
[2025-01-20T19:21:24.839+0000] {processor.py:925} INFO - DAG(s) 'latest_only' retrieved from /home/airflow/.local/lib/python3.12/site-packages/airflow/example_dags/example_latest_only.py
[2025-01-20T19:21:24.858+0000] {logging_mixin.py:190} INFO - [2025-01-20T19:21:24.858+0000] {dag.py:3239} INFO - Sync 1 DAGs
[2025-01-20T19:21:24.883+0000] {logging_mixin.py:190} INFO - [2025-01-20T19:21:24.883+0000] {dag.py:4180} INFO - Setting next_dagrun for latest_only to 2025-01-20 12:00:00+00:00, run_after=2025-01-20 16:00:00+00:00
[2025-01-20T19:21:24.895+0000] {processor.py:208} INFO - Processing /home/airflow/.local/lib/python3.12/site-packages/airflow/example_dags/example_latest_only.py took 0.072 seconds
[2025-01-20T19:21:55.148+0000] {processor.py:186} INFO - Started process (PID=1342) to work on /home/airflow/.local/lib/python3.12/site-packages/airflow/example_dags/example_latest_only.py
[2025-01-20T19:21:55.149+0000] {processor.py:914} INFO - Processing file /home/airflow/.local/lib/python3.12/site-packages/airflow/example_dags/example_latest_only.py for tasks to queue
[2025-01-20T19:21:55.151+0000] {logging_mixin.py:190} INFO - [2025-01-20T19:21:55.151+0000] {dagbag.py:588} INFO - Filling up the DagBag from /home/airflow/.local/lib/python3.12/site-packages/airflow/example_dags/example_latest_only.py
[2025-01-20T19:21:55.159+0000] {processor.py:925} INFO - DAG(s) 'latest_only' retrieved from /home/airflow/.local/lib/python3.12/site-packages/airflow/example_dags/example_latest_only.py
[2025-01-20T19:21:55.176+0000] {logging_mixin.py:190} INFO - [2025-01-20T19:21:55.176+0000] {dag.py:3239} INFO - Sync 1 DAGs
[2025-01-20T19:21:55.194+0000] {logging_mixin.py:190} INFO - [2025-01-20T19:21:55.194+0000] {dag.py:4180} INFO - Setting next_dagrun for latest_only to 2025-01-20 12:00:00+00:00, run_after=2025-01-20 16:00:00+00:00
[2025-01-20T19:21:55.206+0000] {processor.py:208} INFO - Processing /home/airflow/.local/lib/python3.12/site-packages/airflow/example_dags/example_latest_only.py took 0.063 seconds
[2025-01-20T19:22:25.271+0000] {processor.py:186} INFO - Started process (PID=1405) to work on /home/airflow/.local/lib/python3.12/site-packages/airflow/example_dags/example_latest_only.py
[2025-01-20T19:22:25.272+0000] {processor.py:914} INFO - Processing file /home/airflow/.local/lib/python3.12/site-packages/airflow/example_dags/example_latest_only.py for tasks to queue
[2025-01-20T19:22:25.273+0000] {logging_mixin.py:190} INFO - [2025-01-20T19:22:25.273+0000] {dagbag.py:588} INFO - Filling up the DagBag from /home/airflow/.local/lib/python3.12/site-packages/airflow/example_dags/example_latest_only.py
[2025-01-20T19:22:25.279+0000] {processor.py:925} INFO - DAG(s) 'latest_only' retrieved from /home/airflow/.local/lib/python3.12/site-packages/airflow/example_dags/example_latest_only.py
[2025-01-20T19:22:25.296+0000] {logging_mixin.py:190} INFO - [2025-01-20T19:22:25.296+0000] {dag.py:3239} INFO - Sync 1 DAGs
[2025-01-20T19:22:25.317+0000] {logging_mixin.py:190} INFO - [2025-01-20T19:22:25.317+0000] {dag.py:4180} INFO - Setting next_dagrun for latest_only to 2025-01-20 12:00:00+00:00, run_after=2025-01-20 16:00:00+00:00
[2025-01-20T19:22:25.330+0000] {processor.py:208} INFO - Processing /home/airflow/.local/lib/python3.12/site-packages/airflow/example_dags/example_latest_only.py took 0.064 seconds
[2025-01-20T19:22:55.456+0000] {processor.py:186} INFO - Started process (PID=1468) to work on /home/airflow/.local/lib/python3.12/site-packages/airflow/example_dags/example_latest_only.py
[2025-01-20T19:22:55.457+0000] {processor.py:914} INFO - Processing file /home/airflow/.local/lib/python3.12/site-packages/airflow/example_dags/example_latest_only.py for tasks to queue
[2025-01-20T19:22:55.459+0000] {logging_mixin.py:190} INFO - [2025-01-20T19:22:55.458+0000] {dagbag.py:588} INFO - Filling up the DagBag from /home/airflow/.local/lib/python3.12/site-packages/airflow/example_dags/example_latest_only.py
[2025-01-20T19:22:55.464+0000] {processor.py:925} INFO - DAG(s) 'latest_only' retrieved from /home/airflow/.local/lib/python3.12/site-packages/airflow/example_dags/example_latest_only.py
[2025-01-20T19:22:55.478+0000] {logging_mixin.py:190} INFO - [2025-01-20T19:22:55.478+0000] {dag.py:3239} INFO - Sync 1 DAGs
[2025-01-20T19:22:55.495+0000] {logging_mixin.py:190} INFO - [2025-01-20T19:22:55.495+0000] {dag.py:4180} INFO - Setting next_dagrun for latest_only to 2025-01-20 12:00:00+00:00, run_after=2025-01-20 16:00:00+00:00
[2025-01-20T19:22:55.507+0000] {processor.py:208} INFO - Processing /home/airflow/.local/lib/python3.12/site-packages/airflow/example_dags/example_latest_only.py took 0.055 seconds
[2025-01-20T19:23:25.685+0000] {processor.py:186} INFO - Started process (PID=1531) to work on /home/airflow/.local/lib/python3.12/site-packages/airflow/example_dags/example_latest_only.py
[2025-01-20T19:23:25.686+0000] {processor.py:914} INFO - Processing file /home/airflow/.local/lib/python3.12/site-packages/airflow/example_dags/example_latest_only.py for tasks to queue
[2025-01-20T19:23:25.688+0000] {logging_mixin.py:190} INFO - [2025-01-20T19:23:25.687+0000] {dagbag.py:588} INFO - Filling up the DagBag from /home/airflow/.local/lib/python3.12/site-packages/airflow/example_dags/example_latest_only.py
[2025-01-20T19:23:25.693+0000] {processor.py:925} INFO - DAG(s) 'latest_only' retrieved from /home/airflow/.local/lib/python3.12/site-packages/airflow/example_dags/example_latest_only.py
[2025-01-20T19:23:25.707+0000] {logging_mixin.py:190} INFO - [2025-01-20T19:23:25.707+0000] {dag.py:3239} INFO - Sync 1 DAGs
[2025-01-20T19:23:25.724+0000] {logging_mixin.py:190} INFO - [2025-01-20T19:23:25.724+0000] {dag.py:4180} INFO - Setting next_dagrun for latest_only to 2025-01-20 12:00:00+00:00, run_after=2025-01-20 16:00:00+00:00
[2025-01-20T19:23:25.736+0000] {processor.py:208} INFO - Processing /home/airflow/.local/lib/python3.12/site-packages/airflow/example_dags/example_latest_only.py took 0.055 seconds
