[2025-01-20T19:11:51.205+0000] {processor.py:186} INFO - Started process (PID=117) to work on /home/airflow/.local/lib/python3.12/site-packages/airflow/example_dags/example_python_operator.py
[2025-01-20T19:11:51.206+0000] {processor.py:914} INFO - Processing file /home/airflow/.local/lib/python3.12/site-packages/airflow/example_dags/example_python_operator.py for tasks to queue
[2025-01-20T19:11:51.208+0000] {logging_mixin.py:190} INFO - [2025-01-20T19:11:51.208+0000] {dagbag.py:588} INFO - Filling up the DagBag from /home/airflow/.local/lib/python3.12/site-packages/airflow/example_dags/example_python_operator.py
[2025-01-20T19:11:51.222+0000] {processor.py:925} INFO - DAG(s) 'example_python_operator' retrieved from /home/airflow/.local/lib/python3.12/site-packages/airflow/example_dags/example_python_operator.py
[2025-01-20T19:11:51.360+0000] {logging_mixin.py:190} INFO - [2025-01-20T19:11:51.356+0000] {override.py:1911} INFO - Created Permission View: can edit on DAG:example_python_operator
[2025-01-20T19:11:51.371+0000] {logging_mixin.py:190} INFO - [2025-01-20T19:11:51.371+0000] {override.py:1911} INFO - Created Permission View: can delete on DAG:example_python_operator
[2025-01-20T19:11:51.379+0000] {logging_mixin.py:190} INFO - [2025-01-20T19:11:51.379+0000] {override.py:1911} INFO - Created Permission View: can read on DAG:example_python_operator
[2025-01-20T19:11:51.387+0000] {logging_mixin.py:190} INFO - [2025-01-20T19:11:51.387+0000] {override.py:1911} INFO - Created Permission View: can create on DAG Run:example_python_operator
[2025-01-20T19:11:51.396+0000] {logging_mixin.py:190} INFO - [2025-01-20T19:11:51.395+0000] {override.py:1911} INFO - Created Permission View: can delete on DAG Run:example_python_operator
[2025-01-20T19:11:51.404+0000] {logging_mixin.py:190} INFO - [2025-01-20T19:11:51.404+0000] {override.py:1911} INFO - Created Permission View: menu access on DAG Run:example_python_operator
[2025-01-20T19:11:51.412+0000] {logging_mixin.py:190} INFO - [2025-01-20T19:11:51.411+0000] {override.py:1911} INFO - Created Permission View: can read on DAG Run:example_python_operator
[2025-01-20T19:11:51.412+0000] {logging_mixin.py:190} INFO - [2025-01-20T19:11:51.412+0000] {dag.py:3239} INFO - Sync 1 DAGs
[2025-01-20T19:11:51.436+0000] {logging_mixin.py:190} INFO - [2025-01-20T19:11:51.436+0000] {dag.py:3262} INFO - Creating ORM DAG for example_python_operator
[2025-01-20T19:11:51.437+0000] {logging_mixin.py:190} INFO - [2025-01-20T19:11:51.437+0000] {dag.py:4180} INFO - Setting next_dagrun for example_python_operator to None, run_after=None
[2025-01-20T19:11:51.452+0000] {processor.py:208} INFO - Processing /home/airflow/.local/lib/python3.12/site-packages/airflow/example_dags/example_python_operator.py took 0.253 seconds
[2025-01-20T19:12:22.129+0000] {processor.py:186} INFO - Started process (PID=180) to work on /home/airflow/.local/lib/python3.12/site-packages/airflow/example_dags/example_python_operator.py
[2025-01-20T19:12:22.130+0000] {processor.py:914} INFO - Processing file /home/airflow/.local/lib/python3.12/site-packages/airflow/example_dags/example_python_operator.py for tasks to queue
[2025-01-20T19:12:22.132+0000] {logging_mixin.py:190} INFO - [2025-01-20T19:12:22.131+0000] {dagbag.py:588} INFO - Filling up the DagBag from /home/airflow/.local/lib/python3.12/site-packages/airflow/example_dags/example_python_operator.py
[2025-01-20T19:12:22.141+0000] {processor.py:925} INFO - DAG(s) 'example_python_operator' retrieved from /home/airflow/.local/lib/python3.12/site-packages/airflow/example_dags/example_python_operator.py
[2025-01-20T19:12:22.162+0000] {logging_mixin.py:190} INFO - [2025-01-20T19:12:22.161+0000] {dag.py:3239} INFO - Sync 1 DAGs
[2025-01-20T19:12:22.177+0000] {logging_mixin.py:190} INFO - [2025-01-20T19:12:22.177+0000] {dag.py:4180} INFO - Setting next_dagrun for example_python_operator to None, run_after=None
[2025-01-20T19:12:22.192+0000] {processor.py:208} INFO - Processing /home/airflow/.local/lib/python3.12/site-packages/airflow/example_dags/example_python_operator.py took 0.067 seconds
[2025-01-20T19:12:52.857+0000] {processor.py:186} INFO - Started process (PID=243) to work on /home/airflow/.local/lib/python3.12/site-packages/airflow/example_dags/example_python_operator.py
[2025-01-20T19:12:52.857+0000] {processor.py:914} INFO - Processing file /home/airflow/.local/lib/python3.12/site-packages/airflow/example_dags/example_python_operator.py for tasks to queue
[2025-01-20T19:12:52.859+0000] {logging_mixin.py:190} INFO - [2025-01-20T19:12:52.859+0000] {dagbag.py:588} INFO - Filling up the DagBag from /home/airflow/.local/lib/python3.12/site-packages/airflow/example_dags/example_python_operator.py
[2025-01-20T19:12:52.868+0000] {processor.py:925} INFO - DAG(s) 'example_python_operator' retrieved from /home/airflow/.local/lib/python3.12/site-packages/airflow/example_dags/example_python_operator.py
[2025-01-20T19:12:52.885+0000] {logging_mixin.py:190} INFO - [2025-01-20T19:12:52.885+0000] {dag.py:3239} INFO - Sync 1 DAGs
[2025-01-20T19:12:52.896+0000] {logging_mixin.py:190} INFO - [2025-01-20T19:12:52.895+0000] {dag.py:4180} INFO - Setting next_dagrun for example_python_operator to None, run_after=None
[2025-01-20T19:12:52.909+0000] {processor.py:208} INFO - Processing /home/airflow/.local/lib/python3.12/site-packages/airflow/example_dags/example_python_operator.py took 0.056 seconds
[2025-01-20T19:13:23.345+0000] {processor.py:186} INFO - Started process (PID=306) to work on /home/airflow/.local/lib/python3.12/site-packages/airflow/example_dags/example_python_operator.py
[2025-01-20T19:13:23.346+0000] {processor.py:914} INFO - Processing file /home/airflow/.local/lib/python3.12/site-packages/airflow/example_dags/example_python_operator.py for tasks to queue
[2025-01-20T19:13:23.348+0000] {logging_mixin.py:190} INFO - [2025-01-20T19:13:23.347+0000] {dagbag.py:588} INFO - Filling up the DagBag from /home/airflow/.local/lib/python3.12/site-packages/airflow/example_dags/example_python_operator.py
[2025-01-20T19:13:23.357+0000] {processor.py:925} INFO - DAG(s) 'example_python_operator' retrieved from /home/airflow/.local/lib/python3.12/site-packages/airflow/example_dags/example_python_operator.py
[2025-01-20T19:13:23.373+0000] {logging_mixin.py:190} INFO - [2025-01-20T19:13:23.373+0000] {dag.py:3239} INFO - Sync 1 DAGs
[2025-01-20T19:13:23.385+0000] {logging_mixin.py:190} INFO - [2025-01-20T19:13:23.385+0000] {dag.py:4180} INFO - Setting next_dagrun for example_python_operator to None, run_after=None
[2025-01-20T19:13:23.399+0000] {processor.py:208} INFO - Processing /home/airflow/.local/lib/python3.12/site-packages/airflow/example_dags/example_python_operator.py took 0.058 seconds
[2025-01-20T19:13:54.087+0000] {processor.py:186} INFO - Started process (PID=369) to work on /home/airflow/.local/lib/python3.12/site-packages/airflow/example_dags/example_python_operator.py
[2025-01-20T19:13:54.088+0000] {processor.py:914} INFO - Processing file /home/airflow/.local/lib/python3.12/site-packages/airflow/example_dags/example_python_operator.py for tasks to queue
[2025-01-20T19:13:54.089+0000] {logging_mixin.py:190} INFO - [2025-01-20T19:13:54.089+0000] {dagbag.py:588} INFO - Filling up the DagBag from /home/airflow/.local/lib/python3.12/site-packages/airflow/example_dags/example_python_operator.py
[2025-01-20T19:13:54.099+0000] {processor.py:925} INFO - DAG(s) 'example_python_operator' retrieved from /home/airflow/.local/lib/python3.12/site-packages/airflow/example_dags/example_python_operator.py
[2025-01-20T19:13:54.117+0000] {logging_mixin.py:190} INFO - [2025-01-20T19:13:54.117+0000] {dag.py:3239} INFO - Sync 1 DAGs
[2025-01-20T19:13:54.129+0000] {logging_mixin.py:190} INFO - [2025-01-20T19:13:54.128+0000] {dag.py:4180} INFO - Setting next_dagrun for example_python_operator to None, run_after=None
[2025-01-20T19:13:54.141+0000] {processor.py:208} INFO - Processing /home/airflow/.local/lib/python3.12/site-packages/airflow/example_dags/example_python_operator.py took 0.059 seconds
[2025-01-20T19:14:24.270+0000] {processor.py:186} INFO - Started process (PID=432) to work on /home/airflow/.local/lib/python3.12/site-packages/airflow/example_dags/example_python_operator.py
[2025-01-20T19:14:24.271+0000] {processor.py:914} INFO - Processing file /home/airflow/.local/lib/python3.12/site-packages/airflow/example_dags/example_python_operator.py for tasks to queue
[2025-01-20T19:14:24.273+0000] {logging_mixin.py:190} INFO - [2025-01-20T19:14:24.272+0000] {dagbag.py:588} INFO - Filling up the DagBag from /home/airflow/.local/lib/python3.12/site-packages/airflow/example_dags/example_python_operator.py
[2025-01-20T19:14:24.286+0000] {processor.py:925} INFO - DAG(s) 'example_python_operator' retrieved from /home/airflow/.local/lib/python3.12/site-packages/airflow/example_dags/example_python_operator.py
[2025-01-20T19:14:24.311+0000] {logging_mixin.py:190} INFO - [2025-01-20T19:14:24.310+0000] {dag.py:3239} INFO - Sync 1 DAGs
[2025-01-20T19:14:24.327+0000] {logging_mixin.py:190} INFO - [2025-01-20T19:14:24.327+0000] {dag.py:4180} INFO - Setting next_dagrun for example_python_operator to None, run_after=None
[2025-01-20T19:14:24.345+0000] {processor.py:208} INFO - Processing /home/airflow/.local/lib/python3.12/site-packages/airflow/example_dags/example_python_operator.py took 0.081 seconds
[2025-01-20T19:14:55.619+0000] {processor.py:186} INFO - Started process (PID=495) to work on /home/airflow/.local/lib/python3.12/site-packages/airflow/example_dags/example_python_operator.py
[2025-01-20T19:14:55.620+0000] {processor.py:914} INFO - Processing file /home/airflow/.local/lib/python3.12/site-packages/airflow/example_dags/example_python_operator.py for tasks to queue
[2025-01-20T19:14:55.622+0000] {logging_mixin.py:190} INFO - [2025-01-20T19:14:55.622+0000] {dagbag.py:588} INFO - Filling up the DagBag from /home/airflow/.local/lib/python3.12/site-packages/airflow/example_dags/example_python_operator.py
[2025-01-20T19:14:55.636+0000] {processor.py:925} INFO - DAG(s) 'example_python_operator' retrieved from /home/airflow/.local/lib/python3.12/site-packages/airflow/example_dags/example_python_operator.py
[2025-01-20T19:14:55.656+0000] {logging_mixin.py:190} INFO - [2025-01-20T19:14:55.655+0000] {dag.py:3239} INFO - Sync 1 DAGs
[2025-01-20T19:14:55.671+0000] {logging_mixin.py:190} INFO - [2025-01-20T19:14:55.671+0000] {dag.py:4180} INFO - Setting next_dagrun for example_python_operator to None, run_after=None
[2025-01-20T19:14:55.688+0000] {processor.py:208} INFO - Processing /home/airflow/.local/lib/python3.12/site-packages/airflow/example_dags/example_python_operator.py took 0.075 seconds
[2025-01-20T19:15:27.021+0000] {processor.py:186} INFO - Started process (PID=559) to work on /home/airflow/.local/lib/python3.12/site-packages/airflow/example_dags/example_python_operator.py
[2025-01-20T19:15:27.022+0000] {processor.py:914} INFO - Processing file /home/airflow/.local/lib/python3.12/site-packages/airflow/example_dags/example_python_operator.py for tasks to queue
[2025-01-20T19:15:27.023+0000] {logging_mixin.py:190} INFO - [2025-01-20T19:15:27.023+0000] {dagbag.py:588} INFO - Filling up the DagBag from /home/airflow/.local/lib/python3.12/site-packages/airflow/example_dags/example_python_operator.py
[2025-01-20T19:15:27.033+0000] {processor.py:925} INFO - DAG(s) 'example_python_operator' retrieved from /home/airflow/.local/lib/python3.12/site-packages/airflow/example_dags/example_python_operator.py
[2025-01-20T19:15:27.050+0000] {logging_mixin.py:190} INFO - [2025-01-20T19:15:27.050+0000] {dag.py:3239} INFO - Sync 1 DAGs
[2025-01-20T19:15:27.062+0000] {logging_mixin.py:190} INFO - [2025-01-20T19:15:27.062+0000] {dag.py:4180} INFO - Setting next_dagrun for example_python_operator to None, run_after=None
[2025-01-20T19:15:27.076+0000] {processor.py:208} INFO - Processing /home/airflow/.local/lib/python3.12/site-packages/airflow/example_dags/example_python_operator.py took 0.059 seconds
[2025-01-20T19:15:58.442+0000] {processor.py:186} INFO - Started process (PID=622) to work on /home/airflow/.local/lib/python3.12/site-packages/airflow/example_dags/example_python_operator.py
[2025-01-20T19:15:58.442+0000] {processor.py:914} INFO - Processing file /home/airflow/.local/lib/python3.12/site-packages/airflow/example_dags/example_python_operator.py for tasks to queue
[2025-01-20T19:15:58.444+0000] {logging_mixin.py:190} INFO - [2025-01-20T19:15:58.444+0000] {dagbag.py:588} INFO - Filling up the DagBag from /home/airflow/.local/lib/python3.12/site-packages/airflow/example_dags/example_python_operator.py
[2025-01-20T19:15:58.457+0000] {processor.py:925} INFO - DAG(s) 'example_python_operator' retrieved from /home/airflow/.local/lib/python3.12/site-packages/airflow/example_dags/example_python_operator.py
[2025-01-20T19:15:58.478+0000] {logging_mixin.py:190} INFO - [2025-01-20T19:15:58.477+0000] {dag.py:3239} INFO - Sync 1 DAGs
[2025-01-20T19:15:58.494+0000] {logging_mixin.py:190} INFO - [2025-01-20T19:15:58.493+0000] {dag.py:4180} INFO - Setting next_dagrun for example_python_operator to None, run_after=None
[2025-01-20T19:15:58.510+0000] {processor.py:208} INFO - Processing /home/airflow/.local/lib/python3.12/site-packages/airflow/example_dags/example_python_operator.py took 0.072 seconds
[2025-01-20T19:16:29.896+0000] {processor.py:186} INFO - Started process (PID=686) to work on /home/airflow/.local/lib/python3.12/site-packages/airflow/example_dags/example_python_operator.py
[2025-01-20T19:16:29.897+0000] {processor.py:914} INFO - Processing file /home/airflow/.local/lib/python3.12/site-packages/airflow/example_dags/example_python_operator.py for tasks to queue
[2025-01-20T19:16:29.898+0000] {logging_mixin.py:190} INFO - [2025-01-20T19:16:29.898+0000] {dagbag.py:588} INFO - Filling up the DagBag from /home/airflow/.local/lib/python3.12/site-packages/airflow/example_dags/example_python_operator.py
[2025-01-20T19:16:29.909+0000] {processor.py:925} INFO - DAG(s) 'example_python_operator' retrieved from /home/airflow/.local/lib/python3.12/site-packages/airflow/example_dags/example_python_operator.py
[2025-01-20T19:16:29.931+0000] {logging_mixin.py:190} INFO - [2025-01-20T19:16:29.931+0000] {dag.py:3239} INFO - Sync 1 DAGs
[2025-01-20T19:16:29.946+0000] {logging_mixin.py:190} INFO - [2025-01-20T19:16:29.946+0000] {dag.py:4180} INFO - Setting next_dagrun for example_python_operator to None, run_after=None
[2025-01-20T19:16:29.962+0000] {processor.py:208} INFO - Processing /home/airflow/.local/lib/python3.12/site-packages/airflow/example_dags/example_python_operator.py took 0.071 seconds
[2025-01-20T19:17:00.946+0000] {processor.py:186} INFO - Started process (PID=749) to work on /home/airflow/.local/lib/python3.12/site-packages/airflow/example_dags/example_python_operator.py
[2025-01-20T19:17:00.946+0000] {processor.py:914} INFO - Processing file /home/airflow/.local/lib/python3.12/site-packages/airflow/example_dags/example_python_operator.py for tasks to queue
[2025-01-20T19:17:00.948+0000] {logging_mixin.py:190} INFO - [2025-01-20T19:17:00.948+0000] {dagbag.py:588} INFO - Filling up the DagBag from /home/airflow/.local/lib/python3.12/site-packages/airflow/example_dags/example_python_operator.py
[2025-01-20T19:17:00.962+0000] {processor.py:925} INFO - DAG(s) 'example_python_operator' retrieved from /home/airflow/.local/lib/python3.12/site-packages/airflow/example_dags/example_python_operator.py
[2025-01-20T19:17:00.989+0000] {logging_mixin.py:190} INFO - [2025-01-20T19:17:00.988+0000] {dag.py:3239} INFO - Sync 1 DAGs
[2025-01-20T19:17:01.006+0000] {logging_mixin.py:190} INFO - [2025-01-20T19:17:01.006+0000] {dag.py:4180} INFO - Setting next_dagrun for example_python_operator to None, run_after=None
[2025-01-20T19:17:01.024+0000] {processor.py:208} INFO - Processing /home/airflow/.local/lib/python3.12/site-packages/airflow/example_dags/example_python_operator.py took 0.082 seconds
[2025-01-20T19:17:31.985+0000] {processor.py:186} INFO - Started process (PID=812) to work on /home/airflow/.local/lib/python3.12/site-packages/airflow/example_dags/example_python_operator.py
[2025-01-20T19:17:31.986+0000] {processor.py:914} INFO - Processing file /home/airflow/.local/lib/python3.12/site-packages/airflow/example_dags/example_python_operator.py for tasks to queue
[2025-01-20T19:17:31.988+0000] {logging_mixin.py:190} INFO - [2025-01-20T19:17:31.988+0000] {dagbag.py:588} INFO - Filling up the DagBag from /home/airflow/.local/lib/python3.12/site-packages/airflow/example_dags/example_python_operator.py
[2025-01-20T19:17:32.001+0000] {processor.py:925} INFO - DAG(s) 'example_python_operator' retrieved from /home/airflow/.local/lib/python3.12/site-packages/airflow/example_dags/example_python_operator.py
[2025-01-20T19:17:32.022+0000] {logging_mixin.py:190} INFO - [2025-01-20T19:17:32.022+0000] {dag.py:3239} INFO - Sync 1 DAGs
[2025-01-20T19:17:32.036+0000] {logging_mixin.py:190} INFO - [2025-01-20T19:17:32.036+0000] {dag.py:4180} INFO - Setting next_dagrun for example_python_operator to None, run_after=None
[2025-01-20T19:17:32.050+0000] {processor.py:208} INFO - Processing /home/airflow/.local/lib/python3.12/site-packages/airflow/example_dags/example_python_operator.py took 0.071 seconds
[2025-01-20T19:18:03.170+0000] {processor.py:186} INFO - Started process (PID=875) to work on /home/airflow/.local/lib/python3.12/site-packages/airflow/example_dags/example_python_operator.py
[2025-01-20T19:18:03.171+0000] {processor.py:914} INFO - Processing file /home/airflow/.local/lib/python3.12/site-packages/airflow/example_dags/example_python_operator.py for tasks to queue
[2025-01-20T19:18:03.173+0000] {logging_mixin.py:190} INFO - [2025-01-20T19:18:03.172+0000] {dagbag.py:588} INFO - Filling up the DagBag from /home/airflow/.local/lib/python3.12/site-packages/airflow/example_dags/example_python_operator.py
[2025-01-20T19:18:03.182+0000] {processor.py:925} INFO - DAG(s) 'example_python_operator' retrieved from /home/airflow/.local/lib/python3.12/site-packages/airflow/example_dags/example_python_operator.py
[2025-01-20T19:18:03.202+0000] {logging_mixin.py:190} INFO - [2025-01-20T19:18:03.202+0000] {dag.py:3239} INFO - Sync 1 DAGs
[2025-01-20T19:18:03.216+0000] {logging_mixin.py:190} INFO - [2025-01-20T19:18:03.216+0000] {dag.py:4180} INFO - Setting next_dagrun for example_python_operator to None, run_after=None
[2025-01-20T19:18:03.231+0000] {processor.py:208} INFO - Processing /home/airflow/.local/lib/python3.12/site-packages/airflow/example_dags/example_python_operator.py took 0.065 seconds
[2025-01-20T19:18:34.276+0000] {processor.py:186} INFO - Started process (PID=938) to work on /home/airflow/.local/lib/python3.12/site-packages/airflow/example_dags/example_python_operator.py
[2025-01-20T19:18:34.276+0000] {processor.py:914} INFO - Processing file /home/airflow/.local/lib/python3.12/site-packages/airflow/example_dags/example_python_operator.py for tasks to queue
[2025-01-20T19:18:34.279+0000] {logging_mixin.py:190} INFO - [2025-01-20T19:18:34.278+0000] {dagbag.py:588} INFO - Filling up the DagBag from /home/airflow/.local/lib/python3.12/site-packages/airflow/example_dags/example_python_operator.py
[2025-01-20T19:18:34.291+0000] {processor.py:925} INFO - DAG(s) 'example_python_operator' retrieved from /home/airflow/.local/lib/python3.12/site-packages/airflow/example_dags/example_python_operator.py
[2025-01-20T19:18:34.309+0000] {logging_mixin.py:190} INFO - [2025-01-20T19:18:34.309+0000] {dag.py:3239} INFO - Sync 1 DAGs
[2025-01-20T19:18:34.320+0000] {logging_mixin.py:190} INFO - [2025-01-20T19:18:34.320+0000] {dag.py:4180} INFO - Setting next_dagrun for example_python_operator to None, run_after=None
[2025-01-20T19:18:34.332+0000] {processor.py:208} INFO - Processing /home/airflow/.local/lib/python3.12/site-packages/airflow/example_dags/example_python_operator.py took 0.061 seconds
[2025-01-20T19:19:05.219+0000] {processor.py:186} INFO - Started process (PID=1001) to work on /home/airflow/.local/lib/python3.12/site-packages/airflow/example_dags/example_python_operator.py
[2025-01-20T19:19:05.220+0000] {processor.py:914} INFO - Processing file /home/airflow/.local/lib/python3.12/site-packages/airflow/example_dags/example_python_operator.py for tasks to queue
[2025-01-20T19:19:05.221+0000] {logging_mixin.py:190} INFO - [2025-01-20T19:19:05.221+0000] {dagbag.py:588} INFO - Filling up the DagBag from /home/airflow/.local/lib/python3.12/site-packages/airflow/example_dags/example_python_operator.py
[2025-01-20T19:19:05.231+0000] {processor.py:925} INFO - DAG(s) 'example_python_operator' retrieved from /home/airflow/.local/lib/python3.12/site-packages/airflow/example_dags/example_python_operator.py
[2025-01-20T19:19:05.249+0000] {logging_mixin.py:190} INFO - [2025-01-20T19:19:05.249+0000] {dag.py:3239} INFO - Sync 1 DAGs
[2025-01-20T19:19:05.259+0000] {logging_mixin.py:190} INFO - [2025-01-20T19:19:05.259+0000] {dag.py:4180} INFO - Setting next_dagrun for example_python_operator to None, run_after=None
[2025-01-20T19:19:05.272+0000] {processor.py:208} INFO - Processing /home/airflow/.local/lib/python3.12/site-packages/airflow/example_dags/example_python_operator.py took 0.057 seconds
[2025-01-20T19:19:36.328+0000] {processor.py:186} INFO - Started process (PID=1064) to work on /home/airflow/.local/lib/python3.12/site-packages/airflow/example_dags/example_python_operator.py
[2025-01-20T19:19:36.329+0000] {processor.py:914} INFO - Processing file /home/airflow/.local/lib/python3.12/site-packages/airflow/example_dags/example_python_operator.py for tasks to queue
[2025-01-20T19:19:36.331+0000] {logging_mixin.py:190} INFO - [2025-01-20T19:19:36.330+0000] {dagbag.py:588} INFO - Filling up the DagBag from /home/airflow/.local/lib/python3.12/site-packages/airflow/example_dags/example_python_operator.py
[2025-01-20T19:19:36.340+0000] {processor.py:925} INFO - DAG(s) 'example_python_operator' retrieved from /home/airflow/.local/lib/python3.12/site-packages/airflow/example_dags/example_python_operator.py
[2025-01-20T19:19:36.357+0000] {logging_mixin.py:190} INFO - [2025-01-20T19:19:36.357+0000] {dag.py:3239} INFO - Sync 1 DAGs
[2025-01-20T19:19:36.368+0000] {logging_mixin.py:190} INFO - [2025-01-20T19:19:36.368+0000] {dag.py:4180} INFO - Setting next_dagrun for example_python_operator to None, run_after=None
[2025-01-20T19:19:36.380+0000] {processor.py:208} INFO - Processing /home/airflow/.local/lib/python3.12/site-packages/airflow/example_dags/example_python_operator.py took 0.056 seconds
[2025-01-20T19:20:07.407+0000] {processor.py:186} INFO - Started process (PID=1127) to work on /home/airflow/.local/lib/python3.12/site-packages/airflow/example_dags/example_python_operator.py
[2025-01-20T19:20:07.407+0000] {processor.py:914} INFO - Processing file /home/airflow/.local/lib/python3.12/site-packages/airflow/example_dags/example_python_operator.py for tasks to queue
[2025-01-20T19:20:07.409+0000] {logging_mixin.py:190} INFO - [2025-01-20T19:20:07.409+0000] {dagbag.py:588} INFO - Filling up the DagBag from /home/airflow/.local/lib/python3.12/site-packages/airflow/example_dags/example_python_operator.py
[2025-01-20T19:20:07.419+0000] {processor.py:925} INFO - DAG(s) 'example_python_operator' retrieved from /home/airflow/.local/lib/python3.12/site-packages/airflow/example_dags/example_python_operator.py
[2025-01-20T19:20:07.435+0000] {logging_mixin.py:190} INFO - [2025-01-20T19:20:07.435+0000] {dag.py:3239} INFO - Sync 1 DAGs
[2025-01-20T19:20:07.446+0000] {logging_mixin.py:190} INFO - [2025-01-20T19:20:07.446+0000] {dag.py:4180} INFO - Setting next_dagrun for example_python_operator to None, run_after=None
[2025-01-20T19:20:07.459+0000] {processor.py:208} INFO - Processing /home/airflow/.local/lib/python3.12/site-packages/airflow/example_dags/example_python_operator.py took 0.056 seconds
[2025-01-20T19:20:38.427+0000] {processor.py:186} INFO - Started process (PID=1190) to work on /home/airflow/.local/lib/python3.12/site-packages/airflow/example_dags/example_python_operator.py
[2025-01-20T19:20:38.428+0000] {processor.py:914} INFO - Processing file /home/airflow/.local/lib/python3.12/site-packages/airflow/example_dags/example_python_operator.py for tasks to queue
[2025-01-20T19:20:38.429+0000] {logging_mixin.py:190} INFO - [2025-01-20T19:20:38.429+0000] {dagbag.py:588} INFO - Filling up the DagBag from /home/airflow/.local/lib/python3.12/site-packages/airflow/example_dags/example_python_operator.py
[2025-01-20T19:20:38.441+0000] {processor.py:925} INFO - DAG(s) 'example_python_operator' retrieved from /home/airflow/.local/lib/python3.12/site-packages/airflow/example_dags/example_python_operator.py
[2025-01-20T19:20:38.462+0000] {logging_mixin.py:190} INFO - [2025-01-20T19:20:38.462+0000] {dag.py:3239} INFO - Sync 1 DAGs
[2025-01-20T19:20:38.476+0000] {logging_mixin.py:190} INFO - [2025-01-20T19:20:38.476+0000] {dag.py:4180} INFO - Setting next_dagrun for example_python_operator to None, run_after=None
[2025-01-20T19:20:38.490+0000] {processor.py:208} INFO - Processing /home/airflow/.local/lib/python3.12/site-packages/airflow/example_dags/example_python_operator.py took 0.068 seconds
[2025-01-20T19:21:09.777+0000] {processor.py:186} INFO - Started process (PID=1253) to work on /home/airflow/.local/lib/python3.12/site-packages/airflow/example_dags/example_python_operator.py
[2025-01-20T19:21:09.777+0000] {processor.py:914} INFO - Processing file /home/airflow/.local/lib/python3.12/site-packages/airflow/example_dags/example_python_operator.py for tasks to queue
[2025-01-20T19:21:09.779+0000] {logging_mixin.py:190} INFO - [2025-01-20T19:21:09.779+0000] {dagbag.py:588} INFO - Filling up the DagBag from /home/airflow/.local/lib/python3.12/site-packages/airflow/example_dags/example_python_operator.py
[2025-01-20T19:21:09.789+0000] {processor.py:925} INFO - DAG(s) 'example_python_operator' retrieved from /home/airflow/.local/lib/python3.12/site-packages/airflow/example_dags/example_python_operator.py
[2025-01-20T19:21:09.809+0000] {logging_mixin.py:190} INFO - [2025-01-20T19:21:09.809+0000] {dag.py:3239} INFO - Sync 1 DAGs
[2025-01-20T19:21:09.823+0000] {logging_mixin.py:190} INFO - [2025-01-20T19:21:09.823+0000] {dag.py:4180} INFO - Setting next_dagrun for example_python_operator to None, run_after=None
[2025-01-20T19:21:09.838+0000] {processor.py:208} INFO - Processing /home/airflow/.local/lib/python3.12/site-packages/airflow/example_dags/example_python_operator.py took 0.066 seconds
[2025-01-20T19:21:41.215+0000] {processor.py:186} INFO - Started process (PID=1316) to work on /home/airflow/.local/lib/python3.12/site-packages/airflow/example_dags/example_python_operator.py
[2025-01-20T19:21:41.215+0000] {processor.py:914} INFO - Processing file /home/airflow/.local/lib/python3.12/site-packages/airflow/example_dags/example_python_operator.py for tasks to queue
[2025-01-20T19:21:41.217+0000] {logging_mixin.py:190} INFO - [2025-01-20T19:21:41.217+0000] {dagbag.py:588} INFO - Filling up the DagBag from /home/airflow/.local/lib/python3.12/site-packages/airflow/example_dags/example_python_operator.py
[2025-01-20T19:21:41.227+0000] {processor.py:925} INFO - DAG(s) 'example_python_operator' retrieved from /home/airflow/.local/lib/python3.12/site-packages/airflow/example_dags/example_python_operator.py
[2025-01-20T19:21:41.244+0000] {logging_mixin.py:190} INFO - [2025-01-20T19:21:41.243+0000] {dag.py:3239} INFO - Sync 1 DAGs
[2025-01-20T19:21:41.254+0000] {logging_mixin.py:190} INFO - [2025-01-20T19:21:41.254+0000] {dag.py:4180} INFO - Setting next_dagrun for example_python_operator to None, run_after=None
[2025-01-20T19:21:41.267+0000] {processor.py:208} INFO - Processing /home/airflow/.local/lib/python3.12/site-packages/airflow/example_dags/example_python_operator.py took 0.056 seconds
[2025-01-20T19:22:12.424+0000] {processor.py:186} INFO - Started process (PID=1379) to work on /home/airflow/.local/lib/python3.12/site-packages/airflow/example_dags/example_python_operator.py
[2025-01-20T19:22:12.425+0000] {processor.py:914} INFO - Processing file /home/airflow/.local/lib/python3.12/site-packages/airflow/example_dags/example_python_operator.py for tasks to queue
[2025-01-20T19:22:12.426+0000] {logging_mixin.py:190} INFO - [2025-01-20T19:22:12.426+0000] {dagbag.py:588} INFO - Filling up the DagBag from /home/airflow/.local/lib/python3.12/site-packages/airflow/example_dags/example_python_operator.py
[2025-01-20T19:22:12.436+0000] {processor.py:925} INFO - DAG(s) 'example_python_operator' retrieved from /home/airflow/.local/lib/python3.12/site-packages/airflow/example_dags/example_python_operator.py
[2025-01-20T19:22:12.454+0000] {logging_mixin.py:190} INFO - [2025-01-20T19:22:12.454+0000] {dag.py:3239} INFO - Sync 1 DAGs
[2025-01-20T19:22:12.465+0000] {logging_mixin.py:190} INFO - [2025-01-20T19:22:12.465+0000] {dag.py:4180} INFO - Setting next_dagrun for example_python_operator to None, run_after=None
[2025-01-20T19:22:12.478+0000] {processor.py:208} INFO - Processing /home/airflow/.local/lib/python3.12/site-packages/airflow/example_dags/example_python_operator.py took 0.058 seconds
[2025-01-20T19:22:43.467+0000] {processor.py:186} INFO - Started process (PID=1448) to work on /home/airflow/.local/lib/python3.12/site-packages/airflow/example_dags/example_python_operator.py
[2025-01-20T19:22:43.468+0000] {processor.py:914} INFO - Processing file /home/airflow/.local/lib/python3.12/site-packages/airflow/example_dags/example_python_operator.py for tasks to queue
[2025-01-20T19:22:43.470+0000] {logging_mixin.py:190} INFO - [2025-01-20T19:22:43.470+0000] {dagbag.py:588} INFO - Filling up the DagBag from /home/airflow/.local/lib/python3.12/site-packages/airflow/example_dags/example_python_operator.py
[2025-01-20T19:22:43.483+0000] {processor.py:925} INFO - DAG(s) 'example_python_operator' retrieved from /home/airflow/.local/lib/python3.12/site-packages/airflow/example_dags/example_python_operator.py
[2025-01-20T19:22:43.505+0000] {logging_mixin.py:190} INFO - [2025-01-20T19:22:43.505+0000] {dag.py:3239} INFO - Sync 1 DAGs
[2025-01-20T19:22:43.519+0000] {logging_mixin.py:190} INFO - [2025-01-20T19:22:43.519+0000] {dag.py:4180} INFO - Setting next_dagrun for example_python_operator to None, run_after=None
[2025-01-20T19:22:43.535+0000] {processor.py:208} INFO - Processing /home/airflow/.local/lib/python3.12/site-packages/airflow/example_dags/example_python_operator.py took 0.074 seconds
[2025-01-20T19:23:14.704+0000] {processor.py:186} INFO - Started process (PID=1511) to work on /home/airflow/.local/lib/python3.12/site-packages/airflow/example_dags/example_python_operator.py
[2025-01-20T19:23:14.704+0000] {processor.py:914} INFO - Processing file /home/airflow/.local/lib/python3.12/site-packages/airflow/example_dags/example_python_operator.py for tasks to queue
[2025-01-20T19:23:14.707+0000] {logging_mixin.py:190} INFO - [2025-01-20T19:23:14.706+0000] {dagbag.py:588} INFO - Filling up the DagBag from /home/airflow/.local/lib/python3.12/site-packages/airflow/example_dags/example_python_operator.py
[2025-01-20T19:23:14.720+0000] {processor.py:925} INFO - DAG(s) 'example_python_operator' retrieved from /home/airflow/.local/lib/python3.12/site-packages/airflow/example_dags/example_python_operator.py
[2025-01-20T19:23:14.737+0000] {logging_mixin.py:190} INFO - [2025-01-20T19:23:14.737+0000] {dag.py:3239} INFO - Sync 1 DAGs
[2025-01-20T19:23:14.749+0000] {logging_mixin.py:190} INFO - [2025-01-20T19:23:14.749+0000] {dag.py:4180} INFO - Setting next_dagrun for example_python_operator to None, run_after=None
[2025-01-20T19:23:14.762+0000] {processor.py:208} INFO - Processing /home/airflow/.local/lib/python3.12/site-packages/airflow/example_dags/example_python_operator.py took 0.063 seconds
[2025-01-20T19:23:45.868+0000] {processor.py:186} INFO - Started process (PID=1574) to work on /home/airflow/.local/lib/python3.12/site-packages/airflow/example_dags/example_python_operator.py
[2025-01-20T19:23:45.869+0000] {processor.py:914} INFO - Processing file /home/airflow/.local/lib/python3.12/site-packages/airflow/example_dags/example_python_operator.py for tasks to queue
[2025-01-20T19:23:45.871+0000] {logging_mixin.py:190} INFO - [2025-01-20T19:23:45.871+0000] {dagbag.py:588} INFO - Filling up the DagBag from /home/airflow/.local/lib/python3.12/site-packages/airflow/example_dags/example_python_operator.py
[2025-01-20T19:23:45.884+0000] {processor.py:925} INFO - DAG(s) 'example_python_operator' retrieved from /home/airflow/.local/lib/python3.12/site-packages/airflow/example_dags/example_python_operator.py
[2025-01-20T19:23:45.908+0000] {logging_mixin.py:190} INFO - [2025-01-20T19:23:45.907+0000] {dag.py:3239} INFO - Sync 1 DAGs
[2025-01-20T19:23:45.925+0000] {logging_mixin.py:190} INFO - [2025-01-20T19:23:45.924+0000] {dag.py:4180} INFO - Setting next_dagrun for example_python_operator to None, run_after=None
[2025-01-20T19:23:45.945+0000] {processor.py:208} INFO - Processing /home/airflow/.local/lib/python3.12/site-packages/airflow/example_dags/example_python_operator.py took 0.084 seconds
[2025-01-20T19:24:17.210+0000] {processor.py:186} INFO - Started process (PID=1637) to work on /home/airflow/.local/lib/python3.12/site-packages/airflow/example_dags/example_python_operator.py
[2025-01-20T19:24:17.211+0000] {processor.py:914} INFO - Processing file /home/airflow/.local/lib/python3.12/site-packages/airflow/example_dags/example_python_operator.py for tasks to queue
[2025-01-20T19:24:17.212+0000] {logging_mixin.py:190} INFO - [2025-01-20T19:24:17.212+0000] {dagbag.py:588} INFO - Filling up the DagBag from /home/airflow/.local/lib/python3.12/site-packages/airflow/example_dags/example_python_operator.py
[2025-01-20T19:24:17.222+0000] {processor.py:925} INFO - DAG(s) 'example_python_operator' retrieved from /home/airflow/.local/lib/python3.12/site-packages/airflow/example_dags/example_python_operator.py
[2025-01-20T19:24:17.241+0000] {logging_mixin.py:190} INFO - [2025-01-20T19:24:17.240+0000] {dag.py:3239} INFO - Sync 1 DAGs
[2025-01-20T19:24:17.252+0000] {logging_mixin.py:190} INFO - [2025-01-20T19:24:17.252+0000] {dag.py:4180} INFO - Setting next_dagrun for example_python_operator to None, run_after=None
[2025-01-20T19:24:17.266+0000] {processor.py:208} INFO - Processing /home/airflow/.local/lib/python3.12/site-packages/airflow/example_dags/example_python_operator.py took 0.060 seconds
[2025-01-20T19:24:48.516+0000] {processor.py:186} INFO - Started process (PID=1700) to work on /home/airflow/.local/lib/python3.12/site-packages/airflow/example_dags/example_python_operator.py
[2025-01-20T19:24:48.517+0000] {processor.py:914} INFO - Processing file /home/airflow/.local/lib/python3.12/site-packages/airflow/example_dags/example_python_operator.py for tasks to queue
[2025-01-20T19:24:48.518+0000] {logging_mixin.py:190} INFO - [2025-01-20T19:24:48.518+0000] {dagbag.py:588} INFO - Filling up the DagBag from /home/airflow/.local/lib/python3.12/site-packages/airflow/example_dags/example_python_operator.py
[2025-01-20T19:24:48.528+0000] {processor.py:925} INFO - DAG(s) 'example_python_operator' retrieved from /home/airflow/.local/lib/python3.12/site-packages/airflow/example_dags/example_python_operator.py
[2025-01-20T19:24:48.544+0000] {logging_mixin.py:190} INFO - [2025-01-20T19:24:48.544+0000] {dag.py:3239} INFO - Sync 1 DAGs
[2025-01-20T19:24:48.555+0000] {logging_mixin.py:190} INFO - [2025-01-20T19:24:48.555+0000] {dag.py:4180} INFO - Setting next_dagrun for example_python_operator to None, run_after=None
[2025-01-20T19:24:48.568+0000] {processor.py:208} INFO - Processing /home/airflow/.local/lib/python3.12/site-packages/airflow/example_dags/example_python_operator.py took 0.056 seconds
[2025-01-20T19:25:19.148+0000] {processor.py:186} INFO - Started process (PID=1763) to work on /home/airflow/.local/lib/python3.12/site-packages/airflow/example_dags/example_python_operator.py
[2025-01-20T19:25:19.149+0000] {processor.py:914} INFO - Processing file /home/airflow/.local/lib/python3.12/site-packages/airflow/example_dags/example_python_operator.py for tasks to queue
[2025-01-20T19:25:19.150+0000] {logging_mixin.py:190} INFO - [2025-01-20T19:25:19.150+0000] {dagbag.py:588} INFO - Filling up the DagBag from /home/airflow/.local/lib/python3.12/site-packages/airflow/example_dags/example_python_operator.py
[2025-01-20T19:25:19.160+0000] {processor.py:925} INFO - DAG(s) 'example_python_operator' retrieved from /home/airflow/.local/lib/python3.12/site-packages/airflow/example_dags/example_python_operator.py
[2025-01-20T19:25:19.181+0000] {logging_mixin.py:190} INFO - [2025-01-20T19:25:19.180+0000] {dag.py:3239} INFO - Sync 1 DAGs
[2025-01-20T19:25:19.195+0000] {logging_mixin.py:190} INFO - [2025-01-20T19:25:19.195+0000] {dag.py:4180} INFO - Setting next_dagrun for example_python_operator to None, run_after=None
[2025-01-20T19:25:19.209+0000] {processor.py:208} INFO - Processing /home/airflow/.local/lib/python3.12/site-packages/airflow/example_dags/example_python_operator.py took 0.065 seconds
[2025-01-20T19:25:50.711+0000] {processor.py:186} INFO - Started process (PID=1826) to work on /home/airflow/.local/lib/python3.12/site-packages/airflow/example_dags/example_python_operator.py
[2025-01-20T19:25:50.712+0000] {processor.py:914} INFO - Processing file /home/airflow/.local/lib/python3.12/site-packages/airflow/example_dags/example_python_operator.py for tasks to queue
[2025-01-20T19:25:50.713+0000] {logging_mixin.py:190} INFO - [2025-01-20T19:25:50.713+0000] {dagbag.py:588} INFO - Filling up the DagBag from /home/airflow/.local/lib/python3.12/site-packages/airflow/example_dags/example_python_operator.py
[2025-01-20T19:25:50.723+0000] {processor.py:925} INFO - DAG(s) 'example_python_operator' retrieved from /home/airflow/.local/lib/python3.12/site-packages/airflow/example_dags/example_python_operator.py
[2025-01-20T19:25:50.743+0000] {logging_mixin.py:190} INFO - [2025-01-20T19:25:50.743+0000] {dag.py:3239} INFO - Sync 1 DAGs
[2025-01-20T19:25:50.758+0000] {logging_mixin.py:190} INFO - [2025-01-20T19:25:50.758+0000] {dag.py:4180} INFO - Setting next_dagrun for example_python_operator to None, run_after=None
[2025-01-20T19:25:50.773+0000] {processor.py:208} INFO - Processing /home/airflow/.local/lib/python3.12/site-packages/airflow/example_dags/example_python_operator.py took 0.065 seconds
[2025-01-20T19:26:22.380+0000] {processor.py:186} INFO - Started process (PID=1889) to work on /home/airflow/.local/lib/python3.12/site-packages/airflow/example_dags/example_python_operator.py
[2025-01-20T19:26:22.380+0000] {processor.py:914} INFO - Processing file /home/airflow/.local/lib/python3.12/site-packages/airflow/example_dags/example_python_operator.py for tasks to queue
[2025-01-20T19:26:22.382+0000] {logging_mixin.py:190} INFO - [2025-01-20T19:26:22.382+0000] {dagbag.py:588} INFO - Filling up the DagBag from /home/airflow/.local/lib/python3.12/site-packages/airflow/example_dags/example_python_operator.py
[2025-01-20T19:26:22.391+0000] {processor.py:925} INFO - DAG(s) 'example_python_operator' retrieved from /home/airflow/.local/lib/python3.12/site-packages/airflow/example_dags/example_python_operator.py
[2025-01-20T19:26:22.413+0000] {logging_mixin.py:190} INFO - [2025-01-20T19:26:22.412+0000] {dag.py:3239} INFO - Sync 1 DAGs
[2025-01-20T19:26:22.427+0000] {logging_mixin.py:190} INFO - [2025-01-20T19:26:22.427+0000] {dag.py:4180} INFO - Setting next_dagrun for example_python_operator to None, run_after=None
[2025-01-20T19:26:22.440+0000] {processor.py:208} INFO - Processing /home/airflow/.local/lib/python3.12/site-packages/airflow/example_dags/example_python_operator.py took 0.064 seconds
[2025-01-20T19:26:53.634+0000] {processor.py:186} INFO - Started process (PID=1953) to work on /home/airflow/.local/lib/python3.12/site-packages/airflow/example_dags/example_python_operator.py
[2025-01-20T19:26:53.635+0000] {processor.py:914} INFO - Processing file /home/airflow/.local/lib/python3.12/site-packages/airflow/example_dags/example_python_operator.py for tasks to queue
[2025-01-20T19:26:53.637+0000] {logging_mixin.py:190} INFO - [2025-01-20T19:26:53.637+0000] {dagbag.py:588} INFO - Filling up the DagBag from /home/airflow/.local/lib/python3.12/site-packages/airflow/example_dags/example_python_operator.py
[2025-01-20T19:26:53.652+0000] {processor.py:925} INFO - DAG(s) 'example_python_operator' retrieved from /home/airflow/.local/lib/python3.12/site-packages/airflow/example_dags/example_python_operator.py
[2025-01-20T19:26:53.684+0000] {logging_mixin.py:190} INFO - [2025-01-20T19:26:53.684+0000] {dag.py:3239} INFO - Sync 1 DAGs
[2025-01-20T19:26:53.701+0000] {logging_mixin.py:190} INFO - [2025-01-20T19:26:53.701+0000] {dag.py:4180} INFO - Setting next_dagrun for example_python_operator to None, run_after=None
[2025-01-20T19:26:53.728+0000] {processor.py:208} INFO - Processing /home/airflow/.local/lib/python3.12/site-packages/airflow/example_dags/example_python_operator.py took 0.116 seconds
[2025-01-20T19:27:25.129+0000] {processor.py:186} INFO - Started process (PID=2018) to work on /home/airflow/.local/lib/python3.12/site-packages/airflow/example_dags/example_python_operator.py
[2025-01-20T19:27:25.129+0000] {processor.py:914} INFO - Processing file /home/airflow/.local/lib/python3.12/site-packages/airflow/example_dags/example_python_operator.py for tasks to queue
[2025-01-20T19:27:25.131+0000] {logging_mixin.py:190} INFO - [2025-01-20T19:27:25.131+0000] {dagbag.py:588} INFO - Filling up the DagBag from /home/airflow/.local/lib/python3.12/site-packages/airflow/example_dags/example_python_operator.py
[2025-01-20T19:27:25.142+0000] {processor.py:925} INFO - DAG(s) 'example_python_operator' retrieved from /home/airflow/.local/lib/python3.12/site-packages/airflow/example_dags/example_python_operator.py
[2025-01-20T19:27:25.167+0000] {logging_mixin.py:190} INFO - [2025-01-20T19:27:25.167+0000] {dag.py:3239} INFO - Sync 1 DAGs
[2025-01-20T19:27:25.183+0000] {logging_mixin.py:190} INFO - [2025-01-20T19:27:25.182+0000] {dag.py:4180} INFO - Setting next_dagrun for example_python_operator to None, run_after=None
[2025-01-20T19:27:25.199+0000] {processor.py:208} INFO - Processing /home/airflow/.local/lib/python3.12/site-packages/airflow/example_dags/example_python_operator.py took 0.075 seconds
[2025-01-20T19:27:56.847+0000] {processor.py:186} INFO - Started process (PID=2085) to work on /home/airflow/.local/lib/python3.12/site-packages/airflow/example_dags/example_python_operator.py
[2025-01-20T19:27:56.848+0000] {processor.py:914} INFO - Processing file /home/airflow/.local/lib/python3.12/site-packages/airflow/example_dags/example_python_operator.py for tasks to queue
[2025-01-20T19:27:56.850+0000] {logging_mixin.py:190} INFO - [2025-01-20T19:27:56.850+0000] {dagbag.py:588} INFO - Filling up the DagBag from /home/airflow/.local/lib/python3.12/site-packages/airflow/example_dags/example_python_operator.py
[2025-01-20T19:27:56.863+0000] {processor.py:925} INFO - DAG(s) 'example_python_operator' retrieved from /home/airflow/.local/lib/python3.12/site-packages/airflow/example_dags/example_python_operator.py
[2025-01-20T19:27:56.888+0000] {logging_mixin.py:190} INFO - [2025-01-20T19:27:56.888+0000] {dag.py:3239} INFO - Sync 1 DAGs
[2025-01-20T19:27:56.904+0000] {logging_mixin.py:190} INFO - [2025-01-20T19:27:56.903+0000] {dag.py:4180} INFO - Setting next_dagrun for example_python_operator to None, run_after=None
[2025-01-20T19:27:56.921+0000] {processor.py:208} INFO - Processing /home/airflow/.local/lib/python3.12/site-packages/airflow/example_dags/example_python_operator.py took 0.079 seconds
[2025-01-20T19:28:28.116+0000] {processor.py:186} INFO - Started process (PID=2149) to work on /home/airflow/.local/lib/python3.12/site-packages/airflow/example_dags/example_python_operator.py
[2025-01-20T19:28:28.116+0000] {processor.py:914} INFO - Processing file /home/airflow/.local/lib/python3.12/site-packages/airflow/example_dags/example_python_operator.py for tasks to queue
[2025-01-20T19:28:28.118+0000] {logging_mixin.py:190} INFO - [2025-01-20T19:28:28.118+0000] {dagbag.py:588} INFO - Filling up the DagBag from /home/airflow/.local/lib/python3.12/site-packages/airflow/example_dags/example_python_operator.py
[2025-01-20T19:28:28.127+0000] {processor.py:925} INFO - DAG(s) 'example_python_operator' retrieved from /home/airflow/.local/lib/python3.12/site-packages/airflow/example_dags/example_python_operator.py
[2025-01-20T19:28:28.144+0000] {logging_mixin.py:190} INFO - [2025-01-20T19:28:28.144+0000] {dag.py:3239} INFO - Sync 1 DAGs
[2025-01-20T19:28:28.155+0000] {logging_mixin.py:190} INFO - [2025-01-20T19:28:28.155+0000] {dag.py:4180} INFO - Setting next_dagrun for example_python_operator to None, run_after=None
[2025-01-20T19:28:28.167+0000] {processor.py:208} INFO - Processing /home/airflow/.local/lib/python3.12/site-packages/airflow/example_dags/example_python_operator.py took 0.056 seconds
[2025-01-20T19:28:59.401+0000] {processor.py:186} INFO - Started process (PID=2214) to work on /home/airflow/.local/lib/python3.12/site-packages/airflow/example_dags/example_python_operator.py
[2025-01-20T19:28:59.402+0000] {processor.py:914} INFO - Processing file /home/airflow/.local/lib/python3.12/site-packages/airflow/example_dags/example_python_operator.py for tasks to queue
[2025-01-20T19:28:59.404+0000] {logging_mixin.py:190} INFO - [2025-01-20T19:28:59.403+0000] {dagbag.py:588} INFO - Filling up the DagBag from /home/airflow/.local/lib/python3.12/site-packages/airflow/example_dags/example_python_operator.py
[2025-01-20T19:28:59.413+0000] {processor.py:925} INFO - DAG(s) 'example_python_operator' retrieved from /home/airflow/.local/lib/python3.12/site-packages/airflow/example_dags/example_python_operator.py
[2025-01-20T19:28:59.431+0000] {logging_mixin.py:190} INFO - [2025-01-20T19:28:59.431+0000] {dag.py:3239} INFO - Sync 1 DAGs
[2025-01-20T19:28:59.444+0000] {logging_mixin.py:190} INFO - [2025-01-20T19:28:59.444+0000] {dag.py:4180} INFO - Setting next_dagrun for example_python_operator to None, run_after=None
[2025-01-20T19:28:59.456+0000] {processor.py:208} INFO - Processing /home/airflow/.local/lib/python3.12/site-packages/airflow/example_dags/example_python_operator.py took 0.059 seconds
[2025-01-20T19:29:31.197+0000] {processor.py:186} INFO - Started process (PID=2285) to work on /home/airflow/.local/lib/python3.12/site-packages/airflow/example_dags/example_python_operator.py
[2025-01-20T19:29:31.198+0000] {processor.py:914} INFO - Processing file /home/airflow/.local/lib/python3.12/site-packages/airflow/example_dags/example_python_operator.py for tasks to queue
[2025-01-20T19:29:31.199+0000] {logging_mixin.py:190} INFO - [2025-01-20T19:29:31.199+0000] {dagbag.py:588} INFO - Filling up the DagBag from /home/airflow/.local/lib/python3.12/site-packages/airflow/example_dags/example_python_operator.py
[2025-01-20T19:29:31.209+0000] {processor.py:925} INFO - DAG(s) 'example_python_operator' retrieved from /home/airflow/.local/lib/python3.12/site-packages/airflow/example_dags/example_python_operator.py
[2025-01-20T19:29:31.229+0000] {logging_mixin.py:190} INFO - [2025-01-20T19:29:31.228+0000] {dag.py:3239} INFO - Sync 1 DAGs
[2025-01-20T19:29:31.242+0000] {logging_mixin.py:190} INFO - [2025-01-20T19:29:31.242+0000] {dag.py:4180} INFO - Setting next_dagrun for example_python_operator to None, run_after=None
[2025-01-20T19:29:31.255+0000] {processor.py:208} INFO - Processing /home/airflow/.local/lib/python3.12/site-packages/airflow/example_dags/example_python_operator.py took 0.062 seconds
[2025-01-20T19:30:02.184+0000] {processor.py:186} INFO - Started process (PID=2349) to work on /home/airflow/.local/lib/python3.12/site-packages/airflow/example_dags/example_python_operator.py
[2025-01-20T19:30:02.185+0000] {processor.py:914} INFO - Processing file /home/airflow/.local/lib/python3.12/site-packages/airflow/example_dags/example_python_operator.py for tasks to queue
[2025-01-20T19:30:02.187+0000] {logging_mixin.py:190} INFO - [2025-01-20T19:30:02.187+0000] {dagbag.py:588} INFO - Filling up the DagBag from /home/airflow/.local/lib/python3.12/site-packages/airflow/example_dags/example_python_operator.py
[2025-01-20T19:30:02.200+0000] {processor.py:925} INFO - DAG(s) 'example_python_operator' retrieved from /home/airflow/.local/lib/python3.12/site-packages/airflow/example_dags/example_python_operator.py
[2025-01-20T19:30:02.220+0000] {logging_mixin.py:190} INFO - [2025-01-20T19:30:02.220+0000] {dag.py:3239} INFO - Sync 1 DAGs
[2025-01-20T19:30:02.233+0000] {logging_mixin.py:190} INFO - [2025-01-20T19:30:02.233+0000] {dag.py:4180} INFO - Setting next_dagrun for example_python_operator to None, run_after=None
[2025-01-20T19:30:02.247+0000] {processor.py:208} INFO - Processing /home/airflow/.local/lib/python3.12/site-packages/airflow/example_dags/example_python_operator.py took 0.068 seconds
