[2025-01-20T19:11:41.249+0000] {processor.py:186} INFO - Started process (PID=68) to work on /home/airflow/.local/lib/python3.12/site-packages/airflow/example_dags/example_bash_decorator.py
[2025-01-20T19:11:41.250+0000] {processor.py:914} INFO - Processing file /home/airflow/.local/lib/python3.12/site-packages/airflow/example_dags/example_bash_decorator.py for tasks to queue
[2025-01-20T19:11:41.252+0000] {logging_mixin.py:190} INFO - [2025-01-20T19:11:41.252+0000] {dagbag.py:588} INFO - Filling up the DagBag from /home/airflow/.local/lib/python3.12/site-packages/airflow/example_dags/example_bash_decorator.py
[2025-01-20T19:11:41.293+0000] {processor.py:925} INFO - DAG(s) 'example_bash_decorator' retrieved from /home/airflow/.local/lib/python3.12/site-packages/airflow/example_dags/example_bash_decorator.py
[2025-01-20T19:11:41.601+0000] {logging_mixin.py:190} INFO - [2025-01-20T19:11:41.600+0000] {override.py:1911} INFO - Created Permission View: can edit on DAG:example_bash_decorator
[2025-01-20T19:11:41.620+0000] {logging_mixin.py:190} INFO - [2025-01-20T19:11:41.620+0000] {override.py:1911} INFO - Created Permission View: can delete on DAG:example_bash_decorator
[2025-01-20T19:11:41.631+0000] {logging_mixin.py:190} INFO - [2025-01-20T19:11:41.631+0000] {override.py:1911} INFO - Created Permission View: can read on DAG:example_bash_decorator
[2025-01-20T19:11:41.641+0000] {logging_mixin.py:190} INFO - [2025-01-20T19:11:41.640+0000] {override.py:1911} INFO - Created Permission View: can create on DAG Run:example_bash_decorator
[2025-01-20T19:11:41.651+0000] {logging_mixin.py:190} INFO - [2025-01-20T19:11:41.651+0000] {override.py:1911} INFO - Created Permission View: can delete on DAG Run:example_bash_decorator
[2025-01-20T19:11:41.673+0000] {logging_mixin.py:190} INFO - [2025-01-20T19:11:41.673+0000] {override.py:1911} INFO - Created Permission View: menu access on DAG Run:example_bash_decorator
[2025-01-20T19:11:41.689+0000] {logging_mixin.py:190} INFO - [2025-01-20T19:11:41.689+0000] {override.py:1911} INFO - Created Permission View: can read on DAG Run:example_bash_decorator
[2025-01-20T19:11:41.693+0000] {logging_mixin.py:190} INFO - [2025-01-20T19:11:41.693+0000] {dag.py:3239} INFO - Sync 1 DAGs
[2025-01-20T19:11:41.717+0000] {logging_mixin.py:190} INFO - [2025-01-20T19:11:41.716+0000] {dag.py:3262} INFO - Creating ORM DAG for example_bash_decorator
[2025-01-20T19:11:41.718+0000] {logging_mixin.py:190} INFO - [2025-01-20T19:11:41.718+0000] {dag.py:4180} INFO - Setting next_dagrun for example_bash_decorator to None, run_after=None
[2025-01-20T19:11:41.739+0000] {processor.py:208} INFO - Processing /home/airflow/.local/lib/python3.12/site-packages/airflow/example_dags/example_bash_decorator.py took 0.504 seconds
[2025-01-20T19:12:12.190+0000] {processor.py:186} INFO - Started process (PID=136) to work on /home/airflow/.local/lib/python3.12/site-packages/airflow/example_dags/example_bash_decorator.py
[2025-01-20T19:12:12.191+0000] {processor.py:914} INFO - Processing file /home/airflow/.local/lib/python3.12/site-packages/airflow/example_dags/example_bash_decorator.py for tasks to queue
[2025-01-20T19:12:12.193+0000] {logging_mixin.py:190} INFO - [2025-01-20T19:12:12.192+0000] {dagbag.py:588} INFO - Filling up the DagBag from /home/airflow/.local/lib/python3.12/site-packages/airflow/example_dags/example_bash_decorator.py
[2025-01-20T19:12:12.205+0000] {processor.py:925} INFO - DAG(s) 'example_bash_decorator' retrieved from /home/airflow/.local/lib/python3.12/site-packages/airflow/example_dags/example_bash_decorator.py
[2025-01-20T19:12:12.222+0000] {logging_mixin.py:190} INFO - [2025-01-20T19:12:12.222+0000] {dag.py:3239} INFO - Sync 1 DAGs
[2025-01-20T19:12:12.232+0000] {logging_mixin.py:190} INFO - [2025-01-20T19:12:12.232+0000] {dag.py:4180} INFO - Setting next_dagrun for example_bash_decorator to None, run_after=None
[2025-01-20T19:12:12.244+0000] {processor.py:208} INFO - Processing /home/airflow/.local/lib/python3.12/site-packages/airflow/example_dags/example_bash_decorator.py took 0.060 seconds
[2025-01-20T19:12:42.593+0000] {processor.py:186} INFO - Started process (PID=199) to work on /home/airflow/.local/lib/python3.12/site-packages/airflow/example_dags/example_bash_decorator.py
[2025-01-20T19:12:42.593+0000] {processor.py:914} INFO - Processing file /home/airflow/.local/lib/python3.12/site-packages/airflow/example_dags/example_bash_decorator.py for tasks to queue
[2025-01-20T19:12:42.595+0000] {logging_mixin.py:190} INFO - [2025-01-20T19:12:42.595+0000] {dagbag.py:588} INFO - Filling up the DagBag from /home/airflow/.local/lib/python3.12/site-packages/airflow/example_dags/example_bash_decorator.py
[2025-01-20T19:12:42.610+0000] {processor.py:925} INFO - DAG(s) 'example_bash_decorator' retrieved from /home/airflow/.local/lib/python3.12/site-packages/airflow/example_dags/example_bash_decorator.py
[2025-01-20T19:12:42.629+0000] {logging_mixin.py:190} INFO - [2025-01-20T19:12:42.629+0000] {dag.py:3239} INFO - Sync 1 DAGs
[2025-01-20T19:12:42.641+0000] {logging_mixin.py:190} INFO - [2025-01-20T19:12:42.641+0000] {dag.py:4180} INFO - Setting next_dagrun for example_bash_decorator to None, run_after=None
[2025-01-20T19:12:42.653+0000] {processor.py:208} INFO - Processing /home/airflow/.local/lib/python3.12/site-packages/airflow/example_dags/example_bash_decorator.py took 0.067 seconds
[2025-01-20T19:13:13.391+0000] {processor.py:186} INFO - Started process (PID=262) to work on /home/airflow/.local/lib/python3.12/site-packages/airflow/example_dags/example_bash_decorator.py
[2025-01-20T19:13:13.391+0000] {processor.py:914} INFO - Processing file /home/airflow/.local/lib/python3.12/site-packages/airflow/example_dags/example_bash_decorator.py for tasks to queue
[2025-01-20T19:13:13.393+0000] {logging_mixin.py:190} INFO - [2025-01-20T19:13:13.393+0000] {dagbag.py:588} INFO - Filling up the DagBag from /home/airflow/.local/lib/python3.12/site-packages/airflow/example_dags/example_bash_decorator.py
[2025-01-20T19:13:13.407+0000] {processor.py:925} INFO - DAG(s) 'example_bash_decorator' retrieved from /home/airflow/.local/lib/python3.12/site-packages/airflow/example_dags/example_bash_decorator.py
[2025-01-20T19:13:13.427+0000] {logging_mixin.py:190} INFO - [2025-01-20T19:13:13.427+0000] {dag.py:3239} INFO - Sync 1 DAGs
[2025-01-20T19:13:13.441+0000] {logging_mixin.py:190} INFO - [2025-01-20T19:13:13.440+0000] {dag.py:4180} INFO - Setting next_dagrun for example_bash_decorator to None, run_after=None
[2025-01-20T19:13:13.455+0000] {processor.py:208} INFO - Processing /home/airflow/.local/lib/python3.12/site-packages/airflow/example_dags/example_bash_decorator.py took 0.069 seconds
[2025-01-20T19:13:43.796+0000] {processor.py:186} INFO - Started process (PID=325) to work on /home/airflow/.local/lib/python3.12/site-packages/airflow/example_dags/example_bash_decorator.py
[2025-01-20T19:13:43.797+0000] {processor.py:914} INFO - Processing file /home/airflow/.local/lib/python3.12/site-packages/airflow/example_dags/example_bash_decorator.py for tasks to queue
[2025-01-20T19:13:43.799+0000] {logging_mixin.py:190} INFO - [2025-01-20T19:13:43.799+0000] {dagbag.py:588} INFO - Filling up the DagBag from /home/airflow/.local/lib/python3.12/site-packages/airflow/example_dags/example_bash_decorator.py
[2025-01-20T19:13:43.816+0000] {processor.py:925} INFO - DAG(s) 'example_bash_decorator' retrieved from /home/airflow/.local/lib/python3.12/site-packages/airflow/example_dags/example_bash_decorator.py
[2025-01-20T19:13:43.838+0000] {logging_mixin.py:190} INFO - [2025-01-20T19:13:43.838+0000] {dag.py:3239} INFO - Sync 1 DAGs
[2025-01-20T19:13:43.853+0000] {logging_mixin.py:190} INFO - [2025-01-20T19:13:43.853+0000] {dag.py:4180} INFO - Setting next_dagrun for example_bash_decorator to None, run_after=None
[2025-01-20T19:13:43.868+0000] {processor.py:208} INFO - Processing /home/airflow/.local/lib/python3.12/site-packages/airflow/example_dags/example_bash_decorator.py took 0.078 seconds
[2025-01-20T19:14:14.602+0000] {processor.py:186} INFO - Started process (PID=388) to work on /home/airflow/.local/lib/python3.12/site-packages/airflow/example_dags/example_bash_decorator.py
[2025-01-20T19:14:14.602+0000] {processor.py:914} INFO - Processing file /home/airflow/.local/lib/python3.12/site-packages/airflow/example_dags/example_bash_decorator.py for tasks to queue
[2025-01-20T19:14:14.604+0000] {logging_mixin.py:190} INFO - [2025-01-20T19:14:14.603+0000] {dagbag.py:588} INFO - Filling up the DagBag from /home/airflow/.local/lib/python3.12/site-packages/airflow/example_dags/example_bash_decorator.py
[2025-01-20T19:14:14.618+0000] {processor.py:925} INFO - DAG(s) 'example_bash_decorator' retrieved from /home/airflow/.local/lib/python3.12/site-packages/airflow/example_dags/example_bash_decorator.py
[2025-01-20T19:14:14.643+0000] {logging_mixin.py:190} INFO - [2025-01-20T19:14:14.643+0000] {dag.py:3239} INFO - Sync 1 DAGs
[2025-01-20T19:14:14.658+0000] {logging_mixin.py:190} INFO - [2025-01-20T19:14:14.658+0000] {dag.py:4180} INFO - Setting next_dagrun for example_bash_decorator to None, run_after=None
[2025-01-20T19:14:14.674+0000] {processor.py:208} INFO - Processing /home/airflow/.local/lib/python3.12/site-packages/airflow/example_dags/example_bash_decorator.py took 0.077 seconds
[2025-01-20T19:14:44.753+0000] {processor.py:186} INFO - Started process (PID=451) to work on /home/airflow/.local/lib/python3.12/site-packages/airflow/example_dags/example_bash_decorator.py
[2025-01-20T19:14:44.754+0000] {processor.py:914} INFO - Processing file /home/airflow/.local/lib/python3.12/site-packages/airflow/example_dags/example_bash_decorator.py for tasks to queue
[2025-01-20T19:14:44.755+0000] {logging_mixin.py:190} INFO - [2025-01-20T19:14:44.755+0000] {dagbag.py:588} INFO - Filling up the DagBag from /home/airflow/.local/lib/python3.12/site-packages/airflow/example_dags/example_bash_decorator.py
[2025-01-20T19:14:44.769+0000] {processor.py:925} INFO - DAG(s) 'example_bash_decorator' retrieved from /home/airflow/.local/lib/python3.12/site-packages/airflow/example_dags/example_bash_decorator.py
[2025-01-20T19:14:44.788+0000] {logging_mixin.py:190} INFO - [2025-01-20T19:14:44.787+0000] {dag.py:3239} INFO - Sync 1 DAGs
[2025-01-20T19:14:44.798+0000] {logging_mixin.py:190} INFO - [2025-01-20T19:14:44.798+0000] {dag.py:4180} INFO - Setting next_dagrun for example_bash_decorator to None, run_after=None
[2025-01-20T19:14:44.810+0000] {processor.py:208} INFO - Processing /home/airflow/.local/lib/python3.12/site-packages/airflow/example_dags/example_bash_decorator.py took 0.062 seconds
[2025-01-20T19:15:15.103+0000] {processor.py:186} INFO - Started process (PID=515) to work on /home/airflow/.local/lib/python3.12/site-packages/airflow/example_dags/example_bash_decorator.py
[2025-01-20T19:15:15.103+0000] {processor.py:914} INFO - Processing file /home/airflow/.local/lib/python3.12/site-packages/airflow/example_dags/example_bash_decorator.py for tasks to queue
[2025-01-20T19:15:15.105+0000] {logging_mixin.py:190} INFO - [2025-01-20T19:15:15.104+0000] {dagbag.py:588} INFO - Filling up the DagBag from /home/airflow/.local/lib/python3.12/site-packages/airflow/example_dags/example_bash_decorator.py
[2025-01-20T19:15:15.119+0000] {processor.py:925} INFO - DAG(s) 'example_bash_decorator' retrieved from /home/airflow/.local/lib/python3.12/site-packages/airflow/example_dags/example_bash_decorator.py
[2025-01-20T19:15:15.141+0000] {logging_mixin.py:190} INFO - [2025-01-20T19:15:15.140+0000] {dag.py:3239} INFO - Sync 1 DAGs
[2025-01-20T19:15:15.155+0000] {logging_mixin.py:190} INFO - [2025-01-20T19:15:15.155+0000] {dag.py:4180} INFO - Setting next_dagrun for example_bash_decorator to None, run_after=None
[2025-01-20T19:15:15.168+0000] {processor.py:208} INFO - Processing /home/airflow/.local/lib/python3.12/site-packages/airflow/example_dags/example_bash_decorator.py took 0.069 seconds
[2025-01-20T19:15:45.437+0000] {processor.py:186} INFO - Started process (PID=578) to work on /home/airflow/.local/lib/python3.12/site-packages/airflow/example_dags/example_bash_decorator.py
[2025-01-20T19:15:45.438+0000] {processor.py:914} INFO - Processing file /home/airflow/.local/lib/python3.12/site-packages/airflow/example_dags/example_bash_decorator.py for tasks to queue
[2025-01-20T19:15:45.439+0000] {logging_mixin.py:190} INFO - [2025-01-20T19:15:45.439+0000] {dagbag.py:588} INFO - Filling up the DagBag from /home/airflow/.local/lib/python3.12/site-packages/airflow/example_dags/example_bash_decorator.py
[2025-01-20T19:15:45.453+0000] {processor.py:925} INFO - DAG(s) 'example_bash_decorator' retrieved from /home/airflow/.local/lib/python3.12/site-packages/airflow/example_dags/example_bash_decorator.py
[2025-01-20T19:15:45.473+0000] {logging_mixin.py:190} INFO - [2025-01-20T19:15:45.473+0000] {dag.py:3239} INFO - Sync 1 DAGs
[2025-01-20T19:15:45.485+0000] {logging_mixin.py:190} INFO - [2025-01-20T19:15:45.484+0000] {dag.py:4180} INFO - Setting next_dagrun for example_bash_decorator to None, run_after=None
[2025-01-20T19:15:45.497+0000] {processor.py:208} INFO - Processing /home/airflow/.local/lib/python3.12/site-packages/airflow/example_dags/example_bash_decorator.py took 0.064 seconds
[2025-01-20T19:16:16.007+0000] {processor.py:186} INFO - Started process (PID=642) to work on /home/airflow/.local/lib/python3.12/site-packages/airflow/example_dags/example_bash_decorator.py
[2025-01-20T19:16:16.007+0000] {processor.py:914} INFO - Processing file /home/airflow/.local/lib/python3.12/site-packages/airflow/example_dags/example_bash_decorator.py for tasks to queue
[2025-01-20T19:16:16.010+0000] {logging_mixin.py:190} INFO - [2025-01-20T19:16:16.009+0000] {dagbag.py:588} INFO - Filling up the DagBag from /home/airflow/.local/lib/python3.12/site-packages/airflow/example_dags/example_bash_decorator.py
[2025-01-20T19:16:16.028+0000] {processor.py:925} INFO - DAG(s) 'example_bash_decorator' retrieved from /home/airflow/.local/lib/python3.12/site-packages/airflow/example_dags/example_bash_decorator.py
[2025-01-20T19:16:16.067+0000] {logging_mixin.py:190} INFO - [2025-01-20T19:16:16.067+0000] {dag.py:3239} INFO - Sync 1 DAGs
[2025-01-20T19:16:16.090+0000] {logging_mixin.py:190} INFO - [2025-01-20T19:16:16.090+0000] {dag.py:4180} INFO - Setting next_dagrun for example_bash_decorator to None, run_after=None
[2025-01-20T19:16:16.116+0000] {processor.py:208} INFO - Processing /home/airflow/.local/lib/python3.12/site-packages/airflow/example_dags/example_bash_decorator.py took 0.118 seconds
[2025-01-20T19:16:46.398+0000] {processor.py:186} INFO - Started process (PID=705) to work on /home/airflow/.local/lib/python3.12/site-packages/airflow/example_dags/example_bash_decorator.py
[2025-01-20T19:16:46.399+0000] {processor.py:914} INFO - Processing file /home/airflow/.local/lib/python3.12/site-packages/airflow/example_dags/example_bash_decorator.py for tasks to queue
[2025-01-20T19:16:46.400+0000] {logging_mixin.py:190} INFO - [2025-01-20T19:16:46.400+0000] {dagbag.py:588} INFO - Filling up the DagBag from /home/airflow/.local/lib/python3.12/site-packages/airflow/example_dags/example_bash_decorator.py
[2025-01-20T19:16:46.414+0000] {processor.py:925} INFO - DAG(s) 'example_bash_decorator' retrieved from /home/airflow/.local/lib/python3.12/site-packages/airflow/example_dags/example_bash_decorator.py
[2025-01-20T19:16:46.434+0000] {logging_mixin.py:190} INFO - [2025-01-20T19:16:46.433+0000] {dag.py:3239} INFO - Sync 1 DAGs
[2025-01-20T19:16:46.448+0000] {logging_mixin.py:190} INFO - [2025-01-20T19:16:46.447+0000] {dag.py:4180} INFO - Setting next_dagrun for example_bash_decorator to None, run_after=None
[2025-01-20T19:16:46.462+0000] {processor.py:208} INFO - Processing /home/airflow/.local/lib/python3.12/site-packages/airflow/example_dags/example_bash_decorator.py took 0.069 seconds
[2025-01-20T19:17:17.454+0000] {processor.py:186} INFO - Started process (PID=768) to work on /home/airflow/.local/lib/python3.12/site-packages/airflow/example_dags/example_bash_decorator.py
[2025-01-20T19:17:17.454+0000] {processor.py:914} INFO - Processing file /home/airflow/.local/lib/python3.12/site-packages/airflow/example_dags/example_bash_decorator.py for tasks to queue
[2025-01-20T19:17:17.456+0000] {logging_mixin.py:190} INFO - [2025-01-20T19:17:17.456+0000] {dagbag.py:588} INFO - Filling up the DagBag from /home/airflow/.local/lib/python3.12/site-packages/airflow/example_dags/example_bash_decorator.py
[2025-01-20T19:17:17.468+0000] {processor.py:925} INFO - DAG(s) 'example_bash_decorator' retrieved from /home/airflow/.local/lib/python3.12/site-packages/airflow/example_dags/example_bash_decorator.py
[2025-01-20T19:17:17.488+0000] {logging_mixin.py:190} INFO - [2025-01-20T19:17:17.488+0000] {dag.py:3239} INFO - Sync 1 DAGs
[2025-01-20T19:17:17.502+0000] {logging_mixin.py:190} INFO - [2025-01-20T19:17:17.502+0000] {dag.py:4180} INFO - Setting next_dagrun for example_bash_decorator to None, run_after=None
[2025-01-20T19:17:17.516+0000] {processor.py:208} INFO - Processing /home/airflow/.local/lib/python3.12/site-packages/airflow/example_dags/example_bash_decorator.py took 0.068 seconds
[2025-01-20T19:17:47.596+0000] {processor.py:186} INFO - Started process (PID=831) to work on /home/airflow/.local/lib/python3.12/site-packages/airflow/example_dags/example_bash_decorator.py
[2025-01-20T19:17:47.597+0000] {processor.py:914} INFO - Processing file /home/airflow/.local/lib/python3.12/site-packages/airflow/example_dags/example_bash_decorator.py for tasks to queue
[2025-01-20T19:17:47.599+0000] {logging_mixin.py:190} INFO - [2025-01-20T19:17:47.599+0000] {dagbag.py:588} INFO - Filling up the DagBag from /home/airflow/.local/lib/python3.12/site-packages/airflow/example_dags/example_bash_decorator.py
[2025-01-20T19:17:47.610+0000] {processor.py:925} INFO - DAG(s) 'example_bash_decorator' retrieved from /home/airflow/.local/lib/python3.12/site-packages/airflow/example_dags/example_bash_decorator.py
[2025-01-20T19:17:47.627+0000] {logging_mixin.py:190} INFO - [2025-01-20T19:17:47.627+0000] {dag.py:3239} INFO - Sync 1 DAGs
[2025-01-20T19:17:47.638+0000] {logging_mixin.py:190} INFO - [2025-01-20T19:17:47.638+0000] {dag.py:4180} INFO - Setting next_dagrun for example_bash_decorator to None, run_after=None
[2025-01-20T19:17:47.652+0000] {processor.py:208} INFO - Processing /home/airflow/.local/lib/python3.12/site-packages/airflow/example_dags/example_bash_decorator.py took 0.061 seconds
[2025-01-20T19:18:17.755+0000] {processor.py:186} INFO - Started process (PID=894) to work on /home/airflow/.local/lib/python3.12/site-packages/airflow/example_dags/example_bash_decorator.py
[2025-01-20T19:18:17.756+0000] {processor.py:914} INFO - Processing file /home/airflow/.local/lib/python3.12/site-packages/airflow/example_dags/example_bash_decorator.py for tasks to queue
[2025-01-20T19:18:17.758+0000] {logging_mixin.py:190} INFO - [2025-01-20T19:18:17.757+0000] {dagbag.py:588} INFO - Filling up the DagBag from /home/airflow/.local/lib/python3.12/site-packages/airflow/example_dags/example_bash_decorator.py
[2025-01-20T19:18:17.772+0000] {processor.py:925} INFO - DAG(s) 'example_bash_decorator' retrieved from /home/airflow/.local/lib/python3.12/site-packages/airflow/example_dags/example_bash_decorator.py
[2025-01-20T19:18:17.793+0000] {logging_mixin.py:190} INFO - [2025-01-20T19:18:17.793+0000] {dag.py:3239} INFO - Sync 1 DAGs
[2025-01-20T19:18:17.806+0000] {logging_mixin.py:190} INFO - [2025-01-20T19:18:17.806+0000] {dag.py:4180} INFO - Setting next_dagrun for example_bash_decorator to None, run_after=None
[2025-01-20T19:18:17.820+0000] {processor.py:208} INFO - Processing /home/airflow/.local/lib/python3.12/site-packages/airflow/example_dags/example_bash_decorator.py took 0.069 seconds
[2025-01-20T19:18:48.741+0000] {processor.py:186} INFO - Started process (PID=957) to work on /home/airflow/.local/lib/python3.12/site-packages/airflow/example_dags/example_bash_decorator.py
[2025-01-20T19:18:48.741+0000] {processor.py:914} INFO - Processing file /home/airflow/.local/lib/python3.12/site-packages/airflow/example_dags/example_bash_decorator.py for tasks to queue
[2025-01-20T19:18:48.743+0000] {logging_mixin.py:190} INFO - [2025-01-20T19:18:48.743+0000] {dagbag.py:588} INFO - Filling up the DagBag from /home/airflow/.local/lib/python3.12/site-packages/airflow/example_dags/example_bash_decorator.py
[2025-01-20T19:18:48.754+0000] {processor.py:925} INFO - DAG(s) 'example_bash_decorator' retrieved from /home/airflow/.local/lib/python3.12/site-packages/airflow/example_dags/example_bash_decorator.py
[2025-01-20T19:18:48.773+0000] {logging_mixin.py:190} INFO - [2025-01-20T19:18:48.773+0000] {dag.py:3239} INFO - Sync 1 DAGs
[2025-01-20T19:18:48.785+0000] {logging_mixin.py:190} INFO - [2025-01-20T19:18:48.785+0000] {dag.py:4180} INFO - Setting next_dagrun for example_bash_decorator to None, run_after=None
[2025-01-20T19:18:48.798+0000] {processor.py:208} INFO - Processing /home/airflow/.local/lib/python3.12/site-packages/airflow/example_dags/example_bash_decorator.py took 0.061 seconds
[2025-01-20T19:19:19.710+0000] {processor.py:186} INFO - Started process (PID=1020) to work on /home/airflow/.local/lib/python3.12/site-packages/airflow/example_dags/example_bash_decorator.py
[2025-01-20T19:19:19.711+0000] {processor.py:914} INFO - Processing file /home/airflow/.local/lib/python3.12/site-packages/airflow/example_dags/example_bash_decorator.py for tasks to queue
[2025-01-20T19:19:19.712+0000] {logging_mixin.py:190} INFO - [2025-01-20T19:19:19.712+0000] {dagbag.py:588} INFO - Filling up the DagBag from /home/airflow/.local/lib/python3.12/site-packages/airflow/example_dags/example_bash_decorator.py
[2025-01-20T19:19:19.725+0000] {processor.py:925} INFO - DAG(s) 'example_bash_decorator' retrieved from /home/airflow/.local/lib/python3.12/site-packages/airflow/example_dags/example_bash_decorator.py
[2025-01-20T19:19:19.741+0000] {logging_mixin.py:190} INFO - [2025-01-20T19:19:19.741+0000] {dag.py:3239} INFO - Sync 1 DAGs
[2025-01-20T19:19:19.751+0000] {logging_mixin.py:190} INFO - [2025-01-20T19:19:19.751+0000] {dag.py:4180} INFO - Setting next_dagrun for example_bash_decorator to None, run_after=None
[2025-01-20T19:19:19.764+0000] {processor.py:208} INFO - Processing /home/airflow/.local/lib/python3.12/site-packages/airflow/example_dags/example_bash_decorator.py took 0.058 seconds
[2025-01-20T19:19:49.871+0000] {processor.py:186} INFO - Started process (PID=1083) to work on /home/airflow/.local/lib/python3.12/site-packages/airflow/example_dags/example_bash_decorator.py
[2025-01-20T19:19:49.872+0000] {processor.py:914} INFO - Processing file /home/airflow/.local/lib/python3.12/site-packages/airflow/example_dags/example_bash_decorator.py for tasks to queue
[2025-01-20T19:19:49.874+0000] {logging_mixin.py:190} INFO - [2025-01-20T19:19:49.874+0000] {dagbag.py:588} INFO - Filling up the DagBag from /home/airflow/.local/lib/python3.12/site-packages/airflow/example_dags/example_bash_decorator.py
[2025-01-20T19:19:49.890+0000] {processor.py:925} INFO - DAG(s) 'example_bash_decorator' retrieved from /home/airflow/.local/lib/python3.12/site-packages/airflow/example_dags/example_bash_decorator.py
[2025-01-20T19:19:49.916+0000] {logging_mixin.py:190} INFO - [2025-01-20T19:19:49.916+0000] {dag.py:3239} INFO - Sync 1 DAGs
[2025-01-20T19:19:49.932+0000] {logging_mixin.py:190} INFO - [2025-01-20T19:19:49.932+0000] {dag.py:4180} INFO - Setting next_dagrun for example_bash_decorator to None, run_after=None
[2025-01-20T19:19:49.949+0000] {processor.py:208} INFO - Processing /home/airflow/.local/lib/python3.12/site-packages/airflow/example_dags/example_bash_decorator.py took 0.083 seconds
[2025-01-20T19:20:20.830+0000] {processor.py:186} INFO - Started process (PID=1146) to work on /home/airflow/.local/lib/python3.12/site-packages/airflow/example_dags/example_bash_decorator.py
[2025-01-20T19:20:20.831+0000] {processor.py:914} INFO - Processing file /home/airflow/.local/lib/python3.12/site-packages/airflow/example_dags/example_bash_decorator.py for tasks to queue
[2025-01-20T19:20:20.833+0000] {logging_mixin.py:190} INFO - [2025-01-20T19:20:20.833+0000] {dagbag.py:588} INFO - Filling up the DagBag from /home/airflow/.local/lib/python3.12/site-packages/airflow/example_dags/example_bash_decorator.py
[2025-01-20T19:20:20.850+0000] {processor.py:925} INFO - DAG(s) 'example_bash_decorator' retrieved from /home/airflow/.local/lib/python3.12/site-packages/airflow/example_dags/example_bash_decorator.py
[2025-01-20T19:20:20.875+0000] {logging_mixin.py:190} INFO - [2025-01-20T19:20:20.875+0000] {dag.py:3239} INFO - Sync 1 DAGs
[2025-01-20T19:20:20.903+0000] {logging_mixin.py:190} INFO - [2025-01-20T19:20:20.902+0000] {dag.py:4180} INFO - Setting next_dagrun for example_bash_decorator to None, run_after=None
[2025-01-20T19:20:20.916+0000] {processor.py:208} INFO - Processing /home/airflow/.local/lib/python3.12/site-packages/airflow/example_dags/example_bash_decorator.py took 0.091 seconds
[2025-01-20T19:20:51.127+0000] {processor.py:186} INFO - Started process (PID=1209) to work on /home/airflow/.local/lib/python3.12/site-packages/airflow/example_dags/example_bash_decorator.py
[2025-01-20T19:20:51.127+0000] {processor.py:914} INFO - Processing file /home/airflow/.local/lib/python3.12/site-packages/airflow/example_dags/example_bash_decorator.py for tasks to queue
[2025-01-20T19:20:51.129+0000] {logging_mixin.py:190} INFO - [2025-01-20T19:20:51.129+0000] {dagbag.py:588} INFO - Filling up the DagBag from /home/airflow/.local/lib/python3.12/site-packages/airflow/example_dags/example_bash_decorator.py
[2025-01-20T19:20:51.142+0000] {processor.py:925} INFO - DAG(s) 'example_bash_decorator' retrieved from /home/airflow/.local/lib/python3.12/site-packages/airflow/example_dags/example_bash_decorator.py
[2025-01-20T19:20:51.158+0000] {logging_mixin.py:190} INFO - [2025-01-20T19:20:51.158+0000] {dag.py:3239} INFO - Sync 1 DAGs
[2025-01-20T19:20:51.171+0000] {logging_mixin.py:190} INFO - [2025-01-20T19:20:51.171+0000] {dag.py:4180} INFO - Setting next_dagrun for example_bash_decorator to None, run_after=None
[2025-01-20T19:20:51.186+0000] {processor.py:208} INFO - Processing /home/airflow/.local/lib/python3.12/site-packages/airflow/example_dags/example_bash_decorator.py took 0.065 seconds
[2025-01-20T19:21:21.361+0000] {processor.py:186} INFO - Started process (PID=1272) to work on /home/airflow/.local/lib/python3.12/site-packages/airflow/example_dags/example_bash_decorator.py
[2025-01-20T19:21:21.362+0000] {processor.py:914} INFO - Processing file /home/airflow/.local/lib/python3.12/site-packages/airflow/example_dags/example_bash_decorator.py for tasks to queue
[2025-01-20T19:21:21.363+0000] {logging_mixin.py:190} INFO - [2025-01-20T19:21:21.363+0000] {dagbag.py:588} INFO - Filling up the DagBag from /home/airflow/.local/lib/python3.12/site-packages/airflow/example_dags/example_bash_decorator.py
[2025-01-20T19:21:21.375+0000] {processor.py:925} INFO - DAG(s) 'example_bash_decorator' retrieved from /home/airflow/.local/lib/python3.12/site-packages/airflow/example_dags/example_bash_decorator.py
[2025-01-20T19:21:21.391+0000] {logging_mixin.py:190} INFO - [2025-01-20T19:21:21.391+0000] {dag.py:3239} INFO - Sync 1 DAGs
[2025-01-20T19:21:21.404+0000] {logging_mixin.py:190} INFO - [2025-01-20T19:21:21.404+0000] {dag.py:4180} INFO - Setting next_dagrun for example_bash_decorator to None, run_after=None
[2025-01-20T19:21:21.416+0000] {processor.py:208} INFO - Processing /home/airflow/.local/lib/python3.12/site-packages/airflow/example_dags/example_bash_decorator.py took 0.059 seconds
[2025-01-20T19:21:51.789+0000] {processor.py:186} INFO - Started process (PID=1335) to work on /home/airflow/.local/lib/python3.12/site-packages/airflow/example_dags/example_bash_decorator.py
[2025-01-20T19:21:51.790+0000] {processor.py:914} INFO - Processing file /home/airflow/.local/lib/python3.12/site-packages/airflow/example_dags/example_bash_decorator.py for tasks to queue
[2025-01-20T19:21:51.791+0000] {logging_mixin.py:190} INFO - [2025-01-20T19:21:51.791+0000] {dagbag.py:588} INFO - Filling up the DagBag from /home/airflow/.local/lib/python3.12/site-packages/airflow/example_dags/example_bash_decorator.py
[2025-01-20T19:21:51.803+0000] {processor.py:925} INFO - DAG(s) 'example_bash_decorator' retrieved from /home/airflow/.local/lib/python3.12/site-packages/airflow/example_dags/example_bash_decorator.py
[2025-01-20T19:21:51.819+0000] {logging_mixin.py:190} INFO - [2025-01-20T19:21:51.819+0000] {dag.py:3239} INFO - Sync 1 DAGs
[2025-01-20T19:21:51.830+0000] {logging_mixin.py:190} INFO - [2025-01-20T19:21:51.829+0000] {dag.py:4180} INFO - Setting next_dagrun for example_bash_decorator to None, run_after=None
[2025-01-20T19:21:51.843+0000] {processor.py:208} INFO - Processing /home/airflow/.local/lib/python3.12/site-packages/airflow/example_dags/example_bash_decorator.py took 0.058 seconds
[2025-01-20T19:22:21.974+0000] {processor.py:186} INFO - Started process (PID=1398) to work on /home/airflow/.local/lib/python3.12/site-packages/airflow/example_dags/example_bash_decorator.py
[2025-01-20T19:22:21.975+0000] {processor.py:914} INFO - Processing file /home/airflow/.local/lib/python3.12/site-packages/airflow/example_dags/example_bash_decorator.py for tasks to queue
[2025-01-20T19:22:21.977+0000] {logging_mixin.py:190} INFO - [2025-01-20T19:22:21.976+0000] {dagbag.py:588} INFO - Filling up the DagBag from /home/airflow/.local/lib/python3.12/site-packages/airflow/example_dags/example_bash_decorator.py
[2025-01-20T19:22:21.988+0000] {processor.py:925} INFO - DAG(s) 'example_bash_decorator' retrieved from /home/airflow/.local/lib/python3.12/site-packages/airflow/example_dags/example_bash_decorator.py
[2025-01-20T19:22:22.006+0000] {logging_mixin.py:190} INFO - [2025-01-20T19:22:22.005+0000] {dag.py:3239} INFO - Sync 1 DAGs
[2025-01-20T19:22:22.017+0000] {logging_mixin.py:190} INFO - [2025-01-20T19:22:22.017+0000] {dag.py:4180} INFO - Setting next_dagrun for example_bash_decorator to None, run_after=None
[2025-01-20T19:22:22.030+0000] {processor.py:208} INFO - Processing /home/airflow/.local/lib/python3.12/site-packages/airflow/example_dags/example_bash_decorator.py took 0.061 seconds
[2025-01-20T19:22:52.094+0000] {processor.py:186} INFO - Started process (PID=1461) to work on /home/airflow/.local/lib/python3.12/site-packages/airflow/example_dags/example_bash_decorator.py
[2025-01-20T19:22:52.094+0000] {processor.py:914} INFO - Processing file /home/airflow/.local/lib/python3.12/site-packages/airflow/example_dags/example_bash_decorator.py for tasks to queue
[2025-01-20T19:22:52.096+0000] {logging_mixin.py:190} INFO - [2025-01-20T19:22:52.095+0000] {dagbag.py:588} INFO - Filling up the DagBag from /home/airflow/.local/lib/python3.12/site-packages/airflow/example_dags/example_bash_decorator.py
[2025-01-20T19:22:52.110+0000] {processor.py:925} INFO - DAG(s) 'example_bash_decorator' retrieved from /home/airflow/.local/lib/python3.12/site-packages/airflow/example_dags/example_bash_decorator.py
[2025-01-20T19:22:52.128+0000] {logging_mixin.py:190} INFO - [2025-01-20T19:22:52.128+0000] {dag.py:3239} INFO - Sync 1 DAGs
[2025-01-20T19:22:52.139+0000] {logging_mixin.py:190} INFO - [2025-01-20T19:22:52.139+0000] {dag.py:4180} INFO - Setting next_dagrun for example_bash_decorator to None, run_after=None
[2025-01-20T19:22:52.151+0000] {processor.py:208} INFO - Processing /home/airflow/.local/lib/python3.12/site-packages/airflow/example_dags/example_bash_decorator.py took 0.062 seconds
[2025-01-20T19:23:22.318+0000] {processor.py:186} INFO - Started process (PID=1524) to work on /home/airflow/.local/lib/python3.12/site-packages/airflow/example_dags/example_bash_decorator.py
[2025-01-20T19:23:22.319+0000] {processor.py:914} INFO - Processing file /home/airflow/.local/lib/python3.12/site-packages/airflow/example_dags/example_bash_decorator.py for tasks to queue
[2025-01-20T19:23:22.320+0000] {logging_mixin.py:190} INFO - [2025-01-20T19:23:22.320+0000] {dagbag.py:588} INFO - Filling up the DagBag from /home/airflow/.local/lib/python3.12/site-packages/airflow/example_dags/example_bash_decorator.py
[2025-01-20T19:23:22.333+0000] {processor.py:925} INFO - DAG(s) 'example_bash_decorator' retrieved from /home/airflow/.local/lib/python3.12/site-packages/airflow/example_dags/example_bash_decorator.py
[2025-01-20T19:23:22.351+0000] {logging_mixin.py:190} INFO - [2025-01-20T19:23:22.351+0000] {dag.py:3239} INFO - Sync 1 DAGs
[2025-01-20T19:23:22.361+0000] {logging_mixin.py:190} INFO - [2025-01-20T19:23:22.361+0000] {dag.py:4180} INFO - Setting next_dagrun for example_bash_decorator to None, run_after=None
[2025-01-20T19:23:22.373+0000] {processor.py:208} INFO - Processing /home/airflow/.local/lib/python3.12/site-packages/airflow/example_dags/example_bash_decorator.py took 0.059 seconds
