[2025-01-20T19:11:50.744+0000] {processor.py:186} INFO - Started process (PID=113) to work on /home/airflow/.local/lib/python3.12/site-packages/airflow/example_dags/example_setup_teardown.py
[2025-01-20T19:11:50.745+0000] {processor.py:914} INFO - Processing file /home/airflow/.local/lib/python3.12/site-packages/airflow/example_dags/example_setup_teardown.py for tasks to queue
[2025-01-20T19:11:50.747+0000] {logging_mixin.py:190} INFO - [2025-01-20T19:11:50.747+0000] {dagbag.py:588} INFO - Filling up the DagBag from /home/airflow/.local/lib/python3.12/site-packages/airflow/example_dags/example_setup_teardown.py
[2025-01-20T19:11:50.756+0000] {processor.py:925} INFO - DAG(s) 'example_setup_teardown' retrieved from /home/airflow/.local/lib/python3.12/site-packages/airflow/example_dags/example_setup_teardown.py
[2025-01-20T19:11:50.859+0000] {logging_mixin.py:190} INFO - [2025-01-20T19:11:50.858+0000] {override.py:1911} INFO - Created Permission View: can edit on DAG:example_setup_teardown
[2025-01-20T19:11:50.867+0000] {logging_mixin.py:190} INFO - [2025-01-20T19:11:50.867+0000] {override.py:1911} INFO - Created Permission View: can delete on DAG:example_setup_teardown
[2025-01-20T19:11:50.873+0000] {logging_mixin.py:190} INFO - [2025-01-20T19:11:50.872+0000] {override.py:1911} INFO - Created Permission View: can read on DAG:example_setup_teardown
[2025-01-20T19:11:50.878+0000] {logging_mixin.py:190} INFO - [2025-01-20T19:11:50.878+0000] {override.py:1911} INFO - Created Permission View: can create on DAG Run:example_setup_teardown
[2025-01-20T19:11:50.884+0000] {logging_mixin.py:190} INFO - [2025-01-20T19:11:50.884+0000] {override.py:1911} INFO - Created Permission View: can delete on DAG Run:example_setup_teardown
[2025-01-20T19:11:50.889+0000] {logging_mixin.py:190} INFO - [2025-01-20T19:11:50.889+0000] {override.py:1911} INFO - Created Permission View: menu access on DAG Run:example_setup_teardown
[2025-01-20T19:11:50.895+0000] {logging_mixin.py:190} INFO - [2025-01-20T19:11:50.895+0000] {override.py:1911} INFO - Created Permission View: can read on DAG Run:example_setup_teardown
[2025-01-20T19:11:50.895+0000] {logging_mixin.py:190} INFO - [2025-01-20T19:11:50.895+0000] {dag.py:3239} INFO - Sync 1 DAGs
[2025-01-20T19:11:50.910+0000] {logging_mixin.py:190} INFO - [2025-01-20T19:11:50.909+0000] {dag.py:3262} INFO - Creating ORM DAG for example_setup_teardown
[2025-01-20T19:11:50.910+0000] {logging_mixin.py:190} INFO - [2025-01-20T19:11:50.910+0000] {dag.py:4180} INFO - Setting next_dagrun for example_setup_teardown to None, run_after=None
[2025-01-20T19:11:50.926+0000] {processor.py:208} INFO - Processing /home/airflow/.local/lib/python3.12/site-packages/airflow/example_dags/example_setup_teardown.py took 0.188 seconds
[2025-01-20T19:12:20.987+0000] {processor.py:186} INFO - Started process (PID=176) to work on /home/airflow/.local/lib/python3.12/site-packages/airflow/example_dags/example_setup_teardown.py
[2025-01-20T19:12:20.988+0000] {processor.py:914} INFO - Processing file /home/airflow/.local/lib/python3.12/site-packages/airflow/example_dags/example_setup_teardown.py for tasks to queue
[2025-01-20T19:12:20.990+0000] {logging_mixin.py:190} INFO - [2025-01-20T19:12:20.989+0000] {dagbag.py:588} INFO - Filling up the DagBag from /home/airflow/.local/lib/python3.12/site-packages/airflow/example_dags/example_setup_teardown.py
[2025-01-20T19:12:20.996+0000] {processor.py:925} INFO - DAG(s) 'example_setup_teardown' retrieved from /home/airflow/.local/lib/python3.12/site-packages/airflow/example_dags/example_setup_teardown.py
[2025-01-20T19:12:21.016+0000] {logging_mixin.py:190} INFO - [2025-01-20T19:12:21.016+0000] {dag.py:3239} INFO - Sync 1 DAGs
[2025-01-20T19:12:21.033+0000] {logging_mixin.py:190} INFO - [2025-01-20T19:12:21.032+0000] {dag.py:4180} INFO - Setting next_dagrun for example_setup_teardown to None, run_after=None
[2025-01-20T19:12:21.048+0000] {processor.py:208} INFO - Processing /home/airflow/.local/lib/python3.12/site-packages/airflow/example_dags/example_setup_teardown.py took 0.067 seconds
[2025-01-20T19:12:51.731+0000] {processor.py:186} INFO - Started process (PID=239) to work on /home/airflow/.local/lib/python3.12/site-packages/airflow/example_dags/example_setup_teardown.py
[2025-01-20T19:12:51.732+0000] {processor.py:914} INFO - Processing file /home/airflow/.local/lib/python3.12/site-packages/airflow/example_dags/example_setup_teardown.py for tasks to queue
[2025-01-20T19:12:51.734+0000] {logging_mixin.py:190} INFO - [2025-01-20T19:12:51.733+0000] {dagbag.py:588} INFO - Filling up the DagBag from /home/airflow/.local/lib/python3.12/site-packages/airflow/example_dags/example_setup_teardown.py
[2025-01-20T19:12:51.740+0000] {processor.py:925} INFO - DAG(s) 'example_setup_teardown' retrieved from /home/airflow/.local/lib/python3.12/site-packages/airflow/example_dags/example_setup_teardown.py
[2025-01-20T19:12:51.755+0000] {logging_mixin.py:190} INFO - [2025-01-20T19:12:51.754+0000] {dag.py:3239} INFO - Sync 1 DAGs
[2025-01-20T19:12:51.765+0000] {logging_mixin.py:190} INFO - [2025-01-20T19:12:51.765+0000] {dag.py:4180} INFO - Setting next_dagrun for example_setup_teardown to None, run_after=None
[2025-01-20T19:12:51.777+0000] {processor.py:208} INFO - Processing /home/airflow/.local/lib/python3.12/site-packages/airflow/example_dags/example_setup_teardown.py took 0.050 seconds
[2025-01-20T19:13:22.133+0000] {processor.py:186} INFO - Started process (PID=302) to work on /home/airflow/.local/lib/python3.12/site-packages/airflow/example_dags/example_setup_teardown.py
[2025-01-20T19:13:22.133+0000] {processor.py:914} INFO - Processing file /home/airflow/.local/lib/python3.12/site-packages/airflow/example_dags/example_setup_teardown.py for tasks to queue
[2025-01-20T19:13:22.136+0000] {logging_mixin.py:190} INFO - [2025-01-20T19:13:22.135+0000] {dagbag.py:588} INFO - Filling up the DagBag from /home/airflow/.local/lib/python3.12/site-packages/airflow/example_dags/example_setup_teardown.py
[2025-01-20T19:13:22.145+0000] {processor.py:925} INFO - DAG(s) 'example_setup_teardown' retrieved from /home/airflow/.local/lib/python3.12/site-packages/airflow/example_dags/example_setup_teardown.py
[2025-01-20T19:13:22.165+0000] {logging_mixin.py:190} INFO - [2025-01-20T19:13:22.165+0000] {dag.py:3239} INFO - Sync 1 DAGs
[2025-01-20T19:13:22.180+0000] {logging_mixin.py:190} INFO - [2025-01-20T19:13:22.180+0000] {dag.py:4180} INFO - Setting next_dagrun for example_setup_teardown to None, run_after=None
[2025-01-20T19:13:22.195+0000] {processor.py:208} INFO - Processing /home/airflow/.local/lib/python3.12/site-packages/airflow/example_dags/example_setup_teardown.py took 0.069 seconds
[2025-01-20T19:13:52.872+0000] {processor.py:186} INFO - Started process (PID=365) to work on /home/airflow/.local/lib/python3.12/site-packages/airflow/example_dags/example_setup_teardown.py
[2025-01-20T19:13:52.872+0000] {processor.py:914} INFO - Processing file /home/airflow/.local/lib/python3.12/site-packages/airflow/example_dags/example_setup_teardown.py for tasks to queue
[2025-01-20T19:13:52.874+0000] {logging_mixin.py:190} INFO - [2025-01-20T19:13:52.874+0000] {dagbag.py:588} INFO - Filling up the DagBag from /home/airflow/.local/lib/python3.12/site-packages/airflow/example_dags/example_setup_teardown.py
[2025-01-20T19:13:52.883+0000] {processor.py:925} INFO - DAG(s) 'example_setup_teardown' retrieved from /home/airflow/.local/lib/python3.12/site-packages/airflow/example_dags/example_setup_teardown.py
[2025-01-20T19:13:52.903+0000] {logging_mixin.py:190} INFO - [2025-01-20T19:13:52.903+0000] {dag.py:3239} INFO - Sync 1 DAGs
[2025-01-20T19:13:52.915+0000] {logging_mixin.py:190} INFO - [2025-01-20T19:13:52.915+0000] {dag.py:4180} INFO - Setting next_dagrun for example_setup_teardown to None, run_after=None
[2025-01-20T19:13:52.927+0000] {processor.py:208} INFO - Processing /home/airflow/.local/lib/python3.12/site-packages/airflow/example_dags/example_setup_teardown.py took 0.062 seconds
[2025-01-20T19:14:23.374+0000] {processor.py:186} INFO - Started process (PID=427) to work on /home/airflow/.local/lib/python3.12/site-packages/airflow/example_dags/example_setup_teardown.py
[2025-01-20T19:14:23.375+0000] {processor.py:914} INFO - Processing file /home/airflow/.local/lib/python3.12/site-packages/airflow/example_dags/example_setup_teardown.py for tasks to queue
[2025-01-20T19:14:23.377+0000] {logging_mixin.py:190} INFO - [2025-01-20T19:14:23.376+0000] {dagbag.py:588} INFO - Filling up the DagBag from /home/airflow/.local/lib/python3.12/site-packages/airflow/example_dags/example_setup_teardown.py
[2025-01-20T19:14:23.383+0000] {processor.py:925} INFO - DAG(s) 'example_setup_teardown' retrieved from /home/airflow/.local/lib/python3.12/site-packages/airflow/example_dags/example_setup_teardown.py
[2025-01-20T19:14:23.399+0000] {logging_mixin.py:190} INFO - [2025-01-20T19:14:23.398+0000] {dag.py:3239} INFO - Sync 1 DAGs
[2025-01-20T19:14:23.410+0000] {logging_mixin.py:190} INFO - [2025-01-20T19:14:23.409+0000] {dag.py:4180} INFO - Setting next_dagrun for example_setup_teardown to None, run_after=None
[2025-01-20T19:14:23.422+0000] {processor.py:208} INFO - Processing /home/airflow/.local/lib/python3.12/site-packages/airflow/example_dags/example_setup_teardown.py took 0.052 seconds
[2025-01-20T19:14:53.682+0000] {processor.py:186} INFO - Started process (PID=489) to work on /home/airflow/.local/lib/python3.12/site-packages/airflow/example_dags/example_setup_teardown.py
[2025-01-20T19:14:53.683+0000] {processor.py:914} INFO - Processing file /home/airflow/.local/lib/python3.12/site-packages/airflow/example_dags/example_setup_teardown.py for tasks to queue
[2025-01-20T19:14:53.684+0000] {logging_mixin.py:190} INFO - [2025-01-20T19:14:53.684+0000] {dagbag.py:588} INFO - Filling up the DagBag from /home/airflow/.local/lib/python3.12/site-packages/airflow/example_dags/example_setup_teardown.py
[2025-01-20T19:14:53.691+0000] {processor.py:925} INFO - DAG(s) 'example_setup_teardown' retrieved from /home/airflow/.local/lib/python3.12/site-packages/airflow/example_dags/example_setup_teardown.py
[2025-01-20T19:14:53.706+0000] {logging_mixin.py:190} INFO - [2025-01-20T19:14:53.705+0000] {dag.py:3239} INFO - Sync 1 DAGs
[2025-01-20T19:14:53.716+0000] {logging_mixin.py:190} INFO - [2025-01-20T19:14:53.716+0000] {dag.py:4180} INFO - Setting next_dagrun for example_setup_teardown to None, run_after=None
[2025-01-20T19:14:53.728+0000] {processor.py:208} INFO - Processing /home/airflow/.local/lib/python3.12/site-packages/airflow/example_dags/example_setup_teardown.py took 0.050 seconds
[2025-01-20T19:15:24.220+0000] {processor.py:186} INFO - Started process (PID=553) to work on /home/airflow/.local/lib/python3.12/site-packages/airflow/example_dags/example_setup_teardown.py
[2025-01-20T19:15:24.221+0000] {processor.py:914} INFO - Processing file /home/airflow/.local/lib/python3.12/site-packages/airflow/example_dags/example_setup_teardown.py for tasks to queue
[2025-01-20T19:15:24.223+0000] {logging_mixin.py:190} INFO - [2025-01-20T19:15:24.223+0000] {dagbag.py:588} INFO - Filling up the DagBag from /home/airflow/.local/lib/python3.12/site-packages/airflow/example_dags/example_setup_teardown.py
[2025-01-20T19:15:24.230+0000] {processor.py:925} INFO - DAG(s) 'example_setup_teardown' retrieved from /home/airflow/.local/lib/python3.12/site-packages/airflow/example_dags/example_setup_teardown.py
[2025-01-20T19:15:24.253+0000] {logging_mixin.py:190} INFO - [2025-01-20T19:15:24.253+0000] {dag.py:3239} INFO - Sync 1 DAGs
[2025-01-20T19:15:24.266+0000] {logging_mixin.py:190} INFO - [2025-01-20T19:15:24.266+0000] {dag.py:4180} INFO - Setting next_dagrun for example_setup_teardown to None, run_after=None
[2025-01-20T19:15:24.279+0000] {processor.py:208} INFO - Processing /home/airflow/.local/lib/python3.12/site-packages/airflow/example_dags/example_setup_teardown.py took 0.065 seconds
[2025-01-20T19:15:55.224+0000] {processor.py:186} INFO - Started process (PID=616) to work on /home/airflow/.local/lib/python3.12/site-packages/airflow/example_dags/example_setup_teardown.py
[2025-01-20T19:15:55.225+0000] {processor.py:914} INFO - Processing file /home/airflow/.local/lib/python3.12/site-packages/airflow/example_dags/example_setup_teardown.py for tasks to queue
[2025-01-20T19:15:55.226+0000] {logging_mixin.py:190} INFO - [2025-01-20T19:15:55.226+0000] {dagbag.py:588} INFO - Filling up the DagBag from /home/airflow/.local/lib/python3.12/site-packages/airflow/example_dags/example_setup_teardown.py
[2025-01-20T19:15:55.233+0000] {processor.py:925} INFO - DAG(s) 'example_setup_teardown' retrieved from /home/airflow/.local/lib/python3.12/site-packages/airflow/example_dags/example_setup_teardown.py
[2025-01-20T19:15:55.249+0000] {logging_mixin.py:190} INFO - [2025-01-20T19:15:55.248+0000] {dag.py:3239} INFO - Sync 1 DAGs
[2025-01-20T19:15:55.261+0000] {logging_mixin.py:190} INFO - [2025-01-20T19:15:55.261+0000] {dag.py:4180} INFO - Setting next_dagrun for example_setup_teardown to None, run_after=None
[2025-01-20T19:15:55.274+0000] {processor.py:208} INFO - Processing /home/airflow/.local/lib/python3.12/site-packages/airflow/example_dags/example_setup_teardown.py took 0.054 seconds
[2025-01-20T19:16:25.835+0000] {processor.py:186} INFO - Started process (PID=680) to work on /home/airflow/.local/lib/python3.12/site-packages/airflow/example_dags/example_setup_teardown.py
[2025-01-20T19:16:25.836+0000] {processor.py:914} INFO - Processing file /home/airflow/.local/lib/python3.12/site-packages/airflow/example_dags/example_setup_teardown.py for tasks to queue
[2025-01-20T19:16:25.837+0000] {logging_mixin.py:190} INFO - [2025-01-20T19:16:25.837+0000] {dagbag.py:588} INFO - Filling up the DagBag from /home/airflow/.local/lib/python3.12/site-packages/airflow/example_dags/example_setup_teardown.py
[2025-01-20T19:16:25.844+0000] {processor.py:925} INFO - DAG(s) 'example_setup_teardown' retrieved from /home/airflow/.local/lib/python3.12/site-packages/airflow/example_dags/example_setup_teardown.py
[2025-01-20T19:16:25.858+0000] {logging_mixin.py:190} INFO - [2025-01-20T19:16:25.858+0000] {dag.py:3239} INFO - Sync 1 DAGs
[2025-01-20T19:16:25.870+0000] {logging_mixin.py:190} INFO - [2025-01-20T19:16:25.869+0000] {dag.py:4180} INFO - Setting next_dagrun for example_setup_teardown to None, run_after=None
[2025-01-20T19:16:25.881+0000] {processor.py:208} INFO - Processing /home/airflow/.local/lib/python3.12/site-packages/airflow/example_dags/example_setup_teardown.py took 0.050 seconds
[2025-01-20T19:16:57.043+0000] {processor.py:186} INFO - Started process (PID=743) to work on /home/airflow/.local/lib/python3.12/site-packages/airflow/example_dags/example_setup_teardown.py
[2025-01-20T19:16:57.044+0000] {processor.py:914} INFO - Processing file /home/airflow/.local/lib/python3.12/site-packages/airflow/example_dags/example_setup_teardown.py for tasks to queue
[2025-01-20T19:16:57.045+0000] {logging_mixin.py:190} INFO - [2025-01-20T19:16:57.045+0000] {dagbag.py:588} INFO - Filling up the DagBag from /home/airflow/.local/lib/python3.12/site-packages/airflow/example_dags/example_setup_teardown.py
[2025-01-20T19:16:57.052+0000] {processor.py:925} INFO - DAG(s) 'example_setup_teardown' retrieved from /home/airflow/.local/lib/python3.12/site-packages/airflow/example_dags/example_setup_teardown.py
[2025-01-20T19:16:57.067+0000] {logging_mixin.py:190} INFO - [2025-01-20T19:16:57.066+0000] {dag.py:3239} INFO - Sync 1 DAGs
[2025-01-20T19:16:57.077+0000] {logging_mixin.py:190} INFO - [2025-01-20T19:16:57.077+0000] {dag.py:4180} INFO - Setting next_dagrun for example_setup_teardown to None, run_after=None
[2025-01-20T19:16:57.090+0000] {processor.py:208} INFO - Processing /home/airflow/.local/lib/python3.12/site-packages/airflow/example_dags/example_setup_teardown.py took 0.051 seconds
[2025-01-20T19:17:28.175+0000] {processor.py:186} INFO - Started process (PID=806) to work on /home/airflow/.local/lib/python3.12/site-packages/airflow/example_dags/example_setup_teardown.py
[2025-01-20T19:17:28.176+0000] {processor.py:914} INFO - Processing file /home/airflow/.local/lib/python3.12/site-packages/airflow/example_dags/example_setup_teardown.py for tasks to queue
[2025-01-20T19:17:28.177+0000] {logging_mixin.py:190} INFO - [2025-01-20T19:17:28.177+0000] {dagbag.py:588} INFO - Filling up the DagBag from /home/airflow/.local/lib/python3.12/site-packages/airflow/example_dags/example_setup_teardown.py
[2025-01-20T19:17:28.184+0000] {processor.py:925} INFO - DAG(s) 'example_setup_teardown' retrieved from /home/airflow/.local/lib/python3.12/site-packages/airflow/example_dags/example_setup_teardown.py
[2025-01-20T19:17:28.202+0000] {logging_mixin.py:190} INFO - [2025-01-20T19:17:28.202+0000] {dag.py:3239} INFO - Sync 1 DAGs
[2025-01-20T19:17:28.215+0000] {logging_mixin.py:190} INFO - [2025-01-20T19:17:28.215+0000] {dag.py:4180} INFO - Setting next_dagrun for example_setup_teardown to None, run_after=None
[2025-01-20T19:17:28.230+0000] {processor.py:208} INFO - Processing /home/airflow/.local/lib/python3.12/site-packages/airflow/example_dags/example_setup_teardown.py took 0.059 seconds
[2025-01-20T19:17:59.314+0000] {processor.py:186} INFO - Started process (PID=869) to work on /home/airflow/.local/lib/python3.12/site-packages/airflow/example_dags/example_setup_teardown.py
[2025-01-20T19:17:59.315+0000] {processor.py:914} INFO - Processing file /home/airflow/.local/lib/python3.12/site-packages/airflow/example_dags/example_setup_teardown.py for tasks to queue
[2025-01-20T19:17:59.316+0000] {logging_mixin.py:190} INFO - [2025-01-20T19:17:59.316+0000] {dagbag.py:588} INFO - Filling up the DagBag from /home/airflow/.local/lib/python3.12/site-packages/airflow/example_dags/example_setup_teardown.py
[2025-01-20T19:17:59.323+0000] {processor.py:925} INFO - DAG(s) 'example_setup_teardown' retrieved from /home/airflow/.local/lib/python3.12/site-packages/airflow/example_dags/example_setup_teardown.py
[2025-01-20T19:17:59.337+0000] {logging_mixin.py:190} INFO - [2025-01-20T19:17:59.337+0000] {dag.py:3239} INFO - Sync 1 DAGs
[2025-01-20T19:17:59.349+0000] {logging_mixin.py:190} INFO - [2025-01-20T19:17:59.348+0000] {dag.py:4180} INFO - Setting next_dagrun for example_setup_teardown to None, run_after=None
[2025-01-20T19:17:59.362+0000] {processor.py:208} INFO - Processing /home/airflow/.local/lib/python3.12/site-packages/airflow/example_dags/example_setup_teardown.py took 0.052 seconds
[2025-01-20T19:18:30.452+0000] {processor.py:186} INFO - Started process (PID=932) to work on /home/airflow/.local/lib/python3.12/site-packages/airflow/example_dags/example_setup_teardown.py
[2025-01-20T19:18:30.453+0000] {processor.py:914} INFO - Processing file /home/airflow/.local/lib/python3.12/site-packages/airflow/example_dags/example_setup_teardown.py for tasks to queue
[2025-01-20T19:18:30.454+0000] {logging_mixin.py:190} INFO - [2025-01-20T19:18:30.454+0000] {dagbag.py:588} INFO - Filling up the DagBag from /home/airflow/.local/lib/python3.12/site-packages/airflow/example_dags/example_setup_teardown.py
[2025-01-20T19:18:30.461+0000] {processor.py:925} INFO - DAG(s) 'example_setup_teardown' retrieved from /home/airflow/.local/lib/python3.12/site-packages/airflow/example_dags/example_setup_teardown.py
[2025-01-20T19:18:30.480+0000] {logging_mixin.py:190} INFO - [2025-01-20T19:18:30.480+0000] {dag.py:3239} INFO - Sync 1 DAGs
[2025-01-20T19:18:30.493+0000] {logging_mixin.py:190} INFO - [2025-01-20T19:18:30.493+0000] {dag.py:4180} INFO - Setting next_dagrun for example_setup_teardown to None, run_after=None
[2025-01-20T19:18:30.507+0000] {processor.py:208} INFO - Processing /home/airflow/.local/lib/python3.12/site-packages/airflow/example_dags/example_setup_teardown.py took 0.059 seconds
[2025-01-20T19:19:01.377+0000] {processor.py:186} INFO - Started process (PID=995) to work on /home/airflow/.local/lib/python3.12/site-packages/airflow/example_dags/example_setup_teardown.py
[2025-01-20T19:19:01.378+0000] {processor.py:914} INFO - Processing file /home/airflow/.local/lib/python3.12/site-packages/airflow/example_dags/example_setup_teardown.py for tasks to queue
[2025-01-20T19:19:01.380+0000] {logging_mixin.py:190} INFO - [2025-01-20T19:19:01.379+0000] {dagbag.py:588} INFO - Filling up the DagBag from /home/airflow/.local/lib/python3.12/site-packages/airflow/example_dags/example_setup_teardown.py
[2025-01-20T19:19:01.386+0000] {processor.py:925} INFO - DAG(s) 'example_setup_teardown' retrieved from /home/airflow/.local/lib/python3.12/site-packages/airflow/example_dags/example_setup_teardown.py
[2025-01-20T19:19:01.401+0000] {logging_mixin.py:190} INFO - [2025-01-20T19:19:01.401+0000] {dag.py:3239} INFO - Sync 1 DAGs
[2025-01-20T19:19:01.412+0000] {logging_mixin.py:190} INFO - [2025-01-20T19:19:01.412+0000] {dag.py:4180} INFO - Setting next_dagrun for example_setup_teardown to None, run_after=None
[2025-01-20T19:19:01.424+0000] {processor.py:208} INFO - Processing /home/airflow/.local/lib/python3.12/site-packages/airflow/example_dags/example_setup_teardown.py took 0.052 seconds
[2025-01-20T19:19:32.509+0000] {processor.py:186} INFO - Started process (PID=1058) to work on /home/airflow/.local/lib/python3.12/site-packages/airflow/example_dags/example_setup_teardown.py
[2025-01-20T19:19:32.509+0000] {processor.py:914} INFO - Processing file /home/airflow/.local/lib/python3.12/site-packages/airflow/example_dags/example_setup_teardown.py for tasks to queue
[2025-01-20T19:19:32.511+0000] {logging_mixin.py:190} INFO - [2025-01-20T19:19:32.511+0000] {dagbag.py:588} INFO - Filling up the DagBag from /home/airflow/.local/lib/python3.12/site-packages/airflow/example_dags/example_setup_teardown.py
[2025-01-20T19:19:32.518+0000] {processor.py:925} INFO - DAG(s) 'example_setup_teardown' retrieved from /home/airflow/.local/lib/python3.12/site-packages/airflow/example_dags/example_setup_teardown.py
[2025-01-20T19:19:32.534+0000] {logging_mixin.py:190} INFO - [2025-01-20T19:19:32.534+0000] {dag.py:3239} INFO - Sync 1 DAGs
[2025-01-20T19:19:32.547+0000] {logging_mixin.py:190} INFO - [2025-01-20T19:19:32.546+0000] {dag.py:4180} INFO - Setting next_dagrun for example_setup_teardown to None, run_after=None
[2025-01-20T19:19:32.560+0000] {processor.py:208} INFO - Processing /home/airflow/.local/lib/python3.12/site-packages/airflow/example_dags/example_setup_teardown.py took 0.055 seconds
[2025-01-20T19:20:03.548+0000] {processor.py:186} INFO - Started process (PID=1121) to work on /home/airflow/.local/lib/python3.12/site-packages/airflow/example_dags/example_setup_teardown.py
[2025-01-20T19:20:03.549+0000] {processor.py:914} INFO - Processing file /home/airflow/.local/lib/python3.12/site-packages/airflow/example_dags/example_setup_teardown.py for tasks to queue
[2025-01-20T19:20:03.550+0000] {logging_mixin.py:190} INFO - [2025-01-20T19:20:03.550+0000] {dagbag.py:588} INFO - Filling up the DagBag from /home/airflow/.local/lib/python3.12/site-packages/airflow/example_dags/example_setup_teardown.py
[2025-01-20T19:20:03.557+0000] {processor.py:925} INFO - DAG(s) 'example_setup_teardown' retrieved from /home/airflow/.local/lib/python3.12/site-packages/airflow/example_dags/example_setup_teardown.py
[2025-01-20T19:20:03.572+0000] {logging_mixin.py:190} INFO - [2025-01-20T19:20:03.572+0000] {dag.py:3239} INFO - Sync 1 DAGs
[2025-01-20T19:20:03.583+0000] {logging_mixin.py:190} INFO - [2025-01-20T19:20:03.583+0000] {dag.py:4180} INFO - Setting next_dagrun for example_setup_teardown to None, run_after=None
[2025-01-20T19:20:03.596+0000] {processor.py:208} INFO - Processing /home/airflow/.local/lib/python3.12/site-packages/airflow/example_dags/example_setup_teardown.py took 0.052 seconds
[2025-01-20T19:20:34.582+0000] {processor.py:186} INFO - Started process (PID=1184) to work on /home/airflow/.local/lib/python3.12/site-packages/airflow/example_dags/example_setup_teardown.py
[2025-01-20T19:20:34.583+0000] {processor.py:914} INFO - Processing file /home/airflow/.local/lib/python3.12/site-packages/airflow/example_dags/example_setup_teardown.py for tasks to queue
[2025-01-20T19:20:34.584+0000] {logging_mixin.py:190} INFO - [2025-01-20T19:20:34.584+0000] {dagbag.py:588} INFO - Filling up the DagBag from /home/airflow/.local/lib/python3.12/site-packages/airflow/example_dags/example_setup_teardown.py
[2025-01-20T19:20:34.591+0000] {processor.py:925} INFO - DAG(s) 'example_setup_teardown' retrieved from /home/airflow/.local/lib/python3.12/site-packages/airflow/example_dags/example_setup_teardown.py
[2025-01-20T19:20:34.607+0000] {logging_mixin.py:190} INFO - [2025-01-20T19:20:34.606+0000] {dag.py:3239} INFO - Sync 1 DAGs
[2025-01-20T19:20:34.618+0000] {logging_mixin.py:190} INFO - [2025-01-20T19:20:34.618+0000] {dag.py:4180} INFO - Setting next_dagrun for example_setup_teardown to None, run_after=None
[2025-01-20T19:20:34.631+0000] {processor.py:208} INFO - Processing /home/airflow/.local/lib/python3.12/site-packages/airflow/example_dags/example_setup_teardown.py took 0.054 seconds
[2025-01-20T19:21:05.923+0000] {processor.py:186} INFO - Started process (PID=1247) to work on /home/airflow/.local/lib/python3.12/site-packages/airflow/example_dags/example_setup_teardown.py
[2025-01-20T19:21:05.924+0000] {processor.py:914} INFO - Processing file /home/airflow/.local/lib/python3.12/site-packages/airflow/example_dags/example_setup_teardown.py for tasks to queue
[2025-01-20T19:21:05.926+0000] {logging_mixin.py:190} INFO - [2025-01-20T19:21:05.926+0000] {dagbag.py:588} INFO - Filling up the DagBag from /home/airflow/.local/lib/python3.12/site-packages/airflow/example_dags/example_setup_teardown.py
[2025-01-20T19:21:05.934+0000] {processor.py:925} INFO - DAG(s) 'example_setup_teardown' retrieved from /home/airflow/.local/lib/python3.12/site-packages/airflow/example_dags/example_setup_teardown.py
[2025-01-20T19:21:05.952+0000] {logging_mixin.py:190} INFO - [2025-01-20T19:21:05.952+0000] {dag.py:3239} INFO - Sync 1 DAGs
[2025-01-20T19:21:05.965+0000] {logging_mixin.py:190} INFO - [2025-01-20T19:21:05.965+0000] {dag.py:4180} INFO - Setting next_dagrun for example_setup_teardown to None, run_after=None
[2025-01-20T19:21:05.978+0000] {processor.py:208} INFO - Processing /home/airflow/.local/lib/python3.12/site-packages/airflow/example_dags/example_setup_teardown.py took 0.060 seconds
[2025-01-20T19:21:37.335+0000] {processor.py:186} INFO - Started process (PID=1310) to work on /home/airflow/.local/lib/python3.12/site-packages/airflow/example_dags/example_setup_teardown.py
[2025-01-20T19:21:37.335+0000] {processor.py:914} INFO - Processing file /home/airflow/.local/lib/python3.12/site-packages/airflow/example_dags/example_setup_teardown.py for tasks to queue
[2025-01-20T19:21:37.337+0000] {logging_mixin.py:190} INFO - [2025-01-20T19:21:37.337+0000] {dagbag.py:588} INFO - Filling up the DagBag from /home/airflow/.local/lib/python3.12/site-packages/airflow/example_dags/example_setup_teardown.py
[2025-01-20T19:21:37.343+0000] {processor.py:925} INFO - DAG(s) 'example_setup_teardown' retrieved from /home/airflow/.local/lib/python3.12/site-packages/airflow/example_dags/example_setup_teardown.py
[2025-01-20T19:21:37.358+0000] {logging_mixin.py:190} INFO - [2025-01-20T19:21:37.358+0000] {dag.py:3239} INFO - Sync 1 DAGs
[2025-01-20T19:21:37.368+0000] {logging_mixin.py:190} INFO - [2025-01-20T19:21:37.368+0000] {dag.py:4180} INFO - Setting next_dagrun for example_setup_teardown to None, run_after=None
[2025-01-20T19:21:37.380+0000] {processor.py:208} INFO - Processing /home/airflow/.local/lib/python3.12/site-packages/airflow/example_dags/example_setup_teardown.py took 0.050 seconds
[2025-01-20T19:22:08.558+0000] {processor.py:186} INFO - Started process (PID=1373) to work on /home/airflow/.local/lib/python3.12/site-packages/airflow/example_dags/example_setup_teardown.py
[2025-01-20T19:22:08.559+0000] {processor.py:914} INFO - Processing file /home/airflow/.local/lib/python3.12/site-packages/airflow/example_dags/example_setup_teardown.py for tasks to queue
[2025-01-20T19:22:08.560+0000] {logging_mixin.py:190} INFO - [2025-01-20T19:22:08.560+0000] {dagbag.py:588} INFO - Filling up the DagBag from /home/airflow/.local/lib/python3.12/site-packages/airflow/example_dags/example_setup_teardown.py
[2025-01-20T19:22:08.567+0000] {processor.py:925} INFO - DAG(s) 'example_setup_teardown' retrieved from /home/airflow/.local/lib/python3.12/site-packages/airflow/example_dags/example_setup_teardown.py
[2025-01-20T19:22:08.584+0000] {logging_mixin.py:190} INFO - [2025-01-20T19:22:08.583+0000] {dag.py:3239} INFO - Sync 1 DAGs
[2025-01-20T19:22:08.596+0000] {logging_mixin.py:190} INFO - [2025-01-20T19:22:08.596+0000] {dag.py:4180} INFO - Setting next_dagrun for example_setup_teardown to None, run_after=None
[2025-01-20T19:22:08.607+0000] {processor.py:208} INFO - Processing /home/airflow/.local/lib/python3.12/site-packages/airflow/example_dags/example_setup_teardown.py took 0.053 seconds
[2025-01-20T19:22:39.629+0000] {processor.py:186} INFO - Started process (PID=1436) to work on /home/airflow/.local/lib/python3.12/site-packages/airflow/example_dags/example_setup_teardown.py
[2025-01-20T19:22:39.629+0000] {processor.py:914} INFO - Processing file /home/airflow/.local/lib/python3.12/site-packages/airflow/example_dags/example_setup_teardown.py for tasks to queue
[2025-01-20T19:22:39.631+0000] {logging_mixin.py:190} INFO - [2025-01-20T19:22:39.631+0000] {dagbag.py:588} INFO - Filling up the DagBag from /home/airflow/.local/lib/python3.12/site-packages/airflow/example_dags/example_setup_teardown.py
[2025-01-20T19:22:39.639+0000] {processor.py:925} INFO - DAG(s) 'example_setup_teardown' retrieved from /home/airflow/.local/lib/python3.12/site-packages/airflow/example_dags/example_setup_teardown.py
[2025-01-20T19:22:39.652+0000] {logging_mixin.py:190} INFO - [2025-01-20T19:22:39.652+0000] {dag.py:3239} INFO - Sync 1 DAGs
[2025-01-20T19:22:39.663+0000] {logging_mixin.py:190} INFO - [2025-01-20T19:22:39.663+0000] {dag.py:4180} INFO - Setting next_dagrun for example_setup_teardown to None, run_after=None
[2025-01-20T19:22:39.675+0000] {processor.py:208} INFO - Processing /home/airflow/.local/lib/python3.12/site-packages/airflow/example_dags/example_setup_teardown.py took 0.051 seconds
[2025-01-20T19:23:10.864+0000] {processor.py:186} INFO - Started process (PID=1499) to work on /home/airflow/.local/lib/python3.12/site-packages/airflow/example_dags/example_setup_teardown.py
[2025-01-20T19:23:10.864+0000] {processor.py:914} INFO - Processing file /home/airflow/.local/lib/python3.12/site-packages/airflow/example_dags/example_setup_teardown.py for tasks to queue
[2025-01-20T19:23:10.866+0000] {logging_mixin.py:190} INFO - [2025-01-20T19:23:10.866+0000] {dagbag.py:588} INFO - Filling up the DagBag from /home/airflow/.local/lib/python3.12/site-packages/airflow/example_dags/example_setup_teardown.py
[2025-01-20T19:23:10.873+0000] {processor.py:925} INFO - DAG(s) 'example_setup_teardown' retrieved from /home/airflow/.local/lib/python3.12/site-packages/airflow/example_dags/example_setup_teardown.py
[2025-01-20T19:23:10.888+0000] {logging_mixin.py:190} INFO - [2025-01-20T19:23:10.887+0000] {dag.py:3239} INFO - Sync 1 DAGs
[2025-01-20T19:23:10.898+0000] {logging_mixin.py:190} INFO - [2025-01-20T19:23:10.898+0000] {dag.py:4180} INFO - Setting next_dagrun for example_setup_teardown to None, run_after=None
[2025-01-20T19:23:10.911+0000] {processor.py:208} INFO - Processing /home/airflow/.local/lib/python3.12/site-packages/airflow/example_dags/example_setup_teardown.py took 0.051 seconds
