[2025-01-20T19:11:46.842+0000] {processor.py:186} INFO - Started process (PID=93) to work on /home/airflow/.local/lib/python3.12/site-packages/airflow/example_dags/example_kubernetes_executor.py
[2025-01-20T19:11:46.843+0000] {processor.py:914} INFO - Processing file /home/airflow/.local/lib/python3.12/site-packages/airflow/example_dags/example_kubernetes_executor.py for tasks to queue
[2025-01-20T19:11:46.845+0000] {logging_mixin.py:190} INFO - [2025-01-20T19:11:46.845+0000] {dagbag.py:588} INFO - Filling up the DagBag from /home/airflow/.local/lib/python3.12/site-packages/airflow/example_dags/example_kubernetes_executor.py
[2025-01-20T19:11:46.863+0000] {processor.py:925} INFO - DAG(s) 'example_kubernetes_executor' retrieved from /home/airflow/.local/lib/python3.12/site-packages/airflow/example_dags/example_kubernetes_executor.py
[2025-01-20T19:11:46.986+0000] {logging_mixin.py:190} INFO - [2025-01-20T19:11:46.986+0000] {override.py:1911} INFO - Created Permission View: can edit on DAG:example_kubernetes_executor
[2025-01-20T19:11:46.995+0000] {logging_mixin.py:190} INFO - [2025-01-20T19:11:46.995+0000] {override.py:1911} INFO - Created Permission View: can delete on DAG:example_kubernetes_executor
[2025-01-20T19:11:47.000+0000] {logging_mixin.py:190} INFO - [2025-01-20T19:11:47.000+0000] {override.py:1911} INFO - Created Permission View: can read on DAG:example_kubernetes_executor
[2025-01-20T19:11:47.006+0000] {logging_mixin.py:190} INFO - [2025-01-20T19:11:47.006+0000] {override.py:1911} INFO - Created Permission View: can create on DAG Run:example_kubernetes_executor
[2025-01-20T19:11:47.011+0000] {logging_mixin.py:190} INFO - [2025-01-20T19:11:47.011+0000] {override.py:1911} INFO - Created Permission View: can delete on DAG Run:example_kubernetes_executor
[2025-01-20T19:11:47.018+0000] {logging_mixin.py:190} INFO - [2025-01-20T19:11:47.017+0000] {override.py:1911} INFO - Created Permission View: menu access on DAG Run:example_kubernetes_executor
[2025-01-20T19:11:47.023+0000] {logging_mixin.py:190} INFO - [2025-01-20T19:11:47.023+0000] {override.py:1911} INFO - Created Permission View: can read on DAG Run:example_kubernetes_executor
[2025-01-20T19:11:47.023+0000] {logging_mixin.py:190} INFO - [2025-01-20T19:11:47.023+0000] {dag.py:3239} INFO - Sync 1 DAGs
[2025-01-20T19:11:47.033+0000] {logging_mixin.py:190} INFO - [2025-01-20T19:11:47.033+0000] {dag.py:3262} INFO - Creating ORM DAG for example_kubernetes_executor
[2025-01-20T19:11:47.034+0000] {logging_mixin.py:190} INFO - [2025-01-20T19:11:47.033+0000] {dag.py:4180} INFO - Setting next_dagrun for example_kubernetes_executor to None, run_after=None
[2025-01-20T19:11:47.045+0000] {processor.py:208} INFO - Processing /home/airflow/.local/lib/python3.12/site-packages/airflow/example_dags/example_kubernetes_executor.py took 0.209 seconds
[2025-01-20T19:12:17.110+0000] {processor.py:186} INFO - Started process (PID=156) to work on /home/airflow/.local/lib/python3.12/site-packages/airflow/example_dags/example_kubernetes_executor.py
[2025-01-20T19:12:17.111+0000] {processor.py:914} INFO - Processing file /home/airflow/.local/lib/python3.12/site-packages/airflow/example_dags/example_kubernetes_executor.py for tasks to queue
[2025-01-20T19:12:17.112+0000] {logging_mixin.py:190} INFO - [2025-01-20T19:12:17.112+0000] {dagbag.py:588} INFO - Filling up the DagBag from /home/airflow/.local/lib/python3.12/site-packages/airflow/example_dags/example_kubernetes_executor.py
[2025-01-20T19:12:17.122+0000] {processor.py:925} INFO - DAG(s) 'example_kubernetes_executor' retrieved from /home/airflow/.local/lib/python3.12/site-packages/airflow/example_dags/example_kubernetes_executor.py
[2025-01-20T19:12:17.140+0000] {logging_mixin.py:190} INFO - [2025-01-20T19:12:17.140+0000] {dag.py:3239} INFO - Sync 1 DAGs
[2025-01-20T19:12:17.151+0000] {logging_mixin.py:190} INFO - [2025-01-20T19:12:17.151+0000] {dag.py:4180} INFO - Setting next_dagrun for example_kubernetes_executor to None, run_after=None
[2025-01-20T19:12:17.162+0000] {processor.py:208} INFO - Processing /home/airflow/.local/lib/python3.12/site-packages/airflow/example_dags/example_kubernetes_executor.py took 0.056 seconds
[2025-01-20T19:12:47.845+0000] {processor.py:186} INFO - Started process (PID=219) to work on /home/airflow/.local/lib/python3.12/site-packages/airflow/example_dags/example_kubernetes_executor.py
[2025-01-20T19:12:47.846+0000] {processor.py:914} INFO - Processing file /home/airflow/.local/lib/python3.12/site-packages/airflow/example_dags/example_kubernetes_executor.py for tasks to queue
[2025-01-20T19:12:47.848+0000] {logging_mixin.py:190} INFO - [2025-01-20T19:12:47.847+0000] {dagbag.py:588} INFO - Filling up the DagBag from /home/airflow/.local/lib/python3.12/site-packages/airflow/example_dags/example_kubernetes_executor.py
[2025-01-20T19:12:47.863+0000] {processor.py:925} INFO - DAG(s) 'example_kubernetes_executor' retrieved from /home/airflow/.local/lib/python3.12/site-packages/airflow/example_dags/example_kubernetes_executor.py
[2025-01-20T19:12:47.886+0000] {logging_mixin.py:190} INFO - [2025-01-20T19:12:47.885+0000] {dag.py:3239} INFO - Sync 1 DAGs
[2025-01-20T19:12:47.898+0000] {logging_mixin.py:190} INFO - [2025-01-20T19:12:47.898+0000] {dag.py:4180} INFO - Setting next_dagrun for example_kubernetes_executor to None, run_after=None
[2025-01-20T19:12:47.910+0000] {processor.py:208} INFO - Processing /home/airflow/.local/lib/python3.12/site-packages/airflow/example_dags/example_kubernetes_executor.py took 0.070 seconds
[2025-01-20T19:13:18.804+0000] {processor.py:186} INFO - Started process (PID=282) to work on /home/airflow/.local/lib/python3.12/site-packages/airflow/example_dags/example_kubernetes_executor.py
[2025-01-20T19:13:18.805+0000] {processor.py:914} INFO - Processing file /home/airflow/.local/lib/python3.12/site-packages/airflow/example_dags/example_kubernetes_executor.py for tasks to queue
[2025-01-20T19:13:18.807+0000] {logging_mixin.py:190} INFO - [2025-01-20T19:13:18.807+0000] {dagbag.py:588} INFO - Filling up the DagBag from /home/airflow/.local/lib/python3.12/site-packages/airflow/example_dags/example_kubernetes_executor.py
[2025-01-20T19:13:18.823+0000] {processor.py:925} INFO - DAG(s) 'example_kubernetes_executor' retrieved from /home/airflow/.local/lib/python3.12/site-packages/airflow/example_dags/example_kubernetes_executor.py
[2025-01-20T19:13:18.848+0000] {logging_mixin.py:190} INFO - [2025-01-20T19:13:18.848+0000] {dag.py:3239} INFO - Sync 1 DAGs
[2025-01-20T19:13:18.864+0000] {logging_mixin.py:190} INFO - [2025-01-20T19:13:18.864+0000] {dag.py:4180} INFO - Setting next_dagrun for example_kubernetes_executor to None, run_after=None
[2025-01-20T19:13:18.880+0000] {processor.py:208} INFO - Processing /home/airflow/.local/lib/python3.12/site-packages/airflow/example_dags/example_kubernetes_executor.py took 0.083 seconds
[2025-01-20T19:13:49.442+0000] {processor.py:186} INFO - Started process (PID=345) to work on /home/airflow/.local/lib/python3.12/site-packages/airflow/example_dags/example_kubernetes_executor.py
[2025-01-20T19:13:49.443+0000] {processor.py:914} INFO - Processing file /home/airflow/.local/lib/python3.12/site-packages/airflow/example_dags/example_kubernetes_executor.py for tasks to queue
[2025-01-20T19:13:49.445+0000] {logging_mixin.py:190} INFO - [2025-01-20T19:13:49.444+0000] {dagbag.py:588} INFO - Filling up the DagBag from /home/airflow/.local/lib/python3.12/site-packages/airflow/example_dags/example_kubernetes_executor.py
[2025-01-20T19:13:49.460+0000] {processor.py:925} INFO - DAG(s) 'example_kubernetes_executor' retrieved from /home/airflow/.local/lib/python3.12/site-packages/airflow/example_dags/example_kubernetes_executor.py
[2025-01-20T19:13:49.486+0000] {logging_mixin.py:190} INFO - [2025-01-20T19:13:49.486+0000] {dag.py:3239} INFO - Sync 1 DAGs
[2025-01-20T19:13:49.503+0000] {logging_mixin.py:190} INFO - [2025-01-20T19:13:49.503+0000] {dag.py:4180} INFO - Setting next_dagrun for example_kubernetes_executor to None, run_after=None
[2025-01-20T19:13:49.520+0000] {processor.py:208} INFO - Processing /home/airflow/.local/lib/python3.12/site-packages/airflow/example_dags/example_kubernetes_executor.py took 0.084 seconds
[2025-01-20T19:14:20.093+0000] {processor.py:186} INFO - Started process (PID=408) to work on /home/airflow/.local/lib/python3.12/site-packages/airflow/example_dags/example_kubernetes_executor.py
[2025-01-20T19:14:20.094+0000] {processor.py:914} INFO - Processing file /home/airflow/.local/lib/python3.12/site-packages/airflow/example_dags/example_kubernetes_executor.py for tasks to queue
[2025-01-20T19:14:20.095+0000] {logging_mixin.py:190} INFO - [2025-01-20T19:14:20.095+0000] {dagbag.py:588} INFO - Filling up the DagBag from /home/airflow/.local/lib/python3.12/site-packages/airflow/example_dags/example_kubernetes_executor.py
[2025-01-20T19:14:20.106+0000] {processor.py:925} INFO - DAG(s) 'example_kubernetes_executor' retrieved from /home/airflow/.local/lib/python3.12/site-packages/airflow/example_dags/example_kubernetes_executor.py
[2025-01-20T19:14:20.124+0000] {logging_mixin.py:190} INFO - [2025-01-20T19:14:20.124+0000] {dag.py:3239} INFO - Sync 1 DAGs
[2025-01-20T19:14:20.135+0000] {logging_mixin.py:190} INFO - [2025-01-20T19:14:20.135+0000] {dag.py:4180} INFO - Setting next_dagrun for example_kubernetes_executor to None, run_after=None
[2025-01-20T19:14:20.147+0000] {processor.py:208} INFO - Processing /home/airflow/.local/lib/python3.12/site-packages/airflow/example_dags/example_kubernetes_executor.py took 0.059 seconds
[2025-01-20T19:14:51.459+0000] {processor.py:186} INFO - Started process (PID=470) to work on /home/airflow/.local/lib/python3.12/site-packages/airflow/example_dags/example_kubernetes_executor.py
[2025-01-20T19:14:51.460+0000] {processor.py:914} INFO - Processing file /home/airflow/.local/lib/python3.12/site-packages/airflow/example_dags/example_kubernetes_executor.py for tasks to queue
[2025-01-20T19:14:51.462+0000] {logging_mixin.py:190} INFO - [2025-01-20T19:14:51.462+0000] {dagbag.py:588} INFO - Filling up the DagBag from /home/airflow/.local/lib/python3.12/site-packages/airflow/example_dags/example_kubernetes_executor.py
[2025-01-20T19:14:51.477+0000] {processor.py:925} INFO - DAG(s) 'example_kubernetes_executor' retrieved from /home/airflow/.local/lib/python3.12/site-packages/airflow/example_dags/example_kubernetes_executor.py
[2025-01-20T19:14:51.500+0000] {logging_mixin.py:190} INFO - [2025-01-20T19:14:51.500+0000] {dag.py:3239} INFO - Sync 1 DAGs
[2025-01-20T19:14:51.514+0000] {logging_mixin.py:190} INFO - [2025-01-20T19:14:51.514+0000] {dag.py:4180} INFO - Setting next_dagrun for example_kubernetes_executor to None, run_after=None
[2025-01-20T19:14:51.526+0000] {processor.py:208} INFO - Processing /home/airflow/.local/lib/python3.12/site-packages/airflow/example_dags/example_kubernetes_executor.py took 0.073 seconds
[2025-01-20T19:15:22.930+0000] {processor.py:186} INFO - Started process (PID=535) to work on /home/airflow/.local/lib/python3.12/site-packages/airflow/example_dags/example_kubernetes_executor.py
[2025-01-20T19:15:22.931+0000] {processor.py:914} INFO - Processing file /home/airflow/.local/lib/python3.12/site-packages/airflow/example_dags/example_kubernetes_executor.py for tasks to queue
[2025-01-20T19:15:22.933+0000] {logging_mixin.py:190} INFO - [2025-01-20T19:15:22.933+0000] {dagbag.py:588} INFO - Filling up the DagBag from /home/airflow/.local/lib/python3.12/site-packages/airflow/example_dags/example_kubernetes_executor.py
[2025-01-20T19:15:22.947+0000] {processor.py:925} INFO - DAG(s) 'example_kubernetes_executor' retrieved from /home/airflow/.local/lib/python3.12/site-packages/airflow/example_dags/example_kubernetes_executor.py
[2025-01-20T19:15:22.971+0000] {logging_mixin.py:190} INFO - [2025-01-20T19:15:22.971+0000] {dag.py:3239} INFO - Sync 1 DAGs
[2025-01-20T19:15:22.986+0000] {logging_mixin.py:190} INFO - [2025-01-20T19:15:22.986+0000] {dag.py:4180} INFO - Setting next_dagrun for example_kubernetes_executor to None, run_after=None
[2025-01-20T19:15:23.003+0000] {processor.py:208} INFO - Processing /home/airflow/.local/lib/python3.12/site-packages/airflow/example_dags/example_kubernetes_executor.py took 0.078 seconds
[2025-01-20T19:15:54.018+0000] {processor.py:186} INFO - Started process (PID=598) to work on /home/airflow/.local/lib/python3.12/site-packages/airflow/example_dags/example_kubernetes_executor.py
[2025-01-20T19:15:54.019+0000] {processor.py:914} INFO - Processing file /home/airflow/.local/lib/python3.12/site-packages/airflow/example_dags/example_kubernetes_executor.py for tasks to queue
[2025-01-20T19:15:54.021+0000] {logging_mixin.py:190} INFO - [2025-01-20T19:15:54.021+0000] {dagbag.py:588} INFO - Filling up the DagBag from /home/airflow/.local/lib/python3.12/site-packages/airflow/example_dags/example_kubernetes_executor.py
[2025-01-20T19:15:54.033+0000] {processor.py:925} INFO - DAG(s) 'example_kubernetes_executor' retrieved from /home/airflow/.local/lib/python3.12/site-packages/airflow/example_dags/example_kubernetes_executor.py
[2025-01-20T19:15:54.059+0000] {logging_mixin.py:190} INFO - [2025-01-20T19:15:54.058+0000] {dag.py:3239} INFO - Sync 1 DAGs
[2025-01-20T19:15:54.075+0000] {logging_mixin.py:190} INFO - [2025-01-20T19:15:54.074+0000] {dag.py:4180} INFO - Setting next_dagrun for example_kubernetes_executor to None, run_after=None
[2025-01-20T19:15:54.091+0000] {processor.py:208} INFO - Processing /home/airflow/.local/lib/python3.12/site-packages/airflow/example_dags/example_kubernetes_executor.py took 0.078 seconds
[2025-01-20T19:16:24.534+0000] {processor.py:186} INFO - Started process (PID=661) to work on /home/airflow/.local/lib/python3.12/site-packages/airflow/example_dags/example_kubernetes_executor.py
[2025-01-20T19:16:24.535+0000] {processor.py:914} INFO - Processing file /home/airflow/.local/lib/python3.12/site-packages/airflow/example_dags/example_kubernetes_executor.py for tasks to queue
[2025-01-20T19:16:24.537+0000] {logging_mixin.py:190} INFO - [2025-01-20T19:16:24.537+0000] {dagbag.py:588} INFO - Filling up the DagBag from /home/airflow/.local/lib/python3.12/site-packages/airflow/example_dags/example_kubernetes_executor.py
[2025-01-20T19:16:24.552+0000] {processor.py:925} INFO - DAG(s) 'example_kubernetes_executor' retrieved from /home/airflow/.local/lib/python3.12/site-packages/airflow/example_dags/example_kubernetes_executor.py
[2025-01-20T19:16:24.577+0000] {logging_mixin.py:190} INFO - [2025-01-20T19:16:24.577+0000] {dag.py:3239} INFO - Sync 1 DAGs
[2025-01-20T19:16:24.590+0000] {logging_mixin.py:190} INFO - [2025-01-20T19:16:24.590+0000] {dag.py:4180} INFO - Setting next_dagrun for example_kubernetes_executor to None, run_after=None
[2025-01-20T19:16:24.604+0000] {processor.py:208} INFO - Processing /home/airflow/.local/lib/python3.12/site-packages/airflow/example_dags/example_kubernetes_executor.py took 0.074 seconds
[2025-01-20T19:16:55.712+0000] {processor.py:186} INFO - Started process (PID=724) to work on /home/airflow/.local/lib/python3.12/site-packages/airflow/example_dags/example_kubernetes_executor.py
[2025-01-20T19:16:55.713+0000] {processor.py:914} INFO - Processing file /home/airflow/.local/lib/python3.12/site-packages/airflow/example_dags/example_kubernetes_executor.py for tasks to queue
[2025-01-20T19:16:55.715+0000] {logging_mixin.py:190} INFO - [2025-01-20T19:16:55.714+0000] {dagbag.py:588} INFO - Filling up the DagBag from /home/airflow/.local/lib/python3.12/site-packages/airflow/example_dags/example_kubernetes_executor.py
[2025-01-20T19:16:55.728+0000] {processor.py:925} INFO - DAG(s) 'example_kubernetes_executor' retrieved from /home/airflow/.local/lib/python3.12/site-packages/airflow/example_dags/example_kubernetes_executor.py
[2025-01-20T19:16:55.748+0000] {logging_mixin.py:190} INFO - [2025-01-20T19:16:55.748+0000] {dag.py:3239} INFO - Sync 1 DAGs
[2025-01-20T19:16:55.758+0000] {logging_mixin.py:190} INFO - [2025-01-20T19:16:55.758+0000] {dag.py:4180} INFO - Setting next_dagrun for example_kubernetes_executor to None, run_after=None
[2025-01-20T19:16:55.771+0000] {processor.py:208} INFO - Processing /home/airflow/.local/lib/python3.12/site-packages/airflow/example_dags/example_kubernetes_executor.py took 0.063 seconds
[2025-01-20T19:17:26.951+0000] {processor.py:186} INFO - Started process (PID=787) to work on /home/airflow/.local/lib/python3.12/site-packages/airflow/example_dags/example_kubernetes_executor.py
[2025-01-20T19:17:26.952+0000] {processor.py:914} INFO - Processing file /home/airflow/.local/lib/python3.12/site-packages/airflow/example_dags/example_kubernetes_executor.py for tasks to queue
[2025-01-20T19:17:26.954+0000] {logging_mixin.py:190} INFO - [2025-01-20T19:17:26.953+0000] {dagbag.py:588} INFO - Filling up the DagBag from /home/airflow/.local/lib/python3.12/site-packages/airflow/example_dags/example_kubernetes_executor.py
[2025-01-20T19:17:26.964+0000] {processor.py:925} INFO - DAG(s) 'example_kubernetes_executor' retrieved from /home/airflow/.local/lib/python3.12/site-packages/airflow/example_dags/example_kubernetes_executor.py
[2025-01-20T19:17:26.982+0000] {logging_mixin.py:190} INFO - [2025-01-20T19:17:26.982+0000] {dag.py:3239} INFO - Sync 1 DAGs
[2025-01-20T19:17:26.993+0000] {logging_mixin.py:190} INFO - [2025-01-20T19:17:26.993+0000] {dag.py:4180} INFO - Setting next_dagrun for example_kubernetes_executor to None, run_after=None
[2025-01-20T19:17:27.005+0000] {processor.py:208} INFO - Processing /home/airflow/.local/lib/python3.12/site-packages/airflow/example_dags/example_kubernetes_executor.py took 0.058 seconds
[2025-01-20T19:17:58.142+0000] {processor.py:186} INFO - Started process (PID=851) to work on /home/airflow/.local/lib/python3.12/site-packages/airflow/example_dags/example_kubernetes_executor.py
[2025-01-20T19:17:58.143+0000] {processor.py:914} INFO - Processing file /home/airflow/.local/lib/python3.12/site-packages/airflow/example_dags/example_kubernetes_executor.py for tasks to queue
[2025-01-20T19:17:58.144+0000] {logging_mixin.py:190} INFO - [2025-01-20T19:17:58.144+0000] {dagbag.py:588} INFO - Filling up the DagBag from /home/airflow/.local/lib/python3.12/site-packages/airflow/example_dags/example_kubernetes_executor.py
[2025-01-20T19:17:58.155+0000] {processor.py:925} INFO - DAG(s) 'example_kubernetes_executor' retrieved from /home/airflow/.local/lib/python3.12/site-packages/airflow/example_dags/example_kubernetes_executor.py
[2025-01-20T19:17:58.173+0000] {logging_mixin.py:190} INFO - [2025-01-20T19:17:58.173+0000] {dag.py:3239} INFO - Sync 1 DAGs
[2025-01-20T19:17:58.184+0000] {logging_mixin.py:190} INFO - [2025-01-20T19:17:58.184+0000] {dag.py:4180} INFO - Setting next_dagrun for example_kubernetes_executor to None, run_after=None
[2025-01-20T19:17:58.197+0000] {processor.py:208} INFO - Processing /home/airflow/.local/lib/python3.12/site-packages/airflow/example_dags/example_kubernetes_executor.py took 0.059 seconds
[2025-01-20T19:18:29.255+0000] {processor.py:186} INFO - Started process (PID=914) to work on /home/airflow/.local/lib/python3.12/site-packages/airflow/example_dags/example_kubernetes_executor.py
[2025-01-20T19:18:29.256+0000] {processor.py:914} INFO - Processing file /home/airflow/.local/lib/python3.12/site-packages/airflow/example_dags/example_kubernetes_executor.py for tasks to queue
[2025-01-20T19:18:29.258+0000] {logging_mixin.py:190} INFO - [2025-01-20T19:18:29.257+0000] {dagbag.py:588} INFO - Filling up the DagBag from /home/airflow/.local/lib/python3.12/site-packages/airflow/example_dags/example_kubernetes_executor.py
[2025-01-20T19:18:29.270+0000] {processor.py:925} INFO - DAG(s) 'example_kubernetes_executor' retrieved from /home/airflow/.local/lib/python3.12/site-packages/airflow/example_dags/example_kubernetes_executor.py
[2025-01-20T19:18:29.289+0000] {logging_mixin.py:190} INFO - [2025-01-20T19:18:29.288+0000] {dag.py:3239} INFO - Sync 1 DAGs
[2025-01-20T19:18:29.300+0000] {logging_mixin.py:190} INFO - [2025-01-20T19:18:29.299+0000] {dag.py:4180} INFO - Setting next_dagrun for example_kubernetes_executor to None, run_after=None
[2025-01-20T19:18:29.312+0000] {processor.py:208} INFO - Processing /home/airflow/.local/lib/python3.12/site-packages/airflow/example_dags/example_kubernetes_executor.py took 0.062 seconds
[2025-01-20T19:19:00.301+0000] {processor.py:186} INFO - Started process (PID=977) to work on /home/airflow/.local/lib/python3.12/site-packages/airflow/example_dags/example_kubernetes_executor.py
[2025-01-20T19:19:00.302+0000] {processor.py:914} INFO - Processing file /home/airflow/.local/lib/python3.12/site-packages/airflow/example_dags/example_kubernetes_executor.py for tasks to queue
[2025-01-20T19:19:00.303+0000] {logging_mixin.py:190} INFO - [2025-01-20T19:19:00.303+0000] {dagbag.py:588} INFO - Filling up the DagBag from /home/airflow/.local/lib/python3.12/site-packages/airflow/example_dags/example_kubernetes_executor.py
[2025-01-20T19:19:00.314+0000] {processor.py:925} INFO - DAG(s) 'example_kubernetes_executor' retrieved from /home/airflow/.local/lib/python3.12/site-packages/airflow/example_dags/example_kubernetes_executor.py
[2025-01-20T19:19:00.336+0000] {logging_mixin.py:190} INFO - [2025-01-20T19:19:00.336+0000] {dag.py:3239} INFO - Sync 1 DAGs
[2025-01-20T19:19:00.350+0000] {logging_mixin.py:190} INFO - [2025-01-20T19:19:00.350+0000] {dag.py:4180} INFO - Setting next_dagrun for example_kubernetes_executor to None, run_after=None
[2025-01-20T19:19:00.365+0000] {processor.py:208} INFO - Processing /home/airflow/.local/lib/python3.12/site-packages/airflow/example_dags/example_kubernetes_executor.py took 0.068 seconds
[2025-01-20T19:19:31.402+0000] {processor.py:186} INFO - Started process (PID=1040) to work on /home/airflow/.local/lib/python3.12/site-packages/airflow/example_dags/example_kubernetes_executor.py
[2025-01-20T19:19:31.403+0000] {processor.py:914} INFO - Processing file /home/airflow/.local/lib/python3.12/site-packages/airflow/example_dags/example_kubernetes_executor.py for tasks to queue
[2025-01-20T19:19:31.404+0000] {logging_mixin.py:190} INFO - [2025-01-20T19:19:31.404+0000] {dagbag.py:588} INFO - Filling up the DagBag from /home/airflow/.local/lib/python3.12/site-packages/airflow/example_dags/example_kubernetes_executor.py
[2025-01-20T19:19:31.415+0000] {processor.py:925} INFO - DAG(s) 'example_kubernetes_executor' retrieved from /home/airflow/.local/lib/python3.12/site-packages/airflow/example_dags/example_kubernetes_executor.py
[2025-01-20T19:19:31.438+0000] {logging_mixin.py:190} INFO - [2025-01-20T19:19:31.438+0000] {dag.py:3239} INFO - Sync 1 DAGs
[2025-01-20T19:19:31.453+0000] {logging_mixin.py:190} INFO - [2025-01-20T19:19:31.453+0000] {dag.py:4180} INFO - Setting next_dagrun for example_kubernetes_executor to None, run_after=None
[2025-01-20T19:19:31.468+0000] {processor.py:208} INFO - Processing /home/airflow/.local/lib/python3.12/site-packages/airflow/example_dags/example_kubernetes_executor.py took 0.071 seconds
[2025-01-20T19:20:02.502+0000] {processor.py:186} INFO - Started process (PID=1103) to work on /home/airflow/.local/lib/python3.12/site-packages/airflow/example_dags/example_kubernetes_executor.py
[2025-01-20T19:20:02.502+0000] {processor.py:914} INFO - Processing file /home/airflow/.local/lib/python3.12/site-packages/airflow/example_dags/example_kubernetes_executor.py for tasks to queue
[2025-01-20T19:20:02.504+0000] {logging_mixin.py:190} INFO - [2025-01-20T19:20:02.504+0000] {dagbag.py:588} INFO - Filling up the DagBag from /home/airflow/.local/lib/python3.12/site-packages/airflow/example_dags/example_kubernetes_executor.py
[2025-01-20T19:20:02.515+0000] {processor.py:925} INFO - DAG(s) 'example_kubernetes_executor' retrieved from /home/airflow/.local/lib/python3.12/site-packages/airflow/example_dags/example_kubernetes_executor.py
[2025-01-20T19:20:02.533+0000] {logging_mixin.py:190} INFO - [2025-01-20T19:20:02.533+0000] {dag.py:3239} INFO - Sync 1 DAGs
[2025-01-20T19:20:02.544+0000] {logging_mixin.py:190} INFO - [2025-01-20T19:20:02.544+0000] {dag.py:4180} INFO - Setting next_dagrun for example_kubernetes_executor to None, run_after=None
[2025-01-20T19:20:02.557+0000] {processor.py:208} INFO - Processing /home/airflow/.local/lib/python3.12/site-packages/airflow/example_dags/example_kubernetes_executor.py took 0.060 seconds
[2025-01-20T19:20:33.563+0000] {processor.py:186} INFO - Started process (PID=1166) to work on /home/airflow/.local/lib/python3.12/site-packages/airflow/example_dags/example_kubernetes_executor.py
[2025-01-20T19:20:33.564+0000] {processor.py:914} INFO - Processing file /home/airflow/.local/lib/python3.12/site-packages/airflow/example_dags/example_kubernetes_executor.py for tasks to queue
[2025-01-20T19:20:33.565+0000] {logging_mixin.py:190} INFO - [2025-01-20T19:20:33.565+0000] {dagbag.py:588} INFO - Filling up the DagBag from /home/airflow/.local/lib/python3.12/site-packages/airflow/example_dags/example_kubernetes_executor.py
[2025-01-20T19:20:33.576+0000] {processor.py:925} INFO - DAG(s) 'example_kubernetes_executor' retrieved from /home/airflow/.local/lib/python3.12/site-packages/airflow/example_dags/example_kubernetes_executor.py
[2025-01-20T19:20:33.596+0000] {logging_mixin.py:190} INFO - [2025-01-20T19:20:33.596+0000] {dag.py:3239} INFO - Sync 1 DAGs
[2025-01-20T19:20:33.609+0000] {logging_mixin.py:190} INFO - [2025-01-20T19:20:33.609+0000] {dag.py:4180} INFO - Setting next_dagrun for example_kubernetes_executor to None, run_after=None
[2025-01-20T19:20:33.621+0000] {processor.py:208} INFO - Processing /home/airflow/.local/lib/python3.12/site-packages/airflow/example_dags/example_kubernetes_executor.py took 0.063 seconds
[2025-01-20T19:21:04.700+0000] {processor.py:186} INFO - Started process (PID=1228) to work on /home/airflow/.local/lib/python3.12/site-packages/airflow/example_dags/example_kubernetes_executor.py
[2025-01-20T19:21:04.700+0000] {processor.py:914} INFO - Processing file /home/airflow/.local/lib/python3.12/site-packages/airflow/example_dags/example_kubernetes_executor.py for tasks to queue
[2025-01-20T19:21:04.702+0000] {logging_mixin.py:190} INFO - [2025-01-20T19:21:04.702+0000] {dagbag.py:588} INFO - Filling up the DagBag from /home/airflow/.local/lib/python3.12/site-packages/airflow/example_dags/example_kubernetes_executor.py
[2025-01-20T19:21:04.713+0000] {processor.py:925} INFO - DAG(s) 'example_kubernetes_executor' retrieved from /home/airflow/.local/lib/python3.12/site-packages/airflow/example_dags/example_kubernetes_executor.py
[2025-01-20T19:21:04.735+0000] {logging_mixin.py:190} INFO - [2025-01-20T19:21:04.734+0000] {dag.py:3239} INFO - Sync 1 DAGs
[2025-01-20T19:21:04.749+0000] {logging_mixin.py:190} INFO - [2025-01-20T19:21:04.749+0000] {dag.py:4180} INFO - Setting next_dagrun for example_kubernetes_executor to None, run_after=None
[2025-01-20T19:21:04.762+0000] {processor.py:208} INFO - Processing /home/airflow/.local/lib/python3.12/site-packages/airflow/example_dags/example_kubernetes_executor.py took 0.067 seconds
[2025-01-20T19:21:36.051+0000] {processor.py:186} INFO - Started process (PID=1291) to work on /home/airflow/.local/lib/python3.12/site-packages/airflow/example_dags/example_kubernetes_executor.py
[2025-01-20T19:21:36.052+0000] {processor.py:914} INFO - Processing file /home/airflow/.local/lib/python3.12/site-packages/airflow/example_dags/example_kubernetes_executor.py for tasks to queue
[2025-01-20T19:21:36.054+0000] {logging_mixin.py:190} INFO - [2025-01-20T19:21:36.053+0000] {dagbag.py:588} INFO - Filling up the DagBag from /home/airflow/.local/lib/python3.12/site-packages/airflow/example_dags/example_kubernetes_executor.py
[2025-01-20T19:21:36.064+0000] {processor.py:925} INFO - DAG(s) 'example_kubernetes_executor' retrieved from /home/airflow/.local/lib/python3.12/site-packages/airflow/example_dags/example_kubernetes_executor.py
[2025-01-20T19:21:36.085+0000] {logging_mixin.py:190} INFO - [2025-01-20T19:21:36.085+0000] {dag.py:3239} INFO - Sync 1 DAGs
[2025-01-20T19:21:36.098+0000] {logging_mixin.py:190} INFO - [2025-01-20T19:21:36.098+0000] {dag.py:4180} INFO - Setting next_dagrun for example_kubernetes_executor to None, run_after=None
[2025-01-20T19:21:36.112+0000] {processor.py:208} INFO - Processing /home/airflow/.local/lib/python3.12/site-packages/airflow/example_dags/example_kubernetes_executor.py took 0.065 seconds
[2025-01-20T19:22:07.341+0000] {processor.py:186} INFO - Started process (PID=1354) to work on /home/airflow/.local/lib/python3.12/site-packages/airflow/example_dags/example_kubernetes_executor.py
[2025-01-20T19:22:07.342+0000] {processor.py:914} INFO - Processing file /home/airflow/.local/lib/python3.12/site-packages/airflow/example_dags/example_kubernetes_executor.py for tasks to queue
[2025-01-20T19:22:07.344+0000] {logging_mixin.py:190} INFO - [2025-01-20T19:22:07.343+0000] {dagbag.py:588} INFO - Filling up the DagBag from /home/airflow/.local/lib/python3.12/site-packages/airflow/example_dags/example_kubernetes_executor.py
[2025-01-20T19:22:07.354+0000] {processor.py:925} INFO - DAG(s) 'example_kubernetes_executor' retrieved from /home/airflow/.local/lib/python3.12/site-packages/airflow/example_dags/example_kubernetes_executor.py
[2025-01-20T19:22:07.374+0000] {logging_mixin.py:190} INFO - [2025-01-20T19:22:07.373+0000] {dag.py:3239} INFO - Sync 1 DAGs
[2025-01-20T19:22:07.385+0000] {logging_mixin.py:190} INFO - [2025-01-20T19:22:07.385+0000] {dag.py:4180} INFO - Setting next_dagrun for example_kubernetes_executor to None, run_after=None
[2025-01-20T19:22:07.398+0000] {processor.py:208} INFO - Processing /home/airflow/.local/lib/python3.12/site-packages/airflow/example_dags/example_kubernetes_executor.py took 0.062 seconds
[2025-01-20T19:22:38.510+0000] {processor.py:186} INFO - Started process (PID=1418) to work on /home/airflow/.local/lib/python3.12/site-packages/airflow/example_dags/example_kubernetes_executor.py
[2025-01-20T19:22:38.511+0000] {processor.py:914} INFO - Processing file /home/airflow/.local/lib/python3.12/site-packages/airflow/example_dags/example_kubernetes_executor.py for tasks to queue
[2025-01-20T19:22:38.512+0000] {logging_mixin.py:190} INFO - [2025-01-20T19:22:38.512+0000] {dagbag.py:588} INFO - Filling up the DagBag from /home/airflow/.local/lib/python3.12/site-packages/airflow/example_dags/example_kubernetes_executor.py
[2025-01-20T19:22:38.523+0000] {processor.py:925} INFO - DAG(s) 'example_kubernetes_executor' retrieved from /home/airflow/.local/lib/python3.12/site-packages/airflow/example_dags/example_kubernetes_executor.py
[2025-01-20T19:22:38.546+0000] {logging_mixin.py:190} INFO - [2025-01-20T19:22:38.546+0000] {dag.py:3239} INFO - Sync 1 DAGs
[2025-01-20T19:22:38.561+0000] {logging_mixin.py:190} INFO - [2025-01-20T19:22:38.561+0000] {dag.py:4180} INFO - Setting next_dagrun for example_kubernetes_executor to None, run_after=None
[2025-01-20T19:22:38.576+0000] {processor.py:208} INFO - Processing /home/airflow/.local/lib/python3.12/site-packages/airflow/example_dags/example_kubernetes_executor.py took 0.070 seconds
[2025-01-20T19:23:09.628+0000] {processor.py:186} INFO - Started process (PID=1481) to work on /home/airflow/.local/lib/python3.12/site-packages/airflow/example_dags/example_kubernetes_executor.py
[2025-01-20T19:23:09.628+0000] {processor.py:914} INFO - Processing file /home/airflow/.local/lib/python3.12/site-packages/airflow/example_dags/example_kubernetes_executor.py for tasks to queue
[2025-01-20T19:23:09.630+0000] {logging_mixin.py:190} INFO - [2025-01-20T19:23:09.630+0000] {dagbag.py:588} INFO - Filling up the DagBag from /home/airflow/.local/lib/python3.12/site-packages/airflow/example_dags/example_kubernetes_executor.py
[2025-01-20T19:23:09.641+0000] {processor.py:925} INFO - DAG(s) 'example_kubernetes_executor' retrieved from /home/airflow/.local/lib/python3.12/site-packages/airflow/example_dags/example_kubernetes_executor.py
[2025-01-20T19:23:09.664+0000] {logging_mixin.py:190} INFO - [2025-01-20T19:23:09.664+0000] {dag.py:3239} INFO - Sync 1 DAGs
[2025-01-20T19:23:09.675+0000] {logging_mixin.py:190} INFO - [2025-01-20T19:23:09.675+0000] {dag.py:4180} INFO - Setting next_dagrun for example_kubernetes_executor to None, run_after=None
[2025-01-20T19:23:09.689+0000] {processor.py:208} INFO - Processing /home/airflow/.local/lib/python3.12/site-packages/airflow/example_dags/example_kubernetes_executor.py took 0.065 seconds
[2025-01-20T19:23:40.884+0000] {processor.py:186} INFO - Started process (PID=1543) to work on /home/airflow/.local/lib/python3.12/site-packages/airflow/example_dags/example_kubernetes_executor.py
[2025-01-20T19:23:40.884+0000] {processor.py:914} INFO - Processing file /home/airflow/.local/lib/python3.12/site-packages/airflow/example_dags/example_kubernetes_executor.py for tasks to queue
[2025-01-20T19:23:40.886+0000] {logging_mixin.py:190} INFO - [2025-01-20T19:23:40.886+0000] {dagbag.py:588} INFO - Filling up the DagBag from /home/airflow/.local/lib/python3.12/site-packages/airflow/example_dags/example_kubernetes_executor.py
[2025-01-20T19:23:40.896+0000] {processor.py:925} INFO - DAG(s) 'example_kubernetes_executor' retrieved from /home/airflow/.local/lib/python3.12/site-packages/airflow/example_dags/example_kubernetes_executor.py
[2025-01-20T19:23:40.915+0000] {logging_mixin.py:190} INFO - [2025-01-20T19:23:40.915+0000] {dag.py:3239} INFO - Sync 1 DAGs
[2025-01-20T19:23:40.925+0000] {logging_mixin.py:190} INFO - [2025-01-20T19:23:40.925+0000] {dag.py:4180} INFO - Setting next_dagrun for example_kubernetes_executor to None, run_after=None
[2025-01-20T19:23:40.939+0000] {processor.py:208} INFO - Processing /home/airflow/.local/lib/python3.12/site-packages/airflow/example_dags/example_kubernetes_executor.py took 0.059 seconds
[2025-01-20T19:24:12.178+0000] {processor.py:186} INFO - Started process (PID=1607) to work on /home/airflow/.local/lib/python3.12/site-packages/airflow/example_dags/example_kubernetes_executor.py
[2025-01-20T19:24:12.179+0000] {processor.py:914} INFO - Processing file /home/airflow/.local/lib/python3.12/site-packages/airflow/example_dags/example_kubernetes_executor.py for tasks to queue
[2025-01-20T19:24:12.180+0000] {logging_mixin.py:190} INFO - [2025-01-20T19:24:12.180+0000] {dagbag.py:588} INFO - Filling up the DagBag from /home/airflow/.local/lib/python3.12/site-packages/airflow/example_dags/example_kubernetes_executor.py
[2025-01-20T19:24:12.191+0000] {processor.py:925} INFO - DAG(s) 'example_kubernetes_executor' retrieved from /home/airflow/.local/lib/python3.12/site-packages/airflow/example_dags/example_kubernetes_executor.py
[2025-01-20T19:24:12.214+0000] {logging_mixin.py:190} INFO - [2025-01-20T19:24:12.214+0000] {dag.py:3239} INFO - Sync 1 DAGs
[2025-01-20T19:24:12.229+0000] {logging_mixin.py:190} INFO - [2025-01-20T19:24:12.229+0000] {dag.py:4180} INFO - Setting next_dagrun for example_kubernetes_executor to None, run_after=None
[2025-01-20T19:24:12.244+0000] {processor.py:208} INFO - Processing /home/airflow/.local/lib/python3.12/site-packages/airflow/example_dags/example_kubernetes_executor.py took 0.071 seconds
[2025-01-20T19:24:43.417+0000] {processor.py:186} INFO - Started process (PID=1676) to work on /home/airflow/.local/lib/python3.12/site-packages/airflow/example_dags/example_kubernetes_executor.py
[2025-01-20T19:24:43.418+0000] {processor.py:914} INFO - Processing file /home/airflow/.local/lib/python3.12/site-packages/airflow/example_dags/example_kubernetes_executor.py for tasks to queue
[2025-01-20T19:24:43.420+0000] {logging_mixin.py:190} INFO - [2025-01-20T19:24:43.420+0000] {dagbag.py:588} INFO - Filling up the DagBag from /home/airflow/.local/lib/python3.12/site-packages/airflow/example_dags/example_kubernetes_executor.py
[2025-01-20T19:24:43.439+0000] {processor.py:925} INFO - DAG(s) 'example_kubernetes_executor' retrieved from /home/airflow/.local/lib/python3.12/site-packages/airflow/example_dags/example_kubernetes_executor.py
[2025-01-20T19:24:43.458+0000] {logging_mixin.py:190} INFO - [2025-01-20T19:24:43.458+0000] {dag.py:3239} INFO - Sync 1 DAGs
[2025-01-20T19:24:43.468+0000] {logging_mixin.py:190} INFO - [2025-01-20T19:24:43.468+0000] {dag.py:4180} INFO - Setting next_dagrun for example_kubernetes_executor to None, run_after=None
[2025-01-20T19:24:43.481+0000] {processor.py:208} INFO - Processing /home/airflow/.local/lib/python3.12/site-packages/airflow/example_dags/example_kubernetes_executor.py took 0.069 seconds
[2025-01-20T19:25:14.946+0000] {processor.py:186} INFO - Started process (PID=1739) to work on /home/airflow/.local/lib/python3.12/site-packages/airflow/example_dags/example_kubernetes_executor.py
[2025-01-20T19:25:14.947+0000] {processor.py:914} INFO - Processing file /home/airflow/.local/lib/python3.12/site-packages/airflow/example_dags/example_kubernetes_executor.py for tasks to queue
[2025-01-20T19:25:14.948+0000] {logging_mixin.py:190} INFO - [2025-01-20T19:25:14.948+0000] {dagbag.py:588} INFO - Filling up the DagBag from /home/airflow/.local/lib/python3.12/site-packages/airflow/example_dags/example_kubernetes_executor.py
[2025-01-20T19:25:14.959+0000] {processor.py:925} INFO - DAG(s) 'example_kubernetes_executor' retrieved from /home/airflow/.local/lib/python3.12/site-packages/airflow/example_dags/example_kubernetes_executor.py
[2025-01-20T19:25:14.977+0000] {logging_mixin.py:190} INFO - [2025-01-20T19:25:14.976+0000] {dag.py:3239} INFO - Sync 1 DAGs
[2025-01-20T19:25:14.987+0000] {logging_mixin.py:190} INFO - [2025-01-20T19:25:14.987+0000] {dag.py:4180} INFO - Setting next_dagrun for example_kubernetes_executor to None, run_after=None
[2025-01-20T19:25:14.999+0000] {processor.py:208} INFO - Processing /home/airflow/.local/lib/python3.12/site-packages/airflow/example_dags/example_kubernetes_executor.py took 0.058 seconds
[2025-01-20T19:25:46.413+0000] {processor.py:186} INFO - Started process (PID=1801) to work on /home/airflow/.local/lib/python3.12/site-packages/airflow/example_dags/example_kubernetes_executor.py
[2025-01-20T19:25:46.413+0000] {processor.py:914} INFO - Processing file /home/airflow/.local/lib/python3.12/site-packages/airflow/example_dags/example_kubernetes_executor.py for tasks to queue
[2025-01-20T19:25:46.415+0000] {logging_mixin.py:190} INFO - [2025-01-20T19:25:46.415+0000] {dagbag.py:588} INFO - Filling up the DagBag from /home/airflow/.local/lib/python3.12/site-packages/airflow/example_dags/example_kubernetes_executor.py
[2025-01-20T19:25:46.426+0000] {processor.py:925} INFO - DAG(s) 'example_kubernetes_executor' retrieved from /home/airflow/.local/lib/python3.12/site-packages/airflow/example_dags/example_kubernetes_executor.py
[2025-01-20T19:25:46.448+0000] {logging_mixin.py:190} INFO - [2025-01-20T19:25:46.448+0000] {dag.py:3239} INFO - Sync 1 DAGs
[2025-01-20T19:25:46.466+0000] {logging_mixin.py:190} INFO - [2025-01-20T19:25:46.466+0000] {dag.py:4180} INFO - Setting next_dagrun for example_kubernetes_executor to None, run_after=None
[2025-01-20T19:25:46.483+0000] {processor.py:208} INFO - Processing /home/airflow/.local/lib/python3.12/site-packages/airflow/example_dags/example_kubernetes_executor.py took 0.075 seconds
[2025-01-20T19:26:17.860+0000] {processor.py:186} INFO - Started process (PID=1864) to work on /home/airflow/.local/lib/python3.12/site-packages/airflow/example_dags/example_kubernetes_executor.py
[2025-01-20T19:26:17.861+0000] {processor.py:914} INFO - Processing file /home/airflow/.local/lib/python3.12/site-packages/airflow/example_dags/example_kubernetes_executor.py for tasks to queue
[2025-01-20T19:26:17.864+0000] {logging_mixin.py:190} INFO - [2025-01-20T19:26:17.863+0000] {dagbag.py:588} INFO - Filling up the DagBag from /home/airflow/.local/lib/python3.12/site-packages/airflow/example_dags/example_kubernetes_executor.py
[2025-01-20T19:26:17.881+0000] {processor.py:925} INFO - DAG(s) 'example_kubernetes_executor' retrieved from /home/airflow/.local/lib/python3.12/site-packages/airflow/example_dags/example_kubernetes_executor.py
[2025-01-20T19:26:17.908+0000] {logging_mixin.py:190} INFO - [2025-01-20T19:26:17.908+0000] {dag.py:3239} INFO - Sync 1 DAGs
[2025-01-20T19:26:17.926+0000] {logging_mixin.py:190} INFO - [2025-01-20T19:26:17.925+0000] {dag.py:4180} INFO - Setting next_dagrun for example_kubernetes_executor to None, run_after=None
[2025-01-20T19:26:17.943+0000] {processor.py:208} INFO - Processing /home/airflow/.local/lib/python3.12/site-packages/airflow/example_dags/example_kubernetes_executor.py took 0.089 seconds
[2025-01-20T19:26:48.442+0000] {processor.py:186} INFO - Started process (PID=1928) to work on /home/airflow/.local/lib/python3.12/site-packages/airflow/example_dags/example_kubernetes_executor.py
[2025-01-20T19:26:48.443+0000] {processor.py:914} INFO - Processing file /home/airflow/.local/lib/python3.12/site-packages/airflow/example_dags/example_kubernetes_executor.py for tasks to queue
[2025-01-20T19:26:48.444+0000] {logging_mixin.py:190} INFO - [2025-01-20T19:26:48.444+0000] {dagbag.py:588} INFO - Filling up the DagBag from /home/airflow/.local/lib/python3.12/site-packages/airflow/example_dags/example_kubernetes_executor.py
[2025-01-20T19:26:48.455+0000] {processor.py:925} INFO - DAG(s) 'example_kubernetes_executor' retrieved from /home/airflow/.local/lib/python3.12/site-packages/airflow/example_dags/example_kubernetes_executor.py
[2025-01-20T19:26:48.473+0000] {logging_mixin.py:190} INFO - [2025-01-20T19:26:48.473+0000] {dag.py:3239} INFO - Sync 1 DAGs
[2025-01-20T19:26:48.485+0000] {logging_mixin.py:190} INFO - [2025-01-20T19:26:48.485+0000] {dag.py:4180} INFO - Setting next_dagrun for example_kubernetes_executor to None, run_after=None
[2025-01-20T19:26:48.502+0000] {processor.py:208} INFO - Processing /home/airflow/.local/lib/python3.12/site-packages/airflow/example_dags/example_kubernetes_executor.py took 0.064 seconds
[2025-01-20T19:27:19.922+0000] {processor.py:186} INFO - Started process (PID=1993) to work on /home/airflow/.local/lib/python3.12/site-packages/airflow/example_dags/example_kubernetes_executor.py
[2025-01-20T19:27:19.922+0000] {processor.py:914} INFO - Processing file /home/airflow/.local/lib/python3.12/site-packages/airflow/example_dags/example_kubernetes_executor.py for tasks to queue
[2025-01-20T19:27:19.924+0000] {logging_mixin.py:190} INFO - [2025-01-20T19:27:19.924+0000] {dagbag.py:588} INFO - Filling up the DagBag from /home/airflow/.local/lib/python3.12/site-packages/airflow/example_dags/example_kubernetes_executor.py
[2025-01-20T19:27:19.935+0000] {processor.py:925} INFO - DAG(s) 'example_kubernetes_executor' retrieved from /home/airflow/.local/lib/python3.12/site-packages/airflow/example_dags/example_kubernetes_executor.py
[2025-01-20T19:27:19.953+0000] {logging_mixin.py:190} INFO - [2025-01-20T19:27:19.953+0000] {dag.py:3239} INFO - Sync 1 DAGs
[2025-01-20T19:27:19.965+0000] {logging_mixin.py:190} INFO - [2025-01-20T19:27:19.965+0000] {dag.py:4180} INFO - Setting next_dagrun for example_kubernetes_executor to None, run_after=None
[2025-01-20T19:27:19.979+0000] {processor.py:208} INFO - Processing /home/airflow/.local/lib/python3.12/site-packages/airflow/example_dags/example_kubernetes_executor.py took 0.061 seconds
[2025-01-20T19:27:50.558+0000] {processor.py:186} INFO - Started process (PID=2058) to work on /home/airflow/.local/lib/python3.12/site-packages/airflow/example_dags/example_kubernetes_executor.py
[2025-01-20T19:27:50.558+0000] {processor.py:914} INFO - Processing file /home/airflow/.local/lib/python3.12/site-packages/airflow/example_dags/example_kubernetes_executor.py for tasks to queue
[2025-01-20T19:27:50.560+0000] {logging_mixin.py:190} INFO - [2025-01-20T19:27:50.560+0000] {dagbag.py:588} INFO - Filling up the DagBag from /home/airflow/.local/lib/python3.12/site-packages/airflow/example_dags/example_kubernetes_executor.py
[2025-01-20T19:27:50.571+0000] {processor.py:925} INFO - DAG(s) 'example_kubernetes_executor' retrieved from /home/airflow/.local/lib/python3.12/site-packages/airflow/example_dags/example_kubernetes_executor.py
[2025-01-20T19:27:50.589+0000] {logging_mixin.py:190} INFO - [2025-01-20T19:27:50.589+0000] {dag.py:3239} INFO - Sync 1 DAGs
[2025-01-20T19:27:50.600+0000] {logging_mixin.py:190} INFO - [2025-01-20T19:27:50.600+0000] {dag.py:4180} INFO - Setting next_dagrun for example_kubernetes_executor to None, run_after=None
[2025-01-20T19:27:50.613+0000] {processor.py:208} INFO - Processing /home/airflow/.local/lib/python3.12/site-packages/airflow/example_dags/example_kubernetes_executor.py took 0.061 seconds
[2025-01-20T19:28:22.088+0000] {processor.py:186} INFO - Started process (PID=2122) to work on /home/airflow/.local/lib/python3.12/site-packages/airflow/example_dags/example_kubernetes_executor.py
[2025-01-20T19:28:22.089+0000] {processor.py:914} INFO - Processing file /home/airflow/.local/lib/python3.12/site-packages/airflow/example_dags/example_kubernetes_executor.py for tasks to queue
[2025-01-20T19:28:22.091+0000] {logging_mixin.py:190} INFO - [2025-01-20T19:28:22.090+0000] {dagbag.py:588} INFO - Filling up the DagBag from /home/airflow/.local/lib/python3.12/site-packages/airflow/example_dags/example_kubernetes_executor.py
[2025-01-20T19:28:22.101+0000] {processor.py:925} INFO - DAG(s) 'example_kubernetes_executor' retrieved from /home/airflow/.local/lib/python3.12/site-packages/airflow/example_dags/example_kubernetes_executor.py
[2025-01-20T19:28:22.119+0000] {logging_mixin.py:190} INFO - [2025-01-20T19:28:22.119+0000] {dag.py:3239} INFO - Sync 1 DAGs
[2025-01-20T19:28:22.131+0000] {logging_mixin.py:190} INFO - [2025-01-20T19:28:22.131+0000] {dag.py:4180} INFO - Setting next_dagrun for example_kubernetes_executor to None, run_after=None
[2025-01-20T19:28:22.144+0000] {processor.py:208} INFO - Processing /home/airflow/.local/lib/python3.12/site-packages/airflow/example_dags/example_kubernetes_executor.py took 0.061 seconds
[2025-01-20T19:28:53.178+0000] {processor.py:186} INFO - Started process (PID=2186) to work on /home/airflow/.local/lib/python3.12/site-packages/airflow/example_dags/example_kubernetes_executor.py
[2025-01-20T19:28:53.179+0000] {processor.py:914} INFO - Processing file /home/airflow/.local/lib/python3.12/site-packages/airflow/example_dags/example_kubernetes_executor.py for tasks to queue
[2025-01-20T19:28:53.180+0000] {logging_mixin.py:190} INFO - [2025-01-20T19:28:53.180+0000] {dagbag.py:588} INFO - Filling up the DagBag from /home/airflow/.local/lib/python3.12/site-packages/airflow/example_dags/example_kubernetes_executor.py
[2025-01-20T19:28:53.192+0000] {processor.py:925} INFO - DAG(s) 'example_kubernetes_executor' retrieved from /home/airflow/.local/lib/python3.12/site-packages/airflow/example_dags/example_kubernetes_executor.py
[2025-01-20T19:28:53.211+0000] {logging_mixin.py:190} INFO - [2025-01-20T19:28:53.211+0000] {dag.py:3239} INFO - Sync 1 DAGs
[2025-01-20T19:28:53.223+0000] {logging_mixin.py:190} INFO - [2025-01-20T19:28:53.223+0000] {dag.py:4180} INFO - Setting next_dagrun for example_kubernetes_executor to None, run_after=None
[2025-01-20T19:28:53.238+0000] {processor.py:208} INFO - Processing /home/airflow/.local/lib/python3.12/site-packages/airflow/example_dags/example_kubernetes_executor.py took 0.064 seconds
[2025-01-20T19:29:24.321+0000] {processor.py:186} INFO - Started process (PID=2250) to work on /home/airflow/.local/lib/python3.12/site-packages/airflow/example_dags/example_kubernetes_executor.py
[2025-01-20T19:29:24.321+0000] {processor.py:914} INFO - Processing file /home/airflow/.local/lib/python3.12/site-packages/airflow/example_dags/example_kubernetes_executor.py for tasks to queue
[2025-01-20T19:29:24.323+0000] {logging_mixin.py:190} INFO - [2025-01-20T19:29:24.323+0000] {dagbag.py:588} INFO - Filling up the DagBag from /home/airflow/.local/lib/python3.12/site-packages/airflow/example_dags/example_kubernetes_executor.py
[2025-01-20T19:29:24.338+0000] {processor.py:925} INFO - DAG(s) 'example_kubernetes_executor' retrieved from /home/airflow/.local/lib/python3.12/site-packages/airflow/example_dags/example_kubernetes_executor.py
[2025-01-20T19:29:24.361+0000] {logging_mixin.py:190} INFO - [2025-01-20T19:29:24.360+0000] {dag.py:3239} INFO - Sync 1 DAGs
[2025-01-20T19:29:24.374+0000] {logging_mixin.py:190} INFO - [2025-01-20T19:29:24.374+0000] {dag.py:4180} INFO - Setting next_dagrun for example_kubernetes_executor to None, run_after=None
[2025-01-20T19:29:24.387+0000] {processor.py:208} INFO - Processing /home/airflow/.local/lib/python3.12/site-packages/airflow/example_dags/example_kubernetes_executor.py took 0.070 seconds
[2025-01-20T19:29:55.784+0000] {processor.py:186} INFO - Started process (PID=2314) to work on /home/airflow/.local/lib/python3.12/site-packages/airflow/example_dags/example_kubernetes_executor.py
[2025-01-20T19:29:55.785+0000] {processor.py:914} INFO - Processing file /home/airflow/.local/lib/python3.12/site-packages/airflow/example_dags/example_kubernetes_executor.py for tasks to queue
[2025-01-20T19:29:55.787+0000] {logging_mixin.py:190} INFO - [2025-01-20T19:29:55.786+0000] {dagbag.py:588} INFO - Filling up the DagBag from /home/airflow/.local/lib/python3.12/site-packages/airflow/example_dags/example_kubernetes_executor.py
[2025-01-20T19:29:55.802+0000] {processor.py:925} INFO - DAG(s) 'example_kubernetes_executor' retrieved from /home/airflow/.local/lib/python3.12/site-packages/airflow/example_dags/example_kubernetes_executor.py
[2025-01-20T19:29:55.823+0000] {logging_mixin.py:190} INFO - [2025-01-20T19:29:55.823+0000] {dag.py:3239} INFO - Sync 1 DAGs
[2025-01-20T19:29:55.834+0000] {logging_mixin.py:190} INFO - [2025-01-20T19:29:55.834+0000] {dag.py:4180} INFO - Setting next_dagrun for example_kubernetes_executor to None, run_after=None
[2025-01-20T19:29:55.847+0000] {processor.py:208} INFO - Processing /home/airflow/.local/lib/python3.12/site-packages/airflow/example_dags/example_kubernetes_executor.py took 0.068 seconds
[2025-01-20T19:30:27.004+0000] {processor.py:186} INFO - Started process (PID=2379) to work on /home/airflow/.local/lib/python3.12/site-packages/airflow/example_dags/example_kubernetes_executor.py
[2025-01-20T19:30:27.005+0000] {processor.py:914} INFO - Processing file /home/airflow/.local/lib/python3.12/site-packages/airflow/example_dags/example_kubernetes_executor.py for tasks to queue
[2025-01-20T19:30:27.006+0000] {logging_mixin.py:190} INFO - [2025-01-20T19:30:27.006+0000] {dagbag.py:588} INFO - Filling up the DagBag from /home/airflow/.local/lib/python3.12/site-packages/airflow/example_dags/example_kubernetes_executor.py
[2025-01-20T19:30:27.018+0000] {processor.py:925} INFO - DAG(s) 'example_kubernetes_executor' retrieved from /home/airflow/.local/lib/python3.12/site-packages/airflow/example_dags/example_kubernetes_executor.py
[2025-01-20T19:30:27.036+0000] {logging_mixin.py:190} INFO - [2025-01-20T19:30:27.036+0000] {dag.py:3239} INFO - Sync 1 DAGs
[2025-01-20T19:30:27.047+0000] {logging_mixin.py:190} INFO - [2025-01-20T19:30:27.047+0000] {dag.py:4180} INFO - Setting next_dagrun for example_kubernetes_executor to None, run_after=None
[2025-01-20T19:30:27.060+0000] {processor.py:208} INFO - Processing /home/airflow/.local/lib/python3.12/site-packages/airflow/example_dags/example_kubernetes_executor.py took 0.064 seconds
