[2025-01-20T19:11:50.417+0000] {processor.py:186} INFO - Started process (PID=110) to work on /home/airflow/.local/lib/python3.12/site-packages/airflow/example_dags/example_display_name.py
[2025-01-20T19:11:50.418+0000] {processor.py:914} INFO - Processing file /home/airflow/.local/lib/python3.12/site-packages/airflow/example_dags/example_display_name.py for tasks to queue
[2025-01-20T19:11:50.420+0000] {logging_mixin.py:190} INFO - [2025-01-20T19:11:50.420+0000] {dagbag.py:588} INFO - Filling up the DagBag from /home/airflow/.local/lib/python3.12/site-packages/airflow/example_dags/example_display_name.py
[2025-01-20T19:11:50.430+0000] {processor.py:925} INFO - DAG(s) 'example_display_name' retrieved from /home/airflow/.local/lib/python3.12/site-packages/airflow/example_dags/example_display_name.py
[2025-01-20T19:11:50.538+0000] {logging_mixin.py:190} INFO - [2025-01-20T19:11:50.538+0000] {override.py:1911} INFO - Created Permission View: can edit on DAG:example_display_name
[2025-01-20T19:11:50.545+0000] {logging_mixin.py:190} INFO - [2025-01-20T19:11:50.545+0000] {override.py:1911} INFO - Created Permission View: can delete on DAG:example_display_name
[2025-01-20T19:11:50.550+0000] {logging_mixin.py:190} INFO - [2025-01-20T19:11:50.549+0000] {override.py:1911} INFO - Created Permission View: can read on DAG:example_display_name
[2025-01-20T19:11:50.555+0000] {logging_mixin.py:190} INFO - [2025-01-20T19:11:50.554+0000] {override.py:1911} INFO - Created Permission View: can create on DAG Run:example_display_name
[2025-01-20T19:11:50.560+0000] {logging_mixin.py:190} INFO - [2025-01-20T19:11:50.560+0000] {override.py:1911} INFO - Created Permission View: can delete on DAG Run:example_display_name
[2025-01-20T19:11:50.565+0000] {logging_mixin.py:190} INFO - [2025-01-20T19:11:50.565+0000] {override.py:1911} INFO - Created Permission View: menu access on DAG Run:example_display_name
[2025-01-20T19:11:50.571+0000] {logging_mixin.py:190} INFO - [2025-01-20T19:11:50.570+0000] {override.py:1911} INFO - Created Permission View: can read on DAG Run:example_display_name
[2025-01-20T19:11:50.571+0000] {logging_mixin.py:190} INFO - [2025-01-20T19:11:50.571+0000] {dag.py:3239} INFO - Sync 1 DAGs
[2025-01-20T19:11:50.584+0000] {logging_mixin.py:190} INFO - [2025-01-20T19:11:50.584+0000] {dag.py:3262} INFO - Creating ORM DAG for example_display_name
[2025-01-20T19:11:50.585+0000] {logging_mixin.py:190} INFO - [2025-01-20T19:11:50.585+0000] {dag.py:4180} INFO - Setting next_dagrun for example_display_name to None, run_after=None
[2025-01-20T19:11:50.600+0000] {processor.py:208} INFO - Processing /home/airflow/.local/lib/python3.12/site-packages/airflow/example_dags/example_display_name.py took 0.189 seconds
[2025-01-20T19:12:20.811+0000] {processor.py:186} INFO - Started process (PID=173) to work on /home/airflow/.local/lib/python3.12/site-packages/airflow/example_dags/example_display_name.py
[2025-01-20T19:12:20.811+0000] {processor.py:914} INFO - Processing file /home/airflow/.local/lib/python3.12/site-packages/airflow/example_dags/example_display_name.py for tasks to queue
[2025-01-20T19:12:20.813+0000] {logging_mixin.py:190} INFO - [2025-01-20T19:12:20.813+0000] {dagbag.py:588} INFO - Filling up the DagBag from /home/airflow/.local/lib/python3.12/site-packages/airflow/example_dags/example_display_name.py
[2025-01-20T19:12:20.819+0000] {processor.py:925} INFO - DAG(s) 'example_display_name' retrieved from /home/airflow/.local/lib/python3.12/site-packages/airflow/example_dags/example_display_name.py
[2025-01-20T19:12:20.836+0000] {logging_mixin.py:190} INFO - [2025-01-20T19:12:20.836+0000] {dag.py:3239} INFO - Sync 1 DAGs
[2025-01-20T19:12:20.849+0000] {logging_mixin.py:190} INFO - [2025-01-20T19:12:20.848+0000] {dag.py:4180} INFO - Setting next_dagrun for example_display_name to None, run_after=None
[2025-01-20T19:12:20.865+0000] {processor.py:208} INFO - Processing /home/airflow/.local/lib/python3.12/site-packages/airflow/example_dags/example_display_name.py took 0.058 seconds
[2025-01-20T19:12:51.496+0000] {processor.py:186} INFO - Started process (PID=236) to work on /home/airflow/.local/lib/python3.12/site-packages/airflow/example_dags/example_display_name.py
[2025-01-20T19:12:51.497+0000] {processor.py:914} INFO - Processing file /home/airflow/.local/lib/python3.12/site-packages/airflow/example_dags/example_display_name.py for tasks to queue
[2025-01-20T19:12:51.499+0000] {logging_mixin.py:190} INFO - [2025-01-20T19:12:51.498+0000] {dagbag.py:588} INFO - Filling up the DagBag from /home/airflow/.local/lib/python3.12/site-packages/airflow/example_dags/example_display_name.py
[2025-01-20T19:12:51.504+0000] {processor.py:925} INFO - DAG(s) 'example_display_name' retrieved from /home/airflow/.local/lib/python3.12/site-packages/airflow/example_dags/example_display_name.py
[2025-01-20T19:12:51.521+0000] {logging_mixin.py:190} INFO - [2025-01-20T19:12:51.521+0000] {dag.py:3239} INFO - Sync 1 DAGs
[2025-01-20T19:12:51.535+0000] {logging_mixin.py:190} INFO - [2025-01-20T19:12:51.535+0000] {dag.py:4180} INFO - Setting next_dagrun for example_display_name to None, run_after=None
[2025-01-20T19:12:51.550+0000] {processor.py:208} INFO - Processing /home/airflow/.local/lib/python3.12/site-packages/airflow/example_dags/example_display_name.py took 0.058 seconds
[2025-01-20T19:13:21.896+0000] {processor.py:186} INFO - Started process (PID=299) to work on /home/airflow/.local/lib/python3.12/site-packages/airflow/example_dags/example_display_name.py
[2025-01-20T19:13:21.897+0000] {processor.py:914} INFO - Processing file /home/airflow/.local/lib/python3.12/site-packages/airflow/example_dags/example_display_name.py for tasks to queue
[2025-01-20T19:13:21.899+0000] {logging_mixin.py:190} INFO - [2025-01-20T19:13:21.898+0000] {dagbag.py:588} INFO - Filling up the DagBag from /home/airflow/.local/lib/python3.12/site-packages/airflow/example_dags/example_display_name.py
[2025-01-20T19:13:21.905+0000] {processor.py:925} INFO - DAG(s) 'example_display_name' retrieved from /home/airflow/.local/lib/python3.12/site-packages/airflow/example_dags/example_display_name.py
[2025-01-20T19:13:21.919+0000] {logging_mixin.py:190} INFO - [2025-01-20T19:13:21.919+0000] {dag.py:3239} INFO - Sync 1 DAGs
[2025-01-20T19:13:21.930+0000] {logging_mixin.py:190} INFO - [2025-01-20T19:13:21.930+0000] {dag.py:4180} INFO - Setting next_dagrun for example_display_name to None, run_after=None
[2025-01-20T19:13:21.942+0000] {processor.py:208} INFO - Processing /home/airflow/.local/lib/python3.12/site-packages/airflow/example_dags/example_display_name.py took 0.051 seconds
[2025-01-20T19:13:52.618+0000] {processor.py:186} INFO - Started process (PID=361) to work on /home/airflow/.local/lib/python3.12/site-packages/airflow/example_dags/example_display_name.py
[2025-01-20T19:13:52.619+0000] {processor.py:914} INFO - Processing file /home/airflow/.local/lib/python3.12/site-packages/airflow/example_dags/example_display_name.py for tasks to queue
[2025-01-20T19:13:52.621+0000] {logging_mixin.py:190} INFO - [2025-01-20T19:13:52.620+0000] {dagbag.py:588} INFO - Filling up the DagBag from /home/airflow/.local/lib/python3.12/site-packages/airflow/example_dags/example_display_name.py
[2025-01-20T19:13:52.628+0000] {processor.py:925} INFO - DAG(s) 'example_display_name' retrieved from /home/airflow/.local/lib/python3.12/site-packages/airflow/example_dags/example_display_name.py
[2025-01-20T19:13:52.642+0000] {logging_mixin.py:190} INFO - [2025-01-20T19:13:52.642+0000] {dag.py:3239} INFO - Sync 1 DAGs
[2025-01-20T19:13:52.654+0000] {logging_mixin.py:190} INFO - [2025-01-20T19:13:52.654+0000] {dag.py:4180} INFO - Setting next_dagrun for example_display_name to None, run_after=None
[2025-01-20T19:13:52.669+0000] {processor.py:208} INFO - Processing /home/airflow/.local/lib/python3.12/site-packages/airflow/example_dags/example_display_name.py took 0.055 seconds
[2025-01-20T19:14:23.122+0000] {processor.py:186} INFO - Started process (PID=424) to work on /home/airflow/.local/lib/python3.12/site-packages/airflow/example_dags/example_display_name.py
[2025-01-20T19:14:23.123+0000] {processor.py:914} INFO - Processing file /home/airflow/.local/lib/python3.12/site-packages/airflow/example_dags/example_display_name.py for tasks to queue
[2025-01-20T19:14:23.125+0000] {logging_mixin.py:190} INFO - [2025-01-20T19:14:23.125+0000] {dagbag.py:588} INFO - Filling up the DagBag from /home/airflow/.local/lib/python3.12/site-packages/airflow/example_dags/example_display_name.py
[2025-01-20T19:14:23.133+0000] {processor.py:925} INFO - DAG(s) 'example_display_name' retrieved from /home/airflow/.local/lib/python3.12/site-packages/airflow/example_dags/example_display_name.py
[2025-01-20T19:14:23.155+0000] {logging_mixin.py:190} INFO - [2025-01-20T19:14:23.154+0000] {dag.py:3239} INFO - Sync 1 DAGs
[2025-01-20T19:14:23.172+0000] {logging_mixin.py:190} INFO - [2025-01-20T19:14:23.172+0000] {dag.py:4180} INFO - Setting next_dagrun for example_display_name to None, run_after=None
[2025-01-20T19:14:23.188+0000] {processor.py:208} INFO - Processing /home/airflow/.local/lib/python3.12/site-packages/airflow/example_dags/example_display_name.py took 0.072 seconds
[2025-01-20T19:14:53.533+0000] {processor.py:186} INFO - Started process (PID=486) to work on /home/airflow/.local/lib/python3.12/site-packages/airflow/example_dags/example_display_name.py
[2025-01-20T19:14:53.534+0000] {processor.py:914} INFO - Processing file /home/airflow/.local/lib/python3.12/site-packages/airflow/example_dags/example_display_name.py for tasks to queue
[2025-01-20T19:14:53.535+0000] {logging_mixin.py:190} INFO - [2025-01-20T19:14:53.535+0000] {dagbag.py:588} INFO - Filling up the DagBag from /home/airflow/.local/lib/python3.12/site-packages/airflow/example_dags/example_display_name.py
[2025-01-20T19:14:53.541+0000] {processor.py:925} INFO - DAG(s) 'example_display_name' retrieved from /home/airflow/.local/lib/python3.12/site-packages/airflow/example_dags/example_display_name.py
[2025-01-20T19:14:53.554+0000] {logging_mixin.py:190} INFO - [2025-01-20T19:14:53.554+0000] {dag.py:3239} INFO - Sync 1 DAGs
[2025-01-20T19:14:53.565+0000] {logging_mixin.py:190} INFO - [2025-01-20T19:14:53.565+0000] {dag.py:4180} INFO - Setting next_dagrun for example_display_name to None, run_after=None
[2025-01-20T19:14:53.577+0000] {processor.py:208} INFO - Processing /home/airflow/.local/lib/python3.12/site-packages/airflow/example_dags/example_display_name.py took 0.048 seconds
[2025-01-20T19:15:24.042+0000] {processor.py:186} INFO - Started process (PID=550) to work on /home/airflow/.local/lib/python3.12/site-packages/airflow/example_dags/example_display_name.py
[2025-01-20T19:15:24.043+0000] {processor.py:914} INFO - Processing file /home/airflow/.local/lib/python3.12/site-packages/airflow/example_dags/example_display_name.py for tasks to queue
[2025-01-20T19:15:24.045+0000] {logging_mixin.py:190} INFO - [2025-01-20T19:15:24.044+0000] {dagbag.py:588} INFO - Filling up the DagBag from /home/airflow/.local/lib/python3.12/site-packages/airflow/example_dags/example_display_name.py
[2025-01-20T19:15:24.052+0000] {processor.py:925} INFO - DAG(s) 'example_display_name' retrieved from /home/airflow/.local/lib/python3.12/site-packages/airflow/example_dags/example_display_name.py
[2025-01-20T19:15:24.069+0000] {logging_mixin.py:190} INFO - [2025-01-20T19:15:24.069+0000] {dag.py:3239} INFO - Sync 1 DAGs
[2025-01-20T19:15:24.084+0000] {logging_mixin.py:190} INFO - [2025-01-20T19:15:24.084+0000] {dag.py:4180} INFO - Setting next_dagrun for example_display_name to None, run_after=None
[2025-01-20T19:15:24.100+0000] {processor.py:208} INFO - Processing /home/airflow/.local/lib/python3.12/site-packages/airflow/example_dags/example_display_name.py took 0.062 seconds
[2025-01-20T19:15:55.089+0000] {processor.py:186} INFO - Started process (PID=613) to work on /home/airflow/.local/lib/python3.12/site-packages/airflow/example_dags/example_display_name.py
[2025-01-20T19:15:55.090+0000] {processor.py:914} INFO - Processing file /home/airflow/.local/lib/python3.12/site-packages/airflow/example_dags/example_display_name.py for tasks to queue
[2025-01-20T19:15:55.092+0000] {logging_mixin.py:190} INFO - [2025-01-20T19:15:55.091+0000] {dagbag.py:588} INFO - Filling up the DagBag from /home/airflow/.local/lib/python3.12/site-packages/airflow/example_dags/example_display_name.py
[2025-01-20T19:15:55.100+0000] {processor.py:925} INFO - DAG(s) 'example_display_name' retrieved from /home/airflow/.local/lib/python3.12/site-packages/airflow/example_dags/example_display_name.py
[2025-01-20T19:15:55.118+0000] {logging_mixin.py:190} INFO - [2025-01-20T19:15:55.118+0000] {dag.py:3239} INFO - Sync 1 DAGs
[2025-01-20T19:15:55.135+0000] {logging_mixin.py:190} INFO - [2025-01-20T19:15:55.135+0000] {dag.py:4180} INFO - Setting next_dagrun for example_display_name to None, run_after=None
[2025-01-20T19:15:55.157+0000] {processor.py:208} INFO - Processing /home/airflow/.local/lib/python3.12/site-packages/airflow/example_dags/example_display_name.py took 0.074 seconds
[2025-01-20T19:16:25.689+0000] {processor.py:186} INFO - Started process (PID=677) to work on /home/airflow/.local/lib/python3.12/site-packages/airflow/example_dags/example_display_name.py
[2025-01-20T19:16:25.689+0000] {processor.py:914} INFO - Processing file /home/airflow/.local/lib/python3.12/site-packages/airflow/example_dags/example_display_name.py for tasks to queue
[2025-01-20T19:16:25.691+0000] {logging_mixin.py:190} INFO - [2025-01-20T19:16:25.691+0000] {dagbag.py:588} INFO - Filling up the DagBag from /home/airflow/.local/lib/python3.12/site-packages/airflow/example_dags/example_display_name.py
[2025-01-20T19:16:25.697+0000] {processor.py:925} INFO - DAG(s) 'example_display_name' retrieved from /home/airflow/.local/lib/python3.12/site-packages/airflow/example_dags/example_display_name.py
[2025-01-20T19:16:25.710+0000] {logging_mixin.py:190} INFO - [2025-01-20T19:16:25.710+0000] {dag.py:3239} INFO - Sync 1 DAGs
[2025-01-20T19:16:25.722+0000] {logging_mixin.py:190} INFO - [2025-01-20T19:16:25.722+0000] {dag.py:4180} INFO - Setting next_dagrun for example_display_name to None, run_after=None
[2025-01-20T19:16:25.735+0000] {processor.py:208} INFO - Processing /home/airflow/.local/lib/python3.12/site-packages/airflow/example_dags/example_display_name.py took 0.051 seconds
[2025-01-20T19:16:56.900+0000] {processor.py:186} INFO - Started process (PID=740) to work on /home/airflow/.local/lib/python3.12/site-packages/airflow/example_dags/example_display_name.py
[2025-01-20T19:16:56.900+0000] {processor.py:914} INFO - Processing file /home/airflow/.local/lib/python3.12/site-packages/airflow/example_dags/example_display_name.py for tasks to queue
[2025-01-20T19:16:56.902+0000] {logging_mixin.py:190} INFO - [2025-01-20T19:16:56.902+0000] {dagbag.py:588} INFO - Filling up the DagBag from /home/airflow/.local/lib/python3.12/site-packages/airflow/example_dags/example_display_name.py
[2025-01-20T19:16:56.908+0000] {processor.py:925} INFO - DAG(s) 'example_display_name' retrieved from /home/airflow/.local/lib/python3.12/site-packages/airflow/example_dags/example_display_name.py
[2025-01-20T19:16:56.922+0000] {logging_mixin.py:190} INFO - [2025-01-20T19:16:56.922+0000] {dag.py:3239} INFO - Sync 1 DAGs
[2025-01-20T19:16:56.933+0000] {logging_mixin.py:190} INFO - [2025-01-20T19:16:56.932+0000] {dag.py:4180} INFO - Setting next_dagrun for example_display_name to None, run_after=None
[2025-01-20T19:16:56.945+0000] {processor.py:208} INFO - Processing /home/airflow/.local/lib/python3.12/site-packages/airflow/example_dags/example_display_name.py took 0.049 seconds
[2025-01-20T19:17:28.022+0000] {processor.py:186} INFO - Started process (PID=803) to work on /home/airflow/.local/lib/python3.12/site-packages/airflow/example_dags/example_display_name.py
[2025-01-20T19:17:28.022+0000] {processor.py:914} INFO - Processing file /home/airflow/.local/lib/python3.12/site-packages/airflow/example_dags/example_display_name.py for tasks to queue
[2025-01-20T19:17:28.024+0000] {logging_mixin.py:190} INFO - [2025-01-20T19:17:28.024+0000] {dagbag.py:588} INFO - Filling up the DagBag from /home/airflow/.local/lib/python3.12/site-packages/airflow/example_dags/example_display_name.py
[2025-01-20T19:17:28.031+0000] {processor.py:925} INFO - DAG(s) 'example_display_name' retrieved from /home/airflow/.local/lib/python3.12/site-packages/airflow/example_dags/example_display_name.py
[2025-01-20T19:17:28.048+0000] {logging_mixin.py:190} INFO - [2025-01-20T19:17:28.048+0000] {dag.py:3239} INFO - Sync 1 DAGs
[2025-01-20T19:17:28.062+0000] {logging_mixin.py:190} INFO - [2025-01-20T19:17:28.061+0000] {dag.py:4180} INFO - Setting next_dagrun for example_display_name to None, run_after=None
[2025-01-20T19:17:28.075+0000] {processor.py:208} INFO - Processing /home/airflow/.local/lib/python3.12/site-packages/airflow/example_dags/example_display_name.py took 0.058 seconds
[2025-01-20T19:17:59.169+0000] {processor.py:186} INFO - Started process (PID=866) to work on /home/airflow/.local/lib/python3.12/site-packages/airflow/example_dags/example_display_name.py
[2025-01-20T19:17:59.170+0000] {processor.py:914} INFO - Processing file /home/airflow/.local/lib/python3.12/site-packages/airflow/example_dags/example_display_name.py for tasks to queue
[2025-01-20T19:17:59.171+0000] {logging_mixin.py:190} INFO - [2025-01-20T19:17:59.171+0000] {dagbag.py:588} INFO - Filling up the DagBag from /home/airflow/.local/lib/python3.12/site-packages/airflow/example_dags/example_display_name.py
[2025-01-20T19:17:59.177+0000] {processor.py:925} INFO - DAG(s) 'example_display_name' retrieved from /home/airflow/.local/lib/python3.12/site-packages/airflow/example_dags/example_display_name.py
[2025-01-20T19:17:59.190+0000] {logging_mixin.py:190} INFO - [2025-01-20T19:17:59.190+0000] {dag.py:3239} INFO - Sync 1 DAGs
[2025-01-20T19:17:59.200+0000] {logging_mixin.py:190} INFO - [2025-01-20T19:17:59.200+0000] {dag.py:4180} INFO - Setting next_dagrun for example_display_name to None, run_after=None
[2025-01-20T19:17:59.214+0000] {processor.py:208} INFO - Processing /home/airflow/.local/lib/python3.12/site-packages/airflow/example_dags/example_display_name.py took 0.049 seconds
[2025-01-20T19:18:30.279+0000] {processor.py:186} INFO - Started process (PID=929) to work on /home/airflow/.local/lib/python3.12/site-packages/airflow/example_dags/example_display_name.py
[2025-01-20T19:18:30.280+0000] {processor.py:914} INFO - Processing file /home/airflow/.local/lib/python3.12/site-packages/airflow/example_dags/example_display_name.py for tasks to queue
[2025-01-20T19:18:30.281+0000] {logging_mixin.py:190} INFO - [2025-01-20T19:18:30.281+0000] {dagbag.py:588} INFO - Filling up the DagBag from /home/airflow/.local/lib/python3.12/site-packages/airflow/example_dags/example_display_name.py
[2025-01-20T19:18:30.288+0000] {processor.py:925} INFO - DAG(s) 'example_display_name' retrieved from /home/airflow/.local/lib/python3.12/site-packages/airflow/example_dags/example_display_name.py
[2025-01-20T19:18:30.304+0000] {logging_mixin.py:190} INFO - [2025-01-20T19:18:30.304+0000] {dag.py:3239} INFO - Sync 1 DAGs
[2025-01-20T19:18:30.318+0000] {logging_mixin.py:190} INFO - [2025-01-20T19:18:30.318+0000] {dag.py:4180} INFO - Setting next_dagrun for example_display_name to None, run_after=None
[2025-01-20T19:18:30.331+0000] {processor.py:208} INFO - Processing /home/airflow/.local/lib/python3.12/site-packages/airflow/example_dags/example_display_name.py took 0.056 seconds
[2025-01-20T19:19:01.233+0000] {processor.py:186} INFO - Started process (PID=992) to work on /home/airflow/.local/lib/python3.12/site-packages/airflow/example_dags/example_display_name.py
[2025-01-20T19:19:01.234+0000] {processor.py:914} INFO - Processing file /home/airflow/.local/lib/python3.12/site-packages/airflow/example_dags/example_display_name.py for tasks to queue
[2025-01-20T19:19:01.235+0000] {logging_mixin.py:190} INFO - [2025-01-20T19:19:01.235+0000] {dagbag.py:588} INFO - Filling up the DagBag from /home/airflow/.local/lib/python3.12/site-packages/airflow/example_dags/example_display_name.py
[2025-01-20T19:19:01.241+0000] {processor.py:925} INFO - DAG(s) 'example_display_name' retrieved from /home/airflow/.local/lib/python3.12/site-packages/airflow/example_dags/example_display_name.py
[2025-01-20T19:19:01.255+0000] {logging_mixin.py:190} INFO - [2025-01-20T19:19:01.255+0000] {dag.py:3239} INFO - Sync 1 DAGs
[2025-01-20T19:19:01.266+0000] {logging_mixin.py:190} INFO - [2025-01-20T19:19:01.265+0000] {dag.py:4180} INFO - Setting next_dagrun for example_display_name to None, run_after=None
[2025-01-20T19:19:01.277+0000] {processor.py:208} INFO - Processing /home/airflow/.local/lib/python3.12/site-packages/airflow/example_dags/example_display_name.py took 0.049 seconds
[2025-01-20T19:19:32.330+0000] {processor.py:186} INFO - Started process (PID=1055) to work on /home/airflow/.local/lib/python3.12/site-packages/airflow/example_dags/example_display_name.py
[2025-01-20T19:19:32.331+0000] {processor.py:914} INFO - Processing file /home/airflow/.local/lib/python3.12/site-packages/airflow/example_dags/example_display_name.py for tasks to queue
[2025-01-20T19:19:32.333+0000] {logging_mixin.py:190} INFO - [2025-01-20T19:19:32.333+0000] {dagbag.py:588} INFO - Filling up the DagBag from /home/airflow/.local/lib/python3.12/site-packages/airflow/example_dags/example_display_name.py
[2025-01-20T19:19:32.341+0000] {processor.py:925} INFO - DAG(s) 'example_display_name' retrieved from /home/airflow/.local/lib/python3.12/site-packages/airflow/example_dags/example_display_name.py
[2025-01-20T19:19:32.363+0000] {logging_mixin.py:190} INFO - [2025-01-20T19:19:32.363+0000] {dag.py:3239} INFO - Sync 1 DAGs
[2025-01-20T19:19:32.380+0000] {logging_mixin.py:190} INFO - [2025-01-20T19:19:32.379+0000] {dag.py:4180} INFO - Setting next_dagrun for example_display_name to None, run_after=None
[2025-01-20T19:19:32.396+0000] {processor.py:208} INFO - Processing /home/airflow/.local/lib/python3.12/site-packages/airflow/example_dags/example_display_name.py took 0.072 seconds
[2025-01-20T19:20:03.447+0000] {processor.py:186} INFO - Started process (PID=1118) to work on /home/airflow/.local/lib/python3.12/site-packages/airflow/example_dags/example_display_name.py
[2025-01-20T19:20:03.448+0000] {processor.py:914} INFO - Processing file /home/airflow/.local/lib/python3.12/site-packages/airflow/example_dags/example_display_name.py for tasks to queue
[2025-01-20T19:20:03.450+0000] {logging_mixin.py:190} INFO - [2025-01-20T19:20:03.449+0000] {dagbag.py:588} INFO - Filling up the DagBag from /home/airflow/.local/lib/python3.12/site-packages/airflow/example_dags/example_display_name.py
[2025-01-20T19:20:03.457+0000] {processor.py:925} INFO - DAG(s) 'example_display_name' retrieved from /home/airflow/.local/lib/python3.12/site-packages/airflow/example_dags/example_display_name.py
[2025-01-20T19:20:03.471+0000] {logging_mixin.py:190} INFO - [2025-01-20T19:20:03.471+0000] {dag.py:3239} INFO - Sync 1 DAGs
[2025-01-20T19:20:03.484+0000] {logging_mixin.py:190} INFO - [2025-01-20T19:20:03.484+0000] {dag.py:4180} INFO - Setting next_dagrun for example_display_name to None, run_after=None
[2025-01-20T19:20:03.500+0000] {processor.py:208} INFO - Processing /home/airflow/.local/lib/python3.12/site-packages/airflow/example_dags/example_display_name.py took 0.057 seconds
[2025-01-20T19:20:34.484+0000] {processor.py:186} INFO - Started process (PID=1181) to work on /home/airflow/.local/lib/python3.12/site-packages/airflow/example_dags/example_display_name.py
[2025-01-20T19:20:34.485+0000] {processor.py:914} INFO - Processing file /home/airflow/.local/lib/python3.12/site-packages/airflow/example_dags/example_display_name.py for tasks to queue
[2025-01-20T19:20:34.486+0000] {logging_mixin.py:190} INFO - [2025-01-20T19:20:34.486+0000] {dagbag.py:588} INFO - Filling up the DagBag from /home/airflow/.local/lib/python3.12/site-packages/airflow/example_dags/example_display_name.py
[2025-01-20T19:20:34.494+0000] {processor.py:925} INFO - DAG(s) 'example_display_name' retrieved from /home/airflow/.local/lib/python3.12/site-packages/airflow/example_dags/example_display_name.py
[2025-01-20T19:20:34.507+0000] {logging_mixin.py:190} INFO - [2025-01-20T19:20:34.507+0000] {dag.py:3239} INFO - Sync 1 DAGs
[2025-01-20T19:20:34.518+0000] {logging_mixin.py:190} INFO - [2025-01-20T19:20:34.518+0000] {dag.py:4180} INFO - Setting next_dagrun for example_display_name to None, run_after=None
[2025-01-20T19:20:34.532+0000] {processor.py:208} INFO - Processing /home/airflow/.local/lib/python3.12/site-packages/airflow/example_dags/example_display_name.py took 0.053 seconds
[2025-01-20T19:21:05.754+0000] {processor.py:186} INFO - Started process (PID=1244) to work on /home/airflow/.local/lib/python3.12/site-packages/airflow/example_dags/example_display_name.py
[2025-01-20T19:21:05.755+0000] {processor.py:914} INFO - Processing file /home/airflow/.local/lib/python3.12/site-packages/airflow/example_dags/example_display_name.py for tasks to queue
[2025-01-20T19:21:05.757+0000] {logging_mixin.py:190} INFO - [2025-01-20T19:21:05.757+0000] {dagbag.py:588} INFO - Filling up the DagBag from /home/airflow/.local/lib/python3.12/site-packages/airflow/example_dags/example_display_name.py
[2025-01-20T19:21:05.765+0000] {processor.py:925} INFO - DAG(s) 'example_display_name' retrieved from /home/airflow/.local/lib/python3.12/site-packages/airflow/example_dags/example_display_name.py
[2025-01-20T19:21:05.784+0000] {logging_mixin.py:190} INFO - [2025-01-20T19:21:05.784+0000] {dag.py:3239} INFO - Sync 1 DAGs
[2025-01-20T19:21:05.801+0000] {logging_mixin.py:190} INFO - [2025-01-20T19:21:05.801+0000] {dag.py:4180} INFO - Setting next_dagrun for example_display_name to None, run_after=None
[2025-01-20T19:21:05.820+0000] {processor.py:208} INFO - Processing /home/airflow/.local/lib/python3.12/site-packages/airflow/example_dags/example_display_name.py took 0.072 seconds
[2025-01-20T19:21:37.194+0000] {processor.py:186} INFO - Started process (PID=1307) to work on /home/airflow/.local/lib/python3.12/site-packages/airflow/example_dags/example_display_name.py
[2025-01-20T19:21:37.195+0000] {processor.py:914} INFO - Processing file /home/airflow/.local/lib/python3.12/site-packages/airflow/example_dags/example_display_name.py for tasks to queue
[2025-01-20T19:21:37.196+0000] {logging_mixin.py:190} INFO - [2025-01-20T19:21:37.196+0000] {dagbag.py:588} INFO - Filling up the DagBag from /home/airflow/.local/lib/python3.12/site-packages/airflow/example_dags/example_display_name.py
[2025-01-20T19:21:37.202+0000] {processor.py:925} INFO - DAG(s) 'example_display_name' retrieved from /home/airflow/.local/lib/python3.12/site-packages/airflow/example_dags/example_display_name.py
[2025-01-20T19:21:37.216+0000] {logging_mixin.py:190} INFO - [2025-01-20T19:21:37.216+0000] {dag.py:3239} INFO - Sync 1 DAGs
[2025-01-20T19:21:37.226+0000] {logging_mixin.py:190} INFO - [2025-01-20T19:21:37.226+0000] {dag.py:4180} INFO - Setting next_dagrun for example_display_name to None, run_after=None
[2025-01-20T19:21:37.238+0000] {processor.py:208} INFO - Processing /home/airflow/.local/lib/python3.12/site-packages/airflow/example_dags/example_display_name.py took 0.048 seconds
[2025-01-20T19:22:08.446+0000] {processor.py:186} INFO - Started process (PID=1370) to work on /home/airflow/.local/lib/python3.12/site-packages/airflow/example_dags/example_display_name.py
[2025-01-20T19:22:08.447+0000] {processor.py:914} INFO - Processing file /home/airflow/.local/lib/python3.12/site-packages/airflow/example_dags/example_display_name.py for tasks to queue
[2025-01-20T19:22:08.449+0000] {logging_mixin.py:190} INFO - [2025-01-20T19:22:08.448+0000] {dagbag.py:588} INFO - Filling up the DagBag from /home/airflow/.local/lib/python3.12/site-packages/airflow/example_dags/example_display_name.py
[2025-01-20T19:22:08.455+0000] {processor.py:925} INFO - DAG(s) 'example_display_name' retrieved from /home/airflow/.local/lib/python3.12/site-packages/airflow/example_dags/example_display_name.py
[2025-01-20T19:22:08.471+0000] {logging_mixin.py:190} INFO - [2025-01-20T19:22:08.471+0000] {dag.py:3239} INFO - Sync 1 DAGs
[2025-01-20T19:22:08.483+0000] {logging_mixin.py:190} INFO - [2025-01-20T19:22:08.483+0000] {dag.py:4180} INFO - Setting next_dagrun for example_display_name to None, run_after=None
[2025-01-20T19:22:08.496+0000] {processor.py:208} INFO - Processing /home/airflow/.local/lib/python3.12/site-packages/airflow/example_dags/example_display_name.py took 0.055 seconds
[2025-01-20T19:22:39.499+0000] {processor.py:186} INFO - Started process (PID=1433) to work on /home/airflow/.local/lib/python3.12/site-packages/airflow/example_dags/example_display_name.py
[2025-01-20T19:22:39.500+0000] {processor.py:914} INFO - Processing file /home/airflow/.local/lib/python3.12/site-packages/airflow/example_dags/example_display_name.py for tasks to queue
[2025-01-20T19:22:39.501+0000] {logging_mixin.py:190} INFO - [2025-01-20T19:22:39.501+0000] {dagbag.py:588} INFO - Filling up the DagBag from /home/airflow/.local/lib/python3.12/site-packages/airflow/example_dags/example_display_name.py
[2025-01-20T19:22:39.508+0000] {processor.py:925} INFO - DAG(s) 'example_display_name' retrieved from /home/airflow/.local/lib/python3.12/site-packages/airflow/example_dags/example_display_name.py
[2025-01-20T19:22:39.524+0000] {logging_mixin.py:190} INFO - [2025-01-20T19:22:39.524+0000] {dag.py:3239} INFO - Sync 1 DAGs
[2025-01-20T19:22:39.537+0000] {logging_mixin.py:190} INFO - [2025-01-20T19:22:39.537+0000] {dag.py:4180} INFO - Setting next_dagrun for example_display_name to None, run_after=None
[2025-01-20T19:22:39.551+0000] {processor.py:208} INFO - Processing /home/airflow/.local/lib/python3.12/site-packages/airflow/example_dags/example_display_name.py took 0.057 seconds
[2025-01-20T19:23:10.709+0000] {processor.py:186} INFO - Started process (PID=1496) to work on /home/airflow/.local/lib/python3.12/site-packages/airflow/example_dags/example_display_name.py
[2025-01-20T19:23:10.710+0000] {processor.py:914} INFO - Processing file /home/airflow/.local/lib/python3.12/site-packages/airflow/example_dags/example_display_name.py for tasks to queue
[2025-01-20T19:23:10.718+0000] {logging_mixin.py:190} INFO - [2025-01-20T19:23:10.717+0000] {dagbag.py:588} INFO - Filling up the DagBag from /home/airflow/.local/lib/python3.12/site-packages/airflow/example_dags/example_display_name.py
[2025-01-20T19:23:10.726+0000] {processor.py:925} INFO - DAG(s) 'example_display_name' retrieved from /home/airflow/.local/lib/python3.12/site-packages/airflow/example_dags/example_display_name.py
[2025-01-20T19:23:10.743+0000] {logging_mixin.py:190} INFO - [2025-01-20T19:23:10.743+0000] {dag.py:3239} INFO - Sync 1 DAGs
[2025-01-20T19:23:10.755+0000] {logging_mixin.py:190} INFO - [2025-01-20T19:23:10.755+0000] {dag.py:4180} INFO - Setting next_dagrun for example_display_name to None, run_after=None
[2025-01-20T19:23:10.769+0000] {processor.py:208} INFO - Processing /home/airflow/.local/lib/python3.12/site-packages/airflow/example_dags/example_display_name.py took 0.065 seconds
[2025-01-20T19:23:41.881+0000] {processor.py:186} INFO - Started process (PID=1559) to work on /home/airflow/.local/lib/python3.12/site-packages/airflow/example_dags/example_display_name.py
[2025-01-20T19:23:41.882+0000] {processor.py:914} INFO - Processing file /home/airflow/.local/lib/python3.12/site-packages/airflow/example_dags/example_display_name.py for tasks to queue
[2025-01-20T19:23:41.884+0000] {logging_mixin.py:190} INFO - [2025-01-20T19:23:41.883+0000] {dagbag.py:588} INFO - Filling up the DagBag from /home/airflow/.local/lib/python3.12/site-packages/airflow/example_dags/example_display_name.py
[2025-01-20T19:23:41.891+0000] {processor.py:925} INFO - DAG(s) 'example_display_name' retrieved from /home/airflow/.local/lib/python3.12/site-packages/airflow/example_dags/example_display_name.py
[2025-01-20T19:23:41.909+0000] {logging_mixin.py:190} INFO - [2025-01-20T19:23:41.909+0000] {dag.py:3239} INFO - Sync 1 DAGs
[2025-01-20T19:23:41.923+0000] {logging_mixin.py:190} INFO - [2025-01-20T19:23:41.923+0000] {dag.py:4180} INFO - Setting next_dagrun for example_display_name to None, run_after=None
[2025-01-20T19:23:41.937+0000] {processor.py:208} INFO - Processing /home/airflow/.local/lib/python3.12/site-packages/airflow/example_dags/example_display_name.py took 0.062 seconds
[2025-01-20T19:24:13.224+0000] {processor.py:186} INFO - Started process (PID=1622) to work on /home/airflow/.local/lib/python3.12/site-packages/airflow/example_dags/example_display_name.py
[2025-01-20T19:24:13.225+0000] {processor.py:914} INFO - Processing file /home/airflow/.local/lib/python3.12/site-packages/airflow/example_dags/example_display_name.py for tasks to queue
[2025-01-20T19:24:13.227+0000] {logging_mixin.py:190} INFO - [2025-01-20T19:24:13.226+0000] {dagbag.py:588} INFO - Filling up the DagBag from /home/airflow/.local/lib/python3.12/site-packages/airflow/example_dags/example_display_name.py
[2025-01-20T19:24:13.233+0000] {processor.py:925} INFO - DAG(s) 'example_display_name' retrieved from /home/airflow/.local/lib/python3.12/site-packages/airflow/example_dags/example_display_name.py
[2025-01-20T19:24:13.248+0000] {logging_mixin.py:190} INFO - [2025-01-20T19:24:13.248+0000] {dag.py:3239} INFO - Sync 1 DAGs
[2025-01-20T19:24:13.264+0000] {logging_mixin.py:190} INFO - [2025-01-20T19:24:13.263+0000] {dag.py:4180} INFO - Setting next_dagrun for example_display_name to None, run_after=None
[2025-01-20T19:24:13.282+0000] {processor.py:208} INFO - Processing /home/airflow/.local/lib/python3.12/site-packages/airflow/example_dags/example_display_name.py took 0.062 seconds
[2025-01-20T19:24:44.498+0000] {processor.py:186} INFO - Started process (PID=1691) to work on /home/airflow/.local/lib/python3.12/site-packages/airflow/example_dags/example_display_name.py
[2025-01-20T19:24:44.499+0000] {processor.py:914} INFO - Processing file /home/airflow/.local/lib/python3.12/site-packages/airflow/example_dags/example_display_name.py for tasks to queue
[2025-01-20T19:24:44.500+0000] {logging_mixin.py:190} INFO - [2025-01-20T19:24:44.500+0000] {dagbag.py:588} INFO - Filling up the DagBag from /home/airflow/.local/lib/python3.12/site-packages/airflow/example_dags/example_display_name.py
[2025-01-20T19:24:44.507+0000] {processor.py:925} INFO - DAG(s) 'example_display_name' retrieved from /home/airflow/.local/lib/python3.12/site-packages/airflow/example_dags/example_display_name.py
[2025-01-20T19:24:44.522+0000] {logging_mixin.py:190} INFO - [2025-01-20T19:24:44.521+0000] {dag.py:3239} INFO - Sync 1 DAGs
[2025-01-20T19:24:44.536+0000] {logging_mixin.py:190} INFO - [2025-01-20T19:24:44.536+0000] {dag.py:4180} INFO - Setting next_dagrun for example_display_name to None, run_after=None
[2025-01-20T19:24:44.549+0000] {processor.py:208} INFO - Processing /home/airflow/.local/lib/python3.12/site-packages/airflow/example_dags/example_display_name.py took 0.055 seconds
[2025-01-20T19:25:16.090+0000] {processor.py:186} INFO - Started process (PID=1754) to work on /home/airflow/.local/lib/python3.12/site-packages/airflow/example_dags/example_display_name.py
[2025-01-20T19:25:16.091+0000] {processor.py:914} INFO - Processing file /home/airflow/.local/lib/python3.12/site-packages/airflow/example_dags/example_display_name.py for tasks to queue
[2025-01-20T19:25:16.093+0000] {logging_mixin.py:190} INFO - [2025-01-20T19:25:16.092+0000] {dagbag.py:588} INFO - Filling up the DagBag from /home/airflow/.local/lib/python3.12/site-packages/airflow/example_dags/example_display_name.py
[2025-01-20T19:25:16.098+0000] {processor.py:925} INFO - DAG(s) 'example_display_name' retrieved from /home/airflow/.local/lib/python3.12/site-packages/airflow/example_dags/example_display_name.py
[2025-01-20T19:25:16.114+0000] {logging_mixin.py:190} INFO - [2025-01-20T19:25:16.114+0000] {dag.py:3239} INFO - Sync 1 DAGs
[2025-01-20T19:25:16.131+0000] {logging_mixin.py:190} INFO - [2025-01-20T19:25:16.130+0000] {dag.py:4180} INFO - Setting next_dagrun for example_display_name to None, run_after=None
[2025-01-20T19:25:16.148+0000] {processor.py:208} INFO - Processing /home/airflow/.local/lib/python3.12/site-packages/airflow/example_dags/example_display_name.py took 0.062 seconds
[2025-01-20T19:25:47.611+0000] {processor.py:186} INFO - Started process (PID=1817) to work on /home/airflow/.local/lib/python3.12/site-packages/airflow/example_dags/example_display_name.py
[2025-01-20T19:25:47.612+0000] {processor.py:914} INFO - Processing file /home/airflow/.local/lib/python3.12/site-packages/airflow/example_dags/example_display_name.py for tasks to queue
[2025-01-20T19:25:47.616+0000] {logging_mixin.py:190} INFO - [2025-01-20T19:25:47.615+0000] {dagbag.py:588} INFO - Filling up the DagBag from /home/airflow/.local/lib/python3.12/site-packages/airflow/example_dags/example_display_name.py
[2025-01-20T19:25:47.622+0000] {processor.py:925} INFO - DAG(s) 'example_display_name' retrieved from /home/airflow/.local/lib/python3.12/site-packages/airflow/example_dags/example_display_name.py
[2025-01-20T19:25:47.641+0000] {logging_mixin.py:190} INFO - [2025-01-20T19:25:47.641+0000] {dag.py:3239} INFO - Sync 1 DAGs
[2025-01-20T19:25:47.657+0000] {logging_mixin.py:190} INFO - [2025-01-20T19:25:47.657+0000] {dag.py:4180} INFO - Setting next_dagrun for example_display_name to None, run_after=None
[2025-01-20T19:25:47.673+0000] {processor.py:208} INFO - Processing /home/airflow/.local/lib/python3.12/site-packages/airflow/example_dags/example_display_name.py took 0.068 seconds
[2025-01-20T19:26:19.183+0000] {processor.py:186} INFO - Started process (PID=1880) to work on /home/airflow/.local/lib/python3.12/site-packages/airflow/example_dags/example_display_name.py
[2025-01-20T19:26:19.184+0000] {processor.py:914} INFO - Processing file /home/airflow/.local/lib/python3.12/site-packages/airflow/example_dags/example_display_name.py for tasks to queue
[2025-01-20T19:26:19.185+0000] {logging_mixin.py:190} INFO - [2025-01-20T19:26:19.185+0000] {dagbag.py:588} INFO - Filling up the DagBag from /home/airflow/.local/lib/python3.12/site-packages/airflow/example_dags/example_display_name.py
[2025-01-20T19:26:19.191+0000] {processor.py:925} INFO - DAG(s) 'example_display_name' retrieved from /home/airflow/.local/lib/python3.12/site-packages/airflow/example_dags/example_display_name.py
[2025-01-20T19:26:19.207+0000] {logging_mixin.py:190} INFO - [2025-01-20T19:26:19.207+0000] {dag.py:3239} INFO - Sync 1 DAGs
[2025-01-20T19:26:19.238+0000] {logging_mixin.py:190} INFO - [2025-01-20T19:26:19.237+0000] {dag.py:4180} INFO - Setting next_dagrun for example_display_name to None, run_after=None
[2025-01-20T19:26:19.262+0000] {processor.py:208} INFO - Processing /home/airflow/.local/lib/python3.12/site-packages/airflow/example_dags/example_display_name.py took 0.085 seconds
[2025-01-20T19:26:49.515+0000] {processor.py:186} INFO - Started process (PID=1944) to work on /home/airflow/.local/lib/python3.12/site-packages/airflow/example_dags/example_display_name.py
[2025-01-20T19:26:49.516+0000] {processor.py:914} INFO - Processing file /home/airflow/.local/lib/python3.12/site-packages/airflow/example_dags/example_display_name.py for tasks to queue
[2025-01-20T19:26:49.518+0000] {logging_mixin.py:190} INFO - [2025-01-20T19:26:49.518+0000] {dagbag.py:588} INFO - Filling up the DagBag from /home/airflow/.local/lib/python3.12/site-packages/airflow/example_dags/example_display_name.py
[2025-01-20T19:26:49.525+0000] {processor.py:925} INFO - DAG(s) 'example_display_name' retrieved from /home/airflow/.local/lib/python3.12/site-packages/airflow/example_dags/example_display_name.py
[2025-01-20T19:26:49.539+0000] {logging_mixin.py:190} INFO - [2025-01-20T19:26:49.539+0000] {dag.py:3239} INFO - Sync 1 DAGs
[2025-01-20T19:26:49.550+0000] {logging_mixin.py:190} INFO - [2025-01-20T19:26:49.550+0000] {dag.py:4180} INFO - Setting next_dagrun for example_display_name to None, run_after=None
[2025-01-20T19:26:49.564+0000] {processor.py:208} INFO - Processing /home/airflow/.local/lib/python3.12/site-packages/airflow/example_dags/example_display_name.py took 0.053 seconds
[2025-01-20T19:27:20.979+0000] {processor.py:186} INFO - Started process (PID=2009) to work on /home/airflow/.local/lib/python3.12/site-packages/airflow/example_dags/example_display_name.py
[2025-01-20T19:27:20.980+0000] {processor.py:914} INFO - Processing file /home/airflow/.local/lib/python3.12/site-packages/airflow/example_dags/example_display_name.py for tasks to queue
[2025-01-20T19:27:20.981+0000] {logging_mixin.py:190} INFO - [2025-01-20T19:27:20.981+0000] {dagbag.py:588} INFO - Filling up the DagBag from /home/airflow/.local/lib/python3.12/site-packages/airflow/example_dags/example_display_name.py
[2025-01-20T19:27:20.987+0000] {processor.py:925} INFO - DAG(s) 'example_display_name' retrieved from /home/airflow/.local/lib/python3.12/site-packages/airflow/example_dags/example_display_name.py
[2025-01-20T19:27:21.003+0000] {logging_mixin.py:190} INFO - [2025-01-20T19:27:21.003+0000] {dag.py:3239} INFO - Sync 1 DAGs
[2025-01-20T19:27:21.015+0000] {logging_mixin.py:190} INFO - [2025-01-20T19:27:21.015+0000] {dag.py:4180} INFO - Setting next_dagrun for example_display_name to None, run_after=None
[2025-01-20T19:27:21.028+0000] {processor.py:208} INFO - Processing /home/airflow/.local/lib/python3.12/site-packages/airflow/example_dags/example_display_name.py took 0.053 seconds
[2025-01-20T19:27:51.601+0000] {processor.py:186} INFO - Started process (PID=2074) to work on /home/airflow/.local/lib/python3.12/site-packages/airflow/example_dags/example_display_name.py
[2025-01-20T19:27:51.601+0000] {processor.py:914} INFO - Processing file /home/airflow/.local/lib/python3.12/site-packages/airflow/example_dags/example_display_name.py for tasks to queue
[2025-01-20T19:27:51.603+0000] {logging_mixin.py:190} INFO - [2025-01-20T19:27:51.603+0000] {dagbag.py:588} INFO - Filling up the DagBag from /home/airflow/.local/lib/python3.12/site-packages/airflow/example_dags/example_display_name.py
[2025-01-20T19:27:51.609+0000] {processor.py:925} INFO - DAG(s) 'example_display_name' retrieved from /home/airflow/.local/lib/python3.12/site-packages/airflow/example_dags/example_display_name.py
[2025-01-20T19:27:51.625+0000] {logging_mixin.py:190} INFO - [2025-01-20T19:27:51.625+0000] {dag.py:3239} INFO - Sync 1 DAGs
[2025-01-20T19:27:51.640+0000] {logging_mixin.py:190} INFO - [2025-01-20T19:27:51.640+0000] {dag.py:4180} INFO - Setting next_dagrun for example_display_name to None, run_after=None
[2025-01-20T19:27:51.655+0000] {processor.py:208} INFO - Processing /home/airflow/.local/lib/python3.12/site-packages/airflow/example_dags/example_display_name.py took 0.059 seconds
[2025-01-20T19:28:23.100+0000] {processor.py:186} INFO - Started process (PID=2138) to work on /home/airflow/.local/lib/python3.12/site-packages/airflow/example_dags/example_display_name.py
[2025-01-20T19:28:23.101+0000] {processor.py:914} INFO - Processing file /home/airflow/.local/lib/python3.12/site-packages/airflow/example_dags/example_display_name.py for tasks to queue
[2025-01-20T19:28:23.103+0000] {logging_mixin.py:190} INFO - [2025-01-20T19:28:23.102+0000] {dagbag.py:588} INFO - Filling up the DagBag from /home/airflow/.local/lib/python3.12/site-packages/airflow/example_dags/example_display_name.py
[2025-01-20T19:28:23.108+0000] {processor.py:925} INFO - DAG(s) 'example_display_name' retrieved from /home/airflow/.local/lib/python3.12/site-packages/airflow/example_dags/example_display_name.py
[2025-01-20T19:28:23.123+0000] {logging_mixin.py:190} INFO - [2025-01-20T19:28:23.122+0000] {dag.py:3239} INFO - Sync 1 DAGs
[2025-01-20T19:28:23.135+0000] {logging_mixin.py:190} INFO - [2025-01-20T19:28:23.134+0000] {dag.py:4180} INFO - Setting next_dagrun for example_display_name to None, run_after=None
[2025-01-20T19:28:23.149+0000] {processor.py:208} INFO - Processing /home/airflow/.local/lib/python3.12/site-packages/airflow/example_dags/example_display_name.py took 0.053 seconds
[2025-01-20T19:28:53.908+0000] {processor.py:186} INFO - Started process (PID=2202) to work on /home/airflow/.local/lib/python3.12/site-packages/airflow/example_dags/example_display_name.py
[2025-01-20T19:28:53.909+0000] {processor.py:914} INFO - Processing file /home/airflow/.local/lib/python3.12/site-packages/airflow/example_dags/example_display_name.py for tasks to queue
[2025-01-20T19:28:53.911+0000] {logging_mixin.py:190} INFO - [2025-01-20T19:28:53.911+0000] {dagbag.py:588} INFO - Filling up the DagBag from /home/airflow/.local/lib/python3.12/site-packages/airflow/example_dags/example_display_name.py
[2025-01-20T19:28:53.916+0000] {processor.py:925} INFO - DAG(s) 'example_display_name' retrieved from /home/airflow/.local/lib/python3.12/site-packages/airflow/example_dags/example_display_name.py
[2025-01-20T19:28:53.934+0000] {logging_mixin.py:190} INFO - [2025-01-20T19:28:53.934+0000] {dag.py:3239} INFO - Sync 1 DAGs
[2025-01-20T19:28:53.949+0000] {logging_mixin.py:190} INFO - [2025-01-20T19:28:53.948+0000] {dag.py:4180} INFO - Setting next_dagrun for example_display_name to None, run_after=None
[2025-01-20T19:28:53.965+0000] {processor.py:208} INFO - Processing /home/airflow/.local/lib/python3.12/site-packages/airflow/example_dags/example_display_name.py took 0.061 seconds
[2025-01-20T19:29:25.152+0000] {processor.py:186} INFO - Started process (PID=2265) to work on /home/airflow/.local/lib/python3.12/site-packages/airflow/example_dags/example_display_name.py
[2025-01-20T19:29:25.153+0000] {processor.py:914} INFO - Processing file /home/airflow/.local/lib/python3.12/site-packages/airflow/example_dags/example_display_name.py for tasks to queue
[2025-01-20T19:29:25.154+0000] {logging_mixin.py:190} INFO - [2025-01-20T19:29:25.154+0000] {dagbag.py:588} INFO - Filling up the DagBag from /home/airflow/.local/lib/python3.12/site-packages/airflow/example_dags/example_display_name.py
[2025-01-20T19:29:25.160+0000] {processor.py:925} INFO - DAG(s) 'example_display_name' retrieved from /home/airflow/.local/lib/python3.12/site-packages/airflow/example_dags/example_display_name.py
[2025-01-20T19:29:25.175+0000] {logging_mixin.py:190} INFO - [2025-01-20T19:29:25.175+0000] {dag.py:3239} INFO - Sync 1 DAGs
[2025-01-20T19:29:25.190+0000] {logging_mixin.py:190} INFO - [2025-01-20T19:29:25.190+0000] {dag.py:4180} INFO - Setting next_dagrun for example_display_name to None, run_after=None
[2025-01-20T19:29:25.205+0000] {processor.py:208} INFO - Processing /home/airflow/.local/lib/python3.12/site-packages/airflow/example_dags/example_display_name.py took 0.057 seconds
[2025-01-20T19:29:56.867+0000] {processor.py:186} INFO - Started process (PID=2330) to work on /home/airflow/.local/lib/python3.12/site-packages/airflow/example_dags/example_display_name.py
[2025-01-20T19:29:56.868+0000] {processor.py:914} INFO - Processing file /home/airflow/.local/lib/python3.12/site-packages/airflow/example_dags/example_display_name.py for tasks to queue
[2025-01-20T19:29:56.870+0000] {logging_mixin.py:190} INFO - [2025-01-20T19:29:56.869+0000] {dagbag.py:588} INFO - Filling up the DagBag from /home/airflow/.local/lib/python3.12/site-packages/airflow/example_dags/example_display_name.py
[2025-01-20T19:29:56.877+0000] {processor.py:925} INFO - DAG(s) 'example_display_name' retrieved from /home/airflow/.local/lib/python3.12/site-packages/airflow/example_dags/example_display_name.py
[2025-01-20T19:29:56.893+0000] {logging_mixin.py:190} INFO - [2025-01-20T19:29:56.892+0000] {dag.py:3239} INFO - Sync 1 DAGs
[2025-01-20T19:29:56.908+0000] {logging_mixin.py:190} INFO - [2025-01-20T19:29:56.908+0000] {dag.py:4180} INFO - Setting next_dagrun for example_display_name to None, run_after=None
[2025-01-20T19:29:56.921+0000] {processor.py:208} INFO - Processing /home/airflow/.local/lib/python3.12/site-packages/airflow/example_dags/example_display_name.py took 0.059 seconds
[2025-01-20T19:30:27.999+0000] {processor.py:186} INFO - Started process (PID=2394) to work on /home/airflow/.local/lib/python3.12/site-packages/airflow/example_dags/example_display_name.py
[2025-01-20T19:30:27.999+0000] {processor.py:914} INFO - Processing file /home/airflow/.local/lib/python3.12/site-packages/airflow/example_dags/example_display_name.py for tasks to queue
[2025-01-20T19:30:28.001+0000] {logging_mixin.py:190} INFO - [2025-01-20T19:30:28.001+0000] {dagbag.py:588} INFO - Filling up the DagBag from /home/airflow/.local/lib/python3.12/site-packages/airflow/example_dags/example_display_name.py
[2025-01-20T19:30:28.007+0000] {processor.py:925} INFO - DAG(s) 'example_display_name' retrieved from /home/airflow/.local/lib/python3.12/site-packages/airflow/example_dags/example_display_name.py
[2025-01-20T19:30:28.021+0000] {logging_mixin.py:190} INFO - [2025-01-20T19:30:28.021+0000] {dag.py:3239} INFO - Sync 1 DAGs
[2025-01-20T19:30:28.031+0000] {logging_mixin.py:190} INFO - [2025-01-20T19:30:28.031+0000] {dag.py:4180} INFO - Setting next_dagrun for example_display_name to None, run_after=None
[2025-01-20T19:30:28.043+0000] {processor.py:208} INFO - Processing /home/airflow/.local/lib/python3.12/site-packages/airflow/example_dags/example_display_name.py took 0.049 seconds
