[2025-01-20T19:11:46.592+0000] {processor.py:186} INFO - Started process (PID=91) to work on /home/airflow/.local/lib/python3.12/site-packages/airflow/example_dags/example_latest_only_with_trigger.py
[2025-01-20T19:11:46.593+0000] {processor.py:914} INFO - Processing file /home/airflow/.local/lib/python3.12/site-packages/airflow/example_dags/example_latest_only_with_trigger.py for tasks to queue
[2025-01-20T19:11:46.595+0000] {logging_mixin.py:190} INFO - [2025-01-20T19:11:46.595+0000] {dagbag.py:588} INFO - Filling up the DagBag from /home/airflow/.local/lib/python3.12/site-packages/airflow/example_dags/example_latest_only_with_trigger.py
[2025-01-20T19:11:46.606+0000] {processor.py:925} INFO - DAG(s) 'latest_only_with_trigger' retrieved from /home/airflow/.local/lib/python3.12/site-packages/airflow/example_dags/example_latest_only_with_trigger.py
[2025-01-20T19:11:46.690+0000] {logging_mixin.py:190} INFO - [2025-01-20T19:11:46.690+0000] {override.py:1911} INFO - Created Permission View: can edit on DAG:latest_only_with_trigger
[2025-01-20T19:11:46.697+0000] {logging_mixin.py:190} INFO - [2025-01-20T19:11:46.697+0000] {override.py:1911} INFO - Created Permission View: can delete on DAG:latest_only_with_trigger
[2025-01-20T19:11:46.703+0000] {logging_mixin.py:190} INFO - [2025-01-20T19:11:46.702+0000] {override.py:1911} INFO - Created Permission View: can read on DAG:latest_only_with_trigger
[2025-01-20T19:11:46.710+0000] {logging_mixin.py:190} INFO - [2025-01-20T19:11:46.709+0000] {override.py:1911} INFO - Created Permission View: can create on DAG Run:latest_only_with_trigger
[2025-01-20T19:11:46.720+0000] {logging_mixin.py:190} INFO - [2025-01-20T19:11:46.720+0000] {override.py:1911} INFO - Created Permission View: can delete on DAG Run:latest_only_with_trigger
[2025-01-20T19:11:46.726+0000] {logging_mixin.py:190} INFO - [2025-01-20T19:11:46.726+0000] {override.py:1911} INFO - Created Permission View: menu access on DAG Run:latest_only_with_trigger
[2025-01-20T19:11:46.732+0000] {logging_mixin.py:190} INFO - [2025-01-20T19:11:46.731+0000] {override.py:1911} INFO - Created Permission View: can read on DAG Run:latest_only_with_trigger
[2025-01-20T19:11:46.732+0000] {logging_mixin.py:190} INFO - [2025-01-20T19:11:46.732+0000] {dag.py:3239} INFO - Sync 1 DAGs
[2025-01-20T19:11:46.747+0000] {logging_mixin.py:190} INFO - [2025-01-20T19:11:46.747+0000] {dag.py:3262} INFO - Creating ORM DAG for latest_only_with_trigger
[2025-01-20T19:11:46.758+0000] {logging_mixin.py:190} INFO - [2025-01-20T19:11:46.758+0000] {dag.py:4180} INFO - Setting next_dagrun for latest_only_with_trigger to 2025-01-20 12:00:00+00:00, run_after=2025-01-20 16:00:00+00:00
[2025-01-20T19:11:46.773+0000] {processor.py:208} INFO - Processing /home/airflow/.local/lib/python3.12/site-packages/airflow/example_dags/example_latest_only_with_trigger.py took 0.187 seconds
[2025-01-20T19:12:16.903+0000] {processor.py:186} INFO - Started process (PID=153) to work on /home/airflow/.local/lib/python3.12/site-packages/airflow/example_dags/example_latest_only_with_trigger.py
[2025-01-20T19:12:16.904+0000] {processor.py:914} INFO - Processing file /home/airflow/.local/lib/python3.12/site-packages/airflow/example_dags/example_latest_only_with_trigger.py for tasks to queue
[2025-01-20T19:12:16.906+0000] {logging_mixin.py:190} INFO - [2025-01-20T19:12:16.906+0000] {dagbag.py:588} INFO - Filling up the DagBag from /home/airflow/.local/lib/python3.12/site-packages/airflow/example_dags/example_latest_only_with_trigger.py
[2025-01-20T19:12:16.915+0000] {processor.py:925} INFO - DAG(s) 'latest_only_with_trigger' retrieved from /home/airflow/.local/lib/python3.12/site-packages/airflow/example_dags/example_latest_only_with_trigger.py
[2025-01-20T19:12:16.938+0000] {logging_mixin.py:190} INFO - [2025-01-20T19:12:16.938+0000] {dag.py:3239} INFO - Sync 1 DAGs
[2025-01-20T19:12:16.958+0000] {logging_mixin.py:190} INFO - [2025-01-20T19:12:16.957+0000] {dag.py:4180} INFO - Setting next_dagrun for latest_only_with_trigger to 2025-01-20 12:00:00+00:00, run_after=2025-01-20 16:00:00+00:00
[2025-01-20T19:12:16.973+0000] {processor.py:208} INFO - Processing /home/airflow/.local/lib/python3.12/site-packages/airflow/example_dags/example_latest_only_with_trigger.py took 0.077 seconds
[2025-01-20T19:12:47.735+0000] {processor.py:186} INFO - Started process (PID=217) to work on /home/airflow/.local/lib/python3.12/site-packages/airflow/example_dags/example_latest_only_with_trigger.py
[2025-01-20T19:12:47.736+0000] {processor.py:914} INFO - Processing file /home/airflow/.local/lib/python3.12/site-packages/airflow/example_dags/example_latest_only_with_trigger.py for tasks to queue
[2025-01-20T19:12:47.737+0000] {logging_mixin.py:190} INFO - [2025-01-20T19:12:47.737+0000] {dagbag.py:588} INFO - Filling up the DagBag from /home/airflow/.local/lib/python3.12/site-packages/airflow/example_dags/example_latest_only_with_trigger.py
[2025-01-20T19:12:47.743+0000] {processor.py:925} INFO - DAG(s) 'latest_only_with_trigger' retrieved from /home/airflow/.local/lib/python3.12/site-packages/airflow/example_dags/example_latest_only_with_trigger.py
[2025-01-20T19:12:47.761+0000] {logging_mixin.py:190} INFO - [2025-01-20T19:12:47.761+0000] {dag.py:3239} INFO - Sync 1 DAGs
[2025-01-20T19:12:47.784+0000] {logging_mixin.py:190} INFO - [2025-01-20T19:12:47.784+0000] {dag.py:4180} INFO - Setting next_dagrun for latest_only_with_trigger to 2025-01-20 12:00:00+00:00, run_after=2025-01-20 16:00:00+00:00
[2025-01-20T19:12:47.799+0000] {processor.py:208} INFO - Processing /home/airflow/.local/lib/python3.12/site-packages/airflow/example_dags/example_latest_only_with_trigger.py took 0.068 seconds
[2025-01-20T19:13:18.600+0000] {processor.py:186} INFO - Started process (PID=280) to work on /home/airflow/.local/lib/python3.12/site-packages/airflow/example_dags/example_latest_only_with_trigger.py
[2025-01-20T19:13:18.600+0000] {processor.py:914} INFO - Processing file /home/airflow/.local/lib/python3.12/site-packages/airflow/example_dags/example_latest_only_with_trigger.py for tasks to queue
[2025-01-20T19:13:18.603+0000] {logging_mixin.py:190} INFO - [2025-01-20T19:13:18.602+0000] {dagbag.py:588} INFO - Filling up the DagBag from /home/airflow/.local/lib/python3.12/site-packages/airflow/example_dags/example_latest_only_with_trigger.py
[2025-01-20T19:13:18.610+0000] {processor.py:925} INFO - DAG(s) 'latest_only_with_trigger' retrieved from /home/airflow/.local/lib/python3.12/site-packages/airflow/example_dags/example_latest_only_with_trigger.py
[2025-01-20T19:13:18.631+0000] {logging_mixin.py:190} INFO - [2025-01-20T19:13:18.631+0000] {dag.py:3239} INFO - Sync 1 DAGs
[2025-01-20T19:13:18.655+0000] {logging_mixin.py:190} INFO - [2025-01-20T19:13:18.655+0000] {dag.py:4180} INFO - Setting next_dagrun for latest_only_with_trigger to 2025-01-20 12:00:00+00:00, run_after=2025-01-20 16:00:00+00:00
[2025-01-20T19:13:18.673+0000] {processor.py:208} INFO - Processing /home/airflow/.local/lib/python3.12/site-packages/airflow/example_dags/example_latest_only_with_trigger.py took 0.080 seconds
[2025-01-20T19:13:49.267+0000] {processor.py:186} INFO - Started process (PID=343) to work on /home/airflow/.local/lib/python3.12/site-packages/airflow/example_dags/example_latest_only_with_trigger.py
[2025-01-20T19:13:49.268+0000] {processor.py:914} INFO - Processing file /home/airflow/.local/lib/python3.12/site-packages/airflow/example_dags/example_latest_only_with_trigger.py for tasks to queue
[2025-01-20T19:13:49.269+0000] {logging_mixin.py:190} INFO - [2025-01-20T19:13:49.269+0000] {dagbag.py:588} INFO - Filling up the DagBag from /home/airflow/.local/lib/python3.12/site-packages/airflow/example_dags/example_latest_only_with_trigger.py
[2025-01-20T19:13:49.275+0000] {processor.py:925} INFO - DAG(s) 'latest_only_with_trigger' retrieved from /home/airflow/.local/lib/python3.12/site-packages/airflow/example_dags/example_latest_only_with_trigger.py
[2025-01-20T19:13:49.290+0000] {logging_mixin.py:190} INFO - [2025-01-20T19:13:49.290+0000] {dag.py:3239} INFO - Sync 1 DAGs
[2025-01-20T19:13:49.308+0000] {logging_mixin.py:190} INFO - [2025-01-20T19:13:49.307+0000] {dag.py:4180} INFO - Setting next_dagrun for latest_only_with_trigger to 2025-01-20 12:00:00+00:00, run_after=2025-01-20 16:00:00+00:00
[2025-01-20T19:13:49.320+0000] {processor.py:208} INFO - Processing /home/airflow/.local/lib/python3.12/site-packages/airflow/example_dags/example_latest_only_with_trigger.py took 0.057 seconds
[2025-01-20T19:14:19.896+0000] {processor.py:186} INFO - Started process (PID=405) to work on /home/airflow/.local/lib/python3.12/site-packages/airflow/example_dags/example_latest_only_with_trigger.py
[2025-01-20T19:14:19.896+0000] {processor.py:914} INFO - Processing file /home/airflow/.local/lib/python3.12/site-packages/airflow/example_dags/example_latest_only_with_trigger.py for tasks to queue
[2025-01-20T19:14:19.899+0000] {logging_mixin.py:190} INFO - [2025-01-20T19:14:19.898+0000] {dagbag.py:588} INFO - Filling up the DagBag from /home/airflow/.local/lib/python3.12/site-packages/airflow/example_dags/example_latest_only_with_trigger.py
[2025-01-20T19:14:19.906+0000] {processor.py:925} INFO - DAG(s) 'latest_only_with_trigger' retrieved from /home/airflow/.local/lib/python3.12/site-packages/airflow/example_dags/example_latest_only_with_trigger.py
[2025-01-20T19:14:19.925+0000] {logging_mixin.py:190} INFO - [2025-01-20T19:14:19.925+0000] {dag.py:3239} INFO - Sync 1 DAGs
[2025-01-20T19:14:19.949+0000] {logging_mixin.py:190} INFO - [2025-01-20T19:14:19.949+0000] {dag.py:4180} INFO - Setting next_dagrun for latest_only_with_trigger to 2025-01-20 12:00:00+00:00, run_after=2025-01-20 16:00:00+00:00
[2025-01-20T19:14:19.965+0000] {processor.py:208} INFO - Processing /home/airflow/.local/lib/python3.12/site-packages/airflow/example_dags/example_latest_only_with_trigger.py took 0.076 seconds
[2025-01-20T19:14:51.371+0000] {processor.py:186} INFO - Started process (PID=468) to work on /home/airflow/.local/lib/python3.12/site-packages/airflow/example_dags/example_latest_only_with_trigger.py
[2025-01-20T19:14:51.372+0000] {processor.py:914} INFO - Processing file /home/airflow/.local/lib/python3.12/site-packages/airflow/example_dags/example_latest_only_with_trigger.py for tasks to queue
[2025-01-20T19:14:51.373+0000] {logging_mixin.py:190} INFO - [2025-01-20T19:14:51.373+0000] {dagbag.py:588} INFO - Filling up the DagBag from /home/airflow/.local/lib/python3.12/site-packages/airflow/example_dags/example_latest_only_with_trigger.py
[2025-01-20T19:14:51.379+0000] {processor.py:925} INFO - DAG(s) 'latest_only_with_trigger' retrieved from /home/airflow/.local/lib/python3.12/site-packages/airflow/example_dags/example_latest_only_with_trigger.py
[2025-01-20T19:14:51.395+0000] {logging_mixin.py:190} INFO - [2025-01-20T19:14:51.395+0000] {dag.py:3239} INFO - Sync 1 DAGs
[2025-01-20T19:14:51.415+0000] {logging_mixin.py:190} INFO - [2025-01-20T19:14:51.415+0000] {dag.py:4180} INFO - Setting next_dagrun for latest_only_with_trigger to 2025-01-20 12:00:00+00:00, run_after=2025-01-20 16:00:00+00:00
[2025-01-20T19:14:51.429+0000] {processor.py:208} INFO - Processing /home/airflow/.local/lib/python3.12/site-packages/airflow/example_dags/example_latest_only_with_trigger.py took 0.062 seconds
[2025-01-20T19:15:22.727+0000] {processor.py:186} INFO - Started process (PID=533) to work on /home/airflow/.local/lib/python3.12/site-packages/airflow/example_dags/example_latest_only_with_trigger.py
[2025-01-20T19:15:22.727+0000] {processor.py:914} INFO - Processing file /home/airflow/.local/lib/python3.12/site-packages/airflow/example_dags/example_latest_only_with_trigger.py for tasks to queue
[2025-01-20T19:15:22.729+0000] {logging_mixin.py:190} INFO - [2025-01-20T19:15:22.729+0000] {dagbag.py:588} INFO - Filling up the DagBag from /home/airflow/.local/lib/python3.12/site-packages/airflow/example_dags/example_latest_only_with_trigger.py
[2025-01-20T19:15:22.735+0000] {processor.py:925} INFO - DAG(s) 'latest_only_with_trigger' retrieved from /home/airflow/.local/lib/python3.12/site-packages/airflow/example_dags/example_latest_only_with_trigger.py
[2025-01-20T19:15:22.752+0000] {logging_mixin.py:190} INFO - [2025-01-20T19:15:22.752+0000] {dag.py:3239} INFO - Sync 1 DAGs
[2025-01-20T19:15:22.778+0000] {logging_mixin.py:190} INFO - [2025-01-20T19:15:22.777+0000] {dag.py:4180} INFO - Setting next_dagrun for latest_only_with_trigger to 2025-01-20 12:00:00+00:00, run_after=2025-01-20 16:00:00+00:00
[2025-01-20T19:15:22.794+0000] {processor.py:208} INFO - Processing /home/airflow/.local/lib/python3.12/site-packages/airflow/example_dags/example_latest_only_with_trigger.py took 0.072 seconds
[2025-01-20T19:15:53.780+0000] {processor.py:186} INFO - Started process (PID=596) to work on /home/airflow/.local/lib/python3.12/site-packages/airflow/example_dags/example_latest_only_with_trigger.py
[2025-01-20T19:15:53.782+0000] {processor.py:914} INFO - Processing file /home/airflow/.local/lib/python3.12/site-packages/airflow/example_dags/example_latest_only_with_trigger.py for tasks to queue
[2025-01-20T19:15:53.785+0000] {logging_mixin.py:190} INFO - [2025-01-20T19:15:53.784+0000] {dagbag.py:588} INFO - Filling up the DagBag from /home/airflow/.local/lib/python3.12/site-packages/airflow/example_dags/example_latest_only_with_trigger.py
[2025-01-20T19:15:53.793+0000] {processor.py:925} INFO - DAG(s) 'latest_only_with_trigger' retrieved from /home/airflow/.local/lib/python3.12/site-packages/airflow/example_dags/example_latest_only_with_trigger.py
[2025-01-20T19:15:53.817+0000] {logging_mixin.py:190} INFO - [2025-01-20T19:15:53.817+0000] {dag.py:3239} INFO - Sync 1 DAGs
[2025-01-20T19:15:53.848+0000] {logging_mixin.py:190} INFO - [2025-01-20T19:15:53.847+0000] {dag.py:4180} INFO - Setting next_dagrun for latest_only_with_trigger to 2025-01-20 12:00:00+00:00, run_after=2025-01-20 16:00:00+00:00
[2025-01-20T19:15:53.867+0000] {processor.py:208} INFO - Processing /home/airflow/.local/lib/python3.12/site-packages/airflow/example_dags/example_latest_only_with_trigger.py took 0.092 seconds
[2025-01-20T19:16:24.450+0000] {processor.py:186} INFO - Started process (PID=659) to work on /home/airflow/.local/lib/python3.12/site-packages/airflow/example_dags/example_latest_only_with_trigger.py
[2025-01-20T19:16:24.451+0000] {processor.py:914} INFO - Processing file /home/airflow/.local/lib/python3.12/site-packages/airflow/example_dags/example_latest_only_with_trigger.py for tasks to queue
[2025-01-20T19:16:24.452+0000] {logging_mixin.py:190} INFO - [2025-01-20T19:16:24.452+0000] {dagbag.py:588} INFO - Filling up the DagBag from /home/airflow/.local/lib/python3.12/site-packages/airflow/example_dags/example_latest_only_with_trigger.py
[2025-01-20T19:16:24.458+0000] {processor.py:925} INFO - DAG(s) 'latest_only_with_trigger' retrieved from /home/airflow/.local/lib/python3.12/site-packages/airflow/example_dags/example_latest_only_with_trigger.py
[2025-01-20T19:16:24.475+0000] {logging_mixin.py:190} INFO - [2025-01-20T19:16:24.475+0000] {dag.py:3239} INFO - Sync 1 DAGs
[2025-01-20T19:16:24.495+0000] {logging_mixin.py:190} INFO - [2025-01-20T19:16:24.495+0000] {dag.py:4180} INFO - Setting next_dagrun for latest_only_with_trigger to 2025-01-20 12:00:00+00:00, run_after=2025-01-20 16:00:00+00:00
[2025-01-20T19:16:24.507+0000] {processor.py:208} INFO - Processing /home/airflow/.local/lib/python3.12/site-packages/airflow/example_dags/example_latest_only_with_trigger.py took 0.061 seconds
[2025-01-20T19:16:55.622+0000] {processor.py:186} INFO - Started process (PID=722) to work on /home/airflow/.local/lib/python3.12/site-packages/airflow/example_dags/example_latest_only_with_trigger.py
[2025-01-20T19:16:55.623+0000] {processor.py:914} INFO - Processing file /home/airflow/.local/lib/python3.12/site-packages/airflow/example_dags/example_latest_only_with_trigger.py for tasks to queue
[2025-01-20T19:16:55.625+0000] {logging_mixin.py:190} INFO - [2025-01-20T19:16:55.624+0000] {dagbag.py:588} INFO - Filling up the DagBag from /home/airflow/.local/lib/python3.12/site-packages/airflow/example_dags/example_latest_only_with_trigger.py
[2025-01-20T19:16:55.632+0000] {processor.py:925} INFO - DAG(s) 'latest_only_with_trigger' retrieved from /home/airflow/.local/lib/python3.12/site-packages/airflow/example_dags/example_latest_only_with_trigger.py
[2025-01-20T19:16:55.651+0000] {logging_mixin.py:190} INFO - [2025-01-20T19:16:55.651+0000] {dag.py:3239} INFO - Sync 1 DAGs
[2025-01-20T19:16:55.670+0000] {logging_mixin.py:190} INFO - [2025-01-20T19:16:55.670+0000] {dag.py:4180} INFO - Setting next_dagrun for latest_only_with_trigger to 2025-01-20 12:00:00+00:00, run_after=2025-01-20 16:00:00+00:00
[2025-01-20T19:16:55.684+0000] {processor.py:208} INFO - Processing /home/airflow/.local/lib/python3.12/site-packages/airflow/example_dags/example_latest_only_with_trigger.py took 0.068 seconds
[2025-01-20T19:17:26.814+0000] {processor.py:186} INFO - Started process (PID=785) to work on /home/airflow/.local/lib/python3.12/site-packages/airflow/example_dags/example_latest_only_with_trigger.py
[2025-01-20T19:17:26.815+0000] {processor.py:914} INFO - Processing file /home/airflow/.local/lib/python3.12/site-packages/airflow/example_dags/example_latest_only_with_trigger.py for tasks to queue
[2025-01-20T19:17:26.817+0000] {logging_mixin.py:190} INFO - [2025-01-20T19:17:26.816+0000] {dagbag.py:588} INFO - Filling up the DagBag from /home/airflow/.local/lib/python3.12/site-packages/airflow/example_dags/example_latest_only_with_trigger.py
[2025-01-20T19:17:26.822+0000] {processor.py:925} INFO - DAG(s) 'latest_only_with_trigger' retrieved from /home/airflow/.local/lib/python3.12/site-packages/airflow/example_dags/example_latest_only_with_trigger.py
[2025-01-20T19:17:26.837+0000] {logging_mixin.py:190} INFO - [2025-01-20T19:17:26.837+0000] {dag.py:3239} INFO - Sync 1 DAGs
[2025-01-20T19:17:26.854+0000] {logging_mixin.py:190} INFO - [2025-01-20T19:17:26.854+0000] {dag.py:4180} INFO - Setting next_dagrun for latest_only_with_trigger to 2025-01-20 12:00:00+00:00, run_after=2025-01-20 16:00:00+00:00
[2025-01-20T19:17:26.868+0000] {processor.py:208} INFO - Processing /home/airflow/.local/lib/python3.12/site-packages/airflow/example_dags/example_latest_only_with_trigger.py took 0.060 seconds
[2025-01-20T19:17:57.995+0000] {processor.py:186} INFO - Started process (PID=848) to work on /home/airflow/.local/lib/python3.12/site-packages/airflow/example_dags/example_latest_only_with_trigger.py
[2025-01-20T19:17:57.995+0000] {processor.py:914} INFO - Processing file /home/airflow/.local/lib/python3.12/site-packages/airflow/example_dags/example_latest_only_with_trigger.py for tasks to queue
[2025-01-20T19:17:57.997+0000] {logging_mixin.py:190} INFO - [2025-01-20T19:17:57.997+0000] {dagbag.py:588} INFO - Filling up the DagBag from /home/airflow/.local/lib/python3.12/site-packages/airflow/example_dags/example_latest_only_with_trigger.py
[2025-01-20T19:17:58.003+0000] {processor.py:925} INFO - DAG(s) 'latest_only_with_trigger' retrieved from /home/airflow/.local/lib/python3.12/site-packages/airflow/example_dags/example_latest_only_with_trigger.py
[2025-01-20T19:17:58.021+0000] {logging_mixin.py:190} INFO - [2025-01-20T19:17:58.021+0000] {dag.py:3239} INFO - Sync 1 DAGs
[2025-01-20T19:17:58.041+0000] {logging_mixin.py:190} INFO - [2025-01-20T19:17:58.041+0000] {dag.py:4180} INFO - Setting next_dagrun for latest_only_with_trigger to 2025-01-20 12:00:00+00:00, run_after=2025-01-20 16:00:00+00:00
[2025-01-20T19:17:58.055+0000] {processor.py:208} INFO - Processing /home/airflow/.local/lib/python3.12/site-packages/airflow/example_dags/example_latest_only_with_trigger.py took 0.065 seconds
[2025-01-20T19:18:29.077+0000] {processor.py:186} INFO - Started process (PID=911) to work on /home/airflow/.local/lib/python3.12/site-packages/airflow/example_dags/example_latest_only_with_trigger.py
[2025-01-20T19:18:29.077+0000] {processor.py:914} INFO - Processing file /home/airflow/.local/lib/python3.12/site-packages/airflow/example_dags/example_latest_only_with_trigger.py for tasks to queue
[2025-01-20T19:18:29.079+0000] {logging_mixin.py:190} INFO - [2025-01-20T19:18:29.079+0000] {dagbag.py:588} INFO - Filling up the DagBag from /home/airflow/.local/lib/python3.12/site-packages/airflow/example_dags/example_latest_only_with_trigger.py
[2025-01-20T19:18:29.085+0000] {processor.py:925} INFO - DAG(s) 'latest_only_with_trigger' retrieved from /home/airflow/.local/lib/python3.12/site-packages/airflow/example_dags/example_latest_only_with_trigger.py
[2025-01-20T19:18:29.104+0000] {logging_mixin.py:190} INFO - [2025-01-20T19:18:29.103+0000] {dag.py:3239} INFO - Sync 1 DAGs
[2025-01-20T19:18:29.127+0000] {logging_mixin.py:190} INFO - [2025-01-20T19:18:29.127+0000] {dag.py:4180} INFO - Setting next_dagrun for latest_only_with_trigger to 2025-01-20 12:00:00+00:00, run_after=2025-01-20 16:00:00+00:00
[2025-01-20T19:18:29.142+0000] {processor.py:208} INFO - Processing /home/airflow/.local/lib/python3.12/site-packages/airflow/example_dags/example_latest_only_with_trigger.py took 0.070 seconds
[2025-01-20T19:19:00.129+0000] {processor.py:186} INFO - Started process (PID=975) to work on /home/airflow/.local/lib/python3.12/site-packages/airflow/example_dags/example_latest_only_with_trigger.py
[2025-01-20T19:19:00.129+0000] {processor.py:914} INFO - Processing file /home/airflow/.local/lib/python3.12/site-packages/airflow/example_dags/example_latest_only_with_trigger.py for tasks to queue
[2025-01-20T19:19:00.131+0000] {logging_mixin.py:190} INFO - [2025-01-20T19:19:00.131+0000] {dagbag.py:588} INFO - Filling up the DagBag from /home/airflow/.local/lib/python3.12/site-packages/airflow/example_dags/example_latest_only_with_trigger.py
[2025-01-20T19:19:00.137+0000] {processor.py:925} INFO - DAG(s) 'latest_only_with_trigger' retrieved from /home/airflow/.local/lib/python3.12/site-packages/airflow/example_dags/example_latest_only_with_trigger.py
[2025-01-20T19:19:00.155+0000] {logging_mixin.py:190} INFO - [2025-01-20T19:19:00.155+0000] {dag.py:3239} INFO - Sync 1 DAGs
[2025-01-20T19:19:00.179+0000] {logging_mixin.py:190} INFO - [2025-01-20T19:19:00.179+0000] {dag.py:4180} INFO - Setting next_dagrun for latest_only_with_trigger to 2025-01-20 12:00:00+00:00, run_after=2025-01-20 16:00:00+00:00
[2025-01-20T19:19:00.192+0000] {processor.py:208} INFO - Processing /home/airflow/.local/lib/python3.12/site-packages/airflow/example_dags/example_latest_only_with_trigger.py took 0.068 seconds
[2025-01-20T19:19:31.240+0000] {processor.py:186} INFO - Started process (PID=1037) to work on /home/airflow/.local/lib/python3.12/site-packages/airflow/example_dags/example_latest_only_with_trigger.py
[2025-01-20T19:19:31.241+0000] {processor.py:914} INFO - Processing file /home/airflow/.local/lib/python3.12/site-packages/airflow/example_dags/example_latest_only_with_trigger.py for tasks to queue
[2025-01-20T19:19:31.243+0000] {logging_mixin.py:190} INFO - [2025-01-20T19:19:31.242+0000] {dagbag.py:588} INFO - Filling up the DagBag from /home/airflow/.local/lib/python3.12/site-packages/airflow/example_dags/example_latest_only_with_trigger.py
[2025-01-20T19:19:31.248+0000] {processor.py:925} INFO - DAG(s) 'latest_only_with_trigger' retrieved from /home/airflow/.local/lib/python3.12/site-packages/airflow/example_dags/example_latest_only_with_trigger.py
[2025-01-20T19:19:31.263+0000] {logging_mixin.py:190} INFO - [2025-01-20T19:19:31.263+0000] {dag.py:3239} INFO - Sync 1 DAGs
[2025-01-20T19:19:31.281+0000] {logging_mixin.py:190} INFO - [2025-01-20T19:19:31.281+0000] {dag.py:4180} INFO - Setting next_dagrun for latest_only_with_trigger to 2025-01-20 12:00:00+00:00, run_after=2025-01-20 16:00:00+00:00
[2025-01-20T19:19:31.293+0000] {processor.py:208} INFO - Processing /home/airflow/.local/lib/python3.12/site-packages/airflow/example_dags/example_latest_only_with_trigger.py took 0.057 seconds
[2025-01-20T19:20:02.346+0000] {processor.py:186} INFO - Started process (PID=1101) to work on /home/airflow/.local/lib/python3.12/site-packages/airflow/example_dags/example_latest_only_with_trigger.py
[2025-01-20T19:20:02.347+0000] {processor.py:914} INFO - Processing file /home/airflow/.local/lib/python3.12/site-packages/airflow/example_dags/example_latest_only_with_trigger.py for tasks to queue
[2025-01-20T19:20:02.348+0000] {logging_mixin.py:190} INFO - [2025-01-20T19:20:02.348+0000] {dagbag.py:588} INFO - Filling up the DagBag from /home/airflow/.local/lib/python3.12/site-packages/airflow/example_dags/example_latest_only_with_trigger.py
[2025-01-20T19:20:02.354+0000] {processor.py:925} INFO - DAG(s) 'latest_only_with_trigger' retrieved from /home/airflow/.local/lib/python3.12/site-packages/airflow/example_dags/example_latest_only_with_trigger.py
[2025-01-20T19:20:02.369+0000] {logging_mixin.py:190} INFO - [2025-01-20T19:20:02.369+0000] {dag.py:3239} INFO - Sync 1 DAGs
[2025-01-20T19:20:02.386+0000] {logging_mixin.py:190} INFO - [2025-01-20T19:20:02.386+0000] {dag.py:4180} INFO - Setting next_dagrun for latest_only_with_trigger to 2025-01-20 12:00:00+00:00, run_after=2025-01-20 16:00:00+00:00
[2025-01-20T19:20:02.399+0000] {processor.py:208} INFO - Processing /home/airflow/.local/lib/python3.12/site-packages/airflow/example_dags/example_latest_only_with_trigger.py took 0.057 seconds
[2025-01-20T19:20:33.387+0000] {processor.py:186} INFO - Started process (PID=1164) to work on /home/airflow/.local/lib/python3.12/site-packages/airflow/example_dags/example_latest_only_with_trigger.py
[2025-01-20T19:20:33.387+0000] {processor.py:914} INFO - Processing file /home/airflow/.local/lib/python3.12/site-packages/airflow/example_dags/example_latest_only_with_trigger.py for tasks to queue
[2025-01-20T19:20:33.389+0000] {logging_mixin.py:190} INFO - [2025-01-20T19:20:33.389+0000] {dagbag.py:588} INFO - Filling up the DagBag from /home/airflow/.local/lib/python3.12/site-packages/airflow/example_dags/example_latest_only_with_trigger.py
[2025-01-20T19:20:33.395+0000] {processor.py:925} INFO - DAG(s) 'latest_only_with_trigger' retrieved from /home/airflow/.local/lib/python3.12/site-packages/airflow/example_dags/example_latest_only_with_trigger.py
[2025-01-20T19:20:33.414+0000] {logging_mixin.py:190} INFO - [2025-01-20T19:20:33.414+0000] {dag.py:3239} INFO - Sync 1 DAGs
[2025-01-20T19:20:33.437+0000] {logging_mixin.py:190} INFO - [2025-01-20T19:20:33.437+0000] {dag.py:4180} INFO - Setting next_dagrun for latest_only_with_trigger to 2025-01-20 12:00:00+00:00, run_after=2025-01-20 16:00:00+00:00
[2025-01-20T19:20:33.452+0000] {processor.py:208} INFO - Processing /home/airflow/.local/lib/python3.12/site-packages/airflow/example_dags/example_latest_only_with_trigger.py took 0.070 seconds
[2025-01-20T19:21:04.620+0000] {processor.py:186} INFO - Started process (PID=1226) to work on /home/airflow/.local/lib/python3.12/site-packages/airflow/example_dags/example_latest_only_with_trigger.py
[2025-01-20T19:21:04.620+0000] {processor.py:914} INFO - Processing file /home/airflow/.local/lib/python3.12/site-packages/airflow/example_dags/example_latest_only_with_trigger.py for tasks to queue
[2025-01-20T19:21:04.622+0000] {logging_mixin.py:190} INFO - [2025-01-20T19:21:04.622+0000] {dagbag.py:588} INFO - Filling up the DagBag from /home/airflow/.local/lib/python3.12/site-packages/airflow/example_dags/example_latest_only_with_trigger.py
[2025-01-20T19:21:04.628+0000] {processor.py:925} INFO - DAG(s) 'latest_only_with_trigger' retrieved from /home/airflow/.local/lib/python3.12/site-packages/airflow/example_dags/example_latest_only_with_trigger.py
[2025-01-20T19:21:04.642+0000] {logging_mixin.py:190} INFO - [2025-01-20T19:21:04.642+0000] {dag.py:3239} INFO - Sync 1 DAGs
[2025-01-20T19:21:04.659+0000] {logging_mixin.py:190} INFO - [2025-01-20T19:21:04.659+0000] {dag.py:4180} INFO - Setting next_dagrun for latest_only_with_trigger to 2025-01-20 12:00:00+00:00, run_after=2025-01-20 16:00:00+00:00
[2025-01-20T19:21:04.671+0000] {processor.py:208} INFO - Processing /home/airflow/.local/lib/python3.12/site-packages/airflow/example_dags/example_latest_only_with_trigger.py took 0.055 seconds
[2025-01-20T19:21:35.941+0000] {processor.py:186} INFO - Started process (PID=1289) to work on /home/airflow/.local/lib/python3.12/site-packages/airflow/example_dags/example_latest_only_with_trigger.py
[2025-01-20T19:21:35.941+0000] {processor.py:914} INFO - Processing file /home/airflow/.local/lib/python3.12/site-packages/airflow/example_dags/example_latest_only_with_trigger.py for tasks to queue
[2025-01-20T19:21:35.943+0000] {logging_mixin.py:190} INFO - [2025-01-20T19:21:35.943+0000] {dagbag.py:588} INFO - Filling up the DagBag from /home/airflow/.local/lib/python3.12/site-packages/airflow/example_dags/example_latest_only_with_trigger.py
[2025-01-20T19:21:35.949+0000] {processor.py:925} INFO - DAG(s) 'latest_only_with_trigger' retrieved from /home/airflow/.local/lib/python3.12/site-packages/airflow/example_dags/example_latest_only_with_trigger.py
[2025-01-20T19:21:35.967+0000] {logging_mixin.py:190} INFO - [2025-01-20T19:21:35.967+0000] {dag.py:3239} INFO - Sync 1 DAGs
[2025-01-20T19:21:35.990+0000] {logging_mixin.py:190} INFO - [2025-01-20T19:21:35.989+0000] {dag.py:4180} INFO - Setting next_dagrun for latest_only_with_trigger to 2025-01-20 12:00:00+00:00, run_after=2025-01-20 16:00:00+00:00
[2025-01-20T19:21:36.005+0000] {processor.py:208} INFO - Processing /home/airflow/.local/lib/python3.12/site-packages/airflow/example_dags/example_latest_only_with_trigger.py took 0.069 seconds
[2025-01-20T19:22:07.233+0000] {processor.py:186} INFO - Started process (PID=1352) to work on /home/airflow/.local/lib/python3.12/site-packages/airflow/example_dags/example_latest_only_with_trigger.py
[2025-01-20T19:22:07.234+0000] {processor.py:914} INFO - Processing file /home/airflow/.local/lib/python3.12/site-packages/airflow/example_dags/example_latest_only_with_trigger.py for tasks to queue
[2025-01-20T19:22:07.236+0000] {logging_mixin.py:190} INFO - [2025-01-20T19:22:07.236+0000] {dagbag.py:588} INFO - Filling up the DagBag from /home/airflow/.local/lib/python3.12/site-packages/airflow/example_dags/example_latest_only_with_trigger.py
[2025-01-20T19:22:07.243+0000] {processor.py:925} INFO - DAG(s) 'latest_only_with_trigger' retrieved from /home/airflow/.local/lib/python3.12/site-packages/airflow/example_dags/example_latest_only_with_trigger.py
[2025-01-20T19:22:07.261+0000] {logging_mixin.py:190} INFO - [2025-01-20T19:22:07.261+0000] {dag.py:3239} INFO - Sync 1 DAGs
[2025-01-20T19:22:07.285+0000] {logging_mixin.py:190} INFO - [2025-01-20T19:22:07.284+0000] {dag.py:4180} INFO - Setting next_dagrun for latest_only_with_trigger to 2025-01-20 12:00:00+00:00, run_after=2025-01-20 16:00:00+00:00
[2025-01-20T19:22:07.299+0000] {processor.py:208} INFO - Processing /home/airflow/.local/lib/python3.12/site-packages/airflow/example_dags/example_latest_only_with_trigger.py took 0.072 seconds
[2025-01-20T19:22:38.326+0000] {processor.py:186} INFO - Started process (PID=1415) to work on /home/airflow/.local/lib/python3.12/site-packages/airflow/example_dags/example_latest_only_with_trigger.py
[2025-01-20T19:22:38.327+0000] {processor.py:914} INFO - Processing file /home/airflow/.local/lib/python3.12/site-packages/airflow/example_dags/example_latest_only_with_trigger.py for tasks to queue
[2025-01-20T19:22:38.329+0000] {logging_mixin.py:190} INFO - [2025-01-20T19:22:38.328+0000] {dagbag.py:588} INFO - Filling up the DagBag from /home/airflow/.local/lib/python3.12/site-packages/airflow/example_dags/example_latest_only_with_trigger.py
[2025-01-20T19:22:38.337+0000] {processor.py:925} INFO - DAG(s) 'latest_only_with_trigger' retrieved from /home/airflow/.local/lib/python3.12/site-packages/airflow/example_dags/example_latest_only_with_trigger.py
[2025-01-20T19:22:38.356+0000] {logging_mixin.py:190} INFO - [2025-01-20T19:22:38.355+0000] {dag.py:3239} INFO - Sync 1 DAGs
[2025-01-20T19:22:38.378+0000] {logging_mixin.py:190} INFO - [2025-01-20T19:22:38.378+0000] {dag.py:4180} INFO - Setting next_dagrun for latest_only_with_trigger to 2025-01-20 12:00:00+00:00, run_after=2025-01-20 16:00:00+00:00
[2025-01-20T19:22:38.393+0000] {processor.py:208} INFO - Processing /home/airflow/.local/lib/python3.12/site-packages/airflow/example_dags/example_latest_only_with_trigger.py took 0.071 seconds
[2025-01-20T19:23:09.470+0000] {processor.py:186} INFO - Started process (PID=1478) to work on /home/airflow/.local/lib/python3.12/site-packages/airflow/example_dags/example_latest_only_with_trigger.py
[2025-01-20T19:23:09.471+0000] {processor.py:914} INFO - Processing file /home/airflow/.local/lib/python3.12/site-packages/airflow/example_dags/example_latest_only_with_trigger.py for tasks to queue
[2025-01-20T19:23:09.472+0000] {logging_mixin.py:190} INFO - [2025-01-20T19:23:09.472+0000] {dagbag.py:588} INFO - Filling up the DagBag from /home/airflow/.local/lib/python3.12/site-packages/airflow/example_dags/example_latest_only_with_trigger.py
[2025-01-20T19:23:09.478+0000] {processor.py:925} INFO - DAG(s) 'latest_only_with_trigger' retrieved from /home/airflow/.local/lib/python3.12/site-packages/airflow/example_dags/example_latest_only_with_trigger.py
[2025-01-20T19:23:09.493+0000] {logging_mixin.py:190} INFO - [2025-01-20T19:23:09.492+0000] {dag.py:3239} INFO - Sync 1 DAGs
[2025-01-20T19:23:09.510+0000] {logging_mixin.py:190} INFO - [2025-01-20T19:23:09.510+0000] {dag.py:4180} INFO - Setting next_dagrun for latest_only_with_trigger to 2025-01-20 12:00:00+00:00, run_after=2025-01-20 16:00:00+00:00
[2025-01-20T19:23:09.524+0000] {processor.py:208} INFO - Processing /home/airflow/.local/lib/python3.12/site-packages/airflow/example_dags/example_latest_only_with_trigger.py took 0.058 seconds
[2025-01-20T19:23:40.714+0000] {processor.py:186} INFO - Started process (PID=1541) to work on /home/airflow/.local/lib/python3.12/site-packages/airflow/example_dags/example_latest_only_with_trigger.py
[2025-01-20T19:23:40.715+0000] {processor.py:914} INFO - Processing file /home/airflow/.local/lib/python3.12/site-packages/airflow/example_dags/example_latest_only_with_trigger.py for tasks to queue
[2025-01-20T19:23:40.716+0000] {logging_mixin.py:190} INFO - [2025-01-20T19:23:40.716+0000] {dagbag.py:588} INFO - Filling up the DagBag from /home/airflow/.local/lib/python3.12/site-packages/airflow/example_dags/example_latest_only_with_trigger.py
[2025-01-20T19:23:40.722+0000] {processor.py:925} INFO - DAG(s) 'latest_only_with_trigger' retrieved from /home/airflow/.local/lib/python3.12/site-packages/airflow/example_dags/example_latest_only_with_trigger.py
[2025-01-20T19:23:40.737+0000] {logging_mixin.py:190} INFO - [2025-01-20T19:23:40.736+0000] {dag.py:3239} INFO - Sync 1 DAGs
[2025-01-20T19:23:40.762+0000] {logging_mixin.py:190} INFO - [2025-01-20T19:23:40.762+0000] {dag.py:4180} INFO - Setting next_dagrun for latest_only_with_trigger to 2025-01-20 12:00:00+00:00, run_after=2025-01-20 16:00:00+00:00
[2025-01-20T19:23:40.779+0000] {processor.py:208} INFO - Processing /home/airflow/.local/lib/python3.12/site-packages/airflow/example_dags/example_latest_only_with_trigger.py took 0.069 seconds
[2025-01-20T19:24:11.983+0000] {processor.py:186} INFO - Started process (PID=1604) to work on /home/airflow/.local/lib/python3.12/site-packages/airflow/example_dags/example_latest_only_with_trigger.py
[2025-01-20T19:24:11.984+0000] {processor.py:914} INFO - Processing file /home/airflow/.local/lib/python3.12/site-packages/airflow/example_dags/example_latest_only_with_trigger.py for tasks to queue
[2025-01-20T19:24:11.986+0000] {logging_mixin.py:190} INFO - [2025-01-20T19:24:11.985+0000] {dagbag.py:588} INFO - Filling up the DagBag from /home/airflow/.local/lib/python3.12/site-packages/airflow/example_dags/example_latest_only_with_trigger.py
[2025-01-20T19:24:11.994+0000] {processor.py:925} INFO - DAG(s) 'latest_only_with_trigger' retrieved from /home/airflow/.local/lib/python3.12/site-packages/airflow/example_dags/example_latest_only_with_trigger.py
[2025-01-20T19:24:12.030+0000] {logging_mixin.py:190} INFO - [2025-01-20T19:24:12.030+0000] {dag.py:3239} INFO - Sync 1 DAGs
[2025-01-20T19:24:12.055+0000] {logging_mixin.py:190} INFO - [2025-01-20T19:24:12.055+0000] {dag.py:4180} INFO - Setting next_dagrun for latest_only_with_trigger to 2025-01-20 12:00:00+00:00, run_after=2025-01-20 16:00:00+00:00
[2025-01-20T19:24:12.070+0000] {processor.py:208} INFO - Processing /home/airflow/.local/lib/python3.12/site-packages/airflow/example_dags/example_latest_only_with_trigger.py took 0.093 seconds
[2025-01-20T19:24:43.241+0000] {processor.py:186} INFO - Started process (PID=1667) to work on /home/airflow/.local/lib/python3.12/site-packages/airflow/example_dags/example_latest_only_with_trigger.py
[2025-01-20T19:24:43.242+0000] {processor.py:914} INFO - Processing file /home/airflow/.local/lib/python3.12/site-packages/airflow/example_dags/example_latest_only_with_trigger.py for tasks to queue
[2025-01-20T19:24:43.244+0000] {logging_mixin.py:190} INFO - [2025-01-20T19:24:43.244+0000] {dagbag.py:588} INFO - Filling up the DagBag from /home/airflow/.local/lib/python3.12/site-packages/airflow/example_dags/example_latest_only_with_trigger.py
[2025-01-20T19:24:43.252+0000] {processor.py:925} INFO - DAG(s) 'latest_only_with_trigger' retrieved from /home/airflow/.local/lib/python3.12/site-packages/airflow/example_dags/example_latest_only_with_trigger.py
[2025-01-20T19:24:43.269+0000] {logging_mixin.py:190} INFO - [2025-01-20T19:24:43.269+0000] {dag.py:3239} INFO - Sync 1 DAGs
[2025-01-20T19:24:43.292+0000] {logging_mixin.py:190} INFO - [2025-01-20T19:24:43.292+0000] {dag.py:4180} INFO - Setting next_dagrun for latest_only_with_trigger to 2025-01-20 12:00:00+00:00, run_after=2025-01-20 16:00:00+00:00
[2025-01-20T19:24:43.306+0000] {processor.py:208} INFO - Processing /home/airflow/.local/lib/python3.12/site-packages/airflow/example_dags/example_latest_only_with_trigger.py took 0.069 seconds
[2025-01-20T19:25:14.773+0000] {processor.py:186} INFO - Started process (PID=1736) to work on /home/airflow/.local/lib/python3.12/site-packages/airflow/example_dags/example_latest_only_with_trigger.py
[2025-01-20T19:25:14.774+0000] {processor.py:914} INFO - Processing file /home/airflow/.local/lib/python3.12/site-packages/airflow/example_dags/example_latest_only_with_trigger.py for tasks to queue
[2025-01-20T19:25:14.776+0000] {logging_mixin.py:190} INFO - [2025-01-20T19:25:14.775+0000] {dagbag.py:588} INFO - Filling up the DagBag from /home/airflow/.local/lib/python3.12/site-packages/airflow/example_dags/example_latest_only_with_trigger.py
[2025-01-20T19:25:14.781+0000] {processor.py:925} INFO - DAG(s) 'latest_only_with_trigger' retrieved from /home/airflow/.local/lib/python3.12/site-packages/airflow/example_dags/example_latest_only_with_trigger.py
[2025-01-20T19:25:14.797+0000] {logging_mixin.py:190} INFO - [2025-01-20T19:25:14.796+0000] {dag.py:3239} INFO - Sync 1 DAGs
[2025-01-20T19:25:14.813+0000] {logging_mixin.py:190} INFO - [2025-01-20T19:25:14.813+0000] {dag.py:4180} INFO - Setting next_dagrun for latest_only_with_trigger to 2025-01-20 12:00:00+00:00, run_after=2025-01-20 16:00:00+00:00
[2025-01-20T19:25:14.826+0000] {processor.py:208} INFO - Processing /home/airflow/.local/lib/python3.12/site-packages/airflow/example_dags/example_latest_only_with_trigger.py took 0.057 seconds
[2025-01-20T19:25:46.306+0000] {processor.py:186} INFO - Started process (PID=1799) to work on /home/airflow/.local/lib/python3.12/site-packages/airflow/example_dags/example_latest_only_with_trigger.py
[2025-01-20T19:25:46.306+0000] {processor.py:914} INFO - Processing file /home/airflow/.local/lib/python3.12/site-packages/airflow/example_dags/example_latest_only_with_trigger.py for tasks to queue
[2025-01-20T19:25:46.309+0000] {logging_mixin.py:190} INFO - [2025-01-20T19:25:46.308+0000] {dagbag.py:588} INFO - Filling up the DagBag from /home/airflow/.local/lib/python3.12/site-packages/airflow/example_dags/example_latest_only_with_trigger.py
[2025-01-20T19:25:46.317+0000] {processor.py:925} INFO - DAG(s) 'latest_only_with_trigger' retrieved from /home/airflow/.local/lib/python3.12/site-packages/airflow/example_dags/example_latest_only_with_trigger.py
[2025-01-20T19:25:46.335+0000] {logging_mixin.py:190} INFO - [2025-01-20T19:25:46.335+0000] {dag.py:3239} INFO - Sync 1 DAGs
[2025-01-20T19:25:46.362+0000] {logging_mixin.py:190} INFO - [2025-01-20T19:25:46.361+0000] {dag.py:4180} INFO - Setting next_dagrun for latest_only_with_trigger to 2025-01-20 12:00:00+00:00, run_after=2025-01-20 16:00:00+00:00
[2025-01-20T19:25:46.377+0000] {processor.py:208} INFO - Processing /home/airflow/.local/lib/python3.12/site-packages/airflow/example_dags/example_latest_only_with_trigger.py took 0.078 seconds
[2025-01-20T19:26:17.683+0000] {processor.py:186} INFO - Started process (PID=1862) to work on /home/airflow/.local/lib/python3.12/site-packages/airflow/example_dags/example_latest_only_with_trigger.py
[2025-01-20T19:26:17.684+0000] {processor.py:914} INFO - Processing file /home/airflow/.local/lib/python3.12/site-packages/airflow/example_dags/example_latest_only_with_trigger.py for tasks to queue
[2025-01-20T19:26:17.685+0000] {logging_mixin.py:190} INFO - [2025-01-20T19:26:17.685+0000] {dagbag.py:588} INFO - Filling up the DagBag from /home/airflow/.local/lib/python3.12/site-packages/airflow/example_dags/example_latest_only_with_trigger.py
[2025-01-20T19:26:17.691+0000] {processor.py:925} INFO - DAG(s) 'latest_only_with_trigger' retrieved from /home/airflow/.local/lib/python3.12/site-packages/airflow/example_dags/example_latest_only_with_trigger.py
[2025-01-20T19:26:17.709+0000] {logging_mixin.py:190} INFO - [2025-01-20T19:26:17.708+0000] {dag.py:3239} INFO - Sync 1 DAGs
[2025-01-20T19:26:17.733+0000] {logging_mixin.py:190} INFO - [2025-01-20T19:26:17.733+0000] {dag.py:4180} INFO - Setting next_dagrun for latest_only_with_trigger to 2025-01-20 12:00:00+00:00, run_after=2025-01-20 16:00:00+00:00
[2025-01-20T19:26:17.747+0000] {processor.py:208} INFO - Processing /home/airflow/.local/lib/python3.12/site-packages/airflow/example_dags/example_latest_only_with_trigger.py took 0.069 seconds
[2025-01-20T19:26:48.348+0000] {processor.py:186} INFO - Started process (PID=1926) to work on /home/airflow/.local/lib/python3.12/site-packages/airflow/example_dags/example_latest_only_with_trigger.py
[2025-01-20T19:26:48.349+0000] {processor.py:914} INFO - Processing file /home/airflow/.local/lib/python3.12/site-packages/airflow/example_dags/example_latest_only_with_trigger.py for tasks to queue
[2025-01-20T19:26:48.350+0000] {logging_mixin.py:190} INFO - [2025-01-20T19:26:48.350+0000] {dagbag.py:588} INFO - Filling up the DagBag from /home/airflow/.local/lib/python3.12/site-packages/airflow/example_dags/example_latest_only_with_trigger.py
[2025-01-20T19:26:48.356+0000] {processor.py:925} INFO - DAG(s) 'latest_only_with_trigger' retrieved from /home/airflow/.local/lib/python3.12/site-packages/airflow/example_dags/example_latest_only_with_trigger.py
[2025-01-20T19:26:48.371+0000] {logging_mixin.py:190} INFO - [2025-01-20T19:26:48.371+0000] {dag.py:3239} INFO - Sync 1 DAGs
[2025-01-20T19:26:48.388+0000] {logging_mixin.py:190} INFO - [2025-01-20T19:26:48.388+0000] {dag.py:4180} INFO - Setting next_dagrun for latest_only_with_trigger to 2025-01-20 12:00:00+00:00, run_after=2025-01-20 16:00:00+00:00
[2025-01-20T19:26:48.401+0000] {processor.py:208} INFO - Processing /home/airflow/.local/lib/python3.12/site-packages/airflow/example_dags/example_latest_only_with_trigger.py took 0.057 seconds
[2025-01-20T19:27:19.832+0000] {processor.py:186} INFO - Started process (PID=1991) to work on /home/airflow/.local/lib/python3.12/site-packages/airflow/example_dags/example_latest_only_with_trigger.py
[2025-01-20T19:27:19.833+0000] {processor.py:914} INFO - Processing file /home/airflow/.local/lib/python3.12/site-packages/airflow/example_dags/example_latest_only_with_trigger.py for tasks to queue
[2025-01-20T19:27:19.834+0000] {logging_mixin.py:190} INFO - [2025-01-20T19:27:19.834+0000] {dagbag.py:588} INFO - Filling up the DagBag from /home/airflow/.local/lib/python3.12/site-packages/airflow/example_dags/example_latest_only_with_trigger.py
[2025-01-20T19:27:19.841+0000] {processor.py:925} INFO - DAG(s) 'latest_only_with_trigger' retrieved from /home/airflow/.local/lib/python3.12/site-packages/airflow/example_dags/example_latest_only_with_trigger.py
[2025-01-20T19:27:19.859+0000] {logging_mixin.py:190} INFO - [2025-01-20T19:27:19.859+0000] {dag.py:3239} INFO - Sync 1 DAGs
[2025-01-20T19:27:19.882+0000] {logging_mixin.py:190} INFO - [2025-01-20T19:27:19.881+0000] {dag.py:4180} INFO - Setting next_dagrun for latest_only_with_trigger to 2025-01-20 12:00:00+00:00, run_after=2025-01-20 16:00:00+00:00
[2025-01-20T19:27:19.896+0000] {processor.py:208} INFO - Processing /home/airflow/.local/lib/python3.12/site-packages/airflow/example_dags/example_latest_only_with_trigger.py took 0.069 seconds
[2025-01-20T19:27:50.465+0000] {processor.py:186} INFO - Started process (PID=2056) to work on /home/airflow/.local/lib/python3.12/site-packages/airflow/example_dags/example_latest_only_with_trigger.py
[2025-01-20T19:27:50.466+0000] {processor.py:914} INFO - Processing file /home/airflow/.local/lib/python3.12/site-packages/airflow/example_dags/example_latest_only_with_trigger.py for tasks to queue
[2025-01-20T19:27:50.467+0000] {logging_mixin.py:190} INFO - [2025-01-20T19:27:50.467+0000] {dagbag.py:588} INFO - Filling up the DagBag from /home/airflow/.local/lib/python3.12/site-packages/airflow/example_dags/example_latest_only_with_trigger.py
[2025-01-20T19:27:50.473+0000] {processor.py:925} INFO - DAG(s) 'latest_only_with_trigger' retrieved from /home/airflow/.local/lib/python3.12/site-packages/airflow/example_dags/example_latest_only_with_trigger.py
[2025-01-20T19:27:50.490+0000] {logging_mixin.py:190} INFO - [2025-01-20T19:27:50.490+0000] {dag.py:3239} INFO - Sync 1 DAGs
[2025-01-20T19:27:50.509+0000] {logging_mixin.py:190} INFO - [2025-01-20T19:27:50.508+0000] {dag.py:4180} INFO - Setting next_dagrun for latest_only_with_trigger to 2025-01-20 12:00:00+00:00, run_after=2025-01-20 16:00:00+00:00
[2025-01-20T19:27:50.524+0000] {processor.py:208} INFO - Processing /home/airflow/.local/lib/python3.12/site-packages/airflow/example_dags/example_latest_only_with_trigger.py took 0.063 seconds
[2025-01-20T19:28:22.003+0000] {processor.py:186} INFO - Started process (PID=2120) to work on /home/airflow/.local/lib/python3.12/site-packages/airflow/example_dags/example_latest_only_with_trigger.py
[2025-01-20T19:28:22.003+0000] {processor.py:914} INFO - Processing file /home/airflow/.local/lib/python3.12/site-packages/airflow/example_dags/example_latest_only_with_trigger.py for tasks to queue
[2025-01-20T19:28:22.005+0000] {logging_mixin.py:190} INFO - [2025-01-20T19:28:22.005+0000] {dagbag.py:588} INFO - Filling up the DagBag from /home/airflow/.local/lib/python3.12/site-packages/airflow/example_dags/example_latest_only_with_trigger.py
[2025-01-20T19:28:22.010+0000] {processor.py:925} INFO - DAG(s) 'latest_only_with_trigger' retrieved from /home/airflow/.local/lib/python3.12/site-packages/airflow/example_dags/example_latest_only_with_trigger.py
[2025-01-20T19:28:22.027+0000] {logging_mixin.py:190} INFO - [2025-01-20T19:28:22.027+0000] {dag.py:3239} INFO - Sync 1 DAGs
[2025-01-20T19:28:22.046+0000] {logging_mixin.py:190} INFO - [2025-01-20T19:28:22.046+0000] {dag.py:4180} INFO - Setting next_dagrun for latest_only_with_trigger to 2025-01-20 12:00:00+00:00, run_after=2025-01-20 16:00:00+00:00
[2025-01-20T19:28:22.060+0000] {processor.py:208} INFO - Processing /home/airflow/.local/lib/python3.12/site-packages/airflow/example_dags/example_latest_only_with_trigger.py took 0.062 seconds
[2025-01-20T19:28:53.095+0000] {processor.py:186} INFO - Started process (PID=2184) to work on /home/airflow/.local/lib/python3.12/site-packages/airflow/example_dags/example_latest_only_with_trigger.py
[2025-01-20T19:28:53.095+0000] {processor.py:914} INFO - Processing file /home/airflow/.local/lib/python3.12/site-packages/airflow/example_dags/example_latest_only_with_trigger.py for tasks to queue
[2025-01-20T19:28:53.097+0000] {logging_mixin.py:190} INFO - [2025-01-20T19:28:53.096+0000] {dagbag.py:588} INFO - Filling up the DagBag from /home/airflow/.local/lib/python3.12/site-packages/airflow/example_dags/example_latest_only_with_trigger.py
[2025-01-20T19:28:53.102+0000] {processor.py:925} INFO - DAG(s) 'latest_only_with_trigger' retrieved from /home/airflow/.local/lib/python3.12/site-packages/airflow/example_dags/example_latest_only_with_trigger.py
[2025-01-20T19:28:53.118+0000] {logging_mixin.py:190} INFO - [2025-01-20T19:28:53.118+0000] {dag.py:3239} INFO - Sync 1 DAGs
[2025-01-20T19:28:53.138+0000] {logging_mixin.py:190} INFO - [2025-01-20T19:28:53.138+0000] {dag.py:4180} INFO - Setting next_dagrun for latest_only_with_trigger to 2025-01-20 12:00:00+00:00, run_after=2025-01-20 16:00:00+00:00
[2025-01-20T19:28:53.151+0000] {processor.py:208} INFO - Processing /home/airflow/.local/lib/python3.12/site-packages/airflow/example_dags/example_latest_only_with_trigger.py took 0.061 seconds
[2025-01-20T19:29:24.228+0000] {processor.py:186} INFO - Started process (PID=2248) to work on /home/airflow/.local/lib/python3.12/site-packages/airflow/example_dags/example_latest_only_with_trigger.py
[2025-01-20T19:29:24.228+0000] {processor.py:914} INFO - Processing file /home/airflow/.local/lib/python3.12/site-packages/airflow/example_dags/example_latest_only_with_trigger.py for tasks to queue
[2025-01-20T19:29:24.230+0000] {logging_mixin.py:190} INFO - [2025-01-20T19:29:24.230+0000] {dagbag.py:588} INFO - Filling up the DagBag from /home/airflow/.local/lib/python3.12/site-packages/airflow/example_dags/example_latest_only_with_trigger.py
[2025-01-20T19:29:24.236+0000] {processor.py:925} INFO - DAG(s) 'latest_only_with_trigger' retrieved from /home/airflow/.local/lib/python3.12/site-packages/airflow/example_dags/example_latest_only_with_trigger.py
[2025-01-20T19:29:24.252+0000] {logging_mixin.py:190} INFO - [2025-01-20T19:29:24.251+0000] {dag.py:3239} INFO - Sync 1 DAGs
[2025-01-20T19:29:24.270+0000] {logging_mixin.py:190} INFO - [2025-01-20T19:29:24.270+0000] {dag.py:4180} INFO - Setting next_dagrun for latest_only_with_trigger to 2025-01-20 12:00:00+00:00, run_after=2025-01-20 16:00:00+00:00
[2025-01-20T19:29:24.283+0000] {processor.py:208} INFO - Processing /home/airflow/.local/lib/python3.12/site-packages/airflow/example_dags/example_latest_only_with_trigger.py took 0.060 seconds
[2025-01-20T19:29:55.676+0000] {processor.py:186} INFO - Started process (PID=2312) to work on /home/airflow/.local/lib/python3.12/site-packages/airflow/example_dags/example_latest_only_with_trigger.py
[2025-01-20T19:29:55.676+0000] {processor.py:914} INFO - Processing file /home/airflow/.local/lib/python3.12/site-packages/airflow/example_dags/example_latest_only_with_trigger.py for tasks to queue
[2025-01-20T19:29:55.678+0000] {logging_mixin.py:190} INFO - [2025-01-20T19:29:55.678+0000] {dagbag.py:588} INFO - Filling up the DagBag from /home/airflow/.local/lib/python3.12/site-packages/airflow/example_dags/example_latest_only_with_trigger.py
[2025-01-20T19:29:55.683+0000] {processor.py:925} INFO - DAG(s) 'latest_only_with_trigger' retrieved from /home/airflow/.local/lib/python3.12/site-packages/airflow/example_dags/example_latest_only_with_trigger.py
[2025-01-20T19:29:55.702+0000] {logging_mixin.py:190} INFO - [2025-01-20T19:29:55.701+0000] {dag.py:3239} INFO - Sync 1 DAGs
[2025-01-20T19:29:55.724+0000] {logging_mixin.py:190} INFO - [2025-01-20T19:29:55.724+0000] {dag.py:4180} INFO - Setting next_dagrun for latest_only_with_trigger to 2025-01-20 12:00:00+00:00, run_after=2025-01-20 16:00:00+00:00
[2025-01-20T19:29:55.740+0000] {processor.py:208} INFO - Processing /home/airflow/.local/lib/python3.12/site-packages/airflow/example_dags/example_latest_only_with_trigger.py took 0.068 seconds
[2025-01-20T19:30:26.806+0000] {processor.py:186} INFO - Started process (PID=2376) to work on /home/airflow/.local/lib/python3.12/site-packages/airflow/example_dags/example_latest_only_with_trigger.py
[2025-01-20T19:30:26.807+0000] {processor.py:914} INFO - Processing file /home/airflow/.local/lib/python3.12/site-packages/airflow/example_dags/example_latest_only_with_trigger.py for tasks to queue
[2025-01-20T19:30:26.809+0000] {logging_mixin.py:190} INFO - [2025-01-20T19:30:26.808+0000] {dagbag.py:588} INFO - Filling up the DagBag from /home/airflow/.local/lib/python3.12/site-packages/airflow/example_dags/example_latest_only_with_trigger.py
[2025-01-20T19:30:26.815+0000] {processor.py:925} INFO - DAG(s) 'latest_only_with_trigger' retrieved from /home/airflow/.local/lib/python3.12/site-packages/airflow/example_dags/example_latest_only_with_trigger.py
[2025-01-20T19:30:26.835+0000] {logging_mixin.py:190} INFO - [2025-01-20T19:30:26.835+0000] {dag.py:3239} INFO - Sync 1 DAGs
[2025-01-20T19:30:26.859+0000] {logging_mixin.py:190} INFO - [2025-01-20T19:30:26.859+0000] {dag.py:4180} INFO - Setting next_dagrun for latest_only_with_trigger to 2025-01-20 12:00:00+00:00, run_after=2025-01-20 16:00:00+00:00
[2025-01-20T19:30:26.875+0000] {processor.py:208} INFO - Processing /home/airflow/.local/lib/python3.12/site-packages/airflow/example_dags/example_latest_only_with_trigger.py took 0.073 seconds
