[2025-01-20T19:11:47.550+0000] {processor.py:186} INFO - Started process (PID=99) to work on /home/airflow/.local/lib/python3.12/site-packages/airflow/example_dags/example_params_trigger_ui.py
[2025-01-20T19:11:47.551+0000] {processor.py:914} INFO - Processing file /home/airflow/.local/lib/python3.12/site-packages/airflow/example_dags/example_params_trigger_ui.py for tasks to queue
[2025-01-20T19:11:47.553+0000] {logging_mixin.py:190} INFO - [2025-01-20T19:11:47.553+0000] {dagbag.py:588} INFO - Filling up the DagBag from /home/airflow/.local/lib/python3.12/site-packages/airflow/example_dags/example_params_trigger_ui.py
[2025-01-20T19:11:47.563+0000] {processor.py:925} INFO - DAG(s) 'example_params_trigger_ui' retrieved from /home/airflow/.local/lib/python3.12/site-packages/airflow/example_dags/example_params_trigger_ui.py
[2025-01-20T19:11:47.695+0000] {logging_mixin.py:190} INFO - [2025-01-20T19:11:47.694+0000] {override.py:1911} INFO - Created Permission View: can edit on DAG:example_params_trigger_ui
[2025-01-20T19:11:47.702+0000] {logging_mixin.py:190} INFO - [2025-01-20T19:11:47.702+0000] {override.py:1911} INFO - Created Permission View: can delete on DAG:example_params_trigger_ui
[2025-01-20T19:11:47.707+0000] {logging_mixin.py:190} INFO - [2025-01-20T19:11:47.707+0000] {override.py:1911} INFO - Created Permission View: can read on DAG:example_params_trigger_ui
[2025-01-20T19:11:47.713+0000] {logging_mixin.py:190} INFO - [2025-01-20T19:11:47.712+0000] {override.py:1911} INFO - Created Permission View: can create on DAG Run:example_params_trigger_ui
[2025-01-20T19:11:47.719+0000] {logging_mixin.py:190} INFO - [2025-01-20T19:11:47.719+0000] {override.py:1911} INFO - Created Permission View: can delete on DAG Run:example_params_trigger_ui
[2025-01-20T19:11:47.731+0000] {logging_mixin.py:190} INFO - [2025-01-20T19:11:47.730+0000] {override.py:1911} INFO - Created Permission View: menu access on DAG Run:example_params_trigger_ui
[2025-01-20T19:11:47.739+0000] {logging_mixin.py:190} INFO - [2025-01-20T19:11:47.738+0000] {override.py:1911} INFO - Created Permission View: can read on DAG Run:example_params_trigger_ui
[2025-01-20T19:11:47.739+0000] {logging_mixin.py:190} INFO - [2025-01-20T19:11:47.739+0000] {dag.py:3239} INFO - Sync 1 DAGs
[2025-01-20T19:11:47.751+0000] {logging_mixin.py:190} INFO - [2025-01-20T19:11:47.751+0000] {dag.py:3262} INFO - Creating ORM DAG for example_params_trigger_ui
[2025-01-20T19:11:47.751+0000] {logging_mixin.py:190} INFO - [2025-01-20T19:11:47.751+0000] {dag.py:4180} INFO - Setting next_dagrun for example_params_trigger_ui to None, run_after=None
[2025-01-20T19:11:47.764+0000] {processor.py:208} INFO - Processing /home/airflow/.local/lib/python3.12/site-packages/airflow/example_dags/example_params_trigger_ui.py took 0.219 seconds
[2025-01-20T19:12:18.358+0000] {processor.py:186} INFO - Started process (PID=162) to work on /home/airflow/.local/lib/python3.12/site-packages/airflow/example_dags/example_params_trigger_ui.py
[2025-01-20T19:12:18.359+0000] {processor.py:914} INFO - Processing file /home/airflow/.local/lib/python3.12/site-packages/airflow/example_dags/example_params_trigger_ui.py for tasks to queue
[2025-01-20T19:12:18.360+0000] {logging_mixin.py:190} INFO - [2025-01-20T19:12:18.360+0000] {dagbag.py:588} INFO - Filling up the DagBag from /home/airflow/.local/lib/python3.12/site-packages/airflow/example_dags/example_params_trigger_ui.py
[2025-01-20T19:12:18.369+0000] {processor.py:925} INFO - DAG(s) 'example_params_trigger_ui' retrieved from /home/airflow/.local/lib/python3.12/site-packages/airflow/example_dags/example_params_trigger_ui.py
[2025-01-20T19:12:18.401+0000] {logging_mixin.py:190} INFO - [2025-01-20T19:12:18.401+0000] {dag.py:3239} INFO - Sync 1 DAGs
[2025-01-20T19:12:18.411+0000] {logging_mixin.py:190} INFO - [2025-01-20T19:12:18.411+0000] {dag.py:4180} INFO - Setting next_dagrun for example_params_trigger_ui to None, run_after=None
[2025-01-20T19:12:18.423+0000] {processor.py:208} INFO - Processing /home/airflow/.local/lib/python3.12/site-packages/airflow/example_dags/example_params_trigger_ui.py took 0.069 seconds
[2025-01-20T19:12:49.144+0000] {processor.py:186} INFO - Started process (PID=225) to work on /home/airflow/.local/lib/python3.12/site-packages/airflow/example_dags/example_params_trigger_ui.py
[2025-01-20T19:12:49.144+0000] {processor.py:914} INFO - Processing file /home/airflow/.local/lib/python3.12/site-packages/airflow/example_dags/example_params_trigger_ui.py for tasks to queue
[2025-01-20T19:12:49.146+0000] {logging_mixin.py:190} INFO - [2025-01-20T19:12:49.146+0000] {dagbag.py:588} INFO - Filling up the DagBag from /home/airflow/.local/lib/python3.12/site-packages/airflow/example_dags/example_params_trigger_ui.py
[2025-01-20T19:12:49.154+0000] {processor.py:925} INFO - DAG(s) 'example_params_trigger_ui' retrieved from /home/airflow/.local/lib/python3.12/site-packages/airflow/example_dags/example_params_trigger_ui.py
[2025-01-20T19:12:49.187+0000] {logging_mixin.py:190} INFO - [2025-01-20T19:12:49.187+0000] {dag.py:3239} INFO - Sync 1 DAGs
[2025-01-20T19:12:49.198+0000] {logging_mixin.py:190} INFO - [2025-01-20T19:12:49.197+0000] {dag.py:4180} INFO - Setting next_dagrun for example_params_trigger_ui to None, run_after=None
[2025-01-20T19:12:49.209+0000] {processor.py:208} INFO - Processing /home/airflow/.local/lib/python3.12/site-packages/airflow/example_dags/example_params_trigger_ui.py took 0.070 seconds
[2025-01-20T19:13:20.083+0000] {processor.py:186} INFO - Started process (PID=288) to work on /home/airflow/.local/lib/python3.12/site-packages/airflow/example_dags/example_params_trigger_ui.py
[2025-01-20T19:13:20.083+0000] {processor.py:914} INFO - Processing file /home/airflow/.local/lib/python3.12/site-packages/airflow/example_dags/example_params_trigger_ui.py for tasks to queue
[2025-01-20T19:13:20.085+0000] {logging_mixin.py:190} INFO - [2025-01-20T19:13:20.085+0000] {dagbag.py:588} INFO - Filling up the DagBag from /home/airflow/.local/lib/python3.12/site-packages/airflow/example_dags/example_params_trigger_ui.py
[2025-01-20T19:13:20.094+0000] {processor.py:925} INFO - DAG(s) 'example_params_trigger_ui' retrieved from /home/airflow/.local/lib/python3.12/site-packages/airflow/example_dags/example_params_trigger_ui.py
[2025-01-20T19:13:20.140+0000] {logging_mixin.py:190} INFO - [2025-01-20T19:13:20.140+0000] {dag.py:3239} INFO - Sync 1 DAGs
[2025-01-20T19:13:20.154+0000] {logging_mixin.py:190} INFO - [2025-01-20T19:13:20.153+0000] {dag.py:4180} INFO - Setting next_dagrun for example_params_trigger_ui to None, run_after=None
[2025-01-20T19:13:20.167+0000] {processor.py:208} INFO - Processing /home/airflow/.local/lib/python3.12/site-packages/airflow/example_dags/example_params_trigger_ui.py took 0.089 seconds
[2025-01-20T19:13:50.839+0000] {processor.py:186} INFO - Started process (PID=351) to work on /home/airflow/.local/lib/python3.12/site-packages/airflow/example_dags/example_params_trigger_ui.py
[2025-01-20T19:13:50.842+0000] {processor.py:914} INFO - Processing file /home/airflow/.local/lib/python3.12/site-packages/airflow/example_dags/example_params_trigger_ui.py for tasks to queue
[2025-01-20T19:13:50.843+0000] {logging_mixin.py:190} INFO - [2025-01-20T19:13:50.843+0000] {dagbag.py:588} INFO - Filling up the DagBag from /home/airflow/.local/lib/python3.12/site-packages/airflow/example_dags/example_params_trigger_ui.py
[2025-01-20T19:13:50.854+0000] {processor.py:925} INFO - DAG(s) 'example_params_trigger_ui' retrieved from /home/airflow/.local/lib/python3.12/site-packages/airflow/example_dags/example_params_trigger_ui.py
[2025-01-20T19:13:50.905+0000] {logging_mixin.py:190} INFO - [2025-01-20T19:13:50.904+0000] {dag.py:3239} INFO - Sync 1 DAGs
[2025-01-20T19:13:50.920+0000] {logging_mixin.py:190} INFO - [2025-01-20T19:13:50.920+0000] {dag.py:4180} INFO - Setting next_dagrun for example_params_trigger_ui to None, run_after=None
[2025-01-20T19:13:50.935+0000] {processor.py:208} INFO - Processing /home/airflow/.local/lib/python3.12/site-packages/airflow/example_dags/example_params_trigger_ui.py took 0.102 seconds
[2025-01-20T19:14:21.424+0000] {processor.py:186} INFO - Started process (PID=414) to work on /home/airflow/.local/lib/python3.12/site-packages/airflow/example_dags/example_params_trigger_ui.py
[2025-01-20T19:14:21.425+0000] {processor.py:914} INFO - Processing file /home/airflow/.local/lib/python3.12/site-packages/airflow/example_dags/example_params_trigger_ui.py for tasks to queue
[2025-01-20T19:14:21.426+0000] {logging_mixin.py:190} INFO - [2025-01-20T19:14:21.426+0000] {dagbag.py:588} INFO - Filling up the DagBag from /home/airflow/.local/lib/python3.12/site-packages/airflow/example_dags/example_params_trigger_ui.py
[2025-01-20T19:14:21.434+0000] {processor.py:925} INFO - DAG(s) 'example_params_trigger_ui' retrieved from /home/airflow/.local/lib/python3.12/site-packages/airflow/example_dags/example_params_trigger_ui.py
[2025-01-20T19:14:21.467+0000] {logging_mixin.py:190} INFO - [2025-01-20T19:14:21.466+0000] {dag.py:3239} INFO - Sync 1 DAGs
[2025-01-20T19:14:21.477+0000] {logging_mixin.py:190} INFO - [2025-01-20T19:14:21.477+0000] {dag.py:4180} INFO - Setting next_dagrun for example_params_trigger_ui to None, run_after=None
[2025-01-20T19:14:21.489+0000] {processor.py:208} INFO - Processing /home/airflow/.local/lib/python3.12/site-packages/airflow/example_dags/example_params_trigger_ui.py took 0.069 seconds
[2025-01-20T19:14:51.985+0000] {processor.py:186} INFO - Started process (PID=477) to work on /home/airflow/.local/lib/python3.12/site-packages/airflow/example_dags/example_params_trigger_ui.py
[2025-01-20T19:14:51.985+0000] {processor.py:914} INFO - Processing file /home/airflow/.local/lib/python3.12/site-packages/airflow/example_dags/example_params_trigger_ui.py for tasks to queue
[2025-01-20T19:14:51.987+0000] {logging_mixin.py:190} INFO - [2025-01-20T19:14:51.987+0000] {dagbag.py:588} INFO - Filling up the DagBag from /home/airflow/.local/lib/python3.12/site-packages/airflow/example_dags/example_params_trigger_ui.py
[2025-01-20T19:14:51.995+0000] {processor.py:925} INFO - DAG(s) 'example_params_trigger_ui' retrieved from /home/airflow/.local/lib/python3.12/site-packages/airflow/example_dags/example_params_trigger_ui.py
[2025-01-20T19:14:52.028+0000] {logging_mixin.py:190} INFO - [2025-01-20T19:14:52.028+0000] {dag.py:3239} INFO - Sync 1 DAGs
[2025-01-20T19:14:52.044+0000] {logging_mixin.py:190} INFO - [2025-01-20T19:14:52.044+0000] {dag.py:4180} INFO - Setting next_dagrun for example_params_trigger_ui to None, run_after=None
[2025-01-20T19:14:52.061+0000] {processor.py:208} INFO - Processing /home/airflow/.local/lib/python3.12/site-packages/airflow/example_dags/example_params_trigger_ui.py took 0.081 seconds
[2025-01-20T19:15:23.429+0000] {processor.py:186} INFO - Started process (PID=541) to work on /home/airflow/.local/lib/python3.12/site-packages/airflow/example_dags/example_params_trigger_ui.py
[2025-01-20T19:15:23.430+0000] {processor.py:914} INFO - Processing file /home/airflow/.local/lib/python3.12/site-packages/airflow/example_dags/example_params_trigger_ui.py for tasks to queue
[2025-01-20T19:15:23.432+0000] {logging_mixin.py:190} INFO - [2025-01-20T19:15:23.432+0000] {dagbag.py:588} INFO - Filling up the DagBag from /home/airflow/.local/lib/python3.12/site-packages/airflow/example_dags/example_params_trigger_ui.py
[2025-01-20T19:15:23.442+0000] {processor.py:925} INFO - DAG(s) 'example_params_trigger_ui' retrieved from /home/airflow/.local/lib/python3.12/site-packages/airflow/example_dags/example_params_trigger_ui.py
[2025-01-20T19:15:23.491+0000] {logging_mixin.py:190} INFO - [2025-01-20T19:15:23.491+0000] {dag.py:3239} INFO - Sync 1 DAGs
[2025-01-20T19:15:23.506+0000] {logging_mixin.py:190} INFO - [2025-01-20T19:15:23.506+0000] {dag.py:4180} INFO - Setting next_dagrun for example_params_trigger_ui to None, run_after=None
[2025-01-20T19:15:23.521+0000] {processor.py:208} INFO - Processing /home/airflow/.local/lib/python3.12/site-packages/airflow/example_dags/example_params_trigger_ui.py took 0.098 seconds
[2025-01-20T19:15:54.523+0000] {processor.py:186} INFO - Started process (PID=604) to work on /home/airflow/.local/lib/python3.12/site-packages/airflow/example_dags/example_params_trigger_ui.py
[2025-01-20T19:15:54.524+0000] {processor.py:914} INFO - Processing file /home/airflow/.local/lib/python3.12/site-packages/airflow/example_dags/example_params_trigger_ui.py for tasks to queue
[2025-01-20T19:15:54.526+0000] {logging_mixin.py:190} INFO - [2025-01-20T19:15:54.526+0000] {dagbag.py:588} INFO - Filling up the DagBag from /home/airflow/.local/lib/python3.12/site-packages/airflow/example_dags/example_params_trigger_ui.py
[2025-01-20T19:15:54.538+0000] {processor.py:925} INFO - DAG(s) 'example_params_trigger_ui' retrieved from /home/airflow/.local/lib/python3.12/site-packages/airflow/example_dags/example_params_trigger_ui.py
[2025-01-20T19:15:54.589+0000] {logging_mixin.py:190} INFO - [2025-01-20T19:15:54.589+0000] {dag.py:3239} INFO - Sync 1 DAGs
[2025-01-20T19:15:54.606+0000] {logging_mixin.py:190} INFO - [2025-01-20T19:15:54.605+0000] {dag.py:4180} INFO - Setting next_dagrun for example_params_trigger_ui to None, run_after=None
[2025-01-20T19:15:54.623+0000] {processor.py:208} INFO - Processing /home/airflow/.local/lib/python3.12/site-packages/airflow/example_dags/example_params_trigger_ui.py took 0.106 seconds
[2025-01-20T19:16:25.091+0000] {processor.py:186} INFO - Started process (PID=668) to work on /home/airflow/.local/lib/python3.12/site-packages/airflow/example_dags/example_params_trigger_ui.py
[2025-01-20T19:16:25.092+0000] {processor.py:914} INFO - Processing file /home/airflow/.local/lib/python3.12/site-packages/airflow/example_dags/example_params_trigger_ui.py for tasks to queue
[2025-01-20T19:16:25.093+0000] {logging_mixin.py:190} INFO - [2025-01-20T19:16:25.093+0000] {dagbag.py:588} INFO - Filling up the DagBag from /home/airflow/.local/lib/python3.12/site-packages/airflow/example_dags/example_params_trigger_ui.py
[2025-01-20T19:16:25.102+0000] {processor.py:925} INFO - DAG(s) 'example_params_trigger_ui' retrieved from /home/airflow/.local/lib/python3.12/site-packages/airflow/example_dags/example_params_trigger_ui.py
[2025-01-20T19:16:25.135+0000] {logging_mixin.py:190} INFO - [2025-01-20T19:16:25.135+0000] {dag.py:3239} INFO - Sync 1 DAGs
[2025-01-20T19:16:25.147+0000] {logging_mixin.py:190} INFO - [2025-01-20T19:16:25.147+0000] {dag.py:4180} INFO - Setting next_dagrun for example_params_trigger_ui to None, run_after=None
[2025-01-20T19:16:25.162+0000] {processor.py:208} INFO - Processing /home/airflow/.local/lib/python3.12/site-packages/airflow/example_dags/example_params_trigger_ui.py took 0.075 seconds
[2025-01-20T19:16:56.289+0000] {processor.py:186} INFO - Started process (PID=731) to work on /home/airflow/.local/lib/python3.12/site-packages/airflow/example_dags/example_params_trigger_ui.py
[2025-01-20T19:16:56.290+0000] {processor.py:914} INFO - Processing file /home/airflow/.local/lib/python3.12/site-packages/airflow/example_dags/example_params_trigger_ui.py for tasks to queue
[2025-01-20T19:16:56.291+0000] {logging_mixin.py:190} INFO - [2025-01-20T19:16:56.291+0000] {dagbag.py:588} INFO - Filling up the DagBag from /home/airflow/.local/lib/python3.12/site-packages/airflow/example_dags/example_params_trigger_ui.py
[2025-01-20T19:16:56.300+0000] {processor.py:925} INFO - DAG(s) 'example_params_trigger_ui' retrieved from /home/airflow/.local/lib/python3.12/site-packages/airflow/example_dags/example_params_trigger_ui.py
[2025-01-20T19:16:56.349+0000] {logging_mixin.py:190} INFO - [2025-01-20T19:16:56.349+0000] {dag.py:3239} INFO - Sync 1 DAGs
[2025-01-20T19:16:56.364+0000] {logging_mixin.py:190} INFO - [2025-01-20T19:16:56.364+0000] {dag.py:4180} INFO - Setting next_dagrun for example_params_trigger_ui to None, run_after=None
[2025-01-20T19:16:56.380+0000] {processor.py:208} INFO - Processing /home/airflow/.local/lib/python3.12/site-packages/airflow/example_dags/example_params_trigger_ui.py took 0.095 seconds
[2025-01-20T19:17:27.491+0000] {processor.py:186} INFO - Started process (PID=794) to work on /home/airflow/.local/lib/python3.12/site-packages/airflow/example_dags/example_params_trigger_ui.py
[2025-01-20T19:17:27.491+0000] {processor.py:914} INFO - Processing file /home/airflow/.local/lib/python3.12/site-packages/airflow/example_dags/example_params_trigger_ui.py for tasks to queue
[2025-01-20T19:17:27.493+0000] {logging_mixin.py:190} INFO - [2025-01-20T19:17:27.493+0000] {dagbag.py:588} INFO - Filling up the DagBag from /home/airflow/.local/lib/python3.12/site-packages/airflow/example_dags/example_params_trigger_ui.py
[2025-01-20T19:17:27.501+0000] {processor.py:925} INFO - DAG(s) 'example_params_trigger_ui' retrieved from /home/airflow/.local/lib/python3.12/site-packages/airflow/example_dags/example_params_trigger_ui.py
[2025-01-20T19:17:27.549+0000] {logging_mixin.py:190} INFO - [2025-01-20T19:17:27.549+0000] {dag.py:3239} INFO - Sync 1 DAGs
[2025-01-20T19:17:27.564+0000] {logging_mixin.py:190} INFO - [2025-01-20T19:17:27.564+0000] {dag.py:4180} INFO - Setting next_dagrun for example_params_trigger_ui to None, run_after=None
[2025-01-20T19:17:27.580+0000] {processor.py:208} INFO - Processing /home/airflow/.local/lib/python3.12/site-packages/airflow/example_dags/example_params_trigger_ui.py took 0.093 seconds
[2025-01-20T19:17:58.656+0000] {processor.py:186} INFO - Started process (PID=857) to work on /home/airflow/.local/lib/python3.12/site-packages/airflow/example_dags/example_params_trigger_ui.py
[2025-01-20T19:17:58.657+0000] {processor.py:914} INFO - Processing file /home/airflow/.local/lib/python3.12/site-packages/airflow/example_dags/example_params_trigger_ui.py for tasks to queue
[2025-01-20T19:17:58.659+0000] {logging_mixin.py:190} INFO - [2025-01-20T19:17:58.658+0000] {dagbag.py:588} INFO - Filling up the DagBag from /home/airflow/.local/lib/python3.12/site-packages/airflow/example_dags/example_params_trigger_ui.py
[2025-01-20T19:17:58.670+0000] {processor.py:925} INFO - DAG(s) 'example_params_trigger_ui' retrieved from /home/airflow/.local/lib/python3.12/site-packages/airflow/example_dags/example_params_trigger_ui.py
[2025-01-20T19:17:58.718+0000] {logging_mixin.py:190} INFO - [2025-01-20T19:17:58.718+0000] {dag.py:3239} INFO - Sync 1 DAGs
[2025-01-20T19:17:58.732+0000] {logging_mixin.py:190} INFO - [2025-01-20T19:17:58.732+0000] {dag.py:4180} INFO - Setting next_dagrun for example_params_trigger_ui to None, run_after=None
[2025-01-20T19:17:58.746+0000] {processor.py:208} INFO - Processing /home/airflow/.local/lib/python3.12/site-packages/airflow/example_dags/example_params_trigger_ui.py took 0.094 seconds
[2025-01-20T19:18:29.766+0000] {processor.py:186} INFO - Started process (PID=920) to work on /home/airflow/.local/lib/python3.12/site-packages/airflow/example_dags/example_params_trigger_ui.py
[2025-01-20T19:18:29.767+0000] {processor.py:914} INFO - Processing file /home/airflow/.local/lib/python3.12/site-packages/airflow/example_dags/example_params_trigger_ui.py for tasks to queue
[2025-01-20T19:18:29.768+0000] {logging_mixin.py:190} INFO - [2025-01-20T19:18:29.768+0000] {dagbag.py:588} INFO - Filling up the DagBag from /home/airflow/.local/lib/python3.12/site-packages/airflow/example_dags/example_params_trigger_ui.py
[2025-01-20T19:18:29.777+0000] {processor.py:925} INFO - DAG(s) 'example_params_trigger_ui' retrieved from /home/airflow/.local/lib/python3.12/site-packages/airflow/example_dags/example_params_trigger_ui.py
[2025-01-20T19:18:29.809+0000] {logging_mixin.py:190} INFO - [2025-01-20T19:18:29.809+0000] {dag.py:3239} INFO - Sync 1 DAGs
[2025-01-20T19:18:29.822+0000] {logging_mixin.py:190} INFO - [2025-01-20T19:18:29.822+0000] {dag.py:4180} INFO - Setting next_dagrun for example_params_trigger_ui to None, run_after=None
[2025-01-20T19:18:29.836+0000] {processor.py:208} INFO - Processing /home/airflow/.local/lib/python3.12/site-packages/airflow/example_dags/example_params_trigger_ui.py took 0.074 seconds
[2025-01-20T19:19:00.726+0000] {processor.py:186} INFO - Started process (PID=983) to work on /home/airflow/.local/lib/python3.12/site-packages/airflow/example_dags/example_params_trigger_ui.py
[2025-01-20T19:19:00.727+0000] {processor.py:914} INFO - Processing file /home/airflow/.local/lib/python3.12/site-packages/airflow/example_dags/example_params_trigger_ui.py for tasks to queue
[2025-01-20T19:19:00.728+0000] {logging_mixin.py:190} INFO - [2025-01-20T19:19:00.728+0000] {dagbag.py:588} INFO - Filling up the DagBag from /home/airflow/.local/lib/python3.12/site-packages/airflow/example_dags/example_params_trigger_ui.py
[2025-01-20T19:19:00.737+0000] {processor.py:925} INFO - DAG(s) 'example_params_trigger_ui' retrieved from /home/airflow/.local/lib/python3.12/site-packages/airflow/example_dags/example_params_trigger_ui.py
[2025-01-20T19:19:00.771+0000] {logging_mixin.py:190} INFO - [2025-01-20T19:19:00.771+0000] {dag.py:3239} INFO - Sync 1 DAGs
[2025-01-20T19:19:00.783+0000] {logging_mixin.py:190} INFO - [2025-01-20T19:19:00.783+0000] {dag.py:4180} INFO - Setting next_dagrun for example_params_trigger_ui to None, run_after=None
[2025-01-20T19:19:00.797+0000] {processor.py:208} INFO - Processing /home/airflow/.local/lib/python3.12/site-packages/airflow/example_dags/example_params_trigger_ui.py took 0.076 seconds
[2025-01-20T19:19:31.911+0000] {processor.py:186} INFO - Started process (PID=1046) to work on /home/airflow/.local/lib/python3.12/site-packages/airflow/example_dags/example_params_trigger_ui.py
[2025-01-20T19:19:31.912+0000] {processor.py:914} INFO - Processing file /home/airflow/.local/lib/python3.12/site-packages/airflow/example_dags/example_params_trigger_ui.py for tasks to queue
[2025-01-20T19:19:31.913+0000] {logging_mixin.py:190} INFO - [2025-01-20T19:19:31.913+0000] {dagbag.py:588} INFO - Filling up the DagBag from /home/airflow/.local/lib/python3.12/site-packages/airflow/example_dags/example_params_trigger_ui.py
[2025-01-20T19:19:31.923+0000] {processor.py:925} INFO - DAG(s) 'example_params_trigger_ui' retrieved from /home/airflow/.local/lib/python3.12/site-packages/airflow/example_dags/example_params_trigger_ui.py
[2025-01-20T19:19:31.961+0000] {logging_mixin.py:190} INFO - [2025-01-20T19:19:31.961+0000] {dag.py:3239} INFO - Sync 1 DAGs
[2025-01-20T19:19:31.972+0000] {logging_mixin.py:190} INFO - [2025-01-20T19:19:31.971+0000] {dag.py:4180} INFO - Setting next_dagrun for example_params_trigger_ui to None, run_after=None
[2025-01-20T19:19:31.984+0000] {processor.py:208} INFO - Processing /home/airflow/.local/lib/python3.12/site-packages/airflow/example_dags/example_params_trigger_ui.py took 0.078 seconds
[2025-01-20T19:20:02.981+0000] {processor.py:186} INFO - Started process (PID=1109) to work on /home/airflow/.local/lib/python3.12/site-packages/airflow/example_dags/example_params_trigger_ui.py
[2025-01-20T19:20:02.981+0000] {processor.py:914} INFO - Processing file /home/airflow/.local/lib/python3.12/site-packages/airflow/example_dags/example_params_trigger_ui.py for tasks to queue
[2025-01-20T19:20:02.983+0000] {logging_mixin.py:190} INFO - [2025-01-20T19:20:02.983+0000] {dagbag.py:588} INFO - Filling up the DagBag from /home/airflow/.local/lib/python3.12/site-packages/airflow/example_dags/example_params_trigger_ui.py
[2025-01-20T19:20:02.991+0000] {processor.py:925} INFO - DAG(s) 'example_params_trigger_ui' retrieved from /home/airflow/.local/lib/python3.12/site-packages/airflow/example_dags/example_params_trigger_ui.py
[2025-01-20T19:20:03.033+0000] {logging_mixin.py:190} INFO - [2025-01-20T19:20:03.033+0000] {dag.py:3239} INFO - Sync 1 DAGs
[2025-01-20T19:20:03.049+0000] {logging_mixin.py:190} INFO - [2025-01-20T19:20:03.049+0000] {dag.py:4180} INFO - Setting next_dagrun for example_params_trigger_ui to None, run_after=None
[2025-01-20T19:20:03.066+0000] {processor.py:208} INFO - Processing /home/airflow/.local/lib/python3.12/site-packages/airflow/example_dags/example_params_trigger_ui.py took 0.090 seconds
[2025-01-20T19:20:34.002+0000] {processor.py:186} INFO - Started process (PID=1172) to work on /home/airflow/.local/lib/python3.12/site-packages/airflow/example_dags/example_params_trigger_ui.py
[2025-01-20T19:20:34.002+0000] {processor.py:914} INFO - Processing file /home/airflow/.local/lib/python3.12/site-packages/airflow/example_dags/example_params_trigger_ui.py for tasks to queue
[2025-01-20T19:20:34.004+0000] {logging_mixin.py:190} INFO - [2025-01-20T19:20:34.003+0000] {dagbag.py:588} INFO - Filling up the DagBag from /home/airflow/.local/lib/python3.12/site-packages/airflow/example_dags/example_params_trigger_ui.py
[2025-01-20T19:20:34.013+0000] {processor.py:925} INFO - DAG(s) 'example_params_trigger_ui' retrieved from /home/airflow/.local/lib/python3.12/site-packages/airflow/example_dags/example_params_trigger_ui.py
[2025-01-20T19:20:34.054+0000] {logging_mixin.py:190} INFO - [2025-01-20T19:20:34.053+0000] {dag.py:3239} INFO - Sync 1 DAGs
[2025-01-20T19:20:34.067+0000] {logging_mixin.py:190} INFO - [2025-01-20T19:20:34.066+0000] {dag.py:4180} INFO - Setting next_dagrun for example_params_trigger_ui to None, run_after=None
[2025-01-20T19:20:34.080+0000] {processor.py:208} INFO - Processing /home/airflow/.local/lib/python3.12/site-packages/airflow/example_dags/example_params_trigger_ui.py took 0.083 seconds
[2025-01-20T19:21:05.236+0000] {processor.py:186} INFO - Started process (PID=1235) to work on /home/airflow/.local/lib/python3.12/site-packages/airflow/example_dags/example_params_trigger_ui.py
[2025-01-20T19:21:05.237+0000] {processor.py:914} INFO - Processing file /home/airflow/.local/lib/python3.12/site-packages/airflow/example_dags/example_params_trigger_ui.py for tasks to queue
[2025-01-20T19:21:05.239+0000] {logging_mixin.py:190} INFO - [2025-01-20T19:21:05.238+0000] {dagbag.py:588} INFO - Filling up the DagBag from /home/airflow/.local/lib/python3.12/site-packages/airflow/example_dags/example_params_trigger_ui.py
[2025-01-20T19:21:05.247+0000] {processor.py:925} INFO - DAG(s) 'example_params_trigger_ui' retrieved from /home/airflow/.local/lib/python3.12/site-packages/airflow/example_dags/example_params_trigger_ui.py
[2025-01-20T19:21:05.280+0000] {logging_mixin.py:190} INFO - [2025-01-20T19:21:05.280+0000] {dag.py:3239} INFO - Sync 1 DAGs
[2025-01-20T19:21:05.294+0000] {logging_mixin.py:190} INFO - [2025-01-20T19:21:05.293+0000] {dag.py:4180} INFO - Setting next_dagrun for example_params_trigger_ui to None, run_after=None
[2025-01-20T19:21:05.307+0000] {processor.py:208} INFO - Processing /home/airflow/.local/lib/python3.12/site-packages/airflow/example_dags/example_params_trigger_ui.py took 0.075 seconds
[2025-01-20T19:21:36.568+0000] {processor.py:186} INFO - Started process (PID=1298) to work on /home/airflow/.local/lib/python3.12/site-packages/airflow/example_dags/example_params_trigger_ui.py
[2025-01-20T19:21:36.569+0000] {processor.py:914} INFO - Processing file /home/airflow/.local/lib/python3.12/site-packages/airflow/example_dags/example_params_trigger_ui.py for tasks to queue
[2025-01-20T19:21:36.572+0000] {logging_mixin.py:190} INFO - [2025-01-20T19:21:36.571+0000] {dagbag.py:588} INFO - Filling up the DagBag from /home/airflow/.local/lib/python3.12/site-packages/airflow/example_dags/example_params_trigger_ui.py
[2025-01-20T19:21:36.586+0000] {processor.py:925} INFO - DAG(s) 'example_params_trigger_ui' retrieved from /home/airflow/.local/lib/python3.12/site-packages/airflow/example_dags/example_params_trigger_ui.py
[2025-01-20T19:21:36.641+0000] {logging_mixin.py:190} INFO - [2025-01-20T19:21:36.640+0000] {dag.py:3239} INFO - Sync 1 DAGs
[2025-01-20T19:21:36.655+0000] {logging_mixin.py:190} INFO - [2025-01-20T19:21:36.655+0000] {dag.py:4180} INFO - Setting next_dagrun for example_params_trigger_ui to None, run_after=None
[2025-01-20T19:21:36.671+0000] {processor.py:208} INFO - Processing /home/airflow/.local/lib/python3.12/site-packages/airflow/example_dags/example_params_trigger_ui.py took 0.109 seconds
[2025-01-20T19:22:07.827+0000] {processor.py:186} INFO - Started process (PID=1361) to work on /home/airflow/.local/lib/python3.12/site-packages/airflow/example_dags/example_params_trigger_ui.py
[2025-01-20T19:22:07.828+0000] {processor.py:914} INFO - Processing file /home/airflow/.local/lib/python3.12/site-packages/airflow/example_dags/example_params_trigger_ui.py for tasks to queue
[2025-01-20T19:22:07.829+0000] {logging_mixin.py:190} INFO - [2025-01-20T19:22:07.829+0000] {dagbag.py:588} INFO - Filling up the DagBag from /home/airflow/.local/lib/python3.12/site-packages/airflow/example_dags/example_params_trigger_ui.py
[2025-01-20T19:22:07.837+0000] {processor.py:925} INFO - DAG(s) 'example_params_trigger_ui' retrieved from /home/airflow/.local/lib/python3.12/site-packages/airflow/example_dags/example_params_trigger_ui.py
[2025-01-20T19:22:07.869+0000] {logging_mixin.py:190} INFO - [2025-01-20T19:22:07.869+0000] {dag.py:3239} INFO - Sync 1 DAGs
[2025-01-20T19:22:07.880+0000] {logging_mixin.py:190} INFO - [2025-01-20T19:22:07.880+0000] {dag.py:4180} INFO - Setting next_dagrun for example_params_trigger_ui to None, run_after=None
[2025-01-20T19:22:07.892+0000] {processor.py:208} INFO - Processing /home/airflow/.local/lib/python3.12/site-packages/airflow/example_dags/example_params_trigger_ui.py took 0.069 seconds
[2025-01-20T19:22:39.062+0000] {processor.py:186} INFO - Started process (PID=1424) to work on /home/airflow/.local/lib/python3.12/site-packages/airflow/example_dags/example_params_trigger_ui.py
[2025-01-20T19:22:39.062+0000] {processor.py:914} INFO - Processing file /home/airflow/.local/lib/python3.12/site-packages/airflow/example_dags/example_params_trigger_ui.py for tasks to queue
[2025-01-20T19:22:39.064+0000] {logging_mixin.py:190} INFO - [2025-01-20T19:22:39.063+0000] {dagbag.py:588} INFO - Filling up the DagBag from /home/airflow/.local/lib/python3.12/site-packages/airflow/example_dags/example_params_trigger_ui.py
[2025-01-20T19:22:39.073+0000] {processor.py:925} INFO - DAG(s) 'example_params_trigger_ui' retrieved from /home/airflow/.local/lib/python3.12/site-packages/airflow/example_dags/example_params_trigger_ui.py
[2025-01-20T19:22:39.111+0000] {logging_mixin.py:190} INFO - [2025-01-20T19:22:39.111+0000] {dag.py:3239} INFO - Sync 1 DAGs
[2025-01-20T19:22:39.123+0000] {logging_mixin.py:190} INFO - [2025-01-20T19:22:39.123+0000] {dag.py:4180} INFO - Setting next_dagrun for example_params_trigger_ui to None, run_after=None
[2025-01-20T19:22:39.136+0000] {processor.py:208} INFO - Processing /home/airflow/.local/lib/python3.12/site-packages/airflow/example_dags/example_params_trigger_ui.py took 0.079 seconds
[2025-01-20T19:23:10.148+0000] {processor.py:186} INFO - Started process (PID=1487) to work on /home/airflow/.local/lib/python3.12/site-packages/airflow/example_dags/example_params_trigger_ui.py
[2025-01-20T19:23:10.149+0000] {processor.py:914} INFO - Processing file /home/airflow/.local/lib/python3.12/site-packages/airflow/example_dags/example_params_trigger_ui.py for tasks to queue
[2025-01-20T19:23:10.150+0000] {logging_mixin.py:190} INFO - [2025-01-20T19:23:10.150+0000] {dagbag.py:588} INFO - Filling up the DagBag from /home/airflow/.local/lib/python3.12/site-packages/airflow/example_dags/example_params_trigger_ui.py
[2025-01-20T19:23:10.160+0000] {processor.py:925} INFO - DAG(s) 'example_params_trigger_ui' retrieved from /home/airflow/.local/lib/python3.12/site-packages/airflow/example_dags/example_params_trigger_ui.py
[2025-01-20T19:23:10.204+0000] {logging_mixin.py:190} INFO - [2025-01-20T19:23:10.203+0000] {dag.py:3239} INFO - Sync 1 DAGs
[2025-01-20T19:23:10.216+0000] {logging_mixin.py:190} INFO - [2025-01-20T19:23:10.216+0000] {dag.py:4180} INFO - Setting next_dagrun for example_params_trigger_ui to None, run_after=None
[2025-01-20T19:23:10.230+0000] {processor.py:208} INFO - Processing /home/airflow/.local/lib/python3.12/site-packages/airflow/example_dags/example_params_trigger_ui.py took 0.087 seconds
