[2025-01-20T19:11:46.155+0000] {processor.py:186} INFO - Started process (PID=88) to work on /home/airflow/.local/lib/python3.12/site-packages/airflow/example_dags/tutorial_dag.py
[2025-01-20T19:11:46.156+0000] {processor.py:914} INFO - Processing file /home/airflow/.local/lib/python3.12/site-packages/airflow/example_dags/tutorial_dag.py for tasks to queue
[2025-01-20T19:11:46.158+0000] {logging_mixin.py:190} INFO - [2025-01-20T19:11:46.158+0000] {dagbag.py:588} INFO - Filling up the DagBag from /home/airflow/.local/lib/python3.12/site-packages/airflow/example_dags/tutorial_dag.py
[2025-01-20T19:11:46.167+0000] {processor.py:925} INFO - DAG(s) 'tutorial_dag' retrieved from /home/airflow/.local/lib/python3.12/site-packages/airflow/example_dags/tutorial_dag.py
[2025-01-20T19:11:46.388+0000] {logging_mixin.py:190} INFO - [2025-01-20T19:11:46.387+0000] {override.py:1911} INFO - Created Permission View: can edit on DAG:tutorial_dag
[2025-01-20T19:11:46.417+0000] {logging_mixin.py:190} INFO - [2025-01-20T19:11:46.417+0000] {override.py:1911} INFO - Created Permission View: can delete on DAG:tutorial_dag
[2025-01-20T19:11:46.430+0000] {logging_mixin.py:190} INFO - [2025-01-20T19:11:46.430+0000] {override.py:1911} INFO - Created Permission View: can read on DAG:tutorial_dag
[2025-01-20T19:11:46.442+0000] {logging_mixin.py:190} INFO - [2025-01-20T19:11:46.442+0000] {override.py:1911} INFO - Created Permission View: can create on DAG Run:tutorial_dag
[2025-01-20T19:11:46.454+0000] {logging_mixin.py:190} INFO - [2025-01-20T19:11:46.454+0000] {override.py:1911} INFO - Created Permission View: can delete on DAG Run:tutorial_dag
[2025-01-20T19:11:46.459+0000] {logging_mixin.py:190} INFO - [2025-01-20T19:11:46.459+0000] {override.py:1911} INFO - Created Permission View: menu access on DAG Run:tutorial_dag
[2025-01-20T19:11:46.467+0000] {logging_mixin.py:190} INFO - [2025-01-20T19:11:46.467+0000] {override.py:1911} INFO - Created Permission View: can read on DAG Run:tutorial_dag
[2025-01-20T19:11:46.468+0000] {logging_mixin.py:190} INFO - [2025-01-20T19:11:46.467+0000] {dag.py:3239} INFO - Sync 1 DAGs
[2025-01-20T19:11:46.481+0000] {logging_mixin.py:190} INFO - [2025-01-20T19:11:46.481+0000] {dag.py:3262} INFO - Creating ORM DAG for tutorial_dag
[2025-01-20T19:11:46.482+0000] {logging_mixin.py:190} INFO - [2025-01-20T19:11:46.482+0000] {dag.py:4180} INFO - Setting next_dagrun for tutorial_dag to None, run_after=None
[2025-01-20T19:11:46.545+0000] {processor.py:208} INFO - Processing /home/airflow/.local/lib/python3.12/site-packages/airflow/example_dags/tutorial_dag.py took 0.406 seconds
[2025-01-20T19:12:16.842+0000] {processor.py:186} INFO - Started process (PID=152) to work on /home/airflow/.local/lib/python3.12/site-packages/airflow/example_dags/tutorial_dag.py
[2025-01-20T19:12:16.843+0000] {processor.py:914} INFO - Processing file /home/airflow/.local/lib/python3.12/site-packages/airflow/example_dags/tutorial_dag.py for tasks to queue
[2025-01-20T19:12:16.845+0000] {logging_mixin.py:190} INFO - [2025-01-20T19:12:16.845+0000] {dagbag.py:588} INFO - Filling up the DagBag from /home/airflow/.local/lib/python3.12/site-packages/airflow/example_dags/tutorial_dag.py
[2025-01-20T19:12:16.853+0000] {processor.py:925} INFO - DAG(s) 'tutorial_dag' retrieved from /home/airflow/.local/lib/python3.12/site-packages/airflow/example_dags/tutorial_dag.py
[2025-01-20T19:12:16.873+0000] {logging_mixin.py:190} INFO - [2025-01-20T19:12:16.873+0000] {dag.py:3239} INFO - Sync 1 DAGs
[2025-01-20T19:12:16.888+0000] {logging_mixin.py:190} INFO - [2025-01-20T19:12:16.887+0000] {dag.py:4180} INFO - Setting next_dagrun for tutorial_dag to None, run_after=None
[2025-01-20T19:12:16.905+0000] {processor.py:208} INFO - Processing /home/airflow/.local/lib/python3.12/site-packages/airflow/example_dags/tutorial_dag.py took 0.070 seconds
[2025-01-20T19:12:47.567+0000] {processor.py:186} INFO - Started process (PID=214) to work on /home/airflow/.local/lib/python3.12/site-packages/airflow/example_dags/tutorial_dag.py
[2025-01-20T19:12:47.568+0000] {processor.py:914} INFO - Processing file /home/airflow/.local/lib/python3.12/site-packages/airflow/example_dags/tutorial_dag.py for tasks to queue
[2025-01-20T19:12:47.570+0000] {logging_mixin.py:190} INFO - [2025-01-20T19:12:47.569+0000] {dagbag.py:588} INFO - Filling up the DagBag from /home/airflow/.local/lib/python3.12/site-packages/airflow/example_dags/tutorial_dag.py
[2025-01-20T19:12:47.575+0000] {processor.py:925} INFO - DAG(s) 'tutorial_dag' retrieved from /home/airflow/.local/lib/python3.12/site-packages/airflow/example_dags/tutorial_dag.py
[2025-01-20T19:12:47.588+0000] {logging_mixin.py:190} INFO - [2025-01-20T19:12:47.588+0000] {dag.py:3239} INFO - Sync 1 DAGs
[2025-01-20T19:12:47.603+0000] {logging_mixin.py:190} INFO - [2025-01-20T19:12:47.603+0000] {dag.py:4180} INFO - Setting next_dagrun for tutorial_dag to None, run_after=None
[2025-01-20T19:12:47.617+0000] {processor.py:208} INFO - Processing /home/airflow/.local/lib/python3.12/site-packages/airflow/example_dags/tutorial_dag.py took 0.054 seconds
[2025-01-20T19:13:18.242+0000] {processor.py:186} INFO - Started process (PID=277) to work on /home/airflow/.local/lib/python3.12/site-packages/airflow/example_dags/tutorial_dag.py
[2025-01-20T19:13:18.243+0000] {processor.py:914} INFO - Processing file /home/airflow/.local/lib/python3.12/site-packages/airflow/example_dags/tutorial_dag.py for tasks to queue
[2025-01-20T19:13:18.245+0000] {logging_mixin.py:190} INFO - [2025-01-20T19:13:18.245+0000] {dagbag.py:588} INFO - Filling up the DagBag from /home/airflow/.local/lib/python3.12/site-packages/airflow/example_dags/tutorial_dag.py
[2025-01-20T19:13:18.253+0000] {processor.py:925} INFO - DAG(s) 'tutorial_dag' retrieved from /home/airflow/.local/lib/python3.12/site-packages/airflow/example_dags/tutorial_dag.py
[2025-01-20T19:13:18.272+0000] {logging_mixin.py:190} INFO - [2025-01-20T19:13:18.272+0000] {dag.py:3239} INFO - Sync 1 DAGs
[2025-01-20T19:13:18.289+0000] {logging_mixin.py:190} INFO - [2025-01-20T19:13:18.288+0000] {dag.py:4180} INFO - Setting next_dagrun for tutorial_dag to None, run_after=None
[2025-01-20T19:13:18.308+0000] {processor.py:208} INFO - Processing /home/airflow/.local/lib/python3.12/site-packages/airflow/example_dags/tutorial_dag.py took 0.074 seconds
[2025-01-20T19:13:48.841+0000] {processor.py:186} INFO - Started process (PID=339) to work on /home/airflow/.local/lib/python3.12/site-packages/airflow/example_dags/tutorial_dag.py
[2025-01-20T19:13:48.842+0000] {processor.py:914} INFO - Processing file /home/airflow/.local/lib/python3.12/site-packages/airflow/example_dags/tutorial_dag.py for tasks to queue
[2025-01-20T19:13:48.843+0000] {logging_mixin.py:190} INFO - [2025-01-20T19:13:48.843+0000] {dagbag.py:588} INFO - Filling up the DagBag from /home/airflow/.local/lib/python3.12/site-packages/airflow/example_dags/tutorial_dag.py
[2025-01-20T19:13:48.849+0000] {processor.py:925} INFO - DAG(s) 'tutorial_dag' retrieved from /home/airflow/.local/lib/python3.12/site-packages/airflow/example_dags/tutorial_dag.py
[2025-01-20T19:13:48.864+0000] {logging_mixin.py:190} INFO - [2025-01-20T19:13:48.864+0000] {dag.py:3239} INFO - Sync 1 DAGs
[2025-01-20T19:13:48.876+0000] {logging_mixin.py:190} INFO - [2025-01-20T19:13:48.876+0000] {dag.py:4180} INFO - Setting next_dagrun for tutorial_dag to None, run_after=None
[2025-01-20T19:13:48.889+0000] {processor.py:208} INFO - Processing /home/airflow/.local/lib/python3.12/site-packages/airflow/example_dags/tutorial_dag.py took 0.053 seconds
[2025-01-20T19:14:19.623+0000] {processor.py:186} INFO - Started process (PID=402) to work on /home/airflow/.local/lib/python3.12/site-packages/airflow/example_dags/tutorial_dag.py
[2025-01-20T19:14:19.624+0000] {processor.py:914} INFO - Processing file /home/airflow/.local/lib/python3.12/site-packages/airflow/example_dags/tutorial_dag.py for tasks to queue
[2025-01-20T19:14:19.625+0000] {logging_mixin.py:190} INFO - [2025-01-20T19:14:19.625+0000] {dagbag.py:588} INFO - Filling up the DagBag from /home/airflow/.local/lib/python3.12/site-packages/airflow/example_dags/tutorial_dag.py
[2025-01-20T19:14:19.631+0000] {processor.py:925} INFO - DAG(s) 'tutorial_dag' retrieved from /home/airflow/.local/lib/python3.12/site-packages/airflow/example_dags/tutorial_dag.py
[2025-01-20T19:14:19.646+0000] {logging_mixin.py:190} INFO - [2025-01-20T19:14:19.646+0000] {dag.py:3239} INFO - Sync 1 DAGs
[2025-01-20T19:14:19.658+0000] {logging_mixin.py:190} INFO - [2025-01-20T19:14:19.658+0000] {dag.py:4180} INFO - Setting next_dagrun for tutorial_dag to None, run_after=None
[2025-01-20T19:14:19.671+0000] {processor.py:208} INFO - Processing /home/airflow/.local/lib/python3.12/site-packages/airflow/example_dags/tutorial_dag.py took 0.052 seconds
[2025-01-20T19:14:51.255+0000] {processor.py:186} INFO - Started process (PID=465) to work on /home/airflow/.local/lib/python3.12/site-packages/airflow/example_dags/tutorial_dag.py
[2025-01-20T19:14:51.256+0000] {processor.py:914} INFO - Processing file /home/airflow/.local/lib/python3.12/site-packages/airflow/example_dags/tutorial_dag.py for tasks to queue
[2025-01-20T19:14:51.258+0000] {logging_mixin.py:190} INFO - [2025-01-20T19:14:51.257+0000] {dagbag.py:588} INFO - Filling up the DagBag from /home/airflow/.local/lib/python3.12/site-packages/airflow/example_dags/tutorial_dag.py
[2025-01-20T19:14:51.263+0000] {processor.py:925} INFO - DAG(s) 'tutorial_dag' retrieved from /home/airflow/.local/lib/python3.12/site-packages/airflow/example_dags/tutorial_dag.py
[2025-01-20T19:14:51.278+0000] {logging_mixin.py:190} INFO - [2025-01-20T19:14:51.278+0000] {dag.py:3239} INFO - Sync 1 DAGs
[2025-01-20T19:14:51.291+0000] {logging_mixin.py:190} INFO - [2025-01-20T19:14:51.291+0000] {dag.py:4180} INFO - Setting next_dagrun for tutorial_dag to None, run_after=None
[2025-01-20T19:14:51.308+0000] {processor.py:208} INFO - Processing /home/airflow/.local/lib/python3.12/site-packages/airflow/example_dags/tutorial_dag.py took 0.057 seconds
[2025-01-20T19:15:22.410+0000] {processor.py:186} INFO - Started process (PID=529) to work on /home/airflow/.local/lib/python3.12/site-packages/airflow/example_dags/tutorial_dag.py
[2025-01-20T19:15:22.411+0000] {processor.py:914} INFO - Processing file /home/airflow/.local/lib/python3.12/site-packages/airflow/example_dags/tutorial_dag.py for tasks to queue
[2025-01-20T19:15:22.413+0000] {logging_mixin.py:190} INFO - [2025-01-20T19:15:22.413+0000] {dagbag.py:588} INFO - Filling up the DagBag from /home/airflow/.local/lib/python3.12/site-packages/airflow/example_dags/tutorial_dag.py
[2025-01-20T19:15:22.418+0000] {processor.py:925} INFO - DAG(s) 'tutorial_dag' retrieved from /home/airflow/.local/lib/python3.12/site-packages/airflow/example_dags/tutorial_dag.py
[2025-01-20T19:15:22.434+0000] {logging_mixin.py:190} INFO - [2025-01-20T19:15:22.433+0000] {dag.py:3239} INFO - Sync 1 DAGs
[2025-01-20T19:15:22.445+0000] {logging_mixin.py:190} INFO - [2025-01-20T19:15:22.444+0000] {dag.py:4180} INFO - Setting next_dagrun for tutorial_dag to None, run_after=None
[2025-01-20T19:15:22.458+0000] {processor.py:208} INFO - Processing /home/airflow/.local/lib/python3.12/site-packages/airflow/example_dags/tutorial_dag.py took 0.052 seconds
[2025-01-20T19:15:53.547+0000] {processor.py:186} INFO - Started process (PID=592) to work on /home/airflow/.local/lib/python3.12/site-packages/airflow/example_dags/tutorial_dag.py
[2025-01-20T19:15:53.548+0000] {processor.py:914} INFO - Processing file /home/airflow/.local/lib/python3.12/site-packages/airflow/example_dags/tutorial_dag.py for tasks to queue
[2025-01-20T19:15:53.550+0000] {logging_mixin.py:190} INFO - [2025-01-20T19:15:53.550+0000] {dagbag.py:588} INFO - Filling up the DagBag from /home/airflow/.local/lib/python3.12/site-packages/airflow/example_dags/tutorial_dag.py
[2025-01-20T19:15:53.556+0000] {processor.py:925} INFO - DAG(s) 'tutorial_dag' retrieved from /home/airflow/.local/lib/python3.12/site-packages/airflow/example_dags/tutorial_dag.py
[2025-01-20T19:15:53.571+0000] {logging_mixin.py:190} INFO - [2025-01-20T19:15:53.571+0000] {dag.py:3239} INFO - Sync 1 DAGs
[2025-01-20T19:15:53.583+0000] {logging_mixin.py:190} INFO - [2025-01-20T19:15:53.583+0000] {dag.py:4180} INFO - Setting next_dagrun for tutorial_dag to None, run_after=None
[2025-01-20T19:15:53.596+0000] {processor.py:208} INFO - Processing /home/airflow/.local/lib/python3.12/site-packages/airflow/example_dags/tutorial_dag.py took 0.054 seconds
[2025-01-20T19:16:24.338+0000] {processor.py:186} INFO - Started process (PID=656) to work on /home/airflow/.local/lib/python3.12/site-packages/airflow/example_dags/tutorial_dag.py
[2025-01-20T19:16:24.339+0000] {processor.py:914} INFO - Processing file /home/airflow/.local/lib/python3.12/site-packages/airflow/example_dags/tutorial_dag.py for tasks to queue
[2025-01-20T19:16:24.341+0000] {logging_mixin.py:190} INFO - [2025-01-20T19:16:24.341+0000] {dagbag.py:588} INFO - Filling up the DagBag from /home/airflow/.local/lib/python3.12/site-packages/airflow/example_dags/tutorial_dag.py
[2025-01-20T19:16:24.347+0000] {processor.py:925} INFO - DAG(s) 'tutorial_dag' retrieved from /home/airflow/.local/lib/python3.12/site-packages/airflow/example_dags/tutorial_dag.py
[2025-01-20T19:16:24.362+0000] {logging_mixin.py:190} INFO - [2025-01-20T19:16:24.362+0000] {dag.py:3239} INFO - Sync 1 DAGs
[2025-01-20T19:16:24.374+0000] {logging_mixin.py:190} INFO - [2025-01-20T19:16:24.374+0000] {dag.py:4180} INFO - Setting next_dagrun for tutorial_dag to None, run_after=None
[2025-01-20T19:16:24.386+0000] {processor.py:208} INFO - Processing /home/airflow/.local/lib/python3.12/site-packages/airflow/example_dags/tutorial_dag.py took 0.053 seconds
[2025-01-20T19:16:55.490+0000] {processor.py:186} INFO - Started process (PID=719) to work on /home/airflow/.local/lib/python3.12/site-packages/airflow/example_dags/tutorial_dag.py
[2025-01-20T19:16:55.490+0000] {processor.py:914} INFO - Processing file /home/airflow/.local/lib/python3.12/site-packages/airflow/example_dags/tutorial_dag.py for tasks to queue
[2025-01-20T19:16:55.492+0000] {logging_mixin.py:190} INFO - [2025-01-20T19:16:55.492+0000] {dagbag.py:588} INFO - Filling up the DagBag from /home/airflow/.local/lib/python3.12/site-packages/airflow/example_dags/tutorial_dag.py
[2025-01-20T19:16:55.498+0000] {processor.py:925} INFO - DAG(s) 'tutorial_dag' retrieved from /home/airflow/.local/lib/python3.12/site-packages/airflow/example_dags/tutorial_dag.py
[2025-01-20T19:16:55.515+0000] {logging_mixin.py:190} INFO - [2025-01-20T19:16:55.515+0000] {dag.py:3239} INFO - Sync 1 DAGs
[2025-01-20T19:16:55.526+0000] {logging_mixin.py:190} INFO - [2025-01-20T19:16:55.526+0000] {dag.py:4180} INFO - Setting next_dagrun for tutorial_dag to None, run_after=None
[2025-01-20T19:16:55.539+0000] {processor.py:208} INFO - Processing /home/airflow/.local/lib/python3.12/site-packages/airflow/example_dags/tutorial_dag.py took 0.054 seconds
[2025-01-20T19:17:26.695+0000] {processor.py:186} INFO - Started process (PID=782) to work on /home/airflow/.local/lib/python3.12/site-packages/airflow/example_dags/tutorial_dag.py
[2025-01-20T19:17:26.695+0000] {processor.py:914} INFO - Processing file /home/airflow/.local/lib/python3.12/site-packages/airflow/example_dags/tutorial_dag.py for tasks to queue
[2025-01-20T19:17:26.698+0000] {logging_mixin.py:190} INFO - [2025-01-20T19:17:26.697+0000] {dagbag.py:588} INFO - Filling up the DagBag from /home/airflow/.local/lib/python3.12/site-packages/airflow/example_dags/tutorial_dag.py
[2025-01-20T19:17:26.703+0000] {processor.py:925} INFO - DAG(s) 'tutorial_dag' retrieved from /home/airflow/.local/lib/python3.12/site-packages/airflow/example_dags/tutorial_dag.py
[2025-01-20T19:17:26.721+0000] {logging_mixin.py:190} INFO - [2025-01-20T19:17:26.720+0000] {dag.py:3239} INFO - Sync 1 DAGs
[2025-01-20T19:17:26.736+0000] {logging_mixin.py:190} INFO - [2025-01-20T19:17:26.735+0000] {dag.py:4180} INFO - Setting next_dagrun for tutorial_dag to None, run_after=None
[2025-01-20T19:17:26.754+0000] {processor.py:208} INFO - Processing /home/airflow/.local/lib/python3.12/site-packages/airflow/example_dags/tutorial_dag.py took 0.064 seconds
[2025-01-20T19:17:57.884+0000] {processor.py:186} INFO - Started process (PID=845) to work on /home/airflow/.local/lib/python3.12/site-packages/airflow/example_dags/tutorial_dag.py
[2025-01-20T19:17:57.885+0000] {processor.py:914} INFO - Processing file /home/airflow/.local/lib/python3.12/site-packages/airflow/example_dags/tutorial_dag.py for tasks to queue
[2025-01-20T19:17:57.886+0000] {logging_mixin.py:190} INFO - [2025-01-20T19:17:57.886+0000] {dagbag.py:588} INFO - Filling up the DagBag from /home/airflow/.local/lib/python3.12/site-packages/airflow/example_dags/tutorial_dag.py
[2025-01-20T19:17:57.892+0000] {processor.py:925} INFO - DAG(s) 'tutorial_dag' retrieved from /home/airflow/.local/lib/python3.12/site-packages/airflow/example_dags/tutorial_dag.py
[2025-01-20T19:17:57.907+0000] {logging_mixin.py:190} INFO - [2025-01-20T19:17:57.907+0000] {dag.py:3239} INFO - Sync 1 DAGs
[2025-01-20T19:17:57.922+0000] {logging_mixin.py:190} INFO - [2025-01-20T19:17:57.922+0000] {dag.py:4180} INFO - Setting next_dagrun for tutorial_dag to None, run_after=None
[2025-01-20T19:17:57.937+0000] {processor.py:208} INFO - Processing /home/airflow/.local/lib/python3.12/site-packages/airflow/example_dags/tutorial_dag.py took 0.057 seconds
[2025-01-20T19:18:28.904+0000] {processor.py:186} INFO - Started process (PID=908) to work on /home/airflow/.local/lib/python3.12/site-packages/airflow/example_dags/tutorial_dag.py
[2025-01-20T19:18:28.905+0000] {processor.py:914} INFO - Processing file /home/airflow/.local/lib/python3.12/site-packages/airflow/example_dags/tutorial_dag.py for tasks to queue
[2025-01-20T19:18:28.906+0000] {logging_mixin.py:190} INFO - [2025-01-20T19:18:28.906+0000] {dagbag.py:588} INFO - Filling up the DagBag from /home/airflow/.local/lib/python3.12/site-packages/airflow/example_dags/tutorial_dag.py
[2025-01-20T19:18:28.912+0000] {processor.py:925} INFO - DAG(s) 'tutorial_dag' retrieved from /home/airflow/.local/lib/python3.12/site-packages/airflow/example_dags/tutorial_dag.py
[2025-01-20T19:18:28.927+0000] {logging_mixin.py:190} INFO - [2025-01-20T19:18:28.927+0000] {dag.py:3239} INFO - Sync 1 DAGs
[2025-01-20T19:18:28.939+0000] {logging_mixin.py:190} INFO - [2025-01-20T19:18:28.939+0000] {dag.py:4180} INFO - Setting next_dagrun for tutorial_dag to None, run_after=None
[2025-01-20T19:18:28.953+0000] {processor.py:208} INFO - Processing /home/airflow/.local/lib/python3.12/site-packages/airflow/example_dags/tutorial_dag.py took 0.053 seconds
[2025-01-20T19:18:59.839+0000] {processor.py:186} INFO - Started process (PID=971) to work on /home/airflow/.local/lib/python3.12/site-packages/airflow/example_dags/tutorial_dag.py
[2025-01-20T19:18:59.840+0000] {processor.py:914} INFO - Processing file /home/airflow/.local/lib/python3.12/site-packages/airflow/example_dags/tutorial_dag.py for tasks to queue
[2025-01-20T19:18:59.841+0000] {logging_mixin.py:190} INFO - [2025-01-20T19:18:59.841+0000] {dagbag.py:588} INFO - Filling up the DagBag from /home/airflow/.local/lib/python3.12/site-packages/airflow/example_dags/tutorial_dag.py
[2025-01-20T19:18:59.847+0000] {processor.py:925} INFO - DAG(s) 'tutorial_dag' retrieved from /home/airflow/.local/lib/python3.12/site-packages/airflow/example_dags/tutorial_dag.py
[2025-01-20T19:18:59.861+0000] {logging_mixin.py:190} INFO - [2025-01-20T19:18:59.861+0000] {dag.py:3239} INFO - Sync 1 DAGs
[2025-01-20T19:18:59.873+0000] {logging_mixin.py:190} INFO - [2025-01-20T19:18:59.872+0000] {dag.py:4180} INFO - Setting next_dagrun for tutorial_dag to None, run_after=None
[2025-01-20T19:18:59.886+0000] {processor.py:208} INFO - Processing /home/airflow/.local/lib/python3.12/site-packages/airflow/example_dags/tutorial_dag.py took 0.051 seconds
[2025-01-20T19:19:31.121+0000] {processor.py:186} INFO - Started process (PID=1034) to work on /home/airflow/.local/lib/python3.12/site-packages/airflow/example_dags/tutorial_dag.py
[2025-01-20T19:19:31.121+0000] {processor.py:914} INFO - Processing file /home/airflow/.local/lib/python3.12/site-packages/airflow/example_dags/tutorial_dag.py for tasks to queue
[2025-01-20T19:19:31.123+0000] {logging_mixin.py:190} INFO - [2025-01-20T19:19:31.123+0000] {dagbag.py:588} INFO - Filling up the DagBag from /home/airflow/.local/lib/python3.12/site-packages/airflow/example_dags/tutorial_dag.py
[2025-01-20T19:19:31.129+0000] {processor.py:925} INFO - DAG(s) 'tutorial_dag' retrieved from /home/airflow/.local/lib/python3.12/site-packages/airflow/example_dags/tutorial_dag.py
[2025-01-20T19:19:31.147+0000] {logging_mixin.py:190} INFO - [2025-01-20T19:19:31.146+0000] {dag.py:3239} INFO - Sync 1 DAGs
[2025-01-20T19:19:31.161+0000] {logging_mixin.py:190} INFO - [2025-01-20T19:19:31.161+0000] {dag.py:4180} INFO - Setting next_dagrun for tutorial_dag to None, run_after=None
[2025-01-20T19:19:31.176+0000] {processor.py:208} INFO - Processing /home/airflow/.local/lib/python3.12/site-packages/airflow/example_dags/tutorial_dag.py took 0.060 seconds
[2025-01-20T19:20:02.032+0000] {processor.py:186} INFO - Started process (PID=1097) to work on /home/airflow/.local/lib/python3.12/site-packages/airflow/example_dags/tutorial_dag.py
[2025-01-20T19:20:02.032+0000] {processor.py:914} INFO - Processing file /home/airflow/.local/lib/python3.12/site-packages/airflow/example_dags/tutorial_dag.py for tasks to queue
[2025-01-20T19:20:02.034+0000] {logging_mixin.py:190} INFO - [2025-01-20T19:20:02.034+0000] {dagbag.py:588} INFO - Filling up the DagBag from /home/airflow/.local/lib/python3.12/site-packages/airflow/example_dags/tutorial_dag.py
[2025-01-20T19:20:02.039+0000] {processor.py:925} INFO - DAG(s) 'tutorial_dag' retrieved from /home/airflow/.local/lib/python3.12/site-packages/airflow/example_dags/tutorial_dag.py
[2025-01-20T19:20:02.056+0000] {logging_mixin.py:190} INFO - [2025-01-20T19:20:02.056+0000] {dag.py:3239} INFO - Sync 1 DAGs
[2025-01-20T19:20:02.071+0000] {logging_mixin.py:190} INFO - [2025-01-20T19:20:02.070+0000] {dag.py:4180} INFO - Setting next_dagrun for tutorial_dag to None, run_after=None
[2025-01-20T19:20:02.087+0000] {processor.py:208} INFO - Processing /home/airflow/.local/lib/python3.12/site-packages/airflow/example_dags/tutorial_dag.py took 0.060 seconds
[2025-01-20T19:20:33.150+0000] {processor.py:186} INFO - Started process (PID=1160) to work on /home/airflow/.local/lib/python3.12/site-packages/airflow/example_dags/tutorial_dag.py
[2025-01-20T19:20:33.150+0000] {processor.py:914} INFO - Processing file /home/airflow/.local/lib/python3.12/site-packages/airflow/example_dags/tutorial_dag.py for tasks to queue
[2025-01-20T19:20:33.152+0000] {logging_mixin.py:190} INFO - [2025-01-20T19:20:33.151+0000] {dagbag.py:588} INFO - Filling up the DagBag from /home/airflow/.local/lib/python3.12/site-packages/airflow/example_dags/tutorial_dag.py
[2025-01-20T19:20:33.158+0000] {processor.py:925} INFO - DAG(s) 'tutorial_dag' retrieved from /home/airflow/.local/lib/python3.12/site-packages/airflow/example_dags/tutorial_dag.py
[2025-01-20T19:20:33.176+0000] {logging_mixin.py:190} INFO - [2025-01-20T19:20:33.176+0000] {dag.py:3239} INFO - Sync 1 DAGs
[2025-01-20T19:20:33.189+0000] {logging_mixin.py:190} INFO - [2025-01-20T19:20:33.188+0000] {dag.py:4180} INFO - Setting next_dagrun for tutorial_dag to None, run_after=None
[2025-01-20T19:20:33.206+0000] {processor.py:208} INFO - Processing /home/airflow/.local/lib/python3.12/site-packages/airflow/example_dags/tutorial_dag.py took 0.061 seconds
[2025-01-20T19:21:04.434+0000] {processor.py:186} INFO - Started process (PID=1223) to work on /home/airflow/.local/lib/python3.12/site-packages/airflow/example_dags/tutorial_dag.py
[2025-01-20T19:21:04.435+0000] {processor.py:914} INFO - Processing file /home/airflow/.local/lib/python3.12/site-packages/airflow/example_dags/tutorial_dag.py for tasks to queue
[2025-01-20T19:21:04.436+0000] {logging_mixin.py:190} INFO - [2025-01-20T19:21:04.436+0000] {dagbag.py:588} INFO - Filling up the DagBag from /home/airflow/.local/lib/python3.12/site-packages/airflow/example_dags/tutorial_dag.py
[2025-01-20T19:21:04.442+0000] {processor.py:925} INFO - DAG(s) 'tutorial_dag' retrieved from /home/airflow/.local/lib/python3.12/site-packages/airflow/example_dags/tutorial_dag.py
[2025-01-20T19:21:04.458+0000] {logging_mixin.py:190} INFO - [2025-01-20T19:21:04.458+0000] {dag.py:3239} INFO - Sync 1 DAGs
[2025-01-20T19:21:04.473+0000] {logging_mixin.py:190} INFO - [2025-01-20T19:21:04.473+0000] {dag.py:4180} INFO - Setting next_dagrun for tutorial_dag to None, run_after=None
[2025-01-20T19:21:04.488+0000] {processor.py:208} INFO - Processing /home/airflow/.local/lib/python3.12/site-packages/airflow/example_dags/tutorial_dag.py took 0.059 seconds
[2025-01-20T19:21:35.767+0000] {processor.py:186} INFO - Started process (PID=1286) to work on /home/airflow/.local/lib/python3.12/site-packages/airflow/example_dags/tutorial_dag.py
[2025-01-20T19:21:35.767+0000] {processor.py:914} INFO - Processing file /home/airflow/.local/lib/python3.12/site-packages/airflow/example_dags/tutorial_dag.py for tasks to queue
[2025-01-20T19:21:35.769+0000] {logging_mixin.py:190} INFO - [2025-01-20T19:21:35.769+0000] {dagbag.py:588} INFO - Filling up the DagBag from /home/airflow/.local/lib/python3.12/site-packages/airflow/example_dags/tutorial_dag.py
[2025-01-20T19:21:35.775+0000] {processor.py:925} INFO - DAG(s) 'tutorial_dag' retrieved from /home/airflow/.local/lib/python3.12/site-packages/airflow/example_dags/tutorial_dag.py
[2025-01-20T19:21:35.791+0000] {logging_mixin.py:190} INFO - [2025-01-20T19:21:35.791+0000] {dag.py:3239} INFO - Sync 1 DAGs
[2025-01-20T19:21:35.806+0000] {logging_mixin.py:190} INFO - [2025-01-20T19:21:35.805+0000] {dag.py:4180} INFO - Setting next_dagrun for tutorial_dag to None, run_after=None
[2025-01-20T19:21:35.821+0000] {processor.py:208} INFO - Processing /home/airflow/.local/lib/python3.12/site-packages/airflow/example_dags/tutorial_dag.py took 0.059 seconds
[2025-01-20T19:22:07.009+0000] {processor.py:186} INFO - Started process (PID=1349) to work on /home/airflow/.local/lib/python3.12/site-packages/airflow/example_dags/tutorial_dag.py
[2025-01-20T19:22:07.010+0000] {processor.py:914} INFO - Processing file /home/airflow/.local/lib/python3.12/site-packages/airflow/example_dags/tutorial_dag.py for tasks to queue
[2025-01-20T19:22:07.012+0000] {logging_mixin.py:190} INFO - [2025-01-20T19:22:07.012+0000] {dagbag.py:588} INFO - Filling up the DagBag from /home/airflow/.local/lib/python3.12/site-packages/airflow/example_dags/tutorial_dag.py
[2025-01-20T19:22:07.020+0000] {processor.py:925} INFO - DAG(s) 'tutorial_dag' retrieved from /home/airflow/.local/lib/python3.12/site-packages/airflow/example_dags/tutorial_dag.py
[2025-01-20T19:22:07.041+0000] {logging_mixin.py:190} INFO - [2025-01-20T19:22:07.041+0000] {dag.py:3239} INFO - Sync 1 DAGs
[2025-01-20T19:22:07.058+0000] {logging_mixin.py:190} INFO - [2025-01-20T19:22:07.058+0000] {dag.py:4180} INFO - Setting next_dagrun for tutorial_dag to None, run_after=None
[2025-01-20T19:22:07.079+0000] {processor.py:208} INFO - Processing /home/airflow/.local/lib/python3.12/site-packages/airflow/example_dags/tutorial_dag.py took 0.075 seconds
[2025-01-20T19:22:38.163+0000] {processor.py:186} INFO - Started process (PID=1412) to work on /home/airflow/.local/lib/python3.12/site-packages/airflow/example_dags/tutorial_dag.py
[2025-01-20T19:22:38.163+0000] {processor.py:914} INFO - Processing file /home/airflow/.local/lib/python3.12/site-packages/airflow/example_dags/tutorial_dag.py for tasks to queue
[2025-01-20T19:22:38.165+0000] {logging_mixin.py:190} INFO - [2025-01-20T19:22:38.165+0000] {dagbag.py:588} INFO - Filling up the DagBag from /home/airflow/.local/lib/python3.12/site-packages/airflow/example_dags/tutorial_dag.py
[2025-01-20T19:22:38.171+0000] {processor.py:925} INFO - DAG(s) 'tutorial_dag' retrieved from /home/airflow/.local/lib/python3.12/site-packages/airflow/example_dags/tutorial_dag.py
[2025-01-20T19:22:38.184+0000] {logging_mixin.py:190} INFO - [2025-01-20T19:22:38.184+0000] {dag.py:3239} INFO - Sync 1 DAGs
[2025-01-20T19:22:38.194+0000] {logging_mixin.py:190} INFO - [2025-01-20T19:22:38.194+0000] {dag.py:4180} INFO - Setting next_dagrun for tutorial_dag to None, run_after=None
[2025-01-20T19:22:38.208+0000] {processor.py:208} INFO - Processing /home/airflow/.local/lib/python3.12/site-packages/airflow/example_dags/tutorial_dag.py took 0.049 seconds
[2025-01-20T19:23:09.302+0000] {processor.py:186} INFO - Started process (PID=1475) to work on /home/airflow/.local/lib/python3.12/site-packages/airflow/example_dags/tutorial_dag.py
[2025-01-20T19:23:09.303+0000] {processor.py:914} INFO - Processing file /home/airflow/.local/lib/python3.12/site-packages/airflow/example_dags/tutorial_dag.py for tasks to queue
[2025-01-20T19:23:09.304+0000] {logging_mixin.py:190} INFO - [2025-01-20T19:23:09.304+0000] {dagbag.py:588} INFO - Filling up the DagBag from /home/airflow/.local/lib/python3.12/site-packages/airflow/example_dags/tutorial_dag.py
[2025-01-20T19:23:09.310+0000] {processor.py:925} INFO - DAG(s) 'tutorial_dag' retrieved from /home/airflow/.local/lib/python3.12/site-packages/airflow/example_dags/tutorial_dag.py
[2025-01-20T19:23:09.323+0000] {logging_mixin.py:190} INFO - [2025-01-20T19:23:09.323+0000] {dag.py:3239} INFO - Sync 1 DAGs
[2025-01-20T19:23:09.334+0000] {logging_mixin.py:190} INFO - [2025-01-20T19:23:09.333+0000] {dag.py:4180} INFO - Setting next_dagrun for tutorial_dag to None, run_after=None
[2025-01-20T19:23:09.347+0000] {processor.py:208} INFO - Processing /home/airflow/.local/lib/python3.12/site-packages/airflow/example_dags/tutorial_dag.py took 0.050 seconds
